=== STDOUT ===
[CLIENT] Starting transfer: server=10.153.27.102:7735, file=demo_input.bin, N=8, MSS=500, total_segments=2401
[CLIENT] Sent data seq=0
[CLIENT] Sent data seq=1
[CLIENT] Sent data seq=2
[CLIENT] Sent data seq=3
[CLIENT] Sent data seq=4
[CLIENT] Received ACK seq=0
[CLIENT] Received ACK seq=1
[CLIENT] Received ACK seq=2
[CLIENT] Received ACK seq=3
[CLIENT] Received ACK seq=4
Timeout, sequence number = 36
Timeout, sequence number = 45
Timeout, sequence number = 51
Timeout, sequence number = 53
Timeout, sequence number = 56
Timeout, sequence number = 76
[CLIENT] Sent data seq=100
[CLIENT] Received ACK seq=100
Timeout, sequence number = 133
Timeout, sequence number = 137
Timeout, sequence number = 166
Timeout, sequence number = 187
[CLIENT] Sent data seq=200
[CLIENT] Received ACK seq=200
Timeout, sequence number = 206
Timeout, sequence number = 215
Timeout, sequence number = 217
Timeout, sequence number = 239
[CLIENT] Sent data seq=300
[CLIENT] Received ACK seq=300
Timeout, sequence number = 327
Timeout, sequence number = 337
Timeout, sequence number = 379
[CLIENT] Sent data seq=400
Timeout, sequence number = 398
[CLIENT] Received ACK seq=400
Timeout, sequence number = 404
Timeout, sequence number = 421
Timeout, sequence number = 426
Timeout, sequence number = 443
Timeout, sequence number = 449
Timeout, sequence number = 457
Timeout, sequence number = 483
[CLIENT] Sent data seq=500
[CLIENT] Received ACK seq=500
Timeout, sequence number = 502
Timeout, sequence number = 503
Timeout, sequence number = 515
Timeout, sequence number = 536
Timeout, sequence number = 537
Timeout, sequence number = 549
Timeout, sequence number = 555
Timeout, sequence number = 572
Timeout, sequence number = 573
Timeout, sequence number = 584
[CLIENT] Sent data seq=600
[CLIENT] Received ACK seq=600
Timeout, sequence number = 602
Timeout, sequence number = 602
Timeout, sequence number = 632
Timeout, sequence number = 644
Timeout, sequence number = 656
[CLIENT] Sent data seq=700
[CLIENT] Received ACK seq=700
Timeout, sequence number = 705
Timeout, sequence number = 730
Timeout, sequence number = 732
Timeout, sequence number = 732
Timeout, sequence number = 734
Timeout, sequence number = 745
Timeout, sequence number = 747
Timeout, sequence number = 766
[CLIENT] Sent data seq=800
Timeout, sequence number = 798
[CLIENT] Received ACK seq=800
Timeout, sequence number = 809
Timeout, sequence number = 832
Timeout, sequence number = 843
[CLIENT] Sent data seq=900
Timeout, sequence number = 897
[CLIENT] Received ACK seq=900
Timeout, sequence number = 969
[CLIENT] Sent data seq=1000
Timeout, sequence number = 1000
[CLIENT] Received ACK seq=1000
Timeout, sequence number = 1009
Timeout, sequence number = 1025
Timeout, sequence number = 1027
Timeout, sequence number = 1028
Timeout, sequence number = 1041
Timeout, sequence number = 1059
Timeout, sequence number = 1092
[CLIENT] Sent data seq=1100
Timeout, sequence number = 1093
[CLIENT] Received ACK seq=1100
Timeout, sequence number = 1153
Timeout, sequence number = 1169
Timeout, sequence number = 1170
Timeout, sequence number = 1171
Timeout, sequence number = 1179
[CLIENT] Sent data seq=1200
Timeout, sequence number = 1193
Timeout, sequence number = 1195
[CLIENT] Received ACK seq=1200
Timeout, sequence number = 1212
Timeout, sequence number = 1222
Timeout, sequence number = 1226
Timeout, sequence number = 1273
Timeout, sequence number = 1290
[CLIENT] Sent data seq=1300
Timeout, sequence number = 1294
[CLIENT] Received ACK seq=1300
Timeout, sequence number = 1344
Timeout, sequence number = 1345
Timeout, sequence number = 1358
Timeout, sequence number = 1359
Timeout, sequence number = 1371
[CLIENT] Sent data seq=1400
Timeout, sequence number = 1399
[CLIENT] Received ACK seq=1400
Timeout, sequence number = 1410
Timeout, sequence number = 1412
Timeout, sequence number = 1479
[CLIENT] Sent data seq=1500
[CLIENT] Received ACK seq=1500
Timeout, sequence number = 1507
Timeout, sequence number = 1521
Timeout, sequence number = 1557
Timeout, sequence number = 1568
[CLIENT] Sent data seq=1600
[CLIENT] Received ACK seq=1600
Timeout, sequence number = 1614
Timeout, sequence number = 1625
Timeout, sequence number = 1661
Timeout, sequence number = 1684
Timeout, sequence number = 1686
[CLIENT] Sent data seq=1700
[CLIENT] Received ACK seq=1700
Timeout, sequence number = 1704
Timeout, sequence number = 1704
Timeout, sequence number = 1709
Timeout, sequence number = 1754
Timeout, sequence number = 1767
Timeout, sequence number = 1774
[CLIENT] Sent data seq=1800
[CLIENT] Received ACK seq=1800
[CLIENT] Sent data seq=1900
Timeout, sequence number = 1897
[CLIENT] Received ACK seq=1900
Timeout, sequence number = 1919
Timeout, sequence number = 1945
Timeout, sequence number = 1947
Timeout, sequence number = 1956
Timeout, sequence number = 1958
Timeout, sequence number = 1960
Timeout, sequence number = 1967
Timeout, sequence number = 1970
Timeout, sequence number = 1970
Timeout, sequence number = 1978
[CLIENT] Sent data seq=2000
[CLIENT] Received ACK seq=2000
Timeout, sequence number = 2005
Timeout, sequence number = 2019
Timeout, sequence number = 2046
Timeout, sequence number = 2054
Timeout, sequence number = 2078
Timeout, sequence number = 2081
[CLIENT] Sent data seq=2100
[CLIENT] Received ACK seq=2100
Timeout, sequence number = 2155
Timeout, sequence number = 2155
Timeout, sequence number = 2157
Timeout, sequence number = 2166
[CLIENT] Sent data seq=2200
Timeout, sequence number = 2193
Timeout, sequence number = 2194
[CLIENT] Received ACK seq=2200
Timeout, sequence number = 2215
Timeout, sequence number = 2219
Timeout, sequence number = 2246
Timeout, sequence number = 2273
Timeout, sequence number = 2285
Timeout, sequence number = 2289
Timeout, sequence number = 2289
[CLIENT] Sent data seq=2300
[CLIENT] Received ACK seq=2300
Timeout, sequence number = 2305
Timeout, sequence number = 2359
Timeout, sequence number = 2378
Timeout, sequence number = 2383
Timeout, sequence number = 2391
[CLIENT] Sent data seq=2400
[CLIENT] Received ACK seq=2400
[CLIENT] Summary: sent_packets=2401, ack_packets=2401, retransmitted_packets=1080, timeout_events=135
Transfer complete. Delay = 73.023523 seconds

=== STDERR ===
