=== STDOUT ===
[CLIENT] Starting transfer: server=10.153.27.102:7735, file=demo_input.bin, N=8, MSS=500, total_segments=2401
[CLIENT] Sent data seq=0
[CLIENT] Sent data seq=1
[CLIENT] Sent data seq=2
[CLIENT] Sent data seq=3
[CLIENT] Sent data seq=4
[CLIENT] Received ACK seq=0
[CLIENT] Received ACK seq=1
[CLIENT] Received ACK seq=2
[CLIENT] Received ACK seq=3
[CLIENT] Received ACK seq=4
Timeout, sequence number = 18
Timeout, sequence number = 64
Timeout, sequence number = 69
[CLIENT] Sent data seq=100
[CLIENT] Received ACK seq=100
Timeout, sequence number = 101
Timeout, sequence number = 135
Timeout, sequence number = 136
Timeout, sequence number = 139
Timeout, sequence number = 159
Timeout, sequence number = 164
Timeout, sequence number = 187
[CLIENT] Sent data seq=200
Timeout, sequence number = 194
Timeout, sequence number = 194
[CLIENT] Received ACK seq=200
Timeout, sequence number = 268
Timeout, sequence number = 272
[CLIENT] Sent data seq=300
[CLIENT] Received ACK seq=300
Timeout, sequence number = 301
Timeout, sequence number = 340
Timeout, sequence number = 345
Timeout, sequence number = 377
Timeout, sequence number = 382
[CLIENT] Sent data seq=400
[CLIENT] Received ACK seq=400
Timeout, sequence number = 419
Timeout, sequence number = 419
Timeout, sequence number = 430
[CLIENT] Sent data seq=500
Timeout, sequence number = 495
[CLIENT] Received ACK seq=500
Timeout, sequence number = 510
Timeout, sequence number = 548
Timeout, sequence number = 551
Timeout, sequence number = 559
Timeout, sequence number = 577
Timeout, sequence number = 589
[CLIENT] Sent data seq=600
[CLIENT] Received ACK seq=600
Timeout, sequence number = 604
Timeout, sequence number = 610
Timeout, sequence number = 639
Timeout, sequence number = 646
Timeout, sequence number = 653
Timeout, sequence number = 682
Timeout, sequence number = 682
Timeout, sequence number = 690
[CLIENT] Sent data seq=700
[CLIENT] Received ACK seq=700
Timeout, sequence number = 711
Timeout, sequence number = 723
Timeout, sequence number = 751
Timeout, sequence number = 757
Timeout, sequence number = 771
[CLIENT] Sent data seq=800
[CLIENT] Received ACK seq=800
Timeout, sequence number = 806
Timeout, sequence number = 811
Timeout, sequence number = 835
Timeout, sequence number = 838
Timeout, sequence number = 848
Timeout, sequence number = 885
[CLIENT] Sent data seq=900
Timeout, sequence number = 899
[CLIENT] Received ACK seq=900
Timeout, sequence number = 920
Timeout, sequence number = 945
Timeout, sequence number = 969
[CLIENT] Sent data seq=1000
[CLIENT] Received ACK seq=1000
Timeout, sequence number = 1007
Timeout, sequence number = 1016
Timeout, sequence number = 1056
Timeout, sequence number = 1056
[CLIENT] Sent data seq=1100
Timeout, sequence number = 1096
Timeout, sequence number = 1099
[CLIENT] Received ACK seq=1100
Timeout, sequence number = 1104
Timeout, sequence number = 1118
Timeout, sequence number = 1158
Timeout, sequence number = 1166
Timeout, sequence number = 1167
[CLIENT] Sent data seq=1200
[CLIENT] Received ACK seq=1200
Timeout, sequence number = 1216
Timeout, sequence number = 1249
Timeout, sequence number = 1249
[CLIENT] Sent data seq=1300
[CLIENT] Received ACK seq=1300
Timeout, sequence number = 1308
Timeout, sequence number = 1312
Timeout, sequence number = 1312
Timeout, sequence number = 1316
Timeout, sequence number = 1347
Timeout, sequence number = 1357
Timeout, sequence number = 1361
Timeout, sequence number = 1369
Timeout, sequence number = 1388
[CLIENT] Sent data seq=1400
[CLIENT] Received ACK seq=1400
Timeout, sequence number = 1409
Timeout, sequence number = 1427
Timeout, sequence number = 1433
Timeout, sequence number = 1450
Timeout, sequence number = 1480
Timeout, sequence number = 1485
[CLIENT] Sent data seq=1500
[CLIENT] Received ACK seq=1500
Timeout, sequence number = 1541
Timeout, sequence number = 1541
Timeout, sequence number = 1541
Timeout, sequence number = 1565
[CLIENT] Sent data seq=1600
[CLIENT] Received ACK seq=1600
Timeout, sequence number = 1614
Timeout, sequence number = 1634
Timeout, sequence number = 1635
Timeout, sequence number = 1658
Timeout, sequence number = 1662
Timeout, sequence number = 1669
Timeout, sequence number = 1683
[CLIENT] Sent data seq=1700
[CLIENT] Received ACK seq=1700
Timeout, sequence number = 1711
Timeout, sequence number = 1711
Timeout, sequence number = 1714
Timeout, sequence number = 1722
Timeout, sequence number = 1724
Timeout, sequence number = 1737
Timeout, sequence number = 1787
[CLIENT] Sent data seq=1800
Timeout, sequence number = 1798
[CLIENT] Received ACK seq=1800
Timeout, sequence number = 1804
Timeout, sequence number = 1818
Timeout, sequence number = 1818
Timeout, sequence number = 1840
Timeout, sequence number = 1879
Timeout, sequence number = 1887
[CLIENT] Sent data seq=1900
[CLIENT] Received ACK seq=1900
Timeout, sequence number = 1936
Timeout, sequence number = 1966
Timeout, sequence number = 1980
Timeout, sequence number = 1991
[CLIENT] Sent data seq=2000
Timeout, sequence number = 1993
[CLIENT] Received ACK seq=2000
Timeout, sequence number = 2002
Timeout, sequence number = 2029
Timeout, sequence number = 2033
Timeout, sequence number = 2040
Timeout, sequence number = 2043
[CLIENT] Sent data seq=2100
Timeout, sequence number = 2096
[CLIENT] Received ACK seq=2100
Timeout, sequence number = 2102
Timeout, sequence number = 2114
Timeout, sequence number = 2116
Timeout, sequence number = 2122
Timeout, sequence number = 2138
Timeout, sequence number = 2149
Timeout, sequence number = 2153
Timeout, sequence number = 2163
[CLIENT] Sent data seq=2200
[CLIENT] Received ACK seq=2200
Timeout, sequence number = 2231
Timeout, sequence number = 2243
[CLIENT] Sent data seq=2300
Timeout, sequence number = 2296
[CLIENT] Received ACK seq=2300
Timeout, sequence number = 2304
Timeout, sequence number = 2319
Timeout, sequence number = 2331
Timeout, sequence number = 2367
Timeout, sequence number = 2369
Timeout, sequence number = 2372
Timeout, sequence number = 2383
[CLIENT] Sent data seq=2400
[CLIENT] Received ACK seq=2400
[CLIENT] Summary: sent_packets=2401, ack_packets=2401, retransmitted_packets=1080, timeout_events=135
Transfer complete. Delay = 73.063870 seconds

=== STDERR ===
