=== STDOUT ===
[CLIENT] Starting transfer: server=10.153.27.102:7735, file=demo_input.bin, N=8, MSS=500, total_segments=2401
[CLIENT] Sent data seq=0
[CLIENT] Sent data seq=1
[CLIENT] Sent data seq=2
[CLIENT] Sent data seq=3
[CLIENT] Sent data seq=4
[CLIENT] Received ACK seq=0
[CLIENT] Received ACK seq=1
[CLIENT] Received ACK seq=2
Timeout, sequence number = 3
[CLIENT] Received ACK seq=3
[CLIENT] Received ACK seq=4
Timeout, sequence number = 47
Timeout, sequence number = 55
Timeout, sequence number = 60
Timeout, sequence number = 60
[CLIENT] Sent data seq=100
Timeout, sequence number = 97
[CLIENT] Received ACK seq=100
Timeout, sequence number = 130
Timeout, sequence number = 155
Timeout, sequence number = 180
Timeout, sequence number = 191
[CLIENT] Sent data seq=200
[CLIENT] Received ACK seq=200
Timeout, sequence number = 226
Timeout, sequence number = 227
Timeout, sequence number = 275
[CLIENT] Sent data seq=300
[CLIENT] Received ACK seq=300
Timeout, sequence number = 301
Timeout, sequence number = 359
[CLIENT] Sent data seq=400
[CLIENT] Received ACK seq=400
Timeout, sequence number = 410
Timeout, sequence number = 421
Timeout, sequence number = 436
Timeout, sequence number = 442
Timeout, sequence number = 442
Timeout, sequence number = 450
Timeout, sequence number = 453
Timeout, sequence number = 478
[CLIENT] Sent data seq=500
[CLIENT] Received ACK seq=500
Timeout, sequence number = 517
Timeout, sequence number = 530
Timeout, sequence number = 551
[CLIENT] Sent data seq=600
[CLIENT] Received ACK seq=600
Timeout, sequence number = 631
Timeout, sequence number = 645
Timeout, sequence number = 658
Timeout, sequence number = 663
Timeout, sequence number = 673
Timeout, sequence number = 683
[CLIENT] Sent data seq=700
Timeout, sequence number = 698
[CLIENT] Received ACK seq=700
Timeout, sequence number = 786
[CLIENT] Sent data seq=800
[CLIENT] Received ACK seq=800
Timeout, sequence number = 853
Timeout, sequence number = 878
Timeout, sequence number = 882
Timeout, sequence number = 884
[CLIENT] Sent data seq=900
Timeout, sequence number = 899
[CLIENT] Received ACK seq=900
Timeout, sequence number = 909
Timeout, sequence number = 936
Timeout, sequence number = 955
Timeout, sequence number = 956
Timeout, sequence number = 979
Timeout, sequence number = 989
[CLIENT] Sent data seq=1000
Timeout, sequence number = 998
Timeout, sequence number = 999
[CLIENT] Received ACK seq=1000
Timeout, sequence number = 1009
Timeout, sequence number = 1013
Timeout, sequence number = 1023
Timeout, sequence number = 1051
[CLIENT] Sent data seq=1100
[CLIENT] Received ACK seq=1100
Timeout, sequence number = 1112
Timeout, sequence number = 1150
Timeout, sequence number = 1155
Timeout, sequence number = 1159
Timeout, sequence number = 1163
Timeout, sequence number = 1178
[CLIENT] Sent data seq=1200
Timeout, sequence number = 1194
[CLIENT] Received ACK seq=1200
Timeout, sequence number = 1210
Timeout, sequence number = 1213
Timeout, sequence number = 1227
Timeout, sequence number = 1253
Timeout, sequence number = 1264
[CLIENT] Sent data seq=1300
[CLIENT] Received ACK seq=1300
Timeout, sequence number = 1305
[CLIENT] Sent data seq=1400
Timeout, sequence number = 1397
Timeout, sequence number = 1398
[CLIENT] Received ACK seq=1400
Timeout, sequence number = 1421
Timeout, sequence number = 1447
Timeout, sequence number = 1454
Timeout, sequence number = 1460
[CLIENT] Sent data seq=1500
[CLIENT] Received ACK seq=1500
Timeout, sequence number = 1514
Timeout, sequence number = 1514
Timeout, sequence number = 1528
Timeout, sequence number = 1566
Timeout, sequence number = 1579
[CLIENT] Sent data seq=1600
[CLIENT] Received ACK seq=1600
Timeout, sequence number = 1606
Timeout, sequence number = 1610
Timeout, sequence number = 1610
Timeout, sequence number = 1638
Timeout, sequence number = 1642
Timeout, sequence number = 1647
Timeout, sequence number = 1663
[CLIENT] Sent data seq=1700
[CLIENT] Received ACK seq=1700
Timeout, sequence number = 1725
Timeout, sequence number = 1730
Timeout, sequence number = 1739
Timeout, sequence number = 1751
Timeout, sequence number = 1769
Timeout, sequence number = 1791
[CLIENT] Sent data seq=1800
[CLIENT] Received ACK seq=1800
Timeout, sequence number = 1817
Timeout, sequence number = 1888
[CLIENT] Sent data seq=1900
Timeout, sequence number = 1899
Timeout, sequence number = 1900
[CLIENT] Received ACK seq=1900
Timeout, sequence number = 1925
Timeout, sequence number = 1952
Timeout, sequence number = 1958
Timeout, sequence number = 1972
[CLIENT] Sent data seq=2000
[CLIENT] Received ACK seq=2000
Timeout, sequence number = 2051
Timeout, sequence number = 2062
Timeout, sequence number = 2085
[CLIENT] Sent data seq=2100
[CLIENT] Received ACK seq=2100
Timeout, sequence number = 2124
Timeout, sequence number = 2187
Timeout, sequence number = 2188
[CLIENT] Sent data seq=2200
Timeout, sequence number = 2195
[CLIENT] Received ACK seq=2200
Timeout, sequence number = 2214
Timeout, sequence number = 2216
Timeout, sequence number = 2233
Timeout, sequence number = 2236
Timeout, sequence number = 2240
Timeout, sequence number = 2248
Timeout, sequence number = 2292
[CLIENT] Sent data seq=2300
[CLIENT] Received ACK seq=2300
Timeout, sequence number = 2302
Timeout, sequence number = 2303
Timeout, sequence number = 2303
Timeout, sequence number = 2328
Timeout, sequence number = 2352
Timeout, sequence number = 2356
Timeout, sequence number = 2381
[CLIENT] Sent data seq=2400
Timeout, sequence number = 2394
Timeout, sequence number = 2396
Timeout, sequence number = 2397
[CLIENT] Received ACK seq=2400
[CLIENT] Summary: sent_packets=2401, ack_packets=2401, retransmitted_packets=952, timeout_events=120
Transfer complete. Delay = 65.673705 seconds

=== STDERR ===
