=== STDOUT ===
[CLIENT] Starting transfer: server=10.153.27.102:7735, file=demo_input.bin, N=128, MSS=500, total_segments=2401
[CLIENT] Sent data seq=0
[CLIENT] Sent data seq=1
[CLIENT] Sent data seq=2
[CLIENT] Sent data seq=3
[CLIENT] Sent data seq=4
[CLIENT] Sent data seq=100
[CLIENT] Received ACK seq=0
[CLIENT] Received ACK seq=1
[CLIENT] Received ACK seq=2
[CLIENT] Received ACK seq=3
[CLIENT] Received ACK seq=4
Timeout, sequence number = 13
Timeout, sequence number = 17
Timeout, sequence number = 32
Timeout, sequence number = 52
Timeout, sequence number = 55
[CLIENT] Sent data seq=200
Timeout, sequence number = 83
Timeout, sequence number = 91
Timeout, sequence number = 93
[CLIENT] Received ACK seq=100
Timeout, sequence number = 112
[CLIENT] Sent data seq=300
[CLIENT] Received ACK seq=200
Timeout, sequence number = 213
Timeout, sequence number = 235
Timeout, sequence number = 244
[CLIENT] Sent data seq=400
[CLIENT] Received ACK seq=300
Timeout, sequence number = 305
Timeout, sequence number = 305
Timeout, sequence number = 333
Timeout, sequence number = 336
Timeout, sequence number = 338
Timeout, sequence number = 346
[CLIENT] Sent data seq=500
Timeout, sequence number = 373
Timeout, sequence number = 394
[CLIENT] Received ACK seq=400
Timeout, sequence number = 406
Timeout, sequence number = 415
Timeout, sequence number = 416
Timeout, sequence number = 425
Timeout, sequence number = 438
Timeout, sequence number = 439
Timeout, sequence number = 448
Timeout, sequence number = 449
Timeout, sequence number = 458
[CLIENT] Sent data seq=600
Timeout, sequence number = 478
[CLIENT] Received ACK seq=500
Timeout, sequence number = 522
Timeout, sequence number = 551
Timeout, sequence number = 566
[CLIENT] Sent data seq=700
Timeout, sequence number = 575
Timeout, sequence number = 593
[CLIENT] Received ACK seq=600
Timeout, sequence number = 622
Timeout, sequence number = 623
Timeout, sequence number = 646
Timeout, sequence number = 651
Timeout, sequence number = 670
[CLIENT] Sent data seq=800
Timeout, sequence number = 674
Timeout, sequence number = 675
Timeout, sequence number = 685
[CLIENT] Received ACK seq=700
Timeout, sequence number = 744
Timeout, sequence number = 764
Timeout, sequence number = 769
[CLIENT] Sent data seq=900
Timeout, sequence number = 780
Timeout, sequence number = 784
Timeout, sequence number = 786
Timeout, sequence number = 789
[CLIENT] Received ACK seq=800
Timeout, sequence number = 802
Timeout, sequence number = 818
Timeout, sequence number = 820
Timeout, sequence number = 821
Timeout, sequence number = 823
Timeout, sequence number = 825
[CLIENT] Sent data seq=1000
Timeout, sequence number = 885
Timeout, sequence number = 889
[CLIENT] Received ACK seq=900
Timeout, sequence number = 906
Timeout, sequence number = 926
Timeout, sequence number = 960
[CLIENT] Sent data seq=1100
Timeout, sequence number = 979
[CLIENT] Received ACK seq=1000
Timeout, sequence number = 1033
Timeout, sequence number = 1041
[CLIENT] Sent data seq=1200
Timeout, sequence number = 1078
[CLIENT] Received ACK seq=1100
Timeout, sequence number = 1126
Timeout, sequence number = 1150
Timeout, sequence number = 1153
Timeout, sequence number = 1171
[CLIENT] Sent data seq=1300
Timeout, sequence number = 1173
Timeout, sequence number = 1173
[CLIENT] Received ACK seq=1200
Timeout, sequence number = 1214
Timeout, sequence number = 1214
Timeout, sequence number = 1227
Timeout, sequence number = 1246
[CLIENT] Sent data seq=1400
Timeout, sequence number = 1275
[CLIENT] Received ACK seq=1300
[CLIENT] Sent data seq=1500
Timeout, sequence number = 1383
[CLIENT] Received ACK seq=1400
Timeout, sequence number = 1403
Timeout, sequence number = 1406
Timeout, sequence number = 1407
Timeout, sequence number = 1413
Timeout, sequence number = 1432
Timeout, sequence number = 1445
Timeout, sequence number = 1447
Timeout, sequence number = 1447
Timeout, sequence number = 1459
Timeout, sequence number = 1465
Timeout, sequence number = 1472
[CLIENT] Sent data seq=1600
Timeout, sequence number = 1480
Timeout, sequence number = 1486
Timeout, sequence number = 1490
[CLIENT] Received ACK seq=1500
Timeout, sequence number = 1502
Timeout, sequence number = 1502
Timeout, sequence number = 1572
Timeout, sequence number = 1572
[CLIENT] Sent data seq=1700
Timeout, sequence number = 1594
[CLIENT] Received ACK seq=1600
Timeout, sequence number = 1619
Timeout, sequence number = 1625
Timeout, sequence number = 1651
[CLIENT] Sent data seq=1800
Timeout, sequence number = 1680
Timeout, sequence number = 1688
Timeout, sequence number = 1694
Timeout, sequence number = 1699
Timeout, sequence number = 1700
[CLIENT] Received ACK seq=1700
Timeout, sequence number = 1715
Timeout, sequence number = 1717
Timeout, sequence number = 1728
Timeout, sequence number = 1754
[CLIENT] Sent data seq=1900
Timeout, sequence number = 1774
Timeout, sequence number = 1780
[CLIENT] Received ACK seq=1800
Timeout, sequence number = 1830
[CLIENT] Sent data seq=2000
[CLIENT] Received ACK seq=1900
Timeout, sequence number = 1908
Timeout, sequence number = 1912
Timeout, sequence number = 1936
Timeout, sequence number = 1939
[CLIENT] Sent data seq=2100
Timeout, sequence number = 1976
Timeout, sequence number = 1984
[CLIENT] Received ACK seq=2000
[CLIENT] Sent data seq=2200
Timeout, sequence number = 2081
[CLIENT] Received ACK seq=2100
Timeout, sequence number = 2107
Timeout, sequence number = 2107
Timeout, sequence number = 2169
Timeout, sequence number = 2171
[CLIENT] Sent data seq=2300
[CLIENT] Received ACK seq=2200
Timeout, sequence number = 2208
Timeout, sequence number = 2235
[CLIENT] Sent data seq=2400
Timeout, sequence number = 2275
[CLIENT] Received ACK seq=2300
Timeout, sequence number = 2314
Timeout, sequence number = 2356
Timeout, sequence number = 2389
[CLIENT] Received ACK seq=2400
[CLIENT] Summary: sent_packets=2401, ack_packets=2401, retransmitted_packets=16142, timeout_events=128
Transfer complete. Delay = 74.101107 seconds

=== STDERR ===
