=== STDOUT ===
[CLIENT] Starting transfer: server=10.153.27.102:7735, file=demo_input.bin, N=1, MSS=500, total_segments=2401
[CLIENT] Sent data seq=0
[CLIENT] Received ACK seq=0
[CLIENT] Sent data seq=1
[CLIENT] Received ACK seq=1
[CLIENT] Sent data seq=2
[CLIENT] Received ACK seq=2
[CLIENT] Sent data seq=3
[CLIENT] Received ACK seq=3
[CLIENT] Sent data seq=4
[CLIENT] Received ACK seq=4
Timeout, sequence number = 11
Timeout, sequence number = 17
Timeout, sequence number = 38
Timeout, sequence number = 68
Timeout, sequence number = 76
Timeout, sequence number = 85
[CLIENT] Sent data seq=100
Timeout, sequence number = 100
[CLIENT] Received ACK seq=100
Timeout, sequence number = 101
Timeout, sequence number = 116
Timeout, sequence number = 119
Timeout, sequence number = 121
Timeout, sequence number = 169
Timeout, sequence number = 191
Timeout, sequence number = 193
[CLIENT] Sent data seq=200
Timeout, sequence number = 200
[CLIENT] Received ACK seq=200
Timeout, sequence number = 209
Timeout, sequence number = 216
Timeout, sequence number = 265
Timeout, sequence number = 265
Timeout, sequence number = 274
Timeout, sequence number = 279
Timeout, sequence number = 279
[CLIENT] Sent data seq=300
[CLIENT] Received ACK seq=300
Timeout, sequence number = 303
Timeout, sequence number = 375
[CLIENT] Sent data seq=400
[CLIENT] Received ACK seq=400
Timeout, sequence number = 432
Timeout, sequence number = 448
Timeout, sequence number = 453
Timeout, sequence number = 495
[CLIENT] Sent data seq=500
Timeout, sequence number = 500
[CLIENT] Received ACK seq=500
Timeout, sequence number = 503
Timeout, sequence number = 508
Timeout, sequence number = 554
Timeout, sequence number = 561
Timeout, sequence number = 577
Timeout, sequence number = 590
Timeout, sequence number = 595
[CLIENT] Sent data seq=600
[CLIENT] Received ACK seq=600
Timeout, sequence number = 602
Timeout, sequence number = 651
Timeout, sequence number = 652
Timeout, sequence number = 652
Timeout, sequence number = 674
Timeout, sequence number = 680
Timeout, sequence number = 684
Timeout, sequence number = 684
Timeout, sequence number = 697
[CLIENT] Sent data seq=700
[CLIENT] Received ACK seq=700
Timeout, sequence number = 705
Timeout, sequence number = 717
Timeout, sequence number = 739
Timeout, sequence number = 765
Timeout, sequence number = 776
[CLIENT] Sent data seq=800
[CLIENT] Received ACK seq=800
Timeout, sequence number = 806
Timeout, sequence number = 865
Timeout, sequence number = 885
Timeout, sequence number = 887
[CLIENT] Sent data seq=900
[CLIENT] Received ACK seq=900
Timeout, sequence number = 903
Timeout, sequence number = 926
Timeout, sequence number = 935
Timeout, sequence number = 947
Timeout, sequence number = 954
Timeout, sequence number = 966
[CLIENT] Sent data seq=1000
[CLIENT] Received ACK seq=1000
Timeout, sequence number = 1017
Timeout, sequence number = 1022
Timeout, sequence number = 1029
Timeout, sequence number = 1029
Timeout, sequence number = 1034
Timeout, sequence number = 1043
Timeout, sequence number = 1056
Timeout, sequence number = 1064
[CLIENT] Sent data seq=1100
[CLIENT] Received ACK seq=1100
Timeout, sequence number = 1117
Timeout, sequence number = 1122
Timeout, sequence number = 1134
Timeout, sequence number = 1140
Timeout, sequence number = 1194
Timeout, sequence number = 1198
[CLIENT] Sent data seq=1200
[CLIENT] Received ACK seq=1200
Timeout, sequence number = 1215
Timeout, sequence number = 1262
Timeout, sequence number = 1273
Timeout, sequence number = 1277
[CLIENT] Sent data seq=1300
[CLIENT] Received ACK seq=1300
Timeout, sequence number = 1302
Timeout, sequence number = 1335
Timeout, sequence number = 1363
Timeout, sequence number = 1370
[CLIENT] Sent data seq=1400
[CLIENT] Received ACK seq=1400
Timeout, sequence number = 1418
Timeout, sequence number = 1428
Timeout, sequence number = 1431
Timeout, sequence number = 1460
[CLIENT] Sent data seq=1500
[CLIENT] Received ACK seq=1500
Timeout, sequence number = 1526
Timeout, sequence number = 1528
Timeout, sequence number = 1532
[CLIENT] Sent data seq=1600
[CLIENT] Received ACK seq=1600
Timeout, sequence number = 1649
Timeout, sequence number = 1670
Timeout, sequence number = 1670
Timeout, sequence number = 1691
[CLIENT] Sent data seq=1700
[CLIENT] Received ACK seq=1700
Timeout, sequence number = 1704
Timeout, sequence number = 1712
Timeout, sequence number = 1729
Timeout, sequence number = 1737
Timeout, sequence number = 1754
Timeout, sequence number = 1765
Timeout, sequence number = 1793
[CLIENT] Sent data seq=1800
[CLIENT] Received ACK seq=1800
Timeout, sequence number = 1805
Timeout, sequence number = 1885
[CLIENT] Sent data seq=1900
[CLIENT] Received ACK seq=1900
Timeout, sequence number = 1902
Timeout, sequence number = 1945
Timeout, sequence number = 1965
Timeout, sequence number = 1973
[CLIENT] Sent data seq=2000
[CLIENT] Received ACK seq=2000
Timeout, sequence number = 2012
Timeout, sequence number = 2013
Timeout, sequence number = 2013
Timeout, sequence number = 2059
Timeout, sequence number = 2092
[CLIENT] Sent data seq=2100
[CLIENT] Received ACK seq=2100
Timeout, sequence number = 2102
Timeout, sequence number = 2103
Timeout, sequence number = 2113
Timeout, sequence number = 2162
Timeout, sequence number = 2178
[CLIENT] Sent data seq=2200
[CLIENT] Received ACK seq=2200
Timeout, sequence number = 2211
Timeout, sequence number = 2227
Timeout, sequence number = 2258
Timeout, sequence number = 2258
Timeout, sequence number = 2265
Timeout, sequence number = 2276
[CLIENT] Sent data seq=2300
[CLIENT] Received ACK seq=2300
Timeout, sequence number = 2321
Timeout, sequence number = 2331
Timeout, sequence number = 2334
Timeout, sequence number = 2344
Timeout, sequence number = 2344
[CLIENT] Sent data seq=2400
[CLIENT] Received ACK seq=2400
[CLIENT] Summary: sent_packets=2401, ack_packets=2401, retransmitted_packets=127, timeout_events=127
Transfer complete. Delay = 89.207773 seconds

=== STDERR ===
