=== STDOUT ===
[CLIENT] Starting transfer: server=10.153.27.102:7735, file=demo_input.bin, N=32, MSS=500, total_segments=2401
[CLIENT] Sent data seq=0
[CLIENT] Sent data seq=1
[CLIENT] Sent data seq=2
[CLIENT] Sent data seq=3
[CLIENT] Sent data seq=4
[CLIENT] Received ACK seq=0
[CLIENT] Received ACK seq=1
[CLIENT] Received ACK seq=2
[CLIENT] Received ACK seq=3
[CLIENT] Received ACK seq=4
Timeout, sequence number = 5
Timeout, sequence number = 27
Timeout, sequence number = 63
[CLIENT] Sent data seq=100
Timeout, sequence number = 74
Timeout, sequence number = 74
Timeout, sequence number = 77
[CLIENT] Received ACK seq=100
Timeout, sequence number = 145
[CLIENT] Sent data seq=200
Timeout, sequence number = 181
Timeout, sequence number = 183
Timeout, sequence number = 191
Timeout, sequence number = 194
[CLIENT] Received ACK seq=200
[CLIENT] Sent data seq=300
Timeout, sequence number = 280
Timeout, sequence number = 285
Timeout, sequence number = 300
[CLIENT] Received ACK seq=300
Timeout, sequence number = 348
[CLIENT] Sent data seq=400
Timeout, sequence number = 369
Timeout, sequence number = 370
Timeout, sequence number = 379
Timeout, sequence number = 400
[CLIENT] Received ACK seq=400
Timeout, sequence number = 401
Timeout, sequence number = 403
Timeout, sequence number = 405
Timeout, sequence number = 406
Timeout, sequence number = 409
Timeout, sequence number = 427
Timeout, sequence number = 457
Timeout, sequence number = 465
[CLIENT] Sent data seq=500
Timeout, sequence number = 471
Timeout, sequence number = 483
Timeout, sequence number = 497
Timeout, sequence number = 498
[CLIENT] Received ACK seq=500
Timeout, sequence number = 518
Timeout, sequence number = 518
Timeout, sequence number = 518
Timeout, sequence number = 519
Timeout, sequence number = 536
Timeout, sequence number = 544
Timeout, sequence number = 545
Timeout, sequence number = 550
[CLIENT] Sent data seq=600
Timeout, sequence number = 575
Timeout, sequence number = 595
[CLIENT] Received ACK seq=600
Timeout, sequence number = 609
Timeout, sequence number = 615
Timeout, sequence number = 643
Timeout, sequence number = 644
Timeout, sequence number = 661
Timeout, sequence number = 662
[CLIENT] Sent data seq=700
Timeout, sequence number = 682
Timeout, sequence number = 694
Timeout, sequence number = 698
[CLIENT] Received ACK seq=700
Timeout, sequence number = 704
Timeout, sequence number = 726
[CLIENT] Sent data seq=800
Timeout, sequence number = 769
Timeout, sequence number = 776
[CLIENT] Received ACK seq=800
Timeout, sequence number = 815
Timeout, sequence number = 856
Timeout, sequence number = 862
[CLIENT] Sent data seq=900
[CLIENT] Received ACK seq=900
Timeout, sequence number = 968
[CLIENT] Sent data seq=1000
Timeout, sequence number = 971
[CLIENT] Received ACK seq=1000
Timeout, sequence number = 1015
Timeout, sequence number = 1042
[CLIENT] Sent data seq=1100
[CLIENT] Received ACK seq=1100
Timeout, sequence number = 1143
[CLIENT] Sent data seq=1200
[CLIENT] Received ACK seq=1200
Timeout, sequence number = 1231
Timeout, sequence number = 1241
Timeout, sequence number = 1258
[CLIENT] Sent data seq=1300
Timeout, sequence number = 1280
Timeout, sequence number = 1297
[CLIENT] Received ACK seq=1300
Timeout, sequence number = 1304
Timeout, sequence number = 1308
Timeout, sequence number = 1312
Timeout, sequence number = 1312
Timeout, sequence number = 1346
[CLIENT] Sent data seq=1400
Timeout, sequence number = 1377
[CLIENT] Received ACK seq=1400
Timeout, sequence number = 1415
Timeout, sequence number = 1441
Timeout, sequence number = 1447
Timeout, sequence number = 1456
Timeout, sequence number = 1465
Timeout, sequence number = 1468
[CLIENT] Sent data seq=1500
Timeout, sequence number = 1479
Timeout, sequence number = 1500
[CLIENT] Received ACK seq=1500
Timeout, sequence number = 1533
Timeout, sequence number = 1535
Timeout, sequence number = 1536
Timeout, sequence number = 1543
Timeout, sequence number = 1556
[CLIENT] Sent data seq=1600
Timeout, sequence number = 1569
Timeout, sequence number = 1585
[CLIENT] Received ACK seq=1600
Timeout, sequence number = 1636
Timeout, sequence number = 1641
Timeout, sequence number = 1652
[CLIENT] Sent data seq=1700
Timeout, sequence number = 1684
Timeout, sequence number = 1691
Timeout, sequence number = 1691
Timeout, sequence number = 1696
Timeout, sequence number = 1697
[CLIENT] Received ACK seq=1700
Timeout, sequence number = 1713
Timeout, sequence number = 1715
Timeout, sequence number = 1765
[CLIENT] Sent data seq=1800
Timeout, sequence number = 1799
[CLIENT] Received ACK seq=1800
Timeout, sequence number = 1811
Timeout, sequence number = 1853
[CLIENT] Sent data seq=1900
Timeout, sequence number = 1875
Timeout, sequence number = 1887
Timeout, sequence number = 1895
[CLIENT] Received ACK seq=1900
Timeout, sequence number = 1909
Timeout, sequence number = 1911
Timeout, sequence number = 1913
Timeout, sequence number = 1944
Timeout, sequence number = 1948
Timeout, sequence number = 1960
[CLIENT] Sent data seq=2000
Timeout, sequence number = 1970
Timeout, sequence number = 1972
[CLIENT] Received ACK seq=2000
Timeout, sequence number = 2037
Timeout, sequence number = 2038
Timeout, sequence number = 2039
[CLIENT] Sent data seq=2100
Timeout, sequence number = 2091
Timeout, sequence number = 2099
[CLIENT] Received ACK seq=2100
Timeout, sequence number = 2106
Timeout, sequence number = 2109
Timeout, sequence number = 2163
Timeout, sequence number = 2167
[CLIENT] Sent data seq=2200
Timeout, sequence number = 2178
[CLIENT] Received ACK seq=2200
Timeout, sequence number = 2205
Timeout, sequence number = 2221
Timeout, sequence number = 2222
Timeout, sequence number = 2222
Timeout, sequence number = 2223
Timeout, sequence number = 2226
Timeout, sequence number = 2240
[CLIENT] Sent data seq=2300
Timeout, sequence number = 2296
[CLIENT] Received ACK seq=2300
Timeout, sequence number = 2315
Timeout, sequence number = 2319
Timeout, sequence number = 2344
Timeout, sequence number = 2361
Timeout, sequence number = 2364
[CLIENT] Sent data seq=2400
Timeout, sequence number = 2374
Timeout, sequence number = 2399
[CLIENT] Received ACK seq=2400
[CLIENT] Summary: sent_packets=2401, ack_packets=2401, retransmitted_packets=4381, timeout_events=138
Transfer complete. Delay = 72.428599 seconds

=== STDERR ===
