=== STDOUT ===
[CLIENT] Starting transfer: server=10.153.27.102:7735, file=demo_input.bin, N=32, MSS=500, total_segments=2401
[CLIENT] Sent data seq=0
[CLIENT] Sent data seq=1
[CLIENT] Sent data seq=2
[CLIENT] Sent data seq=3
[CLIENT] Sent data seq=4
[CLIENT] Received ACK seq=0
Timeout, sequence number = 1
[CLIENT] Received ACK seq=1
[CLIENT] Received ACK seq=2
[CLIENT] Received ACK seq=3
[CLIENT] Received ACK seq=4
Timeout, sequence number = 26
Timeout, sequence number = 29
Timeout, sequence number = 37
Timeout, sequence number = 45
Timeout, sequence number = 55
[CLIENT] Sent data seq=100
Timeout, sequence number = 77
Timeout, sequence number = 78
[CLIENT] Received ACK seq=100
Timeout, sequence number = 101
Timeout, sequence number = 103
Timeout, sequence number = 114
[CLIENT] Sent data seq=200
Timeout, sequence number = 175
Timeout, sequence number = 178
Timeout, sequence number = 182
[CLIENT] Received ACK seq=200
Timeout, sequence number = 208
Timeout, sequence number = 261
[CLIENT] Sent data seq=300
Timeout, sequence number = 269
[CLIENT] Received ACK seq=300
Timeout, sequence number = 323
Timeout, sequence number = 348
[CLIENT] Sent data seq=400
Timeout, sequence number = 382
[CLIENT] Received ACK seq=400
Timeout, sequence number = 410
[CLIENT] Sent data seq=500
Timeout, sequence number = 489
[CLIENT] Received ACK seq=500
Timeout, sequence number = 508
Timeout, sequence number = 516
Timeout, sequence number = 522
Timeout, sequence number = 523
Timeout, sequence number = 538
Timeout, sequence number = 546
Timeout, sequence number = 547
Timeout, sequence number = 554
Timeout, sequence number = 562
[CLIENT] Sent data seq=600
Timeout, sequence number = 575
Timeout, sequence number = 581
[CLIENT] Received ACK seq=600
Timeout, sequence number = 616
Timeout, sequence number = 619
Timeout, sequence number = 635
Timeout, sequence number = 650
Timeout, sequence number = 658
[CLIENT] Sent data seq=700
Timeout, sequence number = 673
Timeout, sequence number = 693
[CLIENT] Received ACK seq=700
Timeout, sequence number = 717
[CLIENT] Sent data seq=800
Timeout, sequence number = 778
Timeout, sequence number = 794
[CLIENT] Received ACK seq=800
Timeout, sequence number = 816
Timeout, sequence number = 854
Timeout, sequence number = 862
Timeout, sequence number = 866
[CLIENT] Sent data seq=900
Timeout, sequence number = 885
[CLIENT] Received ACK seq=900
[CLIENT] Sent data seq=1000
Timeout, sequence number = 976
Timeout, sequence number = 984
Timeout, sequence number = 989
[CLIENT] Received ACK seq=1000
Timeout, sequence number = 1022
Timeout, sequence number = 1029
[CLIENT] Sent data seq=1100
Timeout, sequence number = 1071
Timeout, sequence number = 1078
Timeout, sequence number = 1084
[CLIENT] Received ACK seq=1100
Timeout, sequence number = 1110
Timeout, sequence number = 1111
Timeout, sequence number = 1146
[CLIENT] Sent data seq=1200
Timeout, sequence number = 1178
[CLIENT] Received ACK seq=1200
Timeout, sequence number = 1202
Timeout, sequence number = 1215
Timeout, sequence number = 1238
Timeout, sequence number = 1252
[CLIENT] Sent data seq=1300
[CLIENT] Received ACK seq=1300
Timeout, sequence number = 1309
Timeout, sequence number = 1326
[CLIENT] Sent data seq=1400
Timeout, sequence number = 1369
Timeout, sequence number = 1370
Timeout, sequence number = 1382
[CLIENT] Received ACK seq=1400
Timeout, sequence number = 1464
[CLIENT] Sent data seq=1500
Timeout, sequence number = 1487
[CLIENT] Received ACK seq=1500
Timeout, sequence number = 1516
Timeout, sequence number = 1518
Timeout, sequence number = 1519
Timeout, sequence number = 1536
Timeout, sequence number = 1550
Timeout, sequence number = 1550
Timeout, sequence number = 1562
[CLIENT] Sent data seq=1600
[CLIENT] Received ACK seq=1600
Timeout, sequence number = 1605
Timeout, sequence number = 1639
[CLIENT] Sent data seq=1700
[CLIENT] Received ACK seq=1700
Timeout, sequence number = 1706
Timeout, sequence number = 1748
Timeout, sequence number = 1757
Timeout, sequence number = 1758
Timeout, sequence number = 1766
[CLIENT] Sent data seq=1800
Timeout, sequence number = 1779
Timeout, sequence number = 1794
[CLIENT] Received ACK seq=1800
Timeout, sequence number = 1802
Timeout, sequence number = 1817
Timeout, sequence number = 1832
Timeout, sequence number = 1835
Timeout, sequence number = 1845
[CLIENT] Sent data seq=1900
Timeout, sequence number = 1889
[CLIENT] Received ACK seq=1900
Timeout, sequence number = 1907
[CLIENT] Sent data seq=2000
Timeout, sequence number = 1997
[CLIENT] Received ACK seq=2000
Timeout, sequence number = 2032
Timeout, sequence number = 2052
Timeout, sequence number = 2064
[CLIENT] Sent data seq=2100
Timeout, sequence number = 2081
Timeout, sequence number = 2095
[CLIENT] Received ACK seq=2100
Timeout, sequence number = 2114
Timeout, sequence number = 2135
Timeout, sequence number = 2156
Timeout, sequence number = 2157
[CLIENT] Sent data seq=2200
Timeout, sequence number = 2169
Timeout, sequence number = 2192
Timeout, sequence number = 2195
[CLIENT] Received ACK seq=2200
Timeout, sequence number = 2229
Timeout, sequence number = 2245
Timeout, sequence number = 2249
Timeout, sequence number = 2257
Timeout, sequence number = 2266
Timeout, sequence number = 2267
[CLIENT] Sent data seq=2300
Timeout, sequence number = 2271
Timeout, sequence number = 2289
[CLIENT] Received ACK seq=2300
Timeout, sequence number = 2311
Timeout, sequence number = 2320
Timeout, sequence number = 2325
Timeout, sequence number = 2327
Timeout, sequence number = 2327
Timeout, sequence number = 2345
Timeout, sequence number = 2348
[CLIENT] Sent data seq=2400
Timeout, sequence number = 2375
Timeout, sequence number = 2387
Timeout, sequence number = 2395
[CLIENT] Received ACK seq=2400
[CLIENT] Summary: sent_packets=2401, ack_packets=2401, retransmitted_packets=3950, timeout_events=125
Transfer complete. Delay = 71.992596 seconds

=== STDERR ===
