=== STDOUT ===
[CLIENT] Starting transfer: server=10.153.27.102:7735, file=demo_input.bin, N=1024, MSS=500, total_segments=2401
[CLIENT] Sent data seq=0
[CLIENT] Sent data seq=1
[CLIENT] Sent data seq=2
[CLIENT] Sent data seq=3
[CLIENT] Sent data seq=4
[CLIENT] Sent data seq=100
[CLIENT] Sent data seq=200
[CLIENT] Sent data seq=300
[CLIENT] Sent data seq=400
[CLIENT] Sent data seq=500
[CLIENT] Sent data seq=600
[CLIENT] Sent data seq=700
[CLIENT] Sent data seq=800
[CLIENT] Sent data seq=900
[CLIENT] Sent data seq=1000
[CLIENT] Received ACK seq=0
[CLIENT] Received ACK seq=1
[CLIENT] Received ACK seq=2
[CLIENT] Received ACK seq=3
[CLIENT] Received ACK seq=4
Timeout, sequence number = 5
Timeout, sequence number = 15
Timeout, sequence number = 52
Timeout, sequence number = 55
Timeout, sequence number = 72
Timeout, sequence number = 72
[CLIENT] Sent data seq=1100
Timeout, sequence number = 85
Timeout, sequence number = 87
Timeout, sequence number = 95
[CLIENT] Received ACK seq=100
Timeout, sequence number = 137
Timeout, sequence number = 137
Timeout, sequence number = 147
Timeout, sequence number = 149
[CLIENT] Sent data seq=1200
Timeout, sequence number = 187
Timeout, sequence number = 188
[CLIENT] Received ACK seq=200
Timeout, sequence number = 231
[CLIENT] Sent data seq=1300
Timeout, sequence number = 297
Timeout, sequence number = 297
Timeout, sequence number = 297
[CLIENT] Received ACK seq=300
Timeout, sequence number = 338
Timeout, sequence number = 357
Timeout, sequence number = 374
[CLIENT] Sent data seq=1400
Timeout, sequence number = 378
[CLIENT] Received ACK seq=400
Timeout, sequence number = 430
Timeout, sequence number = 437
Timeout, sequence number = 454
[CLIENT] Sent data seq=1500
[CLIENT] Received ACK seq=500
Timeout, sequence number = 518
[CLIENT] Sent data seq=1600
Timeout, sequence number = 585
[CLIENT] Received ACK seq=600
Timeout, sequence number = 609
Timeout, sequence number = 613
Timeout, sequence number = 618
Timeout, sequence number = 627
Timeout, sequence number = 643
Timeout, sequence number = 659
[CLIENT] Sent data seq=1700
[CLIENT] Received ACK seq=700
[CLIENT] Sent data seq=1800
[CLIENT] Received ACK seq=800
Timeout, sequence number = 811
Timeout, sequence number = 822
Timeout, sequence number = 824
Timeout, sequence number = 827
Timeout, sequence number = 831
Timeout, sequence number = 836
Timeout, sequence number = 851
Timeout, sequence number = 861
Timeout, sequence number = 862
[CLIENT] Sent data seq=1900
Timeout, sequence number = 895
[CLIENT] Received ACK seq=900
Timeout, sequence number = 923
[CLIENT] Sent data seq=2000
[CLIENT] Received ACK seq=1000
Timeout, sequence number = 1008
Timeout, sequence number = 1010
Timeout, sequence number = 1021
Timeout, sequence number = 1035
Timeout, sequence number = 1075
Timeout, sequence number = 1075
[CLIENT] Sent data seq=2100
Timeout, sequence number = 1085
[CLIENT] Received ACK seq=1100
Timeout, sequence number = 1108
Timeout, sequence number = 1119
Timeout, sequence number = 1135
Timeout, sequence number = 1154
Timeout, sequence number = 1162
[CLIENT] Sent data seq=2200
[CLIENT] Received ACK seq=1200
Timeout, sequence number = 1215
Timeout, sequence number = 1224
Timeout, sequence number = 1232
Timeout, sequence number = 1258
[CLIENT] Sent data seq=2300
Timeout, sequence number = 1278
[CLIENT] Received ACK seq=1300
Timeout, sequence number = 1307
Timeout, sequence number = 1319
Timeout, sequence number = 1323
Timeout, sequence number = 1347
Timeout, sequence number = 1357
Timeout, sequence number = 1364
Timeout, sequence number = 1367
Timeout, sequence number = 1369
[CLIENT] Sent data seq=2400
Timeout, sequence number = 1396
[CLIENT] Received ACK seq=1400
Timeout, sequence number = 1447
Timeout, sequence number = 1469
Timeout, sequence number = 1474
[CLIENT] Received ACK seq=1500
Timeout, sequence number = 1515
Timeout, sequence number = 1536
Timeout, sequence number = 1538
Timeout, sequence number = 1546
Timeout, sequence number = 1558
[CLIENT] Received ACK seq=1600
Timeout, sequence number = 1602
Timeout, sequence number = 1608
Timeout, sequence number = 1613
Timeout, sequence number = 1613
Timeout, sequence number = 1646
Timeout, sequence number = 1687
[CLIENT] Received ACK seq=1700
Timeout, sequence number = 1721
Timeout, sequence number = 1756
Timeout, sequence number = 1777
Timeout, sequence number = 1789
[CLIENT] Received ACK seq=1800
Timeout, sequence number = 1832
Timeout, sequence number = 1874
[CLIENT] Received ACK seq=1900
Timeout, sequence number = 1906
Timeout, sequence number = 1913
Timeout, sequence number = 1923
Timeout, sequence number = 1933
Timeout, sequence number = 1995
[CLIENT] Received ACK seq=2000
Timeout, sequence number = 2008
Timeout, sequence number = 2024
Timeout, sequence number = 2055
Timeout, sequence number = 2060
Timeout, sequence number = 2062
Timeout, sequence number = 2074
Timeout, sequence number = 2086
Timeout, sequence number = 2094
Timeout, sequence number = 2094
[CLIENT] Received ACK seq=2100
Timeout, sequence number = 2120
Timeout, sequence number = 2143
Timeout, sequence number = 2143
Timeout, sequence number = 2165
[CLIENT] Received ACK seq=2200
Timeout, sequence number = 2213
Timeout, sequence number = 2233
Timeout, sequence number = 2252
Timeout, sequence number = 2288
[CLIENT] Received ACK seq=2300
Timeout, sequence number = 2312
Timeout, sequence number = 2314
Timeout, sequence number = 2317
Timeout, sequence number = 2336
Timeout, sequence number = 2349
Timeout, sequence number = 2349
Timeout, sequence number = 2353
Timeout, sequence number = 2371
[CLIENT] Received ACK seq=2400
[CLIENT] Summary: sent_packets=2401, ack_packets=2401, retransmitted_packets=95649, timeout_events=121
Transfer complete. Delay = 71.934676 seconds

=== STDERR ===
