=== STDOUT ===
[CLIENT] Starting transfer: server=10.153.27.102:7735, file=demo_input.bin, N=128, MSS=500, total_segments=2401
[CLIENT] Sent data seq=0
[CLIENT] Sent data seq=1
[CLIENT] Sent data seq=2
[CLIENT] Sent data seq=3
[CLIENT] Sent data seq=4
[CLIENT] Sent data seq=100
[CLIENT] Received ACK seq=0
[CLIENT] Received ACK seq=1
[CLIENT] Received ACK seq=2
[CLIENT] Received ACK seq=3
Timeout, sequence number = 4
[CLIENT] Received ACK seq=4
Timeout, sequence number = 7
Timeout, sequence number = 21
Timeout, sequence number = 35
Timeout, sequence number = 45
Timeout, sequence number = 52
Timeout, sequence number = 53
Timeout, sequence number = 60
[CLIENT] Sent data seq=200
[CLIENT] Received ACK seq=100
Timeout, sequence number = 114
Timeout, sequence number = 122
[CLIENT] Sent data seq=300
Timeout, sequence number = 177
Timeout, sequence number = 192
[CLIENT] Received ACK seq=200
Timeout, sequence number = 202
Timeout, sequence number = 216
Timeout, sequence number = 218
Timeout, sequence number = 221
Timeout, sequence number = 231
Timeout, sequence number = 268
[CLIENT] Sent data seq=400
Timeout, sequence number = 279
Timeout, sequence number = 300
[CLIENT] Received ACK seq=300
Timeout, sequence number = 319
Timeout, sequence number = 328
Timeout, sequence number = 355
Timeout, sequence number = 363
[CLIENT] Sent data seq=500
Timeout, sequence number = 377
Timeout, sequence number = 385
Timeout, sequence number = 390
[CLIENT] Received ACK seq=400
Timeout, sequence number = 401
Timeout, sequence number = 419
Timeout, sequence number = 445
Timeout, sequence number = 448
Timeout, sequence number = 459
[CLIENT] Sent data seq=600
Timeout, sequence number = 490
Timeout, sequence number = 492
[CLIENT] Received ACK seq=500
Timeout, sequence number = 523
Timeout, sequence number = 540
Timeout, sequence number = 548
[CLIENT] Sent data seq=700
Timeout, sequence number = 576
Timeout, sequence number = 586
Timeout, sequence number = 589
[CLIENT] Received ACK seq=600
Timeout, sequence number = 602
Timeout, sequence number = 615
Timeout, sequence number = 623
Timeout, sequence number = 624
Timeout, sequence number = 658
Timeout, sequence number = 664
Timeout, sequence number = 669
Timeout, sequence number = 670
[CLIENT] Sent data seq=800
Timeout, sequence number = 678
Timeout, sequence number = 693
[CLIENT] Received ACK seq=700
Timeout, sequence number = 716
[CLIENT] Sent data seq=900
Timeout, sequence number = 773
Timeout, sequence number = 783
[CLIENT] Received ACK seq=800
Timeout, sequence number = 802
Timeout, sequence number = 810
Timeout, sequence number = 826
[CLIENT] Sent data seq=1000
Timeout, sequence number = 899
[CLIENT] Received ACK seq=900
Timeout, sequence number = 937
Timeout, sequence number = 960
[CLIENT] Sent data seq=1100
Timeout, sequence number = 973
Timeout, sequence number = 973
Timeout, sequence number = 993
[CLIENT] Received ACK seq=1000
Timeout, sequence number = 1003
Timeout, sequence number = 1017
Timeout, sequence number = 1021
Timeout, sequence number = 1037
Timeout, sequence number = 1040
Timeout, sequence number = 1060
[CLIENT] Sent data seq=1200
Timeout, sequence number = 1078
Timeout, sequence number = 1097
[CLIENT] Received ACK seq=1100
Timeout, sequence number = 1123
Timeout, sequence number = 1123
Timeout, sequence number = 1123
Timeout, sequence number = 1136
Timeout, sequence number = 1147
Timeout, sequence number = 1148
Timeout, sequence number = 1149
[CLIENT] Sent data seq=1300
Timeout, sequence number = 1181
Timeout, sequence number = 1185
[CLIENT] Received ACK seq=1200
Timeout, sequence number = 1206
Timeout, sequence number = 1213
Timeout, sequence number = 1264
[CLIENT] Sent data seq=1400
[CLIENT] Received ACK seq=1300
Timeout, sequence number = 1304
Timeout, sequence number = 1305
Timeout, sequence number = 1329
[CLIENT] Sent data seq=1500
Timeout, sequence number = 1386
[CLIENT] Received ACK seq=1400
[CLIENT] Sent data seq=1600
Timeout, sequence number = 1495
[CLIENT] Received ACK seq=1500
Timeout, sequence number = 1548
Timeout, sequence number = 1558
Timeout, sequence number = 1559
Timeout, sequence number = 1565
[CLIENT] Sent data seq=1700
Timeout, sequence number = 1579
Timeout, sequence number = 1581
Timeout, sequence number = 1594
[CLIENT] Received ACK seq=1600
Timeout, sequence number = 1621
Timeout, sequence number = 1621
Timeout, sequence number = 1645
Timeout, sequence number = 1650
Timeout, sequence number = 1652
Timeout, sequence number = 1656
[CLIENT] Sent data seq=1800
Timeout, sequence number = 1686
Timeout, sequence number = 1697
[CLIENT] Received ACK seq=1700
Timeout, sequence number = 1719
Timeout, sequence number = 1727
[CLIENT] Sent data seq=1900
Timeout, sequence number = 1782
Timeout, sequence number = 1788
[CLIENT] Received ACK seq=1800
Timeout, sequence number = 1831
Timeout, sequence number = 1836
Timeout, sequence number = 1845
Timeout, sequence number = 1859
Timeout, sequence number = 1860
[CLIENT] Sent data seq=2000
[CLIENT] Received ACK seq=1900
Timeout, sequence number = 1903
Timeout, sequence number = 1905
Timeout, sequence number = 1933
Timeout, sequence number = 1966
Timeout, sequence number = 1972
[CLIENT] Sent data seq=2100
Timeout, sequence number = 1981
[CLIENT] Received ACK seq=2000
Timeout, sequence number = 2001
Timeout, sequence number = 2009
Timeout, sequence number = 2026
Timeout, sequence number = 2044
Timeout, sequence number = 2065
[CLIENT] Sent data seq=2200
Timeout, sequence number = 2082
Timeout, sequence number = 2083
Timeout, sequence number = 2089
Timeout, sequence number = 2096
[CLIENT] Received ACK seq=2100
Timeout, sequence number = 2101
Timeout, sequence number = 2104
Timeout, sequence number = 2120
Timeout, sequence number = 2126
Timeout, sequence number = 2128
Timeout, sequence number = 2134
Timeout, sequence number = 2139
Timeout, sequence number = 2155
Timeout, sequence number = 2171
[CLIENT] Sent data seq=2300
Timeout, sequence number = 2179
Timeout, sequence number = 2184
[CLIENT] Received ACK seq=2200
Timeout, sequence number = 2244
Timeout, sequence number = 2267
[CLIENT] Sent data seq=2400
Timeout, sequence number = 2296
[CLIENT] Received ACK seq=2300
Timeout, sequence number = 2346
Timeout, sequence number = 2397
[CLIENT] Received ACK seq=2400
[CLIENT] Summary: sent_packets=2401, ack_packets=2401, retransmitted_packets=17956, timeout_events=142
Transfer complete. Delay = 84.018084 seconds

=== STDERR ===
