=== STDOUT ===
[CLIENT] Starting transfer: server=10.153.27.102:7735, file=demo_input.bin, N=4, MSS=500, total_segments=2401
[CLIENT] Sent data seq=0
[CLIENT] Sent data seq=1
[CLIENT] Sent data seq=2
[CLIENT] Sent data seq=3
[CLIENT] Received ACK seq=0
[CLIENT] Sent data seq=4
[CLIENT] Received ACK seq=1
Timeout, sequence number = 2
[CLIENT] Received ACK seq=2
[CLIENT] Received ACK seq=3
[CLIENT] Received ACK seq=4
Timeout, sequence number = 31
Timeout, sequence number = 45
[CLIENT] Sent data seq=100
[CLIENT] Received ACK seq=100
Timeout, sequence number = 117
Timeout, sequence number = 144
Timeout, sequence number = 163
Timeout, sequence number = 166
Timeout, sequence number = 185
[CLIENT] Sent data seq=200
[CLIENT] Received ACK seq=200
Timeout, sequence number = 234
Timeout, sequence number = 251
Timeout, sequence number = 253
[CLIENT] Sent data seq=300
[CLIENT] Received ACK seq=300
Timeout, sequence number = 324
Timeout, sequence number = 332
Timeout, sequence number = 372
Timeout, sequence number = 373
Timeout, sequence number = 375
Timeout, sequence number = 392
Timeout, sequence number = 394
[CLIENT] Sent data seq=400
[CLIENT] Received ACK seq=400
Timeout, sequence number = 424
Timeout, sequence number = 428
Timeout, sequence number = 437
Timeout, sequence number = 480
Timeout, sequence number = 492
[CLIENT] Sent data seq=500
[CLIENT] Received ACK seq=500
Timeout, sequence number = 539
Timeout, sequence number = 579
Timeout, sequence number = 596
[CLIENT] Sent data seq=600
[CLIENT] Received ACK seq=600
Timeout, sequence number = 618
Timeout, sequence number = 640
Timeout, sequence number = 687
[CLIENT] Sent data seq=700
[CLIENT] Received ACK seq=700
Timeout, sequence number = 702
Timeout, sequence number = 717
Timeout, sequence number = 727
Timeout, sequence number = 733
Timeout, sequence number = 738
Timeout, sequence number = 751
Timeout, sequence number = 757
Timeout, sequence number = 773
Timeout, sequence number = 783
Timeout, sequence number = 794
[CLIENT] Sent data seq=800
Timeout, sequence number = 799
[CLIENT] Received ACK seq=800
Timeout, sequence number = 828
Timeout, sequence number = 847
Timeout, sequence number = 850
Timeout, sequence number = 865
Timeout, sequence number = 870
[CLIENT] Sent data seq=900
[CLIENT] Received ACK seq=900
Timeout, sequence number = 907
Timeout, sequence number = 914
Timeout, sequence number = 926
Timeout, sequence number = 935
Timeout, sequence number = 947
Timeout, sequence number = 954
Timeout, sequence number = 967
Timeout, sequence number = 980
Timeout, sequence number = 993
[CLIENT] Sent data seq=1000
[CLIENT] Received ACK seq=1000
Timeout, sequence number = 1015
Timeout, sequence number = 1015
Timeout, sequence number = 1057
[CLIENT] Sent data seq=1100
Timeout, sequence number = 1098
Timeout, sequence number = 1100
[CLIENT] Received ACK seq=1100
Timeout, sequence number = 1105
Timeout, sequence number = 1111
Timeout, sequence number = 1119
[CLIENT] Sent data seq=1200
[CLIENT] Received ACK seq=1200
Timeout, sequence number = 1202
Timeout, sequence number = 1205
Timeout, sequence number = 1234
[CLIENT] Sent data seq=1300
[CLIENT] Received ACK seq=1300
Timeout, sequence number = 1321
Timeout, sequence number = 1322
Timeout, sequence number = 1325
Timeout, sequence number = 1390
[CLIENT] Sent data seq=1400
[CLIENT] Received ACK seq=1400
Timeout, sequence number = 1452
Timeout, sequence number = 1466
Timeout, sequence number = 1470
Timeout, sequence number = 1471
[CLIENT] Sent data seq=1500
Timeout, sequence number = 1499
[CLIENT] Received ACK seq=1500
Timeout, sequence number = 1508
Timeout, sequence number = 1527
Timeout, sequence number = 1533
Timeout, sequence number = 1558
Timeout, sequence number = 1591
[CLIENT] Sent data seq=1600
[CLIENT] Received ACK seq=1600
Timeout, sequence number = 1626
Timeout, sequence number = 1632
Timeout, sequence number = 1653
[CLIENT] Sent data seq=1700
[CLIENT] Received ACK seq=1700
Timeout, sequence number = 1758
Timeout, sequence number = 1772
Timeout, sequence number = 1784
Timeout, sequence number = 1785
[CLIENT] Sent data seq=1800
Timeout, sequence number = 1798
[CLIENT] Received ACK seq=1800
Timeout, sequence number = 1812
Timeout, sequence number = 1850
Timeout, sequence number = 1871
[CLIENT] Sent data seq=1900
[CLIENT] Received ACK seq=1900
Timeout, sequence number = 1902
Timeout, sequence number = 1916
Timeout, sequence number = 1920
[CLIENT] Sent data seq=2000
[CLIENT] Received ACK seq=2000
Timeout, sequence number = 2003
Timeout, sequence number = 2009
Timeout, sequence number = 2016
Timeout, sequence number = 2054
Timeout, sequence number = 2055
Timeout, sequence number = 2060
Timeout, sequence number = 2080
Timeout, sequence number = 2084
Timeout, sequence number = 2092
[CLIENT] Sent data seq=2100
[CLIENT] Received ACK seq=2100
Timeout, sequence number = 2121
Timeout, sequence number = 2130
Timeout, sequence number = 2133
Timeout, sequence number = 2135
Timeout, sequence number = 2157
Timeout, sequence number = 2157
Timeout, sequence number = 2176
Timeout, sequence number = 2184
Timeout, sequence number = 2187
[CLIENT] Sent data seq=2200
[CLIENT] Received ACK seq=2200
Timeout, sequence number = 2213
Timeout, sequence number = 2250
Timeout, sequence number = 2256
[CLIENT] Sent data seq=2300
[CLIENT] Received ACK seq=2300
Timeout, sequence number = 2318
Timeout, sequence number = 2328
Timeout, sequence number = 2328
Timeout, sequence number = 2328
Timeout, sequence number = 2337
Timeout, sequence number = 2362
Timeout, sequence number = 2362
Timeout, sequence number = 2378
[CLIENT] Sent data seq=2400
Timeout, sequence number = 2397
[CLIENT] Received ACK seq=2400
[CLIENT] Summary: sent_packets=2401, ack_packets=2401, retransmitted_packets=492, timeout_events=123
Transfer complete. Delay = 69.696331 seconds

=== STDERR ===
