=== STDOUT ===
[CLIENT] Starting transfer: server=10.153.27.102:7735, file=demo_input.bin, N=256, MSS=500, total_segments=2401
[CLIENT] Sent data seq=0
[CLIENT] Sent data seq=1
[CLIENT] Sent data seq=2
[CLIENT] Sent data seq=3
[CLIENT] Sent data seq=4
[CLIENT] Sent data seq=100
[CLIENT] Sent data seq=200
[CLIENT] Received ACK seq=0
[CLIENT] Received ACK seq=1
[CLIENT] Received ACK seq=2
[CLIENT] Received ACK seq=3
[CLIENT] Received ACK seq=4
Timeout, sequence number = 8
Timeout, sequence number = 29
Timeout, sequence number = 34
[CLIENT] Sent data seq=300
Timeout, sequence number = 52
Timeout, sequence number = 56
Timeout, sequence number = 74
Timeout, sequence number = 77
Timeout, sequence number = 91
[CLIENT] Received ACK seq=100
[CLIENT] Sent data seq=400
Timeout, sequence number = 165
Timeout, sequence number = 176
Timeout, sequence number = 198
[CLIENT] Received ACK seq=200
Timeout, sequence number = 203
[CLIENT] Sent data seq=500
Timeout, sequence number = 245
Timeout, sequence number = 251
Timeout, sequence number = 261
Timeout, sequence number = 261
Timeout, sequence number = 278
Timeout, sequence number = 294
[CLIENT] Received ACK seq=300
Timeout, sequence number = 321
Timeout, sequence number = 328
Timeout, sequence number = 344
[CLIENT] Sent data seq=600
Timeout, sequence number = 373
[CLIENT] Received ACK seq=400
Timeout, sequence number = 418
Timeout, sequence number = 434
[CLIENT] Sent data seq=700
Timeout, sequence number = 459
Timeout, sequence number = 472
Timeout, sequence number = 486
Timeout, sequence number = 488
[CLIENT] Received ACK seq=500
[CLIENT] Sent data seq=800
Timeout, sequence number = 547
Timeout, sequence number = 548
[CLIENT] Received ACK seq=600
Timeout, sequence number = 628
Timeout, sequence number = 635
Timeout, sequence number = 636
[CLIENT] Sent data seq=900
Timeout, sequence number = 653
Timeout, sequence number = 674
Timeout, sequence number = 690
[CLIENT] Received ACK seq=700
Timeout, sequence number = 706
Timeout, sequence number = 718
Timeout, sequence number = 736
[CLIENT] Sent data seq=1000
Timeout, sequence number = 747
Timeout, sequence number = 760
Timeout, sequence number = 762
Timeout, sequence number = 777
Timeout, sequence number = 780
Timeout, sequence number = 787
[CLIENT] Received ACK seq=800
Timeout, sequence number = 834
[CLIENT] Sent data seq=1100
Timeout, sequence number = 859
Timeout, sequence number = 875
Timeout, sequence number = 883
[CLIENT] Received ACK seq=900
Timeout, sequence number = 908
Timeout, sequence number = 923
Timeout, sequence number = 942
Timeout, sequence number = 943
Timeout, sequence number = 943
[CLIENT] Sent data seq=1200
Timeout, sequence number = 953
Timeout, sequence number = 955
Timeout, sequence number = 963
Timeout, sequence number = 965
Timeout, sequence number = 974
Timeout, sequence number = 986
[CLIENT] Received ACK seq=1000
Timeout, sequence number = 1019
Timeout, sequence number = 1022
Timeout, sequence number = 1040
[CLIENT] Sent data seq=1300
Timeout, sequence number = 1062
[CLIENT] Received ACK seq=1100
Timeout, sequence number = 1102
Timeout, sequence number = 1126
Timeout, sequence number = 1141
[CLIENT] Sent data seq=1400
Timeout, sequence number = 1161
Timeout, sequence number = 1169
Timeout, sequence number = 1183
[CLIENT] Received ACK seq=1200
Timeout, sequence number = 1206
Timeout, sequence number = 1208
Timeout, sequence number = 1240
[CLIENT] Sent data seq=1500
Timeout, sequence number = 1246
Timeout, sequence number = 1259
Timeout, sequence number = 1264
[CLIENT] Received ACK seq=1300
Timeout, sequence number = 1344
[CLIENT] Sent data seq=1600
Timeout, sequence number = 1370
Timeout, sequence number = 1372
Timeout, sequence number = 1389
[CLIENT] Received ACK seq=1400
Timeout, sequence number = 1410
Timeout, sequence number = 1412
Timeout, sequence number = 1412
Timeout, sequence number = 1415
Timeout, sequence number = 1419
Timeout, sequence number = 1437
[CLIENT] Sent data seq=1700
Timeout, sequence number = 1452
Timeout, sequence number = 1469
[CLIENT] Received ACK seq=1500
Timeout, sequence number = 1522
Timeout, sequence number = 1522
Timeout, sequence number = 1537
Timeout, sequence number = 1537
[CLIENT] Sent data seq=1800
Timeout, sequence number = 1556
Timeout, sequence number = 1566
Timeout, sequence number = 1578
[CLIENT] Received ACK seq=1600
Timeout, sequence number = 1643
[CLIENT] Sent data seq=1900
Timeout, sequence number = 1648
Timeout, sequence number = 1648
Timeout, sequence number = 1693
[CLIENT] Received ACK seq=1700
Timeout, sequence number = 1723
[CLIENT] Sent data seq=2000
Timeout, sequence number = 1777
Timeout, sequence number = 1782
Timeout, sequence number = 1792
[CLIENT] Received ACK seq=1800
Timeout, sequence number = 1806
[CLIENT] Sent data seq=2100
Timeout, sequence number = 1855
Timeout, sequence number = 1886
[CLIENT] Received ACK seq=1900
[CLIENT] Sent data seq=2200
Timeout, sequence number = 1973
Timeout, sequence number = 1986
[CLIENT] Received ACK seq=2000
Timeout, sequence number = 2013
Timeout, sequence number = 2021
Timeout, sequence number = 2024
Timeout, sequence number = 2034
Timeout, sequence number = 2037
[CLIENT] Sent data seq=2300
Timeout, sequence number = 2067
[CLIENT] Received ACK seq=2100
Timeout, sequence number = 2104
Timeout, sequence number = 2139
[CLIENT] Sent data seq=2400
Timeout, sequence number = 2158
Timeout, sequence number = 2176
Timeout, sequence number = 2182
[CLIENT] Received ACK seq=2200
Timeout, sequence number = 2201
Timeout, sequence number = 2253
Timeout, sequence number = 2266
Timeout, sequence number = 2276
Timeout, sequence number = 2296
[CLIENT] Received ACK seq=2300
Timeout, sequence number = 2311
Timeout, sequence number = 2314
Timeout, sequence number = 2362
Timeout, sequence number = 2384
Timeout, sequence number = 2390
Timeout, sequence number = 2391
Timeout, sequence number = 2400
[CLIENT] Received ACK seq=2400
[CLIENT] Summary: sent_packets=2401, ack_packets=2401, retransmitted_packets=31351, timeout_events=131
Transfer complete. Delay = 77.657441 seconds

=== STDERR ===
