=== STDOUT ===
[CLIENT] Starting transfer: server=10.153.27.102:7735, file=demo_input.bin, N=64, MSS=500, total_segments=2401
[CLIENT] Sent data seq=0
[CLIENT] Sent data seq=1
[CLIENT] Sent data seq=2
[CLIENT] Sent data seq=3
[CLIENT] Sent data seq=4
[CLIENT] Received ACK seq=0
Timeout, sequence number = 1
[CLIENT] Received ACK seq=1
[CLIENT] Received ACK seq=2
[CLIENT] Received ACK seq=3
[CLIENT] Received ACK seq=4
Timeout, sequence number = 19
Timeout, sequence number = 20
Timeout, sequence number = 26
[CLIENT] Sent data seq=100
Timeout, sequence number = 93
[CLIENT] Received ACK seq=100
Timeout, sequence number = 115
Timeout, sequence number = 118
Timeout, sequence number = 118
[CLIENT] Sent data seq=200
Timeout, sequence number = 153
Timeout, sequence number = 172
Timeout, sequence number = 187
Timeout, sequence number = 192
[CLIENT] Received ACK seq=200
Timeout, sequence number = 207
Timeout, sequence number = 216
Timeout, sequence number = 218
[CLIENT] Sent data seq=300
Timeout, sequence number = 238
Timeout, sequence number = 249
Timeout, sequence number = 261
Timeout, sequence number = 270
Timeout, sequence number = 300
[CLIENT] Received ACK seq=300
Timeout, sequence number = 335
[CLIENT] Sent data seq=400
Timeout, sequence number = 374
Timeout, sequence number = 397
[CLIENT] Received ACK seq=400
Timeout, sequence number = 415
[CLIENT] Sent data seq=500
Timeout, sequence number = 460
[CLIENT] Received ACK seq=500
[CLIENT] Sent data seq=600
Timeout, sequence number = 587
Timeout, sequence number = 599
[CLIENT] Received ACK seq=600
Timeout, sequence number = 615
Timeout, sequence number = 635
[CLIENT] Sent data seq=700
Timeout, sequence number = 643
Timeout, sequence number = 646
Timeout, sequence number = 653
Timeout, sequence number = 661
Timeout, sequence number = 662
[CLIENT] Received ACK seq=700
Timeout, sequence number = 705
Timeout, sequence number = 707
Timeout, sequence number = 714
Timeout, sequence number = 718
Timeout, sequence number = 720
Timeout, sequence number = 734
[CLIENT] Sent data seq=800
Timeout, sequence number = 779
Timeout, sequence number = 789
[CLIENT] Received ACK seq=800
Timeout, sequence number = 823
[CLIENT] Sent data seq=900
Timeout, sequence number = 854
Timeout, sequence number = 861
Timeout, sequence number = 861
Timeout, sequence number = 887
Timeout, sequence number = 896
[CLIENT] Received ACK seq=900
Timeout, sequence number = 905
Timeout, sequence number = 924
[CLIENT] Sent data seq=1000
Timeout, sequence number = 945
Timeout, sequence number = 961
Timeout, sequence number = 962
Timeout, sequence number = 982
Timeout, sequence number = 988
[CLIENT] Received ACK seq=1000
Timeout, sequence number = 1009
Timeout, sequence number = 1012
Timeout, sequence number = 1016
Timeout, sequence number = 1022
[CLIENT] Sent data seq=1100
Timeout, sequence number = 1049
Timeout, sequence number = 1067
Timeout, sequence number = 1086
Timeout, sequence number = 1088
Timeout, sequence number = 1100
[CLIENT] Received ACK seq=1100
Timeout, sequence number = 1121
[CLIENT] Sent data seq=1200
Timeout, sequence number = 1173
[CLIENT] Received ACK seq=1200
[CLIENT] Sent data seq=1300
Timeout, sequence number = 1241
Timeout, sequence number = 1247
Timeout, sequence number = 1257
Timeout, sequence number = 1261
Timeout, sequence number = 1265
Timeout, sequence number = 1267
Timeout, sequence number = 1269
Timeout, sequence number = 1277
Timeout, sequence number = 1281
Timeout, sequence number = 1285
[CLIENT] Received ACK seq=1300
Timeout, sequence number = 1314
Timeout, sequence number = 1328
[CLIENT] Sent data seq=1400
Timeout, sequence number = 1357
Timeout, sequence number = 1372
Timeout, sequence number = 1374
[CLIENT] Received ACK seq=1400
Timeout, sequence number = 1415
Timeout, sequence number = 1426
[CLIENT] Sent data seq=1500
Timeout, sequence number = 1439
Timeout, sequence number = 1472
Timeout, sequence number = 1485
Timeout, sequence number = 1488
Timeout, sequence number = 1492
[CLIENT] Received ACK seq=1500
Timeout, sequence number = 1523
[CLIENT] Sent data seq=1600
Timeout, sequence number = 1545
Timeout, sequence number = 1545
Timeout, sequence number = 1558
Timeout, sequence number = 1563
Timeout, sequence number = 1564
Timeout, sequence number = 1569
Timeout, sequence number = 1584
[CLIENT] Received ACK seq=1600
Timeout, sequence number = 1605
Timeout, sequence number = 1609
Timeout, sequence number = 1632
[CLIENT] Sent data seq=1700
Timeout, sequence number = 1639
[CLIENT] Received ACK seq=1700
Timeout, sequence number = 1719
Timeout, sequence number = 1724
Timeout, sequence number = 1731
Timeout, sequence number = 1736
[CLIENT] Sent data seq=1800
Timeout, sequence number = 1749
Timeout, sequence number = 1755
Timeout, sequence number = 1757
Timeout, sequence number = 1758
Timeout, sequence number = 1791
[CLIENT] Received ACK seq=1800
[CLIENT] Sent data seq=1900
Timeout, sequence number = 1838
[CLIENT] Received ACK seq=1900
Timeout, sequence number = 1903
[CLIENT] Sent data seq=2000
Timeout, sequence number = 1943
Timeout, sequence number = 1955
Timeout, sequence number = 1975
Timeout, sequence number = 1989
Timeout, sequence number = 1996
[CLIENT] Received ACK seq=2000
[CLIENT] Sent data seq=2100
Timeout, sequence number = 2042
Timeout, sequence number = 2043
Timeout, sequence number = 2084
[CLIENT] Received ACK seq=2100
Timeout, sequence number = 2106
[CLIENT] Sent data seq=2200
Timeout, sequence number = 2160
Timeout, sequence number = 2187
[CLIENT] Received ACK seq=2200
Timeout, sequence number = 2213
Timeout, sequence number = 2218
Timeout, sequence number = 2221
Timeout, sequence number = 2230
Timeout, sequence number = 2231
[CLIENT] Sent data seq=2300
Timeout, sequence number = 2260
Timeout, sequence number = 2264
[CLIENT] Received ACK seq=2300
Timeout, sequence number = 2309
Timeout, sequence number = 2325
Timeout, sequence number = 2325
Timeout, sequence number = 2330
[CLIENT] Sent data seq=2400
Timeout, sequence number = 2380
Timeout, sequence number = 2387
Timeout, sequence number = 2389
[CLIENT] Received ACK seq=2400
[CLIENT] Summary: sent_packets=2401, ack_packets=2401, retransmitted_packets=8559, timeout_events=136
Transfer complete. Delay = 78.930332 seconds

=== STDERR ===
