=== STDOUT ===
[CLIENT] Starting transfer: server=10.153.27.102:7735, file=demo_input.bin, N=1, MSS=500, total_segments=2401
[CLIENT] Sent data seq=0
[CLIENT] Received ACK seq=0
[CLIENT] Sent data seq=1
[CLIENT] Received ACK seq=1
[CLIENT] Sent data seq=2
[CLIENT] Received ACK seq=2
[CLIENT] Sent data seq=3
[CLIENT] Received ACK seq=3
[CLIENT] Sent data seq=4
[CLIENT] Received ACK seq=4
Timeout, sequence number = 87
Timeout, sequence number = 88
Timeout, sequence number = 94
[CLIENT] Sent data seq=100
[CLIENT] Received ACK seq=100
Timeout, sequence number = 110
Timeout, sequence number = 117
Timeout, sequence number = 158
Timeout, sequence number = 158
[CLIENT] Sent data seq=200
[CLIENT] Received ACK seq=200
Timeout, sequence number = 218
Timeout, sequence number = 223
Timeout, sequence number = 239
Timeout, sequence number = 243
Timeout, sequence number = 246
Timeout, sequence number = 267
[CLIENT] Sent data seq=300
[CLIENT] Received ACK seq=300
Timeout, sequence number = 314
Timeout, sequence number = 375
Timeout, sequence number = 378
Timeout, sequence number = 393
[CLIENT] Sent data seq=400
[CLIENT] Received ACK seq=400
Timeout, sequence number = 431
Timeout, sequence number = 435
Timeout, sequence number = 446
Timeout, sequence number = 475
Timeout, sequence number = 483
Timeout, sequence number = 497
[CLIENT] Sent data seq=500
[CLIENT] Received ACK seq=500
Timeout, sequence number = 501
Timeout, sequence number = 502
Timeout, sequence number = 505
Timeout, sequence number = 530
Timeout, sequence number = 561
Timeout, sequence number = 583
Timeout, sequence number = 583
[CLIENT] Sent data seq=600
[CLIENT] Received ACK seq=600
Timeout, sequence number = 627
Timeout, sequence number = 665
Timeout, sequence number = 666
Timeout, sequence number = 674
Timeout, sequence number = 675
Timeout, sequence number = 676
[CLIENT] Sent data seq=700
[CLIENT] Received ACK seq=700
Timeout, sequence number = 729
Timeout, sequence number = 735
Timeout, sequence number = 755
[CLIENT] Sent data seq=800
[CLIENT] Received ACK seq=800
Timeout, sequence number = 806
Timeout, sequence number = 808
Timeout, sequence number = 823
Timeout, sequence number = 823
Timeout, sequence number = 835
Timeout, sequence number = 844
Timeout, sequence number = 852
Timeout, sequence number = 873
[CLIENT] Sent data seq=900
[CLIENT] Received ACK seq=900
Timeout, sequence number = 903
Timeout, sequence number = 939
[CLIENT] Sent data seq=1000
[CLIENT] Received ACK seq=1000
Timeout, sequence number = 1002
Timeout, sequence number = 1007
Timeout, sequence number = 1041
Timeout, sequence number = 1043
Timeout, sequence number = 1050
Timeout, sequence number = 1061
Timeout, sequence number = 1062
Timeout, sequence number = 1085
[CLIENT] Sent data seq=1100
[CLIENT] Received ACK seq=1100
Timeout, sequence number = 1112
Timeout, sequence number = 1114
Timeout, sequence number = 1122
Timeout, sequence number = 1139
Timeout, sequence number = 1174
[CLIENT] Sent data seq=1200
[CLIENT] Received ACK seq=1200
Timeout, sequence number = 1207
Timeout, sequence number = 1213
Timeout, sequence number = 1213
Timeout, sequence number = 1240
Timeout, sequence number = 1263
Timeout, sequence number = 1267
Timeout, sequence number = 1276
[CLIENT] Sent data seq=1300
[CLIENT] Received ACK seq=1300
Timeout, sequence number = 1306
Timeout, sequence number = 1310
Timeout, sequence number = 1318
Timeout, sequence number = 1320
Timeout, sequence number = 1322
Timeout, sequence number = 1352
Timeout, sequence number = 1377
[CLIENT] Sent data seq=1400
[CLIENT] Received ACK seq=1400
Timeout, sequence number = 1421
Timeout, sequence number = 1441
Timeout, sequence number = 1456
[CLIENT] Sent data seq=1500
[CLIENT] Received ACK seq=1500
Timeout, sequence number = 1506
Timeout, sequence number = 1511
Timeout, sequence number = 1532
Timeout, sequence number = 1534
Timeout, sequence number = 1565
Timeout, sequence number = 1584
[CLIENT] Sent data seq=1600
[CLIENT] Received ACK seq=1600
Timeout, sequence number = 1611
Timeout, sequence number = 1621
Timeout, sequence number = 1644
[CLIENT] Sent data seq=1700
[CLIENT] Received ACK seq=1700
Timeout, sequence number = 1728
Timeout, sequence number = 1728
Timeout, sequence number = 1748
Timeout, sequence number = 1787
[CLIENT] Sent data seq=1800
[CLIENT] Received ACK seq=1800
Timeout, sequence number = 1852
Timeout, sequence number = 1882
[CLIENT] Sent data seq=1900
Timeout, sequence number = 1900
[CLIENT] Received ACK seq=1900
Timeout, sequence number = 1918
Timeout, sequence number = 1959
Timeout, sequence number = 1975
Timeout, sequence number = 1991
[CLIENT] Sent data seq=2000
[CLIENT] Received ACK seq=2000
Timeout, sequence number = 2005
Timeout, sequence number = 2013
Timeout, sequence number = 2052
[CLIENT] Sent data seq=2100
[CLIENT] Received ACK seq=2100
Timeout, sequence number = 2149
Timeout, sequence number = 2171
[CLIENT] Sent data seq=2200
[CLIENT] Received ACK seq=2200
Timeout, sequence number = 2201
Timeout, sequence number = 2208
Timeout, sequence number = 2222
Timeout, sequence number = 2225
[CLIENT] Sent data seq=2300
[CLIENT] Received ACK seq=2300
Timeout, sequence number = 2349
Timeout, sequence number = 2356
[CLIENT] Sent data seq=2400
[CLIENT] Received ACK seq=2400
[CLIENT] Summary: sent_packets=2401, ack_packets=2401, retransmitted_packets=110, timeout_events=110
Transfer complete. Delay = 81.362177 seconds

=== STDERR ===
