=== STDOUT ===
[CLIENT] Starting transfer: server=10.153.27.102:7735, file=demo_input.bin, N=32, MSS=500, total_segments=2401
[CLIENT] Sent data seq=0
[CLIENT] Sent data seq=1
[CLIENT] Sent data seq=2
[CLIENT] Sent data seq=3
[CLIENT] Sent data seq=4
[CLIENT] Received ACK seq=0
[CLIENT] Received ACK seq=1
[CLIENT] Received ACK seq=2
[CLIENT] Received ACK seq=3
[CLIENT] Received ACK seq=4
Timeout, sequence number = 11
Timeout, sequence number = 29
Timeout, sequence number = 36
Timeout, sequence number = 66
[CLIENT] Sent data seq=100
Timeout, sequence number = 96
[CLIENT] Received ACK seq=100
Timeout, sequence number = 113
Timeout, sequence number = 145
Timeout, sequence number = 154
[CLIENT] Sent data seq=200
[CLIENT] Received ACK seq=200
Timeout, sequence number = 231
Timeout, sequence number = 240
Timeout, sequence number = 254
Timeout, sequence number = 268
[CLIENT] Sent data seq=300
Timeout, sequence number = 280
Timeout, sequence number = 280
Timeout, sequence number = 286
Timeout, sequence number = 293
[CLIENT] Received ACK seq=300
Timeout, sequence number = 305
Timeout, sequence number = 324
Timeout, sequence number = 337
Timeout, sequence number = 345
Timeout, sequence number = 364
[CLIENT] Sent data seq=400
Timeout, sequence number = 373
[CLIENT] Received ACK seq=400
Timeout, sequence number = 429
[CLIENT] Sent data seq=500
[CLIENT] Received ACK seq=500
Timeout, sequence number = 509
Timeout, sequence number = 512
Timeout, sequence number = 516
Timeout, sequence number = 533
Timeout, sequence number = 541
[CLIENT] Sent data seq=600
Timeout, sequence number = 571
Timeout, sequence number = 595
[CLIENT] Received ACK seq=600
Timeout, sequence number = 619
Timeout, sequence number = 632
Timeout, sequence number = 649
Timeout, sequence number = 667
[CLIENT] Sent data seq=700
Timeout, sequence number = 672
Timeout, sequence number = 678
Timeout, sequence number = 683
Timeout, sequence number = 683
Timeout, sequence number = 687
[CLIENT] Received ACK seq=700
Timeout, sequence number = 723
Timeout, sequence number = 763
Timeout, sequence number = 764
[CLIENT] Sent data seq=800
[CLIENT] Received ACK seq=800
Timeout, sequence number = 810
Timeout, sequence number = 810
Timeout, sequence number = 811
Timeout, sequence number = 831
Timeout, sequence number = 834
Timeout, sequence number = 839
Timeout, sequence number = 859
[CLIENT] Sent data seq=900
[CLIENT] Received ACK seq=900
Timeout, sequence number = 918
Timeout, sequence number = 954
[CLIENT] Sent data seq=1000
Timeout, sequence number = 988
[CLIENT] Received ACK seq=1000
Timeout, sequence number = 1003
Timeout, sequence number = 1023
[CLIENT] Sent data seq=1100
Timeout, sequence number = 1070
Timeout, sequence number = 1085
[CLIENT] Received ACK seq=1100
Timeout, sequence number = 1112
Timeout, sequence number = 1126
Timeout, sequence number = 1133
Timeout, sequence number = 1134
Timeout, sequence number = 1158
[CLIENT] Sent data seq=1200
[CLIENT] Received ACK seq=1200
Timeout, sequence number = 1216
Timeout, sequence number = 1224
Timeout, sequence number = 1234
Timeout, sequence number = 1235
Timeout, sequence number = 1247
Timeout, sequence number = 1256
Timeout, sequence number = 1258
Timeout, sequence number = 1267
[CLIENT] Sent data seq=1300
Timeout, sequence number = 1292
[CLIENT] Received ACK seq=1300
Timeout, sequence number = 1310
Timeout, sequence number = 1321
Timeout, sequence number = 1333
Timeout, sequence number = 1341
[CLIENT] Sent data seq=1400
Timeout, sequence number = 1393
[CLIENT] Received ACK seq=1400
Timeout, sequence number = 1404
Timeout, sequence number = 1451
[CLIENT] Sent data seq=1500
Timeout, sequence number = 1470
Timeout, sequence number = 1470
Timeout, sequence number = 1471
Timeout, sequence number = 1479
[CLIENT] Received ACK seq=1500
Timeout, sequence number = 1556
Timeout, sequence number = 1557
[CLIENT] Sent data seq=1600
Timeout, sequence number = 1584
[CLIENT] Received ACK seq=1600
Timeout, sequence number = 1618
Timeout, sequence number = 1626
Timeout, sequence number = 1652
[CLIENT] Sent data seq=1700
Timeout, sequence number = 1682
[CLIENT] Received ACK seq=1700
Timeout, sequence number = 1745
[CLIENT] Sent data seq=1800
Timeout, sequence number = 1785
Timeout, sequence number = 1792
Timeout, sequence number = 1799
[CLIENT] Received ACK seq=1800
Timeout, sequence number = 1804
Timeout, sequence number = 1811
Timeout, sequence number = 1812
Timeout, sequence number = 1843
Timeout, sequence number = 1844
Timeout, sequence number = 1848
Timeout, sequence number = 1852
Timeout, sequence number = 1853
Timeout, sequence number = 1859
[CLIENT] Sent data seq=1900
[CLIENT] Received ACK seq=1900
Timeout, sequence number = 1939
Timeout, sequence number = 1945
Timeout, sequence number = 1946
Timeout, sequence number = 1947
Timeout, sequence number = 1947
[CLIENT] Sent data seq=2000
[CLIENT] Received ACK seq=2000
Timeout, sequence number = 2034
Timeout, sequence number = 2049
Timeout, sequence number = 2053
Timeout, sequence number = 2057
Timeout, sequence number = 2064
Timeout, sequence number = 2064
Timeout, sequence number = 2066
[CLIENT] Sent data seq=2100
Timeout, sequence number = 2080
[CLIENT] Received ACK seq=2100
Timeout, sequence number = 2107
Timeout, sequence number = 2160
[CLIENT] Sent data seq=2200
Timeout, sequence number = 2175
[CLIENT] Received ACK seq=2200
Timeout, sequence number = 2205
[CLIENT] Sent data seq=2300
Timeout, sequence number = 2271
Timeout, sequence number = 2290
[CLIENT] Received ACK seq=2300
Timeout, sequence number = 2311
Timeout, sequence number = 2313
Timeout, sequence number = 2336
Timeout, sequence number = 2337
Timeout, sequence number = 2340
Timeout, sequence number = 2352
Timeout, sequence number = 2365
Timeout, sequence number = 2365
[CLIENT] Sent data seq=2400
Timeout, sequence number = 2392
Timeout, sequence number = 2392
[CLIENT] Received ACK seq=2400
[CLIENT] Summary: sent_packets=2401, ack_packets=2373, retransmitted_packets=4114, timeout_events=130
Transfer complete. Delay = 74.151943 seconds

=== STDERR ===
