=== STDOUT ===
[CLIENT] Starting transfer: server=10.153.27.102:7735, file=demo_input.bin, N=512, MSS=500, total_segments=2401
[CLIENT] Sent data seq=0
[CLIENT] Sent data seq=1
[CLIENT] Sent data seq=2
[CLIENT] Sent data seq=3
[CLIENT] Sent data seq=4
[CLIENT] Sent data seq=100
[CLIENT] Sent data seq=200
[CLIENT] Sent data seq=300
[CLIENT] Sent data seq=400
[CLIENT] Sent data seq=500
[CLIENT] Received ACK seq=0
[CLIENT] Received ACK seq=1
[CLIENT] Received ACK seq=2
[CLIENT] Received ACK seq=3
[CLIENT] Received ACK seq=4
Timeout, sequence number = 24
Timeout, sequence number = 34
Timeout, sequence number = 85
[CLIENT] Sent data seq=600
Timeout, sequence number = 94
[CLIENT] Received ACK seq=100
Timeout, sequence number = 121
Timeout, sequence number = 134
Timeout, sequence number = 137
Timeout, sequence number = 148
[CLIENT] Sent data seq=700
Timeout, sequence number = 192
Timeout, sequence number = 197
[CLIENT] Received ACK seq=200
Timeout, sequence number = 225
Timeout, sequence number = 254
[CLIENT] Sent data seq=800
[CLIENT] Received ACK seq=300
Timeout, sequence number = 317
Timeout, sequence number = 324
Timeout, sequence number = 327
Timeout, sequence number = 334
Timeout, sequence number = 355
Timeout, sequence number = 365
Timeout, sequence number = 382
[CLIENT] Sent data seq=900
Timeout, sequence number = 400
[CLIENT] Received ACK seq=400
Timeout, sequence number = 444
Timeout, sequence number = 472
Timeout, sequence number = 477
Timeout, sequence number = 479
Timeout, sequence number = 484
[CLIENT] Sent data seq=1000
Timeout, sequence number = 497
[CLIENT] Received ACK seq=500
Timeout, sequence number = 536
Timeout, sequence number = 539
[CLIENT] Sent data seq=1100
[CLIENT] Received ACK seq=600
Timeout, sequence number = 625
Timeout, sequence number = 673
[CLIENT] Sent data seq=1200
[CLIENT] Received ACK seq=700
Timeout, sequence number = 712
Timeout, sequence number = 771
[CLIENT] Sent data seq=1300
Timeout, sequence number = 792
[CLIENT] Received ACK seq=800
Timeout, sequence number = 816
Timeout, sequence number = 829
Timeout, sequence number = 830
Timeout, sequence number = 838
Timeout, sequence number = 845
Timeout, sequence number = 871
Timeout, sequence number = 876
Timeout, sequence number = 876
[CLIENT] Sent data seq=1400
Timeout, sequence number = 894
Timeout, sequence number = 897
[CLIENT] Received ACK seq=900
Timeout, sequence number = 912
Timeout, sequence number = 921
Timeout, sequence number = 938
Timeout, sequence number = 943
Timeout, sequence number = 982
[CLIENT] Sent data seq=1500
Timeout, sequence number = 992
[CLIENT] Received ACK seq=1000
Timeout, sequence number = 1001
Timeout, sequence number = 1002
Timeout, sequence number = 1044
Timeout, sequence number = 1050
Timeout, sequence number = 1053
Timeout, sequence number = 1063
[CLIENT] Sent data seq=1600
Timeout, sequence number = 1091
[CLIENT] Received ACK seq=1100
Timeout, sequence number = 1140
Timeout, sequence number = 1144
Timeout, sequence number = 1160
Timeout, sequence number = 1181
Timeout, sequence number = 1188
[CLIENT] Sent data seq=1700
[CLIENT] Received ACK seq=1200
Timeout, sequence number = 1214
Timeout, sequence number = 1221
Timeout, sequence number = 1276
Timeout, sequence number = 1283
Timeout, sequence number = 1283
[CLIENT] Sent data seq=1800
Timeout, sequence number = 1300
[CLIENT] Received ACK seq=1300
Timeout, sequence number = 1308
Timeout, sequence number = 1346
[CLIENT] Sent data seq=1900
Timeout, sequence number = 1391
[CLIENT] Received ACK seq=1400
Timeout, sequence number = 1415
Timeout, sequence number = 1422
Timeout, sequence number = 1457
[CLIENT] Sent data seq=2000
[CLIENT] Received ACK seq=1500
Timeout, sequence number = 1505
Timeout, sequence number = 1554
Timeout, sequence number = 1564
Timeout, sequence number = 1575
Timeout, sequence number = 1581
[CLIENT] Sent data seq=2100
Timeout, sequence number = 1597
[CLIENT] Received ACK seq=1600
Timeout, sequence number = 1625
Timeout, sequence number = 1627
Timeout, sequence number = 1672
Timeout, sequence number = 1677
[CLIENT] Sent data seq=2200
Timeout, sequence number = 1698
Timeout, sequence number = 1700
[CLIENT] Received ACK seq=1700
Timeout, sequence number = 1718
Timeout, sequence number = 1743
Timeout, sequence number = 1747
Timeout, sequence number = 1759
Timeout, sequence number = 1763
Timeout, sequence number = 1780
Timeout, sequence number = 1787
[CLIENT] Sent data seq=2300
Timeout, sequence number = 1789
Timeout, sequence number = 1796
[CLIENT] Received ACK seq=1800
Timeout, sequence number = 1808
Timeout, sequence number = 1812
Timeout, sequence number = 1817
Timeout, sequence number = 1818
Timeout, sequence number = 1820
Timeout, sequence number = 1869
Timeout, sequence number = 1871
Timeout, sequence number = 1879
[CLIENT] Sent data seq=2400
[CLIENT] Received ACK seq=1900
Timeout, sequence number = 1906
Timeout, sequence number = 1910
Timeout, sequence number = 1917
Timeout, sequence number = 1945
Timeout, sequence number = 1955
Timeout, sequence number = 1955
Timeout, sequence number = 1966
[CLIENT] Received ACK seq=2000
Timeout, sequence number = 2026
Timeout, sequence number = 2038
Timeout, sequence number = 2044
Timeout, sequence number = 2045
Timeout, sequence number = 2051
Timeout, sequence number = 2058
Timeout, sequence number = 2095
[CLIENT] Received ACK seq=2100
Timeout, sequence number = 2134
Timeout, sequence number = 2134
Timeout, sequence number = 2175
Timeout, sequence number = 2193
[CLIENT] Received ACK seq=2200
Timeout, sequence number = 2259
Timeout, sequence number = 2282
Timeout, sequence number = 2283
Timeout, sequence number = 2299
[CLIENT] Received ACK seq=2300
Timeout, sequence number = 2375
Timeout, sequence number = 2393
[CLIENT] Received ACK seq=2400
[CLIENT] Summary: sent_packets=2401, ack_packets=2401, retransmitted_packets=59410, timeout_events=126
Transfer complete. Delay = 75.131372 seconds

=== STDERR ===
