=== STDOUT ===
[CLIENT] Starting transfer: server=10.153.27.102:7735, file=demo_input.bin, N=16, MSS=500, total_segments=2401
[CLIENT] Sent data seq=0
[CLIENT] Sent data seq=1
[CLIENT] Sent data seq=2
[CLIENT] Sent data seq=3
[CLIENT] Sent data seq=4
[CLIENT] Received ACK seq=0
[CLIENT] Received ACK seq=1
[CLIENT] Received ACK seq=2
[CLIENT] Received ACK seq=3
[CLIENT] Received ACK seq=4
Timeout, sequence number = 6
Timeout, sequence number = 52
Timeout, sequence number = 58
Timeout, sequence number = 64
Timeout, sequence number = 69
Timeout, sequence number = 77
[CLIENT] Sent data seq=100
Timeout, sequence number = 90
[CLIENT] Received ACK seq=100
Timeout, sequence number = 108
Timeout, sequence number = 113
Timeout, sequence number = 159
[CLIENT] Sent data seq=200
Timeout, sequence number = 186
Timeout, sequence number = 188
[CLIENT] Received ACK seq=200
Timeout, sequence number = 214
Timeout, sequence number = 229
Timeout, sequence number = 231
Timeout, sequence number = 249
Timeout, sequence number = 259
Timeout, sequence number = 279
[CLIENT] Sent data seq=300
Timeout, sequence number = 288
Timeout, sequence number = 297
[CLIENT] Received ACK seq=300
Timeout, sequence number = 313
Timeout, sequence number = 316
Timeout, sequence number = 352
Timeout, sequence number = 357
Timeout, sequence number = 359
[CLIENT] Sent data seq=400
[CLIENT] Received ACK seq=400
Timeout, sequence number = 416
Timeout, sequence number = 443
Timeout, sequence number = 456
[CLIENT] Sent data seq=500
[CLIENT] Received ACK seq=500
Timeout, sequence number = 507
Timeout, sequence number = 540
Timeout, sequence number = 572
Timeout, sequence number = 579
[CLIENT] Sent data seq=600
[CLIENT] Received ACK seq=600
Timeout, sequence number = 624
Timeout, sequence number = 656
[CLIENT] Sent data seq=700
[CLIENT] Received ACK seq=700
Timeout, sequence number = 731
Timeout, sequence number = 766
[CLIENT] Sent data seq=800
[CLIENT] Received ACK seq=800
Timeout, sequence number = 814
Timeout, sequence number = 818
Timeout, sequence number = 848
Timeout, sequence number = 857
Timeout, sequence number = 859
Timeout, sequence number = 859
Timeout, sequence number = 870
Timeout, sequence number = 878
Timeout, sequence number = 880
Timeout, sequence number = 883
[CLIENT] Sent data seq=900
[CLIENT] Received ACK seq=900
Timeout, sequence number = 929
Timeout, sequence number = 955
Timeout, sequence number = 966
Timeout, sequence number = 973
[CLIENT] Sent data seq=1000
Timeout, sequence number = 992
[CLIENT] Received ACK seq=1000
Timeout, sequence number = 1029
Timeout, sequence number = 1035
Timeout, sequence number = 1037
Timeout, sequence number = 1042
Timeout, sequence number = 1080
[CLIENT] Sent data seq=1100
Timeout, sequence number = 1087
[CLIENT] Received ACK seq=1100
Timeout, sequence number = 1127
Timeout, sequence number = 1137
Timeout, sequence number = 1137
Timeout, sequence number = 1143
Timeout, sequence number = 1144
[CLIENT] Sent data seq=1200
Timeout, sequence number = 1190
[CLIENT] Received ACK seq=1200
Timeout, sequence number = 1255
Timeout, sequence number = 1265
Timeout, sequence number = 1277
Timeout, sequence number = 1284
[CLIENT] Sent data seq=1300
[CLIENT] Received ACK seq=1300
Timeout, sequence number = 1331
Timeout, sequence number = 1336
Timeout, sequence number = 1382
[CLIENT] Sent data seq=1400
Timeout, sequence number = 1392
Timeout, sequence number = 1396
Timeout, sequence number = 1396
[CLIENT] Received ACK seq=1400
Timeout, sequence number = 1422
Timeout, sequence number = 1445
Timeout, sequence number = 1476
[CLIENT] Sent data seq=1500
Timeout, sequence number = 1498
[CLIENT] Received ACK seq=1500
Timeout, sequence number = 1519
Timeout, sequence number = 1520
Timeout, sequence number = 1521
Timeout, sequence number = 1540
Timeout, sequence number = 1541
Timeout, sequence number = 1556
[CLIENT] Sent data seq=1600
[CLIENT] Received ACK seq=1600
Timeout, sequence number = 1629
Timeout, sequence number = 1664
Timeout, sequence number = 1676
Timeout, sequence number = 1684
[CLIENT] Sent data seq=1700
Timeout, sequence number = 1693
[CLIENT] Received ACK seq=1700
Timeout, sequence number = 1702
Timeout, sequence number = 1713
Timeout, sequence number = 1731
Timeout, sequence number = 1751
[CLIENT] Sent data seq=1800
Timeout, sequence number = 1785
[CLIENT] Received ACK seq=1800
Timeout, sequence number = 1808
Timeout, sequence number = 1822
Timeout, sequence number = 1829
[CLIENT] Sent data seq=1900
[CLIENT] Received ACK seq=1900
Timeout, sequence number = 1916
Timeout, sequence number = 1981
[CLIENT] Sent data seq=2000
Timeout, sequence number = 1998
[CLIENT] Received ACK seq=2000
Timeout, sequence number = 2026
Timeout, sequence number = 2068
Timeout, sequence number = 2081
[CLIENT] Sent data seq=2100
Timeout, sequence number = 2092
Timeout, sequence number = 2097
[CLIENT] Received ACK seq=2100
Timeout, sequence number = 2144
Timeout, sequence number = 2165
Timeout, sequence number = 2168
[CLIENT] Sent data seq=2200
[CLIENT] Received ACK seq=2200
Timeout, sequence number = 2202
Timeout, sequence number = 2215
Timeout, sequence number = 2221
Timeout, sequence number = 2244
Timeout, sequence number = 2268
Timeout, sequence number = 2269
Timeout, sequence number = 2281
Timeout, sequence number = 2284
[CLIENT] Sent data seq=2300
Timeout, sequence number = 2295
[CLIENT] Received ACK seq=2300
Timeout, sequence number = 2312
Timeout, sequence number = 2312
Timeout, sequence number = 2316
Timeout, sequence number = 2348
Timeout, sequence number = 2364
Timeout, sequence number = 2376
[CLIENT] Sent data seq=2400
[CLIENT] Received ACK seq=2400
[CLIENT] Summary: sent_packets=2401, ack_packets=2401, retransmitted_packets=1952, timeout_events=122
Transfer complete. Delay = 65.405288 seconds

=== STDERR ===
