=== STDOUT ===
[CLIENT] Starting transfer: server=10.153.27.102:7735, file=demo_input.bin, N=4, MSS=500, total_segments=2401
[CLIENT] Sent data seq=0
[CLIENT] Sent data seq=1
[CLIENT] Sent data seq=2
[CLIENT] Sent data seq=3
[CLIENT] Received ACK seq=0
[CLIENT] Sent data seq=4
Timeout, sequence number = 1
[CLIENT] Received ACK seq=1
[CLIENT] Received ACK seq=2
[CLIENT] Received ACK seq=3
[CLIENT] Received ACK seq=4
Timeout, sequence number = 16
Timeout, sequence number = 45
Timeout, sequence number = 56
Timeout, sequence number = 65
[CLIENT] Sent data seq=100
Timeout, sequence number = 99
[CLIENT] Received ACK seq=100
Timeout, sequence number = 174
Timeout, sequence number = 190
Timeout, sequence number = 196
[CLIENT] Sent data seq=200
[CLIENT] Received ACK seq=200
Timeout, sequence number = 210
Timeout, sequence number = 246
Timeout, sequence number = 276
[CLIENT] Sent data seq=300
[CLIENT] Received ACK seq=300
Timeout, sequence number = 345
[CLIENT] Sent data seq=400
[CLIENT] Received ACK seq=400
Timeout, sequence number = 418
Timeout, sequence number = 424
Timeout, sequence number = 426
Timeout, sequence number = 429
Timeout, sequence number = 442
Timeout, sequence number = 445
Timeout, sequence number = 448
Timeout, sequence number = 464
Timeout, sequence number = 479
[CLIENT] Sent data seq=500
[CLIENT] Received ACK seq=500
Timeout, sequence number = 501
Timeout, sequence number = 511
Timeout, sequence number = 547
Timeout, sequence number = 550
[CLIENT] Sent data seq=600
[CLIENT] Received ACK seq=600
Timeout, sequence number = 604
Timeout, sequence number = 651
Timeout, sequence number = 696
[CLIENT] Sent data seq=700
[CLIENT] Received ACK seq=700
Timeout, sequence number = 706
Timeout, sequence number = 717
Timeout, sequence number = 751
Timeout, sequence number = 760
Timeout, sequence number = 772
Timeout, sequence number = 780
[CLIENT] Sent data seq=800
[CLIENT] Received ACK seq=800
Timeout, sequence number = 809
Timeout, sequence number = 814
Timeout, sequence number = 819
Timeout, sequence number = 838
Timeout, sequence number = 861
[CLIENT] Sent data seq=900
[CLIENT] Received ACK seq=900
Timeout, sequence number = 918
Timeout, sequence number = 924
Timeout, sequence number = 980
Timeout, sequence number = 984
Timeout, sequence number = 989
Timeout, sequence number = 993
[CLIENT] Sent data seq=1000
[CLIENT] Received ACK seq=1000
Timeout, sequence number = 1034
Timeout, sequence number = 1051
Timeout, sequence number = 1087
Timeout, sequence number = 1093
[CLIENT] Sent data seq=1100
[CLIENT] Received ACK seq=1100
Timeout, sequence number = 1102
Timeout, sequence number = 1102
Timeout, sequence number = 1147
[CLIENT] Sent data seq=1200
[CLIENT] Received ACK seq=1200
Timeout, sequence number = 1250
Timeout, sequence number = 1250
Timeout, sequence number = 1284
[CLIENT] Sent data seq=1300
[CLIENT] Received ACK seq=1300
Timeout, sequence number = 1311
Timeout, sequence number = 1312
Timeout, sequence number = 1331
Timeout, sequence number = 1356
Timeout, sequence number = 1375
Timeout, sequence number = 1378
Timeout, sequence number = 1380
[CLIENT] Sent data seq=1400
[CLIENT] Received ACK seq=1400
Timeout, sequence number = 1419
Timeout, sequence number = 1448
[CLIENT] Sent data seq=1500
[CLIENT] Received ACK seq=1500
Timeout, sequence number = 1532
Timeout, sequence number = 1554
Timeout, sequence number = 1563
Timeout, sequence number = 1587
[CLIENT] Sent data seq=1600
[CLIENT] Received ACK seq=1600
Timeout, sequence number = 1610
Timeout, sequence number = 1635
Timeout, sequence number = 1668
Timeout, sequence number = 1671
Timeout, sequence number = 1675
Timeout, sequence number = 1681
Timeout, sequence number = 1681
[CLIENT] Sent data seq=1700
Timeout, sequence number = 1698
Timeout, sequence number = 1700
[CLIENT] Received ACK seq=1700
Timeout, sequence number = 1710
Timeout, sequence number = 1712
Timeout, sequence number = 1720
Timeout, sequence number = 1741
Timeout, sequence number = 1775
[CLIENT] Sent data seq=1800
[CLIENT] Received ACK seq=1800
Timeout, sequence number = 1809
Timeout, sequence number = 1822
Timeout, sequence number = 1823
Timeout, sequence number = 1833
Timeout, sequence number = 1853
Timeout, sequence number = 1859
Timeout, sequence number = 1881
Timeout, sequence number = 1894
[CLIENT] Sent data seq=1900
[CLIENT] Received ACK seq=1900
Timeout, sequence number = 1907
Timeout, sequence number = 1929
Timeout, sequence number = 1933
Timeout, sequence number = 1937
Timeout, sequence number = 1956
Timeout, sequence number = 1967
[CLIENT] Sent data seq=2000
Timeout, sequence number = 1998
[CLIENT] Received ACK seq=2000
Timeout, sequence number = 2009
Timeout, sequence number = 2079
Timeout, sequence number = 2095
Timeout, sequence number = 2096
[CLIENT] Sent data seq=2100
[CLIENT] Received ACK seq=2100
Timeout, sequence number = 2105
Timeout, sequence number = 2112
Timeout, sequence number = 2125
Timeout, sequence number = 2158
Timeout, sequence number = 2164
[CLIENT] Sent data seq=2200
[CLIENT] Received ACK seq=2200
Timeout, sequence number = 2207
Timeout, sequence number = 2218
Timeout, sequence number = 2219
Timeout, sequence number = 2219
Timeout, sequence number = 2229
Timeout, sequence number = 2232
Timeout, sequence number = 2234
Timeout, sequence number = 2236
Timeout, sequence number = 2238
Timeout, sequence number = 2238
Timeout, sequence number = 2271
Timeout, sequence number = 2294
[CLIENT] Sent data seq=2300
[CLIENT] Received ACK seq=2300
Timeout, sequence number = 2311
Timeout, sequence number = 2342
Timeout, sequence number = 2347
Timeout, sequence number = 2349
Timeout, sequence number = 2349
Timeout, sequence number = 2359
Timeout, sequence number = 2370
Timeout, sequence number = 2376
Timeout, sequence number = 2376
[CLIENT] Sent data seq=2400
[CLIENT] Received ACK seq=2400
[CLIENT] Summary: sent_packets=2401, ack_packets=2401, retransmitted_packets=512, timeout_events=128
Transfer complete. Delay = 72.540686 seconds

=== STDERR ===
