=== STDOUT ===
[CLIENT] Starting transfer: server=10.153.27.102:7735, file=demo_input.bin, N=4, MSS=500, total_segments=2401
[CLIENT] Sent data seq=0
[CLIENT] Sent data seq=1
[CLIENT] Sent data seq=2
[CLIENT] Sent data seq=3
[CLIENT] Received ACK seq=0
[CLIENT] Sent data seq=4
[CLIENT] Received ACK seq=1
[CLIENT] Received ACK seq=2
[CLIENT] Received ACK seq=3
[CLIENT] Received ACK seq=4
Timeout, sequence number = 6
Timeout, sequence number = 21
Timeout, sequence number = 31
Timeout, sequence number = 33
Timeout, sequence number = 65
Timeout, sequence number = 68
[CLIENT] Sent data seq=100
[CLIENT] Received ACK seq=100
Timeout, sequence number = 107
[CLIENT] Sent data seq=200
[CLIENT] Received ACK seq=200
Timeout, sequence number = 210
Timeout, sequence number = 210
Timeout, sequence number = 229
Timeout, sequence number = 234
Timeout, sequence number = 243
[CLIENT] Sent data seq=300
Timeout, sequence number = 299
Timeout, sequence number = 299
[CLIENT] Received ACK seq=300
Timeout, sequence number = 338
Timeout, sequence number = 363
Timeout, sequence number = 374
[CLIENT] Sent data seq=400
[CLIENT] Received ACK seq=400
Timeout, sequence number = 418
[CLIENT] Sent data seq=500
Timeout, sequence number = 500
[CLIENT] Received ACK seq=500
Timeout, sequence number = 530
Timeout, sequence number = 532
Timeout, sequence number = 535
Timeout, sequence number = 550
Timeout, sequence number = 551
Timeout, sequence number = 556
Timeout, sequence number = 558
[CLIENT] Sent data seq=600
[CLIENT] Received ACK seq=600
Timeout, sequence number = 603
Timeout, sequence number = 642
Timeout, sequence number = 658
Timeout, sequence number = 675
Timeout, sequence number = 680
[CLIENT] Sent data seq=700
[CLIENT] Received ACK seq=700
Timeout, sequence number = 703
Timeout, sequence number = 726
Timeout, sequence number = 745
Timeout, sequence number = 756
Timeout, sequence number = 780
Timeout, sequence number = 783
[CLIENT] Sent data seq=800
Timeout, sequence number = 799
[CLIENT] Received ACK seq=800
Timeout, sequence number = 822
Timeout, sequence number = 837
Timeout, sequence number = 858
Timeout, sequence number = 896
[CLIENT] Sent data seq=900
[CLIENT] Received ACK seq=900
Timeout, sequence number = 933
Timeout, sequence number = 964
Timeout, sequence number = 969
Timeout, sequence number = 973
Timeout, sequence number = 995
[CLIENT] Sent data seq=1000
[CLIENT] Received ACK seq=1000
Timeout, sequence number = 1023
Timeout, sequence number = 1036
Timeout, sequence number = 1059
Timeout, sequence number = 1062
Timeout, sequence number = 1090
[CLIENT] Sent data seq=1100
[CLIENT] Received ACK seq=1100
Timeout, sequence number = 1131
Timeout, sequence number = 1195
[CLIENT] Sent data seq=1200
[CLIENT] Received ACK seq=1200
Timeout, sequence number = 1225
Timeout, sequence number = 1238
Timeout, sequence number = 1268
[CLIENT] Sent data seq=1300
[CLIENT] Received ACK seq=1300
Timeout, sequence number = 1323
Timeout, sequence number = 1345
Timeout, sequence number = 1375
[CLIENT] Sent data seq=1400
[CLIENT] Received ACK seq=1400
Timeout, sequence number = 1415
Timeout, sequence number = 1438
Timeout, sequence number = 1443
Timeout, sequence number = 1474
Timeout, sequence number = 1493
Timeout, sequence number = 1495
[CLIENT] Sent data seq=1500
[CLIENT] Received ACK seq=1500
Timeout, sequence number = 1507
Timeout, sequence number = 1511
Timeout, sequence number = 1564
Timeout, sequence number = 1571
Timeout, sequence number = 1579
Timeout, sequence number = 1596
[CLIENT] Sent data seq=1600
[CLIENT] Received ACK seq=1600
Timeout, sequence number = 1634
Timeout, sequence number = 1635
Timeout, sequence number = 1649
Timeout, sequence number = 1672
Timeout, sequence number = 1680
Timeout, sequence number = 1696
[CLIENT] Sent data seq=1700
[CLIENT] Received ACK seq=1700
Timeout, sequence number = 1721
Timeout, sequence number = 1740
Timeout, sequence number = 1747
Timeout, sequence number = 1777
Timeout, sequence number = 1781
Timeout, sequence number = 1784
[CLIENT] Sent data seq=1800
[CLIENT] Received ACK seq=1800
Timeout, sequence number = 1804
Timeout, sequence number = 1811
Timeout, sequence number = 1814
Timeout, sequence number = 1828
Timeout, sequence number = 1842
Timeout, sequence number = 1855
Timeout, sequence number = 1864
Timeout, sequence number = 1865
Timeout, sequence number = 1873
Timeout, sequence number = 1884
Timeout, sequence number = 1889
[CLIENT] Sent data seq=1900
[CLIENT] Received ACK seq=1900
Timeout, sequence number = 1901
Timeout, sequence number = 1929
Timeout, sequence number = 1937
Timeout, sequence number = 1968
Timeout, sequence number = 1974
[CLIENT] Sent data seq=2000
Timeout, sequence number = 1997
[CLIENT] Received ACK seq=2000
Timeout, sequence number = 2005
Timeout, sequence number = 2018
Timeout, sequence number = 2020
Timeout, sequence number = 2027
Timeout, sequence number = 2028
Timeout, sequence number = 2067
Timeout, sequence number = 2083
Timeout, sequence number = 2085
Timeout, sequence number = 2087
[CLIENT] Sent data seq=2100
[CLIENT] Received ACK seq=2100
Timeout, sequence number = 2115
Timeout, sequence number = 2129
Timeout, sequence number = 2130
Timeout, sequence number = 2160
Timeout, sequence number = 2161
Timeout, sequence number = 2161
Timeout, sequence number = 2162
[CLIENT] Sent data seq=2200
[CLIENT] Received ACK seq=2200
Timeout, sequence number = 2221
Timeout, sequence number = 2236
Timeout, sequence number = 2239
Timeout, sequence number = 2249
Timeout, sequence number = 2262
[CLIENT] Sent data seq=2300
[CLIENT] Received ACK seq=2300
Timeout, sequence number = 2312
Timeout, sequence number = 2314
Timeout, sequence number = 2333
Timeout, sequence number = 2347
Timeout, sequence number = 2350
Timeout, sequence number = 2355
Timeout, sequence number = 2384
Timeout, sequence number = 2392
Timeout, sequence number = 2394
Timeout, sequence number = 2395
[CLIENT] Sent data seq=2400
Timeout, sequence number = 2399
[CLIENT] Received ACK seq=2400
[CLIENT] Summary: sent_packets=2401, ack_packets=2401, retransmitted_packets=530, timeout_events=133
Transfer complete. Delay = 75.212039 seconds

=== STDERR ===
