=== STDOUT ===
[CLIENT] Starting transfer: server=10.153.27.102:7735, file=demo_input.bin, N=2, MSS=500, total_segments=2401
[CLIENT] Sent data seq=0
[CLIENT] Sent data seq=1
[CLIENT] Received ACK seq=0
[CLIENT] Sent data seq=2
[CLIENT] Received ACK seq=1
[CLIENT] Sent data seq=3
[CLIENT] Received ACK seq=2
[CLIENT] Sent data seq=4
[CLIENT] Received ACK seq=3
Timeout, sequence number = 4
[CLIENT] Received ACK seq=4
Timeout, sequence number = 12
Timeout, sequence number = 44
Timeout, sequence number = 50
Timeout, sequence number = 76
Timeout, sequence number = 82
[CLIENT] Sent data seq=100
[CLIENT] Received ACK seq=100
Timeout, sequence number = 117
Timeout, sequence number = 123
Timeout, sequence number = 138
Timeout, sequence number = 151
Timeout, sequence number = 156
Timeout, sequence number = 175
Timeout, sequence number = 196
[CLIENT] Sent data seq=200
[CLIENT] Received ACK seq=200
Timeout, sequence number = 226
Timeout, sequence number = 228
Timeout, sequence number = 250
Timeout, sequence number = 255
Timeout, sequence number = 265
Timeout, sequence number = 271
Timeout, sequence number = 284
Timeout, sequence number = 290
Timeout, sequence number = 295
Timeout, sequence number = 296
[CLIENT] Sent data seq=300
[CLIENT] Received ACK seq=300
Timeout, sequence number = 311
Timeout, sequence number = 320
Timeout, sequence number = 357
[CLIENT] Sent data seq=400
[CLIENT] Received ACK seq=400
Timeout, sequence number = 416
Timeout, sequence number = 428
Timeout, sequence number = 428
Timeout, sequence number = 446
Timeout, sequence number = 458
Timeout, sequence number = 464
Timeout, sequence number = 476
[CLIENT] Sent data seq=500
[CLIENT] Received ACK seq=500
Timeout, sequence number = 509
Timeout, sequence number = 524
Timeout, sequence number = 535
[CLIENT] Sent data seq=600
[CLIENT] Received ACK seq=600
Timeout, sequence number = 611
Timeout, sequence number = 619
Timeout, sequence number = 619
Timeout, sequence number = 625
Timeout, sequence number = 646
Timeout, sequence number = 697
[CLIENT] Sent data seq=700
[CLIENT] Received ACK seq=700
Timeout, sequence number = 706
Timeout, sequence number = 735
Timeout, sequence number = 736
Timeout, sequence number = 747
Timeout, sequence number = 749
Timeout, sequence number = 749
Timeout, sequence number = 755
Timeout, sequence number = 760
Timeout, sequence number = 773
Timeout, sequence number = 775
Timeout, sequence number = 784
Timeout, sequence number = 790
Timeout, sequence number = 797
[CLIENT] Sent data seq=800
[CLIENT] Received ACK seq=800
Timeout, sequence number = 875
[CLIENT] Sent data seq=900
Timeout, sequence number = 899
[CLIENT] Received ACK seq=900
Timeout, sequence number = 907
Timeout, sequence number = 929
Timeout, sequence number = 930
Timeout, sequence number = 930
Timeout, sequence number = 941
Timeout, sequence number = 992
Timeout, sequence number = 992
[CLIENT] Sent data seq=1000
[CLIENT] Received ACK seq=1000
Timeout, sequence number = 1030
Timeout, sequence number = 1037
Timeout, sequence number = 1053
Timeout, sequence number = 1061
Timeout, sequence number = 1079
Timeout, sequence number = 1079
Timeout, sequence number = 1089
[CLIENT] Sent data seq=1100
[CLIENT] Received ACK seq=1100
Timeout, sequence number = 1134
Timeout, sequence number = 1141
Timeout, sequence number = 1159
Timeout, sequence number = 1169
Timeout, sequence number = 1177
Timeout, sequence number = 1183
Timeout, sequence number = 1186
Timeout, sequence number = 1197
[CLIENT] Sent data seq=1200
[CLIENT] Received ACK seq=1200
Timeout, sequence number = 1203
Timeout, sequence number = 1215
Timeout, sequence number = 1220
Timeout, sequence number = 1220
Timeout, sequence number = 1241
Timeout, sequence number = 1256
Timeout, sequence number = 1270
Timeout, sequence number = 1287
[CLIENT] Sent data seq=1300
[CLIENT] Received ACK seq=1300
Timeout, sequence number = 1351
[CLIENT] Sent data seq=1400
[CLIENT] Received ACK seq=1400
Timeout, sequence number = 1446
Timeout, sequence number = 1447
Timeout, sequence number = 1451
Timeout, sequence number = 1460
Timeout, sequence number = 1461
Timeout, sequence number = 1472
[CLIENT] Sent data seq=1500
[CLIENT] Received ACK seq=1500
Timeout, sequence number = 1577
Timeout, sequence number = 1589
Timeout, sequence number = 1592
[CLIENT] Sent data seq=1600
[CLIENT] Received ACK seq=1600
Timeout, sequence number = 1640
Timeout, sequence number = 1649
Timeout, sequence number = 1651
[CLIENT] Sent data seq=1700
[CLIENT] Received ACK seq=1700
Timeout, sequence number = 1708
Timeout, sequence number = 1721
Timeout, sequence number = 1724
Timeout, sequence number = 1732
Timeout, sequence number = 1732
Timeout, sequence number = 1743
Timeout, sequence number = 1758
Timeout, sequence number = 1785
[CLIENT] Sent data seq=1800
[CLIENT] Received ACK seq=1800
Timeout, sequence number = 1807
Timeout, sequence number = 1866
Timeout, sequence number = 1889
[CLIENT] Sent data seq=1900
[CLIENT] Received ACK seq=1900
Timeout, sequence number = 1928
Timeout, sequence number = 1944
Timeout, sequence number = 1994
Timeout, sequence number = 1996
[CLIENT] Sent data seq=2000
[CLIENT] Received ACK seq=2000
Timeout, sequence number = 2029
Timeout, sequence number = 2034
Timeout, sequence number = 2064
Timeout, sequence number = 2070
[CLIENT] Sent data seq=2100
[CLIENT] Received ACK seq=2100
Timeout, sequence number = 2116
Timeout, sequence number = 2122
Timeout, sequence number = 2125
Timeout, sequence number = 2133
Timeout, sequence number = 2155
Timeout, sequence number = 2192
Timeout, sequence number = 2196
[CLIENT] Sent data seq=2200
[CLIENT] Received ACK seq=2200
Timeout, sequence number = 2201
Timeout, sequence number = 2261
Timeout, sequence number = 2281
Timeout, sequence number = 2292
[CLIENT] Sent data seq=2300
[CLIENT] Received ACK seq=2300
Timeout, sequence number = 2338
Timeout, sequence number = 2350
Timeout, sequence number = 2350
Timeout, sequence number = 2369
Timeout, sequence number = 2379
[CLIENT] Sent data seq=2400
[CLIENT] Received ACK seq=2400
[CLIENT] Summary: sent_packets=2401, ack_packets=2401, retransmitted_packets=270, timeout_events=135
Transfer complete. Delay = 80.548438 seconds

=== STDERR ===
