=== STDOUT ===
[CLIENT] Starting transfer: server=10.153.27.102:7735, file=demo_input.bin, N=256, MSS=500, total_segments=2401
[CLIENT] Sent data seq=0
[CLIENT] Sent data seq=1
[CLIENT] Sent data seq=2
[CLIENT] Sent data seq=3
[CLIENT] Sent data seq=4
[CLIENT] Sent data seq=100
[CLIENT] Sent data seq=200
[CLIENT] Received ACK seq=2
[CLIENT] Received ACK seq=3
[CLIENT] Received ACK seq=4
Timeout, sequence number = 14
Timeout, sequence number = 20
Timeout, sequence number = 24
[CLIENT] Sent data seq=300
Timeout, sequence number = 54
Timeout, sequence number = 54
Timeout, sequence number = 81
[CLIENT] Received ACK seq=100
Timeout, sequence number = 101
[CLIENT] Sent data seq=400
Timeout, sequence number = 168
Timeout, sequence number = 186
[CLIENT] Received ACK seq=200
Timeout, sequence number = 224
[CLIENT] Sent data seq=500
Timeout, sequence number = 265
Timeout, sequence number = 268
[CLIENT] Received ACK seq=300
Timeout, sequence number = 301
Timeout, sequence number = 323
Timeout, sequence number = 331
[CLIENT] Sent data seq=600
Timeout, sequence number = 353
Timeout, sequence number = 366
Timeout, sequence number = 376
Timeout, sequence number = 385
Timeout, sequence number = 395
[CLIENT] Received ACK seq=400
Timeout, sequence number = 410
Timeout, sequence number = 421
Timeout, sequence number = 422
[CLIENT] Sent data seq=700
Timeout, sequence number = 448
Timeout, sequence number = 452
[CLIENT] Received ACK seq=500
Timeout, sequence number = 502
Timeout, sequence number = 503
Timeout, sequence number = 503
Timeout, sequence number = 508
Timeout, sequence number = 532
Timeout, sequence number = 533
Timeout, sequence number = 539
Timeout, sequence number = 542
[CLIENT] Sent data seq=800
[CLIENT] Received ACK seq=600
Timeout, sequence number = 604
Timeout, sequence number = 604
Timeout, sequence number = 608
Timeout, sequence number = 620
[CLIENT] Sent data seq=900
Timeout, sequence number = 652
Timeout, sequence number = 652
Timeout, sequence number = 669
Timeout, sequence number = 696
[CLIENT] Received ACK seq=700
Timeout, sequence number = 702
Timeout, sequence number = 703
Timeout, sequence number = 729
[CLIENT] Sent data seq=1000
Timeout, sequence number = 770
Timeout, sequence number = 777
Timeout, sequence number = 777
Timeout, sequence number = 785
Timeout, sequence number = 786
Timeout, sequence number = 793
[CLIENT] Received ACK seq=800
Timeout, sequence number = 811
Timeout, sequence number = 821
Timeout, sequence number = 830
[CLIENT] Sent data seq=1100
Timeout, sequence number = 856
Timeout, sequence number = 874
Timeout, sequence number = 883
[CLIENT] Received ACK seq=900
Timeout, sequence number = 905
Timeout, sequence number = 918
Timeout, sequence number = 935
Timeout, sequence number = 936
Timeout, sequence number = 937
Timeout, sequence number = 940
[CLIENT] Sent data seq=1200
Timeout, sequence number = 945
Timeout, sequence number = 968
[CLIENT] Received ACK seq=1000
Timeout, sequence number = 1007
Timeout, sequence number = 1007
Timeout, sequence number = 1015
[CLIENT] Sent data seq=1300
Timeout, sequence number = 1062
Timeout, sequence number = 1068
Timeout, sequence number = 1080
Timeout, sequence number = 1092
[CLIENT] Received ACK seq=1100
Timeout, sequence number = 1101
Timeout, sequence number = 1134
[CLIENT] Sent data seq=1400
Timeout, sequence number = 1170
Timeout, sequence number = 1193
[CLIENT] Received ACK seq=1200
Timeout, sequence number = 1217
Timeout, sequence number = 1223
Timeout, sequence number = 1233
Timeout, sequence number = 1237
[CLIENT] Sent data seq=1500
Timeout, sequence number = 1247
Timeout, sequence number = 1257
Timeout, sequence number = 1291
[CLIENT] Received ACK seq=1300
Timeout, sequence number = 1319
Timeout, sequence number = 1321
[CLIENT] Sent data seq=1600
Timeout, sequence number = 1353
Timeout, sequence number = 1359
Timeout, sequence number = 1364
[CLIENT] Received ACK seq=1400
Timeout, sequence number = 1410
Timeout, sequence number = 1427
[CLIENT] Sent data seq=1700
Timeout, sequence number = 1450
Timeout, sequence number = 1450
Timeout, sequence number = 1455
Timeout, sequence number = 1472
Timeout, sequence number = 1494
[CLIENT] Received ACK seq=1500
Timeout, sequence number = 1503
Timeout, sequence number = 1544
[CLIENT] Sent data seq=1800
Timeout, sequence number = 1561
Timeout, sequence number = 1566
Timeout, sequence number = 1585
Timeout, sequence number = 1597
[CLIENT] Received ACK seq=1600
Timeout, sequence number = 1609
Timeout, sequence number = 1618
Timeout, sequence number = 1635
Timeout, sequence number = 1636
[CLIENT] Sent data seq=1900
Timeout, sequence number = 1654
Timeout, sequence number = 1677
Timeout, sequence number = 1681
[CLIENT] Received ACK seq=1700
Timeout, sequence number = 1701
Timeout, sequence number = 1708
Timeout, sequence number = 1714
Timeout, sequence number = 1729
Timeout, sequence number = 1742
[CLIENT] Sent data seq=2000
Timeout, sequence number = 1750
Timeout, sequence number = 1796
[CLIENT] Received ACK seq=1800
Timeout, sequence number = 1832
[CLIENT] Sent data seq=2100
Timeout, sequence number = 1860
Timeout, sequence number = 1865
Timeout, sequence number = 1893
Timeout, sequence number = 1896
[CLIENT] Received ACK seq=1900
Timeout, sequence number = 1932
Timeout, sequence number = 1936
[CLIENT] Sent data seq=2200
[CLIENT] Received ACK seq=2000
[CLIENT] Sent data seq=2300
Timeout, sequence number = 2051
Timeout, sequence number = 2100
[CLIENT] Received ACK seq=2100
Timeout, sequence number = 2108
Timeout, sequence number = 2115
Timeout, sequence number = 2121
Timeout, sequence number = 2141
[CLIENT] Sent data seq=2400
Timeout, sequence number = 2146
Timeout, sequence number = 2193
[CLIENT] Received ACK seq=2200
Timeout, sequence number = 2212
Timeout, sequence number = 2218
Timeout, sequence number = 2222
Timeout, sequence number = 2237
Timeout, sequence number = 2263
[CLIENT] Received ACK seq=2300
Timeout, sequence number = 2345
Timeout, sequence number = 2351
Timeout, sequence number = 2356
Timeout, sequence number = 2359
Timeout, sequence number = 2363
[CLIENT] Received ACK seq=2400
[CLIENT] Summary: sent_packets=2401, ack_packets=2399, retransmitted_packets=34059, timeout_events=139
Transfer complete. Delay = 82.139769 seconds

=== STDERR ===
