=== STDOUT ===
[CLIENT] Starting transfer: server=10.153.27.102:7735, file=demo_input.bin, N=64, MSS=500, total_segments=2401
[CLIENT] Sent data seq=0
[CLIENT] Sent data seq=1
[CLIENT] Sent data seq=2
[CLIENT] Sent data seq=3
[CLIENT] Sent data seq=4
[CLIENT] Received ACK seq=0
Timeout, sequence number = 1
Timeout, sequence number = 1
[CLIENT] Received ACK seq=1
[CLIENT] Received ACK seq=2
[CLIENT] Received ACK seq=3
[CLIENT] Received ACK seq=4
[CLIENT] Sent data seq=100
Timeout, sequence number = 40
Timeout, sequence number = 57
Timeout, sequence number = 76
Timeout, sequence number = 89
Timeout, sequence number = 92
Timeout, sequence number = 96
[CLIENT] Received ACK seq=100
Timeout, sequence number = 113
Timeout, sequence number = 119
Timeout, sequence number = 130
Timeout, sequence number = 133
Timeout, sequence number = 135
[CLIENT] Sent data seq=200
Timeout, sequence number = 146
Timeout, sequence number = 190
Timeout, sequence number = 194
[CLIENT] Received ACK seq=200
Timeout, sequence number = 224
[CLIENT] Sent data seq=300
Timeout, sequence number = 242
Timeout, sequence number = 293
Timeout, sequence number = 293
[CLIENT] Received ACK seq=300
Timeout, sequence number = 309
Timeout, sequence number = 317
Timeout, sequence number = 322
Timeout, sequence number = 323
Timeout, sequence number = 324
[CLIENT] Sent data seq=400
Timeout, sequence number = 352
Timeout, sequence number = 354
Timeout, sequence number = 358
Timeout, sequence number = 366
Timeout, sequence number = 373
Timeout, sequence number = 396
[CLIENT] Received ACK seq=400
Timeout, sequence number = 412
[CLIENT] Sent data seq=500
Timeout, sequence number = 449
Timeout, sequence number = 449
Timeout, sequence number = 498
[CLIENT] Received ACK seq=500
Timeout, sequence number = 516
Timeout, sequence number = 528
[CLIENT] Sent data seq=600
Timeout, sequence number = 537
Timeout, sequence number = 554
Timeout, sequence number = 555
Timeout, sequence number = 565
[CLIENT] Received ACK seq=600
Timeout, sequence number = 605
Timeout, sequence number = 613
Timeout, sequence number = 620
[CLIENT] Sent data seq=700
Timeout, sequence number = 637
Timeout, sequence number = 638
Timeout, sequence number = 651
Timeout, sequence number = 657
Timeout, sequence number = 690
Timeout, sequence number = 699
[CLIENT] Received ACK seq=700
Timeout, sequence number = 717
Timeout, sequence number = 730
Timeout, sequence number = 734
[CLIENT] Sent data seq=800
Timeout, sequence number = 747
Timeout, sequence number = 768
Timeout, sequence number = 774
[CLIENT] Received ACK seq=800
Timeout, sequence number = 825
[CLIENT] Sent data seq=900
Timeout, sequence number = 848
Timeout, sequence number = 865
Timeout, sequence number = 876
Timeout, sequence number = 882
Timeout, sequence number = 899
[CLIENT] Received ACK seq=900
[CLIENT] Sent data seq=1000
Timeout, sequence number = 942
Timeout, sequence number = 962
[CLIENT] Received ACK seq=1000
Timeout, sequence number = 1003
Timeout, sequence number = 1004
Timeout, sequence number = 1006
Timeout, sequence number = 1006
[CLIENT] Sent data seq=1100
Timeout, sequence number = 1055
Timeout, sequence number = 1071
Timeout, sequence number = 1081
[CLIENT] Received ACK seq=1100
Timeout, sequence number = 1108
Timeout, sequence number = 1125
Timeout, sequence number = 1126
[CLIENT] Sent data seq=1200
Timeout, sequence number = 1139
Timeout, sequence number = 1146
Timeout, sequence number = 1148
Timeout, sequence number = 1153
Timeout, sequence number = 1187
Timeout, sequence number = 1193
[CLIENT] Received ACK seq=1200
Timeout, sequence number = 1219
Timeout, sequence number = 1234
[CLIENT] Sent data seq=1300
Timeout, sequence number = 1239
Timeout, sequence number = 1243
Timeout, sequence number = 1243
Timeout, sequence number = 1247
Timeout, sequence number = 1281
Timeout, sequence number = 1286
Timeout, sequence number = 1290
[CLIENT] Received ACK seq=1300
Timeout, sequence number = 1334
[CLIENT] Sent data seq=1400
Timeout, sequence number = 1346
Timeout, sequence number = 1356
Timeout, sequence number = 1356
[CLIENT] Received ACK seq=1400
Timeout, sequence number = 1431
[CLIENT] Sent data seq=1500
Timeout, sequence number = 1487
Timeout, sequence number = 1487
[CLIENT] Received ACK seq=1500
Timeout, sequence number = 1506
Timeout, sequence number = 1510
[CLIENT] Sent data seq=1600
Timeout, sequence number = 1564
Timeout, sequence number = 1572
Timeout, sequence number = 1577
[CLIENT] Received ACK seq=1600
Timeout, sequence number = 1615
Timeout, sequence number = 1629
[CLIENT] Sent data seq=1700
Timeout, sequence number = 1671
Timeout, sequence number = 1685
Timeout, sequence number = 1689
Timeout, sequence number = 1692
Timeout, sequence number = 1698
[CLIENT] Received ACK seq=1700
Timeout, sequence number = 1718
Timeout, sequence number = 1720
[CLIENT] Sent data seq=1800
Timeout, sequence number = 1751
Timeout, sequence number = 1753
Timeout, sequence number = 1754
Timeout, sequence number = 1761
Timeout, sequence number = 1777
[CLIENT] Received ACK seq=1800
Timeout, sequence number = 1832
[CLIENT] Sent data seq=1900
Timeout, sequence number = 1841
Timeout, sequence number = 1866
Timeout, sequence number = 1890
[CLIENT] Received ACK seq=1900
Timeout, sequence number = 1917
[CLIENT] Sent data seq=2000
Timeout, sequence number = 1957
Timeout, sequence number = 1962
Timeout, sequence number = 1968
Timeout, sequence number = 1982
[CLIENT] Received ACK seq=2000
Timeout, sequence number = 2005
Timeout, sequence number = 2028
Timeout, sequence number = 2035
Timeout, sequence number = 2035
[CLIENT] Sent data seq=2100
[CLIENT] Received ACK seq=2100
Timeout, sequence number = 2120
Timeout, sequence number = 2120
Timeout, sequence number = 2126
[CLIENT] Sent data seq=2200
[CLIENT] Received ACK seq=2200
Timeout, sequence number = 2210
Timeout, sequence number = 2228
[CLIENT] Sent data seq=2300
Timeout, sequence number = 2288
[CLIENT] Received ACK seq=2300
Timeout, sequence number = 2303
Timeout, sequence number = 2326
[CLIENT] Sent data seq=2400
Timeout, sequence number = 2393
[CLIENT] Received ACK seq=2400
[CLIENT] Summary: sent_packets=2401, ack_packets=2401, retransmitted_packets=8712, timeout_events=137
Transfer complete. Delay = 79.978486 seconds

=== STDERR ===
