=== STDOUT ===
[CLIENT] Starting transfer: server=10.153.27.102:7735, file=demo_input.bin, N=1, MSS=500, total_segments=2401
[CLIENT] Sent data seq=0
[CLIENT] Received ACK seq=0
[CLIENT] Sent data seq=1
[CLIENT] Received ACK seq=1
[CLIENT] Sent data seq=2
[CLIENT] Received ACK seq=2
[CLIENT] Sent data seq=3
[CLIENT] Received ACK seq=3
[CLIENT] Sent data seq=4
[CLIENT] Received ACK seq=4
Timeout, sequence number = 15
Timeout, sequence number = 16
Timeout, sequence number = 26
Timeout, sequence number = 27
Timeout, sequence number = 28
Timeout, sequence number = 34
Timeout, sequence number = 58
Timeout, sequence number = 71
Timeout, sequence number = 90
[CLIENT] Sent data seq=100
[CLIENT] Received ACK seq=100
Timeout, sequence number = 102
Timeout, sequence number = 104
Timeout, sequence number = 108
Timeout, sequence number = 144
Timeout, sequence number = 162
Timeout, sequence number = 165
Timeout, sequence number = 167
[CLIENT] Sent data seq=200
[CLIENT] Received ACK seq=200
Timeout, sequence number = 202
Timeout, sequence number = 202
Timeout, sequence number = 208
Timeout, sequence number = 225
Timeout, sequence number = 238
Timeout, sequence number = 271
[CLIENT] Sent data seq=300
[CLIENT] Received ACK seq=300
Timeout, sequence number = 302
Timeout, sequence number = 310
Timeout, sequence number = 320
Timeout, sequence number = 341
Timeout, sequence number = 353
Timeout, sequence number = 381
Timeout, sequence number = 391
[CLIENT] Sent data seq=400
[CLIENT] Received ACK seq=400
Timeout, sequence number = 445
Timeout, sequence number = 457
Timeout, sequence number = 464
[CLIENT] Sent data seq=500
[CLIENT] Received ACK seq=500
Timeout, sequence number = 502
Timeout, sequence number = 521
Timeout, sequence number = 553
Timeout, sequence number = 571
Timeout, sequence number = 585
[CLIENT] Sent data seq=600
[CLIENT] Received ACK seq=600
Timeout, sequence number = 606
Timeout, sequence number = 634
Timeout, sequence number = 654
Timeout, sequence number = 655
Timeout, sequence number = 655
Timeout, sequence number = 680
Timeout, sequence number = 699
[CLIENT] Sent data seq=700
[CLIENT] Received ACK seq=700
Timeout, sequence number = 748
Timeout, sequence number = 777
Timeout, sequence number = 787
Timeout, sequence number = 787
Timeout, sequence number = 798
Timeout, sequence number = 798
[CLIENT] Sent data seq=800
[CLIENT] Received ACK seq=800
Timeout, sequence number = 824
Timeout, sequence number = 843
Timeout, sequence number = 850
Timeout, sequence number = 865
[CLIENT] Sent data seq=900
[CLIENT] Received ACK seq=900
Timeout, sequence number = 925
Timeout, sequence number = 933
Timeout, sequence number = 939
Timeout, sequence number = 940
Timeout, sequence number = 972
Timeout, sequence number = 972
Timeout, sequence number = 986
Timeout, sequence number = 989
Timeout, sequence number = 990
[CLIENT] Sent data seq=1000
Timeout, sequence number = 1000
[CLIENT] Received ACK seq=1000
Timeout, sequence number = 1001
Timeout, sequence number = 1014
Timeout, sequence number = 1022
Timeout, sequence number = 1077
Timeout, sequence number = 1097
[CLIENT] Sent data seq=1100
[CLIENT] Received ACK seq=1100
Timeout, sequence number = 1120
Timeout, sequence number = 1147
Timeout, sequence number = 1180
Timeout, sequence number = 1193
[CLIENT] Sent data seq=1200
[CLIENT] Received ACK seq=1200
Timeout, sequence number = 1233
Timeout, sequence number = 1253
Timeout, sequence number = 1273
Timeout, sequence number = 1280
Timeout, sequence number = 1285
[CLIENT] Sent data seq=1300
[CLIENT] Received ACK seq=1300
Timeout, sequence number = 1302
Timeout, sequence number = 1324
Timeout, sequence number = 1326
Timeout, sequence number = 1360
[CLIENT] Sent data seq=1400
[CLIENT] Received ACK seq=1400
Timeout, sequence number = 1413
Timeout, sequence number = 1414
Timeout, sequence number = 1425
Timeout, sequence number = 1468
Timeout, sequence number = 1484
Timeout, sequence number = 1492
[CLIENT] Sent data seq=1500
[CLIENT] Received ACK seq=1500
Timeout, sequence number = 1546
Timeout, sequence number = 1567
Timeout, sequence number = 1576
Timeout, sequence number = 1576
Timeout, sequence number = 1587
[CLIENT] Sent data seq=1600
[CLIENT] Received ACK seq=1600
Timeout, sequence number = 1601
Timeout, sequence number = 1608
Timeout, sequence number = 1613
Timeout, sequence number = 1619
Timeout, sequence number = 1655
Timeout, sequence number = 1676
Timeout, sequence number = 1684
Timeout, sequence number = 1692
[CLIENT] Sent data seq=1700
[CLIENT] Received ACK seq=1700
Timeout, sequence number = 1720
Timeout, sequence number = 1756
Timeout, sequence number = 1767
Timeout, sequence number = 1778
Timeout, sequence number = 1779
Timeout, sequence number = 1782
[CLIENT] Sent data seq=1800
[CLIENT] Received ACK seq=1800
Timeout, sequence number = 1831
Timeout, sequence number = 1835
Timeout, sequence number = 1836
Timeout, sequence number = 1854
Timeout, sequence number = 1866
[CLIENT] Sent data seq=1900
[CLIENT] Received ACK seq=1900
Timeout, sequence number = 1978
Timeout, sequence number = 1983
Timeout, sequence number = 1997
Timeout, sequence number = 1997
[CLIENT] Sent data seq=2000
[CLIENT] Received ACK seq=2000
Timeout, sequence number = 2032
Timeout, sequence number = 2078
Timeout, sequence number = 2081
Timeout, sequence number = 2087
Timeout, sequence number = 2097
[CLIENT] Sent data seq=2100
[CLIENT] Received ACK seq=2100
Timeout, sequence number = 2113
Timeout, sequence number = 2148
Timeout, sequence number = 2148
Timeout, sequence number = 2151
Timeout, sequence number = 2162
[CLIENT] Sent data seq=2200
[CLIENT] Received ACK seq=2200
Timeout, sequence number = 2232
Timeout, sequence number = 2236
Timeout, sequence number = 2272
Timeout, sequence number = 2284
[CLIENT] Sent data seq=2300
Timeout, sequence number = 2300
[CLIENT] Received ACK seq=2300
Timeout, sequence number = 2327
Timeout, sequence number = 2331
Timeout, sequence number = 2351
Timeout, sequence number = 2386
Timeout, sequence number = 2386
[CLIENT] Sent data seq=2400
[CLIENT] Received ACK seq=2400
[CLIENT] Summary: sent_packets=2401, ack_packets=2401, retransmitted_packets=136, timeout_events=136
Transfer complete. Delay = 95.544825 seconds

=== STDERR ===
