=== STDOUT ===
[CLIENT] Starting transfer: server=10.153.27.102:7735, file=demo_input.bin, N=32, MSS=500, total_segments=2401
[CLIENT] Sent data seq=0
[CLIENT] Sent data seq=1
[CLIENT] Sent data seq=2
[CLIENT] Sent data seq=3
[CLIENT] Sent data seq=4
Timeout, sequence number = 0
[CLIENT] Received ACK seq=0
[CLIENT] Received ACK seq=1
[CLIENT] Received ACK seq=2
[CLIENT] Received ACK seq=3
[CLIENT] Received ACK seq=4
Timeout, sequence number = 6
Timeout, sequence number = 18
Timeout, sequence number = 19
Timeout, sequence number = 43
Timeout, sequence number = 56
Timeout, sequence number = 65
[CLIENT] Sent data seq=100
[CLIENT] Received ACK seq=100
Timeout, sequence number = 116
Timeout, sequence number = 136
Timeout, sequence number = 156
[CLIENT] Sent data seq=200
Timeout, sequence number = 197
[CLIENT] Received ACK seq=200
Timeout, sequence number = 203
Timeout, sequence number = 226
Timeout, sequence number = 236
Timeout, sequence number = 249
Timeout, sequence number = 251
[CLIENT] Sent data seq=300
Timeout, sequence number = 288
Timeout, sequence number = 289
[CLIENT] Received ACK seq=300
Timeout, sequence number = 319
Timeout, sequence number = 320
Timeout, sequence number = 327
Timeout, sequence number = 329
Timeout, sequence number = 335
Timeout, sequence number = 338
Timeout, sequence number = 358
[CLIENT] Sent data seq=400
Timeout, sequence number = 389
[CLIENT] Received ACK seq=400
Timeout, sequence number = 407
Timeout, sequence number = 416
Timeout, sequence number = 420
Timeout, sequence number = 467
[CLIENT] Sent data seq=500
Timeout, sequence number = 483
[CLIENT] Received ACK seq=500
Timeout, sequence number = 503
Timeout, sequence number = 522
Timeout, sequence number = 531
Timeout, sequence number = 547
Timeout, sequence number = 557
Timeout, sequence number = 560
[CLIENT] Sent data seq=600
Timeout, sequence number = 571
Timeout, sequence number = 594
[CLIENT] Received ACK seq=600
[CLIENT] Sent data seq=700
[CLIENT] Received ACK seq=700
Timeout, sequence number = 701
Timeout, sequence number = 701
Timeout, sequence number = 705
Timeout, sequence number = 742
Timeout, sequence number = 757
Timeout, sequence number = 764
[CLIENT] Sent data seq=800
Timeout, sequence number = 778
[CLIENT] Received ACK seq=800
Timeout, sequence number = 808
Timeout, sequence number = 832
Timeout, sequence number = 852
Timeout, sequence number = 854
[CLIENT] Sent data seq=900
[CLIENT] Received ACK seq=900
Timeout, sequence number = 932
Timeout, sequence number = 932
Timeout, sequence number = 935
[CLIENT] Sent data seq=1000
Timeout, sequence number = 985
[CLIENT] Received ACK seq=1000
Timeout, sequence number = 1030
Timeout, sequence number = 1043
Timeout, sequence number = 1060
[CLIENT] Sent data seq=1100
Timeout, sequence number = 1071
Timeout, sequence number = 1072
Timeout, sequence number = 1090
[CLIENT] Received ACK seq=1100
Timeout, sequence number = 1101
Timeout, sequence number = 1125
Timeout, sequence number = 1135
Timeout, sequence number = 1155
Timeout, sequence number = 1167
[CLIENT] Sent data seq=1200
Timeout, sequence number = 1191
[CLIENT] Received ACK seq=1200
Timeout, sequence number = 1213
Timeout, sequence number = 1219
Timeout, sequence number = 1243
[CLIENT] Sent data seq=1300
Timeout, sequence number = 1273
Timeout, sequence number = 1280
[CLIENT] Received ACK seq=1300
Timeout, sequence number = 1304
Timeout, sequence number = 1320
Timeout, sequence number = 1339
Timeout, sequence number = 1356
[CLIENT] Sent data seq=1400
Timeout, sequence number = 1383
[CLIENT] Received ACK seq=1400
Timeout, sequence number = 1406
Timeout, sequence number = 1457
Timeout, sequence number = 1461
[CLIENT] Sent data seq=1500
[CLIENT] Received ACK seq=1500
Timeout, sequence number = 1519
Timeout, sequence number = 1528
Timeout, sequence number = 1551
Timeout, sequence number = 1568
[CLIENT] Sent data seq=1600
Timeout, sequence number = 1594
[CLIENT] Received ACK seq=1600
Timeout, sequence number = 1602
Timeout, sequence number = 1641
Timeout, sequence number = 1656
[CLIENT] Sent data seq=1700
[CLIENT] Received ACK seq=1700
Timeout, sequence number = 1717
[CLIENT] Sent data seq=1800
[CLIENT] Received ACK seq=1800
Timeout, sequence number = 1801
Timeout, sequence number = 1834
Timeout, sequence number = 1840
Timeout, sequence number = 1845
Timeout, sequence number = 1847
Timeout, sequence number = 1855
[CLIENT] Sent data seq=1900
[CLIENT] Received ACK seq=1900
Timeout, sequence number = 1946
Timeout, sequence number = 1952
[CLIENT] Sent data seq=2000
Timeout, sequence number = 1993
Timeout, sequence number = 1993
Timeout, sequence number = 1995
[CLIENT] Received ACK seq=2000
Timeout, sequence number = 2003
Timeout, sequence number = 2025
Timeout, sequence number = 2034
Timeout, sequence number = 2052
[CLIENT] Sent data seq=2100
[CLIENT] Received ACK seq=2100
Timeout, sequence number = 2113
Timeout, sequence number = 2115
Timeout, sequence number = 2119
Timeout, sequence number = 2144
[CLIENT] Sent data seq=2200
Timeout, sequence number = 2169
Timeout, sequence number = 2170
[CLIENT] Received ACK seq=2200
Timeout, sequence number = 2225
Timeout, sequence number = 2225
Timeout, sequence number = 2237
[CLIENT] Sent data seq=2300
Timeout, sequence number = 2270
Timeout, sequence number = 2276
Timeout, sequence number = 2291
[CLIENT] Received ACK seq=2300
Timeout, sequence number = 2312
Timeout, sequence number = 2314
Timeout, sequence number = 2314
Timeout, sequence number = 2327
Timeout, sequence number = 2351
Timeout, sequence number = 2352
[CLIENT] Sent data seq=2400
Timeout, sequence number = 2384
[CLIENT] Received ACK seq=2400
[CLIENT] Summary: sent_packets=2401, ack_packets=2401, retransmitted_packets=3889, timeout_events=122
Transfer complete. Delay = 71.563890 seconds

=== STDERR ===
