=== STDOUT ===
[CLIENT] Starting transfer: server=10.153.27.102:7735, file=demo_input.bin, N=128, MSS=500, total_segments=2401
[CLIENT] Sent data seq=0
[CLIENT] Sent data seq=1
[CLIENT] Sent data seq=2
[CLIENT] Sent data seq=3
[CLIENT] Sent data seq=4
[CLIENT] Sent data seq=100
Timeout, sequence number = 0
[CLIENT] Received ACK seq=0
[CLIENT] Received ACK seq=1
[CLIENT] Received ACK seq=2
[CLIENT] Received ACK seq=3
[CLIENT] Received ACK seq=4
Timeout, sequence number = 8
Timeout, sequence number = 12
Timeout, sequence number = 16
Timeout, sequence number = 22
Timeout, sequence number = 24
Timeout, sequence number = 33
Timeout, sequence number = 64
[CLIENT] Sent data seq=200
Timeout, sequence number = 95
[CLIENT] Received ACK seq=100
Timeout, sequence number = 103
Timeout, sequence number = 116
Timeout, sequence number = 129
Timeout, sequence number = 131
Timeout, sequence number = 139
Timeout, sequence number = 140
[CLIENT] Sent data seq=300
Timeout, sequence number = 192
Timeout, sequence number = 196
[CLIENT] Received ACK seq=200
Timeout, sequence number = 211
Timeout, sequence number = 234
[CLIENT] Sent data seq=400
Timeout, sequence number = 295
[CLIENT] Received ACK seq=300
Timeout, sequence number = 307
Timeout, sequence number = 314
[CLIENT] Sent data seq=500
Timeout, sequence number = 379
[CLIENT] Received ACK seq=400
Timeout, sequence number = 406
Timeout, sequence number = 454
Timeout, sequence number = 454
[CLIENT] Sent data seq=600
Timeout, sequence number = 490
[CLIENT] Received ACK seq=500
Timeout, sequence number = 526
Timeout, sequence number = 532
Timeout, sequence number = 537
Timeout, sequence number = 562
Timeout, sequence number = 562
[CLIENT] Sent data seq=700
Timeout, sequence number = 597
[CLIENT] Received ACK seq=600
Timeout, sequence number = 615
Timeout, sequence number = 619
[CLIENT] Sent data seq=800
Timeout, sequence number = 679
Timeout, sequence number = 686
Timeout, sequence number = 693
[CLIENT] Received ACK seq=700
Timeout, sequence number = 701
Timeout, sequence number = 701
Timeout, sequence number = 712
Timeout, sequence number = 726
Timeout, sequence number = 732
[CLIENT] Sent data seq=900
Timeout, sequence number = 782
Timeout, sequence number = 785
[CLIENT] Received ACK seq=800
Timeout, sequence number = 835
Timeout, sequence number = 836
[CLIENT] Sent data seq=1000
Timeout, sequence number = 891
[CLIENT] Received ACK seq=900
Timeout, sequence number = 901
Timeout, sequence number = 925
Timeout, sequence number = 933
Timeout, sequence number = 957
Timeout, sequence number = 957
Timeout, sequence number = 961
[CLIENT] Sent data seq=1100
Timeout, sequence number = 997
[CLIENT] Received ACK seq=1000
Timeout, sequence number = 1016
Timeout, sequence number = 1033
Timeout, sequence number = 1036
Timeout, sequence number = 1054
Timeout, sequence number = 1055
[CLIENT] Sent data seq=1200
Timeout, sequence number = 1092
[CLIENT] Received ACK seq=1100
Timeout, sequence number = 1107
Timeout, sequence number = 1169
[CLIENT] Sent data seq=1300
Timeout, sequence number = 1187
[CLIENT] Received ACK seq=1200
Timeout, sequence number = 1214
Timeout, sequence number = 1215
Timeout, sequence number = 1225
Timeout, sequence number = 1263
Timeout, sequence number = 1267
Timeout, sequence number = 1271
[CLIENT] Sent data seq=1400
Timeout, sequence number = 1276
Timeout, sequence number = 1298
[CLIENT] Received ACK seq=1300
Timeout, sequence number = 1332
Timeout, sequence number = 1356
Timeout, sequence number = 1369
[CLIENT] Sent data seq=1500
Timeout, sequence number = 1382
Timeout, sequence number = 1383
[CLIENT] Received ACK seq=1400
Timeout, sequence number = 1433
Timeout, sequence number = 1438
Timeout, sequence number = 1442
[CLIENT] Sent data seq=1600
Timeout, sequence number = 1478
Timeout, sequence number = 1484
[CLIENT] Received ACK seq=1500
Timeout, sequence number = 1512
Timeout, sequence number = 1512
Timeout, sequence number = 1543
[CLIENT] Sent data seq=1700
Timeout, sequence number = 1573
Timeout, sequence number = 1585
[CLIENT] Received ACK seq=1600
Timeout, sequence number = 1608
Timeout, sequence number = 1620
Timeout, sequence number = 1669
[CLIENT] Sent data seq=1800
Timeout, sequence number = 1690
[CLIENT] Received ACK seq=1700
Timeout, sequence number = 1715
Timeout, sequence number = 1719
Timeout, sequence number = 1749
Timeout, sequence number = 1768
[CLIENT] Sent data seq=1900
[CLIENT] Received ACK seq=1800
Timeout, sequence number = 1825
Timeout, sequence number = 1843
[CLIENT] Sent data seq=2000
Timeout, sequence number = 1888
Timeout, sequence number = 1894
Timeout, sequence number = 1897
[CLIENT] Received ACK seq=1900
Timeout, sequence number = 1917
Timeout, sequence number = 1927
Timeout, sequence number = 1934
Timeout, sequence number = 1937
[CLIENT] Sent data seq=2100
Timeout, sequence number = 1989
Timeout, sequence number = 1989
[CLIENT] Received ACK seq=2000
[CLIENT] Sent data seq=2200
Timeout, sequence number = 2094
[CLIENT] Received ACK seq=2100
Timeout, sequence number = 2103
Timeout, sequence number = 2112
Timeout, sequence number = 2121
Timeout, sequence number = 2126
[CLIENT] Sent data seq=2300
Timeout, sequence number = 2196
Timeout, sequence number = 2198
[CLIENT] Received ACK seq=2200
Timeout, sequence number = 2211
Timeout, sequence number = 2223
Timeout, sequence number = 2233
Timeout, sequence number = 2264
[CLIENT] Sent data seq=2400
Timeout, sequence number = 2276
[CLIENT] Received ACK seq=2300
Timeout, sequence number = 2318
Timeout, sequence number = 2361
Timeout, sequence number = 2377
Timeout, sequence number = 2388
[CLIENT] Received ACK seq=2400
[CLIENT] Summary: sent_packets=2401, ack_packets=2401, retransmitted_packets=15261, timeout_events=122
Transfer complete. Delay = 70.768662 seconds

=== STDERR ===
