=== STDOUT ===
[CLIENT] Starting transfer: server=10.153.27.102:7735, file=demo_input.bin, N=8, MSS=500, total_segments=2401
[CLIENT] Sent data seq=0
[CLIENT] Sent data seq=1
[CLIENT] Sent data seq=2
[CLIENT] Sent data seq=3
[CLIENT] Sent data seq=4
[CLIENT] Received ACK seq=0
Timeout, sequence number = 1
[CLIENT] Received ACK seq=1
[CLIENT] Received ACK seq=2
[CLIENT] Received ACK seq=3
[CLIENT] Received ACK seq=4
Timeout, sequence number = 7
Timeout, sequence number = 14
Timeout, sequence number = 18
Timeout, sequence number = 46
Timeout, sequence number = 53
Timeout, sequence number = 74
[CLIENT] Sent data seq=100
[CLIENT] Received ACK seq=100
Timeout, sequence number = 120
Timeout, sequence number = 120
Timeout, sequence number = 123
Timeout, sequence number = 135
Timeout, sequence number = 148
Timeout, sequence number = 158
Timeout, sequence number = 174
[CLIENT] Sent data seq=200
Timeout, sequence number = 197
[CLIENT] Received ACK seq=200
Timeout, sequence number = 202
Timeout, sequence number = 209
Timeout, sequence number = 209
Timeout, sequence number = 218
Timeout, sequence number = 229
Timeout, sequence number = 231
Timeout, sequence number = 231
Timeout, sequence number = 241
Timeout, sequence number = 248
Timeout, sequence number = 250
Timeout, sequence number = 257
Timeout, sequence number = 273
[CLIENT] Sent data seq=300
[CLIENT] Received ACK seq=300
Timeout, sequence number = 316
Timeout, sequence number = 332
Timeout, sequence number = 335
Timeout, sequence number = 338
Timeout, sequence number = 338
Timeout, sequence number = 338
Timeout, sequence number = 363
Timeout, sequence number = 368
[CLIENT] Sent data seq=400
[CLIENT] Received ACK seq=400
Timeout, sequence number = 404
Timeout, sequence number = 420
Timeout, sequence number = 422
Timeout, sequence number = 443
Timeout, sequence number = 474
Timeout, sequence number = 477
[CLIENT] Sent data seq=500
Timeout, sequence number = 497
[CLIENT] Received ACK seq=500
Timeout, sequence number = 511
Timeout, sequence number = 557
Timeout, sequence number = 584
[CLIENT] Sent data seq=600
[CLIENT] Received ACK seq=600
Timeout, sequence number = 632
Timeout, sequence number = 642
Timeout, sequence number = 658
Timeout, sequence number = 658
Timeout, sequence number = 683
[CLIENT] Sent data seq=700
[CLIENT] Received ACK seq=700
Timeout, sequence number = 710
Timeout, sequence number = 714
Timeout, sequence number = 730
Timeout, sequence number = 777
Timeout, sequence number = 784
Timeout, sequence number = 788
[CLIENT] Sent data seq=800
[CLIENT] Received ACK seq=800
Timeout, sequence number = 801
Timeout, sequence number = 824
Timeout, sequence number = 847
Timeout, sequence number = 862
Timeout, sequence number = 886
Timeout, sequence number = 886
[CLIENT] Sent data seq=900
[CLIENT] Received ACK seq=900
Timeout, sequence number = 924
Timeout, sequence number = 947
Timeout, sequence number = 963
Timeout, sequence number = 974
Timeout, sequence number = 980
[CLIENT] Sent data seq=1000
Timeout, sequence number = 1000
[CLIENT] Received ACK seq=1000
Timeout, sequence number = 1002
Timeout, sequence number = 1013
Timeout, sequence number = 1088
Timeout, sequence number = 1088
[CLIENT] Sent data seq=1100
[CLIENT] Received ACK seq=1100
[CLIENT] Sent data seq=1200
Timeout, sequence number = 1193
Timeout, sequence number = 1195
[CLIENT] Received ACK seq=1200
Timeout, sequence number = 1223
Timeout, sequence number = 1228
Timeout, sequence number = 1270
Timeout, sequence number = 1275
[CLIENT] Sent data seq=1300
[CLIENT] Received ACK seq=1300
Timeout, sequence number = 1313
Timeout, sequence number = 1321
Timeout, sequence number = 1333
Timeout, sequence number = 1355
Timeout, sequence number = 1359
[CLIENT] Sent data seq=1400
Timeout, sequence number = 1400
[CLIENT] Received ACK seq=1400
Timeout, sequence number = 1408
Timeout, sequence number = 1430
Timeout, sequence number = 1439
[CLIENT] Sent data seq=1500
[CLIENT] Received ACK seq=1500
Timeout, sequence number = 1504
Timeout, sequence number = 1510
Timeout, sequence number = 1516
Timeout, sequence number = 1540
Timeout, sequence number = 1553
Timeout, sequence number = 1578
[CLIENT] Sent data seq=1600
[CLIENT] Received ACK seq=1600
Timeout, sequence number = 1616
Timeout, sequence number = 1618
Timeout, sequence number = 1637
Timeout, sequence number = 1638
Timeout, sequence number = 1640
Timeout, sequence number = 1649
[CLIENT] Sent data seq=1700
[CLIENT] Received ACK seq=1700
Timeout, sequence number = 1780
[CLIENT] Sent data seq=1800
Timeout, sequence number = 1793
Timeout, sequence number = 1799
Timeout, sequence number = 1800
[CLIENT] Received ACK seq=1800
Timeout, sequence number = 1887
Timeout, sequence number = 1889
[CLIENT] Sent data seq=1900
[CLIENT] Received ACK seq=1900
Timeout, sequence number = 1905
Timeout, sequence number = 1929
Timeout, sequence number = 1939
Timeout, sequence number = 1972
Timeout, sequence number = 1973
[CLIENT] Sent data seq=2000
Timeout, sequence number = 1997
[CLIENT] Received ACK seq=2000
Timeout, sequence number = 2004
Timeout, sequence number = 2074
Timeout, sequence number = 2075
[CLIENT] Sent data seq=2100
[CLIENT] Received ACK seq=2100
Timeout, sequence number = 2126
Timeout, sequence number = 2161
Timeout, sequence number = 2186
Timeout, sequence number = 2189
[CLIENT] Sent data seq=2200
[CLIENT] Received ACK seq=2200
Timeout, sequence number = 2223
Timeout, sequence number = 2241
Timeout, sequence number = 2270
[CLIENT] Sent data seq=2300
[CLIENT] Received ACK seq=2300
Timeout, sequence number = 2327
Timeout, sequence number = 2337
Timeout, sequence number = 2344
Timeout, sequence number = 2347
Timeout, sequence number = 2348
Timeout, sequence number = 2368
Timeout, sequence number = 2382
[CLIENT] Sent data seq=2400
[CLIENT] Received ACK seq=2400
[CLIENT] Summary: sent_packets=2401, ack_packets=2401, retransmitted_packets=1024, timeout_events=128
Transfer complete. Delay = 69.563141 seconds

=== STDERR ===
