=== STDOUT ===
[CLIENT] Starting transfer: server=10.153.27.102:7735, file=demo_input.bin, N=8, MSS=500, total_segments=2401
[CLIENT] Sent data seq=0
[CLIENT] Sent data seq=1
[CLIENT] Sent data seq=2
[CLIENT] Sent data seq=3
[CLIENT] Sent data seq=4
[CLIENT] Received ACK seq=0
[CLIENT] Received ACK seq=1
[CLIENT] Received ACK seq=2
[CLIENT] Received ACK seq=3
[CLIENT] Received ACK seq=4
Timeout, sequence number = 18
Timeout, sequence number = 46
Timeout, sequence number = 85
[CLIENT] Sent data seq=100
[CLIENT] Received ACK seq=100
Timeout, sequence number = 105
Timeout, sequence number = 133
Timeout, sequence number = 145
[CLIENT] Sent data seq=200
Timeout, sequence number = 198
[CLIENT] Received ACK seq=200
Timeout, sequence number = 207
Timeout, sequence number = 235
Timeout, sequence number = 242
Timeout, sequence number = 286
[CLIENT] Sent data seq=300
[CLIENT] Received ACK seq=300
Timeout, sequence number = 303
Timeout, sequence number = 307
Timeout, sequence number = 309
Timeout, sequence number = 314
Timeout, sequence number = 335
Timeout, sequence number = 335
Timeout, sequence number = 348
Timeout, sequence number = 383
[CLIENT] Sent data seq=400
Timeout, sequence number = 397
[CLIENT] Received ACK seq=400
Timeout, sequence number = 401
Timeout, sequence number = 432
Timeout, sequence number = 452
Timeout, sequence number = 466
Timeout, sequence number = 490
[CLIENT] Sent data seq=500
Timeout, sequence number = 499
[CLIENT] Received ACK seq=500
Timeout, sequence number = 517
Timeout, sequence number = 556
Timeout, sequence number = 574
Timeout, sequence number = 579
Timeout, sequence number = 592
[CLIENT] Sent data seq=600
[CLIENT] Received ACK seq=600
Timeout, sequence number = 624
Timeout, sequence number = 659
Timeout, sequence number = 662
Timeout, sequence number = 669
Timeout, sequence number = 688
[CLIENT] Sent data seq=700
Timeout, sequence number = 694
Timeout, sequence number = 695
[CLIENT] Received ACK seq=700
Timeout, sequence number = 711
Timeout, sequence number = 717
Timeout, sequence number = 768
Timeout, sequence number = 788
[CLIENT] Sent data seq=800
Timeout, sequence number = 793
[CLIENT] Received ACK seq=800
Timeout, sequence number = 815
Timeout, sequence number = 829
Timeout, sequence number = 858
Timeout, sequence number = 888
Timeout, sequence number = 892
[CLIENT] Sent data seq=900
[CLIENT] Received ACK seq=900
Timeout, sequence number = 947
Timeout, sequence number = 952
Timeout, sequence number = 973
[CLIENT] Sent data seq=1000
[CLIENT] Received ACK seq=1000
Timeout, sequence number = 1021
Timeout, sequence number = 1027
[CLIENT] Sent data seq=1100
[CLIENT] Received ACK seq=1100
Timeout, sequence number = 1107
Timeout, sequence number = 1143
Timeout, sequence number = 1147
Timeout, sequence number = 1150
Timeout, sequence number = 1160
Timeout, sequence number = 1181
Timeout, sequence number = 1191
[CLIENT] Sent data seq=1200
[CLIENT] Received ACK seq=1200
Timeout, sequence number = 1212
Timeout, sequence number = 1244
Timeout, sequence number = 1253
Timeout, sequence number = 1253
[CLIENT] Sent data seq=1300
Timeout, sequence number = 1296
Timeout, sequence number = 1298
[CLIENT] Received ACK seq=1300
Timeout, sequence number = 1337
Timeout, sequence number = 1342
Timeout, sequence number = 1375
Timeout, sequence number = 1383
Timeout, sequence number = 1388
Timeout, sequence number = 1388
Timeout, sequence number = 1391
[CLIENT] Sent data seq=1400
[CLIENT] Received ACK seq=1400
Timeout, sequence number = 1414
Timeout, sequence number = 1419
Timeout, sequence number = 1451
Timeout, sequence number = 1474
Timeout, sequence number = 1480
[CLIENT] Sent data seq=1500
[CLIENT] Received ACK seq=1500
Timeout, sequence number = 1503
Timeout, sequence number = 1505
Timeout, sequence number = 1545
Timeout, sequence number = 1546
Timeout, sequence number = 1556
Timeout, sequence number = 1558
[CLIENT] Sent data seq=1600
[CLIENT] Received ACK seq=1600
Timeout, sequence number = 1645
Timeout, sequence number = 1667
Timeout, sequence number = 1675
Timeout, sequence number = 1687
[CLIENT] Sent data seq=1700
[CLIENT] Received ACK seq=1700
Timeout, sequence number = 1730
Timeout, sequence number = 1737
Timeout, sequence number = 1750
Timeout, sequence number = 1761
Timeout, sequence number = 1792
[CLIENT] Sent data seq=1800
[CLIENT] Received ACK seq=1800
Timeout, sequence number = 1826
Timeout, sequence number = 1873
[CLIENT] Sent data seq=1900
[CLIENT] Received ACK seq=1900
Timeout, sequence number = 1931
Timeout, sequence number = 1945
Timeout, sequence number = 1946
Timeout, sequence number = 1989
[CLIENT] Sent data seq=2000
[CLIENT] Received ACK seq=2000
Timeout, sequence number = 2053
Timeout, sequence number = 2059
Timeout, sequence number = 2084
Timeout, sequence number = 2085
[CLIENT] Sent data seq=2100
[CLIENT] Received ACK seq=2100
Timeout, sequence number = 2104
Timeout, sequence number = 2127
Timeout, sequence number = 2148
Timeout, sequence number = 2157
Timeout, sequence number = 2175
Timeout, sequence number = 2192
[CLIENT] Sent data seq=2200
[CLIENT] Received ACK seq=2200
Timeout, sequence number = 2207
Timeout, sequence number = 2207
Timeout, sequence number = 2207
Timeout, sequence number = 2214
Timeout, sequence number = 2231
Timeout, sequence number = 2264
Timeout, sequence number = 2264
Timeout, sequence number = 2292
[CLIENT] Sent data seq=2300
[CLIENT] Received ACK seq=2300
Timeout, sequence number = 2313
Timeout, sequence number = 2348
Timeout, sequence number = 2373
Timeout, sequence number = 2375
Timeout, sequence number = 2375
Timeout, sequence number = 2384
[CLIENT] Sent data seq=2400
[CLIENT] Received ACK seq=2400
[CLIENT] Summary: sent_packets=2401, ack_packets=2401, retransmitted_packets=984, timeout_events=123
Transfer complete. Delay = 67.304560 seconds

=== STDERR ===
