=== STDOUT ===
[CLIENT] Starting transfer: server=10.153.27.102:7735, file=demo_input.bin, N=512, MSS=500, total_segments=2401
[CLIENT] Sent data seq=0
[CLIENT] Sent data seq=1
[CLIENT] Sent data seq=2
[CLIENT] Sent data seq=3
[CLIENT] Sent data seq=4
[CLIENT] Sent data seq=100
[CLIENT] Sent data seq=200
[CLIENT] Sent data seq=300
[CLIENT] Sent data seq=400
[CLIENT] Sent data seq=500
[CLIENT] Received ACK seq=0
[CLIENT] Received ACK seq=1
Timeout, sequence number = 2
[CLIENT] Received ACK seq=2
[CLIENT] Received ACK seq=3
[CLIENT] Received ACK seq=4
Timeout, sequence number = 16
Timeout, sequence number = 33
Timeout, sequence number = 36
Timeout, sequence number = 70
[CLIENT] Sent data seq=600
Timeout, sequence number = 96
[CLIENT] Received ACK seq=100
Timeout, sequence number = 121
Timeout, sequence number = 132
Timeout, sequence number = 148
Timeout, sequence number = 155
Timeout, sequence number = 158
Timeout, sequence number = 162
Timeout, sequence number = 179
[CLIENT] Sent data seq=700
Timeout, sequence number = 192
[CLIENT] Received ACK seq=200
Timeout, sequence number = 223
Timeout, sequence number = 234
Timeout, sequence number = 240
Timeout, sequence number = 274
[CLIENT] Sent data seq=800
Timeout, sequence number = 290
[CLIENT] Received ACK seq=300
Timeout, sequence number = 354
Timeout, sequence number = 364
Timeout, sequence number = 365
Timeout, sequence number = 367
Timeout, sequence number = 370
Timeout, sequence number = 370
Timeout, sequence number = 385
[CLIENT] Sent data seq=900
[CLIENT] Received ACK seq=400
Timeout, sequence number = 406
Timeout, sequence number = 412
Timeout, sequence number = 417
Timeout, sequence number = 426
Timeout, sequence number = 430
Timeout, sequence number = 432
Timeout, sequence number = 455
Timeout, sequence number = 457
Timeout, sequence number = 468
[CLIENT] Sent data seq=1000
[CLIENT] Received ACK seq=500
Timeout, sequence number = 503
Timeout, sequence number = 523
Timeout, sequence number = 539
Timeout, sequence number = 543
[CLIENT] Sent data seq=1100
Timeout, sequence number = 590
[CLIENT] Received ACK seq=600
Timeout, sequence number = 630
Timeout, sequence number = 646
[CLIENT] Sent data seq=1200
Timeout, sequence number = 692
[CLIENT] Received ACK seq=700
Timeout, sequence number = 715
Timeout, sequence number = 761
[CLIENT] Sent data seq=1300
Timeout, sequence number = 793
[CLIENT] Received ACK seq=800
Timeout, sequence number = 802
Timeout, sequence number = 814
Timeout, sequence number = 823
Timeout, sequence number = 830
Timeout, sequence number = 831
Timeout, sequence number = 845
Timeout, sequence number = 862
Timeout, sequence number = 874
Timeout, sequence number = 882
[CLIENT] Sent data seq=1400
Timeout, sequence number = 900
[CLIENT] Received ACK seq=900
Timeout, sequence number = 940
Timeout, sequence number = 945
Timeout, sequence number = 977
Timeout, sequence number = 986
Timeout, sequence number = 986
Timeout, sequence number = 987
Timeout, sequence number = 987
[CLIENT] Sent data seq=1500
[CLIENT] Received ACK seq=1000
Timeout, sequence number = 1018
Timeout, sequence number = 1028
Timeout, sequence number = 1035
Timeout, sequence number = 1035
Timeout, sequence number = 1046
Timeout, sequence number = 1049
Timeout, sequence number = 1060
Timeout, sequence number = 1060
Timeout, sequence number = 1068
[CLIENT] Sent data seq=1600
[CLIENT] Received ACK seq=1100
Timeout, sequence number = 1169
Timeout, sequence number = 1184
[CLIENT] Sent data seq=1700
Timeout, sequence number = 1198
[CLIENT] Received ACK seq=1200
Timeout, sequence number = 1213
Timeout, sequence number = 1213
Timeout, sequence number = 1266
Timeout, sequence number = 1279
Timeout, sequence number = 1287
[CLIENT] Sent data seq=1800
Timeout, sequence number = 1295
Timeout, sequence number = 1297
[CLIENT] Received ACK seq=1300
Timeout, sequence number = 1336
Timeout, sequence number = 1344
Timeout, sequence number = 1344
Timeout, sequence number = 1355
Timeout, sequence number = 1358
Timeout, sequence number = 1381
[CLIENT] Sent data seq=1900
[CLIENT] Received ACK seq=1400
Timeout, sequence number = 1409
Timeout, sequence number = 1414
Timeout, sequence number = 1446
Timeout, sequence number = 1449
Timeout, sequence number = 1461
[CLIENT] Sent data seq=2000
[CLIENT] Received ACK seq=1500
Timeout, sequence number = 1506
Timeout, sequence number = 1524
[CLIENT] Sent data seq=2100
Timeout, sequence number = 1593
[CLIENT] Received ACK seq=1600
Timeout, sequence number = 1639
Timeout, sequence number = 1656
[CLIENT] Sent data seq=2200
[CLIENT] Received ACK seq=1700
Timeout, sequence number = 1712
Timeout, sequence number = 1728
Timeout, sequence number = 1740
Timeout, sequence number = 1757
[CLIENT] Sent data seq=2300
Timeout, sequence number = 1792
Timeout, sequence number = 1795
Timeout, sequence number = 1796
[CLIENT] Received ACK seq=1800
Timeout, sequence number = 1840
Timeout, sequence number = 1842
[CLIENT] Sent data seq=2400
[CLIENT] Received ACK seq=1900
Timeout, sequence number = 1925
Timeout, sequence number = 1931
Timeout, sequence number = 1932
Timeout, sequence number = 1932
Timeout, sequence number = 1932
[CLIENT] Received ACK seq=2000
Timeout, sequence number = 2011
Timeout, sequence number = 2015
Timeout, sequence number = 2023
Timeout, sequence number = 2029
Timeout, sequence number = 2029
Timeout, sequence number = 2065
Timeout, sequence number = 2082
[CLIENT] Received ACK seq=2100
Timeout, sequence number = 2165
Timeout, sequence number = 2167
Timeout, sequence number = 2181
Timeout, sequence number = 2186
[CLIENT] Received ACK seq=2200
Timeout, sequence number = 2235
Timeout, sequence number = 2251
Timeout, sequence number = 2286
Timeout, sequence number = 2300
[CLIENT] Received ACK seq=2300
Timeout, sequence number = 2304
Timeout, sequence number = 2312
Timeout, sequence number = 2324
Timeout, sequence number = 2324
Timeout, sequence number = 2344
Timeout, sequence number = 2356
Timeout, sequence number = 2364
Timeout, sequence number = 2370
Timeout, sequence number = 2372
Timeout, sequence number = 2384
[CLIENT] Received ACK seq=2400
[CLIENT] Summary: sent_packets=2401, ack_packets=2401, retransmitted_packets=61683, timeout_events=137
Transfer complete. Delay = 81.289902 seconds

=== STDERR ===
