=== STDOUT ===
[CLIENT] Starting transfer: server=10.153.27.102:7735, file=demo_input.bin, N=1024, MSS=500, total_segments=2401
[CLIENT] Sent data seq=0
[CLIENT] Sent data seq=1
[CLIENT] Sent data seq=2
[CLIENT] Sent data seq=3
[CLIENT] Sent data seq=4
[CLIENT] Sent data seq=100
[CLIENT] Sent data seq=200
[CLIENT] Sent data seq=300
[CLIENT] Sent data seq=400
[CLIENT] Sent data seq=500
[CLIENT] Sent data seq=600
[CLIENT] Sent data seq=700
[CLIENT] Sent data seq=800
[CLIENT] Sent data seq=900
[CLIENT] Sent data seq=1000
Timeout, sequence number = 0
[CLIENT] Received ACK seq=1
[CLIENT] Received ACK seq=2
[CLIENT] Received ACK seq=3
[CLIENT] Received ACK seq=4
Timeout, sequence number = 18
Timeout, sequence number = 27
Timeout, sequence number = 40
Timeout, sequence number = 57
[CLIENT] Sent data seq=1100
[CLIENT] Received ACK seq=100
Timeout, sequence number = 101
Timeout, sequence number = 128
Timeout, sequence number = 130
Timeout, sequence number = 136
Timeout, sequence number = 147
Timeout, sequence number = 150
Timeout, sequence number = 171
[CLIENT] Sent data seq=1200
Timeout, sequence number = 190
Timeout, sequence number = 193
[CLIENT] Received ACK seq=200
Timeout, sequence number = 213
Timeout, sequence number = 220
Timeout, sequence number = 268
[CLIENT] Sent data seq=1300
Timeout, sequence number = 292
[CLIENT] Received ACK seq=300
Timeout, sequence number = 331
Timeout, sequence number = 335
Timeout, sequence number = 361
Timeout, sequence number = 361
Timeout, sequence number = 361
[CLIENT] Sent data seq=1400
Timeout, sequence number = 377
[CLIENT] Received ACK seq=400
Timeout, sequence number = 401
Timeout, sequence number = 402
Timeout, sequence number = 404
Timeout, sequence number = 416
Timeout, sequence number = 420
Timeout, sequence number = 431
Timeout, sequence number = 432
Timeout, sequence number = 471
Timeout, sequence number = 472
Timeout, sequence number = 475
[CLIENT] Sent data seq=1500
[CLIENT] Received ACK seq=500
[CLIENT] Sent data seq=1600
Timeout, sequence number = 585
[CLIENT] Received ACK seq=600
Timeout, sequence number = 616
Timeout, sequence number = 626
Timeout, sequence number = 629
Timeout, sequence number = 648
Timeout, sequence number = 659
[CLIENT] Sent data seq=1700
[CLIENT] Received ACK seq=700
Timeout, sequence number = 701
Timeout, sequence number = 728
Timeout, sequence number = 741
Timeout, sequence number = 748
Timeout, sequence number = 769
Timeout, sequence number = 774
[CLIENT] Sent data seq=1800
[CLIENT] Received ACK seq=800
Timeout, sequence number = 816
Timeout, sequence number = 839
Timeout, sequence number = 872
Timeout, sequence number = 876
[CLIENT] Sent data seq=1900
Timeout, sequence number = 877
[CLIENT] Received ACK seq=900
Timeout, sequence number = 903
Timeout, sequence number = 905
Timeout, sequence number = 910
Timeout, sequence number = 920
Timeout, sequence number = 930
Timeout, sequence number = 930
Timeout, sequence number = 933
Timeout, sequence number = 960
Timeout, sequence number = 968
Timeout, sequence number = 976
[CLIENT] Sent data seq=2000
[CLIENT] Received ACK seq=1000
Timeout, sequence number = 1008
Timeout, sequence number = 1016
Timeout, sequence number = 1016
Timeout, sequence number = 1025
Timeout, sequence number = 1025
Timeout, sequence number = 1029
[CLIENT] Sent data seq=2100
[CLIENT] Received ACK seq=1100
Timeout, sequence number = 1115
Timeout, sequence number = 1120
Timeout, sequence number = 1164
[CLIENT] Sent data seq=2200
Timeout, sequence number = 1181
Timeout, sequence number = 1186
[CLIENT] Received ACK seq=1200
Timeout, sequence number = 1239
Timeout, sequence number = 1258
[CLIENT] Sent data seq=2300
Timeout, sequence number = 1277
Timeout, sequence number = 1277
[CLIENT] Received ACK seq=1300
Timeout, sequence number = 1320
Timeout, sequence number = 1357
[CLIENT] Sent data seq=2400
Timeout, sequence number = 1378
Timeout, sequence number = 1382
[CLIENT] Received ACK seq=1400
Timeout, sequence number = 1422
Timeout, sequence number = 1464
[CLIENT] Received ACK seq=1500
Timeout, sequence number = 1501
Timeout, sequence number = 1506
Timeout, sequence number = 1551
Timeout, sequence number = 1554
Timeout, sequence number = 1590
Timeout, sequence number = 1600
Timeout, sequence number = 1600
[CLIENT] Received ACK seq=1600
Timeout, sequence number = 1617
Timeout, sequence number = 1660
[CLIENT] Received ACK seq=1700
Timeout, sequence number = 1708
Timeout, sequence number = 1712
Timeout, sequence number = 1718
Timeout, sequence number = 1732
Timeout, sequence number = 1772
Timeout, sequence number = 1782
[CLIENT] Received ACK seq=1800
Timeout, sequence number = 1801
Timeout, sequence number = 1833
Timeout, sequence number = 1834
Timeout, sequence number = 1836
Timeout, sequence number = 1847
Timeout, sequence number = 1865
Timeout, sequence number = 1867
Timeout, sequence number = 1871
Timeout, sequence number = 1882
Timeout, sequence number = 1900
[CLIENT] Received ACK seq=1900
Timeout, sequence number = 1903
Timeout, sequence number = 1904
Timeout, sequence number = 1937
Timeout, sequence number = 1993
Timeout, sequence number = 1993
[CLIENT] Received ACK seq=2000
Timeout, sequence number = 2008
Timeout, sequence number = 2033
Timeout, sequence number = 2049
Timeout, sequence number = 2059
Timeout, sequence number = 2063
Timeout, sequence number = 2068
Timeout, sequence number = 2086
[CLIENT] Received ACK seq=2100
Timeout, sequence number = 2101
Timeout, sequence number = 2104
Timeout, sequence number = 2105
Timeout, sequence number = 2106
Timeout, sequence number = 2113
Timeout, sequence number = 2129
Timeout, sequence number = 2135
Timeout, sequence number = 2140
Timeout, sequence number = 2145
Timeout, sequence number = 2149
Timeout, sequence number = 2153
Timeout, sequence number = 2153
Timeout, sequence number = 2181
Timeout, sequence number = 2181
Timeout, sequence number = 2200
[CLIENT] Received ACK seq=2200
Timeout, sequence number = 2250
Timeout, sequence number = 2267
[CLIENT] Received ACK seq=2300
Timeout, sequence number = 2347
Timeout, sequence number = 2369
Timeout, sequence number = 2378
[CLIENT] Received ACK seq=2400
[CLIENT] Summary: sent_packets=2401, ack_packets=2400, retransmitted_packets=109746, timeout_events=139
Transfer complete. Delay = 82.970514 seconds

=== STDERR ===
