=== STDOUT ===
[CLIENT] Starting transfer: server=10.153.27.102:7735, file=demo_input.bin, N=64, MSS=500, total_segments=2401
[CLIENT] Sent data seq=0
[CLIENT] Sent data seq=1
[CLIENT] Sent data seq=2
[CLIENT] Sent data seq=3
[CLIENT] Sent data seq=4
[CLIENT] Received ACK seq=0
[CLIENT] Received ACK seq=1
[CLIENT] Received ACK seq=2
[CLIENT] Received ACK seq=3
[CLIENT] Received ACK seq=4
Timeout, sequence number = 32
[CLIENT] Sent data seq=100
Timeout, sequence number = 69
[CLIENT] Received ACK seq=100
Timeout, sequence number = 128
[CLIENT] Sent data seq=200
Timeout, sequence number = 140
Timeout, sequence number = 143
Timeout, sequence number = 162
Timeout, sequence number = 168
Timeout, sequence number = 168
Timeout, sequence number = 171
[CLIENT] Received ACK seq=200
Timeout, sequence number = 208
Timeout, sequence number = 212
[CLIENT] Sent data seq=300
Timeout, sequence number = 246
Timeout, sequence number = 277
Timeout, sequence number = 287
Timeout, sequence number = 294
[CLIENT] Received ACK seq=300
Timeout, sequence number = 309
Timeout, sequence number = 317
Timeout, sequence number = 322
Timeout, sequence number = 325
[CLIENT] Sent data seq=400
Timeout, sequence number = 339
Timeout, sequence number = 372
Timeout, sequence number = 372
Timeout, sequence number = 382
Timeout, sequence number = 388
Timeout, sequence number = 391
[CLIENT] Received ACK seq=400
Timeout, sequence number = 404
Timeout, sequence number = 430
[CLIENT] Sent data seq=500
Timeout, sequence number = 444
Timeout, sequence number = 487
Timeout, sequence number = 489
Timeout, sequence number = 493
[CLIENT] Received ACK seq=500
Timeout, sequence number = 503
Timeout, sequence number = 510
Timeout, sequence number = 526
[CLIENT] Sent data seq=600
Timeout, sequence number = 564
Timeout, sequence number = 575
Timeout, sequence number = 577
Timeout, sequence number = 586
Timeout, sequence number = 593
[CLIENT] Received ACK seq=600
Timeout, sequence number = 614
Timeout, sequence number = 618
Timeout, sequence number = 628
Timeout, sequence number = 633
[CLIENT] Sent data seq=700
Timeout, sequence number = 643
Timeout, sequence number = 666
Timeout, sequence number = 691
[CLIENT] Received ACK seq=700
[CLIENT] Sent data seq=800
[CLIENT] Received ACK seq=800
Timeout, sequence number = 804
Timeout, sequence number = 814
Timeout, sequence number = 834
[CLIENT] Sent data seq=900
Timeout, sequence number = 841
Timeout, sequence number = 854
[CLIENT] Received ACK seq=900
Timeout, sequence number = 922
[CLIENT] Sent data seq=1000
Timeout, sequence number = 937
Timeout, sequence number = 938
Timeout, sequence number = 950
Timeout, sequence number = 950
Timeout, sequence number = 961
[CLIENT] Received ACK seq=1000
Timeout, sequence number = 1009
Timeout, sequence number = 1022
Timeout, sequence number = 1028
Timeout, sequence number = 1031
[CLIENT] Sent data seq=1100
Timeout, sequence number = 1040
Timeout, sequence number = 1054
Timeout, sequence number = 1058
Timeout, sequence number = 1062
Timeout, sequence number = 1086
[CLIENT] Received ACK seq=1100
Timeout, sequence number = 1102
Timeout, sequence number = 1123
[CLIENT] Sent data seq=1200
Timeout, sequence number = 1155
Timeout, sequence number = 1155
Timeout, sequence number = 1172
Timeout, sequence number = 1175
[CLIENT] Received ACK seq=1200
Timeout, sequence number = 1225
Timeout, sequence number = 1229
[CLIENT] Sent data seq=1300
Timeout, sequence number = 1277
[CLIENT] Received ACK seq=1300
Timeout, sequence number = 1301
Timeout, sequence number = 1313
Timeout, sequence number = 1323
[CLIENT] Sent data seq=1400
Timeout, sequence number = 1337
Timeout, sequence number = 1339
Timeout, sequence number = 1359
Timeout, sequence number = 1384
[CLIENT] Received ACK seq=1400
Timeout, sequence number = 1424
Timeout, sequence number = 1429
Timeout, sequence number = 1433
[CLIENT] Sent data seq=1500
Timeout, sequence number = 1440
Timeout, sequence number = 1471
Timeout, sequence number = 1481
Timeout, sequence number = 1495
[CLIENT] Received ACK seq=1500
Timeout, sequence number = 1529
[CLIENT] Sent data seq=1600
Timeout, sequence number = 1542
Timeout, sequence number = 1553
Timeout, sequence number = 1555
Timeout, sequence number = 1557
Timeout, sequence number = 1558
Timeout, sequence number = 1563
Timeout, sequence number = 1570
Timeout, sequence number = 1579
[CLIENT] Received ACK seq=1600
Timeout, sequence number = 1613
[CLIENT] Sent data seq=1700
Timeout, sequence number = 1652
Timeout, sequence number = 1677
Timeout, sequence number = 1685
[CLIENT] Received ACK seq=1700
[CLIENT] Sent data seq=1800
Timeout, sequence number = 1768
Timeout, sequence number = 1773
Timeout, sequence number = 1796
[CLIENT] Received ACK seq=1800
Timeout, sequence number = 1822
Timeout, sequence number = 1823
Timeout, sequence number = 1828
[CLIENT] Sent data seq=1900
Timeout, sequence number = 1837
Timeout, sequence number = 1852
Timeout, sequence number = 1858
Timeout, sequence number = 1867
[CLIENT] Received ACK seq=1900
[CLIENT] Sent data seq=2000
Timeout, sequence number = 1938
Timeout, sequence number = 1955
Timeout, sequence number = 1996
[CLIENT] Received ACK seq=2000
Timeout, sequence number = 2021
Timeout, sequence number = 2022
Timeout, sequence number = 2034
[CLIENT] Sent data seq=2100
Timeout, sequence number = 2068
[CLIENT] Received ACK seq=2100
[CLIENT] Sent data seq=2200
Timeout, sequence number = 2140
Timeout, sequence number = 2151
Timeout, sequence number = 2176
Timeout, sequence number = 2195
Timeout, sequence number = 2195
[CLIENT] Received ACK seq=2200
Timeout, sequence number = 2212
Timeout, sequence number = 2230
Timeout, sequence number = 2233
Timeout, sequence number = 2234
[CLIENT] Sent data seq=2300
Timeout, sequence number = 2290
Timeout, sequence number = 2290
[CLIENT] Received ACK seq=2300
Timeout, sequence number = 2320
Timeout, sequence number = 2321
[CLIENT] Sent data seq=2400
Timeout, sequence number = 2378
Timeout, sequence number = 2384
Timeout, sequence number = 2384
[CLIENT] Received ACK seq=2400
[CLIENT] Summary: sent_packets=2401, ack_packets=2401, retransmitted_packets=8505, timeout_events=135
Transfer complete. Delay = 77.834973 seconds

=== STDERR ===
