=== STDOUT ===
[CLIENT] Starting transfer: server=10.153.27.102:7735, file=demo_input.bin, N=256, MSS=500, total_segments=2401
[CLIENT] Sent data seq=0
[CLIENT] Sent data seq=1
[CLIENT] Sent data seq=2
[CLIENT] Sent data seq=3
[CLIENT] Sent data seq=4
[CLIENT] Sent data seq=100
[CLIENT] Sent data seq=200
[CLIENT] Received ACK seq=0
[CLIENT] Received ACK seq=1
[CLIENT] Received ACK seq=2
[CLIENT] Received ACK seq=3
[CLIENT] Received ACK seq=4
[CLIENT] Sent data seq=300
Timeout, sequence number = 53
Timeout, sequence number = 90
Timeout, sequence number = 97
[CLIENT] Received ACK seq=100
Timeout, sequence number = 134
Timeout, sequence number = 136
[CLIENT] Sent data seq=400
Timeout, sequence number = 166
Timeout, sequence number = 166
Timeout, sequence number = 178
Timeout, sequence number = 188
[CLIENT] Received ACK seq=200
Timeout, sequence number = 207
Timeout, sequence number = 242
Timeout, sequence number = 242
Timeout, sequence number = 242
[CLIENT] Sent data seq=500
Timeout, sequence number = 250
[CLIENT] Received ACK seq=300
Timeout, sequence number = 318
Timeout, sequence number = 335
Timeout, sequence number = 337
Timeout, sequence number = 341
Timeout, sequence number = 344
[CLIENT] Sent data seq=600
Timeout, sequence number = 391
Timeout, sequence number = 391
[CLIENT] Received ACK seq=400
Timeout, sequence number = 417
Timeout, sequence number = 435
Timeout, sequence number = 442
Timeout, sequence number = 443
[CLIENT] Sent data seq=700
Timeout, sequence number = 455
Timeout, sequence number = 463
Timeout, sequence number = 483
[CLIENT] Received ACK seq=500
[CLIENT] Sent data seq=800
Timeout, sequence number = 568
Timeout, sequence number = 583
[CLIENT] Received ACK seq=600
Timeout, sequence number = 602
[CLIENT] Sent data seq=900
Timeout, sequence number = 692
Timeout, sequence number = 692
[CLIENT] Received ACK seq=700
Timeout, sequence number = 713
[CLIENT] Sent data seq=1000
Timeout, sequence number = 745
Timeout, sequence number = 775
[CLIENT] Received ACK seq=800
[CLIENT] Sent data seq=1100
Timeout, sequence number = 883
Timeout, sequence number = 888
[CLIENT] Received ACK seq=900
[CLIENT] Sent data seq=1200
Timeout, sequence number = 949
Timeout, sequence number = 990
Timeout, sequence number = 993
[CLIENT] Received ACK seq=1000
Timeout, sequence number = 1014
Timeout, sequence number = 1031
Timeout, sequence number = 1041
Timeout, sequence number = 1043
Timeout, sequence number = 1043
[CLIENT] Sent data seq=1300
Timeout, sequence number = 1061
Timeout, sequence number = 1081
Timeout, sequence number = 1081
Timeout, sequence number = 1083
Timeout, sequence number = 1086
[CLIENT] Received ACK seq=1100
Timeout, sequence number = 1119
Timeout, sequence number = 1122
Timeout, sequence number = 1139
[CLIENT] Sent data seq=1400
Timeout, sequence number = 1166
[CLIENT] Received ACK seq=1200
Timeout, sequence number = 1215
Timeout, sequence number = 1236
[CLIENT] Sent data seq=1500
Timeout, sequence number = 1268
Timeout, sequence number = 1273
Timeout, sequence number = 1292
Timeout, sequence number = 1293
Timeout, sequence number = 1295
[CLIENT] Received ACK seq=1300
Timeout, sequence number = 1318
Timeout, sequence number = 1325
[CLIENT] Sent data seq=1600
Timeout, sequence number = 1345
Timeout, sequence number = 1348
Timeout, sequence number = 1362
Timeout, sequence number = 1371
Timeout, sequence number = 1382
Timeout, sequence number = 1382
[CLIENT] Received ACK seq=1400
Timeout, sequence number = 1412
Timeout, sequence number = 1413
Timeout, sequence number = 1418
[CLIENT] Sent data seq=1700
Timeout, sequence number = 1449
Timeout, sequence number = 1478
Timeout, sequence number = 1481
Timeout, sequence number = 1493
[CLIENT] Received ACK seq=1500
Timeout, sequence number = 1504
Timeout, sequence number = 1515
Timeout, sequence number = 1529
[CLIENT] Sent data seq=1800
Timeout, sequence number = 1550
Timeout, sequence number = 1554
Timeout, sequence number = 1562
Timeout, sequence number = 1565
Timeout, sequence number = 1580
Timeout, sequence number = 1584
[CLIENT] Received ACK seq=1600
Timeout, sequence number = 1601
Timeout, sequence number = 1643
[CLIENT] Sent data seq=1900
Timeout, sequence number = 1648
Timeout, sequence number = 1670
[CLIENT] Received ACK seq=1700
Timeout, sequence number = 1711
Timeout, sequence number = 1721
Timeout, sequence number = 1739
Timeout, sequence number = 1742
[CLIENT] Sent data seq=2000
[CLIENT] Received ACK seq=1800
Timeout, sequence number = 1808
Timeout, sequence number = 1821
Timeout, sequence number = 1822
Timeout, sequence number = 1824
Timeout, sequence number = 1844
[CLIENT] Sent data seq=2100
Timeout, sequence number = 1882
Timeout, sequence number = 1894
[CLIENT] Received ACK seq=1900
Timeout, sequence number = 1902
[CLIENT] Sent data seq=2200
Timeout, sequence number = 1954
Timeout, sequence number = 1963
Timeout, sequence number = 1968
Timeout, sequence number = 1979
Timeout, sequence number = 1991
[CLIENT] Received ACK seq=2000
Timeout, sequence number = 2014
[CLIENT] Sent data seq=2300
Timeout, sequence number = 2051
Timeout, sequence number = 2087
Timeout, sequence number = 2093
[CLIENT] Received ACK seq=2100
Timeout, sequence number = 2105
Timeout, sequence number = 2115
Timeout, sequence number = 2121
[CLIENT] Sent data seq=2400
Timeout, sequence number = 2156
Timeout, sequence number = 2159
Timeout, sequence number = 2180
Timeout, sequence number = 2199
[CLIENT] Received ACK seq=2200
Timeout, sequence number = 2202
Timeout, sequence number = 2253
Timeout, sequence number = 2278
[CLIENT] Received ACK seq=2300
Timeout, sequence number = 2317
Timeout, sequence number = 2320
Timeout, sequence number = 2335
Timeout, sequence number = 2337
Timeout, sequence number = 2339
Timeout, sequence number = 2355
[CLIENT] Received ACK seq=2400
[CLIENT] Summary: sent_packets=2401, ack_packets=2401, retransmitted_packets=30967, timeout_events=127
Transfer complete. Delay = 75.113237 seconds

=== STDERR ===
