=== STDOUT ===
[CLIENT] Starting transfer: server=10.153.27.102:7735, file=demo_input.bin, N=512, MSS=500, total_segments=2401
[CLIENT] Sent data seq=0
[CLIENT] Sent data seq=1
[CLIENT] Sent data seq=2
[CLIENT] Sent data seq=3
[CLIENT] Sent data seq=4
[CLIENT] Sent data seq=100
[CLIENT] Sent data seq=200
[CLIENT] Sent data seq=300
[CLIENT] Sent data seq=400
[CLIENT] Sent data seq=500
Timeout, sequence number = 0
Timeout, sequence number = 0
Timeout, sequence number = 0
Timeout, sequence number = 0
[CLIENT] Received ACK seq=0
[CLIENT] Received ACK seq=1
[CLIENT] Received ACK seq=2
Timeout, sequence number = 3
[CLIENT] Received ACK seq=3
[CLIENT] Received ACK seq=4
Timeout, sequence number = 27
Timeout, sequence number = 33
Timeout, sequence number = 64
Timeout, sequence number = 76
Timeout, sequence number = 85
[CLIENT] Sent data seq=600
[CLIENT] Received ACK seq=100
[CLIENT] Sent data seq=700
Timeout, sequence number = 190
[CLIENT] Received ACK seq=200
Timeout, sequence number = 201
Timeout, sequence number = 218
Timeout, sequence number = 226
Timeout, sequence number = 233
Timeout, sequence number = 249
Timeout, sequence number = 259
Timeout, sequence number = 259
Timeout, sequence number = 259
[CLIENT] Sent data seq=800
Timeout, sequence number = 293
Timeout, sequence number = 293
Timeout, sequence number = 295
[CLIENT] Received ACK seq=300
Timeout, sequence number = 313
[CLIENT] Sent data seq=900
[CLIENT] Received ACK seq=400
Timeout, sequence number = 426
Timeout, sequence number = 439
Timeout, sequence number = 470
[CLIENT] Sent data seq=1000
[CLIENT] Received ACK seq=500
Timeout, sequence number = 515
Timeout, sequence number = 528
Timeout, sequence number = 533
Timeout, sequence number = 544
Timeout, sequence number = 553
Timeout, sequence number = 579
[CLIENT] Sent data seq=1100
Timeout, sequence number = 594
[CLIENT] Received ACK seq=600
Timeout, sequence number = 607
Timeout, sequence number = 622
[CLIENT] Sent data seq=1200
Timeout, sequence number = 693
[CLIENT] Received ACK seq=700
Timeout, sequence number = 744
Timeout, sequence number = 744
[CLIENT] Sent data seq=1300
[CLIENT] Received ACK seq=800
Timeout, sequence number = 823
Timeout, sequence number = 834
Timeout, sequence number = 881
[CLIENT] Sent data seq=1400
Timeout, sequence number = 899
[CLIENT] Received ACK seq=900
Timeout, sequence number = 924
Timeout, sequence number = 941
[CLIENT] Sent data seq=1500
[CLIENT] Received ACK seq=1000
Timeout, sequence number = 1023
Timeout, sequence number = 1088
[CLIENT] Sent data seq=1600
[CLIENT] Received ACK seq=1100
Timeout, sequence number = 1108
Timeout, sequence number = 1121
Timeout, sequence number = 1126
Timeout, sequence number = 1134
Timeout, sequence number = 1156
Timeout, sequence number = 1175
[CLIENT] Sent data seq=1700
[CLIENT] Received ACK seq=1200
Timeout, sequence number = 1241
Timeout, sequence number = 1276
Timeout, sequence number = 1286
Timeout, sequence number = 1288
[CLIENT] Sent data seq=1800
[CLIENT] Received ACK seq=1300
Timeout, sequence number = 1304
Timeout, sequence number = 1365
Timeout, sequence number = 1367
Timeout, sequence number = 1376
[CLIENT] Sent data seq=1900
Timeout, sequence number = 1393
[CLIENT] Received ACK seq=1400
Timeout, sequence number = 1422
Timeout, sequence number = 1450
Timeout, sequence number = 1461
[CLIENT] Sent data seq=2000
[CLIENT] Received ACK seq=1500
Timeout, sequence number = 1529
Timeout, sequence number = 1541
Timeout, sequence number = 1558
Timeout, sequence number = 1579
[CLIENT] Sent data seq=2100
[CLIENT] Received ACK seq=1600
[CLIENT] Sent data seq=2200
[CLIENT] Received ACK seq=1700
Timeout, sequence number = 1731
Timeout, sequence number = 1763
Timeout, sequence number = 1774
Timeout, sequence number = 1780
Timeout, sequence number = 1785
Timeout, sequence number = 1787
Timeout, sequence number = 1788
[CLIENT] Sent data seq=2300
Timeout, sequence number = 1792
[CLIENT] Received ACK seq=1800
Timeout, sequence number = 1806
Timeout, sequence number = 1843
Timeout, sequence number = 1844
Timeout, sequence number = 1882
[CLIENT] Sent data seq=2400
[CLIENT] Received ACK seq=1900
Timeout, sequence number = 1946
Timeout, sequence number = 1975
[CLIENT] Received ACK seq=2000
Timeout, sequence number = 2015
Timeout, sequence number = 2024
Timeout, sequence number = 2043
Timeout, sequence number = 2059
Timeout, sequence number = 2063
Timeout, sequence number = 2072
Timeout, sequence number = 2073
[CLIENT] Received ACK seq=2100
Timeout, sequence number = 2113
Timeout, sequence number = 2114
Timeout, sequence number = 2130
Timeout, sequence number = 2162
Timeout, sequence number = 2170
Timeout, sequence number = 2181
Timeout, sequence number = 2193
[CLIENT] Received ACK seq=2200
Timeout, sequence number = 2219
Timeout, sequence number = 2288
Timeout, sequence number = 2291
[CLIENT] Received ACK seq=2300
Timeout, sequence number = 2305
Timeout, sequence number = 2315
Timeout, sequence number = 2320
Timeout, sequence number = 2337
Timeout, sequence number = 2373
Timeout, sequence number = 2373
Timeout, sequence number = 2379
Timeout, sequence number = 2399
[CLIENT] Received ACK seq=2400
[CLIENT] Summary: sent_packets=2401, ack_packets=2401, retransmitted_packets=46855, timeout_events=107
Transfer complete. Delay = 63.551558 seconds

=== STDERR ===
