=== STDOUT ===
[CLIENT] Starting transfer: server=10.153.27.102:7735, file=demo_input.bin, N=64, MSS=500, total_segments=2401
[CLIENT] Sent data seq=0
[CLIENT] Sent data seq=1
[CLIENT] Sent data seq=2
[CLIENT] Sent data seq=3
[CLIENT] Sent data seq=4
[CLIENT] Received ACK seq=0
[CLIENT] Received ACK seq=1
[CLIENT] Received ACK seq=2
[CLIENT] Received ACK seq=3
[CLIENT] Received ACK seq=4
Timeout, sequence number = 33
[CLIENT] Sent data seq=100
Timeout, sequence number = 47
Timeout, sequence number = 71
[CLIENT] Received ACK seq=100
Timeout, sequence number = 124
[CLIENT] Sent data seq=200
Timeout, sequence number = 150
Timeout, sequence number = 168
Timeout, sequence number = 176
Timeout, sequence number = 197
[CLIENT] Received ACK seq=200
Timeout, sequence number = 204
Timeout, sequence number = 217
Timeout, sequence number = 227
[CLIENT] Sent data seq=300
Timeout, sequence number = 240
Timeout, sequence number = 266
Timeout, sequence number = 272
Timeout, sequence number = 274
[CLIENT] Received ACK seq=300
Timeout, sequence number = 301
Timeout, sequence number = 302
Timeout, sequence number = 331
[CLIENT] Sent data seq=400
Timeout, sequence number = 339
Timeout, sequence number = 340
Timeout, sequence number = 351
Timeout, sequence number = 366
Timeout, sequence number = 377
[CLIENT] Received ACK seq=400
Timeout, sequence number = 419
[CLIENT] Sent data seq=500
Timeout, sequence number = 469
Timeout, sequence number = 474
Timeout, sequence number = 488
[CLIENT] Received ACK seq=500
Timeout, sequence number = 532
Timeout, sequence number = 533
Timeout, sequence number = 536
[CLIENT] Sent data seq=600
Timeout, sequence number = 542
Timeout, sequence number = 563
Timeout, sequence number = 565
Timeout, sequence number = 580
Timeout, sequence number = 586
[CLIENT] Received ACK seq=600
Timeout, sequence number = 605
Timeout, sequence number = 629
Timeout, sequence number = 633
[CLIENT] Sent data seq=700
Timeout, sequence number = 642
Timeout, sequence number = 691
Timeout, sequence number = 698
[CLIENT] Received ACK seq=700
Timeout, sequence number = 704
Timeout, sequence number = 713
Timeout, sequence number = 721
[CLIENT] Sent data seq=800
Timeout, sequence number = 744
Timeout, sequence number = 744
Timeout, sequence number = 766
Timeout, sequence number = 781
Timeout, sequence number = 784
Timeout, sequence number = 790
[CLIENT] Received ACK seq=800
Timeout, sequence number = 829
[CLIENT] Sent data seq=900
Timeout, sequence number = 853
Timeout, sequence number = 861
Timeout, sequence number = 876
Timeout, sequence number = 878
[CLIENT] Received ACK seq=900
Timeout, sequence number = 903
Timeout, sequence number = 913
Timeout, sequence number = 936
[CLIENT] Sent data seq=1000
Timeout, sequence number = 939
Timeout, sequence number = 966
[CLIENT] Received ACK seq=1000
Timeout, sequence number = 1007
[CLIENT] Sent data seq=1100
Timeout, sequence number = 1069
Timeout, sequence number = 1076
Timeout, sequence number = 1076
Timeout, sequence number = 1080
Timeout, sequence number = 1093
Timeout, sequence number = 1094
[CLIENT] Received ACK seq=1100
Timeout, sequence number = 1105
[CLIENT] Sent data seq=1200
Timeout, sequence number = 1147
Timeout, sequence number = 1186
Timeout, sequence number = 1189
Timeout, sequence number = 1193
[CLIENT] Received ACK seq=1200
Timeout, sequence number = 1206
Timeout, sequence number = 1214
Timeout, sequence number = 1222
[CLIENT] Sent data seq=1300
Timeout, sequence number = 1254
Timeout, sequence number = 1262
Timeout, sequence number = 1270
Timeout, sequence number = 1296
[CLIENT] Received ACK seq=1300
[CLIENT] Sent data seq=1400
Timeout, sequence number = 1341
Timeout, sequence number = 1349
Timeout, sequence number = 1366
[CLIENT] Received ACK seq=1400
Timeout, sequence number = 1422
[CLIENT] Sent data seq=1500
Timeout, sequence number = 1437
Timeout, sequence number = 1446
Timeout, sequence number = 1471
Timeout, sequence number = 1476
[CLIENT] Received ACK seq=1500
Timeout, sequence number = 1533
[CLIENT] Sent data seq=1600
Timeout, sequence number = 1547
[CLIENT] Received ACK seq=1600
Timeout, sequence number = 1629
[CLIENT] Sent data seq=1700
Timeout, sequence number = 1694
Timeout, sequence number = 1696
[CLIENT] Received ACK seq=1700
Timeout, sequence number = 1716
Timeout, sequence number = 1724
Timeout, sequence number = 1728
[CLIENT] Sent data seq=1800
Timeout, sequence number = 1764
Timeout, sequence number = 1771
Timeout, sequence number = 1794
Timeout, sequence number = 1797
[CLIENT] Received ACK seq=1800
Timeout, sequence number = 1801
Timeout, sequence number = 1803
Timeout, sequence number = 1814
Timeout, sequence number = 1815
[CLIENT] Sent data seq=1900
Timeout, sequence number = 1855
Timeout, sequence number = 1878
Timeout, sequence number = 1894
[CLIENT] Received ACK seq=1900
Timeout, sequence number = 1910
Timeout, sequence number = 1918
Timeout, sequence number = 1926
[CLIENT] Sent data seq=2000
Timeout, sequence number = 1945
Timeout, sequence number = 1966
Timeout, sequence number = 1987
[CLIENT] Received ACK seq=2000
Timeout, sequence number = 2002
Timeout, sequence number = 2005
Timeout, sequence number = 2008
[CLIENT] Sent data seq=2100
Timeout, sequence number = 2048
Timeout, sequence number = 2069
Timeout, sequence number = 2076
Timeout, sequence number = 2084
Timeout, sequence number = 2091
[CLIENT] Received ACK seq=2100
Timeout, sequence number = 2102
Timeout, sequence number = 2110
Timeout, sequence number = 2110
Timeout, sequence number = 2115
Timeout, sequence number = 2125
Timeout, sequence number = 2127
[CLIENT] Sent data seq=2200
Timeout, sequence number = 2183
Timeout, sequence number = 2200
[CLIENT] Received ACK seq=2200
Timeout, sequence number = 2205
[CLIENT] Sent data seq=2300
Timeout, sequence number = 2261
Timeout, sequence number = 2271
Timeout, sequence number = 2295
[CLIENT] Received ACK seq=2300
Timeout, sequence number = 2308
[CLIENT] Sent data seq=2400
Timeout, sequence number = 2343
[CLIENT] Received ACK seq=2400
[CLIENT] Summary: sent_packets=2401, ack_packets=2401, retransmitted_packets=8570, timeout_events=134
Transfer complete. Delay = 79.381064 seconds

=== STDERR ===
