=== STDOUT ===
[CLIENT] Starting transfer: server=10.153.27.102:7735, file=demo_input.bin, N=32, MSS=500, total_segments=2401
[CLIENT] Sent data seq=0
[CLIENT] Sent data seq=1
[CLIENT] Sent data seq=2
[CLIENT] Sent data seq=3
[CLIENT] Sent data seq=4
[CLIENT] Received ACK seq=0
[CLIENT] Received ACK seq=1
[CLIENT] Received ACK seq=2
[CLIENT] Received ACK seq=3
[CLIENT] Received ACK seq=4
Timeout, sequence number = 17
Timeout, sequence number = 19
Timeout, sequence number = 31
[CLIENT] Sent data seq=100
[CLIENT] Received ACK seq=100
Timeout, sequence number = 104
Timeout, sequence number = 105
Timeout, sequence number = 120
Timeout, sequence number = 138
Timeout, sequence number = 141
Timeout, sequence number = 143
Timeout, sequence number = 156
[CLIENT] Sent data seq=200
Timeout, sequence number = 178
[CLIENT] Received ACK seq=200
Timeout, sequence number = 205
Timeout, sequence number = 240
Timeout, sequence number = 243
Timeout, sequence number = 248
Timeout, sequence number = 258
Timeout, sequence number = 260
[CLIENT] Sent data seq=300
Timeout, sequence number = 270
Timeout, sequence number = 283
Timeout, sequence number = 288
[CLIENT] Received ACK seq=300
Timeout, sequence number = 329
Timeout, sequence number = 333
[CLIENT] Sent data seq=400
Timeout, sequence number = 384
Timeout, sequence number = 395
Timeout, sequence number = 400
[CLIENT] Received ACK seq=400
Timeout, sequence number = 422
Timeout, sequence number = 457
Timeout, sequence number = 465
Timeout, sequence number = 467
[CLIENT] Sent data seq=500
Timeout, sequence number = 469
[CLIENT] Received ACK seq=500
Timeout, sequence number = 506
Timeout, sequence number = 517
Timeout, sequence number = 529
Timeout, sequence number = 565
[CLIENT] Sent data seq=600
Timeout, sequence number = 570
[CLIENT] Received ACK seq=600
Timeout, sequence number = 603
Timeout, sequence number = 618
Timeout, sequence number = 626
Timeout, sequence number = 647
Timeout, sequence number = 668
[CLIENT] Sent data seq=700
Timeout, sequence number = 670
Timeout, sequence number = 696
[CLIENT] Received ACK seq=700
Timeout, sequence number = 737
[CLIENT] Sent data seq=800
[CLIENT] Received ACK seq=800
Timeout, sequence number = 815
Timeout, sequence number = 837
Timeout, sequence number = 841
Timeout, sequence number = 858
[CLIENT] Sent data seq=900
Timeout, sequence number = 899
[CLIENT] Received ACK seq=900
Timeout, sequence number = 902
Timeout, sequence number = 918
Timeout, sequence number = 927
Timeout, sequence number = 961
Timeout, sequence number = 964
[CLIENT] Sent data seq=1000
Timeout, sequence number = 977
Timeout, sequence number = 996
[CLIENT] Received ACK seq=1000
Timeout, sequence number = 1003
Timeout, sequence number = 1007
Timeout, sequence number = 1024
Timeout, sequence number = 1030
Timeout, sequence number = 1040
Timeout, sequence number = 1050
Timeout, sequence number = 1061
[CLIENT] Sent data seq=1100
Timeout, sequence number = 1082
[CLIENT] Received ACK seq=1100
Timeout, sequence number = 1108
Timeout, sequence number = 1117
Timeout, sequence number = 1123
Timeout, sequence number = 1144
Timeout, sequence number = 1144
Timeout, sequence number = 1166
[CLIENT] Sent data seq=1200
Timeout, sequence number = 1187
[CLIENT] Received ACK seq=1200
Timeout, sequence number = 1233
Timeout, sequence number = 1266
[CLIENT] Sent data seq=1300
Timeout, sequence number = 1285
[CLIENT] Received ACK seq=1300
Timeout, sequence number = 1302
Timeout, sequence number = 1309
Timeout, sequence number = 1316
Timeout, sequence number = 1331
Timeout, sequence number = 1332
[CLIENT] Sent data seq=1400
Timeout, sequence number = 1386
Timeout, sequence number = 1386
[CLIENT] Received ACK seq=1400
Timeout, sequence number = 1403
Timeout, sequence number = 1408
Timeout, sequence number = 1411
Timeout, sequence number = 1427
Timeout, sequence number = 1438
Timeout, sequence number = 1439
Timeout, sequence number = 1458
Timeout, sequence number = 1460
[CLIENT] Sent data seq=1500
Timeout, sequence number = 1474
Timeout, sequence number = 1486
[CLIENT] Received ACK seq=1500
Timeout, sequence number = 1511
Timeout, sequence number = 1535
[CLIENT] Sent data seq=1600
Timeout, sequence number = 1577
[CLIENT] Received ACK seq=1600
Timeout, sequence number = 1622
Timeout, sequence number = 1662
[CLIENT] Sent data seq=1700
Timeout, sequence number = 1681
Timeout, sequence number = 1687
Timeout, sequence number = 1697
[CLIENT] Received ACK seq=1700
Timeout, sequence number = 1729
Timeout, sequence number = 1768
[CLIENT] Sent data seq=1800
Timeout, sequence number = 1772
Timeout, sequence number = 1775
Timeout, sequence number = 1779
Timeout, sequence number = 1799
[CLIENT] Received ACK seq=1800
Timeout, sequence number = 1822
Timeout, sequence number = 1836
[CLIENT] Sent data seq=1900
Timeout, sequence number = 1898
[CLIENT] Received ACK seq=1900
Timeout, sequence number = 1922
Timeout, sequence number = 1933
Timeout, sequence number = 1967
[CLIENT] Sent data seq=2000
Timeout, sequence number = 1985
Timeout, sequence number = 1991
Timeout, sequence number = 1993
[CLIENT] Received ACK seq=2000
Timeout, sequence number = 2012
Timeout, sequence number = 2017
Timeout, sequence number = 2037
Timeout, sequence number = 2065
[CLIENT] Sent data seq=2100
Timeout, sequence number = 2070
[CLIENT] Received ACK seq=2100
Timeout, sequence number = 2158
Timeout, sequence number = 2163
Timeout, sequence number = 2167
[CLIENT] Sent data seq=2200
[CLIENT] Received ACK seq=2200
Timeout, sequence number = 2205
Timeout, sequence number = 2231
Timeout, sequence number = 2231
Timeout, sequence number = 2250
[CLIENT] Sent data seq=2300
Timeout, sequence number = 2279
[CLIENT] Received ACK seq=2300
Timeout, sequence number = 2323
Timeout, sequence number = 2354
Timeout, sequence number = 2366
Timeout, sequence number = 2367
[CLIENT] Sent data seq=2400
Timeout, sequence number = 2390
Timeout, sequence number = 2398
[CLIENT] Received ACK seq=2400
[CLIENT] Summary: sent_packets=2401, ack_packets=2401, retransmitted_packets=4174, timeout_events=132
Transfer complete. Delay = 73.872012 seconds

=== STDERR ===
