=== STDOUT ===
[CLIENT] Starting transfer: server=10.153.27.102:7735, file=demo_input.bin, N=2, MSS=500, total_segments=2401
[CLIENT] Sent data seq=0
[CLIENT] Sent data seq=1
[CLIENT] Received ACK seq=0
[CLIENT] Sent data seq=2
[CLIENT] Received ACK seq=1
[CLIENT] Sent data seq=3
[CLIENT] Received ACK seq=2
[CLIENT] Sent data seq=4
[CLIENT] Received ACK seq=3
[CLIENT] Received ACK seq=4
Timeout, sequence number = 55
Timeout, sequence number = 73
Timeout, sequence number = 82
Timeout, sequence number = 87
Timeout, sequence number = 96
Timeout, sequence number = 98
[CLIENT] Sent data seq=100
[CLIENT] Received ACK seq=100
Timeout, sequence number = 101
Timeout, sequence number = 112
Timeout, sequence number = 125
Timeout, sequence number = 137
Timeout, sequence number = 142
Timeout, sequence number = 152
Timeout, sequence number = 190
Timeout, sequence number = 198
[CLIENT] Sent data seq=200
[CLIENT] Received ACK seq=200
Timeout, sequence number = 220
Timeout, sequence number = 274
Timeout, sequence number = 293
[CLIENT] Sent data seq=300
[CLIENT] Received ACK seq=300
Timeout, sequence number = 323
Timeout, sequence number = 334
Timeout, sequence number = 342
Timeout, sequence number = 356
Timeout, sequence number = 366
Timeout, sequence number = 366
Timeout, sequence number = 371
Timeout, sequence number = 398
[CLIENT] Sent data seq=400
[CLIENT] Received ACK seq=400
Timeout, sequence number = 409
Timeout, sequence number = 478
Timeout, sequence number = 495
Timeout, sequence number = 497
Timeout, sequence number = 497
[CLIENT] Sent data seq=500
[CLIENT] Received ACK seq=500
Timeout, sequence number = 505
Timeout, sequence number = 515
Timeout, sequence number = 573
Timeout, sequence number = 588
[CLIENT] Sent data seq=600
Timeout, sequence number = 600
[CLIENT] Received ACK seq=600
Timeout, sequence number = 604
Timeout, sequence number = 626
Timeout, sequence number = 632
Timeout, sequence number = 638
Timeout, sequence number = 649
Timeout, sequence number = 664
Timeout, sequence number = 672
Timeout, sequence number = 683
Timeout, sequence number = 693
[CLIENT] Sent data seq=700
[CLIENT] Received ACK seq=700
Timeout, sequence number = 711
Timeout, sequence number = 759
Timeout, sequence number = 763
Timeout, sequence number = 774
Timeout, sequence number = 784
Timeout, sequence number = 784
Timeout, sequence number = 794
Timeout, sequence number = 794
[CLIENT] Sent data seq=800
Timeout, sequence number = 799
[CLIENT] Received ACK seq=800
Timeout, sequence number = 811
Timeout, sequence number = 833
Timeout, sequence number = 840
Timeout, sequence number = 874
Timeout, sequence number = 888
[CLIENT] Sent data seq=900
[CLIENT] Received ACK seq=900
Timeout, sequence number = 924
Timeout, sequence number = 932
[CLIENT] Sent data seq=1000
Timeout, sequence number = 999
[CLIENT] Received ACK seq=1000
Timeout, sequence number = 1018
Timeout, sequence number = 1032
Timeout, sequence number = 1069
Timeout, sequence number = 1073
Timeout, sequence number = 1079
Timeout, sequence number = 1081
[CLIENT] Sent data seq=1100
[CLIENT] Received ACK seq=1100
Timeout, sequence number = 1131
Timeout, sequence number = 1134
Timeout, sequence number = 1154
Timeout, sequence number = 1196
[CLIENT] Sent data seq=1200
[CLIENT] Received ACK seq=1200
Timeout, sequence number = 1209
Timeout, sequence number = 1225
Timeout, sequence number = 1247
Timeout, sequence number = 1252
Timeout, sequence number = 1265
Timeout, sequence number = 1275
[CLIENT] Sent data seq=1300
[CLIENT] Received ACK seq=1300
Timeout, sequence number = 1329
Timeout, sequence number = 1335
Timeout, sequence number = 1336
Timeout, sequence number = 1347
Timeout, sequence number = 1376
Timeout, sequence number = 1383
[CLIENT] Sent data seq=1400
[CLIENT] Received ACK seq=1400
Timeout, sequence number = 1416
Timeout, sequence number = 1479
Timeout, sequence number = 1480
Timeout, sequence number = 1485
Timeout, sequence number = 1489
[CLIENT] Sent data seq=1500
[CLIENT] Received ACK seq=1500
Timeout, sequence number = 1544
Timeout, sequence number = 1593
[CLIENT] Sent data seq=1600
[CLIENT] Received ACK seq=1600
Timeout, sequence number = 1602
Timeout, sequence number = 1629
Timeout, sequence number = 1630
Timeout, sequence number = 1635
Timeout, sequence number = 1642
Timeout, sequence number = 1652
Timeout, sequence number = 1676
Timeout, sequence number = 1683
Timeout, sequence number = 1684
Timeout, sequence number = 1690
Timeout, sequence number = 1695
Timeout, sequence number = 1696
[CLIENT] Sent data seq=1700
[CLIENT] Received ACK seq=1700
Timeout, sequence number = 1737
Timeout, sequence number = 1740
Timeout, sequence number = 1757
Timeout, sequence number = 1791
[CLIENT] Sent data seq=1800
[CLIENT] Received ACK seq=1800
Timeout, sequence number = 1814
Timeout, sequence number = 1858
Timeout, sequence number = 1867
Timeout, sequence number = 1877
[CLIENT] Sent data seq=1900
[CLIENT] Received ACK seq=1900
Timeout, sequence number = 1902
Timeout, sequence number = 1905
Timeout, sequence number = 1906
Timeout, sequence number = 1919
Timeout, sequence number = 1986
[CLIENT] Sent data seq=2000
[CLIENT] Received ACK seq=2000
Timeout, sequence number = 2011
Timeout, sequence number = 2028
Timeout, sequence number = 2085
Timeout, sequence number = 2086
[CLIENT] Sent data seq=2100
[CLIENT] Received ACK seq=2100
Timeout, sequence number = 2128
Timeout, sequence number = 2154
Timeout, sequence number = 2161
Timeout, sequence number = 2161
[CLIENT] Sent data seq=2200
[CLIENT] Received ACK seq=2200
Timeout, sequence number = 2209
Timeout, sequence number = 2209
Timeout, sequence number = 2215
Timeout, sequence number = 2234
Timeout, sequence number = 2257
Timeout, sequence number = 2260
Timeout, sequence number = 2269
Timeout, sequence number = 2288
[CLIENT] Sent data seq=2300
[CLIENT] Received ACK seq=2300
Timeout, sequence number = 2309
Timeout, sequence number = 2316
Timeout, sequence number = 2351
Timeout, sequence number = 2398
[CLIENT] Sent data seq=2400
[CLIENT] Received ACK seq=2400
[CLIENT] Summary: sent_packets=2401, ack_packets=2401, retransmitted_packets=270, timeout_events=135
Transfer complete. Delay = 81.122655 seconds

=== STDERR ===
