=== STDOUT ===
[CLIENT] Starting transfer: server=10.153.27.102:7735, file=demo_input.bin, N=2, MSS=500, total_segments=2401
[CLIENT] Sent data seq=0
[CLIENT] Sent data seq=1
[CLIENT] Received ACK seq=0
[CLIENT] Sent data seq=2
[CLIENT] Received ACK seq=1
[CLIENT] Sent data seq=3
[CLIENT] Received ACK seq=2
[CLIENT] Sent data seq=4
[CLIENT] Received ACK seq=3
[CLIENT] Received ACK seq=4
Timeout, sequence number = 6
Timeout, sequence number = 7
Timeout, sequence number = 10
Timeout, sequence number = 15
Timeout, sequence number = 26
Timeout, sequence number = 48
Timeout, sequence number = 63
Timeout, sequence number = 63
Timeout, sequence number = 92
[CLIENT] Sent data seq=100
[CLIENT] Received ACK seq=100
Timeout, sequence number = 128
Timeout, sequence number = 130
Timeout, sequence number = 136
Timeout, sequence number = 138
Timeout, sequence number = 146
Timeout, sequence number = 154
Timeout, sequence number = 169
[CLIENT] Sent data seq=200
[CLIENT] Received ACK seq=200
Timeout, sequence number = 227
Timeout, sequence number = 251
Timeout, sequence number = 261
[CLIENT] Sent data seq=300
[CLIENT] Received ACK seq=300
Timeout, sequence number = 320
Timeout, sequence number = 323
Timeout, sequence number = 338
Timeout, sequence number = 338
Timeout, sequence number = 349
Timeout, sequence number = 366
Timeout, sequence number = 374
Timeout, sequence number = 381
[CLIENT] Sent data seq=400
[CLIENT] Received ACK seq=400
Timeout, sequence number = 417
Timeout, sequence number = 422
Timeout, sequence number = 440
Timeout, sequence number = 445
Timeout, sequence number = 460
Timeout, sequence number = 473
[CLIENT] Sent data seq=500
[CLIENT] Received ACK seq=500
Timeout, sequence number = 553
Timeout, sequence number = 563
Timeout, sequence number = 564
Timeout, sequence number = 582
Timeout, sequence number = 591
[CLIENT] Sent data seq=600
[CLIENT] Received ACK seq=600
Timeout, sequence number = 622
Timeout, sequence number = 648
Timeout, sequence number = 676
[CLIENT] Sent data seq=700
[CLIENT] Received ACK seq=700
Timeout, sequence number = 717
Timeout, sequence number = 717
Timeout, sequence number = 743
Timeout, sequence number = 750
Timeout, sequence number = 752
Timeout, sequence number = 760
Timeout, sequence number = 765
Timeout, sequence number = 771
Timeout, sequence number = 785
[CLIENT] Sent data seq=800
[CLIENT] Received ACK seq=800
Timeout, sequence number = 807
Timeout, sequence number = 822
Timeout, sequence number = 843
Timeout, sequence number = 869
[CLIENT] Sent data seq=900
[CLIENT] Received ACK seq=900
Timeout, sequence number = 923
Timeout, sequence number = 949
Timeout, sequence number = 961
Timeout, sequence number = 968
[CLIENT] Sent data seq=1000
[CLIENT] Received ACK seq=1000
Timeout, sequence number = 1005
Timeout, sequence number = 1013
Timeout, sequence number = 1017
Timeout, sequence number = 1021
Timeout, sequence number = 1035
Timeout, sequence number = 1057
Timeout, sequence number = 1081
Timeout, sequence number = 1094
Timeout, sequence number = 1097
[CLIENT] Sent data seq=1100
[CLIENT] Received ACK seq=1100
Timeout, sequence number = 1101
Timeout, sequence number = 1101
Timeout, sequence number = 1109
Timeout, sequence number = 1151
Timeout, sequence number = 1168
Timeout, sequence number = 1176
[CLIENT] Sent data seq=1200
[CLIENT] Received ACK seq=1200
Timeout, sequence number = 1214
[CLIENT] Sent data seq=1300
[CLIENT] Received ACK seq=1300
Timeout, sequence number = 1393
[CLIENT] Sent data seq=1400
[CLIENT] Received ACK seq=1400
Timeout, sequence number = 1405
Timeout, sequence number = 1413
Timeout, sequence number = 1414
Timeout, sequence number = 1428
Timeout, sequence number = 1428
Timeout, sequence number = 1441
Timeout, sequence number = 1448
Timeout, sequence number = 1464
Timeout, sequence number = 1493
[CLIENT] Sent data seq=1500
[CLIENT] Received ACK seq=1500
Timeout, sequence number = 1502
Timeout, sequence number = 1516
Timeout, sequence number = 1531
Timeout, sequence number = 1532
Timeout, sequence number = 1535
Timeout, sequence number = 1573
Timeout, sequence number = 1585
[CLIENT] Sent data seq=1600
[CLIENT] Received ACK seq=1600
Timeout, sequence number = 1621
Timeout, sequence number = 1671
Timeout, sequence number = 1684
Timeout, sequence number = 1693
[CLIENT] Sent data seq=1700
[CLIENT] Received ACK seq=1700
Timeout, sequence number = 1746
Timeout, sequence number = 1748
Timeout, sequence number = 1758
Timeout, sequence number = 1776
Timeout, sequence number = 1785
Timeout, sequence number = 1796
[CLIENT] Sent data seq=1800
[CLIENT] Received ACK seq=1800
Timeout, sequence number = 1809
Timeout, sequence number = 1815
Timeout, sequence number = 1826
Timeout, sequence number = 1879
[CLIENT] Sent data seq=1900
[CLIENT] Received ACK seq=1900
Timeout, sequence number = 1928
Timeout, sequence number = 1936
Timeout, sequence number = 1940
Timeout, sequence number = 1960
Timeout, sequence number = 1960
Timeout, sequence number = 1971
Timeout, sequence number = 1977
Timeout, sequence number = 1990
Timeout, sequence number = 1990
Timeout, sequence number = 1992
[CLIENT] Sent data seq=2000
[CLIENT] Received ACK seq=2000
Timeout, sequence number = 2013
Timeout, sequence number = 2013
Timeout, sequence number = 2033
Timeout, sequence number = 2061
[CLIENT] Sent data seq=2100
[CLIENT] Received ACK seq=2100
Timeout, sequence number = 2104
Timeout, sequence number = 2173
Timeout, sequence number = 2190
Timeout, sequence number = 2193
[CLIENT] Sent data seq=2200
[CLIENT] Received ACK seq=2200
Timeout, sequence number = 2220
Timeout, sequence number = 2227
Timeout, sequence number = 2247
Timeout, sequence number = 2264
Timeout, sequence number = 2270
[CLIENT] Sent data seq=2300
[CLIENT] Received ACK seq=2300
Timeout, sequence number = 2306
Timeout, sequence number = 2322
[CLIENT] Sent data seq=2400
[CLIENT] Received ACK seq=2400
[CLIENT] Summary: sent_packets=2401, ack_packets=2401, retransmitted_packets=260, timeout_events=130
Transfer complete. Delay = 78.752038 seconds

=== STDERR ===
