=== STDOUT ===
[CLIENT] Starting transfer: server=10.153.27.102:7735, file=demo_input.bin, N=1, MSS=500, total_segments=2401
[CLIENT] Sent data seq=0
[CLIENT] Received ACK seq=0
[CLIENT] Sent data seq=1
[CLIENT] Received ACK seq=1
[CLIENT] Sent data seq=2
[CLIENT] Received ACK seq=2
[CLIENT] Sent data seq=3
[CLIENT] Received ACK seq=3
[CLIENT] Sent data seq=4
[CLIENT] Received ACK seq=4
Timeout, sequence number = 12
Timeout, sequence number = 35
Timeout, sequence number = 39
Timeout, sequence number = 71
Timeout, sequence number = 98
[CLIENT] Sent data seq=100
[CLIENT] Received ACK seq=100
Timeout, sequence number = 106
[CLIENT] Sent data seq=200
[CLIENT] Received ACK seq=200
Timeout, sequence number = 209
Timeout, sequence number = 249
Timeout, sequence number = 293
[CLIENT] Sent data seq=300
Timeout, sequence number = 300
[CLIENT] Received ACK seq=300
Timeout, sequence number = 313
Timeout, sequence number = 321
Timeout, sequence number = 321
Timeout, sequence number = 323
Timeout, sequence number = 330
Timeout, sequence number = 352
Timeout, sequence number = 367
Timeout, sequence number = 385
[CLIENT] Sent data seq=400
[CLIENT] Received ACK seq=400
Timeout, sequence number = 411
Timeout, sequence number = 413
Timeout, sequence number = 415
Timeout, sequence number = 420
Timeout, sequence number = 425
Timeout, sequence number = 444
Timeout, sequence number = 458
[CLIENT] Sent data seq=500
[CLIENT] Received ACK seq=500
Timeout, sequence number = 542
Timeout, sequence number = 551
Timeout, sequence number = 562
Timeout, sequence number = 597
[CLIENT] Sent data seq=600
[CLIENT] Received ACK seq=600
Timeout, sequence number = 601
Timeout, sequence number = 646
Timeout, sequence number = 648
Timeout, sequence number = 665
Timeout, sequence number = 684
Timeout, sequence number = 687
[CLIENT] Sent data seq=700
[CLIENT] Received ACK seq=700
Timeout, sequence number = 712
Timeout, sequence number = 721
Timeout, sequence number = 760
Timeout, sequence number = 774
Timeout, sequence number = 788
[CLIENT] Sent data seq=800
[CLIENT] Received ACK seq=800
Timeout, sequence number = 835
Timeout, sequence number = 856
Timeout, sequence number = 859
Timeout, sequence number = 885
[CLIENT] Sent data seq=900
[CLIENT] Received ACK seq=900
Timeout, sequence number = 912
Timeout, sequence number = 956
Timeout, sequence number = 964
Timeout, sequence number = 970
Timeout, sequence number = 978
[CLIENT] Sent data seq=1000
Timeout, sequence number = 1000
[CLIENT] Received ACK seq=1000
Timeout, sequence number = 1006
Timeout, sequence number = 1015
Timeout, sequence number = 1017
Timeout, sequence number = 1049
Timeout, sequence number = 1089
Timeout, sequence number = 1090
[CLIENT] Sent data seq=1100
[CLIENT] Received ACK seq=1100
Timeout, sequence number = 1105
Timeout, sequence number = 1107
Timeout, sequence number = 1108
Timeout, sequence number = 1110
Timeout, sequence number = 1124
Timeout, sequence number = 1127
Timeout, sequence number = 1157
Timeout, sequence number = 1163
Timeout, sequence number = 1166
Timeout, sequence number = 1167
[CLIENT] Sent data seq=1200
[CLIENT] Received ACK seq=1200
Timeout, sequence number = 1231
Timeout, sequence number = 1243
Timeout, sequence number = 1243
Timeout, sequence number = 1266
Timeout, sequence number = 1277
Timeout, sequence number = 1283
[CLIENT] Sent data seq=1300
[CLIENT] Received ACK seq=1300
Timeout, sequence number = 1328
Timeout, sequence number = 1329
Timeout, sequence number = 1341
Timeout, sequence number = 1366
Timeout, sequence number = 1368
Timeout, sequence number = 1368
Timeout, sequence number = 1368
Timeout, sequence number = 1369
Timeout, sequence number = 1376
Timeout, sequence number = 1396
[CLIENT] Sent data seq=1400
[CLIENT] Received ACK seq=1400
Timeout, sequence number = 1412
Timeout, sequence number = 1424
[CLIENT] Sent data seq=1500
[CLIENT] Received ACK seq=1500
Timeout, sequence number = 1513
Timeout, sequence number = 1518
Timeout, sequence number = 1518
Timeout, sequence number = 1523
Timeout, sequence number = 1571
Timeout, sequence number = 1592
Timeout, sequence number = 1592
Timeout, sequence number = 1595
[CLIENT] Sent data seq=1600
[CLIENT] Received ACK seq=1600
Timeout, sequence number = 1614
[CLIENT] Sent data seq=1700
[CLIENT] Received ACK seq=1700
Timeout, sequence number = 1709
Timeout, sequence number = 1726
Timeout, sequence number = 1738
Timeout, sequence number = 1748
Timeout, sequence number = 1786
[CLIENT] Sent data seq=1800
[CLIENT] Received ACK seq=1800
Timeout, sequence number = 1842
Timeout, sequence number = 1845
Timeout, sequence number = 1845
Timeout, sequence number = 1849
Timeout, sequence number = 1852
[CLIENT] Sent data seq=1900
[CLIENT] Received ACK seq=1900
Timeout, sequence number = 1901
Timeout, sequence number = 1917
Timeout, sequence number = 1918
Timeout, sequence number = 1954
[CLIENT] Sent data seq=2000
[CLIENT] Received ACK seq=2000
Timeout, sequence number = 2003
Timeout, sequence number = 2081
Timeout, sequence number = 2092
[CLIENT] Sent data seq=2100
[CLIENT] Received ACK seq=2100
Timeout, sequence number = 2107
Timeout, sequence number = 2113
Timeout, sequence number = 2161
Timeout, sequence number = 2179
Timeout, sequence number = 2192
Timeout, sequence number = 2192
[CLIENT] Sent data seq=2200
[CLIENT] Received ACK seq=2200
Timeout, sequence number = 2209
Timeout, sequence number = 2251
Timeout, sequence number = 2297
[CLIENT] Sent data seq=2300
[CLIENT] Received ACK seq=2300
Timeout, sequence number = 2327
Timeout, sequence number = 2328
Timeout, sequence number = 2334
Timeout, sequence number = 2365
Timeout, sequence number = 2390
[CLIENT] Sent data seq=2400
[CLIENT] Received ACK seq=2400
[CLIENT] Summary: sent_packets=2401, ack_packets=2401, retransmitted_packets=124, timeout_events=124
Transfer complete. Delay = 88.476332 seconds

=== STDERR ===
