=== STDOUT ===
[CLIENT] Starting transfer: server=10.153.27.102:7735, file=demo_input.bin, N=256, MSS=500, total_segments=2401
[CLIENT] Sent data seq=0
[CLIENT] Sent data seq=1
[CLIENT] Sent data seq=2
[CLIENT] Sent data seq=3
[CLIENT] Sent data seq=4
[CLIENT] Sent data seq=100
[CLIENT] Sent data seq=200
[CLIENT] Received ACK seq=0
[CLIENT] Received ACK seq=1
[CLIENT] Received ACK seq=2
[CLIENT] Received ACK seq=3
[CLIENT] Received ACK seq=4
Timeout, sequence number = 14
Timeout, sequence number = 37
[CLIENT] Sent data seq=300
Timeout, sequence number = 73
Timeout, sequence number = 75
Timeout, sequence number = 79
[CLIENT] Received ACK seq=100
Timeout, sequence number = 103
Timeout, sequence number = 111
[CLIENT] Sent data seq=400
Timeout, sequence number = 165
Timeout, sequence number = 166
Timeout, sequence number = 200
[CLIENT] Received ACK seq=200
Timeout, sequence number = 215
Timeout, sequence number = 222
Timeout, sequence number = 226
Timeout, sequence number = 230
Timeout, sequence number = 242
[CLIENT] Sent data seq=500
Timeout, sequence number = 252
Timeout, sequence number = 254
Timeout, sequence number = 257
Timeout, sequence number = 265
Timeout, sequence number = 269
Timeout, sequence number = 273
Timeout, sequence number = 278
[CLIENT] Received ACK seq=300
Timeout, sequence number = 318
Timeout, sequence number = 336
[CLIENT] Sent data seq=600
Timeout, sequence number = 348
Timeout, sequence number = 360
Timeout, sequence number = 373
Timeout, sequence number = 374
[CLIENT] Received ACK seq=400
Timeout, sequence number = 407
Timeout, sequence number = 413
Timeout, sequence number = 413
Timeout, sequence number = 420
Timeout, sequence number = 438
Timeout, sequence number = 440
[CLIENT] Sent data seq=700
Timeout, sequence number = 472
Timeout, sequence number = 485
Timeout, sequence number = 485
[CLIENT] Received ACK seq=500
Timeout, sequence number = 536
[CLIENT] Sent data seq=800
Timeout, sequence number = 570
Timeout, sequence number = 574
Timeout, sequence number = 576
Timeout, sequence number = 586
[CLIENT] Received ACK seq=600
[CLIENT] Sent data seq=900
Timeout, sequence number = 653
Timeout, sequence number = 669
Timeout, sequence number = 684
Timeout, sequence number = 697
[CLIENT] Received ACK seq=700
Timeout, sequence number = 731
Timeout, sequence number = 734
Timeout, sequence number = 739
[CLIENT] Sent data seq=1000
Timeout, sequence number = 800
[CLIENT] Received ACK seq=800
Timeout, sequence number = 817
Timeout, sequence number = 817
Timeout, sequence number = 821
Timeout, sequence number = 843
[CLIENT] Sent data seq=1100
Timeout, sequence number = 866
Timeout, sequence number = 867
[CLIENT] Received ACK seq=900
Timeout, sequence number = 911
Timeout, sequence number = 913
Timeout, sequence number = 943
[CLIENT] Sent data seq=1200
Timeout, sequence number = 957
Timeout, sequence number = 958
[CLIENT] Received ACK seq=1000
Timeout, sequence number = 1005
Timeout, sequence number = 1007
Timeout, sequence number = 1031
[CLIENT] Sent data seq=1300
Timeout, sequence number = 1065
Timeout, sequence number = 1070
Timeout, sequence number = 1082
Timeout, sequence number = 1097
Timeout, sequence number = 1098
[CLIENT] Received ACK seq=1100
Timeout, sequence number = 1110
Timeout, sequence number = 1110
[CLIENT] Sent data seq=1400
Timeout, sequence number = 1150
Timeout, sequence number = 1153
Timeout, sequence number = 1161
Timeout, sequence number = 1161
Timeout, sequence number = 1196
[CLIENT] Received ACK seq=1200
Timeout, sequence number = 1212
[CLIENT] Sent data seq=1500
Timeout, sequence number = 1245
Timeout, sequence number = 1256
Timeout, sequence number = 1281
[CLIENT] Received ACK seq=1300
Timeout, sequence number = 1329
[CLIENT] Sent data seq=1600
Timeout, sequence number = 1360
Timeout, sequence number = 1367
Timeout, sequence number = 1368
[CLIENT] Received ACK seq=1400
[CLIENT] Sent data seq=1700
Timeout, sequence number = 1463
[CLIENT] Received ACK seq=1500
Timeout, sequence number = 1516
Timeout, sequence number = 1542
[CLIENT] Sent data seq=1800
Timeout, sequence number = 1558
Timeout, sequence number = 1570
Timeout, sequence number = 1583
Timeout, sequence number = 1593
[CLIENT] Received ACK seq=1600
Timeout, sequence number = 1603
Timeout, sequence number = 1607
Timeout, sequence number = 1622
Timeout, sequence number = 1636
[CLIENT] Sent data seq=1900
Timeout, sequence number = 1655
Timeout, sequence number = 1657
[CLIENT] Received ACK seq=1700
Timeout, sequence number = 1703
Timeout, sequence number = 1732
Timeout, sequence number = 1732
[CLIENT] Sent data seq=2000
Timeout, sequence number = 1779
Timeout, sequence number = 1793
[CLIENT] Received ACK seq=1800
Timeout, sequence number = 1804
[CLIENT] Sent data seq=2100
Timeout, sequence number = 1857
Timeout, sequence number = 1857
Timeout, sequence number = 1858
Timeout, sequence number = 1858
Timeout, sequence number = 1859
[CLIENT] Received ACK seq=1900
[CLIENT] Sent data seq=2200
[CLIENT] Received ACK seq=2000
Timeout, sequence number = 2044
[CLIENT] Sent data seq=2300
Timeout, sequence number = 2060
Timeout, sequence number = 2075
[CLIENT] Received ACK seq=2100
Timeout, sequence number = 2121
[CLIENT] Sent data seq=2400
Timeout, sequence number = 2147
Timeout, sequence number = 2169
Timeout, sequence number = 2182
Timeout, sequence number = 2185
[CLIENT] Received ACK seq=2200
Timeout, sequence number = 2215
Timeout, sequence number = 2228
Timeout, sequence number = 2247
Timeout, sequence number = 2251
[CLIENT] Received ACK seq=2300
Timeout, sequence number = 2303
Timeout, sequence number = 2322
Timeout, sequence number = 2331
Timeout, sequence number = 2348
Timeout, sequence number = 2349
Timeout, sequence number = 2386
Timeout, sequence number = 2398
[CLIENT] Received ACK seq=2400
[CLIENT] Summary: sent_packets=2401, ack_packets=2401, retransmitted_packets=30626, timeout_events=127
Transfer complete. Delay = 74.078630 seconds

=== STDERR ===
