=== STDOUT ===
[CLIENT] Starting transfer: server=10.153.27.102:7735, file=demo_input.bin, N=128, MSS=500, total_segments=2401
[CLIENT] Sent data seq=0
[CLIENT] Sent data seq=1
[CLIENT] Sent data seq=2
[CLIENT] Sent data seq=3
[CLIENT] Sent data seq=4
[CLIENT] Sent data seq=100
[CLIENT] Received ACK seq=0
[CLIENT] Received ACK seq=1
Timeout, sequence number = 2
[CLIENT] Received ACK seq=2
[CLIENT] Received ACK seq=3
[CLIENT] Received ACK seq=4
Timeout, sequence number = 71
[CLIENT] Sent data seq=200
Timeout, sequence number = 74
Timeout, sequence number = 85
Timeout, sequence number = 98
[CLIENT] Received ACK seq=100
Timeout, sequence number = 141
[CLIENT] Sent data seq=300
Timeout, sequence number = 179
[CLIENT] Received ACK seq=200
Timeout, sequence number = 250
[CLIENT] Sent data seq=400
Timeout, sequence number = 282
Timeout, sequence number = 285
Timeout, sequence number = 298
[CLIENT] Received ACK seq=300
Timeout, sequence number = 348
[CLIENT] Sent data seq=500
[CLIENT] Received ACK seq=400
Timeout, sequence number = 404
Timeout, sequence number = 413
Timeout, sequence number = 428
Timeout, sequence number = 430
Timeout, sequence number = 440
Timeout, sequence number = 445
[CLIENT] Sent data seq=600
[CLIENT] Received ACK seq=500
Timeout, sequence number = 509
Timeout, sequence number = 544
[CLIENT] Sent data seq=700
Timeout, sequence number = 579
Timeout, sequence number = 579
[CLIENT] Received ACK seq=600
Timeout, sequence number = 605
Timeout, sequence number = 605
Timeout, sequence number = 605
Timeout, sequence number = 608
Timeout, sequence number = 624
Timeout, sequence number = 635
Timeout, sequence number = 644
Timeout, sequence number = 647
Timeout, sequence number = 669
[CLIENT] Sent data seq=800
Timeout, sequence number = 677
[CLIENT] Received ACK seq=700
Timeout, sequence number = 720
Timeout, sequence number = 755
Timeout, sequence number = 762
Timeout, sequence number = 763
[CLIENT] Sent data seq=900
Timeout, sequence number = 782
[CLIENT] Received ACK seq=800
Timeout, sequence number = 813
Timeout, sequence number = 833
Timeout, sequence number = 833
Timeout, sequence number = 844
[CLIENT] Sent data seq=1000
Timeout, sequence number = 888
Timeout, sequence number = 888
[CLIENT] Received ACK seq=900
Timeout, sequence number = 925
Timeout, sequence number = 925
Timeout, sequence number = 933
Timeout, sequence number = 959
Timeout, sequence number = 967
[CLIENT] Sent data seq=1100
Timeout, sequence number = 984
Timeout, sequence number = 999
[CLIENT] Received ACK seq=1000
Timeout, sequence number = 1016
Timeout, sequence number = 1033
Timeout, sequence number = 1044
Timeout, sequence number = 1051
Timeout, sequence number = 1051
Timeout, sequence number = 1062
Timeout, sequence number = 1062
[CLIENT] Sent data seq=1200
[CLIENT] Received ACK seq=1100
Timeout, sequence number = 1101
Timeout, sequence number = 1130
Timeout, sequence number = 1134
[CLIENT] Sent data seq=1300
[CLIENT] Received ACK seq=1200
Timeout, sequence number = 1215
Timeout, sequence number = 1222
Timeout, sequence number = 1222
[CLIENT] Sent data seq=1400
[CLIENT] Received ACK seq=1300
Timeout, sequence number = 1314
Timeout, sequence number = 1319
Timeout, sequence number = 1359
[CLIENT] Sent data seq=1500
Timeout, sequence number = 1374
Timeout, sequence number = 1390
[CLIENT] Received ACK seq=1400
Timeout, sequence number = 1410
Timeout, sequence number = 1441
Timeout, sequence number = 1460
Timeout, sequence number = 1461
[CLIENT] Sent data seq=1600
Timeout, sequence number = 1479
[CLIENT] Received ACK seq=1500
Timeout, sequence number = 1537
Timeout, sequence number = 1538
Timeout, sequence number = 1540
Timeout, sequence number = 1540
Timeout, sequence number = 1540
[CLIENT] Sent data seq=1700
[CLIENT] Received ACK seq=1600
Timeout, sequence number = 1634
Timeout, sequence number = 1652
Timeout, sequence number = 1653
Timeout, sequence number = 1663
Timeout, sequence number = 1667
[CLIENT] Sent data seq=1800
Timeout, sequence number = 1682
Timeout, sequence number = 1683
Timeout, sequence number = 1684
Timeout, sequence number = 1688
[CLIENT] Received ACK seq=1700
Timeout, sequence number = 1706
Timeout, sequence number = 1708
Timeout, sequence number = 1711
Timeout, sequence number = 1723
Timeout, sequence number = 1723
Timeout, sequence number = 1724
[CLIENT] Sent data seq=1900
Timeout, sequence number = 1774
Timeout, sequence number = 1780
Timeout, sequence number = 1790
Timeout, sequence number = 1791
[CLIENT] Received ACK seq=1800
Timeout, sequence number = 1830
Timeout, sequence number = 1831
Timeout, sequence number = 1837
Timeout, sequence number = 1844
Timeout, sequence number = 1847
Timeout, sequence number = 1851
Timeout, sequence number = 1853
[CLIENT] Sent data seq=2000
[CLIENT] Received ACK seq=1900
Timeout, sequence number = 1910
Timeout, sequence number = 1923
Timeout, sequence number = 1924
Timeout, sequence number = 1939
Timeout, sequence number = 1940
Timeout, sequence number = 1940
Timeout, sequence number = 1957
[CLIENT] Sent data seq=2100
Timeout, sequence number = 1987
[CLIENT] Received ACK seq=2000
Timeout, sequence number = 2029
Timeout, sequence number = 2031
Timeout, sequence number = 2033
[CLIENT] Sent data seq=2200
Timeout, sequence number = 2085
Timeout, sequence number = 2096
[CLIENT] Received ACK seq=2100
Timeout, sequence number = 2106
Timeout, sequence number = 2107
Timeout, sequence number = 2107
Timeout, sequence number = 2115
Timeout, sequence number = 2119
Timeout, sequence number = 2167
[CLIENT] Sent data seq=2300
Timeout, sequence number = 2178
Timeout, sequence number = 2187
Timeout, sequence number = 2192
[CLIENT] Received ACK seq=2200
Timeout, sequence number = 2221
Timeout, sequence number = 2239
Timeout, sequence number = 2240
Timeout, sequence number = 2242
Timeout, sequence number = 2268
[CLIENT] Sent data seq=2400
Timeout, sequence number = 2274
Timeout, sequence number = 2283
[CLIENT] Received ACK seq=2300
Timeout, sequence number = 2318
Timeout, sequence number = 2318
Timeout, sequence number = 2346
Timeout, sequence number = 2389
[CLIENT] Received ACK seq=2400
[CLIENT] Summary: sent_packets=2401, ack_packets=2401, retransmitted_packets=17246, timeout_events=137
Transfer complete. Delay = 79.520826 seconds

=== STDERR ===
