=== STDOUT ===
[CLIENT] Starting transfer: server=10.153.27.102:7735, file=demo_input.bin, N=512, MSS=500, total_segments=2401
[CLIENT] Sent data seq=0
[CLIENT] Sent data seq=1
[CLIENT] Sent data seq=2
[CLIENT] Sent data seq=3
[CLIENT] Sent data seq=4
[CLIENT] Sent data seq=100
[CLIENT] Sent data seq=200
[CLIENT] Sent data seq=300
[CLIENT] Sent data seq=400
[CLIENT] Sent data seq=500
[CLIENT] Received ACK seq=0
[CLIENT] Received ACK seq=1
Timeout, sequence number = 2
[CLIENT] Received ACK seq=2
[CLIENT] Received ACK seq=3
[CLIENT] Received ACK seq=4
Timeout, sequence number = 56
Timeout, sequence number = 60
Timeout, sequence number = 62
Timeout, sequence number = 79
Timeout, sequence number = 82
[CLIENT] Sent data seq=600
Timeout, sequence number = 94
Timeout, sequence number = 96
Timeout, sequence number = 97
[CLIENT] Received ACK seq=100
Timeout, sequence number = 108
Timeout, sequence number = 117
Timeout, sequence number = 129
Timeout, sequence number = 159
Timeout, sequence number = 170
Timeout, sequence number = 171
Timeout, sequence number = 177
[CLIENT] Sent data seq=700
Timeout, sequence number = 195
[CLIENT] Received ACK seq=200
Timeout, sequence number = 263
Timeout, sequence number = 274
[CLIENT] Sent data seq=800
Timeout, sequence number = 296
[CLIENT] Received ACK seq=300
Timeout, sequence number = 312
Timeout, sequence number = 363
Timeout, sequence number = 386
Timeout, sequence number = 388
[CLIENT] Sent data seq=900
Timeout, sequence number = 398
[CLIENT] Received ACK seq=400
Timeout, sequence number = 423
Timeout, sequence number = 473
Timeout, sequence number = 474
Timeout, sequence number = 479
Timeout, sequence number = 485
[CLIENT] Sent data seq=1000
Timeout, sequence number = 492
[CLIENT] Received ACK seq=500
Timeout, sequence number = 515
Timeout, sequence number = 522
Timeout, sequence number = 532
Timeout, sequence number = 533
Timeout, sequence number = 549
Timeout, sequence number = 563
Timeout, sequence number = 574
[CLIENT] Sent data seq=1100
[CLIENT] Received ACK seq=600
Timeout, sequence number = 618
Timeout, sequence number = 620
Timeout, sequence number = 638
Timeout, sequence number = 642
Timeout, sequence number = 650
Timeout, sequence number = 650
Timeout, sequence number = 666
[CLIENT] Sent data seq=1200
[CLIENT] Received ACK seq=700
Timeout, sequence number = 720
Timeout, sequence number = 722
Timeout, sequence number = 755
Timeout, sequence number = 757
[CLIENT] Sent data seq=1300
[CLIENT] Received ACK seq=800
Timeout, sequence number = 809
Timeout, sequence number = 818
Timeout, sequence number = 836
Timeout, sequence number = 842
Timeout, sequence number = 856
Timeout, sequence number = 856
Timeout, sequence number = 883
[CLIENT] Sent data seq=1400
[CLIENT] Received ACK seq=900
Timeout, sequence number = 914
Timeout, sequence number = 914
Timeout, sequence number = 920
Timeout, sequence number = 937
Timeout, sequence number = 966
[CLIENT] Sent data seq=1500
Timeout, sequence number = 991
[CLIENT] Received ACK seq=1000
Timeout, sequence number = 1051
Timeout, sequence number = 1054
Timeout, sequence number = 1071
Timeout, sequence number = 1080
Timeout, sequence number = 1084
Timeout, sequence number = 1085
[CLIENT] Sent data seq=1600
[CLIENT] Received ACK seq=1100
Timeout, sequence number = 1111
Timeout, sequence number = 1116
Timeout, sequence number = 1154
Timeout, sequence number = 1164
Timeout, sequence number = 1173
Timeout, sequence number = 1185
Timeout, sequence number = 1188
[CLIENT] Sent data seq=1700
[CLIENT] Received ACK seq=1200
Timeout, sequence number = 1204
Timeout, sequence number = 1218
Timeout, sequence number = 1219
Timeout, sequence number = 1222
Timeout, sequence number = 1232
Timeout, sequence number = 1242
Timeout, sequence number = 1244
Timeout, sequence number = 1255
[CLIENT] Sent data seq=1800
[CLIENT] Received ACK seq=1300
Timeout, sequence number = 1315
Timeout, sequence number = 1341
Timeout, sequence number = 1344
Timeout, sequence number = 1356
Timeout, sequence number = 1382
Timeout, sequence number = 1383
[CLIENT] Sent data seq=1900
[CLIENT] Received ACK seq=1400
Timeout, sequence number = 1418
Timeout, sequence number = 1423
Timeout, sequence number = 1443
Timeout, sequence number = 1444
Timeout, sequence number = 1446
Timeout, sequence number = 1461
Timeout, sequence number = 1464
Timeout, sequence number = 1466
[CLIENT] Sent data seq=2000
Timeout, sequence number = 1490
[CLIENT] Received ACK seq=1500
Timeout, sequence number = 1529
Timeout, sequence number = 1533
Timeout, sequence number = 1533
[CLIENT] Sent data seq=2100
[CLIENT] Received ACK seq=1600
Timeout, sequence number = 1613
Timeout, sequence number = 1629
Timeout, sequence number = 1630
Timeout, sequence number = 1653
[CLIENT] Sent data seq=2200
[CLIENT] Received ACK seq=1700
Timeout, sequence number = 1701
Timeout, sequence number = 1701
Timeout, sequence number = 1702
Timeout, sequence number = 1702
Timeout, sequence number = 1741
Timeout, sequence number = 1751
Timeout, sequence number = 1751
Timeout, sequence number = 1784
[CLIENT] Sent data seq=2300
Timeout, sequence number = 1795
[CLIENT] Received ACK seq=1800
Timeout, sequence number = 1801
Timeout, sequence number = 1837
[CLIENT] Sent data seq=2400
[CLIENT] Received ACK seq=1900
Timeout, sequence number = 1973
Timeout, sequence number = 1975
Timeout, sequence number = 1978
Timeout, sequence number = 1978
Timeout, sequence number = 1987
[CLIENT] Received ACK seq=2000
Timeout, sequence number = 2004
Timeout, sequence number = 2006
Timeout, sequence number = 2049
Timeout, sequence number = 2054
Timeout, sequence number = 2060
[CLIENT] Received ACK seq=2100
Timeout, sequence number = 2104
Timeout, sequence number = 2160
Timeout, sequence number = 2191
[CLIENT] Received ACK seq=2200
Timeout, sequence number = 2205
Timeout, sequence number = 2241
Timeout, sequence number = 2288
Timeout, sequence number = 2288
Timeout, sequence number = 2298
[CLIENT] Received ACK seq=2300
Timeout, sequence number = 2355
Timeout, sequence number = 2355
Timeout, sequence number = 2360
Timeout, sequence number = 2364
[CLIENT] Received ACK seq=2400
[CLIENT] Summary: sent_packets=2401, ack_packets=2401, retransmitted_packets=64941, timeout_events=138
Transfer complete. Delay = 82.604966 seconds

=== STDERR ===
