=== STDOUT ===
[CLIENT] Starting transfer: server=10.153.27.102:7735, file=demo_input.bin, N=64, MSS=500, total_segments=2401
[CLIENT] Sent data seq=0
[CLIENT] Sent data seq=1
[CLIENT] Sent data seq=2
[CLIENT] Sent data seq=3
[CLIENT] Sent data seq=4
[CLIENT] Received ACK seq=0
[CLIENT] Received ACK seq=1
[CLIENT] Received ACK seq=2
[CLIENT] Received ACK seq=3
[CLIENT] Received ACK seq=4
Timeout, sequence number = 7
Timeout, sequence number = 21
[CLIENT] Sent data seq=100
Timeout, sequence number = 39
Timeout, sequence number = 45
Timeout, sequence number = 47
Timeout, sequence number = 62
Timeout, sequence number = 62
[CLIENT] Received ACK seq=100
Timeout, sequence number = 110
[CLIENT] Sent data seq=200
Timeout, sequence number = 138
Timeout, sequence number = 146
Timeout, sequence number = 151
Timeout, sequence number = 166
Timeout, sequence number = 177
[CLIENT] Received ACK seq=200
Timeout, sequence number = 210
[CLIENT] Sent data seq=300
Timeout, sequence number = 241
Timeout, sequence number = 269
Timeout, sequence number = 279
[CLIENT] Received ACK seq=300
Timeout, sequence number = 318
Timeout, sequence number = 318
[CLIENT] Sent data seq=400
Timeout, sequence number = 387
Timeout, sequence number = 388
Timeout, sequence number = 389
[CLIENT] Received ACK seq=400
Timeout, sequence number = 407
Timeout, sequence number = 426
Timeout, sequence number = 426
[CLIENT] Sent data seq=500
Timeout, sequence number = 479
Timeout, sequence number = 480
Timeout, sequence number = 488
Timeout, sequence number = 489
Timeout, sequence number = 489
[CLIENT] Received ACK seq=500
Timeout, sequence number = 501
Timeout, sequence number = 527
Timeout, sequence number = 528
Timeout, sequence number = 535
Timeout, sequence number = 536
[CLIENT] Sent data seq=600
Timeout, sequence number = 541
Timeout, sequence number = 596
[CLIENT] Received ACK seq=600
[CLIENT] Sent data seq=700
Timeout, sequence number = 680
Timeout, sequence number = 691
[CLIENT] Received ACK seq=700
Timeout, sequence number = 704
Timeout, sequence number = 705
Timeout, sequence number = 721
[CLIENT] Sent data seq=800
Timeout, sequence number = 737
Timeout, sequence number = 759
Timeout, sequence number = 769
Timeout, sequence number = 770
Timeout, sequence number = 790
Timeout, sequence number = 797
[CLIENT] Received ACK seq=800
Timeout, sequence number = 813
[CLIENT] Sent data seq=900
Timeout, sequence number = 859
Timeout, sequence number = 864
Timeout, sequence number = 873
Timeout, sequence number = 883
Timeout, sequence number = 883
Timeout, sequence number = 888
[CLIENT] Received ACK seq=900
Timeout, sequence number = 906
Timeout, sequence number = 919
[CLIENT] Sent data seq=1000
Timeout, sequence number = 987
[CLIENT] Received ACK seq=1000
Timeout, sequence number = 1025
Timeout, sequence number = 1034
[CLIENT] Sent data seq=1100
Timeout, sequence number = 1081
Timeout, sequence number = 1081
[CLIENT] Received ACK seq=1100
Timeout, sequence number = 1106
Timeout, sequence number = 1123
[CLIENT] Sent data seq=1200
Timeout, sequence number = 1147
Timeout, sequence number = 1151
Timeout, sequence number = 1178
Timeout, sequence number = 1193
Timeout, sequence number = 1194
Timeout, sequence number = 1197
[CLIENT] Received ACK seq=1200
Timeout, sequence number = 1213
Timeout, sequence number = 1226
[CLIENT] Sent data seq=1300
Timeout, sequence number = 1268
Timeout, sequence number = 1296
[CLIENT] Received ACK seq=1300
Timeout, sequence number = 1324
[CLIENT] Sent data seq=1400
Timeout, sequence number = 1355
Timeout, sequence number = 1371
Timeout, sequence number = 1375
Timeout, sequence number = 1379
[CLIENT] Received ACK seq=1400
Timeout, sequence number = 1434
[CLIENT] Sent data seq=1500
Timeout, sequence number = 1451
[CLIENT] Received ACK seq=1500
Timeout, sequence number = 1517
[CLIENT] Sent data seq=1600
Timeout, sequence number = 1548
Timeout, sequence number = 1566
Timeout, sequence number = 1579
Timeout, sequence number = 1584
Timeout, sequence number = 1592
[CLIENT] Received ACK seq=1600
Timeout, sequence number = 1615
Timeout, sequence number = 1624
[CLIENT] Sent data seq=1700
Timeout, sequence number = 1655
Timeout, sequence number = 1672
Timeout, sequence number = 1673
Timeout, sequence number = 1677
Timeout, sequence number = 1689
Timeout, sequence number = 1699
[CLIENT] Received ACK seq=1700
Timeout, sequence number = 1708
Timeout, sequence number = 1724
Timeout, sequence number = 1726
Timeout, sequence number = 1733
Timeout, sequence number = 1733
[CLIENT] Sent data seq=1800
Timeout, sequence number = 1745
Timeout, sequence number = 1749
Timeout, sequence number = 1766
Timeout, sequence number = 1780
[CLIENT] Received ACK seq=1800
Timeout, sequence number = 1812
Timeout, sequence number = 1828
[CLIENT] Sent data seq=1900
Timeout, sequence number = 1853
Timeout, sequence number = 1869
[CLIENT] Received ACK seq=1900
Timeout, sequence number = 1918
[CLIENT] Sent data seq=2000
Timeout, sequence number = 1961
[CLIENT] Received ACK seq=2000
Timeout, sequence number = 2014
Timeout, sequence number = 2018
Timeout, sequence number = 2018
[CLIENT] Sent data seq=2100
Timeout, sequence number = 2064
[CLIENT] Received ACK seq=2100
Timeout, sequence number = 2102
[CLIENT] Sent data seq=2200
Timeout, sequence number = 2142
Timeout, sequence number = 2143
Timeout, sequence number = 2146
Timeout, sequence number = 2169
Timeout, sequence number = 2187
Timeout, sequence number = 2189
Timeout, sequence number = 2190
Timeout, sequence number = 2193
[CLIENT] Received ACK seq=2200
Timeout, sequence number = 2213
Timeout, sequence number = 2222
Timeout, sequence number = 2235
[CLIENT] Sent data seq=2300
Timeout, sequence number = 2246
Timeout, sequence number = 2246
Timeout, sequence number = 2262
Timeout, sequence number = 2263
[CLIENT] Received ACK seq=2300
Timeout, sequence number = 2307
Timeout, sequence number = 2311
Timeout, sequence number = 2318
Timeout, sequence number = 2331
Timeout, sequence number = 2336
[CLIENT] Sent data seq=2400
Timeout, sequence number = 2340
Timeout, sequence number = 2341
Timeout, sequence number = 2357
Timeout, sequence number = 2370
Timeout, sequence number = 2370
[CLIENT] Received ACK seq=2400
[CLIENT] Summary: sent_packets=2401, ack_packets=2401, retransmitted_packets=8867, timeout_events=140
Transfer complete. Delay = 81.330153 seconds

=== STDERR ===
