=== STDOUT ===
[CLIENT] Starting transfer: server=10.153.27.102:7735, file=demo_input.bin, N=1, MSS=500, total_segments=2401
[CLIENT] Sent data seq=0
[CLIENT] Received ACK seq=0
[CLIENT] Sent data seq=1
[CLIENT] Received ACK seq=1
[CLIENT] Sent data seq=2
[CLIENT] Received ACK seq=2
[CLIENT] Sent data seq=3
[CLIENT] Received ACK seq=3
[CLIENT] Sent data seq=4
[CLIENT] Received ACK seq=4
Timeout, sequence number = 32
Timeout, sequence number = 37
Timeout, sequence number = 44
Timeout, sequence number = 61
[CLIENT] Sent data seq=100
[CLIENT] Received ACK seq=100
Timeout, sequence number = 112
[CLIENT] Sent data seq=200
[CLIENT] Received ACK seq=200
Timeout, sequence number = 208
Timeout, sequence number = 217
Timeout, sequence number = 217
Timeout, sequence number = 224
Timeout, sequence number = 230
Timeout, sequence number = 284
[CLIENT] Sent data seq=300
[CLIENT] Received ACK seq=300
Timeout, sequence number = 330
Timeout, sequence number = 338
Timeout, sequence number = 338
Timeout, sequence number = 357
Timeout, sequence number = 396
[CLIENT] Sent data seq=400
[CLIENT] Received ACK seq=400
Timeout, sequence number = 433
Timeout, sequence number = 437
Timeout, sequence number = 443
Timeout, sequence number = 444
Timeout, sequence number = 447
Timeout, sequence number = 448
Timeout, sequence number = 475
[CLIENT] Sent data seq=500
[CLIENT] Received ACK seq=500
Timeout, sequence number = 519
Timeout, sequence number = 535
Timeout, sequence number = 560
Timeout, sequence number = 576
Timeout, sequence number = 581
Timeout, sequence number = 592
[CLIENT] Sent data seq=600
[CLIENT] Received ACK seq=600
Timeout, sequence number = 641
Timeout, sequence number = 642
Timeout, sequence number = 643
Timeout, sequence number = 650
Timeout, sequence number = 661
[CLIENT] Sent data seq=700
[CLIENT] Received ACK seq=700
Timeout, sequence number = 731
Timeout, sequence number = 751
Timeout, sequence number = 761
Timeout, sequence number = 767
Timeout, sequence number = 784
Timeout, sequence number = 785
Timeout, sequence number = 796
[CLIENT] Sent data seq=800
[CLIENT] Received ACK seq=800
Timeout, sequence number = 801
Timeout, sequence number = 804
Timeout, sequence number = 808
Timeout, sequence number = 810
Timeout, sequence number = 830
Timeout, sequence number = 843
Timeout, sequence number = 854
Timeout, sequence number = 859
Timeout, sequence number = 882
Timeout, sequence number = 893
[CLIENT] Sent data seq=900
[CLIENT] Received ACK seq=900
Timeout, sequence number = 913
Timeout, sequence number = 930
Timeout, sequence number = 952
Timeout, sequence number = 967
Timeout, sequence number = 979
Timeout, sequence number = 986
Timeout, sequence number = 986
Timeout, sequence number = 987
Timeout, sequence number = 987
Timeout, sequence number = 998
[CLIENT] Sent data seq=1000
[CLIENT] Received ACK seq=1000
Timeout, sequence number = 1020
Timeout, sequence number = 1071
Timeout, sequence number = 1087
Timeout, sequence number = 1093
Timeout, sequence number = 1097
Timeout, sequence number = 1098
[CLIENT] Sent data seq=1100
[CLIENT] Received ACK seq=1100
Timeout, sequence number = 1118
Timeout, sequence number = 1128
Timeout, sequence number = 1173
Timeout, sequence number = 1187
[CLIENT] Sent data seq=1200
Timeout, sequence number = 1200
[CLIENT] Received ACK seq=1200
Timeout, sequence number = 1205
Timeout, sequence number = 1235
Timeout, sequence number = 1253
Timeout, sequence number = 1273
[CLIENT] Sent data seq=1300
[CLIENT] Received ACK seq=1300
Timeout, sequence number = 1324
Timeout, sequence number = 1339
[CLIENT] Sent data seq=1400
[CLIENT] Received ACK seq=1400
Timeout, sequence number = 1426
Timeout, sequence number = 1432
Timeout, sequence number = 1438
Timeout, sequence number = 1445
Timeout, sequence number = 1464
Timeout, sequence number = 1470
[CLIENT] Sent data seq=1500
[CLIENT] Received ACK seq=1500
Timeout, sequence number = 1513
Timeout, sequence number = 1523
Timeout, sequence number = 1555
Timeout, sequence number = 1555
Timeout, sequence number = 1561
Timeout, sequence number = 1569
[CLIENT] Sent data seq=1600
[CLIENT] Received ACK seq=1600
Timeout, sequence number = 1602
Timeout, sequence number = 1623
Timeout, sequence number = 1662
[CLIENT] Sent data seq=1700
[CLIENT] Received ACK seq=1700
Timeout, sequence number = 1734
Timeout, sequence number = 1763
Timeout, sequence number = 1770
Timeout, sequence number = 1781
[CLIENT] Sent data seq=1800
[CLIENT] Received ACK seq=1800
Timeout, sequence number = 1820
Timeout, sequence number = 1848
Timeout, sequence number = 1853
Timeout, sequence number = 1856
Timeout, sequence number = 1868
Timeout, sequence number = 1870
Timeout, sequence number = 1879
Timeout, sequence number = 1879
Timeout, sequence number = 1889
[CLIENT] Sent data seq=1900
[CLIENT] Received ACK seq=1900
Timeout, sequence number = 1906
Timeout, sequence number = 1913
Timeout, sequence number = 1925
Timeout, sequence number = 1944
Timeout, sequence number = 1970
Timeout, sequence number = 1973
Timeout, sequence number = 1994
Timeout, sequence number = 1999
[CLIENT] Sent data seq=2000
[CLIENT] Received ACK seq=2000
Timeout, sequence number = 2003
Timeout, sequence number = 2045
Timeout, sequence number = 2098
Timeout, sequence number = 2098
[CLIENT] Sent data seq=2100
[CLIENT] Received ACK seq=2100
Timeout, sequence number = 2101
Timeout, sequence number = 2107
Timeout, sequence number = 2107
Timeout, sequence number = 2116
Timeout, sequence number = 2140
Timeout, sequence number = 2163
Timeout, sequence number = 2184
Timeout, sequence number = 2184
[CLIENT] Sent data seq=2200
[CLIENT] Received ACK seq=2200
Timeout, sequence number = 2210
Timeout, sequence number = 2218
Timeout, sequence number = 2227
Timeout, sequence number = 2232
Timeout, sequence number = 2264
Timeout, sequence number = 2277
Timeout, sequence number = 2282
Timeout, sequence number = 2282
Timeout, sequence number = 2288
Timeout, sequence number = 2293
[CLIENT] Sent data seq=2300
[CLIENT] Received ACK seq=2300
Timeout, sequence number = 2355
Timeout, sequence number = 2361
Timeout, sequence number = 2376
[CLIENT] Sent data seq=2400
[CLIENT] Received ACK seq=2400
[CLIENT] Summary: sent_packets=2401, ack_packets=2401, retransmitted_packets=139, timeout_events=139
Transfer complete. Delay = 96.554828 seconds

=== STDERR ===
