=== STDOUT ===
[CLIENT] Starting transfer: server=10.153.27.102:7735, file=demo_input.bin, N=1024, MSS=500, total_segments=2401
[CLIENT] Sent data seq=0
[CLIENT] Sent data seq=1
[CLIENT] Sent data seq=2
[CLIENT] Sent data seq=3
[CLIENT] Sent data seq=4
[CLIENT] Sent data seq=100
[CLIENT] Sent data seq=200
[CLIENT] Sent data seq=300
[CLIENT] Sent data seq=400
[CLIENT] Sent data seq=500
[CLIENT] Sent data seq=600
[CLIENT] Sent data seq=700
[CLIENT] Sent data seq=800
[CLIENT] Sent data seq=900
[CLIENT] Sent data seq=1000
Timeout, sequence number = 0
[CLIENT] Received ACK seq=0
[CLIENT] Received ACK seq=1
[CLIENT] Received ACK seq=2
[CLIENT] Received ACK seq=3
[CLIENT] Received ACK seq=4
Timeout, sequence number = 5
Timeout, sequence number = 29
Timeout, sequence number = 47
Timeout, sequence number = 67
[CLIENT] Sent data seq=1100
Timeout, sequence number = 82
Timeout, sequence number = 90
[CLIENT] Received ACK seq=100
Timeout, sequence number = 101
Timeout, sequence number = 102
Timeout, sequence number = 102
Timeout, sequence number = 110
Timeout, sequence number = 144
Timeout, sequence number = 166
[CLIENT] Sent data seq=1200
Timeout, sequence number = 178
[CLIENT] Received ACK seq=200
Timeout, sequence number = 269
Timeout, sequence number = 271
[CLIENT] Sent data seq=1300
Timeout, sequence number = 287
Timeout, sequence number = 293
Timeout, sequence number = 298
[CLIENT] Received ACK seq=300
Timeout, sequence number = 306
Timeout, sequence number = 326
Timeout, sequence number = 328
Timeout, sequence number = 347
[CLIENT] Sent data seq=1400
[CLIENT] Received ACK seq=400
Timeout, sequence number = 409
Timeout, sequence number = 415
Timeout, sequence number = 418
Timeout, sequence number = 442
[CLIENT] Sent data seq=1500
Timeout, sequence number = 495
[CLIENT] Received ACK seq=500
Timeout, sequence number = 501
Timeout, sequence number = 506
Timeout, sequence number = 539
Timeout, sequence number = 545
Timeout, sequence number = 565
[CLIENT] Sent data seq=1600
[CLIENT] Received ACK seq=600
Timeout, sequence number = 636
Timeout, sequence number = 653
Timeout, sequence number = 668
Timeout, sequence number = 671
[CLIENT] Sent data seq=1700
Timeout, sequence number = 699
[CLIENT] Received ACK seq=700
Timeout, sequence number = 717
Timeout, sequence number = 737
Timeout, sequence number = 738
[CLIENT] Sent data seq=1800
[CLIENT] Received ACK seq=800
Timeout, sequence number = 842
Timeout, sequence number = 847
Timeout, sequence number = 862
Timeout, sequence number = 867
Timeout, sequence number = 868
Timeout, sequence number = 876
[CLIENT] Sent data seq=1900
Timeout, sequence number = 878
Timeout, sequence number = 881
Timeout, sequence number = 889
Timeout, sequence number = 891
[CLIENT] Received ACK seq=900
Timeout, sequence number = 913
Timeout, sequence number = 923
Timeout, sequence number = 949
Timeout, sequence number = 970
[CLIENT] Sent data seq=2000
[CLIENT] Received ACK seq=1000
Timeout, sequence number = 1015
Timeout, sequence number = 1038
Timeout, sequence number = 1042
Timeout, sequence number = 1047
Timeout, sequence number = 1055
[CLIENT] Sent data seq=2100
Timeout, sequence number = 1082
[CLIENT] Received ACK seq=1100
Timeout, sequence number = 1131
Timeout, sequence number = 1136
Timeout, sequence number = 1146
Timeout, sequence number = 1163
Timeout, sequence number = 1171
[CLIENT] Sent data seq=2200
[CLIENT] Received ACK seq=1200
Timeout, sequence number = 1244
Timeout, sequence number = 1248
Timeout, sequence number = 1252
[CLIENT] Sent data seq=2300
[CLIENT] Received ACK seq=1300
Timeout, sequence number = 1302
Timeout, sequence number = 1305
Timeout, sequence number = 1335
Timeout, sequence number = 1372
[CLIENT] Sent data seq=2400
[CLIENT] Received ACK seq=1400
Timeout, sequence number = 1403
Timeout, sequence number = 1425
Timeout, sequence number = 1457
Timeout, sequence number = 1465
[CLIENT] Received ACK seq=1500
Timeout, sequence number = 1504
Timeout, sequence number = 1523
Timeout, sequence number = 1523
Timeout, sequence number = 1524
Timeout, sequence number = 1535
Timeout, sequence number = 1573
Timeout, sequence number = 1582
Timeout, sequence number = 1593
Timeout, sequence number = 1593
[CLIENT] Received ACK seq=1600
Timeout, sequence number = 1634
Timeout, sequence number = 1657
Timeout, sequence number = 1684
Timeout, sequence number = 1684
Timeout, sequence number = 1698
[CLIENT] Received ACK seq=1700
Timeout, sequence number = 1716
Timeout, sequence number = 1733
Timeout, sequence number = 1750
[CLIENT] Received ACK seq=1800
Timeout, sequence number = 1813
Timeout, sequence number = 1828
Timeout, sequence number = 1831
Timeout, sequence number = 1833
Timeout, sequence number = 1892
[CLIENT] Received ACK seq=1900
Timeout, sequence number = 1947
Timeout, sequence number = 1981
Timeout, sequence number = 1990
Timeout, sequence number = 1993
[CLIENT] Received ACK seq=2000
Timeout, sequence number = 2010
Timeout, sequence number = 2022
Timeout, sequence number = 2074
Timeout, sequence number = 2077
Timeout, sequence number = 2085
Timeout, sequence number = 2088
[CLIENT] Received ACK seq=2100
Timeout, sequence number = 2108
Timeout, sequence number = 2121
Timeout, sequence number = 2146
Timeout, sequence number = 2150
Timeout, sequence number = 2179
Timeout, sequence number = 2181
Timeout, sequence number = 2193
[CLIENT] Received ACK seq=2200
Timeout, sequence number = 2205
Timeout, sequence number = 2215
Timeout, sequence number = 2256
Timeout, sequence number = 2268
[CLIENT] Received ACK seq=2300
Timeout, sequence number = 2304
Timeout, sequence number = 2319
Timeout, sequence number = 2330
Timeout, sequence number = 2340
Timeout, sequence number = 2342
Timeout, sequence number = 2345
Timeout, sequence number = 2388
Timeout, sequence number = 2393
[CLIENT] Received ACK seq=2400
[CLIENT] Summary: sent_packets=2401, ack_packets=2401, retransmitted_packets=101304, timeout_events=128
Transfer complete. Delay = 77.036074 seconds

=== STDERR ===
