=== STDOUT ===
[CLIENT] Starting transfer: server=10.153.27.102:7735, file=demo_input.bin, N=1024, MSS=500, total_segments=2401
[CLIENT] Sent data seq=0
[CLIENT] Sent data seq=1
[CLIENT] Sent data seq=2
[CLIENT] Sent data seq=3
[CLIENT] Sent data seq=4
[CLIENT] Sent data seq=100
[CLIENT] Sent data seq=200
[CLIENT] Sent data seq=300
[CLIENT] Sent data seq=400
[CLIENT] Sent data seq=500
[CLIENT] Sent data seq=600
[CLIENT] Sent data seq=700
[CLIENT] Sent data seq=800
[CLIENT] Sent data seq=900
[CLIENT] Sent data seq=1000
[CLIENT] Received ACK seq=0
[CLIENT] Received ACK seq=1
[CLIENT] Received ACK seq=2
[CLIENT] Received ACK seq=3
[CLIENT] Received ACK seq=4
Timeout, sequence number = 41
Timeout, sequence number = 42
[CLIENT] Sent data seq=1100
Timeout, sequence number = 79
Timeout, sequence number = 88
Timeout, sequence number = 94
[CLIENT] Received ACK seq=100
Timeout, sequence number = 114
Timeout, sequence number = 119
Timeout, sequence number = 126
Timeout, sequence number = 135
Timeout, sequence number = 155
[CLIENT] Sent data seq=1200
Timeout, sequence number = 178
Timeout, sequence number = 181
Timeout, sequence number = 188
[CLIENT] Received ACK seq=200
Timeout, sequence number = 203
Timeout, sequence number = 225
Timeout, sequence number = 225
Timeout, sequence number = 230
Timeout, sequence number = 239
Timeout, sequence number = 251
Timeout, sequence number = 276
[CLIENT] Sent data seq=1300
Timeout, sequence number = 281
[CLIENT] Received ACK seq=300
Timeout, sequence number = 313
Timeout, sequence number = 333
Timeout, sequence number = 344
Timeout, sequence number = 352
Timeout, sequence number = 361
Timeout, sequence number = 366
Timeout, sequence number = 370
[CLIENT] Sent data seq=1400
Timeout, sequence number = 387
Timeout, sequence number = 389
Timeout, sequence number = 397
[CLIENT] Received ACK seq=400
Timeout, sequence number = 424
Timeout, sequence number = 428
Timeout, sequence number = 431
Timeout, sequence number = 439
Timeout, sequence number = 444
Timeout, sequence number = 466
Timeout, sequence number = 468
[CLIENT] Sent data seq=1500
Timeout, sequence number = 494
[CLIENT] Received ACK seq=500
Timeout, sequence number = 516
Timeout, sequence number = 529
Timeout, sequence number = 531
Timeout, sequence number = 540
Timeout, sequence number = 559
[CLIENT] Sent data seq=1600
[CLIENT] Received ACK seq=600
Timeout, sequence number = 645
Timeout, sequence number = 670
[CLIENT] Sent data seq=1700
[CLIENT] Received ACK seq=700
Timeout, sequence number = 730
Timeout, sequence number = 736
Timeout, sequence number = 744
Timeout, sequence number = 766
[CLIENT] Sent data seq=1800
[CLIENT] Received ACK seq=800
Timeout, sequence number = 803
Timeout, sequence number = 875
[CLIENT] Sent data seq=1900
Timeout, sequence number = 882
Timeout, sequence number = 898
[CLIENT] Received ACK seq=900
Timeout, sequence number = 920
Timeout, sequence number = 927
Timeout, sequence number = 927
Timeout, sequence number = 946
[CLIENT] Sent data seq=2000
Timeout, sequence number = 982
Timeout, sequence number = 986
[CLIENT] Received ACK seq=1000
Timeout, sequence number = 1008
Timeout, sequence number = 1073
[CLIENT] Sent data seq=2100
Timeout, sequence number = 1095
[CLIENT] Received ACK seq=1100
Timeout, sequence number = 1113
Timeout, sequence number = 1118
Timeout, sequence number = 1171
Timeout, sequence number = 1174
[CLIENT] Sent data seq=2200
[CLIENT] Received ACK seq=1200
Timeout, sequence number = 1212
Timeout, sequence number = 1237
Timeout, sequence number = 1263
Timeout, sequence number = 1269
[CLIENT] Sent data seq=2300
Timeout, sequence number = 1278
[CLIENT] Received ACK seq=1300
Timeout, sequence number = 1304
Timeout, sequence number = 1328
Timeout, sequence number = 1359
Timeout, sequence number = 1367
[CLIENT] Sent data seq=2400
[CLIENT] Received ACK seq=1400
Timeout, sequence number = 1418
Timeout, sequence number = 1420
Timeout, sequence number = 1437
Timeout, sequence number = 1448
Timeout, sequence number = 1481
Timeout, sequence number = 1482
[CLIENT] Received ACK seq=1500
Timeout, sequence number = 1517
Timeout, sequence number = 1530
Timeout, sequence number = 1557
Timeout, sequence number = 1559
Timeout, sequence number = 1591
Timeout, sequence number = 1595
[CLIENT] Received ACK seq=1600
Timeout, sequence number = 1603
Timeout, sequence number = 1647
Timeout, sequence number = 1677
Timeout, sequence number = 1687
Timeout, sequence number = 1694
[CLIENT] Received ACK seq=1700
Timeout, sequence number = 1743
Timeout, sequence number = 1753
Timeout, sequence number = 1769
Timeout, sequence number = 1784
Timeout, sequence number = 1791
Timeout, sequence number = 1792
[CLIENT] Received ACK seq=1800
Timeout, sequence number = 1802
Timeout, sequence number = 1829
Timeout, sequence number = 1846
Timeout, sequence number = 1887
Timeout, sequence number = 1889
[CLIENT] Received ACK seq=1900
Timeout, sequence number = 1907
Timeout, sequence number = 1912
Timeout, sequence number = 1931
Timeout, sequence number = 1940
Timeout, sequence number = 1950
Timeout, sequence number = 1993
[CLIENT] Received ACK seq=2000
Timeout, sequence number = 2048
Timeout, sequence number = 2053
Timeout, sequence number = 2056
Timeout, sequence number = 2060
Timeout, sequence number = 2071
Timeout, sequence number = 2081
[CLIENT] Received ACK seq=2100
Timeout, sequence number = 2138
Timeout, sequence number = 2139
Timeout, sequence number = 2144
Timeout, sequence number = 2149
Timeout, sequence number = 2198
[CLIENT] Received ACK seq=2200
Timeout, sequence number = 2213
Timeout, sequence number = 2297
[CLIENT] Received ACK seq=2300
Timeout, sequence number = 2301
Timeout, sequence number = 2329
Timeout, sequence number = 2337
Timeout, sequence number = 2342
Timeout, sequence number = 2343
Timeout, sequence number = 2344
[CLIENT] Received ACK seq=2400
[CLIENT] Summary: sent_packets=2401, ack_packets=2393, retransmitted_packets=105573, timeout_events=129
Transfer complete. Delay = 78.394673 seconds

=== STDERR ===
