=== STDOUT ===
[CLIENT] Starting transfer: server=10.153.27.102:7735, file=demo_input.bin, N=1024, MSS=500, total_segments=2401
[CLIENT] Sent data seq=0
[CLIENT] Sent data seq=1
[CLIENT] Sent data seq=2
[CLIENT] Sent data seq=3
[CLIENT] Sent data seq=4
[CLIENT] Sent data seq=100
[CLIENT] Sent data seq=200
[CLIENT] Sent data seq=300
[CLIENT] Sent data seq=400
[CLIENT] Sent data seq=500
[CLIENT] Sent data seq=600
[CLIENT] Sent data seq=700
[CLIENT] Sent data seq=800
[CLIENT] Sent data seq=900
[CLIENT] Sent data seq=1000
[CLIENT] Received ACK seq=0
[CLIENT] Received ACK seq=1
[CLIENT] Received ACK seq=2
[CLIENT] Received ACK seq=3
[CLIENT] Received ACK seq=4
Timeout, sequence number = 8
Timeout, sequence number = 19
Timeout, sequence number = 42
Timeout, sequence number = 48
Timeout, sequence number = 54
Timeout, sequence number = 70
[CLIENT] Sent data seq=1100
Timeout, sequence number = 80
[CLIENT] Received ACK seq=100
Timeout, sequence number = 107
Timeout, sequence number = 121
[CLIENT] Sent data seq=1200
Timeout, sequence number = 182
Timeout, sequence number = 182
Timeout, sequence number = 185
Timeout, sequence number = 195
[CLIENT] Received ACK seq=200
Timeout, sequence number = 223
Timeout, sequence number = 224
Timeout, sequence number = 231
[CLIENT] Sent data seq=1300
[CLIENT] Received ACK seq=300
Timeout, sequence number = 315
Timeout, sequence number = 315
Timeout, sequence number = 316
Timeout, sequence number = 336
Timeout, sequence number = 369
Timeout, sequence number = 371
[CLIENT] Sent data seq=1400
Timeout, sequence number = 386
[CLIENT] Received ACK seq=400
Timeout, sequence number = 403
Timeout, sequence number = 417
Timeout, sequence number = 467
[CLIENT] Sent data seq=1500
Timeout, sequence number = 482
Timeout, sequence number = 492
Timeout, sequence number = 494
[CLIENT] Received ACK seq=500
Timeout, sequence number = 512
Timeout, sequence number = 523
Timeout, sequence number = 541
Timeout, sequence number = 563
[CLIENT] Sent data seq=1600
Timeout, sequence number = 577
Timeout, sequence number = 597
[CLIENT] Received ACK seq=600
Timeout, sequence number = 635
Timeout, sequence number = 644
Timeout, sequence number = 644
[CLIENT] Sent data seq=1700
Timeout, sequence number = 688
Timeout, sequence number = 700
[CLIENT] Received ACK seq=700
Timeout, sequence number = 707
Timeout, sequence number = 709
Timeout, sequence number = 768
Timeout, sequence number = 768
[CLIENT] Sent data seq=1800
Timeout, sequence number = 795
Timeout, sequence number = 798
[CLIENT] Received ACK seq=800
Timeout, sequence number = 801
Timeout, sequence number = 835
Timeout, sequence number = 862
[CLIENT] Sent data seq=1900
[CLIENT] Received ACK seq=900
Timeout, sequence number = 909
Timeout, sequence number = 916
Timeout, sequence number = 925
Timeout, sequence number = 968
Timeout, sequence number = 968
Timeout, sequence number = 969
Timeout, sequence number = 973
[CLIENT] Sent data seq=2000
[CLIENT] Received ACK seq=1000
Timeout, sequence number = 1002
Timeout, sequence number = 1013
Timeout, sequence number = 1032
Timeout, sequence number = 1048
Timeout, sequence number = 1056
[CLIENT] Sent data seq=2100
Timeout, sequence number = 1094
[CLIENT] Received ACK seq=1100
Timeout, sequence number = 1118
Timeout, sequence number = 1159
Timeout, sequence number = 1167
[CLIENT] Sent data seq=2200
Timeout, sequence number = 1197
[CLIENT] Received ACK seq=1200
Timeout, sequence number = 1220
Timeout, sequence number = 1220
Timeout, sequence number = 1236
Timeout, sequence number = 1240
Timeout, sequence number = 1264
[CLIENT] Sent data seq=2300
[CLIENT] Received ACK seq=1300
Timeout, sequence number = 1309
Timeout, sequence number = 1314
Timeout, sequence number = 1316
Timeout, sequence number = 1343
Timeout, sequence number = 1354
Timeout, sequence number = 1365
[CLIENT] Sent data seq=2400
Timeout, sequence number = 1382
[CLIENT] Received ACK seq=1400
Timeout, sequence number = 1413
Timeout, sequence number = 1419
Timeout, sequence number = 1419
Timeout, sequence number = 1460
Timeout, sequence number = 1461
Timeout, sequence number = 1469
Timeout, sequence number = 1469
Timeout, sequence number = 1482
Timeout, sequence number = 1485
[CLIENT] Received ACK seq=1500
Timeout, sequence number = 1503
Timeout, sequence number = 1520
Timeout, sequence number = 1585
Timeout, sequence number = 1598
[CLIENT] Received ACK seq=1600
Timeout, sequence number = 1623
Timeout, sequence number = 1623
Timeout, sequence number = 1645
Timeout, sequence number = 1672
[CLIENT] Received ACK seq=1700
Timeout, sequence number = 1717
Timeout, sequence number = 1717
Timeout, sequence number = 1756
Timeout, sequence number = 1759
Timeout, sequence number = 1763
Timeout, sequence number = 1766
[CLIENT] Received ACK seq=1800
Timeout, sequence number = 1812
Timeout, sequence number = 1814
Timeout, sequence number = 1845
Timeout, sequence number = 1846
Timeout, sequence number = 1866
Timeout, sequence number = 1887
[CLIENT] Received ACK seq=1900
Timeout, sequence number = 1913
Timeout, sequence number = 1922
Timeout, sequence number = 1922
Timeout, sequence number = 1924
Timeout, sequence number = 1933
Timeout, sequence number = 1967
[CLIENT] Received ACK seq=2000
Timeout, sequence number = 2018
Timeout, sequence number = 2026
Timeout, sequence number = 2030
Timeout, sequence number = 2087
[CLIENT] Received ACK seq=2100
Timeout, sequence number = 2164
Timeout, sequence number = 2183
Timeout, sequence number = 2184
[CLIENT] Received ACK seq=2200
Timeout, sequence number = 2224
Timeout, sequence number = 2241
Timeout, sequence number = 2245
Timeout, sequence number = 2247
Timeout, sequence number = 2289
Timeout, sequence number = 2290
Timeout, sequence number = 2296
[CLIENT] Received ACK seq=2300
Timeout, sequence number = 2308
Timeout, sequence number = 2328
Timeout, sequence number = 2328
Timeout, sequence number = 2389
[CLIENT] Received ACK seq=2400
[CLIENT] Summary: sent_packets=2401, ack_packets=2401, retransmitted_packets=108268, timeout_events=131
Transfer complete. Delay = 80.331554 seconds

=== STDERR ===
