=== STDOUT ===
[CLIENT] Starting transfer: server=10.153.27.102:7735, file=demo_input.bin, N=16, MSS=500, total_segments=2401
[CLIENT] Sent data seq=0
[CLIENT] Sent data seq=1
[CLIENT] Sent data seq=2
[CLIENT] Sent data seq=3
[CLIENT] Sent data seq=4
Timeout, sequence number = 0
[CLIENT] Received ACK seq=0
[CLIENT] Received ACK seq=1
[CLIENT] Received ACK seq=2
[CLIENT] Received ACK seq=3
[CLIENT] Received ACK seq=4
Timeout, sequence number = 15
Timeout, sequence number = 24
Timeout, sequence number = 50
Timeout, sequence number = 75
Timeout, sequence number = 80
Timeout, sequence number = 81
[CLIENT] Sent data seq=100
[CLIENT] Received ACK seq=100
Timeout, sequence number = 104
Timeout, sequence number = 140
Timeout, sequence number = 143
Timeout, sequence number = 160
Timeout, sequence number = 164
[CLIENT] Sent data seq=200
[CLIENT] Received ACK seq=200
Timeout, sequence number = 213
Timeout, sequence number = 228
Timeout, sequence number = 230
Timeout, sequence number = 231
Timeout, sequence number = 249
Timeout, sequence number = 259
Timeout, sequence number = 267
Timeout, sequence number = 279
[CLIENT] Sent data seq=300
[CLIENT] Received ACK seq=300
Timeout, sequence number = 344
Timeout, sequence number = 361
[CLIENT] Sent data seq=400
Timeout, sequence number = 387
Timeout, sequence number = 390
[CLIENT] Received ACK seq=400
Timeout, sequence number = 401
Timeout, sequence number = 408
Timeout, sequence number = 410
Timeout, sequence number = 443
Timeout, sequence number = 445
Timeout, sequence number = 449
Timeout, sequence number = 465
Timeout, sequence number = 469
Timeout, sequence number = 469
[CLIENT] Sent data seq=500
Timeout, sequence number = 496
[CLIENT] Received ACK seq=500
Timeout, sequence number = 501
Timeout, sequence number = 504
Timeout, sequence number = 521
Timeout, sequence number = 532
Timeout, sequence number = 557
Timeout, sequence number = 562
Timeout, sequence number = 580
[CLIENT] Sent data seq=600
Timeout, sequence number = 589
Timeout, sequence number = 595
[CLIENT] Received ACK seq=600
Timeout, sequence number = 606
Timeout, sequence number = 614
Timeout, sequence number = 620
Timeout, sequence number = 641
Timeout, sequence number = 641
Timeout, sequence number = 653
Timeout, sequence number = 657
[CLIENT] Sent data seq=700
Timeout, sequence number = 687
[CLIENT] Received ACK seq=700
Timeout, sequence number = 715
Timeout, sequence number = 718
Timeout, sequence number = 781
Timeout, sequence number = 782
[CLIENT] Sent data seq=800
Timeout, sequence number = 796
Timeout, sequence number = 798
[CLIENT] Received ACK seq=800
Timeout, sequence number = 801
Timeout, sequence number = 818
Timeout, sequence number = 820
Timeout, sequence number = 844
Timeout, sequence number = 863
[CLIENT] Sent data seq=900
[CLIENT] Received ACK seq=900
Timeout, sequence number = 905
Timeout, sequence number = 972
[CLIENT] Sent data seq=1000
[CLIENT] Received ACK seq=1000
Timeout, sequence number = 1016
Timeout, sequence number = 1031
Timeout, sequence number = 1039
Timeout, sequence number = 1041
Timeout, sequence number = 1067
Timeout, sequence number = 1074
[CLIENT] Sent data seq=1100
[CLIENT] Received ACK seq=1100
Timeout, sequence number = 1145
Timeout, sequence number = 1147
Timeout, sequence number = 1150
Timeout, sequence number = 1163
Timeout, sequence number = 1167
Timeout, sequence number = 1177
[CLIENT] Sent data seq=1200
Timeout, sequence number = 1198
[CLIENT] Received ACK seq=1200
Timeout, sequence number = 1211
Timeout, sequence number = 1251
Timeout, sequence number = 1281
[CLIENT] Sent data seq=1300
[CLIENT] Received ACK seq=1300
Timeout, sequence number = 1302
Timeout, sequence number = 1303
[CLIENT] Sent data seq=1400
[CLIENT] Received ACK seq=1400
Timeout, sequence number = 1416
Timeout, sequence number = 1455
[CLIENT] Sent data seq=1500
Timeout, sequence number = 1496
[CLIENT] Received ACK seq=1500
Timeout, sequence number = 1508
Timeout, sequence number = 1513
Timeout, sequence number = 1566
Timeout, sequence number = 1580
[CLIENT] Sent data seq=1600
Timeout, sequence number = 1588
Timeout, sequence number = 1593
Timeout, sequence number = 1594
Timeout, sequence number = 1600
[CLIENT] Received ACK seq=1600
Timeout, sequence number = 1612
Timeout, sequence number = 1620
Timeout, sequence number = 1641
[CLIENT] Sent data seq=1700
[CLIENT] Received ACK seq=1700
Timeout, sequence number = 1708
Timeout, sequence number = 1710
Timeout, sequence number = 1713
Timeout, sequence number = 1716
Timeout, sequence number = 1721
Timeout, sequence number = 1726
Timeout, sequence number = 1727
Timeout, sequence number = 1750
Timeout, sequence number = 1756
[CLIENT] Sent data seq=1800
[CLIENT] Received ACK seq=1800
Timeout, sequence number = 1849
[CLIENT] Sent data seq=1900
[CLIENT] Received ACK seq=1900
Timeout, sequence number = 1910
Timeout, sequence number = 1924
Timeout, sequence number = 1934
Timeout, sequence number = 1956
Timeout, sequence number = 1960
Timeout, sequence number = 1972
Timeout, sequence number = 1982
[CLIENT] Sent data seq=2000
Timeout, sequence number = 1985
[CLIENT] Received ACK seq=2000
Timeout, sequence number = 2031
Timeout, sequence number = 2044
Timeout, sequence number = 2063
Timeout, sequence number = 2083
[CLIENT] Sent data seq=2100
Timeout, sequence number = 2098
[CLIENT] Received ACK seq=2100
Timeout, sequence number = 2101
Timeout, sequence number = 2114
Timeout, sequence number = 2140
Timeout, sequence number = 2155
Timeout, sequence number = 2158
Timeout, sequence number = 2158
Timeout, sequence number = 2184
[CLIENT] Sent data seq=2200
Timeout, sequence number = 2199
Timeout, sequence number = 2199
[CLIENT] Received ACK seq=2200
Timeout, sequence number = 2204
Timeout, sequence number = 2206
Timeout, sequence number = 2227
Timeout, sequence number = 2239
Timeout, sequence number = 2248
Timeout, sequence number = 2267
Timeout, sequence number = 2271
[CLIENT] Sent data seq=2300
Timeout, sequence number = 2295
[CLIENT] Received ACK seq=2300
Timeout, sequence number = 2327
Timeout, sequence number = 2333
Timeout, sequence number = 2338
Timeout, sequence number = 2378
[CLIENT] Sent data seq=2400
Timeout, sequence number = 2389
Timeout, sequence number = 2390
[CLIENT] Received ACK seq=2400
[CLIENT] Summary: sent_packets=2401, ack_packets=2401, retransmitted_packets=2263, timeout_events=142
Transfer complete. Delay = 75.200840 seconds

=== STDERR ===
