=== STDOUT ===
[CLIENT] Starting transfer: server=10.153.27.102:7735, file=demo_input.bin, N=16, MSS=500, total_segments=2401
[CLIENT] Sent data seq=0
[CLIENT] Sent data seq=1
[CLIENT] Sent data seq=2
[CLIENT] Sent data seq=3
[CLIENT] Sent data seq=4
[CLIENT] Received ACK seq=0
[CLIENT] Received ACK seq=1
Timeout, sequence number = 2
[CLIENT] Received ACK seq=2
[CLIENT] Received ACK seq=3
[CLIENT] Received ACK seq=4
Timeout, sequence number = 12
Timeout, sequence number = 21
Timeout, sequence number = 29
Timeout, sequence number = 30
Timeout, sequence number = 34
Timeout, sequence number = 40
Timeout, sequence number = 52
Timeout, sequence number = 67
Timeout, sequence number = 70
[CLIENT] Sent data seq=100
[CLIENT] Received ACK seq=100
Timeout, sequence number = 101
Timeout, sequence number = 102
Timeout, sequence number = 115
Timeout, sequence number = 122
Timeout, sequence number = 139
Timeout, sequence number = 148
Timeout, sequence number = 158
Timeout, sequence number = 181
[CLIENT] Sent data seq=200
[CLIENT] Received ACK seq=200
Timeout, sequence number = 205
Timeout, sequence number = 218
Timeout, sequence number = 222
Timeout, sequence number = 223
Timeout, sequence number = 228
Timeout, sequence number = 254
Timeout, sequence number = 272
[CLIENT] Sent data seq=300
[CLIENT] Received ACK seq=300
Timeout, sequence number = 309
Timeout, sequence number = 314
Timeout, sequence number = 318
Timeout, sequence number = 331
Timeout, sequence number = 360
Timeout, sequence number = 368
[CLIENT] Sent data seq=400
Timeout, sequence number = 396
Timeout, sequence number = 400
[CLIENT] Received ACK seq=400
Timeout, sequence number = 425
Timeout, sequence number = 425
Timeout, sequence number = 447
Timeout, sequence number = 447
Timeout, sequence number = 458
[CLIENT] Sent data seq=500
Timeout, sequence number = 488
[CLIENT] Received ACK seq=500
Timeout, sequence number = 503
Timeout, sequence number = 512
Timeout, sequence number = 555
Timeout, sequence number = 559
Timeout, sequence number = 571
[CLIENT] Sent data seq=600
[CLIENT] Received ACK seq=600
Timeout, sequence number = 630
Timeout, sequence number = 659
[CLIENT] Sent data seq=700
Timeout, sequence number = 690
[CLIENT] Received ACK seq=700
Timeout, sequence number = 732
Timeout, sequence number = 736
Timeout, sequence number = 743
Timeout, sequence number = 744
Timeout, sequence number = 761
Timeout, sequence number = 771
Timeout, sequence number = 780
[CLIENT] Sent data seq=800
[CLIENT] Received ACK seq=800
Timeout, sequence number = 854
[CLIENT] Sent data seq=900
Timeout, sequence number = 891
[CLIENT] Received ACK seq=900
Timeout, sequence number = 915
Timeout, sequence number = 919
Timeout, sequence number = 929
Timeout, sequence number = 933
Timeout, sequence number = 966
Timeout, sequence number = 978
Timeout, sequence number = 982
[CLIENT] Sent data seq=1000
Timeout, sequence number = 996
[CLIENT] Received ACK seq=1000
Timeout, sequence number = 1041
Timeout, sequence number = 1046
Timeout, sequence number = 1052
[CLIENT] Sent data seq=1100
[CLIENT] Received ACK seq=1100
Timeout, sequence number = 1166
Timeout, sequence number = 1174
Timeout, sequence number = 1180
[CLIENT] Sent data seq=1200
Timeout, sequence number = 1185
Timeout, sequence number = 1195
Timeout, sequence number = 1197
[CLIENT] Received ACK seq=1200
Timeout, sequence number = 1201
Timeout, sequence number = 1212
Timeout, sequence number = 1251
Timeout, sequence number = 1275
[CLIENT] Sent data seq=1300
[CLIENT] Received ACK seq=1300
Timeout, sequence number = 1338
Timeout, sequence number = 1346
Timeout, sequence number = 1353
Timeout, sequence number = 1379
[CLIENT] Sent data seq=1400
Timeout, sequence number = 1388
Timeout, sequence number = 1398
[CLIENT] Received ACK seq=1400
Timeout, sequence number = 1413
Timeout, sequence number = 1413
Timeout, sequence number = 1414
Timeout, sequence number = 1429
Timeout, sequence number = 1431
Timeout, sequence number = 1441
Timeout, sequence number = 1460
Timeout, sequence number = 1472
Timeout, sequence number = 1479
Timeout, sequence number = 1479
[CLIENT] Sent data seq=1500
Timeout, sequence number = 1486
Timeout, sequence number = 1489
[CLIENT] Received ACK seq=1500
Timeout, sequence number = 1509
Timeout, sequence number = 1547
Timeout, sequence number = 1560
[CLIENT] Sent data seq=1600
Timeout, sequence number = 1589
Timeout, sequence number = 1596
Timeout, sequence number = 1597
[CLIENT] Received ACK seq=1600
Timeout, sequence number = 1603
Timeout, sequence number = 1613
Timeout, sequence number = 1648
[CLIENT] Sent data seq=1700
[CLIENT] Received ACK seq=1700
Timeout, sequence number = 1706
Timeout, sequence number = 1755
Timeout, sequence number = 1783
[CLIENT] Sent data seq=1800
[CLIENT] Received ACK seq=1800
Timeout, sequence number = 1811
Timeout, sequence number = 1827
Timeout, sequence number = 1827
Timeout, sequence number = 1839
Timeout, sequence number = 1840
Timeout, sequence number = 1865
Timeout, sequence number = 1867
Timeout, sequence number = 1876
[CLIENT] Sent data seq=1900
Timeout, sequence number = 1895
Timeout, sequence number = 1898
[CLIENT] Received ACK seq=1900
Timeout, sequence number = 1915
Timeout, sequence number = 1916
Timeout, sequence number = 1944
Timeout, sequence number = 1948
Timeout, sequence number = 1961
[CLIENT] Sent data seq=2000
[CLIENT] Received ACK seq=2000
Timeout, sequence number = 2049
Timeout, sequence number = 2056
Timeout, sequence number = 2060
Timeout, sequence number = 2064
[CLIENT] Sent data seq=2100
[CLIENT] Received ACK seq=2100
Timeout, sequence number = 2137
Timeout, sequence number = 2152
Timeout, sequence number = 2163
[CLIENT] Sent data seq=2200
Timeout, sequence number = 2190
Timeout, sequence number = 2198
[CLIENT] Received ACK seq=2200
Timeout, sequence number = 2219
Timeout, sequence number = 2266
[CLIENT] Sent data seq=2300
[CLIENT] Received ACK seq=2300
Timeout, sequence number = 2384
[CLIENT] Sent data seq=2400
Timeout, sequence number = 2389
[CLIENT] Received ACK seq=2400
[CLIENT] Summary: sent_packets=2401, ack_packets=2401, retransmitted_packets=2156, timeout_events=135
Transfer complete. Delay = 71.499338 seconds

=== STDERR ===
