=== STDOUT ===
[CLIENT] Starting transfer: server=10.153.27.102:7735, file=demo_input.bin, N=2, MSS=500, total_segments=2401
[CLIENT] Sent data seq=0
[CLIENT] Sent data seq=1
[CLIENT] Received ACK seq=0
[CLIENT] Sent data seq=2
[CLIENT] Received ACK seq=1
[CLIENT] Sent data seq=3
[CLIENT] Received ACK seq=2
[CLIENT] Sent data seq=4
[CLIENT] Received ACK seq=3
[CLIENT] Received ACK seq=4
Timeout, sequence number = 37
Timeout, sequence number = 75
Timeout, sequence number = 80
Timeout, sequence number = 82
Timeout, sequence number = 82
Timeout, sequence number = 84
[CLIENT] Sent data seq=100
[CLIENT] Received ACK seq=100
Timeout, sequence number = 111
Timeout, sequence number = 123
Timeout, sequence number = 130
Timeout, sequence number = 171
[CLIENT] Sent data seq=200
[CLIENT] Received ACK seq=200
Timeout, sequence number = 238
Timeout, sequence number = 249
Timeout, sequence number = 272
Timeout, sequence number = 280
[CLIENT] Sent data seq=300
[CLIENT] Received ACK seq=300
Timeout, sequence number = 330
Timeout, sequence number = 347
Timeout, sequence number = 367
Timeout, sequence number = 368
Timeout, sequence number = 386
[CLIENT] Sent data seq=400
[CLIENT] Received ACK seq=400
Timeout, sequence number = 419
Timeout, sequence number = 421
Timeout, sequence number = 421
Timeout, sequence number = 430
Timeout, sequence number = 442
Timeout, sequence number = 479
Timeout, sequence number = 489
[CLIENT] Sent data seq=500
[CLIENT] Received ACK seq=500
Timeout, sequence number = 526
Timeout, sequence number = 536
Timeout, sequence number = 547
Timeout, sequence number = 550
Timeout, sequence number = 574
Timeout, sequence number = 592
[CLIENT] Sent data seq=600
[CLIENT] Received ACK seq=600
Timeout, sequence number = 649
Timeout, sequence number = 654
Timeout, sequence number = 685
[CLIENT] Sent data seq=700
[CLIENT] Received ACK seq=700
Timeout, sequence number = 704
Timeout, sequence number = 708
Timeout, sequence number = 721
Timeout, sequence number = 728
Timeout, sequence number = 739
Timeout, sequence number = 765
Timeout, sequence number = 773
[CLIENT] Sent data seq=800
Timeout, sequence number = 799
[CLIENT] Received ACK seq=800
Timeout, sequence number = 839
Timeout, sequence number = 845
Timeout, sequence number = 856
Timeout, sequence number = 882
[CLIENT] Sent data seq=900
[CLIENT] Received ACK seq=900
Timeout, sequence number = 902
Timeout, sequence number = 934
Timeout, sequence number = 940
Timeout, sequence number = 941
Timeout, sequence number = 972
Timeout, sequence number = 986
Timeout, sequence number = 995
[CLIENT] Sent data seq=1000
[CLIENT] Received ACK seq=1000
Timeout, sequence number = 1038
Timeout, sequence number = 1044
Timeout, sequence number = 1056
Timeout, sequence number = 1064
Timeout, sequence number = 1070
Timeout, sequence number = 1077
Timeout, sequence number = 1077
[CLIENT] Sent data seq=1100
[CLIENT] Received ACK seq=1100
Timeout, sequence number = 1114
Timeout, sequence number = 1118
Timeout, sequence number = 1138
Timeout, sequence number = 1140
Timeout, sequence number = 1172
[CLIENT] Sent data seq=1200
[CLIENT] Received ACK seq=1200
Timeout, sequence number = 1204
Timeout, sequence number = 1248
Timeout, sequence number = 1255
Timeout, sequence number = 1255
[CLIENT] Sent data seq=1300
[CLIENT] Received ACK seq=1300
Timeout, sequence number = 1302
Timeout, sequence number = 1311
Timeout, sequence number = 1394
[CLIENT] Sent data seq=1400
[CLIENT] Received ACK seq=1400
Timeout, sequence number = 1437
Timeout, sequence number = 1452
Timeout, sequence number = 1462
Timeout, sequence number = 1465
[CLIENT] Sent data seq=1500
[CLIENT] Received ACK seq=1500
Timeout, sequence number = 1503
Timeout, sequence number = 1536
Timeout, sequence number = 1537
Timeout, sequence number = 1555
Timeout, sequence number = 1560
Timeout, sequence number = 1575
[CLIENT] Sent data seq=1600
[CLIENT] Received ACK seq=1600
Timeout, sequence number = 1647
Timeout, sequence number = 1662
Timeout, sequence number = 1688
Timeout, sequence number = 1697
Timeout, sequence number = 1697
[CLIENT] Sent data seq=1700
[CLIENT] Received ACK seq=1700
Timeout, sequence number = 1723
Timeout, sequence number = 1731
Timeout, sequence number = 1756
Timeout, sequence number = 1757
Timeout, sequence number = 1771
[CLIENT] Sent data seq=1800
[CLIENT] Received ACK seq=1800
Timeout, sequence number = 1811
Timeout, sequence number = 1832
Timeout, sequence number = 1848
Timeout, sequence number = 1862
Timeout, sequence number = 1875
Timeout, sequence number = 1875
Timeout, sequence number = 1876
Timeout, sequence number = 1892
Timeout, sequence number = 1893
[CLIENT] Sent data seq=1900
[CLIENT] Received ACK seq=1900
Timeout, sequence number = 1932
Timeout, sequence number = 1966
[CLIENT] Sent data seq=2000
[CLIENT] Received ACK seq=2000
Timeout, sequence number = 2008
Timeout, sequence number = 2015
Timeout, sequence number = 2017
Timeout, sequence number = 2037
Timeout, sequence number = 2087
[CLIENT] Sent data seq=2100
[CLIENT] Received ACK seq=2100
Timeout, sequence number = 2127
Timeout, sequence number = 2160
Timeout, sequence number = 2160
Timeout, sequence number = 2160
Timeout, sequence number = 2189
[CLIENT] Sent data seq=2200
[CLIENT] Received ACK seq=2200
Timeout, sequence number = 2228
Timeout, sequence number = 2253
Timeout, sequence number = 2296
[CLIENT] Sent data seq=2300
[CLIENT] Received ACK seq=2300
Timeout, sequence number = 2328
Timeout, sequence number = 2338
Timeout, sequence number = 2339
Timeout, sequence number = 2360
Timeout, sequence number = 2385
[CLIENT] Sent data seq=2400
[CLIENT] Received ACK seq=2400
[CLIENT] Summary: sent_packets=2401, ack_packets=2401, retransmitted_packets=244, timeout_events=122
Transfer complete. Delay = 74.598659 seconds

=== STDERR ===
