=== STDOUT ===
[CLIENT] Starting transfer: server=10.153.27.102:7735, file=demo_input.bin, N=16, MSS=500, total_segments=2401
[CLIENT] Sent data seq=0
[CLIENT] Sent data seq=1
[CLIENT] Sent data seq=2
[CLIENT] Sent data seq=3
[CLIENT] Sent data seq=4
[CLIENT] Received ACK seq=0
[CLIENT] Received ACK seq=1
Timeout, sequence number = 2
[CLIENT] Received ACK seq=2
[CLIENT] Received ACK seq=3
[CLIENT] Received ACK seq=4
Timeout, sequence number = 20
Timeout, sequence number = 28
Timeout, sequence number = 30
Timeout, sequence number = 53
Timeout, sequence number = 53
Timeout, sequence number = 64
Timeout, sequence number = 80
[CLIENT] Sent data seq=100
Timeout, sequence number = 99
[CLIENT] Received ACK seq=100
Timeout, sequence number = 125
Timeout, sequence number = 163
[CLIENT] Sent data seq=200
Timeout, sequence number = 187
[CLIENT] Received ACK seq=200
Timeout, sequence number = 209
Timeout, sequence number = 232
Timeout, sequence number = 235
Timeout, sequence number = 241
Timeout, sequence number = 241
Timeout, sequence number = 260
Timeout, sequence number = 267
[CLIENT] Sent data seq=300
Timeout, sequence number = 288
Timeout, sequence number = 297
[CLIENT] Received ACK seq=300
[CLIENT] Sent data seq=400
[CLIENT] Received ACK seq=400
Timeout, sequence number = 407
Timeout, sequence number = 452
[CLIENT] Sent data seq=500
[CLIENT] Received ACK seq=500
Timeout, sequence number = 528
Timeout, sequence number = 546
Timeout, sequence number = 559
[CLIENT] Sent data seq=600
[CLIENT] Received ACK seq=600
Timeout, sequence number = 618
Timeout, sequence number = 629
Timeout, sequence number = 637
Timeout, sequence number = 650
Timeout, sequence number = 654
[CLIENT] Sent data seq=700
[CLIENT] Received ACK seq=700
Timeout, sequence number = 704
Timeout, sequence number = 722
Timeout, sequence number = 736
Timeout, sequence number = 741
Timeout, sequence number = 741
Timeout, sequence number = 748
Timeout, sequence number = 754
[CLIENT] Sent data seq=800
Timeout, sequence number = 785
[CLIENT] Received ACK seq=800
Timeout, sequence number = 801
Timeout, sequence number = 849
[CLIENT] Sent data seq=900
Timeout, sequence number = 888
Timeout, sequence number = 894
[CLIENT] Received ACK seq=900
Timeout, sequence number = 925
Timeout, sequence number = 939
Timeout, sequence number = 943
[CLIENT] Sent data seq=1000
[CLIENT] Received ACK seq=1000
Timeout, sequence number = 1021
Timeout, sequence number = 1038
Timeout, sequence number = 1071
[CLIENT] Sent data seq=1100
Timeout, sequence number = 1096
[CLIENT] Received ACK seq=1100
Timeout, sequence number = 1109
Timeout, sequence number = 1131
Timeout, sequence number = 1152
Timeout, sequence number = 1163
Timeout, sequence number = 1164
Timeout, sequence number = 1173
Timeout, sequence number = 1174
[CLIENT] Sent data seq=1200
[CLIENT] Received ACK seq=1200
Timeout, sequence number = 1213
Timeout, sequence number = 1233
Timeout, sequence number = 1257
Timeout, sequence number = 1282
[CLIENT] Sent data seq=1300
Timeout, sequence number = 1289
[CLIENT] Received ACK seq=1300
Timeout, sequence number = 1301
Timeout, sequence number = 1339
Timeout, sequence number = 1342
Timeout, sequence number = 1358
[CLIENT] Sent data seq=1400
[CLIENT] Received ACK seq=1400
Timeout, sequence number = 1412
Timeout, sequence number = 1418
Timeout, sequence number = 1426
Timeout, sequence number = 1432
Timeout, sequence number = 1444
Timeout, sequence number = 1462
Timeout, sequence number = 1465
Timeout, sequence number = 1472
Timeout, sequence number = 1473
Timeout, sequence number = 1473
[CLIENT] Sent data seq=1500
[CLIENT] Received ACK seq=1500
Timeout, sequence number = 1520
Timeout, sequence number = 1523
Timeout, sequence number = 1530
Timeout, sequence number = 1531
Timeout, sequence number = 1555
Timeout, sequence number = 1559
[CLIENT] Sent data seq=1600
Timeout, sequence number = 1590
Timeout, sequence number = 1599
[CLIENT] Received ACK seq=1600
Timeout, sequence number = 1626
Timeout, sequence number = 1648
[CLIENT] Sent data seq=1700
[CLIENT] Received ACK seq=1700
Timeout, sequence number = 1724
Timeout, sequence number = 1749
Timeout, sequence number = 1749
Timeout, sequence number = 1754
Timeout, sequence number = 1756
Timeout, sequence number = 1761
Timeout, sequence number = 1766
Timeout, sequence number = 1775
[CLIENT] Sent data seq=1800
Timeout, sequence number = 1799
[CLIENT] Received ACK seq=1800
Timeout, sequence number = 1819
Timeout, sequence number = 1832
Timeout, sequence number = 1839
Timeout, sequence number = 1849
Timeout, sequence number = 1851
Timeout, sequence number = 1855
Timeout, sequence number = 1882
[CLIENT] Sent data seq=1900
[CLIENT] Received ACK seq=1900
Timeout, sequence number = 1954
Timeout, sequence number = 1981
Timeout, sequence number = 1983
[CLIENT] Sent data seq=2000
[CLIENT] Received ACK seq=2000
Timeout, sequence number = 2004
Timeout, sequence number = 2007
Timeout, sequence number = 2012
Timeout, sequence number = 2054
[CLIENT] Sent data seq=2100
Timeout, sequence number = 2090
[CLIENT] Received ACK seq=2100
Timeout, sequence number = 2109
Timeout, sequence number = 2145
Timeout, sequence number = 2153
Timeout, sequence number = 2180
[CLIENT] Sent data seq=2200
[CLIENT] Received ACK seq=2200
Timeout, sequence number = 2232
Timeout, sequence number = 2251
Timeout, sequence number = 2261
Timeout, sequence number = 2277
Timeout, sequence number = 2279
[CLIENT] Sent data seq=2300
[CLIENT] Received ACK seq=2300
Timeout, sequence number = 2302
Timeout, sequence number = 2327
Timeout, sequence number = 2335
Timeout, sequence number = 2347
Timeout, sequence number = 2351
Timeout, sequence number = 2367
Timeout, sequence number = 2375
[CLIENT] Sent data seq=2400
[CLIENT] Received ACK seq=2400
[CLIENT] Summary: sent_packets=2401, ack_packets=2401, retransmitted_packets=2016, timeout_events=126
Transfer complete. Delay = 67.424113 seconds

=== STDERR ===
