=== STDOUT ===
[CLIENT] Starting transfer: server=10.153.27.102:7735, file=demo_input.bin, N=128, MSS=500, total_segments=2401
[CLIENT] Sent data seq=0
[CLIENT] Sent data seq=1
[CLIENT] Sent data seq=2
[CLIENT] Sent data seq=3
[CLIENT] Sent data seq=4
[CLIENT] Sent data seq=100
[CLIENT] Received ACK seq=0
[CLIENT] Received ACK seq=1
[CLIENT] Received ACK seq=2
[CLIENT] Received ACK seq=3
[CLIENT] Received ACK seq=4
Timeout, sequence number = 7
Timeout, sequence number = 11
Timeout, sequence number = 12
Timeout, sequence number = 13
Timeout, sequence number = 49
[CLIENT] Sent data seq=200
[CLIENT] Received ACK seq=100
Timeout, sequence number = 113
Timeout, sequence number = 138
[CLIENT] Sent data seq=300
Timeout, sequence number = 186
Timeout, sequence number = 189
[CLIENT] Received ACK seq=200
Timeout, sequence number = 238
Timeout, sequence number = 256
Timeout, sequence number = 262
[CLIENT] Sent data seq=400
Timeout, sequence number = 280
Timeout, sequence number = 281
[CLIENT] Received ACK seq=300
Timeout, sequence number = 302
Timeout, sequence number = 346
[CLIENT] Sent data seq=500
[CLIENT] Received ACK seq=400
Timeout, sequence number = 422
Timeout, sequence number = 443
Timeout, sequence number = 456
[CLIENT] Sent data seq=600
Timeout, sequence number = 478
[CLIENT] Received ACK seq=500
Timeout, sequence number = 541
Timeout, sequence number = 548
Timeout, sequence number = 551
Timeout, sequence number = 556
Timeout, sequence number = 568
[CLIENT] Sent data seq=700
Timeout, sequence number = 592
[CLIENT] Received ACK seq=600
Timeout, sequence number = 605
Timeout, sequence number = 628
Timeout, sequence number = 655
Timeout, sequence number = 656
Timeout, sequence number = 667
Timeout, sequence number = 672
[CLIENT] Sent data seq=800
[CLIENT] Received ACK seq=700
Timeout, sequence number = 703
Timeout, sequence number = 723
Timeout, sequence number = 723
Timeout, sequence number = 767
Timeout, sequence number = 771
[CLIENT] Sent data seq=900
[CLIENT] Received ACK seq=800
Timeout, sequence number = 842
[CLIENT] Sent data seq=1000
[CLIENT] Received ACK seq=900
Timeout, sequence number = 908
Timeout, sequence number = 910
Timeout, sequence number = 939
Timeout, sequence number = 944
Timeout, sequence number = 946
[CLIENT] Sent data seq=1100
Timeout, sequence number = 992
[CLIENT] Received ACK seq=1000
Timeout, sequence number = 1023
Timeout, sequence number = 1026
Timeout, sequence number = 1034
Timeout, sequence number = 1070
[CLIENT] Sent data seq=1200
[CLIENT] Received ACK seq=1100
[CLIENT] Sent data seq=1300
Timeout, sequence number = 1187
[CLIENT] Received ACK seq=1200
Timeout, sequence number = 1211
Timeout, sequence number = 1212
Timeout, sequence number = 1252
[CLIENT] Sent data seq=1400
Timeout, sequence number = 1288
[CLIENT] Received ACK seq=1300
Timeout, sequence number = 1312
Timeout, sequence number = 1316
Timeout, sequence number = 1364
Timeout, sequence number = 1368
[CLIENT] Sent data seq=1500
Timeout, sequence number = 1393
[CLIENT] Received ACK seq=1400
Timeout, sequence number = 1449
Timeout, sequence number = 1452
Timeout, sequence number = 1469
[CLIENT] Sent data seq=1600
Timeout, sequence number = 1491
[CLIENT] Received ACK seq=1500
Timeout, sequence number = 1512
Timeout, sequence number = 1549
Timeout, sequence number = 1553
Timeout, sequence number = 1554
Timeout, sequence number = 1566
Timeout, sequence number = 1569
Timeout, sequence number = 1571
[CLIENT] Sent data seq=1700
Timeout, sequence number = 1597
[CLIENT] Received ACK seq=1600
Timeout, sequence number = 1624
Timeout, sequence number = 1628
Timeout, sequence number = 1631
Timeout, sequence number = 1638
Timeout, sequence number = 1644
Timeout, sequence number = 1660
[CLIENT] Sent data seq=1800
[CLIENT] Received ACK seq=1700
Timeout, sequence number = 1743
[CLIENT] Sent data seq=1900
Timeout, sequence number = 1780
Timeout, sequence number = 1788
Timeout, sequence number = 1792
Timeout, sequence number = 1800
[CLIENT] Received ACK seq=1800
Timeout, sequence number = 1801
Timeout, sequence number = 1820
[CLIENT] Sent data seq=2000
Timeout, sequence number = 1885
Timeout, sequence number = 1886
Timeout, sequence number = 1887
[CLIENT] Received ACK seq=1900
Timeout, sequence number = 1904
Timeout, sequence number = 1904
Timeout, sequence number = 1921
Timeout, sequence number = 1938
Timeout, sequence number = 1958
Timeout, sequence number = 1964
[CLIENT] Sent data seq=2100
Timeout, sequence number = 1977
[CLIENT] Received ACK seq=2000
Timeout, sequence number = 2063
[CLIENT] Sent data seq=2200
Timeout, sequence number = 2085
[CLIENT] Received ACK seq=2100
Timeout, sequence number = 2145
Timeout, sequence number = 2156
Timeout, sequence number = 2157
[CLIENT] Sent data seq=2300
[CLIENT] Received ACK seq=2200
Timeout, sequence number = 2264
[CLIENT] Sent data seq=2400
Timeout, sequence number = 2283
[CLIENT] Received ACK seq=2300
Timeout, sequence number = 2310
Timeout, sequence number = 2324
Timeout, sequence number = 2328
Timeout, sequence number = 2335
Timeout, sequence number = 2351
Timeout, sequence number = 2378
Timeout, sequence number = 2383
Timeout, sequence number = 2388
[CLIENT] Received ACK seq=2400
[CLIENT] Summary: sent_packets=2401, ack_packets=2401, retransmitted_packets=13201, timeout_events=108
Transfer complete. Delay = 63.435876 seconds

=== STDERR ===
