=== STDOUT ===
[CLIENT] Starting transfer: server=10.153.27.102:7735, file=demo_input.bin, N=4, MSS=500, total_segments=2401
[CLIENT] Sent data seq=0
[CLIENT] Sent data seq=1
[CLIENT] Sent data seq=2
[CLIENT] Sent data seq=3
[CLIENT] Received ACK seq=0
[CLIENT] Sent data seq=4
[CLIENT] Received ACK seq=1
[CLIENT] Received ACK seq=2
[CLIENT] Received ACK seq=3
Timeout, sequence number = 4
[CLIENT] Received ACK seq=4
Timeout, sequence number = 23
Timeout, sequence number = 24
Timeout, sequence number = 43
Timeout, sequence number = 48
Timeout, sequence number = 60
Timeout, sequence number = 69
Timeout, sequence number = 74
Timeout, sequence number = 75
Timeout, sequence number = 91
[CLIENT] Sent data seq=100
[CLIENT] Received ACK seq=100
Timeout, sequence number = 126
Timeout, sequence number = 150
Timeout, sequence number = 176
Timeout, sequence number = 183
Timeout, sequence number = 187
Timeout, sequence number = 194
Timeout, sequence number = 194
[CLIENT] Sent data seq=200
[CLIENT] Received ACK seq=200
Timeout, sequence number = 240
Timeout, sequence number = 244
Timeout, sequence number = 268
Timeout, sequence number = 290
Timeout, sequence number = 291
[CLIENT] Sent data seq=300
[CLIENT] Received ACK seq=300
Timeout, sequence number = 313
Timeout, sequence number = 329
Timeout, sequence number = 355
Timeout, sequence number = 385
[CLIENT] Sent data seq=400
[CLIENT] Received ACK seq=400
Timeout, sequence number = 409
Timeout, sequence number = 433
Timeout, sequence number = 460
Timeout, sequence number = 469
Timeout, sequence number = 482
Timeout, sequence number = 487
[CLIENT] Sent data seq=500
[CLIENT] Received ACK seq=500
Timeout, sequence number = 530
Timeout, sequence number = 549
Timeout, sequence number = 565
Timeout, sequence number = 567
Timeout, sequence number = 574
Timeout, sequence number = 583
[CLIENT] Sent data seq=600
[CLIENT] Received ACK seq=600
Timeout, sequence number = 604
Timeout, sequence number = 673
Timeout, sequence number = 682
[CLIENT] Sent data seq=700
[CLIENT] Received ACK seq=700
Timeout, sequence number = 710
Timeout, sequence number = 735
Timeout, sequence number = 758
Timeout, sequence number = 766
Timeout, sequence number = 785
Timeout, sequence number = 787
Timeout, sequence number = 791
[CLIENT] Sent data seq=800
[CLIENT] Received ACK seq=800
Timeout, sequence number = 827
Timeout, sequence number = 848
[CLIENT] Sent data seq=900
[CLIENT] Received ACK seq=900
Timeout, sequence number = 904
Timeout, sequence number = 919
Timeout, sequence number = 950
Timeout, sequence number = 975
Timeout, sequence number = 995
[CLIENT] Sent data seq=1000
[CLIENT] Received ACK seq=1000
Timeout, sequence number = 1025
Timeout, sequence number = 1029
Timeout, sequence number = 1039
Timeout, sequence number = 1046
Timeout, sequence number = 1057
Timeout, sequence number = 1057
Timeout, sequence number = 1065
Timeout, sequence number = 1067
[CLIENT] Sent data seq=1100
[CLIENT] Received ACK seq=1100
Timeout, sequence number = 1110
Timeout, sequence number = 1114
Timeout, sequence number = 1117
Timeout, sequence number = 1181
[CLIENT] Sent data seq=1200
[CLIENT] Received ACK seq=1200
Timeout, sequence number = 1215
Timeout, sequence number = 1225
Timeout, sequence number = 1263
Timeout, sequence number = 1279
Timeout, sequence number = 1282
[CLIENT] Sent data seq=1300
[CLIENT] Received ACK seq=1300
Timeout, sequence number = 1338
Timeout, sequence number = 1347
Timeout, sequence number = 1376
Timeout, sequence number = 1387
[CLIENT] Sent data seq=1400
[CLIENT] Received ACK seq=1400
Timeout, sequence number = 1414
Timeout, sequence number = 1437
Timeout, sequence number = 1455
Timeout, sequence number = 1458
Timeout, sequence number = 1459
Timeout, sequence number = 1467
Timeout, sequence number = 1474
[CLIENT] Sent data seq=1500
[CLIENT] Received ACK seq=1500
Timeout, sequence number = 1531
[CLIENT] Sent data seq=1600
[CLIENT] Received ACK seq=1600
Timeout, sequence number = 1625
Timeout, sequence number = 1627
Timeout, sequence number = 1634
Timeout, sequence number = 1663
Timeout, sequence number = 1695
Timeout, sequence number = 1695
[CLIENT] Sent data seq=1700
[CLIENT] Received ACK seq=1700
Timeout, sequence number = 1704
Timeout, sequence number = 1708
Timeout, sequence number = 1710
Timeout, sequence number = 1712
[CLIENT] Sent data seq=1800
[CLIENT] Received ACK seq=1800
Timeout, sequence number = 1833
[CLIENT] Sent data seq=1900
[CLIENT] Received ACK seq=1900
Timeout, sequence number = 1903
Timeout, sequence number = 1911
Timeout, sequence number = 1978
Timeout, sequence number = 1981
[CLIENT] Sent data seq=2000
[CLIENT] Received ACK seq=2000
Timeout, sequence number = 2037
Timeout, sequence number = 2043
Timeout, sequence number = 2058
Timeout, sequence number = 2063
Timeout, sequence number = 2081
Timeout, sequence number = 2081
Timeout, sequence number = 2094
[CLIENT] Sent data seq=2100
[CLIENT] Received ACK seq=2100
Timeout, sequence number = 2160
Timeout, sequence number = 2191
[CLIENT] Sent data seq=2200
[CLIENT] Received ACK seq=2200
Timeout, sequence number = 2265
Timeout, sequence number = 2289
Timeout, sequence number = 2292
[CLIENT] Sent data seq=2300
[CLIENT] Received ACK seq=2300
Timeout, sequence number = 2312
Timeout, sequence number = 2327
Timeout, sequence number = 2368
Timeout, sequence number = 2377
[CLIENT] Sent data seq=2400
[CLIENT] Received ACK seq=2400
[CLIENT] Summary: sent_packets=2401, ack_packets=2401, retransmitted_packets=460, timeout_events=115
Transfer complete. Delay = 65.905787 seconds

=== STDERR ===
