=== STDOUT ===
[CLIENT] Starting transfer: server=10.153.27.102:7735, file=demo_input.bin, N=4, MSS=500, total_segments=2401
[CLIENT] Sent data seq=0
[CLIENT] Sent data seq=1
[CLIENT] Sent data seq=2
[CLIENT] Sent data seq=3
[CLIENT] Received ACK seq=0
[CLIENT] Sent data seq=4
[CLIENT] Received ACK seq=1
[CLIENT] Received ACK seq=2
Timeout, sequence number = 3
[CLIENT] Received ACK seq=3
[CLIENT] Received ACK seq=4
Timeout, sequence number = 34
Timeout, sequence number = 41
Timeout, sequence number = 54
Timeout, sequence number = 56
Timeout, sequence number = 68
Timeout, sequence number = 87
[CLIENT] Sent data seq=100
[CLIENT] Received ACK seq=100
Timeout, sequence number = 118
Timeout, sequence number = 139
Timeout, sequence number = 142
Timeout, sequence number = 145
Timeout, sequence number = 158
Timeout, sequence number = 176
Timeout, sequence number = 176
Timeout, sequence number = 176
Timeout, sequence number = 176
Timeout, sequence number = 187
Timeout, sequence number = 196
[CLIENT] Sent data seq=200
[CLIENT] Received ACK seq=200
Timeout, sequence number = 231
Timeout, sequence number = 277
Timeout, sequence number = 290
[CLIENT] Sent data seq=300
[CLIENT] Received ACK seq=300
Timeout, sequence number = 305
Timeout, sequence number = 307
Timeout, sequence number = 351
Timeout, sequence number = 358
Timeout, sequence number = 361
Timeout, sequence number = 361
Timeout, sequence number = 384
[CLIENT] Sent data seq=400
Timeout, sequence number = 399
[CLIENT] Received ACK seq=400
Timeout, sequence number = 406
Timeout, sequence number = 438
Timeout, sequence number = 445
Timeout, sequence number = 464
[CLIENT] Sent data seq=500
[CLIENT] Received ACK seq=500
Timeout, sequence number = 540
Timeout, sequence number = 546
Timeout, sequence number = 586
[CLIENT] Sent data seq=600
Timeout, sequence number = 599
[CLIENT] Received ACK seq=600
Timeout, sequence number = 605
Timeout, sequence number = 630
Timeout, sequence number = 638
Timeout, sequence number = 669
Timeout, sequence number = 680
Timeout, sequence number = 694
[CLIENT] Sent data seq=700
[CLIENT] Received ACK seq=700
Timeout, sequence number = 719
Timeout, sequence number = 729
Timeout, sequence number = 729
Timeout, sequence number = 784
Timeout, sequence number = 793
[CLIENT] Sent data seq=800
Timeout, sequence number = 798
[CLIENT] Received ACK seq=800
Timeout, sequence number = 848
Timeout, sequence number = 855
Timeout, sequence number = 871
Timeout, sequence number = 889
[CLIENT] Sent data seq=900
[CLIENT] Received ACK seq=900
Timeout, sequence number = 966
Timeout, sequence number = 985
[CLIENT] Sent data seq=1000
[CLIENT] Received ACK seq=1000
Timeout, sequence number = 1014
Timeout, sequence number = 1016
Timeout, sequence number = 1018
Timeout, sequence number = 1036
Timeout, sequence number = 1043
Timeout, sequence number = 1096
[CLIENT] Sent data seq=1100
Timeout, sequence number = 1100
[CLIENT] Received ACK seq=1100
Timeout, sequence number = 1113
Timeout, sequence number = 1127
Timeout, sequence number = 1129
Timeout, sequence number = 1141
Timeout, sequence number = 1156
[CLIENT] Sent data seq=1200
[CLIENT] Received ACK seq=1200
Timeout, sequence number = 1206
Timeout, sequence number = 1280
[CLIENT] Sent data seq=1300
Timeout, sequence number = 1300
[CLIENT] Received ACK seq=1300
Timeout, sequence number = 1335
Timeout, sequence number = 1355
Timeout, sequence number = 1394
[CLIENT] Sent data seq=1400
Timeout, sequence number = 1400
[CLIENT] Received ACK seq=1400
Timeout, sequence number = 1418
Timeout, sequence number = 1424
Timeout, sequence number = 1425
Timeout, sequence number = 1439
Timeout, sequence number = 1468
Timeout, sequence number = 1489
[CLIENT] Sent data seq=1500
[CLIENT] Received ACK seq=1500
Timeout, sequence number = 1527
Timeout, sequence number = 1546
Timeout, sequence number = 1579
[CLIENT] Sent data seq=1600
[CLIENT] Received ACK seq=1600
Timeout, sequence number = 1611
Timeout, sequence number = 1611
Timeout, sequence number = 1642
Timeout, sequence number = 1645
Timeout, sequence number = 1647
Timeout, sequence number = 1655
Timeout, sequence number = 1683
Timeout, sequence number = 1691
[CLIENT] Sent data seq=1700
[CLIENT] Received ACK seq=1700
Timeout, sequence number = 1706
Timeout, sequence number = 1720
Timeout, sequence number = 1735
Timeout, sequence number = 1745
Timeout, sequence number = 1746
Timeout, sequence number = 1769
Timeout, sequence number = 1779
Timeout, sequence number = 1780
[CLIENT] Sent data seq=1800
[CLIENT] Received ACK seq=1800
Timeout, sequence number = 1805
Timeout, sequence number = 1818
Timeout, sequence number = 1821
Timeout, sequence number = 1822
Timeout, sequence number = 1864
Timeout, sequence number = 1872
[CLIENT] Sent data seq=1900
[CLIENT] Received ACK seq=1900
Timeout, sequence number = 1906
Timeout, sequence number = 1926
Timeout, sequence number = 1958
Timeout, sequence number = 1968
Timeout, sequence number = 1977
[CLIENT] Sent data seq=2000
Timeout, sequence number = 1998
Timeout, sequence number = 1999
[CLIENT] Received ACK seq=2000
Timeout, sequence number = 2036
Timeout, sequence number = 2052
Timeout, sequence number = 2066
Timeout, sequence number = 2091
[CLIENT] Sent data seq=2100
[CLIENT] Received ACK seq=2100
Timeout, sequence number = 2113
Timeout, sequence number = 2174
Timeout, sequence number = 2193
[CLIENT] Sent data seq=2200
[CLIENT] Received ACK seq=2200
Timeout, sequence number = 2228
Timeout, sequence number = 2282
[CLIENT] Sent data seq=2300
Timeout, sequence number = 2300
[CLIENT] Received ACK seq=2300
Timeout, sequence number = 2301
Timeout, sequence number = 2331
Timeout, sequence number = 2331
Timeout, sequence number = 2332
Timeout, sequence number = 2342
Timeout, sequence number = 2346
Timeout, sequence number = 2352
Timeout, sequence number = 2375
Timeout, sequence number = 2377
Timeout, sequence number = 2380
[CLIENT] Sent data seq=2400
[CLIENT] Received ACK seq=2400
[CLIENT] Summary: sent_packets=2401, ack_packets=2401, retransmitted_packets=528, timeout_events=132
Transfer complete. Delay = 74.799824 seconds

=== STDERR ===
