=== STDOUT ===
[CLIENT] Starting transfer: server=10.153.27.102:7735, file=demo_input.bin, N=256, MSS=500, total_segments=2401
[CLIENT] Sent data seq=0
[CLIENT] Sent data seq=1
[CLIENT] Sent data seq=2
[CLIENT] Sent data seq=3
[CLIENT] Sent data seq=4
[CLIENT] Sent data seq=100
[CLIENT] Sent data seq=200
[CLIENT] Received ACK seq=0
[CLIENT] Received ACK seq=1
[CLIENT] Received ACK seq=2
[CLIENT] Received ACK seq=3
[CLIENT] Received ACK seq=4
Timeout, sequence number = 13
Timeout, sequence number = 19
Timeout, sequence number = 43
Timeout, sequence number = 43
[CLIENT] Sent data seq=300
Timeout, sequence number = 55
Timeout, sequence number = 81
Timeout, sequence number = 82
Timeout, sequence number = 88
Timeout, sequence number = 93
[CLIENT] Received ACK seq=100
Timeout, sequence number = 102
[CLIENT] Sent data seq=400
Timeout, sequence number = 157
Timeout, sequence number = 174
Timeout, sequence number = 185
Timeout, sequence number = 191
Timeout, sequence number = 191
[CLIENT] Received ACK seq=200
[CLIENT] Sent data seq=500
Timeout, sequence number = 266
Timeout, sequence number = 268
Timeout, sequence number = 269
Timeout, sequence number = 291
[CLIENT] Received ACK seq=300
Timeout, sequence number = 324
Timeout, sequence number = 325
Timeout, sequence number = 342
Timeout, sequence number = 343
[CLIENT] Sent data seq=600
Timeout, sequence number = 353
Timeout, sequence number = 356
Timeout, sequence number = 359
Timeout, sequence number = 389
Timeout, sequence number = 399
[CLIENT] Received ACK seq=400
Timeout, sequence number = 403
Timeout, sequence number = 438
Timeout, sequence number = 439
[CLIENT] Sent data seq=700
Timeout, sequence number = 468
[CLIENT] Received ACK seq=500
Timeout, sequence number = 519
Timeout, sequence number = 523
[CLIENT] Sent data seq=800
Timeout, sequence number = 557
Timeout, sequence number = 579
Timeout, sequence number = 591
[CLIENT] Received ACK seq=600
Timeout, sequence number = 632
Timeout, sequence number = 635
Timeout, sequence number = 636
Timeout, sequence number = 637
Timeout, sequence number = 640
[CLIENT] Sent data seq=900
Timeout, sequence number = 648
[CLIENT] Received ACK seq=700
Timeout, sequence number = 734
[CLIENT] Sent data seq=1000
Timeout, sequence number = 745
Timeout, sequence number = 753
Timeout, sequence number = 763
Timeout, sequence number = 799
[CLIENT] Received ACK seq=800
Timeout, sequence number = 838
Timeout, sequence number = 840
[CLIENT] Sent data seq=1100
Timeout, sequence number = 852
Timeout, sequence number = 864
Timeout, sequence number = 894
[CLIENT] Received ACK seq=900
Timeout, sequence number = 934
[CLIENT] Sent data seq=1200
Timeout, sequence number = 981
[CLIENT] Received ACK seq=1000
Timeout, sequence number = 1010
Timeout, sequence number = 1034
Timeout, sequence number = 1043
[CLIENT] Sent data seq=1300
Timeout, sequence number = 1081
Timeout, sequence number = 1085
Timeout, sequence number = 1095
[CLIENT] Received ACK seq=1100
Timeout, sequence number = 1126
[CLIENT] Sent data seq=1400
[CLIENT] Received ACK seq=1200
Timeout, sequence number = 1201
[CLIENT] Sent data seq=1500
Timeout, sequence number = 1283
Timeout, sequence number = 1289
[CLIENT] Received ACK seq=1300
Timeout, sequence number = 1342
[CLIENT] Sent data seq=1600
Timeout, sequence number = 1346
Timeout, sequence number = 1348
Timeout, sequence number = 1373
[CLIENT] Received ACK seq=1400
Timeout, sequence number = 1413
Timeout, sequence number = 1414
Timeout, sequence number = 1418
Timeout, sequence number = 1431
[CLIENT] Sent data seq=1700
Timeout, sequence number = 1452
Timeout, sequence number = 1454
[CLIENT] Received ACK seq=1500
Timeout, sequence number = 1505
Timeout, sequence number = 1543
[CLIENT] Sent data seq=1800
Timeout, sequence number = 1587
Timeout, sequence number = 1596
[CLIENT] Received ACK seq=1600
Timeout, sequence number = 1601
Timeout, sequence number = 1602
Timeout, sequence number = 1616
Timeout, sequence number = 1631
Timeout, sequence number = 1631
[CLIENT] Sent data seq=1900
[CLIENT] Received ACK seq=1700
Timeout, sequence number = 1721
Timeout, sequence number = 1722
Timeout, sequence number = 1724
Timeout, sequence number = 1726
Timeout, sequence number = 1729
[CLIENT] Sent data seq=2000
[CLIENT] Received ACK seq=1800
Timeout, sequence number = 1826
[CLIENT] Sent data seq=2100
Timeout, sequence number = 1848
Timeout, sequence number = 1849
Timeout, sequence number = 1854
Timeout, sequence number = 1867
[CLIENT] Received ACK seq=1900
[CLIENT] Sent data seq=2200
[CLIENT] Received ACK seq=2000
Timeout, sequence number = 2009
Timeout, sequence number = 2018
Timeout, sequence number = 2028
Timeout, sequence number = 2030
Timeout, sequence number = 2035
[CLIENT] Sent data seq=2300
Timeout, sequence number = 2050
Timeout, sequence number = 2092
[CLIENT] Received ACK seq=2100
Timeout, sequence number = 2108
Timeout, sequence number = 2112
[CLIENT] Sent data seq=2400
Timeout, sequence number = 2180
Timeout, sequence number = 2183
Timeout, sequence number = 2192
Timeout, sequence number = 2196
[CLIENT] Received ACK seq=2200
Timeout, sequence number = 2208
Timeout, sequence number = 2233
Timeout, sequence number = 2276
Timeout, sequence number = 2282
Timeout, sequence number = 2298
[CLIENT] Received ACK seq=2300
Timeout, sequence number = 2305
Timeout, sequence number = 2330
Timeout, sequence number = 2350
Timeout, sequence number = 2376
Timeout, sequence number = 2381
Timeout, sequence number = 2384
Timeout, sequence number = 2386
[CLIENT] Received ACK seq=2400
[CLIENT] Summary: sent_packets=2401, ack_packets=2401, retransmitted_packets=28224, timeout_events=119
Transfer complete. Delay = 69.382416 seconds

=== STDERR ===
