=== STDOUT ===
[CLIENT] Starting transfer: server=10.153.27.102:7735, file=demo_input.bin, N=512, MSS=500, total_segments=2401
[CLIENT] Sent data seq=0
[CLIENT] Sent data seq=1
[CLIENT] Sent data seq=2
[CLIENT] Sent data seq=3
[CLIENT] Sent data seq=4
[CLIENT] Sent data seq=100
[CLIENT] Sent data seq=200
[CLIENT] Sent data seq=300
[CLIENT] Sent data seq=400
[CLIENT] Sent data seq=500
[CLIENT] Received ACK seq=0
[CLIENT] Received ACK seq=1
Timeout, sequence number = 2
[CLIENT] Received ACK seq=2
[CLIENT] Received ACK seq=3
[CLIENT] Received ACK seq=4
Timeout, sequence number = 18
Timeout, sequence number = 35
[CLIENT] Sent data seq=600
[CLIENT] Received ACK seq=100
Timeout, sequence number = 107
Timeout, sequence number = 116
[CLIENT] Sent data seq=700
[CLIENT] Received ACK seq=200
Timeout, sequence number = 208
Timeout, sequence number = 216
Timeout, sequence number = 218
Timeout, sequence number = 252
Timeout, sequence number = 280
[CLIENT] Sent data seq=800
Timeout, sequence number = 299
[CLIENT] Received ACK seq=300
Timeout, sequence number = 309
Timeout, sequence number = 328
Timeout, sequence number = 330
Timeout, sequence number = 334
Timeout, sequence number = 340
Timeout, sequence number = 360
Timeout, sequence number = 369
[CLIENT] Sent data seq=900
Timeout, sequence number = 400
[CLIENT] Received ACK seq=400
Timeout, sequence number = 415
Timeout, sequence number = 477
Timeout, sequence number = 487
[CLIENT] Sent data seq=1000
Timeout, sequence number = 492
[CLIENT] Received ACK seq=500
Timeout, sequence number = 545
Timeout, sequence number = 588
[CLIENT] Sent data seq=1100
[CLIENT] Received ACK seq=600
Timeout, sequence number = 620
Timeout, sequence number = 650
Timeout, sequence number = 664
Timeout, sequence number = 670
Timeout, sequence number = 675
[CLIENT] Sent data seq=1200
[CLIENT] Received ACK seq=700
Timeout, sequence number = 711
Timeout, sequence number = 726
Timeout, sequence number = 740
Timeout, sequence number = 742
Timeout, sequence number = 742
Timeout, sequence number = 742
[CLIENT] Sent data seq=1300
[CLIENT] Received ACK seq=800
Timeout, sequence number = 804
Timeout, sequence number = 808
Timeout, sequence number = 810
Timeout, sequence number = 832
Timeout, sequence number = 834
Timeout, sequence number = 834
Timeout, sequence number = 842
Timeout, sequence number = 857
Timeout, sequence number = 879
[CLIENT] Sent data seq=1400
Timeout, sequence number = 891
[CLIENT] Received ACK seq=900
Timeout, sequence number = 925
Timeout, sequence number = 926
Timeout, sequence number = 926
Timeout, sequence number = 940
Timeout, sequence number = 983
[CLIENT] Sent data seq=1500
[CLIENT] Received ACK seq=1000
Timeout, sequence number = 1006
Timeout, sequence number = 1008
Timeout, sequence number = 1011
Timeout, sequence number = 1044
Timeout, sequence number = 1073
[CLIENT] Sent data seq=1600
Timeout, sequence number = 1089
[CLIENT] Received ACK seq=1100
Timeout, sequence number = 1139
Timeout, sequence number = 1146
Timeout, sequence number = 1151
Timeout, sequence number = 1160
Timeout, sequence number = 1173
Timeout, sequence number = 1183
[CLIENT] Sent data seq=1700
[CLIENT] Received ACK seq=1200
Timeout, sequence number = 1250
Timeout, sequence number = 1259
Timeout, sequence number = 1262
Timeout, sequence number = 1265
Timeout, sequence number = 1269
[CLIENT] Sent data seq=1800
Timeout, sequence number = 1289
[CLIENT] Received ACK seq=1300
Timeout, sequence number = 1312
Timeout, sequence number = 1332
Timeout, sequence number = 1349
Timeout, sequence number = 1350
Timeout, sequence number = 1370
Timeout, sequence number = 1377
[CLIENT] Sent data seq=1900
[CLIENT] Received ACK seq=1400
Timeout, sequence number = 1418
Timeout, sequence number = 1430
Timeout, sequence number = 1432
Timeout, sequence number = 1462
Timeout, sequence number = 1478
[CLIENT] Sent data seq=2000
Timeout, sequence number = 1494
[CLIENT] Received ACK seq=1500
Timeout, sequence number = 1520
[CLIENT] Sent data seq=2100
Timeout, sequence number = 1590
Timeout, sequence number = 1592
[CLIENT] Received ACK seq=1600
Timeout, sequence number = 1613
Timeout, sequence number = 1632
Timeout, sequence number = 1639
Timeout, sequence number = 1640
Timeout, sequence number = 1647
[CLIENT] Sent data seq=2200
[CLIENT] Received ACK seq=1700
Timeout, sequence number = 1701
Timeout, sequence number = 1755
Timeout, sequence number = 1762
[CLIENT] Sent data seq=2300
Timeout, sequence number = 1791
Timeout, sequence number = 1794
[CLIENT] Received ACK seq=1800
Timeout, sequence number = 1805
Timeout, sequence number = 1807
Timeout, sequence number = 1821
Timeout, sequence number = 1851
Timeout, sequence number = 1862
[CLIENT] Sent data seq=2400
[CLIENT] Received ACK seq=1900
Timeout, sequence number = 1928
Timeout, sequence number = 1939
Timeout, sequence number = 1946
Timeout, sequence number = 1952
Timeout, sequence number = 1962
[CLIENT] Received ACK seq=2000
Timeout, sequence number = 2050
Timeout, sequence number = 2080
[CLIENT] Received ACK seq=2100
Timeout, sequence number = 2117
Timeout, sequence number = 2136
Timeout, sequence number = 2160
[CLIENT] Received ACK seq=2200
Timeout, sequence number = 2241
Timeout, sequence number = 2254
Timeout, sequence number = 2274
Timeout, sequence number = 2284
Timeout, sequence number = 2295
[CLIENT] Received ACK seq=2300
Timeout, sequence number = 2316
Timeout, sequence number = 2331
Timeout, sequence number = 2339
Timeout, sequence number = 2351
Timeout, sequence number = 2353
Timeout, sequence number = 2370
Timeout, sequence number = 2387
Timeout, sequence number = 2389
[CLIENT] Received ACK seq=2400
[CLIENT] Summary: sent_packets=2401, ack_packets=2401, retransmitted_packets=55457, timeout_events=122
Transfer complete. Delay = 73.126954 seconds

=== STDERR ===
