=== STDOUT ===
[CLIENT] Starting transfer: server=10.153.27.102:7735, file=demo_input.bin, N=2, MSS=500, total_segments=2401
[CLIENT] Sent data seq=0
[CLIENT] Sent data seq=1
[CLIENT] Received ACK seq=0
[CLIENT] Sent data seq=2
[CLIENT] Received ACK seq=1
[CLIENT] Sent data seq=3
[CLIENT] Received ACK seq=2
[CLIENT] Sent data seq=4
[CLIENT] Received ACK seq=3
[CLIENT] Received ACK seq=4
Timeout, sequence number = 43
Timeout, sequence number = 47
Timeout, sequence number = 59
Timeout, sequence number = 60
Timeout, sequence number = 62
Timeout, sequence number = 69
Timeout, sequence number = 71
Timeout, sequence number = 78
[CLIENT] Sent data seq=100
[CLIENT] Received ACK seq=100
Timeout, sequence number = 104
Timeout, sequence number = 131
Timeout, sequence number = 138
Timeout, sequence number = 138
Timeout, sequence number = 150
Timeout, sequence number = 158
Timeout, sequence number = 194
[CLIENT] Sent data seq=200
[CLIENT] Received ACK seq=200
Timeout, sequence number = 228
[CLIENT] Sent data seq=300
[CLIENT] Received ACK seq=300
Timeout, sequence number = 320
Timeout, sequence number = 349
Timeout, sequence number = 349
Timeout, sequence number = 358
Timeout, sequence number = 358
Timeout, sequence number = 389
[CLIENT] Sent data seq=400
[CLIENT] Received ACK seq=400
Timeout, sequence number = 410
Timeout, sequence number = 440
Timeout, sequence number = 444
Timeout, sequence number = 470
Timeout, sequence number = 473
Timeout, sequence number = 482
Timeout, sequence number = 488
Timeout, sequence number = 490
Timeout, sequence number = 495
[CLIENT] Sent data seq=500
Timeout, sequence number = 500
[CLIENT] Received ACK seq=500
Timeout, sequence number = 510
Timeout, sequence number = 544
[CLIENT] Sent data seq=600
[CLIENT] Received ACK seq=600
Timeout, sequence number = 614
Timeout, sequence number = 631
Timeout, sequence number = 669
[CLIENT] Sent data seq=700
[CLIENT] Received ACK seq=700
Timeout, sequence number = 702
Timeout, sequence number = 745
Timeout, sequence number = 754
Timeout, sequence number = 758
Timeout, sequence number = 759
Timeout, sequence number = 765
[CLIENT] Sent data seq=800
[CLIENT] Received ACK seq=800
Timeout, sequence number = 833
Timeout, sequence number = 845
Timeout, sequence number = 861
Timeout, sequence number = 868
Timeout, sequence number = 870
[CLIENT] Sent data seq=900
[CLIENT] Received ACK seq=900
Timeout, sequence number = 922
Timeout, sequence number = 950
Timeout, sequence number = 951
Timeout, sequence number = 960
Timeout, sequence number = 971
Timeout, sequence number = 987
Timeout, sequence number = 988
Timeout, sequence number = 995
Timeout, sequence number = 996
[CLIENT] Sent data seq=1000
[CLIENT] Received ACK seq=1000
Timeout, sequence number = 1018
Timeout, sequence number = 1025
Timeout, sequence number = 1052
Timeout, sequence number = 1052
Timeout, sequence number = 1066
Timeout, sequence number = 1071
[CLIENT] Sent data seq=1100
[CLIENT] Received ACK seq=1100
Timeout, sequence number = 1102
Timeout, sequence number = 1117
Timeout, sequence number = 1145
Timeout, sequence number = 1157
[CLIENT] Sent data seq=1200
Timeout, sequence number = 1199
[CLIENT] Received ACK seq=1200
Timeout, sequence number = 1203
Timeout, sequence number = 1221
Timeout, sequence number = 1232
Timeout, sequence number = 1258
Timeout, sequence number = 1278
Timeout, sequence number = 1285
[CLIENT] Sent data seq=1300
[CLIENT] Received ACK seq=1300
Timeout, sequence number = 1307
Timeout, sequence number = 1310
Timeout, sequence number = 1315
Timeout, sequence number = 1324
Timeout, sequence number = 1326
Timeout, sequence number = 1329
Timeout, sequence number = 1337
Timeout, sequence number = 1338
Timeout, sequence number = 1349
Timeout, sequence number = 1389
[CLIENT] Sent data seq=1400
[CLIENT] Received ACK seq=1400
Timeout, sequence number = 1404
Timeout, sequence number = 1417
Timeout, sequence number = 1452
Timeout, sequence number = 1473
Timeout, sequence number = 1482
[CLIENT] Sent data seq=1500
[CLIENT] Received ACK seq=1500
Timeout, sequence number = 1541
Timeout, sequence number = 1575
[CLIENT] Sent data seq=1600
Timeout, sequence number = 1600
[CLIENT] Received ACK seq=1600
Timeout, sequence number = 1623
Timeout, sequence number = 1649
[CLIENT] Sent data seq=1700
Timeout, sequence number = 1700
[CLIENT] Received ACK seq=1700
Timeout, sequence number = 1710
Timeout, sequence number = 1742
Timeout, sequence number = 1769
Timeout, sequence number = 1794
Timeout, sequence number = 1794
[CLIENT] Sent data seq=1800
[CLIENT] Received ACK seq=1800
Timeout, sequence number = 1801
Timeout, sequence number = 1827
Timeout, sequence number = 1828
Timeout, sequence number = 1867
[CLIENT] Sent data seq=1900
[CLIENT] Received ACK seq=1900
Timeout, sequence number = 1939
Timeout, sequence number = 1954
Timeout, sequence number = 1954
Timeout, sequence number = 1965
Timeout, sequence number = 1985
Timeout, sequence number = 1991
[CLIENT] Sent data seq=2000
[CLIENT] Received ACK seq=2000
Timeout, sequence number = 2066
Timeout, sequence number = 2081
Timeout, sequence number = 2091
[CLIENT] Sent data seq=2100
[CLIENT] Received ACK seq=2100
Timeout, sequence number = 2104
Timeout, sequence number = 2109
Timeout, sequence number = 2123
Timeout, sequence number = 2131
Timeout, sequence number = 2165
[CLIENT] Sent data seq=2200
Timeout, sequence number = 2200
[CLIENT] Received ACK seq=2200
Timeout, sequence number = 2221
Timeout, sequence number = 2227
Timeout, sequence number = 2228
Timeout, sequence number = 2263
Timeout, sequence number = 2277
Timeout, sequence number = 2284
Timeout, sequence number = 2296
[CLIENT] Sent data seq=2300
[CLIENT] Received ACK seq=2300
Timeout, sequence number = 2314
Timeout, sequence number = 2329
Timeout, sequence number = 2341
Timeout, sequence number = 2342
Timeout, sequence number = 2342
Timeout, sequence number = 2348
Timeout, sequence number = 2364
Timeout, sequence number = 2398
[CLIENT] Sent data seq=2400
[CLIENT] Received ACK seq=2400
[CLIENT] Summary: sent_packets=2401, ack_packets=2401, retransmitted_packets=268, timeout_events=134
Transfer complete. Delay = 80.161322 seconds

=== STDERR ===
