=== STDOUT ===
[CLIENT] Starting transfer: server=10.153.27.102:7735, file=demo_input.bin, N=16, MSS=500, total_segments=2401
[CLIENT] Sent data seq=0
[CLIENT] Sent data seq=1
[CLIENT] Sent data seq=2
[CLIENT] Sent data seq=3
[CLIENT] Sent data seq=4
[CLIENT] Received ACK seq=0
[CLIENT] Received ACK seq=1
[CLIENT] Received ACK seq=2
[CLIENT] Received ACK seq=3
[CLIENT] Received ACK seq=4
Timeout, sequence number = 10
Timeout, sequence number = 23
Timeout, sequence number = 32
Timeout, sequence number = 38
Timeout, sequence number = 44
[CLIENT] Sent data seq=100
Timeout, sequence number = 89
[CLIENT] Received ACK seq=100
Timeout, sequence number = 120
Timeout, sequence number = 130
Timeout, sequence number = 136
Timeout, sequence number = 174
[CLIENT] Sent data seq=200
[CLIENT] Received ACK seq=200
Timeout, sequence number = 206
Timeout, sequence number = 218
Timeout, sequence number = 262
Timeout, sequence number = 268
[CLIENT] Sent data seq=300
[CLIENT] Received ACK seq=300
Timeout, sequence number = 306
Timeout, sequence number = 306
Timeout, sequence number = 325
Timeout, sequence number = 325
Timeout, sequence number = 327
Timeout, sequence number = 353
Timeout, sequence number = 369
Timeout, sequence number = 373
[CLIENT] Sent data seq=400
[CLIENT] Received ACK seq=400
Timeout, sequence number = 402
Timeout, sequence number = 442
Timeout, sequence number = 460
Timeout, sequence number = 465
[CLIENT] Sent data seq=500
Timeout, sequence number = 490
[CLIENT] Received ACK seq=500
Timeout, sequence number = 501
Timeout, sequence number = 514
Timeout, sequence number = 519
Timeout, sequence number = 561
Timeout, sequence number = 564
[CLIENT] Sent data seq=600
Timeout, sequence number = 592
[CLIENT] Received ACK seq=600
Timeout, sequence number = 605
Timeout, sequence number = 615
Timeout, sequence number = 635
Timeout, sequence number = 637
[CLIENT] Sent data seq=700
[CLIENT] Received ACK seq=700
Timeout, sequence number = 728
[CLIENT] Sent data seq=800
Timeout, sequence number = 794
Timeout, sequence number = 796
[CLIENT] Received ACK seq=800
Timeout, sequence number = 850
Timeout, sequence number = 863
Timeout, sequence number = 874
Timeout, sequence number = 877
[CLIENT] Sent data seq=900
[CLIENT] Received ACK seq=900
Timeout, sequence number = 901
Timeout, sequence number = 915
Timeout, sequence number = 918
Timeout, sequence number = 921
Timeout, sequence number = 921
Timeout, sequence number = 933
Timeout, sequence number = 957
[CLIENT] Sent data seq=1000
[CLIENT] Received ACK seq=1000
Timeout, sequence number = 1014
Timeout, sequence number = 1035
Timeout, sequence number = 1039
Timeout, sequence number = 1058
Timeout, sequence number = 1082
[CLIENT] Sent data seq=1100
Timeout, sequence number = 1090
[CLIENT] Received ACK seq=1100
Timeout, sequence number = 1124
Timeout, sequence number = 1137
Timeout, sequence number = 1142
Timeout, sequence number = 1152
Timeout, sequence number = 1161
Timeout, sequence number = 1176
[CLIENT] Sent data seq=1200
Timeout, sequence number = 1199
[CLIENT] Received ACK seq=1200
Timeout, sequence number = 1242
Timeout, sequence number = 1265
[CLIENT] Sent data seq=1300
Timeout, sequence number = 1289
Timeout, sequence number = 1299
[CLIENT] Received ACK seq=1300
Timeout, sequence number = 1322
Timeout, sequence number = 1346
Timeout, sequence number = 1351
Timeout, sequence number = 1368
Timeout, sequence number = 1369
[CLIENT] Sent data seq=1400
[CLIENT] Received ACK seq=1400
Timeout, sequence number = 1402
Timeout, sequence number = 1412
Timeout, sequence number = 1426
Timeout, sequence number = 1469
Timeout, sequence number = 1476
Timeout, sequence number = 1477
[CLIENT] Sent data seq=1500
Timeout, sequence number = 1500
[CLIENT] Received ACK seq=1500
Timeout, sequence number = 1542
Timeout, sequence number = 1566
[CLIENT] Sent data seq=1600
[CLIENT] Received ACK seq=1600
Timeout, sequence number = 1632
Timeout, sequence number = 1652
Timeout, sequence number = 1654
Timeout, sequence number = 1655
Timeout, sequence number = 1671
[CLIENT] Sent data seq=1700
[CLIENT] Received ACK seq=1700
Timeout, sequence number = 1708
Timeout, sequence number = 1755
Timeout, sequence number = 1775
Timeout, sequence number = 1777
[CLIENT] Sent data seq=1800
Timeout, sequence number = 1786
[CLIENT] Received ACK seq=1800
Timeout, sequence number = 1806
Timeout, sequence number = 1820
Timeout, sequence number = 1830
Timeout, sequence number = 1843
Timeout, sequence number = 1884
[CLIENT] Sent data seq=1900
[CLIENT] Received ACK seq=1900
Timeout, sequence number = 1905
Timeout, sequence number = 1907
Timeout, sequence number = 1914
Timeout, sequence number = 1932
Timeout, sequence number = 1946
Timeout, sequence number = 1974
[CLIENT] Sent data seq=2000
Timeout, sequence number = 1991
Timeout, sequence number = 1995
[CLIENT] Received ACK seq=2000
Timeout, sequence number = 2009
Timeout, sequence number = 2014
Timeout, sequence number = 2018
Timeout, sequence number = 2033
Timeout, sequence number = 2034
Timeout, sequence number = 2056
Timeout, sequence number = 2062
Timeout, sequence number = 2068
[CLIENT] Sent data seq=2100
[CLIENT] Received ACK seq=2100
Timeout, sequence number = 2103
Timeout, sequence number = 2119
Timeout, sequence number = 2143
Timeout, sequence number = 2149
Timeout, sequence number = 2162
[CLIENT] Sent data seq=2200
Timeout, sequence number = 2197
[CLIENT] Received ACK seq=2200
Timeout, sequence number = 2217
Timeout, sequence number = 2222
Timeout, sequence number = 2227
Timeout, sequence number = 2273
Timeout, sequence number = 2276
[CLIENT] Sent data seq=2300
Timeout, sequence number = 2294
[CLIENT] Received ACK seq=2300
Timeout, sequence number = 2309
Timeout, sequence number = 2311
Timeout, sequence number = 2312
Timeout, sequence number = 2332
Timeout, sequence number = 2348
Timeout, sequence number = 2355
Timeout, sequence number = 2374
Timeout, sequence number = 2379
[CLIENT] Sent data seq=2400
[CLIENT] Received ACK seq=2400
[CLIENT] Summary: sent_packets=2401, ack_packets=2401, retransmitted_packets=2128, timeout_events=133
Transfer complete. Delay = 70.253637 seconds

=== STDERR ===
