=== STDOUT ===
[SR CLIENT] Starting transfer: server=10.153.27.102:7735, file=demo_input.bin, N=1, MSS=500, total_segments=2401
[SR CLIENT] Sent data seq=0
[SR CLIENT] Received ACK seq=0
[SR CLIENT] Sent data seq=1
[SR CLIENT] Received ACK seq=1
[SR CLIENT] Sent data seq=2
[SR CLIENT] Received ACK seq=2
[SR CLIENT] Sent data seq=3
[SR CLIENT] Received ACK seq=3
[SR CLIENT] Sent data seq=4
[SR CLIENT] Received ACK seq=4
Timeout, sequence number = 44
Timeout, sequence number = 64
Timeout, sequence number = 85
[SR CLIENT] Sent data seq=100
[SR CLIENT] Received ACK seq=100
Timeout, sequence number = 107
Timeout, sequence number = 144
Timeout, sequence number = 191
[SR CLIENT] Sent data seq=200
[SR CLIENT] Received ACK seq=200
Timeout, sequence number = 234
Timeout, sequence number = 239
[SR CLIENT] Sent data seq=300
[SR CLIENT] Received ACK seq=300
Timeout, sequence number = 310
Timeout, sequence number = 340
Timeout, sequence number = 345
Timeout, sequence number = 358
[SR CLIENT] Sent data seq=400
[SR CLIENT] Received ACK seq=400
Timeout, sequence number = 414
[SR CLIENT] Sent data seq=500
[SR CLIENT] Received ACK seq=500
Timeout, sequence number = 504
Timeout, sequence number = 515
Timeout, sequence number = 525
Timeout, sequence number = 538
Timeout, sequence number = 538
Timeout, sequence number = 562
Timeout, sequence number = 578
Timeout, sequence number = 597
[SR CLIENT] Sent data seq=600
[SR CLIENT] Received ACK seq=600
Timeout, sequence number = 623
Timeout, sequence number = 629
Timeout, sequence number = 656
Timeout, sequence number = 663
Timeout, sequence number = 671
Timeout, sequence number = 671
Timeout, sequence number = 674
Timeout, sequence number = 679
[SR CLIENT] Sent data seq=700
[SR CLIENT] Received ACK seq=700
Timeout, sequence number = 738
Timeout, sequence number = 751
Timeout, sequence number = 757
Timeout, sequence number = 764
[SR CLIENT] Sent data seq=800
[SR CLIENT] Received ACK seq=800
Timeout, sequence number = 830
Timeout, sequence number = 857
Timeout, sequence number = 871
Timeout, sequence number = 887
[SR CLIENT] Sent data seq=900
[SR CLIENT] Received ACK seq=900
Timeout, sequence number = 943
Timeout, sequence number = 970
Timeout, sequence number = 972
[SR CLIENT] Sent data seq=1000
[SR CLIENT] Received ACK seq=1000
Timeout, sequence number = 1020
Timeout, sequence number = 1032
Timeout, sequence number = 1065
Timeout, sequence number = 1073
Timeout, sequence number = 1073
[SR CLIENT] Sent data seq=1100
Timeout, sequence number = 1100
[SR CLIENT] Received ACK seq=1100
Timeout, sequence number = 1108
Timeout, sequence number = 1122
Timeout, sequence number = 1125
Timeout, sequence number = 1133
Timeout, sequence number = 1134
Timeout, sequence number = 1143
Timeout, sequence number = 1143
Timeout, sequence number = 1168
Timeout, sequence number = 1175
Timeout, sequence number = 1192
[SR CLIENT] Sent data seq=1200
[SR CLIENT] Received ACK seq=1200
Timeout, sequence number = 1241
Timeout, sequence number = 1270
Timeout, sequence number = 1277
Timeout, sequence number = 1288
Timeout, sequence number = 1289
[SR CLIENT] Sent data seq=1300
[SR CLIENT] Received ACK seq=1300
Timeout, sequence number = 1317
Timeout, sequence number = 1325
Timeout, sequence number = 1328
Timeout, sequence number = 1371
Timeout, sequence number = 1382
[SR CLIENT] Sent data seq=1400
[SR CLIENT] Received ACK seq=1400
Timeout, sequence number = 1408
Timeout, sequence number = 1429
Timeout, sequence number = 1450
Timeout, sequence number = 1450
Timeout, sequence number = 1481
[SR CLIENT] Sent data seq=1500
[SR CLIENT] Received ACK seq=1500
Timeout, sequence number = 1506
Timeout, sequence number = 1508
Timeout, sequence number = 1508
Timeout, sequence number = 1525
Timeout, sequence number = 1574
Timeout, sequence number = 1597
[SR CLIENT] Sent data seq=1600
[SR CLIENT] Received ACK seq=1600
Timeout, sequence number = 1611
Timeout, sequence number = 1613
Timeout, sequence number = 1651
Timeout, sequence number = 1686
[SR CLIENT] Sent data seq=1700
[SR CLIENT] Received ACK seq=1700
Timeout, sequence number = 1709
Timeout, sequence number = 1710
Timeout, sequence number = 1713
Timeout, sequence number = 1743
Timeout, sequence number = 1747
Timeout, sequence number = 1756
Timeout, sequence number = 1776
[SR CLIENT] Sent data seq=1800
[SR CLIENT] Received ACK seq=1800
Timeout, sequence number = 1833
Timeout, sequence number = 1847
Timeout, sequence number = 1849
[SR CLIENT] Sent data seq=1900
[SR CLIENT] Received ACK seq=1900
Timeout, sequence number = 1911
Timeout, sequence number = 1916
Timeout, sequence number = 1931
Timeout, sequence number = 1953
Timeout, sequence number = 1959
Timeout, sequence number = 1963
Timeout, sequence number = 1983
Timeout, sequence number = 1986
[SR CLIENT] Sent data seq=2000
[SR CLIENT] Received ACK seq=2000
Timeout, sequence number = 2030
Timeout, sequence number = 2040
Timeout, sequence number = 2057
Timeout, sequence number = 2058
Timeout, sequence number = 2079
Timeout, sequence number = 2079
Timeout, sequence number = 2084
Timeout, sequence number = 2098
[SR CLIENT] Sent data seq=2100
[SR CLIENT] Received ACK seq=2100
Timeout, sequence number = 2106
Timeout, sequence number = 2120
Timeout, sequence number = 2126
Timeout, sequence number = 2127
Timeout, sequence number = 2145
Timeout, sequence number = 2149
Timeout, sequence number = 2154
Timeout, sequence number = 2154
Timeout, sequence number = 2158
Timeout, sequence number = 2179
Timeout, sequence number = 2189
[SR CLIENT] Sent data seq=2200
[SR CLIENT] Received ACK seq=2200
Timeout, sequence number = 2223
Timeout, sequence number = 2240
Timeout, sequence number = 2254
Timeout, sequence number = 2257
Timeout, sequence number = 2293
[SR CLIENT] Sent data seq=2300
[SR CLIENT] Received ACK seq=2300
Timeout, sequence number = 2307
Timeout, sequence number = 2348
Timeout, sequence number = 2351
Timeout, sequence number = 2351
Timeout, sequence number = 2357
Timeout, sequence number = 2360
[SR CLIENT] Sent data seq=2400
[SR CLIENT] Received ACK seq=2400
[SR CLIENT] Summary: sent_packets=2401, ack_packets=2401, retransmitted_packets=129, timeout_events=129
Transfer complete. Delay = 112.068484 seconds

=== STDERR ===
