=== STDOUT ===
[SR CLIENT] Starting transfer: server=10.153.27.102:7735, file=demo_input.bin, N=32, MSS=500, total_segments=2401
[SR CLIENT] Sent data seq=0
[SR CLIENT] Sent data seq=1
[SR CLIENT] Sent data seq=2
[SR CLIENT] Sent data seq=3
[SR CLIENT] Sent data seq=4
[SR CLIENT] Received ACK seq=0
[SR CLIENT] Received ACK seq=1
[SR CLIENT] Received ACK seq=2
[SR CLIENT] Received ACK seq=3
[SR CLIENT] Received ACK seq=4
Timeout, sequence number = 11
Timeout, sequence number = 62
Timeout, sequence number = 68
Timeout, sequence number = 89
Timeout, sequence number = 90
[SR CLIENT] Sent data seq=100
[SR CLIENT] Received ACK seq=100
Timeout, sequence number = 101
Timeout, sequence number = 121
Timeout, sequence number = 132
Timeout, sequence number = 138
Timeout, sequence number = 138
[SR CLIENT] Sent data seq=200
[SR CLIENT] Received ACK seq=200
Timeout, sequence number = 180
Timeout, sequence number = 221
Timeout, sequence number = 226
Timeout, sequence number = 253
[SR CLIENT] Sent data seq=300
[SR CLIENT] Received ACK seq=300
Timeout, sequence number = 286
Timeout, sequence number = 291
Timeout, sequence number = 319
Timeout, sequence number = 324
Timeout, sequence number = 334
Timeout, sequence number = 324
Timeout, sequence number = 353
Timeout, sequence number = 324
[SR CLIENT] Sent data seq=400
Timeout, sequence number = 391
Timeout, sequence number = 398
Timeout, sequence number = 400
Timeout, sequence number = 415
[SR CLIENT] Received ACK seq=400
Timeout, sequence number = 426
Timeout, sequence number = 446
Timeout, sequence number = 462
Timeout, sequence number = 469
Timeout, sequence number = 473
Timeout, sequence number = 483
Timeout, sequence number = 485
[SR CLIENT] Sent data seq=500
Timeout, sequence number = 493
[SR CLIENT] Received ACK seq=500
Timeout, sequence number = 495
Timeout, sequence number = 519
Timeout, sequence number = 567
Timeout, sequence number = 595
Timeout, sequence number = 598
[SR CLIENT] Sent data seq=600
[SR CLIENT] Received ACK seq=600
Timeout, sequence number = 598
Timeout, sequence number = 634
Timeout, sequence number = 639
Timeout, sequence number = 655
Timeout, sequence number = 662
Timeout, sequence number = 667
Timeout, sequence number = 683
Timeout, sequence number = 687
Timeout, sequence number = 692
Timeout, sequence number = 694
[SR CLIENT] Sent data seq=700
[SR CLIENT] Received ACK seq=700
Timeout, sequence number = 699
Timeout, sequence number = 719
Timeout, sequence number = 762
[SR CLIENT] Sent data seq=800
[SR CLIENT] Received ACK seq=800
Timeout, sequence number = 792
Timeout, sequence number = 852
[SR CLIENT] Sent data seq=900
Timeout, sequence number = 872
Timeout, sequence number = 874
Timeout, sequence number = 880
[SR CLIENT] Received ACK seq=900
Timeout, sequence number = 885
Timeout, sequence number = 928
Timeout, sequence number = 931
Timeout, sequence number = 934
Timeout, sequence number = 935
[SR CLIENT] Sent data seq=1000
[SR CLIENT] Received ACK seq=1000
Timeout, sequence number = 970
Timeout, sequence number = 974
Timeout, sequence number = 997
Timeout, sequence number = 1020
Timeout, sequence number = 1027
Timeout, sequence number = 1045
[SR CLIENT] Sent data seq=1100
[SR CLIENT] Received ACK seq=1100
Timeout, sequence number = 1076
Timeout, sequence number = 1087
Timeout, sequence number = 1092
Timeout, sequence number = 1093
Timeout, sequence number = 1087
Timeout, sequence number = 1119
Timeout, sequence number = 1127
Timeout, sequence number = 1136
Timeout, sequence number = 1150
Timeout, sequence number = 1154
Timeout, sequence number = 1168
Timeout, sequence number = 1171
Timeout, sequence number = 1178
[SR CLIENT] Sent data seq=1200
[SR CLIENT] Received ACK seq=1200
Timeout, sequence number = 1226
Timeout, sequence number = 1247
Timeout, sequence number = 1253
[SR CLIENT] Sent data seq=1300
[SR CLIENT] Received ACK seq=1300
Timeout, sequence number = 1269
Timeout, sequence number = 1301
Timeout, sequence number = 1306
Timeout, sequence number = 1325
Timeout, sequence number = 1334
Timeout, sequence number = 1335
[SR CLIENT] Sent data seq=1400
[SR CLIENT] Received ACK seq=1400
Timeout, sequence number = 1389
Timeout, sequence number = 1418
Timeout, sequence number = 1430
Timeout, sequence number = 1434
Timeout, sequence number = 1452
Timeout, sequence number = 1452
Timeout, sequence number = 1467
Timeout, sequence number = 1481
[SR CLIENT] Sent data seq=1500
[SR CLIENT] Received ACK seq=1500
Timeout, sequence number = 1492
Timeout, sequence number = 1498
Timeout, sequence number = 1505
Timeout, sequence number = 1514
Timeout, sequence number = 1528
Timeout, sequence number = 1529
Timeout, sequence number = 1552
[SR CLIENT] Sent data seq=1600
[SR CLIENT] Received ACK seq=1600
Timeout, sequence number = 1614
Timeout, sequence number = 1651
Timeout, sequence number = 1662
Timeout, sequence number = 1665
Timeout, sequence number = 1662
[SR CLIENT] Sent data seq=1700
[SR CLIENT] Received ACK seq=1700
Timeout, sequence number = 1719
Timeout, sequence number = 1740
[SR CLIENT] Sent data seq=1800
[SR CLIENT] Received ACK seq=1800
Timeout, sequence number = 1799
Timeout, sequence number = 1816
Timeout, sequence number = 1819
Timeout, sequence number = 1827
[SR CLIENT] Sent data seq=1900
[SR CLIENT] Received ACK seq=1900
Timeout, sequence number = 1869
Timeout, sequence number = 1872
Timeout, sequence number = 1876
Timeout, sequence number = 1886
Timeout, sequence number = 1895
Timeout, sequence number = 1909
Timeout, sequence number = 1911
Timeout, sequence number = 1922
Timeout, sequence number = 1943
Timeout, sequence number = 1964
Timeout, sequence number = 1967
[SR CLIENT] Sent data seq=2000
[SR CLIENT] Received ACK seq=2000
Timeout, sequence number = 1992
Timeout, sequence number = 2024
Timeout, sequence number = 2025
Timeout, sequence number = 2028
Timeout, sequence number = 2032
Timeout, sequence number = 2042
[SR CLIENT] Sent data seq=2100
[SR CLIENT] Received ACK seq=2100
Timeout, sequence number = 2090
Timeout, sequence number = 2103
Timeout, sequence number = 2116
Timeout, sequence number = 2090
Timeout, sequence number = 2090
Timeout, sequence number = 2126
Timeout, sequence number = 2135
Timeout, sequence number = 2154
Timeout, sequence number = 2154
Timeout, sequence number = 2185
[SR CLIENT] Sent data seq=2200
[SR CLIENT] Received ACK seq=2200
Timeout, sequence number = 2186
Timeout, sequence number = 2193
Timeout, sequence number = 2201
Timeout, sequence number = 2206
Timeout, sequence number = 2224
Timeout, sequence number = 2231
Timeout, sequence number = 2233
Timeout, sequence number = 2254
Timeout, sequence number = 2261
Timeout, sequence number = 2272
Timeout, sequence number = 2275
[SR CLIENT] Sent data seq=2300
[SR CLIENT] Received ACK seq=2300
Timeout, sequence number = 2292
Timeout, sequence number = 2321
[SR CLIENT] Sent data seq=2400
[SR CLIENT] Received ACK seq=2400
[SR CLIENT] Summary: sent_packets=2401, ack_packets=2401, retransmitted_packets=156, timeout_events=156
Transfer complete. Delay = 31.830859 seconds

=== STDERR ===
