=== STDOUT ===
[SR CLIENT] Starting transfer: server=10.153.27.102:7735, file=demo_input.bin, N=2, MSS=500, total_segments=2401
[SR CLIENT] Sent data seq=0
[SR CLIENT] Sent data seq=1
[SR CLIENT] Received ACK seq=0
[SR CLIENT] Sent data seq=2
[SR CLIENT] Received ACK seq=1
[SR CLIENT] Sent data seq=3
[SR CLIENT] Received ACK seq=2
[SR CLIENT] Sent data seq=4
[SR CLIENT] Received ACK seq=3
[SR CLIENT] Received ACK seq=4
Timeout, sequence number = 24
Timeout, sequence number = 35
Timeout, sequence number = 39
Timeout, sequence number = 42
Timeout, sequence number = 55
Timeout, sequence number = 64
[SR CLIENT] Sent data seq=100
[SR CLIENT] Received ACK seq=100
Timeout, sequence number = 119
Timeout, sequence number = 123
Timeout, sequence number = 124
Timeout, sequence number = 123
Timeout, sequence number = 124
Timeout, sequence number = 123
Timeout, sequence number = 124
Timeout, sequence number = 123
Timeout, sequence number = 124
Timeout, sequence number = 123
Timeout, sequence number = 124
Timeout, sequence number = 123
Timeout, sequence number = 124
Timeout, sequence number = 123
Timeout, sequence number = 124
Timeout, sequence number = 123
Timeout, sequence number = 124
Timeout, sequence number = 123
Timeout, sequence number = 124
Timeout, sequence number = 135
Timeout, sequence number = 136
[SR CLIENT] Sent data seq=200
[SR CLIENT] Received ACK seq=200
Timeout, sequence number = 214
Timeout, sequence number = 217
Timeout, sequence number = 222
Timeout, sequence number = 261
[SR CLIENT] Sent data seq=300
Timeout, sequence number = 300
[SR CLIENT] Received ACK seq=300
Timeout, sequence number = 315
Timeout, sequence number = 347
Timeout, sequence number = 363
Timeout, sequence number = 387
[SR CLIENT] Sent data seq=400
[SR CLIENT] Received ACK seq=400
Timeout, sequence number = 417
Timeout, sequence number = 438
Timeout, sequence number = 442
Timeout, sequence number = 447
Timeout, sequence number = 469
Timeout, sequence number = 491
Timeout, sequence number = 491
[SR CLIENT] Sent data seq=500
[SR CLIENT] Received ACK seq=500
Timeout, sequence number = 504
Timeout, sequence number = 505
Timeout, sequence number = 535
Timeout, sequence number = 538
Timeout, sequence number = 577
[SR CLIENT] Sent data seq=600
[SR CLIENT] Received ACK seq=600
Timeout, sequence number = 615
Timeout, sequence number = 633
Timeout, sequence number = 634
Timeout, sequence number = 659
Timeout, sequence number = 670
Timeout, sequence number = 681
Timeout, sequence number = 682
[SR CLIENT] Sent data seq=700
[SR CLIENT] Received ACK seq=700
Timeout, sequence number = 715
Timeout, sequence number = 725
Timeout, sequence number = 759
Timeout, sequence number = 773
Timeout, sequence number = 774
Timeout, sequence number = 783
[SR CLIENT] Sent data seq=800
[SR CLIENT] Received ACK seq=800
Timeout, sequence number = 799
Timeout, sequence number = 817
Timeout, sequence number = 826
Timeout, sequence number = 853
Timeout, sequence number = 857
Timeout, sequence number = 859
Timeout, sequence number = 872
Timeout, sequence number = 880
[SR CLIENT] Sent data seq=900
[SR CLIENT] Received ACK seq=900
Timeout, sequence number = 931
Timeout, sequence number = 936
Timeout, sequence number = 943
Timeout, sequence number = 961
Timeout, sequence number = 970
Timeout, sequence number = 970
Timeout, sequence number = 974
Timeout, sequence number = 974
[SR CLIENT] Sent data seq=1000
[SR CLIENT] Received ACK seq=1000
Timeout, sequence number = 1032
[SR CLIENT] Sent data seq=1100
[SR CLIENT] Received ACK seq=1100
Timeout, sequence number = 1105
Timeout, sequence number = 1126
Timeout, sequence number = 1137
Timeout, sequence number = 1154
Timeout, sequence number = 1160
Timeout, sequence number = 1196
[SR CLIENT] Sent data seq=1200
[SR CLIENT] Received ACK seq=1200
Timeout, sequence number = 1235
Timeout, sequence number = 1247
Timeout, sequence number = 1252
Timeout, sequence number = 1262
Timeout, sequence number = 1280
[SR CLIENT] Sent data seq=1300
[SR CLIENT] Received ACK seq=1300
Timeout, sequence number = 1314
Timeout, sequence number = 1327
Timeout, sequence number = 1336
Timeout, sequence number = 1361
Timeout, sequence number = 1372
[SR CLIENT] Sent data seq=1400
[SR CLIENT] Received ACK seq=1400
Timeout, sequence number = 1408
Timeout, sequence number = 1459
Timeout, sequence number = 1470
Timeout, sequence number = 1476
[SR CLIENT] Sent data seq=1500
[SR CLIENT] Received ACK seq=1500
Timeout, sequence number = 1499
Timeout, sequence number = 1503
Timeout, sequence number = 1519
Timeout, sequence number = 1530
Timeout, sequence number = 1549
Timeout, sequence number = 1596
[SR CLIENT] Sent data seq=1600
[SR CLIENT] Received ACK seq=1600
Timeout, sequence number = 1602
Timeout, sequence number = 1648
Timeout, sequence number = 1676
[SR CLIENT] Sent data seq=1700
[SR CLIENT] Received ACK seq=1700
Timeout, sequence number = 1711
Timeout, sequence number = 1719
Timeout, sequence number = 1752
Timeout, sequence number = 1779
Timeout, sequence number = 1779
Timeout, sequence number = 1782
Timeout, sequence number = 1793
[SR CLIENT] Sent data seq=1800
[SR CLIENT] Received ACK seq=1800
Timeout, sequence number = 1826
Timeout, sequence number = 1875
Timeout, sequence number = 1891
[SR CLIENT] Sent data seq=1900
[SR CLIENT] Received ACK seq=1900
[SR CLIENT] Sent data seq=2000
[SR CLIENT] Received ACK seq=2000
Timeout, sequence number = 2025
Timeout, sequence number = 2030
[SR CLIENT] Sent data seq=2100
[SR CLIENT] Received ACK seq=2100
Timeout, sequence number = 2101
Timeout, sequence number = 2102
Timeout, sequence number = 2103
Timeout, sequence number = 2116
Timeout, sequence number = 2118
Timeout, sequence number = 2194
Timeout, sequence number = 2198
[SR CLIENT] Sent data seq=2200
[SR CLIENT] Received ACK seq=2200
Timeout, sequence number = 2209
Timeout, sequence number = 2237
Timeout, sequence number = 2237
Timeout, sequence number = 2245
Timeout, sequence number = 2278
Timeout, sequence number = 2282
[SR CLIENT] Sent data seq=2300
[SR CLIENT] Received ACK seq=2300
Timeout, sequence number = 2326
Timeout, sequence number = 2362
Timeout, sequence number = 2379
Timeout, sequence number = 2380
Timeout, sequence number = 2381
[SR CLIENT] Sent data seq=2400
[SR CLIENT] Received ACK seq=2400
Timeout, sequence number = 2399
[SR CLIENT] Summary: sent_packets=2401, ack_packets=2401, retransmitted_packets=138, timeout_events=138
Transfer complete. Delay = 101.451450 seconds

=== STDERR ===
