=== STDOUT ===
[SR CLIENT] Starting transfer: server=10.153.27.102:7735, file=demo_input.bin, N=64, MSS=500, total_segments=2401
[SR CLIENT] Sent data seq=0
[SR CLIENT] Sent data seq=1
[SR CLIENT] Sent data seq=2
[SR CLIENT] Sent data seq=3
[SR CLIENT] Sent data seq=4
[SR CLIENT] Received ACK seq=0
[SR CLIENT] Received ACK seq=1
[SR CLIENT] Received ACK seq=2
[SR CLIENT] Received ACK seq=3
[SR CLIENT] Received ACK seq=4
Timeout, sequence number = 9
Timeout, sequence number = 17
Timeout, sequence number = 27
Timeout, sequence number = 29
Timeout, sequence number = 44
[SR CLIENT] Sent data seq=100
[SR CLIENT] Received ACK seq=100
Timeout, sequence number = 83
Timeout, sequence number = 91
Timeout, sequence number = 118
[SR CLIENT] Sent data seq=200
[SR CLIENT] Received ACK seq=200
Timeout, sequence number = 147
Timeout, sequence number = 154
Timeout, sequence number = 155
Timeout, sequence number = 157
Timeout, sequence number = 173
Timeout, sequence number = 184
Timeout, sequence number = 190
Timeout, sequence number = 193
Timeout, sequence number = 195
Timeout, sequence number = 193
Timeout, sequence number = 225
Timeout, sequence number = 241
Timeout, sequence number = 248
Timeout, sequence number = 268
Timeout, sequence number = 274
Timeout, sequence number = 276
Timeout, sequence number = 282
Timeout, sequence number = 284
Timeout, sequence number = 225
[SR CLIENT] Sent data seq=300
[SR CLIENT] Received ACK seq=300
[SR CLIENT] Sent data seq=400
[SR CLIENT] Received ACK seq=400
Timeout, sequence number = 341
Timeout, sequence number = 343
Timeout, sequence number = 344
Timeout, sequence number = 355
Timeout, sequence number = 370
Timeout, sequence number = 377
Timeout, sequence number = 397
Timeout, sequence number = 434
Timeout, sequence number = 445
Timeout, sequence number = 456
Timeout, sequence number = 475
Timeout, sequence number = 477
Timeout, sequence number = 483
[SR CLIENT] Sent data seq=500
[SR CLIENT] Received ACK seq=500
Timeout, sequence number = 498
Timeout, sequence number = 499
Timeout, sequence number = 504
Timeout, sequence number = 533
Timeout, sequence number = 551
Timeout, sequence number = 556
Timeout, sequence number = 498
[SR CLIENT] Sent data seq=600
Timeout, sequence number = 600
Timeout, sequence number = 601
Timeout, sequence number = 607
Timeout, sequence number = 628
Timeout, sequence number = 629
Timeout, sequence number = 630
Timeout, sequence number = 634
Timeout, sequence number = 652
Timeout, sequence number = 600
[SR CLIENT] Received ACK seq=600
Timeout, sequence number = 630
[SR CLIENT] Sent data seq=700
[SR CLIENT] Received ACK seq=700
Timeout, sequence number = 670
Timeout, sequence number = 692
Timeout, sequence number = 694
Timeout, sequence number = 699
Timeout, sequence number = 704
Timeout, sequence number = 710
Timeout, sequence number = 711
Timeout, sequence number = 713
[SR CLIENT] Sent data seq=800
[SR CLIENT] Received ACK seq=800
Timeout, sequence number = 748
Timeout, sequence number = 751
Timeout, sequence number = 752
Timeout, sequence number = 754
Timeout, sequence number = 758
Timeout, sequence number = 775
Timeout, sequence number = 784
Timeout, sequence number = 801
Timeout, sequence number = 803
Timeout, sequence number = 806
Timeout, sequence number = 815
Timeout, sequence number = 827
Timeout, sequence number = 830
Timeout, sequence number = 837
Timeout, sequence number = 845
Timeout, sequence number = 853
Timeout, sequence number = 861
Timeout, sequence number = 870
Timeout, sequence number = 873
[SR CLIENT] Sent data seq=900
[SR CLIENT] Received ACK seq=900
Timeout, sequence number = 886
Timeout, sequence number = 891
Timeout, sequence number = 895
Timeout, sequence number = 903
Timeout, sequence number = 904
Timeout, sequence number = 928
Timeout, sequence number = 935
Timeout, sequence number = 936
Timeout, sequence number = 937
Timeout, sequence number = 939
Timeout, sequence number = 945
[SR CLIENT] Sent data seq=1000
[SR CLIENT] Received ACK seq=1000
Timeout, sequence number = 939
Timeout, sequence number = 957
Timeout, sequence number = 986
Timeout, sequence number = 1011
Timeout, sequence number = 1018
Timeout, sequence number = 1031
Timeout, sequence number = 1043
Timeout, sequence number = 1048
Timeout, sequence number = 1058
Timeout, sequence number = 1066
Timeout, sequence number = 1069
Timeout, sequence number = 1080
Timeout, sequence number = 1084
Timeout, sequence number = 1031
Timeout, sequence number = 1069
[SR CLIENT] Sent data seq=1100
Timeout, sequence number = 1095
Timeout, sequence number = 1096
Timeout, sequence number = 1097
Timeout, sequence number = 1098
Timeout, sequence number = 1099
Timeout, sequence number = 1100
Timeout, sequence number = 1101
Timeout, sequence number = 1102
Timeout, sequence number = 1103
Timeout, sequence number = 1104
Timeout, sequence number = 1105
Timeout, sequence number = 1106
Timeout, sequence number = 1107
Timeout, sequence number = 1109
Timeout, sequence number = 1110
Timeout, sequence number = 1111
Timeout, sequence number = 1119
Timeout, sequence number = 1122
Timeout, sequence number = 1140
[SR CLIENT] Received ACK seq=1100
Timeout, sequence number = 1095
Timeout, sequence number = 1099
Timeout, sequence number = 1105
Timeout, sequence number = 1106
[SR CLIENT] Sent data seq=1200
[SR CLIENT] Received ACK seq=1200
Timeout, sequence number = 1159
Timeout, sequence number = 1177
Timeout, sequence number = 1217
Timeout, sequence number = 1225
Timeout, sequence number = 1226
Timeout, sequence number = 1236
Timeout, sequence number = 1255
Timeout, sequence number = 1259
Timeout, sequence number = 1264
Timeout, sequence number = 1270
Timeout, sequence number = 1274
Timeout, sequence number = 1276
Timeout, sequence number = 1281
Timeout, sequence number = 1226
[SR CLIENT] Sent data seq=1300
[SR CLIENT] Received ACK seq=1300
Timeout, sequence number = 1293
Timeout, sequence number = 1310
Timeout, sequence number = 1317
Timeout, sequence number = 1326
Timeout, sequence number = 1343
Timeout, sequence number = 1344
Timeout, sequence number = 1347
Timeout, sequence number = 1352
[SR CLIENT] Sent data seq=1400
[SR CLIENT] Received ACK seq=1400
Timeout, sequence number = 1352
Timeout, sequence number = 1367
Timeout, sequence number = 1376
Timeout, sequence number = 1378
Timeout, sequence number = 1385
Timeout, sequence number = 1395
Timeout, sequence number = 1414
Timeout, sequence number = 1376
Timeout, sequence number = 1430
[SR CLIENT] Sent data seq=1500
[SR CLIENT] Received ACK seq=1500
Timeout, sequence number = 1453
Timeout, sequence number = 1467
Timeout, sequence number = 1473
Timeout, sequence number = 1492
Timeout, sequence number = 1516
Timeout, sequence number = 1519
Timeout, sequence number = 1522
Timeout, sequence number = 1543
Timeout, sequence number = 1558
[SR CLIENT] Sent data seq=1600
[SR CLIENT] Received ACK seq=1600
Timeout, sequence number = 1586
Timeout, sequence number = 1631
Timeout, sequence number = 1632
Timeout, sequence number = 1639
Timeout, sequence number = 1648
Timeout, sequence number = 1586
Timeout, sequence number = 1648
[SR CLIENT] Sent data seq=1700
[SR CLIENT] Received ACK seq=1700
Timeout, sequence number = 1655
Timeout, sequence number = 1676
Timeout, sequence number = 1679
Timeout, sequence number = 1682
Timeout, sequence number = 1683
Timeout, sequence number = 1685
Timeout, sequence number = 1694
Timeout, sequence number = 1697
Timeout, sequence number = 1732
Timeout, sequence number = 1738
Timeout, sequence number = 1755
Timeout, sequence number = 1772
Timeout, sequence number = 1788
[SR CLIENT] Sent data seq=1800
[SR CLIENT] Received ACK seq=1800
Timeout, sequence number = 1797
Timeout, sequence number = 1807
Timeout, sequence number = 1811
Timeout, sequence number = 1816
Timeout, sequence number = 1823
Timeout, sequence number = 1839
[SR CLIENT] Sent data seq=1900
[SR CLIENT] Received ACK seq=1900
Timeout, sequence number = 1864
Timeout, sequence number = 1867
Timeout, sequence number = 1873
Timeout, sequence number = 1885
Timeout, sequence number = 1886
Timeout, sequence number = 1888
Timeout, sequence number = 1889
Timeout, sequence number = 1906
Timeout, sequence number = 1933
Timeout, sequence number = 1944
Timeout, sequence number = 1945
Timeout, sequence number = 1953
Timeout, sequence number = 1957
Timeout, sequence number = 1960
Timeout, sequence number = 1961
Timeout, sequence number = 1966
Timeout, sequence number = 1976
Timeout, sequence number = 1978
[SR CLIENT] Sent data seq=2000
[SR CLIENT] Received ACK seq=2000
Timeout, sequence number = 1978
Timeout, sequence number = 1998
Timeout, sequence number = 2023
Timeout, sequence number = 2032
Timeout, sequence number = 1978
[SR CLIENT] Sent data seq=2100
[SR CLIENT] Received ACK seq=2100
Timeout, sequence number = 2054
Timeout, sequence number = 2056
Timeout, sequence number = 2059
Timeout, sequence number = 2060
Timeout, sequence number = 2062
Timeout, sequence number = 2078
Timeout, sequence number = 2097
Timeout, sequence number = 2112
Timeout, sequence number = 2133
Timeout, sequence number = 2147
Timeout, sequence number = 2171
Timeout, sequence number = 2177
[SR CLIENT] Sent data seq=2200
[SR CLIENT] Received ACK seq=2200
[SR CLIENT] Sent data seq=2300
[SR CLIENT] Received ACK seq=2300
Timeout, sequence number = 2237
Timeout, sequence number = 2284
Timeout, sequence number = 2288
Timeout, sequence number = 2289
Timeout, sequence number = 2294
Timeout, sequence number = 2322
Timeout, sequence number = 2326
Timeout, sequence number = 2339
Timeout, sequence number = 2340
Timeout, sequence number = 2341
Timeout, sequence number = 2346
Timeout, sequence number = 2355
Timeout, sequence number = 2381
[SR CLIENT] Sent data seq=2400
[SR CLIENT] Received ACK seq=2400
Timeout, sequence number = 2393
Timeout, sequence number = 2397
Timeout, sequence number = 2398
Timeout, sequence number = 2398
[SR CLIENT] Summary: sent_packets=2401, ack_packets=2401, retransmitted_packets=251, timeout_events=251
Transfer complete. Delay = 23.117591 seconds

=== STDERR ===
