=== STDOUT ===
[SR CLIENT] Starting transfer: server=10.153.27.102:7735, file=demo_input.bin, N=64, MSS=800, total_segments=1501
[SR CLIENT] Sent data seq=0
[SR CLIENT] Sent data seq=1
[SR CLIENT] Sent data seq=2
[SR CLIENT] Sent data seq=3
[SR CLIENT] Sent data seq=4
[SR CLIENT] Received ACK seq=3
Timeout, sequence number = 0
Timeout, sequence number = 1
Timeout, sequence number = 2
Timeout, sequence number = 4
Timeout, sequence number = 5
Timeout, sequence number = 6
Timeout, sequence number = 8
Timeout, sequence number = 9
Timeout, sequence number = 10
Timeout, sequence number = 11
Timeout, sequence number = 12
Timeout, sequence number = 14
Timeout, sequence number = 15
Timeout, sequence number = 16
Timeout, sequence number = 17
Timeout, sequence number = 18
Timeout, sequence number = 19
Timeout, sequence number = 20
Timeout, sequence number = 21
Timeout, sequence number = 22
Timeout, sequence number = 23
Timeout, sequence number = 24
Timeout, sequence number = 25
Timeout, sequence number = 26
Timeout, sequence number = 27
Timeout, sequence number = 28
Timeout, sequence number = 29
Timeout, sequence number = 43
Timeout, sequence number = 0
Timeout, sequence number = 1
Timeout, sequence number = 2
Timeout, sequence number = 4
Timeout, sequence number = 5
Timeout, sequence number = 6
Timeout, sequence number = 8
Timeout, sequence number = 9
Timeout, sequence number = 10
Timeout, sequence number = 11
Timeout, sequence number = 12
Timeout, sequence number = 14
Timeout, sequence number = 15
Timeout, sequence number = 16
Timeout, sequence number = 17
Timeout, sequence number = 18
Timeout, sequence number = 19
Timeout, sequence number = 20
Timeout, sequence number = 21
Timeout, sequence number = 22
Timeout, sequence number = 23
Timeout, sequence number = 24
Timeout, sequence number = 25
Timeout, sequence number = 26
Timeout, sequence number = 27
Timeout, sequence number = 28
Timeout, sequence number = 29
Timeout, sequence number = 43
[SR CLIENT] Received ACK seq=0
[SR CLIENT] Received ACK seq=1
[SR CLIENT] Received ACK seq=2
[SR CLIENT] Received ACK seq=4
Timeout, sequence number = 16
Timeout, sequence number = 17
Timeout, sequence number = 18
Timeout, sequence number = 19
Timeout, sequence number = 22
Timeout, sequence number = 23
Timeout, sequence number = 25
Timeout, sequence number = 26
Timeout, sequence number = 27
Timeout, sequence number = 29
Timeout, sequence number = 43
Timeout, sequence number = 64
Timeout, sequence number = 65
Timeout, sequence number = 66
Timeout, sequence number = 67
Timeout, sequence number = 68
Timeout, sequence number = 69
Timeout, sequence number = 70
Timeout, sequence number = 71
Timeout, sequence number = 72
Timeout, sequence number = 73
Timeout, sequence number = 74
Timeout, sequence number = 75
[SR CLIENT] Sent data seq=100
Timeout, sequence number = 94
Timeout, sequence number = 100
Timeout, sequence number = 116
Timeout, sequence number = 123
[SR CLIENT] Received ACK seq=100
[SR CLIENT] Sent data seq=200
[SR CLIENT] Received ACK seq=200
Timeout, sequence number = 150
Timeout, sequence number = 172
Timeout, sequence number = 176
Timeout, sequence number = 177
Timeout, sequence number = 178
Timeout, sequence number = 180
Timeout, sequence number = 207
Timeout, sequence number = 211
Timeout, sequence number = 212
Timeout, sequence number = 217
Timeout, sequence number = 223
Timeout, sequence number = 227
Timeout, sequence number = 172
[SR CLIENT] Sent data seq=300
[SR CLIENT] Received ACK seq=300
Timeout, sequence number = 242
Timeout, sequence number = 245
Timeout, sequence number = 253
Timeout, sequence number = 242
Timeout, sequence number = 322
Timeout, sequence number = 330
Timeout, sequence number = 344
Timeout, sequence number = 349
Timeout, sequence number = 362
Timeout, sequence number = 330
Timeout, sequence number = 392
[SR CLIENT] Sent data seq=400
[SR CLIENT] Received ACK seq=400
Timeout, sequence number = 399
Timeout, sequence number = 401
Timeout, sequence number = 404
Timeout, sequence number = 420
Timeout, sequence number = 421
Timeout, sequence number = 449
Timeout, sequence number = 460
[SR CLIENT] Sent data seq=500
[SR CLIENT] Received ACK seq=500
Timeout, sequence number = 468
Timeout, sequence number = 471
Timeout, sequence number = 479
Timeout, sequence number = 496
Timeout, sequence number = 528
[SR CLIENT] Sent data seq=600
[SR CLIENT] Received ACK seq=600
Timeout, sequence number = 538
Timeout, sequence number = 548
Timeout, sequence number = 589
Timeout, sequence number = 593
Timeout, sequence number = 603
Timeout, sequence number = 655
Timeout, sequence number = 657
Timeout, sequence number = 660
[SR CLIENT] Sent data seq=700
[SR CLIENT] Received ACK seq=700
Timeout, sequence number = 670
Timeout, sequence number = 702
Timeout, sequence number = 707
[SR CLIENT] Sent data seq=800
[SR CLIENT] Received ACK seq=800
Timeout, sequence number = 787
Timeout, sequence number = 794
Timeout, sequence number = 834
Timeout, sequence number = 846
Timeout, sequence number = 848
[SR CLIENT] Sent data seq=900
[SR CLIENT] Received ACK seq=900
Timeout, sequence number = 854
Timeout, sequence number = 863
Timeout, sequence number = 885
Timeout, sequence number = 899
Timeout, sequence number = 926
[SR CLIENT] Sent data seq=1000
[SR CLIENT] Received ACK seq=1000
Timeout, sequence number = 1029
Timeout, sequence number = 1033
Timeout, sequence number = 1049
Timeout, sequence number = 1055
Timeout, sequence number = 1059
Timeout, sequence number = 1073
Timeout, sequence number = 1080
Timeout, sequence number = 1092
[SR CLIENT] Sent data seq=1100
[SR CLIENT] Received ACK seq=1100
Timeout, sequence number = 1094
Timeout, sequence number = 1102
Timeout, sequence number = 1103
Timeout, sequence number = 1120
Timeout, sequence number = 1123
[SR CLIENT] Sent data seq=1200
[SR CLIENT] Received ACK seq=1200
Timeout, sequence number = 1173
Timeout, sequence number = 1189
Timeout, sequence number = 1196
Timeout, sequence number = 1210
Timeout, sequence number = 1218
Timeout, sequence number = 1219
[SR CLIENT] Sent data seq=1300
Timeout, sequence number = 1285
Timeout, sequence number = 1300
[SR CLIENT] Received ACK seq=1300
Timeout, sequence number = 1321
Timeout, sequence number = 1333
[SR CLIENT] Sent data seq=1400
[SR CLIENT] Received ACK seq=1400
Timeout, sequence number = 1355
Timeout, sequence number = 1414
Timeout, sequence number = 1415
Timeout, sequence number = 1422
Timeout, sequence number = 1433
Timeout, sequence number = 1436
Timeout, sequence number = 1437
Timeout, sequence number = 1442
Timeout, sequence number = 1456
[SR CLIENT] Sent data seq=1500
[SR CLIENT] Received ACK seq=1500
[SR CLIENT] Summary: sent_packets=1501, ack_packets=1501, retransmitted_packets=172, timeout_events=172
Transfer complete. Delay = 13.259086 seconds

=== STDERR ===
