=== STDOUT ===
[SR CLIENT] Starting transfer: server=10.153.27.102:7735, file=demo_input.bin, N=64, MSS=500, total_segments=2401
[SR CLIENT] Sent data seq=0
[SR CLIENT] Sent data seq=1
[SR CLIENT] Sent data seq=2
[SR CLIENT] Sent data seq=3
[SR CLIENT] Sent data seq=4
[SR CLIENT] Received ACK seq=0
[SR CLIENT] Received ACK seq=3
[SR CLIENT] Received ACK seq=1
[SR CLIENT] Received ACK seq=2
[SR CLIENT] Received ACK seq=4
[SR CLIENT] Sent data seq=100
[SR CLIENT] Received ACK seq=100
Timeout, sequence number = 37
Timeout, sequence number = 40
Timeout, sequence number = 60
Timeout, sequence number = 64
Timeout, sequence number = 66
Timeout, sequence number = 69
Timeout, sequence number = 77
Timeout, sequence number = 93
Timeout, sequence number = 97
Timeout, sequence number = 136
Timeout, sequence number = 146
Timeout, sequence number = 170
Timeout, sequence number = 192
[SR CLIENT] Sent data seq=200
Timeout, sequence number = 200
Timeout, sequence number = 205
Timeout, sequence number = 206
Timeout, sequence number = 223
Timeout, sequence number = 230
Timeout, sequence number = 200
[SR CLIENT] Received ACK seq=200
[SR CLIENT] Sent data seq=300
[SR CLIENT] Received ACK seq=300
Timeout, sequence number = 274
Timeout, sequence number = 275
Timeout, sequence number = 284
Timeout, sequence number = 292
Timeout, sequence number = 295
Timeout, sequence number = 319
Timeout, sequence number = 324
Timeout, sequence number = 325
Timeout, sequence number = 336
Timeout, sequence number = 324
Timeout, sequence number = 348
Timeout, sequence number = 351
Timeout, sequence number = 361
[SR CLIENT] Sent data seq=400
[SR CLIENT] Received ACK seq=400
Timeout, sequence number = 403
Timeout, sequence number = 404
Timeout, sequence number = 420
Timeout, sequence number = 426
Timeout, sequence number = 429
Timeout, sequence number = 434
Timeout, sequence number = 439
Timeout, sequence number = 444
Timeout, sequence number = 456
Timeout, sequence number = 458
Timeout, sequence number = 404
[SR CLIENT] Sent data seq=500
[SR CLIENT] Received ACK seq=500
Timeout, sequence number = 487
Timeout, sequence number = 488
Timeout, sequence number = 493
Timeout, sequence number = 501
Timeout, sequence number = 525
Timeout, sequence number = 529
Timeout, sequence number = 530
Timeout, sequence number = 543
Timeout, sequence number = 487
Timeout, sequence number = 525
[SR CLIENT] Sent data seq=600
Timeout, sequence number = 566
Timeout, sequence number = 569
Timeout, sequence number = 575
Timeout, sequence number = 580
Timeout, sequence number = 586
Timeout, sequence number = 589
Timeout, sequence number = 598
Timeout, sequence number = 600
Timeout, sequence number = 621
Timeout, sequence number = 600
Timeout, sequence number = 644
[SR CLIENT] Received ACK seq=600
[SR CLIENT] Sent data seq=700
[SR CLIENT] Received ACK seq=700
Timeout, sequence number = 664
Timeout, sequence number = 674
Timeout, sequence number = 681
Timeout, sequence number = 689
Timeout, sequence number = 696
Timeout, sequence number = 698
Timeout, sequence number = 699
Timeout, sequence number = 713
Timeout, sequence number = 727
Timeout, sequence number = 729
Timeout, sequence number = 743
Timeout, sequence number = 755
Timeout, sequence number = 769
Timeout, sequence number = 776
Timeout, sequence number = 789
[SR CLIENT] Sent data seq=800
Timeout, sequence number = 743
Timeout, sequence number = 789
Timeout, sequence number = 794
Timeout, sequence number = 800
[SR CLIENT] Received ACK seq=800
Timeout, sequence number = 808
Timeout, sequence number = 809
Timeout, sequence number = 829
Timeout, sequence number = 831
Timeout, sequence number = 834
Timeout, sequence number = 854
Timeout, sequence number = 864
Timeout, sequence number = 831
Timeout, sequence number = 834
Timeout, sequence number = 872
Timeout, sequence number = 877
Timeout, sequence number = 887
[SR CLIENT] Sent data seq=900
[SR CLIENT] Received ACK seq=900
Timeout, sequence number = 896
Timeout, sequence number = 903
Timeout, sequence number = 908
Timeout, sequence number = 911
Timeout, sequence number = 955
Timeout, sequence number = 958
Timeout, sequence number = 896
[SR CLIENT] Sent data seq=1000
[SR CLIENT] Received ACK seq=1000
Timeout, sequence number = 966
Timeout, sequence number = 967
Timeout, sequence number = 968
Timeout, sequence number = 997
Timeout, sequence number = 1012
Timeout, sequence number = 1013
Timeout, sequence number = 1019
Timeout, sequence number = 1022
Timeout, sequence number = 1026
[SR CLIENT] Sent data seq=1100
[SR CLIENT] Received ACK seq=1100
Timeout, sequence number = 1038
Timeout, sequence number = 1044
Timeout, sequence number = 1051
Timeout, sequence number = 1052
Timeout, sequence number = 1055
Timeout, sequence number = 1078
Timeout, sequence number = 1080
Timeout, sequence number = 1088
Timeout, sequence number = 1051
Timeout, sequence number = 1078
Timeout, sequence number = 1119
Timeout, sequence number = 1122
Timeout, sequence number = 1136
Timeout, sequence number = 1175
Timeout, sequence number = 1179
[SR CLIENT] Sent data seq=1200
[SR CLIENT] Received ACK seq=1200
Timeout, sequence number = 1189
Timeout, sequence number = 1203
Timeout, sequence number = 1218
Timeout, sequence number = 1226
Timeout, sequence number = 1235
Timeout, sequence number = 1239
[SR CLIENT] Sent data seq=1300
[SR CLIENT] Received ACK seq=1300
Timeout, sequence number = 1256
Timeout, sequence number = 1268
Timeout, sequence number = 1295
Timeout, sequence number = 1332
Timeout, sequence number = 1334
Timeout, sequence number = 1347
Timeout, sequence number = 1357
Timeout, sequence number = 1372
Timeout, sequence number = 1379
Timeout, sequence number = 1386
Timeout, sequence number = 1392
Timeout, sequence number = 1334
[SR CLIENT] Sent data seq=1400
[SR CLIENT] Received ACK seq=1400
Timeout, sequence number = 1415
Timeout, sequence number = 1420
Timeout, sequence number = 1430
Timeout, sequence number = 1444
Timeout, sequence number = 1446
Timeout, sequence number = 1469
Timeout, sequence number = 1472
[SR CLIENT] Sent data seq=1500
Timeout, sequence number = 1444
Timeout, sequence number = 1482
Timeout, sequence number = 1486
Timeout, sequence number = 1498
Timeout, sequence number = 1500
Timeout, sequence number = 1503
Timeout, sequence number = 1504
[SR CLIENT] Received ACK seq=1500
Timeout, sequence number = 1504
Timeout, sequence number = 1545
Timeout, sequence number = 1557
[SR CLIENT] Sent data seq=1600
[SR CLIENT] Received ACK seq=1600
Timeout, sequence number = 1586
Timeout, sequence number = 1588
Timeout, sequence number = 1594
Timeout, sequence number = 1626
Timeout, sequence number = 1632
Timeout, sequence number = 1639
Timeout, sequence number = 1643
Timeout, sequence number = 1649
Timeout, sequence number = 1651
Timeout, sequence number = 1660
Timeout, sequence number = 1664
Timeout, sequence number = 1669
Timeout, sequence number = 1676
Timeout, sequence number = 1680
Timeout, sequence number = 1632
[SR CLIENT] Sent data seq=1700
[SR CLIENT] Received ACK seq=1700
Timeout, sequence number = 1676
Timeout, sequence number = 1699
Timeout, sequence number = 1708
Timeout, sequence number = 1709
Timeout, sequence number = 1719
Timeout, sequence number = 1722
Timeout, sequence number = 1725
Timeout, sequence number = 1739
Timeout, sequence number = 1746
Timeout, sequence number = 1722
Timeout, sequence number = 1764
Timeout, sequence number = 1766
Timeout, sequence number = 1769
Timeout, sequence number = 1773
[SR CLIENT] Sent data seq=1800
[SR CLIENT] Received ACK seq=1800
Timeout, sequence number = 1746
Timeout, sequence number = 1795
Timeout, sequence number = 1799
Timeout, sequence number = 1803
Timeout, sequence number = 1805
Timeout, sequence number = 1830
Timeout, sequence number = 1845
Timeout, sequence number = 1850
[SR CLIENT] Sent data seq=1900
[SR CLIENT] Received ACK seq=1900
Timeout, sequence number = 1874
Timeout, sequence number = 1884
Timeout, sequence number = 1888
Timeout, sequence number = 1891
Timeout, sequence number = 1902
Timeout, sequence number = 1914
Timeout, sequence number = 1923
Timeout, sequence number = 1924
Timeout, sequence number = 1925
Timeout, sequence number = 1930
[SR CLIENT] Sent data seq=2000
[SR CLIENT] Received ACK seq=2000
Timeout, sequence number = 1948
Timeout, sequence number = 1956
Timeout, sequence number = 1964
Timeout, sequence number = 1966
Timeout, sequence number = 1967
Timeout, sequence number = 1976
Timeout, sequence number = 1978
Timeout, sequence number = 2003
Timeout, sequence number = 2005
Timeout, sequence number = 1948
Timeout, sequence number = 1956
Timeout, sequence number = 2013
Timeout, sequence number = 2014
Timeout, sequence number = 2024
Timeout, sequence number = 2048
Timeout, sequence number = 2057
Timeout, sequence number = 2069
Timeout, sequence number = 2024
Timeout, sequence number = 2083
[SR CLIENT] Sent data seq=2100
[SR CLIENT] Received ACK seq=2100
Timeout, sequence number = 2088
Timeout, sequence number = 2090
Timeout, sequence number = 2092
Timeout, sequence number = 2094
Timeout, sequence number = 2110
Timeout, sequence number = 2113
Timeout, sequence number = 2119
Timeout, sequence number = 2123
Timeout, sequence number = 2146
[SR CLIENT] Sent data seq=2200
[SR CLIENT] Received ACK seq=2200
Timeout, sequence number = 2162
Timeout, sequence number = 2163
Timeout, sequence number = 2169
Timeout, sequence number = 2175
Timeout, sequence number = 2179
Timeout, sequence number = 2203
Timeout, sequence number = 2209
Timeout, sequence number = 2169
[SR CLIENT] Sent data seq=2300
[SR CLIENT] Received ACK seq=2300
Timeout, sequence number = 2237
Timeout, sequence number = 2239
Timeout, sequence number = 2247
Timeout, sequence number = 2256
Timeout, sequence number = 2268
Timeout, sequence number = 2284
Timeout, sequence number = 2294
Timeout, sequence number = 2296
Timeout, sequence number = 2296
Timeout, sequence number = 2342
Timeout, sequence number = 2349
[SR CLIENT] Sent data seq=2400
[SR CLIENT] Received ACK seq=2400
Timeout, sequence number = 2364
[SR CLIENT] Summary: sent_packets=2401, ack_packets=2401, retransmitted_packets=256, timeout_events=256
Transfer complete. Delay = 24.602858 seconds

=== STDERR ===
