=== STDOUT ===
[SR CLIENT] Starting transfer: server=10.153.27.102:7735, file=demo_input.bin, N=1, MSS=500, total_segments=2401
[SR CLIENT] Sent data seq=0
[SR CLIENT] Received ACK seq=0
[SR CLIENT] Sent data seq=1
[SR CLIENT] Received ACK seq=1
[SR CLIENT] Sent data seq=2
Timeout, sequence number = 2
[SR CLIENT] Received ACK seq=2
[SR CLIENT] Sent data seq=3
[SR CLIENT] Received ACK seq=3
[SR CLIENT] Sent data seq=4
Timeout, sequence number = 4
[SR CLIENT] Received ACK seq=4
Timeout, sequence number = 8
Timeout, sequence number = 66
Timeout, sequence number = 69
[SR CLIENT] Sent data seq=100
[SR CLIENT] Received ACK seq=100
Timeout, sequence number = 112
Timeout, sequence number = 133
Timeout, sequence number = 136
Timeout, sequence number = 139
Timeout, sequence number = 143
Timeout, sequence number = 177
[SR CLIENT] Sent data seq=200
[SR CLIENT] Received ACK seq=200
Timeout, sequence number = 220
Timeout, sequence number = 246
Timeout, sequence number = 266
Timeout, sequence number = 268
Timeout, sequence number = 275
Timeout, sequence number = 284
Timeout, sequence number = 294
[SR CLIENT] Sent data seq=300
[SR CLIENT] Received ACK seq=300
Timeout, sequence number = 351
Timeout, sequence number = 377
Timeout, sequence number = 385
Timeout, sequence number = 390
[SR CLIENT] Sent data seq=400
[SR CLIENT] Received ACK seq=400
Timeout, sequence number = 403
Timeout, sequence number = 406
Timeout, sequence number = 410
Timeout, sequence number = 448
Timeout, sequence number = 449
Timeout, sequence number = 478
Timeout, sequence number = 488
Timeout, sequence number = 489
Timeout, sequence number = 498
[SR CLIENT] Sent data seq=500
[SR CLIENT] Received ACK seq=500
Timeout, sequence number = 504
Timeout, sequence number = 521
Timeout, sequence number = 554
Timeout, sequence number = 565
Timeout, sequence number = 569
[SR CLIENT] Sent data seq=600
[SR CLIENT] Received ACK seq=600
Timeout, sequence number = 602
Timeout, sequence number = 635
Timeout, sequence number = 640
Timeout, sequence number = 666
Timeout, sequence number = 695
[SR CLIENT] Sent data seq=700
[SR CLIENT] Received ACK seq=700
Timeout, sequence number = 708
Timeout, sequence number = 758
Timeout, sequence number = 772
Timeout, sequence number = 775
Timeout, sequence number = 790
Timeout, sequence number = 799
[SR CLIENT] Sent data seq=800
[SR CLIENT] Received ACK seq=800
Timeout, sequence number = 807
Timeout, sequence number = 819
Timeout, sequence number = 819
Timeout, sequence number = 855
Timeout, sequence number = 875
Timeout, sequence number = 883
Timeout, sequence number = 885
Timeout, sequence number = 898
[SR CLIENT] Sent data seq=900
[SR CLIENT] Received ACK seq=900
Timeout, sequence number = 906
Timeout, sequence number = 924
Timeout, sequence number = 927
Timeout, sequence number = 940
Timeout, sequence number = 953
Timeout, sequence number = 962
Timeout, sequence number = 964
[SR CLIENT] Sent data seq=1000
[SR CLIENT] Received ACK seq=1000
Timeout, sequence number = 1003
Timeout, sequence number = 1038
Timeout, sequence number = 1043
Timeout, sequence number = 1050
Timeout, sequence number = 1062
Timeout, sequence number = 1079
Timeout, sequence number = 1089
[SR CLIENT] Sent data seq=1100
[SR CLIENT] Received ACK seq=1100
Timeout, sequence number = 1107
Timeout, sequence number = 1114
Timeout, sequence number = 1115
Timeout, sequence number = 1140
Timeout, sequence number = 1141
Timeout, sequence number = 1163
Timeout, sequence number = 1179
[SR CLIENT] Sent data seq=1200
[SR CLIENT] Received ACK seq=1200
Timeout, sequence number = 1227
Timeout, sequence number = 1232
Timeout, sequence number = 1247
Timeout, sequence number = 1249
Timeout, sequence number = 1257
Timeout, sequence number = 1289
[SR CLIENT] Sent data seq=1300
[SR CLIENT] Received ACK seq=1300
Timeout, sequence number = 1336
Timeout, sequence number = 1336
Timeout, sequence number = 1341
Timeout, sequence number = 1349
Timeout, sequence number = 1393
Timeout, sequence number = 1398
[SR CLIENT] Sent data seq=1400
[SR CLIENT] Received ACK seq=1400
Timeout, sequence number = 1406
Timeout, sequence number = 1411
Timeout, sequence number = 1412
Timeout, sequence number = 1496
[SR CLIENT] Sent data seq=1500
[SR CLIENT] Received ACK seq=1500
Timeout, sequence number = 1505
Timeout, sequence number = 1521
Timeout, sequence number = 1524
Timeout, sequence number = 1558
[SR CLIENT] Sent data seq=1600
[SR CLIENT] Received ACK seq=1600
Timeout, sequence number = 1624
Timeout, sequence number = 1627
Timeout, sequence number = 1640
Timeout, sequence number = 1664
Timeout, sequence number = 1675
Timeout, sequence number = 1687
[SR CLIENT] Sent data seq=1700
[SR CLIENT] Received ACK seq=1700
Timeout, sequence number = 1708
Timeout, sequence number = 1722
Timeout, sequence number = 1734
Timeout, sequence number = 1756
Timeout, sequence number = 1770
Timeout, sequence number = 1771
Timeout, sequence number = 1772
Timeout, sequence number = 1786
Timeout, sequence number = 1793
[SR CLIENT] Sent data seq=1800
[SR CLIENT] Received ACK seq=1800
Timeout, sequence number = 1808
Timeout, sequence number = 1825
Timeout, sequence number = 1848
[SR CLIENT] Sent data seq=1900
[SR CLIENT] Received ACK seq=1900
Timeout, sequence number = 1938
Timeout, sequence number = 1956
Timeout, sequence number = 1960
[SR CLIENT] Sent data seq=2000
[SR CLIENT] Received ACK seq=2000
Timeout, sequence number = 2005
Timeout, sequence number = 2007
Timeout, sequence number = 2013
Timeout, sequence number = 2018
Timeout, sequence number = 2027
Timeout, sequence number = 2031
Timeout, sequence number = 2035
Timeout, sequence number = 2038
Timeout, sequence number = 2069
Timeout, sequence number = 2071
[SR CLIENT] Sent data seq=2100
[SR CLIENT] Received ACK seq=2100
Timeout, sequence number = 2108
Timeout, sequence number = 2111
Timeout, sequence number = 2111
Timeout, sequence number = 2121
Timeout, sequence number = 2121
Timeout, sequence number = 2142
Timeout, sequence number = 2152
Timeout, sequence number = 2165
Timeout, sequence number = 2175
Timeout, sequence number = 2178
Timeout, sequence number = 2190
Timeout, sequence number = 2193
Timeout, sequence number = 2197
[SR CLIENT] Sent data seq=2200
[SR CLIENT] Received ACK seq=2200
Timeout, sequence number = 2206
Timeout, sequence number = 2206
Timeout, sequence number = 2207
Timeout, sequence number = 2207
Timeout, sequence number = 2207
Timeout, sequence number = 2224
Timeout, sequence number = 2271
Timeout, sequence number = 2272
Timeout, sequence number = 2275
Timeout, sequence number = 2285
Timeout, sequence number = 2286
Timeout, sequence number = 2286
Timeout, sequence number = 2286
Timeout, sequence number = 2286
Timeout, sequence number = 2286
Timeout, sequence number = 2286
Timeout, sequence number = 2288
[SR CLIENT] Sent data seq=2300
[SR CLIENT] Received ACK seq=2300
Timeout, sequence number = 2320
Timeout, sequence number = 2345
Timeout, sequence number = 2345
Timeout, sequence number = 2354
Timeout, sequence number = 2361
Timeout, sequence number = 2377
Timeout, sequence number = 2389
[SR CLIENT] Sent data seq=2400
[SR CLIENT] Received ACK seq=2400
[SR CLIENT] Summary: sent_packets=2401, ack_packets=2401, retransmitted_packets=164, timeout_events=164
Transfer complete. Delay = 151.040940 seconds

=== STDERR ===
