=== STDOUT ===
[SR CLIENT] Starting transfer: server=10.153.27.102:7735, file=demo_input.bin, N=8, MSS=500, total_segments=2401
[SR CLIENT] Sent data seq=0
[SR CLIENT] Sent data seq=1
[SR CLIENT] Sent data seq=2
[SR CLIENT] Sent data seq=3
[SR CLIENT] Sent data seq=4
[SR CLIENT] Received ACK seq=0
[SR CLIENT] Received ACK seq=1
[SR CLIENT] Received ACK seq=2
[SR CLIENT] Received ACK seq=3
[SR CLIENT] Received ACK seq=4
Timeout, sequence number = 10
Timeout, sequence number = 24
Timeout, sequence number = 36
Timeout, sequence number = 59
[SR CLIENT] Sent data seq=100
[SR CLIENT] Received ACK seq=100
Timeout, sequence number = 99
Timeout, sequence number = 125
Timeout, sequence number = 135
Timeout, sequence number = 143
Timeout, sequence number = 176
Timeout, sequence number = 178
Timeout, sequence number = 181
Timeout, sequence number = 192
[SR CLIENT] Sent data seq=200
[SR CLIENT] Received ACK seq=200
Timeout, sequence number = 268
[SR CLIENT] Sent data seq=300
[SR CLIENT] Received ACK seq=300
Timeout, sequence number = 346
Timeout, sequence number = 353
Timeout, sequence number = 361
[SR CLIENT] Sent data seq=400
[SR CLIENT] Received ACK seq=400
Timeout, sequence number = 397
Timeout, sequence number = 406
Timeout, sequence number = 423
Timeout, sequence number = 430
Timeout, sequence number = 430
Timeout, sequence number = 452
Timeout, sequence number = 462
Timeout, sequence number = 466
Timeout, sequence number = 468
Timeout, sequence number = 476
Timeout, sequence number = 477
Timeout, sequence number = 478
Timeout, sequence number = 485
Timeout, sequence number = 487
[SR CLIENT] Sent data seq=500
[SR CLIENT] Received ACK seq=500
Timeout, sequence number = 494
Timeout, sequence number = 509
Timeout, sequence number = 518
Timeout, sequence number = 563
Timeout, sequence number = 583
Timeout, sequence number = 584
Timeout, sequence number = 590
Timeout, sequence number = 591
[SR CLIENT] Sent data seq=600
[SR CLIENT] Received ACK seq=600
Timeout, sequence number = 601
Timeout, sequence number = 617
Timeout, sequence number = 618
Timeout, sequence number = 633
Timeout, sequence number = 643
Timeout, sequence number = 675
Timeout, sequence number = 676
Timeout, sequence number = 677
Timeout, sequence number = 678
Timeout, sequence number = 679
Timeout, sequence number = 680
Timeout, sequence number = 681
Timeout, sequence number = 682
Timeout, sequence number = 683
Timeout, sequence number = 684
Timeout, sequence number = 685
Timeout, sequence number = 686
Timeout, sequence number = 687
Timeout, sequence number = 688
Timeout, sequence number = 689
Timeout, sequence number = 690
Timeout, sequence number = 688
Timeout, sequence number = 691
[SR CLIENT] Sent data seq=700
[SR CLIENT] Received ACK seq=700
Timeout, sequence number = 698
Timeout, sequence number = 706
Timeout, sequence number = 707
Timeout, sequence number = 765
[SR CLIENT] Sent data seq=800
[SR CLIENT] Received ACK seq=800
Timeout, sequence number = 802
Timeout, sequence number = 838
Timeout, sequence number = 856
Timeout, sequence number = 879
Timeout, sequence number = 884
[SR CLIENT] Sent data seq=900
[SR CLIENT] Received ACK seq=900
Timeout, sequence number = 894
Timeout, sequence number = 897
Timeout, sequence number = 905
Timeout, sequence number = 906
Timeout, sequence number = 967
Timeout, sequence number = 990
[SR CLIENT] Sent data seq=1000
[SR CLIENT] Received ACK seq=1000
Timeout, sequence number = 1082
[SR CLIENT] Sent data seq=1100
[SR CLIENT] Received ACK seq=1100
Timeout, sequence number = 1096
Timeout, sequence number = 1160
Timeout, sequence number = 1161
Timeout, sequence number = 1162
Timeout, sequence number = 1164
Timeout, sequence number = 1165
Timeout, sequence number = 1166
Timeout, sequence number = 1167
Timeout, sequence number = 1185
[SR CLIENT] Sent data seq=1200
[SR CLIENT] Received ACK seq=1200
Timeout, sequence number = 1202
Timeout, sequence number = 1236
Timeout, sequence number = 1249
Timeout, sequence number = 1250
[SR CLIENT] Sent data seq=1300
[SR CLIENT] Received ACK seq=1300
Timeout, sequence number = 1338
Timeout, sequence number = 1346
Timeout, sequence number = 1362
Timeout, sequence number = 1363
Timeout, sequence number = 1364
Timeout, sequence number = 1365
Timeout, sequence number = 1366
Timeout, sequence number = 1367
Timeout, sequence number = 1368
Timeout, sequence number = 1369
Timeout, sequence number = 1370
Timeout, sequence number = 1371
Timeout, sequence number = 1372
Timeout, sequence number = 1373
Timeout, sequence number = 1374
Timeout, sequence number = 1375
Timeout, sequence number = 1376
Timeout, sequence number = 1377
[SR CLIENT] Sent data seq=1400
[SR CLIENT] Received ACK seq=1400
Timeout, sequence number = 1443
Timeout, sequence number = 1448
Timeout, sequence number = 1477
Timeout, sequence number = 1489
[SR CLIENT] Sent data seq=1500
[SR CLIENT] Received ACK seq=1500
Timeout, sequence number = 1498
Timeout, sequence number = 1520
Timeout, sequence number = 1521
Timeout, sequence number = 1525
Timeout, sequence number = 1529
Timeout, sequence number = 1555
[SR CLIENT] Sent data seq=1600
[SR CLIENT] Received ACK seq=1600
Timeout, sequence number = 1608
Timeout, sequence number = 1611
Timeout, sequence number = 1628
Timeout, sequence number = 1650
Timeout, sequence number = 1653
[SR CLIENT] Sent data seq=1700
[SR CLIENT] Received ACK seq=1700
Timeout, sequence number = 1702
Timeout, sequence number = 1703
Timeout, sequence number = 1716
Timeout, sequence number = 1721
Timeout, sequence number = 1722
Timeout, sequence number = 1723
Timeout, sequence number = 1740
Timeout, sequence number = 1743
Timeout, sequence number = 1740
Timeout, sequence number = 1743
Timeout, sequence number = 1758
Timeout, sequence number = 1763
Timeout, sequence number = 1763
Timeout, sequence number = 1766
Timeout, sequence number = 1763
Timeout, sequence number = 1766
Timeout, sequence number = 1763
Timeout, sequence number = 1766
Timeout, sequence number = 1763
Timeout, sequence number = 1766
Timeout, sequence number = 1771
Timeout, sequence number = 1772
Timeout, sequence number = 1773
Timeout, sequence number = 1774
Timeout, sequence number = 1775
Timeout, sequence number = 1776
Timeout, sequence number = 1777
Timeout, sequence number = 1778
Timeout, sequence number = 1777
Timeout, sequence number = 1779
Timeout, sequence number = 1780
Timeout, sequence number = 1781
Timeout, sequence number = 1782
Timeout, sequence number = 1783
Timeout, sequence number = 1784
Timeout, sequence number = 1779
Timeout, sequence number = 1780
Timeout, sequence number = 1781
Timeout, sequence number = 1782
Timeout, sequence number = 1783
Timeout, sequence number = 1784
Timeout, sequence number = 1785
Timeout, sequence number = 1786
Timeout, sequence number = 1781
Timeout, sequence number = 1785
Timeout, sequence number = 1786
Timeout, sequence number = 1787
Timeout, sequence number = 1788
Timeout, sequence number = 1785
Timeout, sequence number = 1786
Timeout, sequence number = 1787
Timeout, sequence number = 1788
Timeout, sequence number = 1789
Timeout, sequence number = 1790
Timeout, sequence number = 1791
Timeout, sequence number = 1792
Timeout, sequence number = 1787
Timeout, sequence number = 1788
Timeout, sequence number = 1793
Timeout, sequence number = 1794
[SR CLIENT] Sent data seq=1800
Timeout, sequence number = 1793
Timeout, sequence number = 1794
Timeout, sequence number = 1795
Timeout, sequence number = 1796
Timeout, sequence number = 1797
Timeout, sequence number = 1798
Timeout, sequence number = 1799
Timeout, sequence number = 1800
Timeout, sequence number = 1795
Timeout, sequence number = 1796
Timeout, sequence number = 1797
Timeout, sequence number = 1798
Timeout, sequence number = 1799
Timeout, sequence number = 1800
Timeout, sequence number = 1801
Timeout, sequence number = 1802
Timeout, sequence number = 1795
Timeout, sequence number = 1796
Timeout, sequence number = 1797
Timeout, sequence number = 1798
Timeout, sequence number = 1799
Timeout, sequence number = 1800
Timeout, sequence number = 1801
Timeout, sequence number = 1802
Timeout, sequence number = 1795
Timeout, sequence number = 1796
Timeout, sequence number = 1797
Timeout, sequence number = 1798
Timeout, sequence number = 1799
Timeout, sequence number = 1800
[SR CLIENT] Received ACK seq=1800
Timeout, sequence number = 1823
Timeout, sequence number = 1831
Timeout, sequence number = 1832
Timeout, sequence number = 1833
Timeout, sequence number = 1834
Timeout, sequence number = 1835
Timeout, sequence number = 1836
Timeout, sequence number = 1837
Timeout, sequence number = 1838
Timeout, sequence number = 1834
Timeout, sequence number = 1836
Timeout, sequence number = 1862
Timeout, sequence number = 1867
Timeout, sequence number = 1886
[SR CLIENT] Sent data seq=1900
[SR CLIENT] Received ACK seq=1900
Timeout, sequence number = 1901
Timeout, sequence number = 1925
Timeout, sequence number = 1926
Timeout, sequence number = 1927
Timeout, sequence number = 1928
Timeout, sequence number = 1929
Timeout, sequence number = 1930
Timeout, sequence number = 1931
Timeout, sequence number = 1932
Timeout, sequence number = 1948
Timeout, sequence number = 1954
Timeout, sequence number = 1961
[SR CLIENT] Sent data seq=2000
[SR CLIENT] Received ACK seq=2000
Timeout, sequence number = 2029
Timeout, sequence number = 2030
Timeout, sequence number = 2054
Timeout, sequence number = 2076
Timeout, sequence number = 2082
[SR CLIENT] Sent data seq=2100
[SR CLIENT] Received ACK seq=2100
Timeout, sequence number = 2135
[SR CLIENT] Sent data seq=2200
[SR CLIENT] Received ACK seq=2200
Timeout, sequence number = 2207
Timeout, sequence number = 2208
Timeout, sequence number = 2210
Timeout, sequence number = 2211
Timeout, sequence number = 2217
Timeout, sequence number = 2220
Timeout, sequence number = 2224
Timeout, sequence number = 2228
Timeout, sequence number = 2234
Timeout, sequence number = 2242
Timeout, sequence number = 2243
Timeout, sequence number = 2249
Timeout, sequence number = 2243
[SR CLIENT] Sent data seq=2300
[SR CLIENT] Received ACK seq=2300
Timeout, sequence number = 2307
Timeout, sequence number = 2309
Timeout, sequence number = 2318
Timeout, sequence number = 2349
Timeout, sequence number = 2356
Timeout, sequence number = 2359
Timeout, sequence number = 2377
[SR CLIENT] Sent data seq=2400
[SR CLIENT] Received ACK seq=2400
[SR CLIENT] Summary: sent_packets=2401, ack_packets=2401, retransmitted_packets=265, timeout_events=265
Transfer complete. Delay = 89.703286 seconds

=== STDERR ===
