=== STDOUT ===
[SR CLIENT] Starting transfer: server=10.153.27.102:7735, file=demo_input.bin, N=64, MSS=500, total_segments=2401
[SR CLIENT] Sent data seq=0
[SR CLIENT] Sent data seq=1
[SR CLIENT] Sent data seq=2
[SR CLIENT] Sent data seq=3
[SR CLIENT] Sent data seq=4
[SR CLIENT] Received ACK seq=2
[SR CLIENT] Received ACK seq=0
[SR CLIENT] Received ACK seq=1
[SR CLIENT] Received ACK seq=3
[SR CLIENT] Received ACK seq=4
Timeout, sequence number = 18
Timeout, sequence number = 21
Timeout, sequence number = 28
Timeout, sequence number = 31
Timeout, sequence number = 36
Timeout, sequence number = 56
Timeout, sequence number = 74
Timeout, sequence number = 31
[SR CLIENT] Sent data seq=100
[SR CLIENT] Received ACK seq=100
Timeout, sequence number = 97
Timeout, sequence number = 105
Timeout, sequence number = 122
Timeout, sequence number = 141
Timeout, sequence number = 148
Timeout, sequence number = 152
[SR CLIENT] Sent data seq=200
[SR CLIENT] Received ACK seq=200
Timeout, sequence number = 166
Timeout, sequence number = 168
Timeout, sequence number = 175
Timeout, sequence number = 191
Timeout, sequence number = 199
Timeout, sequence number = 207
Timeout, sequence number = 219
Timeout, sequence number = 199
Timeout, sequence number = 207
Timeout, sequence number = 245
[SR CLIENT] Sent data seq=300
[SR CLIENT] Received ACK seq=300
Timeout, sequence number = 280
[SR CLIENT] Sent data seq=400
Timeout, sequence number = 338
Timeout, sequence number = 353
Timeout, sequence number = 356
Timeout, sequence number = 393
Timeout, sequence number = 400
[SR CLIENT] Received ACK seq=400
Timeout, sequence number = 413
[SR CLIENT] Sent data seq=500
[SR CLIENT] Received ACK seq=500
Timeout, sequence number = 443
Timeout, sequence number = 448
Timeout, sequence number = 456
Timeout, sequence number = 461
Timeout, sequence number = 482
Timeout, sequence number = 496
Timeout, sequence number = 448
Timeout, sequence number = 482
Timeout, sequence number = 536
[SR CLIENT] Sent data seq=600
Timeout, sequence number = 552
Timeout, sequence number = 564
Timeout, sequence number = 574
Timeout, sequence number = 596
[SR CLIENT] Received ACK seq=600
Timeout, sequence number = 613
Timeout, sequence number = 614
Timeout, sequence number = 627
Timeout, sequence number = 651
Timeout, sequence number = 661
[SR CLIENT] Sent data seq=700
[SR CLIENT] Received ACK seq=700
Timeout, sequence number = 680
Timeout, sequence number = 691
Timeout, sequence number = 692
Timeout, sequence number = 708
Timeout, sequence number = 738
[SR CLIENT] Sent data seq=800
[SR CLIENT] Received ACK seq=800
Timeout, sequence number = 762
Timeout, sequence number = 770
Timeout, sequence number = 801
Timeout, sequence number = 827
Timeout, sequence number = 834
Timeout, sequence number = 838
Timeout, sequence number = 846
Timeout, sequence number = 869
Timeout, sequence number = 880
[SR CLIENT] Sent data seq=900
[SR CLIENT] Received ACK seq=900
Timeout, sequence number = 913
Timeout, sequence number = 923
Timeout, sequence number = 929
[SR CLIENT] Sent data seq=1000
[SR CLIENT] Received ACK seq=1000
Timeout, sequence number = 996
Timeout, sequence number = 999
Timeout, sequence number = 1007
Timeout, sequence number = 1024
Timeout, sequence number = 1026
Timeout, sequence number = 1055
[SR CLIENT] Sent data seq=1100
[SR CLIENT] Received ACK seq=1100
Timeout, sequence number = 1063
Timeout, sequence number = 1075
Timeout, sequence number = 1079
Timeout, sequence number = 1127
Timeout, sequence number = 1129
Timeout, sequence number = 1147
Timeout, sequence number = 1148
Timeout, sequence number = 1162
Timeout, sequence number = 1163
Timeout, sequence number = 1164
Timeout, sequence number = 1174
Timeout, sequence number = 1176
Timeout, sequence number = 1186
Timeout, sequence number = 1129
[SR CLIENT] Sent data seq=1200
[SR CLIENT] Received ACK seq=1200
Timeout, sequence number = 1194
Timeout, sequence number = 1217
Timeout, sequence number = 1229
Timeout, sequence number = 1247
Timeout, sequence number = 1248
[SR CLIENT] Sent data seq=1300
[SR CLIENT] Received ACK seq=1300
Timeout, sequence number = 1261
Timeout, sequence number = 1285
[SR CLIENT] Sent data seq=1400
[SR CLIENT] Received ACK seq=1400
Timeout, sequence number = 1342
Timeout, sequence number = 1346
Timeout, sequence number = 1377
Timeout, sequence number = 1398
Timeout, sequence number = 1435
Timeout, sequence number = 1469
[SR CLIENT] Sent data seq=1500
Timeout, sequence number = 1483
Timeout, sequence number = 1490
[SR CLIENT] Received ACK seq=1500
Timeout, sequence number = 1495
Timeout, sequence number = 1507
Timeout, sequence number = 1528
Timeout, sequence number = 1546
[SR CLIENT] Sent data seq=1600
[SR CLIENT] Received ACK seq=1600
Timeout, sequence number = 1565
Timeout, sequence number = 1588
Timeout, sequence number = 1592
Timeout, sequence number = 1617
Timeout, sequence number = 1624
Timeout, sequence number = 1565
Timeout, sequence number = 1632
Timeout, sequence number = 1637
Timeout, sequence number = 1658
Timeout, sequence number = 1671
[SR CLIENT] Sent data seq=1700
[SR CLIENT] Received ACK seq=1700
Timeout, sequence number = 1708
Timeout, sequence number = 1717
Timeout, sequence number = 1726
Timeout, sequence number = 1731
Timeout, sequence number = 1742
Timeout, sequence number = 1745
Timeout, sequence number = 1750
Timeout, sequence number = 1757
Timeout, sequence number = 1761
Timeout, sequence number = 1763
Timeout, sequence number = 1765
Timeout, sequence number = 1717
[SR CLIENT] Sent data seq=1800
[SR CLIENT] Received ACK seq=1800
Timeout, sequence number = 1788
[SR CLIENT] Sent data seq=1900
[SR CLIENT] Received ACK seq=1900
Timeout, sequence number = 1913
[SR CLIENT] Sent data seq=2000
Timeout, sequence number = 1943
Timeout, sequence number = 1964
[SR CLIENT] Received ACK seq=2000
Timeout, sequence number = 1986
Timeout, sequence number = 2025
Timeout, sequence number = 2026
Timeout, sequence number = 2034
[SR CLIENT] Sent data seq=2100
[SR CLIENT] Received ACK seq=2100
Timeout, sequence number = 2059
Timeout, sequence number = 2065
Timeout, sequence number = 2117
Timeout, sequence number = 2122
[SR CLIENT] Sent data seq=2200
[SR CLIENT] Received ACK seq=2200
Timeout, sequence number = 2142
Timeout, sequence number = 2155
Timeout, sequence number = 2184
Timeout, sequence number = 2199
[SR CLIENT] Sent data seq=2300
[SR CLIENT] Received ACK seq=2300
Timeout, sequence number = 2245
Timeout, sequence number = 2269
Timeout, sequence number = 2305
Timeout, sequence number = 2322
Timeout, sequence number = 2323
Timeout, sequence number = 2326
Timeout, sequence number = 2341
Timeout, sequence number = 2342
Timeout, sequence number = 2362
Timeout, sequence number = 2381
Timeout, sequence number = 2326
[SR CLIENT] Sent data seq=2400
[SR CLIENT] Received ACK seq=2400
[SR CLIENT] Summary: sent_packets=2401, ack_packets=2401, retransmitted_packets=154, timeout_events=154
Transfer complete. Delay = 19.612439 seconds

=== STDERR ===
