=== STDOUT ===
[SR CLIENT] Starting transfer: server=10.153.27.102:7735, file=demo_input.bin, N=64, MSS=800, total_segments=1501
[SR CLIENT] Sent data seq=0
[SR CLIENT] Sent data seq=1
[SR CLIENT] Sent data seq=2
[SR CLIENT] Sent data seq=3
[SR CLIENT] Sent data seq=4
[SR CLIENT] Received ACK seq=0
[SR CLIENT] Received ACK seq=1
[SR CLIENT] Received ACK seq=2
[SR CLIENT] Received ACK seq=3
Timeout, sequence number = 4
Timeout, sequence number = 50
Timeout, sequence number = 57
[SR CLIENT] Received ACK seq=4
[SR CLIENT] Sent data seq=100
[SR CLIENT] Received ACK seq=100
Timeout, sequence number = 101
Timeout, sequence number = 102
Timeout, sequence number = 122
Timeout, sequence number = 127
Timeout, sequence number = 136
Timeout, sequence number = 158
Timeout, sequence number = 159
[SR CLIENT] Sent data seq=200
[SR CLIENT] Received ACK seq=200
Timeout, sequence number = 170
Timeout, sequence number = 224
[SR CLIENT] Sent data seq=300
[SR CLIENT] Received ACK seq=300
Timeout, sequence number = 291
Timeout, sequence number = 299
Timeout, sequence number = 318
Timeout, sequence number = 351
[SR CLIENT] Sent data seq=400
Timeout, sequence number = 352
[SR CLIENT] Received ACK seq=400
Timeout, sequence number = 370
Timeout, sequence number = 378
Timeout, sequence number = 398
Timeout, sequence number = 430
[SR CLIENT] Sent data seq=500
[SR CLIENT] Received ACK seq=500
Timeout, sequence number = 505
Timeout, sequence number = 521
Timeout, sequence number = 527
Timeout, sequence number = 550
[SR CLIENT] Sent data seq=600
Timeout, sequence number = 593
Timeout, sequence number = 596
Timeout, sequence number = 598
Timeout, sequence number = 600
Timeout, sequence number = 611
[SR CLIENT] Received ACK seq=600
Timeout, sequence number = 630
Timeout, sequence number = 655
[SR CLIENT] Sent data seq=700
[SR CLIENT] Received ACK seq=700
Timeout, sequence number = 676
Timeout, sequence number = 712
[SR CLIENT] Sent data seq=800
[SR CLIENT] Received ACK seq=800
Timeout, sequence number = 750
Timeout, sequence number = 751
Timeout, sequence number = 766
Timeout, sequence number = 786
Timeout, sequence number = 798
Timeout, sequence number = 812
Timeout, sequence number = 766
Timeout, sequence number = 830
Timeout, sequence number = 832
Timeout, sequence number = 893
[SR CLIENT] Sent data seq=900
[SR CLIENT] Received ACK seq=900
Timeout, sequence number = 908
Timeout, sequence number = 924
Timeout, sequence number = 932
Timeout, sequence number = 962
[SR CLIENT] Sent data seq=1000
[SR CLIENT] Received ACK seq=1000
Timeout, sequence number = 985
Timeout, sequence number = 1035
Timeout, sequence number = 1043
Timeout, sequence number = 1048
[SR CLIENT] Sent data seq=1100
Timeout, sequence number = 1092
Timeout, sequence number = 1100
Timeout, sequence number = 1131
Timeout, sequence number = 1144
[SR CLIENT] Received ACK seq=1100
[SR CLIENT] Sent data seq=1200
[SR CLIENT] Received ACK seq=1200
Timeout, sequence number = 1160
Timeout, sequence number = 1198
Timeout, sequence number = 1160
[SR CLIENT] Sent data seq=1300
[SR CLIENT] Received ACK seq=1300
Timeout, sequence number = 1273
Timeout, sequence number = 1278
Timeout, sequence number = 1280
Timeout, sequence number = 1285
Timeout, sequence number = 1332
[SR CLIENT] Sent data seq=1400
[SR CLIENT] Received ACK seq=1400
Timeout, sequence number = 1351
Timeout, sequence number = 1368
Timeout, sequence number = 1375
Timeout, sequence number = 1383
Timeout, sequence number = 1421
Timeout, sequence number = 1433
Timeout, sequence number = 1472
[SR CLIENT] Sent data seq=1500
Timeout, sequence number = 1500
[SR CLIENT] Received ACK seq=1500
[SR CLIENT] Summary: sent_packets=1501, ack_packets=1501, retransmitted_packets=72, timeout_events=72
Transfer complete. Delay = 10.867648 seconds

=== STDERR ===
