=== STDOUT ===
[SR CLIENT] Starting transfer: server=10.153.27.102:7735, file=demo_input.bin, N=8, MSS=500, total_segments=2401
[SR CLIENT] Sent data seq=0
[SR CLIENT] Sent data seq=1
[SR CLIENT] Sent data seq=2
[SR CLIENT] Sent data seq=3
[SR CLIENT] Sent data seq=4
[SR CLIENT] Received ACK seq=0
[SR CLIENT] Received ACK seq=3
[SR CLIENT] Received ACK seq=4
Timeout, sequence number = 1
Timeout, sequence number = 2
[SR CLIENT] Received ACK seq=1
[SR CLIENT] Received ACK seq=2
Timeout, sequence number = 20
Timeout, sequence number = 26
Timeout, sequence number = 40
Timeout, sequence number = 77
Timeout, sequence number = 81
Timeout, sequence number = 84
Timeout, sequence number = 89
[SR CLIENT] Sent data seq=100
[SR CLIENT] Received ACK seq=100
Timeout, sequence number = 103
Timeout, sequence number = 104
Timeout, sequence number = 103
Timeout, sequence number = 104
Timeout, sequence number = 191
Timeout, sequence number = 193
Timeout, sequence number = 198
[SR CLIENT] Sent data seq=200
[SR CLIENT] Received ACK seq=200
Timeout, sequence number = 205
Timeout, sequence number = 236
Timeout, sequence number = 238
Timeout, sequence number = 267
[SR CLIENT] Sent data seq=300
[SR CLIENT] Received ACK seq=300
Timeout, sequence number = 293
Timeout, sequence number = 312
Timeout, sequence number = 325
Timeout, sequence number = 331
Timeout, sequence number = 346
Timeout, sequence number = 375
Timeout, sequence number = 377
[SR CLIENT] Sent data seq=400
Timeout, sequence number = 400
[SR CLIENT] Received ACK seq=400
Timeout, sequence number = 414
Timeout, sequence number = 474
[SR CLIENT] Sent data seq=500
[SR CLIENT] Received ACK seq=500
Timeout, sequence number = 493
Timeout, sequence number = 512
Timeout, sequence number = 527
Timeout, sequence number = 558
Timeout, sequence number = 575
Timeout, sequence number = 580
[SR CLIENT] Sent data seq=600
[SR CLIENT] Received ACK seq=600
Timeout, sequence number = 599
Timeout, sequence number = 625
Timeout, sequence number = 649
Timeout, sequence number = 677
Timeout, sequence number = 684
Timeout, sequence number = 684
Timeout, sequence number = 687
Timeout, sequence number = 688
Timeout, sequence number = 684
[SR CLIENT] Sent data seq=700
[SR CLIENT] Received ACK seq=700
Timeout, sequence number = 723
Timeout, sequence number = 723
Timeout, sequence number = 738
Timeout, sequence number = 769
Timeout, sequence number = 772
Timeout, sequence number = 785
[SR CLIENT] Sent data seq=800
[SR CLIENT] Received ACK seq=800
Timeout, sequence number = 815
Timeout, sequence number = 821
Timeout, sequence number = 842
Timeout, sequence number = 855
Timeout, sequence number = 863
Timeout, sequence number = 871
[SR CLIENT] Sent data seq=900
[SR CLIENT] Received ACK seq=900
Timeout, sequence number = 919
Timeout, sequence number = 938
Timeout, sequence number = 938
Timeout, sequence number = 949
Timeout, sequence number = 956
Timeout, sequence number = 961
Timeout, sequence number = 968
[SR CLIENT] Sent data seq=1000
[SR CLIENT] Received ACK seq=1000
Timeout, sequence number = 994
Timeout, sequence number = 1001
Timeout, sequence number = 1018
Timeout, sequence number = 1022
Timeout, sequence number = 1025
Timeout, sequence number = 1046
Timeout, sequence number = 1055
Timeout, sequence number = 1071
Timeout, sequence number = 1084
[SR CLIENT] Sent data seq=1100
[SR CLIENT] Received ACK seq=1100
Timeout, sequence number = 1099
Timeout, sequence number = 1104
Timeout, sequence number = 1110
Timeout, sequence number = 1114
Timeout, sequence number = 1131
Timeout, sequence number = 1173
[SR CLIENT] Sent data seq=1200
[SR CLIENT] Received ACK seq=1200
Timeout, sequence number = 1209
Timeout, sequence number = 1211
Timeout, sequence number = 1224
Timeout, sequence number = 1233
Timeout, sequence number = 1237
Timeout, sequence number = 1255
Timeout, sequence number = 1270
Timeout, sequence number = 1277
Timeout, sequence number = 1280
[SR CLIENT] Sent data seq=1300
[SR CLIENT] Received ACK seq=1300
Timeout, sequence number = 1310
Timeout, sequence number = 1313
Timeout, sequence number = 1314
Timeout, sequence number = 1340
[SR CLIENT] Sent data seq=1400
[SR CLIENT] Received ACK seq=1400
Timeout, sequence number = 1393
Timeout, sequence number = 1397
Timeout, sequence number = 1441
Timeout, sequence number = 1447
[SR CLIENT] Sent data seq=1500
[SR CLIENT] Received ACK seq=1500
Timeout, sequence number = 1567
Timeout, sequence number = 1575
[SR CLIENT] Sent data seq=1600
[SR CLIENT] Received ACK seq=1600
Timeout, sequence number = 1603
Timeout, sequence number = 1604
Timeout, sequence number = 1613
Timeout, sequence number = 1622
Timeout, sequence number = 1648
Timeout, sequence number = 1661
Timeout, sequence number = 1667
[SR CLIENT] Sent data seq=1700
[SR CLIENT] Received ACK seq=1700
Timeout, sequence number = 1699
Timeout, sequence number = 1719
Timeout, sequence number = 1752
Timeout, sequence number = 1771
Timeout, sequence number = 1781
Timeout, sequence number = 1786
[SR CLIENT] Sent data seq=1800
[SR CLIENT] Received ACK seq=1800
Timeout, sequence number = 1821
Timeout, sequence number = 1826
Timeout, sequence number = 1857
Timeout, sequence number = 1859
[SR CLIENT] Sent data seq=1900
[SR CLIENT] Received ACK seq=1900
Timeout, sequence number = 1896
Timeout, sequence number = 1958
Timeout, sequence number = 1963
Timeout, sequence number = 1963
Timeout, sequence number = 1967
Timeout, sequence number = 1971
Timeout, sequence number = 1990
Timeout, sequence number = 1994
[SR CLIENT] Sent data seq=2000
[SR CLIENT] Received ACK seq=2000
Timeout, sequence number = 2009
Timeout, sequence number = 2016
Timeout, sequence number = 2009
Timeout, sequence number = 2023
Timeout, sequence number = 2035
Timeout, sequence number = 2080
Timeout, sequence number = 2086
[SR CLIENT] Sent data seq=2100
[SR CLIENT] Received ACK seq=2100
Timeout, sequence number = 2129
Timeout, sequence number = 2136
Timeout, sequence number = 2157
Timeout, sequence number = 2158
Timeout, sequence number = 2162
Timeout, sequence number = 2191
Timeout, sequence number = 2193
Timeout, sequence number = 2195
Timeout, sequence number = 2197
[SR CLIENT] Sent data seq=2200
[SR CLIENT] Received ACK seq=2200
Timeout, sequence number = 2207
Timeout, sequence number = 2218
Timeout, sequence number = 2223
Timeout, sequence number = 2225
Timeout, sequence number = 2240
Timeout, sequence number = 2253
Timeout, sequence number = 2264
Timeout, sequence number = 2281
Timeout, sequence number = 2290
[SR CLIENT] Sent data seq=2300
[SR CLIENT] Received ACK seq=2300
Timeout, sequence number = 2320
Timeout, sequence number = 2345
Timeout, sequence number = 2360
Timeout, sequence number = 2380
Timeout, sequence number = 2382
Timeout, sequence number = 2389
Timeout, sequence number = 2393
[SR CLIENT] Sent data seq=2400
[SR CLIENT] Received ACK seq=2400
[SR CLIENT] Summary: sent_packets=2401, ack_packets=2401, retransmitted_packets=155, timeout_events=155
Transfer complete. Delay = 62.176516 seconds

=== STDERR ===
