=== STDOUT ===
[SR CLIENT] Starting transfer: server=10.153.27.102:7735, file=demo_input.bin, N=64, MSS=500, total_segments=2401
[SR CLIENT] Sent data seq=0
[SR CLIENT] Sent data seq=1
[SR CLIENT] Sent data seq=2
[SR CLIENT] Sent data seq=3
[SR CLIENT] Sent data seq=4
[SR CLIENT] Received ACK seq=0
[SR CLIENT] Received ACK seq=1
[SR CLIENT] Received ACK seq=2
[SR CLIENT] Received ACK seq=3
[SR CLIENT] Received ACK seq=4
[SR CLIENT] Sent data seq=100
[SR CLIENT] Received ACK seq=100
Timeout, sequence number = 86
Timeout, sequence number = 145
[SR CLIENT] Sent data seq=200
[SR CLIENT] Received ACK seq=200
Timeout, sequence number = 157
Timeout, sequence number = 170
Timeout, sequence number = 177
Timeout, sequence number = 211
[SR CLIENT] Sent data seq=300
[SR CLIENT] Received ACK seq=300
Timeout, sequence number = 260
Timeout, sequence number = 279
Timeout, sequence number = 285
Timeout, sequence number = 312
[SR CLIENT] Sent data seq=400
[SR CLIENT] Received ACK seq=400
Timeout, sequence number = 343
Timeout, sequence number = 349
Timeout, sequence number = 412
Timeout, sequence number = 418
[SR CLIENT] Sent data seq=500
[SR CLIENT] Received ACK seq=500
Timeout, sequence number = 529
Timeout, sequence number = 563
[SR CLIENT] Sent data seq=600
[SR CLIENT] Received ACK seq=600
[SR CLIENT] Sent data seq=700
[SR CLIENT] Received ACK seq=700
Timeout, sequence number = 638
Timeout, sequence number = 707
Timeout, sequence number = 729
Timeout, sequence number = 707
[SR CLIENT] Sent data seq=800
[SR CLIENT] Received ACK seq=800
Timeout, sequence number = 819
[SR CLIENT] Sent data seq=900
[SR CLIENT] Received ACK seq=900
Timeout, sequence number = 868
Timeout, sequence number = 907
Timeout, sequence number = 912
Timeout, sequence number = 868
[SR CLIENT] Sent data seq=1000
[SR CLIENT] Received ACK seq=1000
Timeout, sequence number = 988
Timeout, sequence number = 992
[SR CLIENT] Sent data seq=1100
[SR CLIENT] Received ACK seq=1100
Timeout, sequence number = 1098
Timeout, sequence number = 1113
[SR CLIENT] Sent data seq=1200
[SR CLIENT] Received ACK seq=1200
Timeout, sequence number = 1165
Timeout, sequence number = 1181
[SR CLIENT] Sent data seq=1300
[SR CLIENT] Received ACK seq=1300
Timeout, sequence number = 1243
Timeout, sequence number = 1254
Timeout, sequence number = 1265
Timeout, sequence number = 1267
Timeout, sequence number = 1286
Timeout, sequence number = 1293
Timeout, sequence number = 1243
Timeout, sequence number = 1315
Timeout, sequence number = 1339
Timeout, sequence number = 1345
Timeout, sequence number = 1369
[SR CLIENT] Sent data seq=1400
[SR CLIENT] Received ACK seq=1400
Timeout, sequence number = 1398
Timeout, sequence number = 1436
[SR CLIENT] Sent data seq=1500
[SR CLIENT] Received ACK seq=1500
Timeout, sequence number = 1495
Timeout, sequence number = 1504
Timeout, sequence number = 1509
Timeout, sequence number = 1548
[SR CLIENT] Sent data seq=1600
[SR CLIENT] Received ACK seq=1600
Timeout, sequence number = 1548
Timeout, sequence number = 1627
Timeout, sequence number = 1640
[SR CLIENT] Sent data seq=1700
[SR CLIENT] Received ACK seq=1700
Timeout, sequence number = 1692
Timeout, sequence number = 1698
Timeout, sequence number = 1739
[SR CLIENT] Sent data seq=1800
[SR CLIENT] Received ACK seq=1800
Timeout, sequence number = 1774
Timeout, sequence number = 1778
Timeout, sequence number = 1782
Timeout, sequence number = 1814
Timeout, sequence number = 1824
[SR CLIENT] Sent data seq=1900
[SR CLIENT] Received ACK seq=1900
Timeout, sequence number = 1848
Timeout, sequence number = 1891
[SR CLIENT] Sent data seq=2000
[SR CLIENT] Received ACK seq=2000
Timeout, sequence number = 1980
[SR CLIENT] Sent data seq=2100
[SR CLIENT] Received ACK seq=2100
Timeout, sequence number = 2064
Timeout, sequence number = 2083
Timeout, sequence number = 2088
Timeout, sequence number = 2090
Timeout, sequence number = 2093
Timeout, sequence number = 2099
Timeout, sequence number = 2112
Timeout, sequence number = 2116
Timeout, sequence number = 2124
[SR CLIENT] Sent data seq=2200
[SR CLIENT] Received ACK seq=2200
Timeout, sequence number = 2141
Timeout, sequence number = 2168
Timeout, sequence number = 2176
Timeout, sequence number = 2196
Timeout, sequence number = 2202
Timeout, sequence number = 2141
Timeout, sequence number = 2205
Timeout, sequence number = 2212
Timeout, sequence number = 2238
Timeout, sequence number = 2253
[SR CLIENT] Sent data seq=2300
[SR CLIENT] Received ACK seq=2300
[SR CLIENT] Sent data seq=2400
[SR CLIENT] Received ACK seq=2400
Timeout, sequence number = 2341
Timeout, sequence number = 2367
[SR CLIENT] Summary: sent_packets=2401, ack_packets=2401, retransmitted_packets=83, timeout_events=83
Transfer complete. Delay = 16.212222 seconds

=== STDERR ===
