=== STDOUT ===
[SR CLIENT] Starting transfer: server=10.153.27.102:7735, file=demo_input.bin, N=64, MSS=500, total_segments=2401
[SR CLIENT] Sent data seq=0
[SR CLIENT] Sent data seq=1
[SR CLIENT] Sent data seq=2
[SR CLIENT] Sent data seq=3
[SR CLIENT] Sent data seq=4
[SR CLIENT] Received ACK seq=0
[SR CLIENT] Received ACK seq=1
[SR CLIENT] Received ACK seq=2
[SR CLIENT] Received ACK seq=3
[SR CLIENT] Received ACK seq=4
Timeout, sequence number = 8
Timeout, sequence number = 36
[SR CLIENT] Sent data seq=100
[SR CLIENT] Received ACK seq=100
Timeout, sequence number = 81
Timeout, sequence number = 130
[SR CLIENT] Sent data seq=200
[SR CLIENT] Received ACK seq=200
Timeout, sequence number = 171
Timeout, sequence number = 224
Timeout, sequence number = 225
[SR CLIENT] Sent data seq=300
[SR CLIENT] Received ACK seq=300
Timeout, sequence number = 251
Timeout, sequence number = 298
[SR CLIENT] Sent data seq=400
[SR CLIENT] Received ACK seq=400
[SR CLIENT] Sent data seq=500
[SR CLIENT] Received ACK seq=500
Timeout, sequence number = 439
Timeout, sequence number = 450
Timeout, sequence number = 482
Timeout, sequence number = 487
Timeout, sequence number = 508
Timeout, sequence number = 538
Timeout, sequence number = 544
Timeout, sequence number = 546
[SR CLIENT] Sent data seq=600
[SR CLIENT] Received ACK seq=600
Timeout, sequence number = 614
[SR CLIENT] Sent data seq=700
Timeout, sequence number = 654
Timeout, sequence number = 691
Timeout, sequence number = 700
[SR CLIENT] Received ACK seq=700
Timeout, sequence number = 736
[SR CLIENT] Sent data seq=800
[SR CLIENT] Received ACK seq=800
Timeout, sequence number = 781
Timeout, sequence number = 801
[SR CLIENT] Sent data seq=900
[SR CLIENT] Received ACK seq=900
Timeout, sequence number = 845
Timeout, sequence number = 853
Timeout, sequence number = 856
Timeout, sequence number = 877
Timeout, sequence number = 880
Timeout, sequence number = 906
[SR CLIENT] Sent data seq=1000
[SR CLIENT] Received ACK seq=1000
Timeout, sequence number = 938
Timeout, sequence number = 945
Timeout, sequence number = 957
Timeout, sequence number = 966
Timeout, sequence number = 993
Timeout, sequence number = 1020
Timeout, sequence number = 1025
Timeout, sequence number = 1026
Timeout, sequence number = 1054
Timeout, sequence number = 1069
Timeout, sequence number = 1077
[SR CLIENT] Sent data seq=1100
[SR CLIENT] Received ACK seq=1100
Timeout, sequence number = 1122
Timeout, sequence number = 1149
Timeout, sequence number = 1154
[SR CLIENT] Sent data seq=1200
[SR CLIENT] Received ACK seq=1200
Timeout, sequence number = 1215
Timeout, sequence number = 1226
Timeout, sequence number = 1257
Timeout, sequence number = 1264
Timeout, sequence number = 1226
[SR CLIENT] Sent data seq=1300
[SR CLIENT] Received ACK seq=1300
Timeout, sequence number = 1324
[SR CLIENT] Sent data seq=1400
[SR CLIENT] Received ACK seq=1400
Timeout, sequence number = 1407
Timeout, sequence number = 1420
Timeout, sequence number = 1423
[SR CLIENT] Sent data seq=1500
[SR CLIENT] Received ACK seq=1500
Timeout, sequence number = 1520
Timeout, sequence number = 1545
[SR CLIENT] Sent data seq=1600
Timeout, sequence number = 1568
[SR CLIENT] Received ACK seq=1600
Timeout, sequence number = 1586
Timeout, sequence number = 1628
Timeout, sequence number = 1630
Timeout, sequence number = 1647
Timeout, sequence number = 1586
[SR CLIENT] Sent data seq=1700
[SR CLIENT] Received ACK seq=1700
Timeout, sequence number = 1710
[SR CLIENT] Sent data seq=1800
[SR CLIENT] Received ACK seq=1800
Timeout, sequence number = 1777
Timeout, sequence number = 1819
Timeout, sequence number = 1839
[SR CLIENT] Sent data seq=1900
[SR CLIENT] Received ACK seq=1900
Timeout, sequence number = 1857
Timeout, sequence number = 1882
Timeout, sequence number = 1888
[SR CLIENT] Sent data seq=2000
[SR CLIENT] Received ACK seq=2000
Timeout, sequence number = 2005
Timeout, sequence number = 2012
Timeout, sequence number = 2036
Timeout, sequence number = 2050
Timeout, sequence number = 2067
Timeout, sequence number = 2005
[SR CLIENT] Sent data seq=2100
[SR CLIENT] Received ACK seq=2100
Timeout, sequence number = 2074
Timeout, sequence number = 2086
Timeout, sequence number = 2103
Timeout, sequence number = 2114
Timeout, sequence number = 2130
[SR CLIENT] Sent data seq=2200
[SR CLIENT] Received ACK seq=2200
Timeout, sequence number = 2150
Timeout, sequence number = 2192
Timeout, sequence number = 2212
Timeout, sequence number = 2222
[SR CLIENT] Sent data seq=2300
[SR CLIENT] Received ACK seq=2300
Timeout, sequence number = 2332
Timeout, sequence number = 2334
Timeout, sequence number = 2337
Timeout, sequence number = 2340
Timeout, sequence number = 2351
Timeout, sequence number = 2384
Timeout, sequence number = 2334
[SR CLIENT] Sent data seq=2400
Timeout, sequence number = 2400
[SR CLIENT] Received ACK seq=2400
[SR CLIENT] Summary: sent_packets=2401, ack_packets=2401, retransmitted_packets=91, timeout_events=91
Transfer complete. Delay = 17.327788 seconds

=== STDERR ===
