=== STDOUT ===
[SR CLIENT] Starting transfer: server=10.153.27.102:7735, file=demo_input.bin, N=64, MSS=500, total_segments=2401
[SR CLIENT] Sent data seq=0
[SR CLIENT] Sent data seq=1
[SR CLIENT] Sent data seq=2
[SR CLIENT] Sent data seq=3
[SR CLIENT] Sent data seq=4
[SR CLIENT] Received ACK seq=0
[SR CLIENT] Received ACK seq=1
[SR CLIENT] Received ACK seq=2
[SR CLIENT] Received ACK seq=3
[SR CLIENT] Received ACK seq=4
Timeout, sequence number = 17
Timeout, sequence number = 18
Timeout, sequence number = 41
Timeout, sequence number = 45
Timeout, sequence number = 53
[SR CLIENT] Sent data seq=100
[SR CLIENT] Received ACK seq=100
Timeout, sequence number = 84
Timeout, sequence number = 131
Timeout, sequence number = 140
Timeout, sequence number = 143
[SR CLIENT] Sent data seq=200
[SR CLIENT] Received ACK seq=200
Timeout, sequence number = 143
Timeout, sequence number = 148
Timeout, sequence number = 154
Timeout, sequence number = 173
Timeout, sequence number = 196
Timeout, sequence number = 154
Timeout, sequence number = 213
Timeout, sequence number = 217
Timeout, sequence number = 154
[SR CLIENT] Sent data seq=300
Timeout, sequence number = 237
Timeout, sequence number = 250
Timeout, sequence number = 279
Timeout, sequence number = 282
Timeout, sequence number = 300
[SR CLIENT] Received ACK seq=300
Timeout, sequence number = 306
Timeout, sequence number = 309
Timeout, sequence number = 340
Timeout, sequence number = 348
Timeout, sequence number = 354
Timeout, sequence number = 355
Timeout, sequence number = 366
Timeout, sequence number = 368
Timeout, sequence number = 369
Timeout, sequence number = 306
Timeout, sequence number = 348
[SR CLIENT] Sent data seq=400
[SR CLIENT] Received ACK seq=400
Timeout, sequence number = 382
Timeout, sequence number = 387
Timeout, sequence number = 405
Timeout, sequence number = 419
Timeout, sequence number = 422
Timeout, sequence number = 424
Timeout, sequence number = 432
[SR CLIENT] Sent data seq=500
[SR CLIENT] Received ACK seq=500
Timeout, sequence number = 468
Timeout, sequence number = 479
Timeout, sequence number = 497
Timeout, sequence number = 519
Timeout, sequence number = 525
Timeout, sequence number = 527
Timeout, sequence number = 533
Timeout, sequence number = 557
Timeout, sequence number = 559
[SR CLIENT] Sent data seq=600
[SR CLIENT] Received ACK seq=600
Timeout, sequence number = 559
Timeout, sequence number = 605
Timeout, sequence number = 619
[SR CLIENT] Sent data seq=700
[SR CLIENT] Received ACK seq=700
Timeout, sequence number = 650
Timeout, sequence number = 690
Timeout, sequence number = 694
Timeout, sequence number = 702
Timeout, sequence number = 727
Timeout, sequence number = 750
Timeout, sequence number = 759
Timeout, sequence number = 763
Timeout, sequence number = 777
Timeout, sequence number = 779
[SR CLIENT] Sent data seq=800
[SR CLIENT] Received ACK seq=800
Timeout, sequence number = 750
Timeout, sequence number = 792
Timeout, sequence number = 798
Timeout, sequence number = 802
Timeout, sequence number = 804
Timeout, sequence number = 811
Timeout, sequence number = 813
Timeout, sequence number = 814
Timeout, sequence number = 829
Timeout, sequence number = 830
Timeout, sequence number = 839
[SR CLIENT] Sent data seq=900
[SR CLIENT] Received ACK seq=900
Timeout, sequence number = 859
Timeout, sequence number = 865
Timeout, sequence number = 877
Timeout, sequence number = 886
Timeout, sequence number = 898
Timeout, sequence number = 901
Timeout, sequence number = 914
Timeout, sequence number = 915
Timeout, sequence number = 920
Timeout, sequence number = 928
Timeout, sequence number = 932
Timeout, sequence number = 938
Timeout, sequence number = 941
[SR CLIENT] Sent data seq=1000
[SR CLIENT] Received ACK seq=1000
Timeout, sequence number = 955
Timeout, sequence number = 957
Timeout, sequence number = 958
Timeout, sequence number = 969
Timeout, sequence number = 981
Timeout, sequence number = 986
Timeout, sequence number = 1006
Timeout, sequence number = 1016
[SR CLIENT] Sent data seq=1100
[SR CLIENT] Received ACK seq=1100
Timeout, sequence number = 1047
Timeout, sequence number = 1050
Timeout, sequence number = 1051
Timeout, sequence number = 1057
Timeout, sequence number = 1067
Timeout, sequence number = 1092
Timeout, sequence number = 1094
Timeout, sequence number = 1097
Timeout, sequence number = 1105
Timeout, sequence number = 1111
Timeout, sequence number = 1119
Timeout, sequence number = 1121
Timeout, sequence number = 1126
Timeout, sequence number = 1127
Timeout, sequence number = 1135
Timeout, sequence number = 1142
Timeout, sequence number = 1151
Timeout, sequence number = 1153
Timeout, sequence number = 1155
Timeout, sequence number = 1111
Timeout, sequence number = 1155
[SR CLIENT] Sent data seq=1200
[SR CLIENT] Received ACK seq=1200
Timeout, sequence number = 1182
Timeout, sequence number = 1201
Timeout, sequence number = 1203
Timeout, sequence number = 1213
Timeout, sequence number = 1219
Timeout, sequence number = 1220
Timeout, sequence number = 1226
Timeout, sequence number = 1242
Timeout, sequence number = 1182
Timeout, sequence number = 1220
[SR CLIENT] Sent data seq=1300
[SR CLIENT] Received ACK seq=1300
Timeout, sequence number = 1258
Timeout, sequence number = 1260
Timeout, sequence number = 1265
Timeout, sequence number = 1270
Timeout, sequence number = 1276
Timeout, sequence number = 1289
Timeout, sequence number = 1258
Timeout, sequence number = 1322
Timeout, sequence number = 1324
Timeout, sequence number = 1330
Timeout, sequence number = 1358
Timeout, sequence number = 1364
Timeout, sequence number = 1383
Timeout, sequence number = 1324
[SR CLIENT] Sent data seq=1400
[SR CLIENT] Received ACK seq=1400
Timeout, sequence number = 1407
Timeout, sequence number = 1409
Timeout, sequence number = 1410
Timeout, sequence number = 1417
Timeout, sequence number = 1424
Timeout, sequence number = 1425
Timeout, sequence number = 1427
Timeout, sequence number = 1437
Timeout, sequence number = 1462
Timeout, sequence number = 1464
[SR CLIENT] Sent data seq=1500
[SR CLIENT] Received ACK seq=1500
Timeout, sequence number = 1489
Timeout, sequence number = 1496
Timeout, sequence number = 1502
Timeout, sequence number = 1511
Timeout, sequence number = 1514
Timeout, sequence number = 1525
Timeout, sequence number = 1529
Timeout, sequence number = 1489
[SR CLIENT] Sent data seq=1600
[SR CLIENT] Received ACK seq=1600
Timeout, sequence number = 1569
Timeout, sequence number = 1578
Timeout, sequence number = 1593
Timeout, sequence number = 1611
Timeout, sequence number = 1629
Timeout, sequence number = 1630
Timeout, sequence number = 1629
Timeout, sequence number = 1669
Timeout, sequence number = 1674
Timeout, sequence number = 1676
Timeout, sequence number = 1678
Timeout, sequence number = 1683
Timeout, sequence number = 1684
Timeout, sequence number = 1689
Timeout, sequence number = 1629
Timeout, sequence number = 1629
[SR CLIENT] Sent data seq=1700
Timeout, sequence number = 1700
Timeout, sequence number = 1704
Timeout, sequence number = 1706
Timeout, sequence number = 1707
Timeout, sequence number = 1718
Timeout, sequence number = 1736
Timeout, sequence number = 1742
Timeout, sequence number = 1744
Timeout, sequence number = 1745
Timeout, sequence number = 1700
Timeout, sequence number = 1744
[SR CLIENT] Received ACK seq=1700
[SR CLIENT] Sent data seq=1800
[SR CLIENT] Received ACK seq=1800
Timeout, sequence number = 1773
Timeout, sequence number = 1775
Timeout, sequence number = 1779
Timeout, sequence number = 1789
Timeout, sequence number = 1791
Timeout, sequence number = 1799
Timeout, sequence number = 1816
Timeout, sequence number = 1817
Timeout, sequence number = 1818
Timeout, sequence number = 1828
Timeout, sequence number = 1828
Timeout, sequence number = 1859
Timeout, sequence number = 1862
Timeout, sequence number = 1867
Timeout, sequence number = 1872
Timeout, sequence number = 1886
Timeout, sequence number = 1887
Timeout, sequence number = 1828
Timeout, sequence number = 1862
[SR CLIENT] Sent data seq=1900
[SR CLIENT] Received ACK seq=1900
Timeout, sequence number = 1894
Timeout, sequence number = 1899
Timeout, sequence number = 1918
Timeout, sequence number = 1919
Timeout, sequence number = 1920
Timeout, sequence number = 1925
Timeout, sequence number = 1934
[SR CLIENT] Sent data seq=2000
Timeout, sequence number = 1960
Timeout, sequence number = 1976
Timeout, sequence number = 1992
Timeout, sequence number = 2000
Timeout, sequence number = 2015
Timeout, sequence number = 2000
Timeout, sequence number = 2032
Timeout, sequence number = 2037
Timeout, sequence number = 2051
Timeout, sequence number = 2056
Timeout, sequence number = 2058
[SR CLIENT] Received ACK seq=2000
[SR CLIENT] Sent data seq=2100
[SR CLIENT] Received ACK seq=2100
Timeout, sequence number = 2093
Timeout, sequence number = 2095
Timeout, sequence number = 2099
Timeout, sequence number = 2119
Timeout, sequence number = 2153
Timeout, sequence number = 2093
Timeout, sequence number = 2095
[SR CLIENT] Sent data seq=2200
[SR CLIENT] Received ACK seq=2200
Timeout, sequence number = 2161
Timeout, sequence number = 2169
Timeout, sequence number = 2172
Timeout, sequence number = 2181
Timeout, sequence number = 2194
Timeout, sequence number = 2198
Timeout, sequence number = 2194
Timeout, sequence number = 2246
Timeout, sequence number = 2256
[SR CLIENT] Sent data seq=2300
Timeout, sequence number = 2246
Timeout, sequence number = 2258
Timeout, sequence number = 2261
Timeout, sequence number = 2272
Timeout, sequence number = 2277
Timeout, sequence number = 2285
Timeout, sequence number = 2292
Timeout, sequence number = 2293
Timeout, sequence number = 2300
Timeout, sequence number = 2306
[SR CLIENT] Received ACK seq=2300
Timeout, sequence number = 2246
Timeout, sequence number = 2310
Timeout, sequence number = 2317
Timeout, sequence number = 2333
Timeout, sequence number = 2347
Timeout, sequence number = 2348
Timeout, sequence number = 2351
Timeout, sequence number = 2355
Timeout, sequence number = 2358
Timeout, sequence number = 2370
Timeout, sequence number = 2317
Timeout, sequence number = 2370
Timeout, sequence number = 2375
[SR CLIENT] Sent data seq=2400
[SR CLIENT] Received ACK seq=2400
[SR CLIENT] Summary: sent_packets=2401, ack_packets=2401, retransmitted_packets=261, timeout_events=261
Transfer complete. Delay = 26.997851 seconds

=== STDERR ===
