=== STDOUT ===
[SR CLIENT] Starting transfer: server=10.153.27.102:7735, file=demo_input.bin, N=64, MSS=500, total_segments=2401
[SR CLIENT] Sent data seq=0
[SR CLIENT] Sent data seq=1
[SR CLIENT] Sent data seq=2
[SR CLIENT] Sent data seq=3
[SR CLIENT] Sent data seq=4
[SR CLIENT] Received ACK seq=0
[SR CLIENT] Received ACK seq=1
[SR CLIENT] Received ACK seq=2
[SR CLIENT] Received ACK seq=3
[SR CLIENT] Received ACK seq=4
Timeout, sequence number = 15
Timeout, sequence number = 30
Timeout, sequence number = 38
[SR CLIENT] Sent data seq=100
[SR CLIENT] Received ACK seq=100
Timeout, sequence number = 82
Timeout, sequence number = 127
Timeout, sequence number = 142
[SR CLIENT] Sent data seq=200
[SR CLIENT] Received ACK seq=200
Timeout, sequence number = 226
Timeout, sequence number = 267
[SR CLIENT] Sent data seq=300
[SR CLIENT] Received ACK seq=300
[SR CLIENT] Sent data seq=400
[SR CLIENT] Received ACK seq=400
Timeout, sequence number = 356
Timeout, sequence number = 376
Timeout, sequence number = 402
Timeout, sequence number = 407
Timeout, sequence number = 408
Timeout, sequence number = 409
Timeout, sequence number = 410
Timeout, sequence number = 411
Timeout, sequence number = 412
Timeout, sequence number = 413
Timeout, sequence number = 414
Timeout, sequence number = 415
Timeout, sequence number = 416
Timeout, sequence number = 417
Timeout, sequence number = 418
Timeout, sequence number = 419
Timeout, sequence number = 430
Timeout, sequence number = 485
[SR CLIENT] Sent data seq=500
[SR CLIENT] Received ACK seq=500
[SR CLIENT] Sent data seq=600
[SR CLIENT] Received ACK seq=600
Timeout, sequence number = 586
Timeout, sequence number = 603
[SR CLIENT] Sent data seq=700
[SR CLIENT] Received ACK seq=700
Timeout, sequence number = 681
Timeout, sequence number = 697
[SR CLIENT] Sent data seq=800
[SR CLIENT] Received ACK seq=800
Timeout, sequence number = 824
[SR CLIENT] Sent data seq=900
[SR CLIENT] Received ACK seq=900
Timeout, sequence number = 880
[SR CLIENT] Sent data seq=1000
[SR CLIENT] Received ACK seq=1000
Timeout, sequence number = 956
Timeout, sequence number = 1024
Timeout, sequence number = 1043
Timeout, sequence number = 1072
Timeout, sequence number = 1083
[SR CLIENT] Sent data seq=1100
[SR CLIENT] Received ACK seq=1100
Timeout, sequence number = 1106
[SR CLIENT] Sent data seq=1200
[SR CLIENT] Received ACK seq=1200
[SR CLIENT] Sent data seq=1300
[SR CLIENT] Received ACK seq=1300
Timeout, sequence number = 1266
Timeout, sequence number = 1318
[SR CLIENT] Sent data seq=1400
[SR CLIENT] Received ACK seq=1400
Timeout, sequence number = 1366
[SR CLIENT] Sent data seq=1500
[SR CLIENT] Received ACK seq=1500
Timeout, sequence number = 1530
Timeout, sequence number = 1536
Timeout, sequence number = 1558
[SR CLIENT] Sent data seq=1600
[SR CLIENT] Received ACK seq=1600
Timeout, sequence number = 1614
Timeout, sequence number = 1638
Timeout, sequence number = 1670
[SR CLIENT] Sent data seq=1700
Timeout, sequence number = 1700
[SR CLIENT] Received ACK seq=1700
[SR CLIENT] Sent data seq=1800
[SR CLIENT] Received ACK seq=1800
Timeout, sequence number = 1771
Timeout, sequence number = 1817
Timeout, sequence number = 1823
[SR CLIENT] Sent data seq=1900
[SR CLIENT] Received ACK seq=1900
[SR CLIENT] Sent data seq=2000
[SR CLIENT] Received ACK seq=2000
Timeout, sequence number = 1954
Timeout, sequence number = 1995
[SR CLIENT] Sent data seq=2100
[SR CLIENT] Received ACK seq=2100
Timeout, sequence number = 2084
[SR CLIENT] Sent data seq=2200
[SR CLIENT] Received ACK seq=2200
[SR CLIENT] Sent data seq=2300
[SR CLIENT] Received ACK seq=2300
Timeout, sequence number = 2245
Timeout, sequence number = 2256
[SR CLIENT] Sent data seq=2400
[SR CLIENT] Received ACK seq=2400
Timeout, sequence number = 2345
Timeout, sequence number = 2381
[SR CLIENT] Summary: sent_packets=2401, ack_packets=2401, retransmitted_packets=58, timeout_events=58
Transfer complete. Delay = 11.793894 seconds

=== STDERR ===
