=== STDOUT ===
[SR CLIENT] Starting transfer: server=10.153.27.102:7735, file=demo_input.bin, N=16, MSS=500, total_segments=2401
[SR CLIENT] Sent data seq=0
[SR CLIENT] Sent data seq=1
[SR CLIENT] Sent data seq=2
[SR CLIENT] Sent data seq=3
[SR CLIENT] Sent data seq=4
[SR CLIENT] Received ACK seq=2
[SR CLIENT] Received ACK seq=0
[SR CLIENT] Received ACK seq=1
Timeout, sequence number = 3
Timeout, sequence number = 4
Timeout, sequence number = 5
[SR CLIENT] Received ACK seq=4
Timeout, sequence number = 3
[SR CLIENT] Received ACK seq=3
[SR CLIENT] Sent data seq=100
[SR CLIENT] Received ACK seq=100
Timeout, sequence number = 98
Timeout, sequence number = 115
Timeout, sequence number = 116
Timeout, sequence number = 117
Timeout, sequence number = 134
Timeout, sequence number = 140
Timeout, sequence number = 168
[SR CLIENT] Sent data seq=200
[SR CLIENT] Received ACK seq=200
Timeout, sequence number = 194
Timeout, sequence number = 205
Timeout, sequence number = 207
Timeout, sequence number = 229
Timeout, sequence number = 261
Timeout, sequence number = 264
Timeout, sequence number = 269
Timeout, sequence number = 264
[SR CLIENT] Sent data seq=300
[SR CLIENT] Received ACK seq=300
Timeout, sequence number = 341
Timeout, sequence number = 342
Timeout, sequence number = 349
Timeout, sequence number = 373
[SR CLIENT] Sent data seq=400
[SR CLIENT] Received ACK seq=400
Timeout, sequence number = 419
Timeout, sequence number = 428
Timeout, sequence number = 430
Timeout, sequence number = 419
[SR CLIENT] Sent data seq=500
Timeout, sequence number = 500
[SR CLIENT] Received ACK seq=500
Timeout, sequence number = 520
Timeout, sequence number = 539
Timeout, sequence number = 574
Timeout, sequence number = 587
[SR CLIENT] Sent data seq=600
[SR CLIENT] Received ACK seq=600
Timeout, sequence number = 609
Timeout, sequence number = 622
Timeout, sequence number = 645
Timeout, sequence number = 654
Timeout, sequence number = 680
[SR CLIENT] Sent data seq=700
[SR CLIENT] Received ACK seq=700
Timeout, sequence number = 711
Timeout, sequence number = 728
[SR CLIENT] Sent data seq=800
[SR CLIENT] Received ACK seq=800
Timeout, sequence number = 819
Timeout, sequence number = 824
Timeout, sequence number = 841
Timeout, sequence number = 849
Timeout, sequence number = 852
[SR CLIENT] Sent data seq=900
[SR CLIENT] Received ACK seq=900
Timeout, sequence number = 895
Timeout, sequence number = 915
Timeout, sequence number = 928
Timeout, sequence number = 936
Timeout, sequence number = 928
Timeout, sequence number = 966
Timeout, sequence number = 974
[SR CLIENT] Sent data seq=1000
[SR CLIENT] Received ACK seq=1000
Timeout, sequence number = 996
Timeout, sequence number = 1042
Timeout, sequence number = 1058
Timeout, sequence number = 1084
Timeout, sequence number = 1085
[SR CLIENT] Sent data seq=1100
[SR CLIENT] Received ACK seq=1100
Timeout, sequence number = 1105
Timeout, sequence number = 1130
Timeout, sequence number = 1181
[SR CLIENT] Sent data seq=1200
[SR CLIENT] Received ACK seq=1200
Timeout, sequence number = 1225
Timeout, sequence number = 1251
Timeout, sequence number = 1252
[SR CLIENT] Sent data seq=1300
[SR CLIENT] Received ACK seq=1300
Timeout, sequence number = 1338
Timeout, sequence number = 1353
Timeout, sequence number = 1374
[SR CLIENT] Sent data seq=1400
[SR CLIENT] Received ACK seq=1400
Timeout, sequence number = 1390
Timeout, sequence number = 1402
Timeout, sequence number = 1406
Timeout, sequence number = 1457
Timeout, sequence number = 1461
[SR CLIENT] Sent data seq=1500
[SR CLIENT] Received ACK seq=1500
Timeout, sequence number = 1511
Timeout, sequence number = 1530
Timeout, sequence number = 1538
Timeout, sequence number = 1538
Timeout, sequence number = 1549
Timeout, sequence number = 1555
Timeout, sequence number = 1561
Timeout, sequence number = 1583
[SR CLIENT] Sent data seq=1600
[SR CLIENT] Received ACK seq=1600
Timeout, sequence number = 1606
Timeout, sequence number = 1608
Timeout, sequence number = 1620
Timeout, sequence number = 1620
Timeout, sequence number = 1637
Timeout, sequence number = 1650
Timeout, sequence number = 1653
Timeout, sequence number = 1660
[SR CLIENT] Sent data seq=1700
[SR CLIENT] Received ACK seq=1700
Timeout, sequence number = 1712
Timeout, sequence number = 1715
Timeout, sequence number = 1715
Timeout, sequence number = 1730
Timeout, sequence number = 1715
Timeout, sequence number = 1732
Timeout, sequence number = 1743
Timeout, sequence number = 1750
Timeout, sequence number = 1758
Timeout, sequence number = 1758
Timeout, sequence number = 1769
Timeout, sequence number = 1775
[SR CLIENT] Sent data seq=1800
[SR CLIENT] Received ACK seq=1800
Timeout, sequence number = 1817
Timeout, sequence number = 1824
Timeout, sequence number = 1877
Timeout, sequence number = 1880
[SR CLIENT] Sent data seq=1900
[SR CLIENT] Received ACK seq=1900
Timeout, sequence number = 1912
Timeout, sequence number = 1919
Timeout, sequence number = 1952
Timeout, sequence number = 1972
[SR CLIENT] Sent data seq=2000
[SR CLIENT] Received ACK seq=2000
Timeout, sequence number = 1996
Timeout, sequence number = 1998
Timeout, sequence number = 2021
Timeout, sequence number = 2055
[SR CLIENT] Sent data seq=2100
[SR CLIENT] Received ACK seq=2100
Timeout, sequence number = 2088
Timeout, sequence number = 2123
Timeout, sequence number = 2129
Timeout, sequence number = 2140
Timeout, sequence number = 2164
Timeout, sequence number = 2167
Timeout, sequence number = 2178
[SR CLIENT] Sent data seq=2200
[SR CLIENT] Received ACK seq=2200
Timeout, sequence number = 2208
Timeout, sequence number = 2227
Timeout, sequence number = 2235
[SR CLIENT] Sent data seq=2300
[SR CLIENT] Received ACK seq=2300
Timeout, sequence number = 2286
Timeout, sequence number = 2291
Timeout, sequence number = 2292
Timeout, sequence number = 2309
Timeout, sequence number = 2329
Timeout, sequence number = 2333
Timeout, sequence number = 2341
Timeout, sequence number = 2347
Timeout, sequence number = 2349
Timeout, sequence number = 2360
[SR CLIENT] Sent data seq=2400
[SR CLIENT] Received ACK seq=2400
[SR CLIENT] Summary: sent_packets=2401, ack_packets=2401, retransmitted_packets=130, timeout_events=130
Transfer complete. Delay = 43.763610 seconds

=== STDERR ===
