=== STDOUT ===
[SR CLIENT] Starting transfer: server=10.153.27.102:7735, file=demo_input.bin, N=4, MSS=500, total_segments=2401
[SR CLIENT] Sent data seq=0
[SR CLIENT] Sent data seq=1
[SR CLIENT] Sent data seq=2
[SR CLIENT] Sent data seq=3
[SR CLIENT] Received ACK seq=1
[SR CLIENT] Received ACK seq=2
[SR CLIENT] Received ACK seq=3
Timeout, sequence number = 0
[SR CLIENT] Received ACK seq=0
[SR CLIENT] Sent data seq=4
[SR CLIENT] Received ACK seq=4
Timeout, sequence number = 45
Timeout, sequence number = 45
Timeout, sequence number = 57
[SR CLIENT] Sent data seq=100
[SR CLIENT] Received ACK seq=100
Timeout, sequence number = 102
Timeout, sequence number = 113
Timeout, sequence number = 147
Timeout, sequence number = 159
Timeout, sequence number = 160
Timeout, sequence number = 161
Timeout, sequence number = 191
[SR CLIENT] Sent data seq=200
[SR CLIENT] Received ACK seq=200
Timeout, sequence number = 199
Timeout, sequence number = 230
Timeout, sequence number = 274
Timeout, sequence number = 283
[SR CLIENT] Sent data seq=300
Timeout, sequence number = 300
[SR CLIENT] Received ACK seq=300
Timeout, sequence number = 335
Timeout, sequence number = 340
Timeout, sequence number = 343
Timeout, sequence number = 373
Timeout, sequence number = 383
Timeout, sequence number = 396
[SR CLIENT] Sent data seq=400
[SR CLIENT] Received ACK seq=400
Timeout, sequence number = 408
Timeout, sequence number = 423
Timeout, sequence number = 438
Timeout, sequence number = 441
Timeout, sequence number = 481
[SR CLIENT] Sent data seq=500
[SR CLIENT] Received ACK seq=500
Timeout, sequence number = 515
Timeout, sequence number = 534
Timeout, sequence number = 551
Timeout, sequence number = 562
Timeout, sequence number = 565
[SR CLIENT] Sent data seq=600
[SR CLIENT] Received ACK seq=600
Timeout, sequence number = 639
Timeout, sequence number = 680
[SR CLIENT] Sent data seq=700
[SR CLIENT] Received ACK seq=700
Timeout, sequence number = 719
Timeout, sequence number = 720
Timeout, sequence number = 724
Timeout, sequence number = 731
Timeout, sequence number = 744
Timeout, sequence number = 750
Timeout, sequence number = 771
Timeout, sequence number = 788
[SR CLIENT] Sent data seq=800
[SR CLIENT] Received ACK seq=800
Timeout, sequence number = 852
Timeout, sequence number = 870
[SR CLIENT] Sent data seq=900
[SR CLIENT] Received ACK seq=900
Timeout, sequence number = 916
Timeout, sequence number = 925
Timeout, sequence number = 952
Timeout, sequence number = 955
Timeout, sequence number = 961
Timeout, sequence number = 975
[SR CLIENT] Sent data seq=1000
[SR CLIENT] Received ACK seq=1000
Timeout, sequence number = 1015
[SR CLIENT] Sent data seq=1100
[SR CLIENT] Received ACK seq=1100
Timeout, sequence number = 1119
Timeout, sequence number = 1135
Timeout, sequence number = 1144
Timeout, sequence number = 1166
Timeout, sequence number = 1193
Timeout, sequence number = 1195
[SR CLIENT] Sent data seq=1200
[SR CLIENT] Received ACK seq=1200
Timeout, sequence number = 1203
Timeout, sequence number = 1248
Timeout, sequence number = 1251
Timeout, sequence number = 1253
Timeout, sequence number = 1262
Timeout, sequence number = 1277
Timeout, sequence number = 1288
[SR CLIENT] Sent data seq=1300
[SR CLIENT] Received ACK seq=1300
Timeout, sequence number = 1312
Timeout, sequence number = 1312
Timeout, sequence number = 1363
Timeout, sequence number = 1389
[SR CLIENT] Sent data seq=1400
[SR CLIENT] Received ACK seq=1400
Timeout, sequence number = 1415
Timeout, sequence number = 1434
Timeout, sequence number = 1458
Timeout, sequence number = 1470
Timeout, sequence number = 1479
Timeout, sequence number = 1479
Timeout, sequence number = 1483
[SR CLIENT] Sent data seq=1500
[SR CLIENT] Received ACK seq=1500
Timeout, sequence number = 1504
Timeout, sequence number = 1522
[SR CLIENT] Sent data seq=1600
[SR CLIENT] Received ACK seq=1600
Timeout, sequence number = 1610
Timeout, sequence number = 1617
Timeout, sequence number = 1630
Timeout, sequence number = 1670
[SR CLIENT] Sent data seq=1700
[SR CLIENT] Received ACK seq=1700
Timeout, sequence number = 1705
Timeout, sequence number = 1719
Timeout, sequence number = 1728
Timeout, sequence number = 1748
Timeout, sequence number = 1758
Timeout, sequence number = 1787
[SR CLIENT] Sent data seq=1800
[SR CLIENT] Received ACK seq=1800
Timeout, sequence number = 1798
Timeout, sequence number = 1799
Timeout, sequence number = 1808
Timeout, sequence number = 1811
Timeout, sequence number = 1818
Timeout, sequence number = 1835
Timeout, sequence number = 1838
Timeout, sequence number = 1859
Timeout, sequence number = 1859
Timeout, sequence number = 1870
Timeout, sequence number = 1892
[SR CLIENT] Sent data seq=1900
[SR CLIENT] Received ACK seq=1900
Timeout, sequence number = 1935
Timeout, sequence number = 1958
Timeout, sequence number = 1983
Timeout, sequence number = 1993
[SR CLIENT] Sent data seq=2000
[SR CLIENT] Received ACK seq=2000
Timeout, sequence number = 2088
Timeout, sequence number = 2092
[SR CLIENT] Sent data seq=2100
[SR CLIENT] Received ACK seq=2100
Timeout, sequence number = 2097
Timeout, sequence number = 2119
Timeout, sequence number = 2144
Timeout, sequence number = 2170
[SR CLIENT] Sent data seq=2200
[SR CLIENT] Received ACK seq=2200
Timeout, sequence number = 2207
Timeout, sequence number = 2235
Timeout, sequence number = 2276
[SR CLIENT] Sent data seq=2300
[SR CLIENT] Received ACK seq=2300
Timeout, sequence number = 2364
Timeout, sequence number = 2379
[SR CLIENT] Sent data seq=2400
[SR CLIENT] Received ACK seq=2400
[SR CLIENT] Summary: sent_packets=2401, ack_packets=2401, retransmitted_packets=113, timeout_events=113
Transfer complete. Delay = 65.958062 seconds

=== STDERR ===
