=== STDOUT ===
[SR CLIENT] Starting transfer: server=10.153.27.102:7735, file=demo_input.bin, N=2, MSS=500, total_segments=2401
[SR CLIENT] Sent data seq=0
[SR CLIENT] Sent data seq=1
[SR CLIENT] Received ACK seq=0
[SR CLIENT] Sent data seq=2
[SR CLIENT] Received ACK seq=1
[SR CLIENT] Sent data seq=3
[SR CLIENT] Received ACK seq=2
[SR CLIENT] Sent data seq=4
[SR CLIENT] Received ACK seq=3
[SR CLIENT] Received ACK seq=4
Timeout, sequence number = 5
Timeout, sequence number = 41
[SR CLIENT] Sent data seq=100
[SR CLIENT] Received ACK seq=100
Timeout, sequence number = 142
Timeout, sequence number = 161
Timeout, sequence number = 164
Timeout, sequence number = 170
Timeout, sequence number = 174
Timeout, sequence number = 180
[SR CLIENT] Sent data seq=200
[SR CLIENT] Received ACK seq=200
Timeout, sequence number = 202
Timeout, sequence number = 226
Timeout, sequence number = 282
Timeout, sequence number = 285
Timeout, sequence number = 286
Timeout, sequence number = 285
Timeout, sequence number = 286
Timeout, sequence number = 290
[SR CLIENT] Sent data seq=300
Timeout, sequence number = 300
[SR CLIENT] Received ACK seq=300
Timeout, sequence number = 334
Timeout, sequence number = 340
Timeout, sequence number = 340
Timeout, sequence number = 353
Timeout, sequence number = 361
Timeout, sequence number = 363
[SR CLIENT] Sent data seq=400
[SR CLIENT] Received ACK seq=400
Timeout, sequence number = 407
Timeout, sequence number = 438
Timeout, sequence number = 459
Timeout, sequence number = 460
Timeout, sequence number = 477
[SR CLIENT] Sent data seq=500
[SR CLIENT] Received ACK seq=500
Timeout, sequence number = 552
Timeout, sequence number = 557
Timeout, sequence number = 560
Timeout, sequence number = 576
Timeout, sequence number = 580
[SR CLIENT] Sent data seq=600
[SR CLIENT] Received ACK seq=600
Timeout, sequence number = 638
Timeout, sequence number = 640
Timeout, sequence number = 641
Timeout, sequence number = 666
Timeout, sequence number = 682
[SR CLIENT] Sent data seq=700
[SR CLIENT] Received ACK seq=700
Timeout, sequence number = 708
Timeout, sequence number = 737
Timeout, sequence number = 745
Timeout, sequence number = 759
Timeout, sequence number = 779
Timeout, sequence number = 783
[SR CLIENT] Sent data seq=800
[SR CLIENT] Received ACK seq=800
Timeout, sequence number = 820
Timeout, sequence number = 830
Timeout, sequence number = 839
Timeout, sequence number = 840
Timeout, sequence number = 850
[SR CLIENT] Sent data seq=900
[SR CLIENT] Received ACK seq=900
Timeout, sequence number = 912
Timeout, sequence number = 934
Timeout, sequence number = 941
Timeout, sequence number = 969
[SR CLIENT] Sent data seq=1000
[SR CLIENT] Received ACK seq=1000
Timeout, sequence number = 1001
Timeout, sequence number = 1012
Timeout, sequence number = 1020
Timeout, sequence number = 1050
Timeout, sequence number = 1070
Timeout, sequence number = 1071
[SR CLIENT] Sent data seq=1100
[SR CLIENT] Received ACK seq=1100
Timeout, sequence number = 1114
Timeout, sequence number = 1123
Timeout, sequence number = 1130
Timeout, sequence number = 1137
Timeout, sequence number = 1153
Timeout, sequence number = 1153
Timeout, sequence number = 1160
Timeout, sequence number = 1173
Timeout, sequence number = 1174
[SR CLIENT] Sent data seq=1200
[SR CLIENT] Received ACK seq=1200
Timeout, sequence number = 1203
Timeout, sequence number = 1221
Timeout, sequence number = 1232
Timeout, sequence number = 1234
Timeout, sequence number = 1246
Timeout, sequence number = 1278
[SR CLIENT] Sent data seq=1300
[SR CLIENT] Received ACK seq=1300
Timeout, sequence number = 1324
Timeout, sequence number = 1335
Timeout, sequence number = 1351
Timeout, sequence number = 1353
Timeout, sequence number = 1356
Timeout, sequence number = 1357
[SR CLIENT] Sent data seq=1400
[SR CLIENT] Received ACK seq=1400
Timeout, sequence number = 1408
Timeout, sequence number = 1446
Timeout, sequence number = 1474
Timeout, sequence number = 1475
[SR CLIENT] Sent data seq=1500
[SR CLIENT] Received ACK seq=1500
Timeout, sequence number = 1512
Timeout, sequence number = 1517
Timeout, sequence number = 1533
Timeout, sequence number = 1553
Timeout, sequence number = 1554
Timeout, sequence number = 1553
Timeout, sequence number = 1555
Timeout, sequence number = 1562
Timeout, sequence number = 1590
Timeout, sequence number = 1593
[SR CLIENT] Sent data seq=1600
[SR CLIENT] Received ACK seq=1600
Timeout, sequence number = 1678
[SR CLIENT] Sent data seq=1700
[SR CLIENT] Received ACK seq=1700
Timeout, sequence number = 1699
Timeout, sequence number = 1730
Timeout, sequence number = 1766
Timeout, sequence number = 1768
Timeout, sequence number = 1784
Timeout, sequence number = 1785
[SR CLIENT] Sent data seq=1800
[SR CLIENT] Received ACK seq=1800
Timeout, sequence number = 1808
Timeout, sequence number = 1808
Timeout, sequence number = 1820
Timeout, sequence number = 1820
Timeout, sequence number = 1826
Timeout, sequence number = 1862
Timeout, sequence number = 1875
Timeout, sequence number = 1877
[SR CLIENT] Sent data seq=1900
[SR CLIENT] Received ACK seq=1900
Timeout, sequence number = 1919
Timeout, sequence number = 1923
Timeout, sequence number = 1954
Timeout, sequence number = 1958
Timeout, sequence number = 1989
[SR CLIENT] Sent data seq=2000
[SR CLIENT] Received ACK seq=2000
Timeout, sequence number = 2049
Timeout, sequence number = 2054
Timeout, sequence number = 2055
Timeout, sequence number = 2066
Timeout, sequence number = 2067
Timeout, sequence number = 2092
[SR CLIENT] Sent data seq=2100
[SR CLIENT] Received ACK seq=2100
Timeout, sequence number = 2110
Timeout, sequence number = 2155
[SR CLIENT] Sent data seq=2200
[SR CLIENT] Received ACK seq=2200
Timeout, sequence number = 2205
Timeout, sequence number = 2212
Timeout, sequence number = 2231
Timeout, sequence number = 2249
Timeout, sequence number = 2275
Timeout, sequence number = 2278
Timeout, sequence number = 2286
[SR CLIENT] Sent data seq=2300
[SR CLIENT] Received ACK seq=2300
Timeout, sequence number = 2307
Timeout, sequence number = 2327
Timeout, sequence number = 2328
Timeout, sequence number = 2328
Timeout, sequence number = 2328
Timeout, sequence number = 2358
Timeout, sequence number = 2364
Timeout, sequence number = 2387
Timeout, sequence number = 2390
[SR CLIENT] Sent data seq=2400
[SR CLIENT] Received ACK seq=2400
[SR CLIENT] Summary: sent_packets=2401, ack_packets=2401, retransmitted_packets=138, timeout_events=138
Transfer complete. Delay = 91.287397 seconds

=== STDERR ===
