=== STDOUT ===
[SR CLIENT] Starting transfer: server=10.153.27.102:7735, file=demo_input.bin, N=64, MSS=500, total_segments=2401
[SR CLIENT] Sent data seq=0
[SR CLIENT] Sent data seq=1
[SR CLIENT] Sent data seq=2
[SR CLIENT] Sent data seq=3
[SR CLIENT] Sent data seq=4
[SR CLIENT] Received ACK seq=0
[SR CLIENT] Received ACK seq=1
[SR CLIENT] Received ACK seq=2
[SR CLIENT] Received ACK seq=3
[SR CLIENT] Received ACK seq=4
[SR CLIENT] Sent data seq=100
[SR CLIENT] Received ACK seq=100
Timeout, sequence number = 37
Timeout, sequence number = 108
Timeout, sequence number = 111
[SR CLIENT] Sent data seq=200
[SR CLIENT] Received ACK seq=200
Timeout, sequence number = 220
[SR CLIENT] Sent data seq=300
[SR CLIENT] Received ACK seq=300
Timeout, sequence number = 241
Timeout, sequence number = 313
Timeout, sequence number = 343
[SR CLIENT] Sent data seq=400
[SR CLIENT] Received ACK seq=400
Timeout, sequence number = 391
Timeout, sequence number = 424
Timeout, sequence number = 438
[SR CLIENT] Sent data seq=500
[SR CLIENT] Received ACK seq=500
Timeout, sequence number = 459
Timeout, sequence number = 474
Timeout, sequence number = 530
Timeout, sequence number = 551
Timeout, sequence number = 557
[SR CLIENT] Sent data seq=600
[SR CLIENT] Received ACK seq=600
Timeout, sequence number = 618
Timeout, sequence number = 627
Timeout, sequence number = 628
Timeout, sequence number = 660
[SR CLIENT] Sent data seq=700
[SR CLIENT] Received ACK seq=700
Timeout, sequence number = 728
[SR CLIENT] Sent data seq=800
[SR CLIENT] Received ACK seq=800
Timeout, sequence number = 809
Timeout, sequence number = 814
Timeout, sequence number = 820
[SR CLIENT] Sent data seq=900
[SR CLIENT] Received ACK seq=900
Timeout, sequence number = 904
Timeout, sequence number = 962
Timeout, sequence number = 904
[SR CLIENT] Sent data seq=1000
[SR CLIENT] Received ACK seq=1000
[SR CLIENT] Sent data seq=1100
[SR CLIENT] Received ACK seq=1100
Timeout, sequence number = 1082
Timeout, sequence number = 1087
Timeout, sequence number = 1111
Timeout, sequence number = 1128
[SR CLIENT] Sent data seq=1200
[SR CLIENT] Received ACK seq=1200
Timeout, sequence number = 1160
Timeout, sequence number = 1227
Timeout, sequence number = 1239
Timeout, sequence number = 1243
Timeout, sequence number = 1255
[SR CLIENT] Sent data seq=1300
[SR CLIENT] Received ACK seq=1300
[SR CLIENT] Sent data seq=1400
[SR CLIENT] Received ACK seq=1400
Timeout, sequence number = 1349
[SR CLIENT] Sent data seq=1500
[SR CLIENT] Received ACK seq=1500
Timeout, sequence number = 1437
Timeout, sequence number = 1464
Timeout, sequence number = 1465
Timeout, sequence number = 1508
[SR CLIENT] Sent data seq=1600
[SR CLIENT] Received ACK seq=1600
[SR CLIENT] Sent data seq=1700
[SR CLIENT] Received ACK seq=1700
Timeout, sequence number = 1650
Timeout, sequence number = 1680
Timeout, sequence number = 1687
[SR CLIENT] Sent data seq=1800
[SR CLIENT] Received ACK seq=1800
Timeout, sequence number = 1739
Timeout, sequence number = 1813
Timeout, sequence number = 1836
Timeout, sequence number = 1849
[SR CLIENT] Sent data seq=1900
Timeout, sequence number = 1900
Timeout, sequence number = 1906
Timeout, sequence number = 1920
Timeout, sequence number = 1939
[SR CLIENT] Received ACK seq=1900
[SR CLIENT] Sent data seq=2000
[SR CLIENT] Received ACK seq=2000
[SR CLIENT] Sent data seq=2100
[SR CLIENT] Received ACK seq=2100
[SR CLIENT] Sent data seq=2200
[SR CLIENT] Received ACK seq=2200
[SR CLIENT] Sent data seq=2300
[SR CLIENT] Received ACK seq=2300
Timeout, sequence number = 2238
Timeout, sequence number = 2265
[SR CLIENT] Sent data seq=2400
[SR CLIENT] Received ACK seq=2400
Timeout, sequence number = 2347
Timeout, sequence number = 2381
[SR CLIENT] Summary: sent_packets=2401, ack_packets=2401, retransmitted_packets=55, timeout_events=55
Transfer complete. Delay = 13.131249 seconds

=== STDERR ===
