=== STDOUT ===
[SR CLIENT] Starting transfer: server=10.153.27.102:7735, file=demo_input.bin, N=64, MSS=500, total_segments=2401
[SR CLIENT] Sent data seq=0
[SR CLIENT] Sent data seq=1
[SR CLIENT] Sent data seq=2
[SR CLIENT] Sent data seq=3
[SR CLIENT] Sent data seq=4
[SR CLIENT] Received ACK seq=0
[SR CLIENT] Received ACK seq=1
[SR CLIENT] Received ACK seq=2
[SR CLIENT] Received ACK seq=3
[SR CLIENT] Received ACK seq=4
Timeout, sequence number = 31
Timeout, sequence number = 32
Timeout, sequence number = 33
Timeout, sequence number = 45
Timeout, sequence number = 53
Timeout, sequence number = 59
Timeout, sequence number = 68
Timeout, sequence number = 71
[SR CLIENT] Sent data seq=100
[SR CLIENT] Received ACK seq=100
Timeout, sequence number = 131
Timeout, sequence number = 132
Timeout, sequence number = 153
[SR CLIENT] Sent data seq=200
[SR CLIENT] Received ACK seq=200
Timeout, sequence number = 162
Timeout, sequence number = 178
Timeout, sequence number = 179
Timeout, sequence number = 180
Timeout, sequence number = 223
[SR CLIENT] Sent data seq=300
[SR CLIENT] Received ACK seq=300
Timeout, sequence number = 245
Timeout, sequence number = 274
Timeout, sequence number = 297
[SR CLIENT] Sent data seq=400
[SR CLIENT] Received ACK seq=400
Timeout, sequence number = 342
Timeout, sequence number = 363
Timeout, sequence number = 375
Timeout, sequence number = 389
Timeout, sequence number = 416
Timeout, sequence number = 363
Timeout, sequence number = 428
Timeout, sequence number = 435
Timeout, sequence number = 440
Timeout, sequence number = 444
Timeout, sequence number = 472
Timeout, sequence number = 428
Timeout, sequence number = 440
[SR CLIENT] Sent data seq=500
[SR CLIENT] Received ACK seq=500
Timeout, sequence number = 494
Timeout, sequence number = 549
[SR CLIENT] Sent data seq=600
[SR CLIENT] Received ACK seq=600
Timeout, sequence number = 583
[SR CLIENT] Sent data seq=700
[SR CLIENT] Received ACK seq=700
Timeout, sequence number = 722
Timeout, sequence number = 750
Timeout, sequence number = 754
[SR CLIENT] Sent data seq=800
[SR CLIENT] Received ACK seq=800
Timeout, sequence number = 787
Timeout, sequence number = 806
Timeout, sequence number = 810
Timeout, sequence number = 830
[SR CLIENT] Sent data seq=900
[SR CLIENT] Received ACK seq=900
Timeout, sequence number = 859
Timeout, sequence number = 860
Timeout, sequence number = 879
Timeout, sequence number = 885
Timeout, sequence number = 898
Timeout, sequence number = 885
Timeout, sequence number = 925
[SR CLIENT] Sent data seq=1000
[SR CLIENT] Received ACK seq=1000
Timeout, sequence number = 954
Timeout, sequence number = 983
Timeout, sequence number = 997
Timeout, sequence number = 999
Timeout, sequence number = 1001
Timeout, sequence number = 1004
Timeout, sequence number = 1017
Timeout, sequence number = 1026
Timeout, sequence number = 1051
Timeout, sequence number = 1059
Timeout, sequence number = 1071
Timeout, sequence number = 1078
[SR CLIENT] Sent data seq=1100
[SR CLIENT] Received ACK seq=1100
Timeout, sequence number = 1119
Timeout, sequence number = 1159
Timeout, sequence number = 1175
[SR CLIENT] Sent data seq=1200
[SR CLIENT] Received ACK seq=1200
Timeout, sequence number = 1224
Timeout, sequence number = 1225
[SR CLIENT] Sent data seq=1300
Timeout, sequence number = 1257
Timeout, sequence number = 1259
Timeout, sequence number = 1264
[SR CLIENT] Received ACK seq=1300
Timeout, sequence number = 1288
Timeout, sequence number = 1296
Timeout, sequence number = 1304
Timeout, sequence number = 1307
Timeout, sequence number = 1337
Timeout, sequence number = 1347
[SR CLIENT] Sent data seq=1400
[SR CLIENT] Received ACK seq=1400
Timeout, sequence number = 1378
Timeout, sequence number = 1385
Timeout, sequence number = 1405
Timeout, sequence number = 1427
[SR CLIENT] Sent data seq=1500
[SR CLIENT] Received ACK seq=1500
Timeout, sequence number = 1447
Timeout, sequence number = 1450
Timeout, sequence number = 1471
Timeout, sequence number = 1491
Timeout, sequence number = 1502
Timeout, sequence number = 1528
Timeout, sequence number = 1531
Timeout, sequence number = 1552
[SR CLIENT] Sent data seq=1600
[SR CLIENT] Received ACK seq=1600
Timeout, sequence number = 1598
Timeout, sequence number = 1624
Timeout, sequence number = 1632
Timeout, sequence number = 1637
Timeout, sequence number = 1660
[SR CLIENT] Sent data seq=1700
[SR CLIENT] Received ACK seq=1700
Timeout, sequence number = 1664
Timeout, sequence number = 1727
Timeout, sequence number = 1728
Timeout, sequence number = 1731
Timeout, sequence number = 1738
Timeout, sequence number = 1740
Timeout, sequence number = 1763
Timeout, sequence number = 1775
Timeout, sequence number = 1731
[SR CLIENT] Sent data seq=1800
[SR CLIENT] Received ACK seq=1800
[SR CLIENT] Sent data seq=1900
[SR CLIENT] Received ACK seq=1900
Timeout, sequence number = 1854
Timeout, sequence number = 1866
Timeout, sequence number = 1869
Timeout, sequence number = 1877
Timeout, sequence number = 1904
Timeout, sequence number = 1916
[SR CLIENT] Sent data seq=2000
[SR CLIENT] Received ACK seq=2000
Timeout, sequence number = 1946
Timeout, sequence number = 1957
Timeout, sequence number = 1967
Timeout, sequence number = 1972
[SR CLIENT] Sent data seq=2100
[SR CLIENT] Received ACK seq=2100
Timeout, sequence number = 2067
Timeout, sequence number = 2119
[SR CLIENT] Sent data seq=2200
[SR CLIENT] Received ACK seq=2200
Timeout, sequence number = 2186
Timeout, sequence number = 2236
[SR CLIENT] Sent data seq=2300
[SR CLIENT] Received ACK seq=2300
Timeout, sequence number = 2250
Timeout, sequence number = 2285
Timeout, sequence number = 2289
Timeout, sequence number = 2303
Timeout, sequence number = 2313
Timeout, sequence number = 2329
Timeout, sequence number = 2344
Timeout, sequence number = 2346
Timeout, sequence number = 2386
Timeout, sequence number = 2390
[SR CLIENT] Sent data seq=2400
[SR CLIENT] Received ACK seq=2400
[SR CLIENT] Summary: sent_packets=2401, ack_packets=2401, retransmitted_packets=125, timeout_events=125
Transfer complete. Delay = 17.221486 seconds

=== STDERR ===
