=== STDOUT ===
[SR CLIENT] Starting transfer: server=10.153.27.102:7735, file=demo_input.bin, N=64, MSS=200, total_segments=6001
[SR CLIENT] Sent data seq=0
[SR CLIENT] Sent data seq=1
[SR CLIENT] Sent data seq=2
[SR CLIENT] Sent data seq=3
[SR CLIENT] Sent data seq=4
[SR CLIENT] Received ACK seq=0
[SR CLIENT] Received ACK seq=1
[SR CLIENT] Received ACK seq=2
[SR CLIENT] Received ACK seq=3
[SR CLIENT] Received ACK seq=4
[SR CLIENT] Sent data seq=100
[SR CLIENT] Received ACK seq=100
Timeout, sequence number = 41
Timeout, sequence number = 47
Timeout, sequence number = 74
Timeout, sequence number = 90
[SR CLIENT] Sent data seq=200
[SR CLIENT] Received ACK seq=200
Timeout, sequence number = 145
Timeout, sequence number = 162
Timeout, sequence number = 188
Timeout, sequence number = 189
Timeout, sequence number = 198
Timeout, sequence number = 198
Timeout, sequence number = 233
Timeout, sequence number = 254
Timeout, sequence number = 257
[SR CLIENT] Sent data seq=300
[SR CLIENT] Received ACK seq=300
Timeout, sequence number = 270
Timeout, sequence number = 257
Timeout, sequence number = 304
Timeout, sequence number = 322
Timeout, sequence number = 326
[SR CLIENT] Sent data seq=400
[SR CLIENT] Received ACK seq=400
Timeout, sequence number = 379
Timeout, sequence number = 388
Timeout, sequence number = 401
Timeout, sequence number = 415
Timeout, sequence number = 424
Timeout, sequence number = 429
[SR CLIENT] Sent data seq=500
[SR CLIENT] Received ACK seq=500
Timeout, sequence number = 454
Timeout, sequence number = 474
Timeout, sequence number = 506
Timeout, sequence number = 514
Timeout, sequence number = 518
Timeout, sequence number = 565
[SR CLIENT] Sent data seq=600
[SR CLIENT] Received ACK seq=600
Timeout, sequence number = 602
Timeout, sequence number = 607
Timeout, sequence number = 616
[SR CLIENT] Sent data seq=700
[SR CLIENT] Received ACK seq=700
Timeout, sequence number = 675
Timeout, sequence number = 681
Timeout, sequence number = 698
Timeout, sequence number = 720
[SR CLIENT] Sent data seq=800
[SR CLIENT] Received ACK seq=800
Timeout, sequence number = 761
Timeout, sequence number = 777
Timeout, sequence number = 779
Timeout, sequence number = 824
[SR CLIENT] Sent data seq=900
[SR CLIENT] Received ACK seq=900
Timeout, sequence number = 843
Timeout, sequence number = 890
Timeout, sequence number = 930
Timeout, sequence number = 952
[SR CLIENT] Sent data seq=1000
[SR CLIENT] Received ACK seq=1000
Timeout, sequence number = 1026
[SR CLIENT] Sent data seq=1100
[SR CLIENT] Received ACK seq=1100
Timeout, sequence number = 1062
Timeout, sequence number = 1068
Timeout, sequence number = 1081
Timeout, sequence number = 1127
Timeout, sequence number = 1134
Timeout, sequence number = 1135
Timeout, sequence number = 1184
[SR CLIENT] Sent data seq=1200
[SR CLIENT] Received ACK seq=1200
Timeout, sequence number = 1206
Timeout, sequence number = 1207
Timeout, sequence number = 1218
Timeout, sequence number = 1222
Timeout, sequence number = 1230
Timeout, sequence number = 1244
Timeout, sequence number = 1261
[SR CLIENT] Sent data seq=1300
[SR CLIENT] Received ACK seq=1300
Timeout, sequence number = 1270
Timeout, sequence number = 1276
Timeout, sequence number = 1292
Timeout, sequence number = 1323
[SR CLIENT] Sent data seq=1400
[SR CLIENT] Received ACK seq=1400
Timeout, sequence number = 1339
Timeout, sequence number = 1351
Timeout, sequence number = 1352
Timeout, sequence number = 1353
Timeout, sequence number = 1369
Timeout, sequence number = 1395
[SR CLIENT] Sent data seq=1500
[SR CLIENT] Received ACK seq=1500
Timeout, sequence number = 1457
Timeout, sequence number = 1477
[SR CLIENT] Sent data seq=1600
[SR CLIENT] Received ACK seq=1600
Timeout, sequence number = 1587
Timeout, sequence number = 1594
Timeout, sequence number = 1622
Timeout, sequence number = 1647
Timeout, sequence number = 1648
[SR CLIENT] Sent data seq=1700
[SR CLIENT] Received ACK seq=1700
Timeout, sequence number = 1666
Timeout, sequence number = 1707
[SR CLIENT] Sent data seq=1800
[SR CLIENT] Received ACK seq=1800
Timeout, sequence number = 1746
Timeout, sequence number = 1755
Timeout, sequence number = 1758
Timeout, sequence number = 1802
Timeout, sequence number = 1806
Timeout, sequence number = 1809
[SR CLIENT] Sent data seq=1900
[SR CLIENT] Received ACK seq=1900
Timeout, sequence number = 1844
Timeout, sequence number = 1865
Timeout, sequence number = 1867
[SR CLIENT] Sent data seq=2000
[SR CLIENT] Received ACK seq=2000
Timeout, sequence number = 1937
Timeout, sequence number = 1941
Timeout, sequence number = 1953
Timeout, sequence number = 1954
Timeout, sequence number = 1973
Timeout, sequence number = 1985
Timeout, sequence number = 1995
Timeout, sequence number = 2011
Timeout, sequence number = 2045
Timeout, sequence number = 2049
Timeout, sequence number = 2062
Timeout, sequence number = 2066
Timeout, sequence number = 2011
Timeout, sequence number = 2011
[SR CLIENT] Sent data seq=2100
[SR CLIENT] Received ACK seq=2100
Timeout, sequence number = 2086
Timeout, sequence number = 2099
Timeout, sequence number = 2114
Timeout, sequence number = 2133
Timeout, sequence number = 2137
Timeout, sequence number = 2142
[SR CLIENT] Sent data seq=2200
[SR CLIENT] Received ACK seq=2200
Timeout, sequence number = 2151
Timeout, sequence number = 2161
Timeout, sequence number = 2185
Timeout, sequence number = 2193
Timeout, sequence number = 2206
Timeout, sequence number = 2209
Timeout, sequence number = 2236
Timeout, sequence number = 2251
Timeout, sequence number = 2268
Timeout, sequence number = 2270
Timeout, sequence number = 2283
Timeout, sequence number = 2291
[SR CLIENT] Sent data seq=2300
Timeout, sequence number = 2300
Timeout, sequence number = 2318
Timeout, sequence number = 2330
[SR CLIENT] Received ACK seq=2300
[SR CLIENT] Sent data seq=2400
[SR CLIENT] Received ACK seq=2400
Timeout, sequence number = 2374
Timeout, sequence number = 2396
[SR CLIENT] Sent data seq=2500
[SR CLIENT] Received ACK seq=2500
Timeout, sequence number = 2454
Timeout, sequence number = 2460
Timeout, sequence number = 2462
Timeout, sequence number = 2463
Timeout, sequence number = 2495
[SR CLIENT] Sent data seq=2600
[SR CLIENT] Received ACK seq=2600
Timeout, sequence number = 2537
Timeout, sequence number = 2575
Timeout, sequence number = 2603
Timeout, sequence number = 2609
Timeout, sequence number = 2624
Timeout, sequence number = 2639
Timeout, sequence number = 2666
[SR CLIENT] Sent data seq=2700
Timeout, sequence number = 2639
Timeout, sequence number = 2685
Timeout, sequence number = 2686
Timeout, sequence number = 2700
[SR CLIENT] Received ACK seq=2700
Timeout, sequence number = 2724
Timeout, sequence number = 2730
Timeout, sequence number = 2759
Timeout, sequence number = 2773
Timeout, sequence number = 2782
[SR CLIENT] Sent data seq=2800
[SR CLIENT] Received ACK seq=2800
Timeout, sequence number = 2791
Timeout, sequence number = 2812
Timeout, sequence number = 2825
Timeout, sequence number = 2833
Timeout, sequence number = 2791
[SR CLIENT] Sent data seq=2900
[SR CLIENT] Received ACK seq=2900
Timeout, sequence number = 2874
Timeout, sequence number = 2879
Timeout, sequence number = 2903
[SR CLIENT] Sent data seq=3000
[SR CLIENT] Received ACK seq=3000
Timeout, sequence number = 2964
Timeout, sequence number = 2975
Timeout, sequence number = 3023
Timeout, sequence number = 3028
Timeout, sequence number = 3050
Timeout, sequence number = 3091
[SR CLIENT] Sent data seq=3100
[SR CLIENT] Received ACK seq=3100
Timeout, sequence number = 3094
Timeout, sequence number = 3095
Timeout, sequence number = 3106
Timeout, sequence number = 3131
Timeout, sequence number = 3134
Timeout, sequence number = 3138
Timeout, sequence number = 3146
[SR CLIENT] Sent data seq=3200
[SR CLIENT] Received ACK seq=3200
Timeout, sequence number = 3162
Timeout, sequence number = 3177
Timeout, sequence number = 3193
Timeout, sequence number = 3205
Timeout, sequence number = 3217
Timeout, sequence number = 3222
Timeout, sequence number = 3205
[SR CLIENT] Sent data seq=3300
Timeout, sequence number = 3238
Timeout, sequence number = 3246
Timeout, sequence number = 3259
[SR CLIENT] Received ACK seq=3300
Timeout, sequence number = 3279
Timeout, sequence number = 3303
Timeout, sequence number = 3321
Timeout, sequence number = 3332
Timeout, sequence number = 3303
[SR CLIENT] Sent data seq=3400
[SR CLIENT] Received ACK seq=3400
Timeout, sequence number = 3416
Timeout, sequence number = 3432
Timeout, sequence number = 3438
[SR CLIENT] Sent data seq=3500
[SR CLIENT] Received ACK seq=3500
Timeout, sequence number = 3524
Timeout, sequence number = 3531
Timeout, sequence number = 3532
Timeout, sequence number = 3549
Timeout, sequence number = 3557
[SR CLIENT] Sent data seq=3600
Timeout, sequence number = 3600
Timeout, sequence number = 3622
Timeout, sequence number = 3623
Timeout, sequence number = 3636
Timeout, sequence number = 3637
[SR CLIENT] Received ACK seq=3600
[SR CLIENT] Sent data seq=3700
Timeout, sequence number = 3680
Timeout, sequence number = 3685
Timeout, sequence number = 3700
Timeout, sequence number = 3719
Timeout, sequence number = 3700
[SR CLIENT] Received ACK seq=3700
[SR CLIENT] Sent data seq=3800
[SR CLIENT] Received ACK seq=3800
Timeout, sequence number = 3801
[SR CLIENT] Sent data seq=3900
Timeout, sequence number = 3842
Timeout, sequence number = 3848
[SR CLIENT] Received ACK seq=3900
Timeout, sequence number = 3890
Timeout, sequence number = 3892
Timeout, sequence number = 3936
Timeout, sequence number = 3943
Timeout, sequence number = 3945
Timeout, sequence number = 3949
[SR CLIENT] Sent data seq=4000
[SR CLIENT] Received ACK seq=4000
Timeout, sequence number = 3958
Timeout, sequence number = 3974
Timeout, sequence number = 3988
Timeout, sequence number = 4002
Timeout, sequence number = 4007
Timeout, sequence number = 4011
[SR CLIENT] Sent data seq=4100
[SR CLIENT] Received ACK seq=4100
Timeout, sequence number = 4078
Timeout, sequence number = 4090
Timeout, sequence number = 4111
Timeout, sequence number = 4121
Timeout, sequence number = 4127
[SR CLIENT] Sent data seq=4200
[SR CLIENT] Received ACK seq=4200
Timeout, sequence number = 4194
Timeout, sequence number = 4214
Timeout, sequence number = 4219
Timeout, sequence number = 4231
Timeout, sequence number = 4236
Timeout, sequence number = 4254
Timeout, sequence number = 4256
[SR CLIENT] Sent data seq=4300
[SR CLIENT] Received ACK seq=4300
Timeout, sequence number = 4256
Timeout, sequence number = 4262
Timeout, sequence number = 4273
Timeout, sequence number = 4276
Timeout, sequence number = 4299
Timeout, sequence number = 4332
[SR CLIENT] Sent data seq=4400
[SR CLIENT] Received ACK seq=4400
Timeout, sequence number = 4369
Timeout, sequence number = 4390
Timeout, sequence number = 4411
[SR CLIENT] Sent data seq=4500
[SR CLIENT] Received ACK seq=4500
Timeout, sequence number = 4480
Timeout, sequence number = 4482
Timeout, sequence number = 4485
Timeout, sequence number = 4514
Timeout, sequence number = 4523
Timeout, sequence number = 4537
Timeout, sequence number = 4538
Timeout, sequence number = 4540
[SR CLIENT] Sent data seq=4600
[SR CLIENT] Received ACK seq=4600
Timeout, sequence number = 4559
Timeout, sequence number = 4560
Timeout, sequence number = 4577
Timeout, sequence number = 4595
Timeout, sequence number = 4617
Timeout, sequence number = 4621
Timeout, sequence number = 4633
Timeout, sequence number = 4595
[SR CLIENT] Sent data seq=4700
[SR CLIENT] Received ACK seq=4700
Timeout, sequence number = 4675
Timeout, sequence number = 4733
[SR CLIENT] Sent data seq=4800
[SR CLIENT] Received ACK seq=4800
Timeout, sequence number = 4739
Timeout, sequence number = 4756
Timeout, sequence number = 4767
Timeout, sequence number = 4775
Timeout, sequence number = 4781
Timeout, sequence number = 4812
Timeout, sequence number = 4841
Timeout, sequence number = 4857
[SR CLIENT] Sent data seq=4900
Timeout, sequence number = 4869
[SR CLIENT] Received ACK seq=4900
Timeout, sequence number = 4890
Timeout, sequence number = 4903
Timeout, sequence number = 4908
[SR CLIENT] Sent data seq=5000
Timeout, sequence number = 4952
[SR CLIENT] Received ACK seq=5000
Timeout, sequence number = 4965
Timeout, sequence number = 4975
Timeout, sequence number = 4991
Timeout, sequence number = 5011
Timeout, sequence number = 5024
[SR CLIENT] Sent data seq=5100
[SR CLIENT] Received ACK seq=5100
Timeout, sequence number = 5043
Timeout, sequence number = 5050
Timeout, sequence number = 5053
Timeout, sequence number = 5076
Timeout, sequence number = 5082
Timeout, sequence number = 5082
Timeout, sequence number = 5127
Timeout, sequence number = 5135
Timeout, sequence number = 5141
Timeout, sequence number = 5145
[SR CLIENT] Sent data seq=5200
[SR CLIENT] Received ACK seq=5200
Timeout, sequence number = 5158
Timeout, sequence number = 5189
Timeout, sequence number = 5193
[SR CLIENT] Sent data seq=5300
[SR CLIENT] Received ACK seq=5300
Timeout, sequence number = 5297
Timeout, sequence number = 5308
Timeout, sequence number = 5354
[SR CLIENT] Sent data seq=5400
[SR CLIENT] Received ACK seq=5400
Timeout, sequence number = 5363
Timeout, sequence number = 5382
Timeout, sequence number = 5416
[SR CLIENT] Sent data seq=5500
[SR CLIENT] Received ACK seq=5500
Timeout, sequence number = 5440
Timeout, sequence number = 5450
Timeout, sequence number = 5460
Timeout, sequence number = 5514
Timeout, sequence number = 5530
Timeout, sequence number = 5556
[SR CLIENT] Sent data seq=5600
Timeout, sequence number = 5600
Timeout, sequence number = 5629
Timeout, sequence number = 5642
Timeout, sequence number = 5647
Timeout, sequence number = 5653
Timeout, sequence number = 5654
[SR CLIENT] Received ACK seq=5600
[SR CLIENT] Sent data seq=5700
[SR CLIENT] Received ACK seq=5700
Timeout, sequence number = 5653
Timeout, sequence number = 5654
Timeout, sequence number = 5664
Timeout, sequence number = 5667
Timeout, sequence number = 5702
Timeout, sequence number = 5707
Timeout, sequence number = 5712
Timeout, sequence number = 5735
Timeout, sequence number = 5741
Timeout, sequence number = 5768
Timeout, sequence number = 5786
[SR CLIENT] Sent data seq=5800
[SR CLIENT] Received ACK seq=5800
Timeout, sequence number = 5834
Timeout, sequence number = 5867
Timeout, sequence number = 5888
[SR CLIENT] Sent data seq=5900
[SR CLIENT] Received ACK seq=5900
Timeout, sequence number = 5898
Timeout, sequence number = 5928
Timeout, sequence number = 5931
[SR CLIENT] Sent data seq=6000
[SR CLIENT] Received ACK seq=6000
Timeout, sequence number = 5969
Timeout, sequence number = 5973
[SR CLIENT] Summary: sent_packets=6001, ack_packets=6001, retransmitted_packets=322, timeout_events=322
Transfer complete. Delay = 44.353573 seconds

=== STDERR ===
