=== STDOUT ===
[SR CLIENT] Starting transfer: server=10.153.27.102:7735, file=demo_input.bin, N=64, MSS=500, total_segments=2401
[SR CLIENT] Sent data seq=0
[SR CLIENT] Sent data seq=1
[SR CLIENT] Sent data seq=2
[SR CLIENT] Sent data seq=3
[SR CLIENT] Sent data seq=4
[SR CLIENT] Received ACK seq=0
[SR CLIENT] Received ACK seq=1
[SR CLIENT] Received ACK seq=2
[SR CLIENT] Received ACK seq=3
[SR CLIENT] Received ACK seq=4
Timeout, sequence number = 23
Timeout, sequence number = 29
Timeout, sequence number = 30
Timeout, sequence number = 32
Timeout, sequence number = 33
Timeout, sequence number = 35
Timeout, sequence number = 41
Timeout, sequence number = 44
[SR CLIENT] Sent data seq=100
Timeout, sequence number = 68
Timeout, sequence number = 91
Timeout, sequence number = 97
Timeout, sequence number = 100
Timeout, sequence number = 113
Timeout, sequence number = 120
Timeout, sequence number = 128
Timeout, sequence number = 151
Timeout, sequence number = 100
[SR CLIENT] Received ACK seq=100
Timeout, sequence number = 161
[SR CLIENT] Sent data seq=200
[SR CLIENT] Received ACK seq=200
Timeout, sequence number = 169
Timeout, sequence number = 175
Timeout, sequence number = 194
Timeout, sequence number = 201
Timeout, sequence number = 213
Timeout, sequence number = 215
Timeout, sequence number = 219
[SR CLIENT] Sent data seq=300
[SR CLIENT] Received ACK seq=300
Timeout, sequence number = 237
Timeout, sequence number = 241
Timeout, sequence number = 254
Timeout, sequence number = 264
Timeout, sequence number = 276
Timeout, sequence number = 282
Timeout, sequence number = 286
Timeout, sequence number = 297
Timeout, sequence number = 302
Timeout, sequence number = 305
Timeout, sequence number = 306
Timeout, sequence number = 342
Timeout, sequence number = 359
Timeout, sequence number = 365
[SR CLIENT] Sent data seq=400
[SR CLIENT] Received ACK seq=400
Timeout, sequence number = 380
Timeout, sequence number = 417
Timeout, sequence number = 419
Timeout, sequence number = 429
Timeout, sequence number = 431
Timeout, sequence number = 434
Timeout, sequence number = 417
Timeout, sequence number = 419
Timeout, sequence number = 445
[SR CLIENT] Sent data seq=500
[SR CLIENT] Received ACK seq=500
Timeout, sequence number = 484
Timeout, sequence number = 487
Timeout, sequence number = 512
Timeout, sequence number = 515
Timeout, sequence number = 519
Timeout, sequence number = 522
Timeout, sequence number = 537
Timeout, sequence number = 541
[SR CLIENT] Sent data seq=600
[SR CLIENT] Received ACK seq=600
Timeout, sequence number = 551
Timeout, sequence number = 560
Timeout, sequence number = 571
Timeout, sequence number = 591
Timeout, sequence number = 610
Timeout, sequence number = 615
Timeout, sequence number = 617
Timeout, sequence number = 623
Timeout, sequence number = 626
Timeout, sequence number = 628
Timeout, sequence number = 644
Timeout, sequence number = 650
Timeout, sequence number = 651
Timeout, sequence number = 670
Timeout, sequence number = 673
[SR CLIENT] Sent data seq=700
[SR CLIENT] Received ACK seq=700
Timeout, sequence number = 683
Timeout, sequence number = 711
Timeout, sequence number = 715
Timeout, sequence number = 721
Timeout, sequence number = 727
Timeout, sequence number = 739
Timeout, sequence number = 741
Timeout, sequence number = 746
[SR CLIENT] Sent data seq=800
[SR CLIENT] Received ACK seq=800
Timeout, sequence number = 749
Timeout, sequence number = 753
Timeout, sequence number = 756
Timeout, sequence number = 759
Timeout, sequence number = 765
Timeout, sequence number = 771
Timeout, sequence number = 772
Timeout, sequence number = 802
Timeout, sequence number = 812
Timeout, sequence number = 756
Timeout, sequence number = 765
Timeout, sequence number = 819
Timeout, sequence number = 820
Timeout, sequence number = 821
Timeout, sequence number = 845
Timeout, sequence number = 849
Timeout, sequence number = 852
Timeout, sequence number = 857
Timeout, sequence number = 859
Timeout, sequence number = 860
Timeout, sequence number = 866
Timeout, sequence number = 879
[SR CLIENT] Sent data seq=900
Timeout, sequence number = 884
Timeout, sequence number = 885
Timeout, sequence number = 886
Timeout, sequence number = 887
Timeout, sequence number = 888
Timeout, sequence number = 889
Timeout, sequence number = 890
Timeout, sequence number = 891
Timeout, sequence number = 892
Timeout, sequence number = 893
Timeout, sequence number = 894
Timeout, sequence number = 895
Timeout, sequence number = 896
Timeout, sequence number = 897
Timeout, sequence number = 898
Timeout, sequence number = 899
Timeout, sequence number = 900
Timeout, sequence number = 901
Timeout, sequence number = 902
Timeout, sequence number = 908
Timeout, sequence number = 911
Timeout, sequence number = 912
Timeout, sequence number = 913
Timeout, sequence number = 914
Timeout, sequence number = 915
Timeout, sequence number = 916
Timeout, sequence number = 917
Timeout, sequence number = 918
Timeout, sequence number = 919
Timeout, sequence number = 920
Timeout, sequence number = 921
Timeout, sequence number = 922
Timeout, sequence number = 923
Timeout, sequence number = 924
Timeout, sequence number = 925
Timeout, sequence number = 926
Timeout, sequence number = 928
Timeout, sequence number = 929
Timeout, sequence number = 930
Timeout, sequence number = 931
Timeout, sequence number = 932
Timeout, sequence number = 933
Timeout, sequence number = 934
Timeout, sequence number = 935
Timeout, sequence number = 936
Timeout, sequence number = 937
Timeout, sequence number = 939
Timeout, sequence number = 940
Timeout, sequence number = 941
Timeout, sequence number = 943
Timeout, sequence number = 944
Timeout, sequence number = 945
[SR CLIENT] Received ACK seq=900
Timeout, sequence number = 885
Timeout, sequence number = 889
Timeout, sequence number = 914
Timeout, sequence number = 917
Timeout, sequence number = 921
Timeout, sequence number = 929
Timeout, sequence number = 936
[SR CLIENT] Sent data seq=1000
[SR CLIENT] Received ACK seq=1000
Timeout, sequence number = 949
Timeout, sequence number = 950
Timeout, sequence number = 951
Timeout, sequence number = 952
Timeout, sequence number = 953
Timeout, sequence number = 954
Timeout, sequence number = 955
Timeout, sequence number = 956
Timeout, sequence number = 957
Timeout, sequence number = 958
Timeout, sequence number = 959
Timeout, sequence number = 960
Timeout, sequence number = 962
Timeout, sequence number = 978
Timeout, sequence number = 1007
Timeout, sequence number = 1011
Timeout, sequence number = 951
Timeout, sequence number = 1018
Timeout, sequence number = 1046
Timeout, sequence number = 1054
Timeout, sequence number = 1062
Timeout, sequence number = 1065
Timeout, sequence number = 1070
[SR CLIENT] Sent data seq=1100
[SR CLIENT] Received ACK seq=1100
Timeout, sequence number = 1091
Timeout, sequence number = 1098
Timeout, sequence number = 1103
Timeout, sequence number = 1109
Timeout, sequence number = 1114
Timeout, sequence number = 1117
Timeout, sequence number = 1125
Timeout, sequence number = 1127
Timeout, sequence number = 1128
Timeout, sequence number = 1138
Timeout, sequence number = 1145
Timeout, sequence number = 1151
[SR CLIENT] Sent data seq=1200
[SR CLIENT] Received ACK seq=1200
Timeout, sequence number = 1156
Timeout, sequence number = 1174
Timeout, sequence number = 1209
[SR CLIENT] Sent data seq=1300
[SR CLIENT] Received ACK seq=1300
Timeout, sequence number = 1247
Timeout, sequence number = 1254
Timeout, sequence number = 1256
Timeout, sequence number = 1271
Timeout, sequence number = 1280
Timeout, sequence number = 1285
Timeout, sequence number = 1290
Timeout, sequence number = 1311
Timeout, sequence number = 1313
Timeout, sequence number = 1317
Timeout, sequence number = 1318
Timeout, sequence number = 1322
Timeout, sequence number = 1329
Timeout, sequence number = 1332
Timeout, sequence number = 1337
Timeout, sequence number = 1340
Timeout, sequence number = 1360
Timeout, sequence number = 1373
[SR CLIENT] Sent data seq=1400
[SR CLIENT] Received ACK seq=1400
Timeout, sequence number = 1386
Timeout, sequence number = 1410
Timeout, sequence number = 1411
Timeout, sequence number = 1415
Timeout, sequence number = 1422
Timeout, sequence number = 1428
Timeout, sequence number = 1436
Timeout, sequence number = 1442
Timeout, sequence number = 1422
Timeout, sequence number = 1453
Timeout, sequence number = 1458
Timeout, sequence number = 1462
Timeout, sequence number = 1466
[SR CLIENT] Sent data seq=1500
[SR CLIENT] Received ACK seq=1500
Timeout, sequence number = 1458
Timeout, sequence number = 1491
Timeout, sequence number = 1492
Timeout, sequence number = 1499
Timeout, sequence number = 1507
Timeout, sequence number = 1519
[SR CLIENT] Sent data seq=1600
[SR CLIENT] Received ACK seq=1600
Timeout, sequence number = 1543
Timeout, sequence number = 1559
Timeout, sequence number = 1566
Timeout, sequence number = 1592
Timeout, sequence number = 1559
Timeout, sequence number = 1566
[SR CLIENT] Sent data seq=1700
[SR CLIENT] Received ACK seq=1700
Timeout, sequence number = 1655
Timeout, sequence number = 1662
Timeout, sequence number = 1674
Timeout, sequence number = 1682
Timeout, sequence number = 1685
Timeout, sequence number = 1698
Timeout, sequence number = 1703
Timeout, sequence number = 1685
Timeout, sequence number = 1729
Timeout, sequence number = 1734
Timeout, sequence number = 1748
[SR CLIENT] Sent data seq=1800
[SR CLIENT] Received ACK seq=1800
Timeout, sequence number = 1754
Timeout, sequence number = 1763
Timeout, sequence number = 1768
Timeout, sequence number = 1783
Timeout, sequence number = 1807
Timeout, sequence number = 1811
Timeout, sequence number = 1820
Timeout, sequence number = 1821
Timeout, sequence number = 1832
Timeout, sequence number = 1835
Timeout, sequence number = 1854
[SR CLIENT] Sent data seq=1900
[SR CLIENT] Received ACK seq=1900
Timeout, sequence number = 1896
Timeout, sequence number = 1905
Timeout, sequence number = 1915
Timeout, sequence number = 1920
Timeout, sequence number = 1928
Timeout, sequence number = 1936
Timeout, sequence number = 1942
Timeout, sequence number = 1950
[SR CLIENT] Sent data seq=2000
[SR CLIENT] Received ACK seq=2000
Timeout, sequence number = 1963
Timeout, sequence number = 1967
Timeout, sequence number = 1982
Timeout, sequence number = 1993
Timeout, sequence number = 2009
Timeout, sequence number = 1993
Timeout, sequence number = 2029
[SR CLIENT] Sent data seq=2100
[SR CLIENT] Received ACK seq=2100
Timeout, sequence number = 2058
Timeout, sequence number = 2059
Timeout, sequence number = 2071
Timeout, sequence number = 2076
Timeout, sequence number = 2087
Timeout, sequence number = 2091
Timeout, sequence number = 2124
Timeout, sequence number = 2126
Timeout, sequence number = 2128
Timeout, sequence number = 2138
Timeout, sequence number = 2154
Timeout, sequence number = 2156
Timeout, sequence number = 2172
Timeout, sequence number = 2185
[SR CLIENT] Sent data seq=2200
[SR CLIENT] Received ACK seq=2200
Timeout, sequence number = 2197
Timeout, sequence number = 2224
Timeout, sequence number = 2228
Timeout, sequence number = 2230
Timeout, sequence number = 2231
Timeout, sequence number = 2232
Timeout, sequence number = 2233
Timeout, sequence number = 2234
Timeout, sequence number = 2235
Timeout, sequence number = 2237
Timeout, sequence number = 2239
Timeout, sequence number = 2255
Timeout, sequence number = 2230
[SR CLIENT] Sent data seq=2300
[SR CLIENT] Received ACK seq=2300
Timeout, sequence number = 2271
Timeout, sequence number = 2274
Timeout, sequence number = 2280
Timeout, sequence number = 2292
Timeout, sequence number = 2293
Timeout, sequence number = 2297
Timeout, sequence number = 2299
Timeout, sequence number = 2322
Timeout, sequence number = 2330
Timeout, sequence number = 2274
[SR CLIENT] Sent data seq=2400
[SR CLIENT] Received ACK seq=2400
Timeout, sequence number = 2378
Timeout, sequence number = 2389
Timeout, sequence number = 2395
Timeout, sequence number = 2398
Timeout, sequence number = 2378
[SR CLIENT] Summary: sent_packets=2401, ack_packets=2401, retransmitted_packets=320, timeout_events=320
Transfer complete. Delay = 22.874758 seconds

=== STDERR ===
