=== STDOUT ===
[SR CLIENT] Starting transfer: server=10.153.27.102:7735, file=demo_input.bin, N=64, MSS=500, total_segments=2401
[SR CLIENT] Sent data seq=0
[SR CLIENT] Sent data seq=1
[SR CLIENT] Sent data seq=2
[SR CLIENT] Sent data seq=3
[SR CLIENT] Sent data seq=4
[SR CLIENT] Received ACK seq=0
[SR CLIENT] Received ACK seq=1
[SR CLIENT] Received ACK seq=3
[SR CLIENT] Received ACK seq=4
Timeout, sequence number = 2
Timeout, sequence number = 9
[SR CLIENT] Received ACK seq=2
[SR CLIENT] Sent data seq=100
[SR CLIENT] Received ACK seq=100
Timeout, sequence number = 70
Timeout, sequence number = 72
Timeout, sequence number = 134
Timeout, sequence number = 161
Timeout, sequence number = 177
Timeout, sequence number = 184
Timeout, sequence number = 192
[SR CLIENT] Sent data seq=200
[SR CLIENT] Received ACK seq=200
Timeout, sequence number = 184
Timeout, sequence number = 236
[SR CLIENT] Sent data seq=300
[SR CLIENT] Received ACK seq=300
Timeout, sequence number = 284
Timeout, sequence number = 286
Timeout, sequence number = 333
Timeout, sequence number = 336
Timeout, sequence number = 337
Timeout, sequence number = 345
Timeout, sequence number = 359
Timeout, sequence number = 385
Timeout, sequence number = 393
Timeout, sequence number = 333
[SR CLIENT] Sent data seq=400
[SR CLIENT] Received ACK seq=400
Timeout, sequence number = 398
Timeout, sequence number = 405
Timeout, sequence number = 429
Timeout, sequence number = 431
Timeout, sequence number = 453
Timeout, sequence number = 458
Timeout, sequence number = 461
Timeout, sequence number = 429
Timeout, sequence number = 462
[SR CLIENT] Sent data seq=500
[SR CLIENT] Received ACK seq=500
Timeout, sequence number = 511
Timeout, sequence number = 538
Timeout, sequence number = 560
Timeout, sequence number = 572
Timeout, sequence number = 574
[SR CLIENT] Sent data seq=600
Timeout, sequence number = 586
Timeout, sequence number = 600
Timeout, sequence number = 643
[SR CLIENT] Received ACK seq=600
[SR CLIENT] Sent data seq=700
[SR CLIENT] Received ACK seq=700
Timeout, sequence number = 662
Timeout, sequence number = 674
Timeout, sequence number = 679
Timeout, sequence number = 708
[SR CLIENT] Sent data seq=800
[SR CLIENT] Received ACK seq=800
Timeout, sequence number = 763
Timeout, sequence number = 779
Timeout, sequence number = 782
Timeout, sequence number = 816
Timeout, sequence number = 830
Timeout, sequence number = 848
Timeout, sequence number = 867
Timeout, sequence number = 868
Timeout, sequence number = 869
Timeout, sequence number = 870
Timeout, sequence number = 871
Timeout, sequence number = 872
Timeout, sequence number = 873
Timeout, sequence number = 874
Timeout, sequence number = 875
Timeout, sequence number = 876
Timeout, sequence number = 877
Timeout, sequence number = 878
Timeout, sequence number = 879
[SR CLIENT] Sent data seq=900
[SR CLIENT] Received ACK seq=900
Timeout, sequence number = 871
Timeout, sequence number = 903
Timeout, sequence number = 906
Timeout, sequence number = 909
Timeout, sequence number = 924
[SR CLIENT] Sent data seq=1000
Timeout, sequence number = 937
Timeout, sequence number = 960
Timeout, sequence number = 970
Timeout, sequence number = 995
Timeout, sequence number = 996
Timeout, sequence number = 997
Timeout, sequence number = 998
Timeout, sequence number = 999
Timeout, sequence number = 1000
Timeout, sequence number = 937
Timeout, sequence number = 960
[SR CLIENT] Received ACK seq=1000
Timeout, sequence number = 1005
Timeout, sequence number = 1018
Timeout, sequence number = 1036
Timeout, sequence number = 1059
[SR CLIENT] Sent data seq=1100
[SR CLIENT] Received ACK seq=1100
Timeout, sequence number = 1070
Timeout, sequence number = 1072
Timeout, sequence number = 1133
[SR CLIENT] Sent data seq=1200
[SR CLIENT] Received ACK seq=1200
Timeout, sequence number = 1147
Timeout, sequence number = 1164
Timeout, sequence number = 1173
Timeout, sequence number = 1215
Timeout, sequence number = 1224
Timeout, sequence number = 1230
Timeout, sequence number = 1232
Timeout, sequence number = 1248
Timeout, sequence number = 1262
Timeout, sequence number = 1270
[SR CLIENT] Sent data seq=1300
[SR CLIENT] Received ACK seq=1300
Timeout, sequence number = 1307
Timeout, sequence number = 1309
Timeout, sequence number = 1325
Timeout, sequence number = 1344
Timeout, sequence number = 1349
[SR CLIENT] Sent data seq=1400
[SR CLIENT] Received ACK seq=1400
Timeout, sequence number = 1373
Timeout, sequence number = 1382
[SR CLIENT] Sent data seq=1500
[SR CLIENT] Received ACK seq=1500
Timeout, sequence number = 1438
Timeout, sequence number = 1444
Timeout, sequence number = 1464
Timeout, sequence number = 1476
Timeout, sequence number = 1490
Timeout, sequence number = 1438
Timeout, sequence number = 1444
Timeout, sequence number = 1464
Timeout, sequence number = 1438
Timeout, sequence number = 1444
Timeout, sequence number = 1504
Timeout, sequence number = 1509
Timeout, sequence number = 1511
Timeout, sequence number = 1533
Timeout, sequence number = 1560
Timeout, sequence number = 1562
Timeout, sequence number = 1504
Timeout, sequence number = 1509
Timeout, sequence number = 1511
[SR CLIENT] Sent data seq=1600
[SR CLIENT] Received ACK seq=1600
Timeout, sequence number = 1568
Timeout, sequence number = 1606
Timeout, sequence number = 1606
Timeout, sequence number = 1655
[SR CLIENT] Sent data seq=1700
[SR CLIENT] Received ACK seq=1700
Timeout, sequence number = 1677
Timeout, sequence number = 1678
Timeout, sequence number = 1691
Timeout, sequence number = 1715
Timeout, sequence number = 1718
Timeout, sequence number = 1730
[SR CLIENT] Sent data seq=1800
[SR CLIENT] Received ACK seq=1800
Timeout, sequence number = 1742
Timeout, sequence number = 1747
Timeout, sequence number = 1748
Timeout, sequence number = 1774
Timeout, sequence number = 1786
Timeout, sequence number = 1792
Timeout, sequence number = 1809
Timeout, sequence number = 1835
Timeout, sequence number = 1849
Timeout, sequence number = 1867
[SR CLIENT] Sent data seq=1900
[SR CLIENT] Received ACK seq=1900
Timeout, sequence number = 1898
Timeout, sequence number = 1903
Timeout, sequence number = 1914
Timeout, sequence number = 1929
[SR CLIENT] Sent data seq=2000
[SR CLIENT] Received ACK seq=2000
Timeout, sequence number = 1992
Timeout, sequence number = 2015
Timeout, sequence number = 2016
Timeout, sequence number = 2017
Timeout, sequence number = 2018
Timeout, sequence number = 2019
Timeout, sequence number = 2020
Timeout, sequence number = 2021
Timeout, sequence number = 2022
Timeout, sequence number = 2023
Timeout, sequence number = 2024
Timeout, sequence number = 2025
Timeout, sequence number = 2026
Timeout, sequence number = 2027
Timeout, sequence number = 2028
Timeout, sequence number = 2029
Timeout, sequence number = 2055
Timeout, sequence number = 1992
Timeout, sequence number = 2023
Timeout, sequence number = 2028
Timeout, sequence number = 2029
Timeout, sequence number = 1992
Timeout, sequence number = 1992
[SR CLIENT] Sent data seq=2100
[SR CLIENT] Received ACK seq=2100
Timeout, sequence number = 2079
Timeout, sequence number = 2091
Timeout, sequence number = 2140
[SR CLIENT] Sent data seq=2200
[SR CLIENT] Received ACK seq=2200
Timeout, sequence number = 2147
Timeout, sequence number = 2161
Timeout, sequence number = 2174
Timeout, sequence number = 2202
Timeout, sequence number = 2211
Timeout, sequence number = 2212
Timeout, sequence number = 2213
Timeout, sequence number = 2214
Timeout, sequence number = 2215
Timeout, sequence number = 2216
Timeout, sequence number = 2217
Timeout, sequence number = 2218
Timeout, sequence number = 2219
Timeout, sequence number = 2220
Timeout, sequence number = 2221
Timeout, sequence number = 2222
Timeout, sequence number = 2223
Timeout, sequence number = 2224
Timeout, sequence number = 2225
Timeout, sequence number = 2226
Timeout, sequence number = 2227
Timeout, sequence number = 2228
Timeout, sequence number = 2229
Timeout, sequence number = 2230
Timeout, sequence number = 2231
Timeout, sequence number = 2232
Timeout, sequence number = 2233
Timeout, sequence number = 2234
Timeout, sequence number = 2235
Timeout, sequence number = 2236
Timeout, sequence number = 2237
Timeout, sequence number = 2238
Timeout, sequence number = 2239
Timeout, sequence number = 2240
Timeout, sequence number = 2241
Timeout, sequence number = 2242
Timeout, sequence number = 2243
Timeout, sequence number = 2232
Timeout, sequence number = 2240
[SR CLIENT] Sent data seq=2300
[SR CLIENT] Received ACK seq=2300
Timeout, sequence number = 2283
Timeout, sequence number = 2296
Timeout, sequence number = 2324
Timeout, sequence number = 2332
Timeout, sequence number = 2339
Timeout, sequence number = 2351
Timeout, sequence number = 2296
[SR CLIENT] Sent data seq=2400
[SR CLIENT] Received ACK seq=2400
Timeout, sequence number = 2369
Timeout, sequence number = 2399
[SR CLIENT] Summary: sent_packets=2401, ack_packets=2401, retransmitted_packets=218, timeout_events=218
Transfer complete. Delay = 24.425354 seconds

=== STDERR ===
