=== STDOUT ===
[SR CLIENT] Starting transfer: server=10.153.27.102:7735, file=demo_input.bin, N=64, MSS=500, total_segments=2401
[SR CLIENT] Sent data seq=0
[SR CLIENT] Sent data seq=1
[SR CLIENT] Sent data seq=2
[SR CLIENT] Sent data seq=3
[SR CLIENT] Sent data seq=4
[SR CLIENT] Received ACK seq=0
[SR CLIENT] Received ACK seq=1
[SR CLIENT] Received ACK seq=3
[SR CLIENT] Received ACK seq=4
Timeout, sequence number = 2
Timeout, sequence number = 32
Timeout, sequence number = 61
[SR CLIENT] Received ACK seq=2
Timeout, sequence number = 64
[SR CLIENT] Sent data seq=100
[SR CLIENT] Received ACK seq=100
Timeout, sequence number = 122
Timeout, sequence number = 140
Timeout, sequence number = 155
Timeout, sequence number = 183
[SR CLIENT] Sent data seq=200
[SR CLIENT] Received ACK seq=200
Timeout, sequence number = 206
Timeout, sequence number = 209
Timeout, sequence number = 210
[SR CLIENT] Sent data seq=300
Timeout, sequence number = 268
[SR CLIENT] Received ACK seq=300
Timeout, sequence number = 280
Timeout, sequence number = 291
Timeout, sequence number = 294
Timeout, sequence number = 323
Timeout, sequence number = 331
[SR CLIENT] Sent data seq=400
[SR CLIENT] Received ACK seq=400
Timeout, sequence number = 354
Timeout, sequence number = 362
Timeout, sequence number = 370
Timeout, sequence number = 430
[SR CLIENT] Sent data seq=500
Timeout, sequence number = 486
Timeout, sequence number = 491
[SR CLIENT] Received ACK seq=500
Timeout, sequence number = 496
Timeout, sequence number = 505
Timeout, sequence number = 540
[SR CLIENT] Sent data seq=600
[SR CLIENT] Received ACK seq=600
Timeout, sequence number = 596
Timeout, sequence number = 618
Timeout, sequence number = 641
Timeout, sequence number = 647
[SR CLIENT] Sent data seq=700
[SR CLIENT] Received ACK seq=700
Timeout, sequence number = 691
Timeout, sequence number = 726
Timeout, sequence number = 749
[SR CLIENT] Sent data seq=800
[SR CLIENT] Received ACK seq=800
Timeout, sequence number = 783
Timeout, sequence number = 803
Timeout, sequence number = 841
Timeout, sequence number = 783
Timeout, sequence number = 803
[SR CLIENT] Sent data seq=900
[SR CLIENT] Received ACK seq=900
Timeout, sequence number = 862
Timeout, sequence number = 863
Timeout, sequence number = 882
Timeout, sequence number = 883
[SR CLIENT] Sent data seq=1000
[SR CLIENT] Received ACK seq=1000
[SR CLIENT] Sent data seq=1100
[SR CLIENT] Received ACK seq=1100
Timeout, sequence number = 1054
Timeout, sequence number = 1055
Timeout, sequence number = 1065
[SR CLIENT] Sent data seq=1200
[SR CLIENT] Received ACK seq=1200
Timeout, sequence number = 1153
Timeout, sequence number = 1176
Timeout, sequence number = 1192
Timeout, sequence number = 1197
Timeout, sequence number = 1219
Timeout, sequence number = 1267
[SR CLIENT] Sent data seq=1300
[SR CLIENT] Received ACK seq=1300
Timeout, sequence number = 1332
Timeout, sequence number = 1349
[SR CLIENT] Sent data seq=1400
Timeout, sequence number = 1400
Timeout, sequence number = 1403
Timeout, sequence number = 1406
Timeout, sequence number = 1407
Timeout, sequence number = 1412
Timeout, sequence number = 1421
Timeout, sequence number = 1433
Timeout, sequence number = 1444
Timeout, sequence number = 1453
Timeout, sequence number = 1457
[SR CLIENT] Received ACK seq=1400
[SR CLIENT] Sent data seq=1500
[SR CLIENT] Received ACK seq=1500
Timeout, sequence number = 1477
Timeout, sequence number = 1482
Timeout, sequence number = 1484
Timeout, sequence number = 1501
Timeout, sequence number = 1505
Timeout, sequence number = 1520
[SR CLIENT] Sent data seq=1600
[SR CLIENT] Received ACK seq=1600
Timeout, sequence number = 1551
Timeout, sequence number = 1590
Timeout, sequence number = 1593
Timeout, sequence number = 1609
Timeout, sequence number = 1615
Timeout, sequence number = 1617
Timeout, sequence number = 1627
Timeout, sequence number = 1654
Timeout, sequence number = 1609
[SR CLIENT] Sent data seq=1700
Timeout, sequence number = 1700
Timeout, sequence number = 1709
Timeout, sequence number = 1716
Timeout, sequence number = 1720
[SR CLIENT] Received ACK seq=1700
Timeout, sequence number = 1709
Timeout, sequence number = 1765
[SR CLIENT] Sent data seq=1800
[SR CLIENT] Received ACK seq=1800
Timeout, sequence number = 1765
Timeout, sequence number = 1789
Timeout, sequence number = 1795
[SR CLIENT] Sent data seq=1900
[SR CLIENT] Received ACK seq=1900
Timeout, sequence number = 1840
Timeout, sequence number = 1847
Timeout, sequence number = 1853
Timeout, sequence number = 1871
Timeout, sequence number = 1907
Timeout, sequence number = 1920
Timeout, sequence number = 1946
Timeout, sequence number = 1957
Timeout, sequence number = 1958
Timeout, sequence number = 1907
[SR CLIENT] Sent data seq=2000
[SR CLIENT] Received ACK seq=2000
Timeout, sequence number = 1973
Timeout, sequence number = 1975
Timeout, sequence number = 1995
Timeout, sequence number = 2008
Timeout, sequence number = 2036
[SR CLIENT] Sent data seq=2100
[SR CLIENT] Received ACK seq=2100
Timeout, sequence number = 2051
Timeout, sequence number = 2110
[SR CLIENT] Sent data seq=2200
[SR CLIENT] Received ACK seq=2200
Timeout, sequence number = 2139
Timeout, sequence number = 2140
Timeout, sequence number = 2148
Timeout, sequence number = 2151
Timeout, sequence number = 2160
Timeout, sequence number = 2164
Timeout, sequence number = 2186
Timeout, sequence number = 2187
Timeout, sequence number = 2219
Timeout, sequence number = 2232
[SR CLIENT] Sent data seq=2300
[SR CLIENT] Received ACK seq=2300
Timeout, sequence number = 2272
Timeout, sequence number = 2283
Timeout, sequence number = 2298
Timeout, sequence number = 2299
Timeout, sequence number = 2301
Timeout, sequence number = 2323
[SR CLIENT] Sent data seq=2400
[SR CLIENT] Received ACK seq=2400
Timeout, sequence number = 2349
Timeout, sequence number = 2349
[SR CLIENT] Summary: sent_packets=2401, ack_packets=2401, retransmitted_packets=122, timeout_events=122
Transfer complete. Delay = 18.038137 seconds

=== STDERR ===
