=== STDOUT ===
[SR CLIENT] Starting transfer: server=10.153.27.102:7735, file=demo_input.bin, N=64, MSS=200, total_segments=6001
[SR CLIENT] Sent data seq=0
[SR CLIENT] Sent data seq=1
[SR CLIENT] Sent data seq=2
[SR CLIENT] Sent data seq=3
[SR CLIENT] Sent data seq=4
[SR CLIENT] Received ACK seq=0
[SR CLIENT] Received ACK seq=1
[SR CLIENT] Received ACK seq=2
[SR CLIENT] Received ACK seq=3
[SR CLIENT] Received ACK seq=4
Timeout, sequence number = 24
Timeout, sequence number = 28
Timeout, sequence number = 30
[SR CLIENT] Sent data seq=100
[SR CLIENT] Received ACK seq=100
[SR CLIENT] Sent data seq=200
[SR CLIENT] Received ACK seq=200
Timeout, sequence number = 151
Timeout, sequence number = 158
Timeout, sequence number = 161
Timeout, sequence number = 201
Timeout, sequence number = 202
Timeout, sequence number = 234
Timeout, sequence number = 254
Timeout, sequence number = 271
[SR CLIENT] Sent data seq=300
[SR CLIENT] Received ACK seq=300
Timeout, sequence number = 298
Timeout, sequence number = 313
Timeout, sequence number = 341
[SR CLIENT] Sent data seq=400
[SR CLIENT] Received ACK seq=400
Timeout, sequence number = 385
Timeout, sequence number = 405
Timeout, sequence number = 417
[SR CLIENT] Sent data seq=500
[SR CLIENT] Received ACK seq=500
Timeout, sequence number = 458
Timeout, sequence number = 462
Timeout, sequence number = 513
Timeout, sequence number = 517
Timeout, sequence number = 520
[SR CLIENT] Sent data seq=600
[SR CLIENT] Received ACK seq=600
Timeout, sequence number = 544
Timeout, sequence number = 558
Timeout, sequence number = 563
Timeout, sequence number = 571
Timeout, sequence number = 579
Timeout, sequence number = 596
Timeout, sequence number = 601
Timeout, sequence number = 614
Timeout, sequence number = 617
[SR CLIENT] Sent data seq=700
Timeout, sequence number = 641
Timeout, sequence number = 675
[SR CLIENT] Received ACK seq=700
Timeout, sequence number = 681
Timeout, sequence number = 714
Timeout, sequence number = 737
[SR CLIENT] Sent data seq=800
[SR CLIENT] Received ACK seq=800
Timeout, sequence number = 763
Timeout, sequence number = 796
Timeout, sequence number = 816
[SR CLIENT] Sent data seq=900
[SR CLIENT] Received ACK seq=900
Timeout, sequence number = 849
Timeout, sequence number = 852
Timeout, sequence number = 864
Timeout, sequence number = 867
Timeout, sequence number = 892
Timeout, sequence number = 928
Timeout, sequence number = 939
[SR CLIENT] Sent data seq=1000
[SR CLIENT] Received ACK seq=1000
Timeout, sequence number = 963
Timeout, sequence number = 967
Timeout, sequence number = 986
Timeout, sequence number = 994
Timeout, sequence number = 1009
Timeout, sequence number = 1011
[SR CLIENT] Sent data seq=1100
[SR CLIENT] Received ACK seq=1100
Timeout, sequence number = 1038
Timeout, sequence number = 1052
Timeout, sequence number = 1063
Timeout, sequence number = 1104
Timeout, sequence number = 1105
Timeout, sequence number = 1110
Timeout, sequence number = 1110
Timeout, sequence number = 1170
[SR CLIENT] Sent data seq=1200
[SR CLIENT] Received ACK seq=1200
Timeout, sequence number = 1180
Timeout, sequence number = 1204
Timeout, sequence number = 1206
Timeout, sequence number = 1216
Timeout, sequence number = 1241
Timeout, sequence number = 1242
[SR CLIENT] Sent data seq=1300
[SR CLIENT] Received ACK seq=1300
Timeout, sequence number = 1249
Timeout, sequence number = 1268
Timeout, sequence number = 1249
Timeout, sequence number = 1331
Timeout, sequence number = 1337
Timeout, sequence number = 1341
[SR CLIENT] Sent data seq=1400
[SR CLIENT] Received ACK seq=1400
Timeout, sequence number = 1434
[SR CLIENT] Sent data seq=1500
Timeout, sequence number = 1466
[SR CLIENT] Received ACK seq=1500
Timeout, sequence number = 1499
Timeout, sequence number = 1502
Timeout, sequence number = 1504
Timeout, sequence number = 1505
Timeout, sequence number = 1512
Timeout, sequence number = 1534
Timeout, sequence number = 1539
Timeout, sequence number = 1561
[SR CLIENT] Sent data seq=1600
Timeout, sequence number = 1595
Timeout, sequence number = 1600
Timeout, sequence number = 1616
Timeout, sequence number = 1620
Timeout, sequence number = 1622
[SR CLIENT] Received ACK seq=1600
Timeout, sequence number = 1595
Timeout, sequence number = 1595
[SR CLIENT] Sent data seq=1700
[SR CLIENT] Received ACK seq=1700
Timeout, sequence number = 1702
[SR CLIENT] Sent data seq=1800
[SR CLIENT] Received ACK seq=1800
Timeout, sequence number = 1742
Timeout, sequence number = 1756
Timeout, sequence number = 1764
Timeout, sequence number = 1776
Timeout, sequence number = 1781
Timeout, sequence number = 1813
Timeout, sequence number = 1823
Timeout, sequence number = 1776
[SR CLIENT] Sent data seq=1900
[SR CLIENT] Received ACK seq=1900
Timeout, sequence number = 1847
Timeout, sequence number = 1863
Timeout, sequence number = 1882
Timeout, sequence number = 1888
Timeout, sequence number = 1891
Timeout, sequence number = 1893
Timeout, sequence number = 1908
[SR CLIENT] Sent data seq=2000
[SR CLIENT] Received ACK seq=2000
Timeout, sequence number = 1956
Timeout, sequence number = 1959
Timeout, sequence number = 1999
Timeout, sequence number = 2008
Timeout, sequence number = 2020
Timeout, sequence number = 2054
Timeout, sequence number = 2062
[SR CLIENT] Sent data seq=2100
[SR CLIENT] Received ACK seq=2100
Timeout, sequence number = 2099
Timeout, sequence number = 2105
Timeout, sequence number = 2106
Timeout, sequence number = 2118
Timeout, sequence number = 2126
Timeout, sequence number = 2131
Timeout, sequence number = 2106
Timeout, sequence number = 2163
[SR CLIENT] Sent data seq=2200
[SR CLIENT] Received ACK seq=2200
Timeout, sequence number = 2175
Timeout, sequence number = 2176
Timeout, sequence number = 2210
Timeout, sequence number = 2230
[SR CLIENT] Sent data seq=2300
[SR CLIENT] Received ACK seq=2300
Timeout, sequence number = 2249
Timeout, sequence number = 2269
Timeout, sequence number = 2286
Timeout, sequence number = 2288
Timeout, sequence number = 2308
Timeout, sequence number = 2249
Timeout, sequence number = 2328
Timeout, sequence number = 2333
Timeout, sequence number = 2383
[SR CLIENT] Sent data seq=2400
[SR CLIENT] Received ACK seq=2400
Timeout, sequence number = 2410
Timeout, sequence number = 2442
[SR CLIENT] Sent data seq=2500
Timeout, sequence number = 2462
Timeout, sequence number = 2467
[SR CLIENT] Received ACK seq=2500
Timeout, sequence number = 2467
Timeout, sequence number = 2504
Timeout, sequence number = 2513
Timeout, sequence number = 2531
Timeout, sequence number = 2535
Timeout, sequence number = 2540
Timeout, sequence number = 2560
Timeout, sequence number = 2572
Timeout, sequence number = 2585
[SR CLIENT] Sent data seq=2600
[SR CLIENT] Received ACK seq=2600
Timeout, sequence number = 2599
Timeout, sequence number = 2631
Timeout, sequence number = 2633
[SR CLIENT] Sent data seq=2700
[SR CLIENT] Received ACK seq=2700
Timeout, sequence number = 2717
Timeout, sequence number = 2725
Timeout, sequence number = 2734
[SR CLIENT] Sent data seq=2800
[SR CLIENT] Received ACK seq=2800
Timeout, sequence number = 2796
Timeout, sequence number = 2803
Timeout, sequence number = 2815
Timeout, sequence number = 2824
Timeout, sequence number = 2832
Timeout, sequence number = 2856
Timeout, sequence number = 2796
[SR CLIENT] Sent data seq=2900
[SR CLIENT] Received ACK seq=2900
Timeout, sequence number = 2878
Timeout, sequence number = 2909
[SR CLIENT] Sent data seq=3000
[SR CLIENT] Received ACK seq=3000
Timeout, sequence number = 2985
Timeout, sequence number = 2990
Timeout, sequence number = 3032
Timeout, sequence number = 2985
[SR CLIENT] Sent data seq=3100
[SR CLIENT] Received ACK seq=3100
Timeout, sequence number = 3051
Timeout, sequence number = 3081
Timeout, sequence number = 3122
Timeout, sequence number = 3128
Timeout, sequence number = 3168
Timeout, sequence number = 3173
Timeout, sequence number = 3175
[SR CLIENT] Sent data seq=3200
[SR CLIENT] Received ACK seq=3200
Timeout, sequence number = 3191
Timeout, sequence number = 3192
Timeout, sequence number = 3192
[SR CLIENT] Sent data seq=3300
[SR CLIENT] Received ACK seq=3300
Timeout, sequence number = 3285
Timeout, sequence number = 3306
Timeout, sequence number = 3313
Timeout, sequence number = 3323
Timeout, sequence number = 3345
[SR CLIENT] Sent data seq=3400
[SR CLIENT] Received ACK seq=3400
Timeout, sequence number = 3374
Timeout, sequence number = 3375
Timeout, sequence number = 3415
Timeout, sequence number = 3436
[SR CLIENT] Sent data seq=3500
[SR CLIENT] Received ACK seq=3500
Timeout, sequence number = 3476
Timeout, sequence number = 3489
Timeout, sequence number = 3516
Timeout, sequence number = 3489
Timeout, sequence number = 3541
Timeout, sequence number = 3547
[SR CLIENT] Sent data seq=3600
[SR CLIENT] Received ACK seq=3600
Timeout, sequence number = 3593
Timeout, sequence number = 3604
Timeout, sequence number = 3636
Timeout, sequence number = 3653
Timeout, sequence number = 3654
Timeout, sequence number = 3593
[SR CLIENT] Sent data seq=3700
[SR CLIENT] Received ACK seq=3700
Timeout, sequence number = 3666
Timeout, sequence number = 3703
Timeout, sequence number = 3714
Timeout, sequence number = 3722
[SR CLIENT] Sent data seq=3800
[SR CLIENT] Received ACK seq=3800
Timeout, sequence number = 3785
[SR CLIENT] Sent data seq=3900
Timeout, sequence number = 3837
[SR CLIENT] Received ACK seq=3900
Timeout, sequence number = 3864
Timeout, sequence number = 3916
Timeout, sequence number = 3925
[SR CLIENT] Sent data seq=4000
Timeout, sequence number = 3986
Timeout, sequence number = 4000
Timeout, sequence number = 4011
Timeout, sequence number = 4014
Timeout, sequence number = 4025
Timeout, sequence number = 4032
Timeout, sequence number = 4034
Timeout, sequence number = 4000
[SR CLIENT] Received ACK seq=4000
[SR CLIENT] Sent data seq=4100
[SR CLIENT] Received ACK seq=4100
Timeout, sequence number = 4096
Timeout, sequence number = 4110
Timeout, sequence number = 4115
Timeout, sequence number = 4116
Timeout, sequence number = 4117
Timeout, sequence number = 4124
Timeout, sequence number = 4142
[SR CLIENT] Sent data seq=4200
[SR CLIENT] Received ACK seq=4200
Timeout, sequence number = 4202
Timeout, sequence number = 4239
[SR CLIENT] Sent data seq=4300
[SR CLIENT] Received ACK seq=4300
Timeout, sequence number = 4297
[SR CLIENT] Sent data seq=4400
[SR CLIENT] Received ACK seq=4400
Timeout, sequence number = 4390
Timeout, sequence number = 4432
Timeout, sequence number = 4433
[SR CLIENT] Sent data seq=4500
[SR CLIENT] Received ACK seq=4500
Timeout, sequence number = 4468
Timeout, sequence number = 4479
Timeout, sequence number = 4488
Timeout, sequence number = 4490
Timeout, sequence number = 4505
Timeout, sequence number = 4523
[SR CLIENT] Sent data seq=4600
[SR CLIENT] Received ACK seq=4600
Timeout, sequence number = 4540
Timeout, sequence number = 4561
Timeout, sequence number = 4567
Timeout, sequence number = 4568
Timeout, sequence number = 4573
Timeout, sequence number = 4579
Timeout, sequence number = 4601
Timeout, sequence number = 4567
Timeout, sequence number = 4608
Timeout, sequence number = 4613
Timeout, sequence number = 4619
Timeout, sequence number = 4619
Timeout, sequence number = 4654
Timeout, sequence number = 4666
Timeout, sequence number = 4670
Timeout, sequence number = 4674
[SR CLIENT] Sent data seq=4700
[SR CLIENT] Received ACK seq=4700
Timeout, sequence number = 4688
Timeout, sequence number = 4694
Timeout, sequence number = 4727
Timeout, sequence number = 4735
[SR CLIENT] Sent data seq=4800
[SR CLIENT] Received ACK seq=4800
Timeout, sequence number = 4788
Timeout, sequence number = 4789
Timeout, sequence number = 4813
Timeout, sequence number = 4822
Timeout, sequence number = 4823
Timeout, sequence number = 4836
Timeout, sequence number = 4848
Timeout, sequence number = 4850
[SR CLIENT] Sent data seq=4900
[SR CLIENT] Received ACK seq=4900
Timeout, sequence number = 4853
Timeout, sequence number = 4889
Timeout, sequence number = 4894
[SR CLIENT] Sent data seq=5000
[SR CLIENT] Received ACK seq=5000
Timeout, sequence number = 4939
Timeout, sequence number = 4968
Timeout, sequence number = 4977
Timeout, sequence number = 5002
[SR CLIENT] Sent data seq=5100
[SR CLIENT] Received ACK seq=5100
Timeout, sequence number = 5053
Timeout, sequence number = 5113
Timeout, sequence number = 5114
Timeout, sequence number = 5114
Timeout, sequence number = 5134
[SR CLIENT] Sent data seq=5200
[SR CLIENT] Received ACK seq=5200
Timeout, sequence number = 5225
Timeout, sequence number = 5256
Timeout, sequence number = 5265
Timeout, sequence number = 5282
[SR CLIENT] Sent data seq=5300
[SR CLIENT] Received ACK seq=5300
Timeout, sequence number = 5308
Timeout, sequence number = 5352
Timeout, sequence number = 5357
[SR CLIENT] Sent data seq=5400
[SR CLIENT] Received ACK seq=5400
Timeout, sequence number = 5404
[SR CLIENT] Sent data seq=5500
[SR CLIENT] Received ACK seq=5500
Timeout, sequence number = 5452
Timeout, sequence number = 5454
Timeout, sequence number = 5456
Timeout, sequence number = 5484
Timeout, sequence number = 5485
Timeout, sequence number = 5496
Timeout, sequence number = 5536
[SR CLIENT] Sent data seq=5600
[SR CLIENT] Received ACK seq=5600
Timeout, sequence number = 5561
Timeout, sequence number = 5565
Timeout, sequence number = 5571
Timeout, sequence number = 5578
Timeout, sequence number = 5597
[SR CLIENT] Sent data seq=5700
[SR CLIENT] Received ACK seq=5700
Timeout, sequence number = 5645
Timeout, sequence number = 5650
Timeout, sequence number = 5673
Timeout, sequence number = 5683
Timeout, sequence number = 5683
Timeout, sequence number = 5721
Timeout, sequence number = 5729
[SR CLIENT] Sent data seq=5800
[SR CLIENT] Received ACK seq=5800
Timeout, sequence number = 5771
Timeout, sequence number = 5778
Timeout, sequence number = 5832
[SR CLIENT] Sent data seq=5900
[SR CLIENT] Received ACK seq=5900
Timeout, sequence number = 5866
Timeout, sequence number = 5866
[SR CLIENT] Sent data seq=6000
[SR CLIENT] Received ACK seq=6000
Timeout, sequence number = 5939
Timeout, sequence number = 5958
Timeout, sequence number = 5992
[SR CLIENT] Summary: sent_packets=6001, ack_packets=6001, retransmitted_packets=307, timeout_events=307
Transfer complete. Delay = 46.269818 seconds

=== STDERR ===
