=== STDOUT ===
[SR CLIENT] Starting transfer: server=10.153.27.102:7735, file=demo_input.bin, N=64, MSS=500, total_segments=2401
[SR CLIENT] Sent data seq=0
[SR CLIENT] Sent data seq=1
[SR CLIENT] Sent data seq=2
[SR CLIENT] Sent data seq=3
[SR CLIENT] Sent data seq=4
[SR CLIENT] Received ACK seq=0
[SR CLIENT] Received ACK seq=1
[SR CLIENT] Received ACK seq=2
[SR CLIENT] Received ACK seq=3
[SR CLIENT] Received ACK seq=4
Timeout, sequence number = 23
Timeout, sequence number = 33
Timeout, sequence number = 47
Timeout, sequence number = 49
[SR CLIENT] Sent data seq=100
Timeout, sequence number = 65
Timeout, sequence number = 71
[SR CLIENT] Received ACK seq=100
Timeout, sequence number = 90
Timeout, sequence number = 95
[SR CLIENT] Sent data seq=200
[SR CLIENT] Received ACK seq=200
Timeout, sequence number = 141
Timeout, sequence number = 153
Timeout, sequence number = 179
Timeout, sequence number = 199
Timeout, sequence number = 209
Timeout, sequence number = 231
Timeout, sequence number = 233
Timeout, sequence number = 236
Timeout, sequence number = 241
[SR CLIENT] Sent data seq=300
[SR CLIENT] Received ACK seq=300
Timeout, sequence number = 259
Timeout, sequence number = 316
Timeout, sequence number = 320
Timeout, sequence number = 322
[SR CLIENT] Sent data seq=400
[SR CLIENT] Received ACK seq=400
Timeout, sequence number = 351
Timeout, sequence number = 366
Timeout, sequence number = 422
Timeout, sequence number = 466
[SR CLIENT] Sent data seq=500
[SR CLIENT] Received ACK seq=500
Timeout, sequence number = 524
Timeout, sequence number = 548
Timeout, sequence number = 556
[SR CLIENT] Sent data seq=600
Timeout, sequence number = 579
[SR CLIENT] Received ACK seq=600
[SR CLIENT] Sent data seq=700
[SR CLIENT] Received ACK seq=700
Timeout, sequence number = 638
Timeout, sequence number = 640
Timeout, sequence number = 688
Timeout, sequence number = 707
Timeout, sequence number = 730
Timeout, sequence number = 737
Timeout, sequence number = 745
Timeout, sequence number = 746
[SR CLIENT] Sent data seq=800
Timeout, sequence number = 752
Timeout, sequence number = 770
[SR CLIENT] Received ACK seq=800
Timeout, sequence number = 781
Timeout, sequence number = 782
[SR CLIENT] Sent data seq=900
Timeout, sequence number = 859
Timeout, sequence number = 868
Timeout, sequence number = 887
Timeout, sequence number = 888
Timeout, sequence number = 900
Timeout, sequence number = 915
Timeout, sequence number = 919
[SR CLIENT] Received ACK seq=900
Timeout, sequence number = 931
Timeout, sequence number = 933
Timeout, sequence number = 970
[SR CLIENT] Sent data seq=1000
[SR CLIENT] Received ACK seq=1000
Timeout, sequence number = 1011
Timeout, sequence number = 1057
Timeout, sequence number = 1065
[SR CLIENT] Sent data seq=1100
[SR CLIENT] Received ACK seq=1100
Timeout, sequence number = 1081
Timeout, sequence number = 1093
Timeout, sequence number = 1132
Timeout, sequence number = 1142
[SR CLIENT] Sent data seq=1200
[SR CLIENT] Received ACK seq=1200
Timeout, sequence number = 1145
Timeout, sequence number = 1146
Timeout, sequence number = 1155
Timeout, sequence number = 1165
Timeout, sequence number = 1174
Timeout, sequence number = 1177
[SR CLIENT] Sent data seq=1300
[SR CLIENT] Received ACK seq=1300
Timeout, sequence number = 1237
Timeout, sequence number = 1246
Timeout, sequence number = 1249
Timeout, sequence number = 1276
Timeout, sequence number = 1299
Timeout, sequence number = 1305
Timeout, sequence number = 1313
Timeout, sequence number = 1367
[SR CLIENT] Sent data seq=1400
[SR CLIENT] Received ACK seq=1400
Timeout, sequence number = 1390
Timeout, sequence number = 1393
Timeout, sequence number = 1433
[SR CLIENT] Sent data seq=1500
[SR CLIENT] Received ACK seq=1500
Timeout, sequence number = 1455
Timeout, sequence number = 1460
Timeout, sequence number = 1528
Timeout, sequence number = 1551
Timeout, sequence number = 1559
Timeout, sequence number = 1560
[SR CLIENT] Sent data seq=1600
[SR CLIENT] Received ACK seq=1600
[SR CLIENT] Sent data seq=1700
[SR CLIENT] Received ACK seq=1700
Timeout, sequence number = 1699
Timeout, sequence number = 1726
Timeout, sequence number = 1751
[SR CLIENT] Sent data seq=1800
[SR CLIENT] Received ACK seq=1800
Timeout, sequence number = 1769
Timeout, sequence number = 1780
Timeout, sequence number = 1797
Timeout, sequence number = 1802
Timeout, sequence number = 1818
[SR CLIENT] Sent data seq=1900
[SR CLIENT] Received ACK seq=1900
Timeout, sequence number = 1841
Timeout, sequence number = 1883
Timeout, sequence number = 1901
Timeout, sequence number = 1917
Timeout, sequence number = 1944
[SR CLIENT] Sent data seq=2000
[SR CLIENT] Received ACK seq=2000
Timeout, sequence number = 1950
Timeout, sequence number = 2001
Timeout, sequence number = 2022
Timeout, sequence number = 2036
Timeout, sequence number = 2043
[SR CLIENT] Sent data seq=2100
[SR CLIENT] Received ACK seq=2100
Timeout, sequence number = 2109
Timeout, sequence number = 2171
[SR CLIENT] Sent data seq=2200
[SR CLIENT] Received ACK seq=2200
Timeout, sequence number = 2176
Timeout, sequence number = 2215
Timeout, sequence number = 2217
Timeout, sequence number = 2230
[SR CLIENT] Sent data seq=2300
[SR CLIENT] Received ACK seq=2300
Timeout, sequence number = 2253
Timeout, sequence number = 2259
Timeout, sequence number = 2271
Timeout, sequence number = 2284
Timeout, sequence number = 2288
Timeout, sequence number = 2313
[SR CLIENT] Sent data seq=2400
[SR CLIENT] Received ACK seq=2400
Timeout, sequence number = 2341
Timeout, sequence number = 2384
Timeout, sequence number = 2390
[SR CLIENT] Summary: sent_packets=2401, ack_packets=2401, retransmitted_packets=114, timeout_events=114
Transfer complete. Delay = 15.469969 seconds

=== STDERR ===
