=== STDOUT ===
[SR CLIENT] Starting transfer: server=10.153.27.102:7735, file=demo_input.bin, N=64, MSS=1000, total_segments=1201
[SR CLIENT] Sent data seq=0
[SR CLIENT] Sent data seq=1
[SR CLIENT] Sent data seq=2
[SR CLIENT] Sent data seq=3
[SR CLIENT] Sent data seq=4
[SR CLIENT] Received ACK seq=0
[SR CLIENT] Received ACK seq=1
[SR CLIENT] Received ACK seq=2
[SR CLIENT] Received ACK seq=3
[SR CLIENT] Received ACK seq=4
[SR CLIENT] Sent data seq=100
[SR CLIENT] Received ACK seq=100
Timeout, sequence number = 57
Timeout, sequence number = 62
Timeout, sequence number = 87
Timeout, sequence number = 115
Timeout, sequence number = 87
Timeout, sequence number = 127
Timeout, sequence number = 140
[SR CLIENT] Sent data seq=200
[SR CLIENT] Received ACK seq=200
Timeout, sequence number = 162
[SR CLIENT] Sent data seq=300
[SR CLIENT] Received ACK seq=300
Timeout, sequence number = 282
Timeout, sequence number = 307
Timeout, sequence number = 317
Timeout, sequence number = 320
Timeout, sequence number = 330
Timeout, sequence number = 341
[SR CLIENT] Sent data seq=400
[SR CLIENT] Received ACK seq=400
Timeout, sequence number = 356
Timeout, sequence number = 367
Timeout, sequence number = 403
Timeout, sequence number = 424
Timeout, sequence number = 426
Timeout, sequence number = 429
Timeout, sequence number = 439
Timeout, sequence number = 462
Timeout, sequence number = 472
Timeout, sequence number = 483
Timeout, sequence number = 426
Timeout, sequence number = 439
[SR CLIENT] Sent data seq=500
[SR CLIENT] Received ACK seq=500
Timeout, sequence number = 499
Timeout, sequence number = 501
Timeout, sequence number = 518
Timeout, sequence number = 531
Timeout, sequence number = 532
Timeout, sequence number = 531
Timeout, sequence number = 578
Timeout, sequence number = 586
[SR CLIENT] Sent data seq=600
[SR CLIENT] Received ACK seq=600
Timeout, sequence number = 603
Timeout, sequence number = 626
Timeout, sequence number = 637
[SR CLIENT] Sent data seq=700
Timeout, sequence number = 660
[SR CLIENT] Received ACK seq=700
Timeout, sequence number = 680
Timeout, sequence number = 691
Timeout, sequence number = 722
Timeout, sequence number = 729
Timeout, sequence number = 742
[SR CLIENT] Sent data seq=800
[SR CLIENT] Received ACK seq=800
Timeout, sequence number = 761
Timeout, sequence number = 789
Timeout, sequence number = 742
Timeout, sequence number = 795
[SR CLIENT] Sent data seq=900
[SR CLIENT] Received ACK seq=900
Timeout, sequence number = 842
Timeout, sequence number = 898
Timeout, sequence number = 917
Timeout, sequence number = 926
[SR CLIENT] Sent data seq=1000
[SR CLIENT] Received ACK seq=1000
Timeout, sequence number = 1001
Timeout, sequence number = 1003
Timeout, sequence number = 1028
Timeout, sequence number = 1035
Timeout, sequence number = 1051
[SR CLIENT] Sent data seq=1100
[SR CLIENT] Received ACK seq=1100
Timeout, sequence number = 1091
Timeout, sequence number = 1115
[SR CLIENT] Sent data seq=1200
[SR CLIENT] Received ACK seq=1200
Timeout, sequence number = 1158
Timeout, sequence number = 1175
Timeout, sequence number = 1195
[SR CLIENT] Summary: sent_packets=1201, ack_packets=1201, retransmitted_packets=61, timeout_events=61
Transfer complete. Delay = 9.161193 seconds

=== STDERR ===
