=== STDOUT ===
[SR CLIENT] Starting transfer: server=10.153.27.102:7735, file=demo_input.bin, N=64, MSS=500, total_segments=2401
[SR CLIENT] Sent data seq=0
[SR CLIENT] Sent data seq=1
[SR CLIENT] Sent data seq=2
[SR CLIENT] Sent data seq=3
[SR CLIENT] Sent data seq=4
[SR CLIENT] Received ACK seq=0
[SR CLIENT] Received ACK seq=1
[SR CLIENT] Received ACK seq=2
[SR CLIENT] Received ACK seq=3
[SR CLIENT] Received ACK seq=4
Timeout, sequence number = 14
Timeout, sequence number = 35
Timeout, sequence number = 69
[SR CLIENT] Sent data seq=100
[SR CLIENT] Received ACK seq=100
Timeout, sequence number = 79
Timeout, sequence number = 93
[SR CLIENT] Sent data seq=200
[SR CLIENT] Received ACK seq=200
Timeout, sequence number = 171
Timeout, sequence number = 183
Timeout, sequence number = 202
Timeout, sequence number = 203
Timeout, sequence number = 211
Timeout, sequence number = 213
Timeout, sequence number = 218
Timeout, sequence number = 225
[SR CLIENT] Sent data seq=300
[SR CLIENT] Received ACK seq=300
Timeout, sequence number = 239
Timeout, sequence number = 273
Timeout, sequence number = 277
Timeout, sequence number = 282
Timeout, sequence number = 288
Timeout, sequence number = 312
Timeout, sequence number = 329
[SR CLIENT] Sent data seq=400
[SR CLIENT] Received ACK seq=400
Timeout, sequence number = 377
Timeout, sequence number = 411
Timeout, sequence number = 416
Timeout, sequence number = 419
Timeout, sequence number = 422
[SR CLIENT] Sent data seq=500
[SR CLIENT] Received ACK seq=500
Timeout, sequence number = 444
Timeout, sequence number = 452
Timeout, sequence number = 460
[SR CLIENT] Sent data seq=600
[SR CLIENT] Received ACK seq=600
Timeout, sequence number = 538
Timeout, sequence number = 564
Timeout, sequence number = 575
Timeout, sequence number = 580
Timeout, sequence number = 595
Timeout, sequence number = 618
Timeout, sequence number = 654
Timeout, sequence number = 663
Timeout, sequence number = 664
[SR CLIENT] Sent data seq=700
[SR CLIENT] Received ACK seq=700
Timeout, sequence number = 674
Timeout, sequence number = 684
Timeout, sequence number = 715
Timeout, sequence number = 720
Timeout, sequence number = 724
[SR CLIENT] Sent data seq=800
Timeout, sequence number = 761
Timeout, sequence number = 768
Timeout, sequence number = 799
Timeout, sequence number = 800
Timeout, sequence number = 805
Timeout, sequence number = 808
[SR CLIENT] Received ACK seq=800
Timeout, sequence number = 768
Timeout, sequence number = 835
Timeout, sequence number = 864
Timeout, sequence number = 868
Timeout, sequence number = 875
Timeout, sequence number = 876
Timeout, sequence number = 885
Timeout, sequence number = 896
[SR CLIENT] Sent data seq=900
[SR CLIENT] Received ACK seq=900
Timeout, sequence number = 905
Timeout, sequence number = 925
Timeout, sequence number = 926
Timeout, sequence number = 945
[SR CLIENT] Sent data seq=1000
[SR CLIENT] Received ACK seq=1000
Timeout, sequence number = 977
Timeout, sequence number = 1005
Timeout, sequence number = 1006
Timeout, sequence number = 1007
Timeout, sequence number = 1009
Timeout, sequence number = 1023
[SR CLIENT] Sent data seq=1100
[SR CLIENT] Received ACK seq=1100
Timeout, sequence number = 1049
Timeout, sequence number = 1060
Timeout, sequence number = 1061
Timeout, sequence number = 1062
Timeout, sequence number = 1064
Timeout, sequence number = 1068
Timeout, sequence number = 1071
Timeout, sequence number = 1097
Timeout, sequence number = 1060
Timeout, sequence number = 1061
Timeout, sequence number = 1061
Timeout, sequence number = 1125
[SR CLIENT] Sent data seq=1200
[SR CLIENT] Received ACK seq=1200
Timeout, sequence number = 1195
Timeout, sequence number = 1197
Timeout, sequence number = 1207
Timeout, sequence number = 1213
Timeout, sequence number = 1235
Timeout, sequence number = 1238
[SR CLIENT] Sent data seq=1300
[SR CLIENT] Received ACK seq=1300
Timeout, sequence number = 1268
Timeout, sequence number = 1290
Timeout, sequence number = 1310
Timeout, sequence number = 1327
[SR CLIENT] Sent data seq=1400
[SR CLIENT] Received ACK seq=1400
Timeout, sequence number = 1343
Timeout, sequence number = 1345
Timeout, sequence number = 1350
Timeout, sequence number = 1361
Timeout, sequence number = 1373
Timeout, sequence number = 1380
Timeout, sequence number = 1383
Timeout, sequence number = 1397
Timeout, sequence number = 1361
Timeout, sequence number = 1414
Timeout, sequence number = 1424
[SR CLIENT] Sent data seq=1500
[SR CLIENT] Received ACK seq=1500
Timeout, sequence number = 1440
Timeout, sequence number = 1451
Timeout, sequence number = 1454
Timeout, sequence number = 1456
Timeout, sequence number = 1462
Timeout, sequence number = 1451
Timeout, sequence number = 1507
[SR CLIENT] Sent data seq=1600
[SR CLIENT] Received ACK seq=1600
Timeout, sequence number = 1541
Timeout, sequence number = 1548
Timeout, sequence number = 1561
Timeout, sequence number = 1587
Timeout, sequence number = 1592
Timeout, sequence number = 1619
Timeout, sequence number = 1652
Timeout, sequence number = 1619
Timeout, sequence number = 1652
[SR CLIENT] Sent data seq=1700
[SR CLIENT] Received ACK seq=1700
Timeout, sequence number = 1696
Timeout, sequence number = 1711
Timeout, sequence number = 1718
Timeout, sequence number = 1722
Timeout, sequence number = 1731
Timeout, sequence number = 1735
Timeout, sequence number = 1738
Timeout, sequence number = 1746
Timeout, sequence number = 1756
[SR CLIENT] Sent data seq=1800
[SR CLIENT] Received ACK seq=1800
Timeout, sequence number = 1760
Timeout, sequence number = 1761
Timeout, sequence number = 1793
Timeout, sequence number = 1795
Timeout, sequence number = 1797
Timeout, sequence number = 1806
Timeout, sequence number = 1818
Timeout, sequence number = 1821
[SR CLIENT] Sent data seq=1900
[SR CLIENT] Received ACK seq=1900
Timeout, sequence number = 1912
Timeout, sequence number = 1940
Timeout, sequence number = 1952
Timeout, sequence number = 1960
Timeout, sequence number = 1969
Timeout, sequence number = 1972
Timeout, sequence number = 1973
Timeout, sequence number = 1974
Timeout, sequence number = 1975
[SR CLIENT] Sent data seq=2000
[SR CLIENT] Received ACK seq=2000
Timeout, sequence number = 1976
Timeout, sequence number = 1990
Timeout, sequence number = 1996
Timeout, sequence number = 1997
[SR CLIENT] Sent data seq=2100
[SR CLIENT] Received ACK seq=2100
Timeout, sequence number = 2044
Timeout, sequence number = 2046
Timeout, sequence number = 2054
Timeout, sequence number = 2056
Timeout, sequence number = 2072
Timeout, sequence number = 2078
Timeout, sequence number = 2106
Timeout, sequence number = 2116
Timeout, sequence number = 2136
Timeout, sequence number = 2139
Timeout, sequence number = 2150
Timeout, sequence number = 2161
Timeout, sequence number = 2170
[SR CLIENT] Sent data seq=2200
[SR CLIENT] Received ACK seq=2200
Timeout, sequence number = 2180
Timeout, sequence number = 2196
Timeout, sequence number = 2198
[SR CLIENT] Sent data seq=2300
[SR CLIENT] Received ACK seq=2300
Timeout, sequence number = 2248
Timeout, sequence number = 2271
Timeout, sequence number = 2291
Timeout, sequence number = 2305
Timeout, sequence number = 2325
Timeout, sequence number = 2327
Timeout, sequence number = 2341
Timeout, sequence number = 2377
[SR CLIENT] Sent data seq=2400
[SR CLIENT] Received ACK seq=2400
Timeout, sequence number = 2377
[SR CLIENT] Summary: sent_packets=2401, ack_packets=2401, retransmitted_packets=170, timeout_events=170
Transfer complete. Delay = 20.478241 seconds

=== STDERR ===
