=== STDOUT ===
[SR CLIENT] Starting transfer: server=10.153.27.102:7735, file=demo_input.bin, N=64, MSS=500, total_segments=2401
[SR CLIENT] Sent data seq=0
[SR CLIENT] Sent data seq=1
[SR CLIENT] Sent data seq=2
[SR CLIENT] Sent data seq=3
[SR CLIENT] Sent data seq=4
[SR CLIENT] Received ACK seq=1
[SR CLIENT] Received ACK seq=2
[SR CLIENT] Received ACK seq=3
[SR CLIENT] Received ACK seq=4
Timeout, sequence number = 0
Timeout, sequence number = 30
Timeout, sequence number = 54
Timeout, sequence number = 59
Timeout, sequence number = 60
[SR CLIENT] Received ACK seq=0
[SR CLIENT] Sent data seq=100
[SR CLIENT] Received ACK seq=100
Timeout, sequence number = 65
Timeout, sequence number = 76
Timeout, sequence number = 78
Timeout, sequence number = 97
Timeout, sequence number = 101
Timeout, sequence number = 106
Timeout, sequence number = 101
Timeout, sequence number = 143
Timeout, sequence number = 148
Timeout, sequence number = 162
[SR CLIENT] Sent data seq=200
[SR CLIENT] Received ACK seq=200
Timeout, sequence number = 167
Timeout, sequence number = 174
Timeout, sequence number = 183
Timeout, sequence number = 186
Timeout, sequence number = 187
Timeout, sequence number = 192
Timeout, sequence number = 196
Timeout, sequence number = 197
Timeout, sequence number = 205
Timeout, sequence number = 211
Timeout, sequence number = 216
Timeout, sequence number = 186
Timeout, sequence number = 243
Timeout, sequence number = 247
[SR CLIENT] Sent data seq=300
[SR CLIENT] Received ACK seq=300
Timeout, sequence number = 307
Timeout, sequence number = 309
Timeout, sequence number = 329
Timeout, sequence number = 337
Timeout, sequence number = 345
Timeout, sequence number = 362
Timeout, sequence number = 370
[SR CLIENT] Sent data seq=400
[SR CLIENT] Received ACK seq=400
Timeout, sequence number = 372
Timeout, sequence number = 378
Timeout, sequence number = 379
Timeout, sequence number = 398
Timeout, sequence number = 379
Timeout, sequence number = 437
Timeout, sequence number = 440
[SR CLIENT] Sent data seq=500
[SR CLIENT] Received ACK seq=500
Timeout, sequence number = 474
Timeout, sequence number = 486
Timeout, sequence number = 493
[SR CLIENT] Sent data seq=600
[SR CLIENT] Received ACK seq=600
Timeout, sequence number = 559
Timeout, sequence number = 566
Timeout, sequence number = 570
Timeout, sequence number = 582
Timeout, sequence number = 586
Timeout, sequence number = 589
Timeout, sequence number = 590
Timeout, sequence number = 596
Timeout, sequence number = 601
Timeout, sequence number = 602
Timeout, sequence number = 618
Timeout, sequence number = 586
Timeout, sequence number = 623
Timeout, sequence number = 637
Timeout, sequence number = 639
Timeout, sequence number = 640
[SR CLIENT] Sent data seq=700
[SR CLIENT] Received ACK seq=700
Timeout, sequence number = 676
Timeout, sequence number = 722
Timeout, sequence number = 731
Timeout, sequence number = 736
[SR CLIENT] Sent data seq=800
[SR CLIENT] Received ACK seq=800
Timeout, sequence number = 747
Timeout, sequence number = 772
Timeout, sequence number = 784
Timeout, sequence number = 792
Timeout, sequence number = 797
Timeout, sequence number = 816
Timeout, sequence number = 817
Timeout, sequence number = 819
Timeout, sequence number = 833
Timeout, sequence number = 842
Timeout, sequence number = 844
Timeout, sequence number = 850
Timeout, sequence number = 870
Timeout, sequence number = 833
Timeout, sequence number = 844
Timeout, sequence number = 887
Timeout, sequence number = 889
[SR CLIENT] Sent data seq=900
[SR CLIENT] Received ACK seq=900
Timeout, sequence number = 887
Timeout, sequence number = 912
Timeout, sequence number = 914
Timeout, sequence number = 921
Timeout, sequence number = 930
Timeout, sequence number = 932
Timeout, sequence number = 934
Timeout, sequence number = 943
Timeout, sequence number = 914
Timeout, sequence number = 967
Timeout, sequence number = 968
Timeout, sequence number = 914
[SR CLIENT] Sent data seq=1000
[SR CLIENT] Received ACK seq=1000
Timeout, sequence number = 994
Timeout, sequence number = 1021
Timeout, sequence number = 1026
Timeout, sequence number = 1041
[SR CLIENT] Sent data seq=1100
[SR CLIENT] Received ACK seq=1100
Timeout, sequence number = 1099
Timeout, sequence number = 1121
Timeout, sequence number = 1133
Timeout, sequence number = 1141
Timeout, sequence number = 1145
Timeout, sequence number = 1158
Timeout, sequence number = 1160
[SR CLIENT] Sent data seq=1200
[SR CLIENT] Received ACK seq=1200
Timeout, sequence number = 1158
Timeout, sequence number = 1174
Timeout, sequence number = 1180
Timeout, sequence number = 1196
Timeout, sequence number = 1202
Timeout, sequence number = 1208
Timeout, sequence number = 1221
Timeout, sequence number = 1222
Timeout, sequence number = 1226
Timeout, sequence number = 1244
Timeout, sequence number = 1245
Timeout, sequence number = 1253
Timeout, sequence number = 1264
Timeout, sequence number = 1267
Timeout, sequence number = 1274
[SR CLIENT] Sent data seq=1300
[SR CLIENT] Received ACK seq=1300
Timeout, sequence number = 1324
Timeout, sequence number = 1364
Timeout, sequence number = 1381
Timeout, sequence number = 1382
[SR CLIENT] Sent data seq=1400
[SR CLIENT] Received ACK seq=1400
Timeout, sequence number = 1402
Timeout, sequence number = 1405
Timeout, sequence number = 1433
Timeout, sequence number = 1436
Timeout, sequence number = 1445
Timeout, sequence number = 1452
Timeout, sequence number = 1465
Timeout, sequence number = 1436
Timeout, sequence number = 1452
[SR CLIENT] Sent data seq=1500
[SR CLIENT] Received ACK seq=1500
Timeout, sequence number = 1470
Timeout, sequence number = 1472
Timeout, sequence number = 1475
Timeout, sequence number = 1484
Timeout, sequence number = 1494
Timeout, sequence number = 1452
Timeout, sequence number = 1470
Timeout, sequence number = 1484
Timeout, sequence number = 1494
[SR CLIENT] Sent data seq=1600
[SR CLIENT] Received ACK seq=1600
Timeout, sequence number = 1563
Timeout, sequence number = 1572
Timeout, sequence number = 1573
Timeout, sequence number = 1611
[SR CLIENT] Sent data seq=1700
[SR CLIENT] Received ACK seq=1700
Timeout, sequence number = 1641
Timeout, sequence number = 1647
Timeout, sequence number = 1651
Timeout, sequence number = 1663
Timeout, sequence number = 1672
Timeout, sequence number = 1687
Timeout, sequence number = 1715
Timeout, sequence number = 1717
Timeout, sequence number = 1718
Timeout, sequence number = 1730
Timeout, sequence number = 1735
[SR CLIENT] Sent data seq=1800
[SR CLIENT] Received ACK seq=1800
Timeout, sequence number = 1791
Timeout, sequence number = 1803
Timeout, sequence number = 1821
Timeout, sequence number = 1826
Timeout, sequence number = 1844
[SR CLIENT] Sent data seq=1900
[SR CLIENT] Received ACK seq=1900
Timeout, sequence number = 1862
Timeout, sequence number = 1884
Timeout, sequence number = 1886
Timeout, sequence number = 1889
Timeout, sequence number = 1904
Timeout, sequence number = 1907
Timeout, sequence number = 1919
Timeout, sequence number = 1925
Timeout, sequence number = 1862
Timeout, sequence number = 1889
[SR CLIENT] Sent data seq=2000
[SR CLIENT] Received ACK seq=2000
Timeout, sequence number = 1959
Timeout, sequence number = 1992
Timeout, sequence number = 1995
Timeout, sequence number = 1997
Timeout, sequence number = 2022
[SR CLIENT] Sent data seq=2100
[SR CLIENT] Received ACK seq=2100
Timeout, sequence number = 2037
Timeout, sequence number = 2045
Timeout, sequence number = 2060
Timeout, sequence number = 2063
Timeout, sequence number = 2065
Timeout, sequence number = 2067
Timeout, sequence number = 2073
Timeout, sequence number = 2087
Timeout, sequence number = 2089
Timeout, sequence number = 2092
Timeout, sequence number = 2096
Timeout, sequence number = 2114
Timeout, sequence number = 2177
Timeout, sequence number = 2114
[SR CLIENT] Sent data seq=2200
[SR CLIENT] Received ACK seq=2200
Timeout, sequence number = 2183
Timeout, sequence number = 2187
Timeout, sequence number = 2191
Timeout, sequence number = 2204
Timeout, sequence number = 2242
[SR CLIENT] Sent data seq=2300
[SR CLIENT] Received ACK seq=2300
Timeout, sequence number = 2251
Timeout, sequence number = 2254
Timeout, sequence number = 2285
Timeout, sequence number = 2298
Timeout, sequence number = 2303
Timeout, sequence number = 2329
Timeout, sequence number = 2358
Timeout, sequence number = 2369
Timeout, sequence number = 2380
[SR CLIENT] Sent data seq=2400
[SR CLIENT] Received ACK seq=2400
[SR CLIENT] Summary: sent_packets=2401, ack_packets=2401, retransmitted_packets=206, timeout_events=206
Transfer complete. Delay = 20.531571 seconds

=== STDERR ===
