=== STDOUT ===
[SR CLIENT] Starting transfer: server=10.153.27.102:7735, file=demo_input.bin, N=64, MSS=700, total_segments=1716
[SR CLIENT] Sent data seq=0
[SR CLIENT] Sent data seq=1
[SR CLIENT] Sent data seq=2
[SR CLIENT] Sent data seq=3
[SR CLIENT] Sent data seq=4
[SR CLIENT] Received ACK seq=0
[SR CLIENT] Received ACK seq=1
[SR CLIENT] Received ACK seq=2
[SR CLIENT] Received ACK seq=3
[SR CLIENT] Received ACK seq=4
[SR CLIENT] Sent data seq=100
[SR CLIENT] Received ACK seq=100
Timeout, sequence number = 98
Timeout, sequence number = 104
Timeout, sequence number = 108
Timeout, sequence number = 125
Timeout, sequence number = 127
Timeout, sequence number = 130
Timeout, sequence number = 157
[SR CLIENT] Sent data seq=200
[SR CLIENT] Received ACK seq=200
Timeout, sequence number = 179
Timeout, sequence number = 201
Timeout, sequence number = 230
[SR CLIENT] Sent data seq=300
[SR CLIENT] Received ACK seq=300
Timeout, sequence number = 257
Timeout, sequence number = 264
Timeout, sequence number = 268
Timeout, sequence number = 275
Timeout, sequence number = 281
Timeout, sequence number = 288
Timeout, sequence number = 295
Timeout, sequence number = 320
[SR CLIENT] Sent data seq=400
[SR CLIENT] Received ACK seq=400
Timeout, sequence number = 339
Timeout, sequence number = 341
Timeout, sequence number = 348
Timeout, sequence number = 367
Timeout, sequence number = 389
Timeout, sequence number = 399
Timeout, sequence number = 402
Timeout, sequence number = 399
Timeout, sequence number = 431
Timeout, sequence number = 442
Timeout, sequence number = 453
Timeout, sequence number = 462
[SR CLIENT] Sent data seq=500
[SR CLIENT] Received ACK seq=500
Timeout, sequence number = 467
Timeout, sequence number = 469
Timeout, sequence number = 477
Timeout, sequence number = 483
Timeout, sequence number = 497
Timeout, sequence number = 503
Timeout, sequence number = 469
[SR CLIENT] Sent data seq=600
[SR CLIENT] Received ACK seq=600
Timeout, sequence number = 555
Timeout, sequence number = 563
Timeout, sequence number = 575
Timeout, sequence number = 581
Timeout, sequence number = 615
Timeout, sequence number = 634
Timeout, sequence number = 638
Timeout, sequence number = 659
[SR CLIENT] Sent data seq=700
Timeout, sequence number = 685
[SR CLIENT] Received ACK seq=700
Timeout, sequence number = 706
Timeout, sequence number = 720
[SR CLIENT] Sent data seq=800
[SR CLIENT] Received ACK seq=800
Timeout, sequence number = 760
Timeout, sequence number = 776
Timeout, sequence number = 778
Timeout, sequence number = 806
Timeout, sequence number = 824
Timeout, sequence number = 826
Timeout, sequence number = 776
[SR CLIENT] Sent data seq=900
[SR CLIENT] Received ACK seq=900
Timeout, sequence number = 840
Timeout, sequence number = 852
Timeout, sequence number = 855
Timeout, sequence number = 875
Timeout, sequence number = 882
Timeout, sequence number = 892
Timeout, sequence number = 913
Timeout, sequence number = 928
[SR CLIENT] Sent data seq=1000
[SR CLIENT] Received ACK seq=1000
[SR CLIENT] Sent data seq=1100
[SR CLIENT] Received ACK seq=1100
Timeout, sequence number = 1054
Timeout, sequence number = 1083
[SR CLIENT] Sent data seq=1200
[SR CLIENT] Received ACK seq=1200
Timeout, sequence number = 1148
Timeout, sequence number = 1161
Timeout, sequence number = 1165
Timeout, sequence number = 1169
Timeout, sequence number = 1177
Timeout, sequence number = 1215
Timeout, sequence number = 1249
[SR CLIENT] Sent data seq=1300
[SR CLIENT] Received ACK seq=1300
Timeout, sequence number = 1333
Timeout, sequence number = 1334
Timeout, sequence number = 1346
[SR CLIENT] Sent data seq=1400
Timeout, sequence number = 1366
[SR CLIENT] Received ACK seq=1400
Timeout, sequence number = 1377
Timeout, sequence number = 1412
[SR CLIENT] Sent data seq=1500
[SR CLIENT] Received ACK seq=1500
Timeout, sequence number = 1479
Timeout, sequence number = 1482
Timeout, sequence number = 1512
Timeout, sequence number = 1518
Timeout, sequence number = 1540
[SR CLIENT] Sent data seq=1600
[SR CLIENT] Received ACK seq=1600
Timeout, sequence number = 1544
Timeout, sequence number = 1547
Timeout, sequence number = 1565
Timeout, sequence number = 1572
Timeout, sequence number = 1572
Timeout, sequence number = 1630
Timeout, sequence number = 1633
[SR CLIENT] Sent data seq=1700
[SR CLIENT] Received ACK seq=1700
Timeout, sequence number = 1712
[SR CLIENT] Summary: sent_packets=1716, ack_packets=1716, retransmitted_packets=91, timeout_events=91
Transfer complete. Delay = 13.317462 seconds

=== STDERR ===
