=== STDOUT ===
[SR CLIENT] Starting transfer: server=10.153.27.102:7735, file=demo_input.bin, N=8, MSS=500, total_segments=2401
[SR CLIENT] Sent data seq=0
[SR CLIENT] Sent data seq=1
[SR CLIENT] Sent data seq=2
[SR CLIENT] Sent data seq=3
[SR CLIENT] Sent data seq=4
[SR CLIENT] Received ACK seq=0
[SR CLIENT] Received ACK seq=1
[SR CLIENT] Received ACK seq=2
[SR CLIENT] Received ACK seq=3
[SR CLIENT] Received ACK seq=4
Timeout, sequence number = 11
Timeout, sequence number = 38
Timeout, sequence number = 42
Timeout, sequence number = 46
Timeout, sequence number = 58
Timeout, sequence number = 90
[SR CLIENT] Sent data seq=100
[SR CLIENT] Received ACK seq=100
Timeout, sequence number = 128
Timeout, sequence number = 146
Timeout, sequence number = 160
[SR CLIENT] Sent data seq=200
[SR CLIENT] Received ACK seq=200
Timeout, sequence number = 193
Timeout, sequence number = 203
Timeout, sequence number = 229
Timeout, sequence number = 231
Timeout, sequence number = 229
Timeout, sequence number = 231
Timeout, sequence number = 243
Timeout, sequence number = 245
Timeout, sequence number = 251
Timeout, sequence number = 269
Timeout, sequence number = 290
[SR CLIENT] Sent data seq=300
[SR CLIENT] Received ACK seq=300
Timeout, sequence number = 303
[SR CLIENT] Sent data seq=400
[SR CLIENT] Received ACK seq=400
Timeout, sequence number = 409
Timeout, sequence number = 434
Timeout, sequence number = 437
Timeout, sequence number = 444
Timeout, sequence number = 461
[SR CLIENT] Sent data seq=500
[SR CLIENT] Received ACK seq=500
Timeout, sequence number = 516
Timeout, sequence number = 527
Timeout, sequence number = 548
Timeout, sequence number = 552
Timeout, sequence number = 563
Timeout, sequence number = 564
Timeout, sequence number = 587
[SR CLIENT] Sent data seq=600
[SR CLIENT] Received ACK seq=600
Timeout, sequence number = 631
Timeout, sequence number = 662
Timeout, sequence number = 690
Timeout, sequence number = 690
[SR CLIENT] Sent data seq=700
[SR CLIENT] Received ACK seq=700
Timeout, sequence number = 703
Timeout, sequence number = 728
Timeout, sequence number = 749
[SR CLIENT] Sent data seq=800
[SR CLIENT] Received ACK seq=800
Timeout, sequence number = 793
Timeout, sequence number = 807
Timeout, sequence number = 807
Timeout, sequence number = 840
Timeout, sequence number = 867
Timeout, sequence number = 880
[SR CLIENT] Sent data seq=900
[SR CLIENT] Received ACK seq=900
Timeout, sequence number = 902
Timeout, sequence number = 939
Timeout, sequence number = 975
[SR CLIENT] Sent data seq=1000
[SR CLIENT] Received ACK seq=1000
Timeout, sequence number = 1001
Timeout, sequence number = 1022
Timeout, sequence number = 1033
Timeout, sequence number = 1052
Timeout, sequence number = 1074
[SR CLIENT] Sent data seq=1100
[SR CLIENT] Received ACK seq=1100
Timeout, sequence number = 1111
Timeout, sequence number = 1111
Timeout, sequence number = 1122
Timeout, sequence number = 1148
Timeout, sequence number = 1153
Timeout, sequence number = 1169
Timeout, sequence number = 1180
Timeout, sequence number = 1180
[SR CLIENT] Sent data seq=1200
[SR CLIENT] Received ACK seq=1200
Timeout, sequence number = 1226
Timeout, sequence number = 1230
Timeout, sequence number = 1247
Timeout, sequence number = 1249
Timeout, sequence number = 1285
Timeout, sequence number = 1289
Timeout, sequence number = 1291
[SR CLIENT] Sent data seq=1300
[SR CLIENT] Received ACK seq=1300
Timeout, sequence number = 1293
Timeout, sequence number = 1335
Timeout, sequence number = 1352
Timeout, sequence number = 1372
[SR CLIENT] Sent data seq=1400
[SR CLIENT] Received ACK seq=1400
Timeout, sequence number = 1412
Timeout, sequence number = 1441
Timeout, sequence number = 1491
Timeout, sequence number = 1494
Timeout, sequence number = 1498
Timeout, sequence number = 1491
[SR CLIENT] Sent data seq=1500
[SR CLIENT] Received ACK seq=1500
Timeout, sequence number = 1518
Timeout, sequence number = 1520
Timeout, sequence number = 1539
Timeout, sequence number = 1579
[SR CLIENT] Sent data seq=1600
[SR CLIENT] Received ACK seq=1600
Timeout, sequence number = 1594
Timeout, sequence number = 1605
Timeout, sequence number = 1618
Timeout, sequence number = 1621
Timeout, sequence number = 1663
Timeout, sequence number = 1678
[SR CLIENT] Sent data seq=1700
[SR CLIENT] Received ACK seq=1700
Timeout, sequence number = 1719
Timeout, sequence number = 1736
Timeout, sequence number = 1783
Timeout, sequence number = 1787
[SR CLIENT] Sent data seq=1800
[SR CLIENT] Received ACK seq=1800
Timeout, sequence number = 1793
Timeout, sequence number = 1808
Timeout, sequence number = 1822
Timeout, sequence number = 1833
Timeout, sequence number = 1857
Timeout, sequence number = 1871
Timeout, sequence number = 1886
[SR CLIENT] Sent data seq=1900
[SR CLIENT] Received ACK seq=1900
Timeout, sequence number = 1905
Timeout, sequence number = 1905
Timeout, sequence number = 1935
Timeout, sequence number = 1937
Timeout, sequence number = 1938
Timeout, sequence number = 1948
Timeout, sequence number = 1950
Timeout, sequence number = 1975
[SR CLIENT] Sent data seq=2000
[SR CLIENT] Received ACK seq=2000
Timeout, sequence number = 2007
Timeout, sequence number = 2066
Timeout, sequence number = 2071
Timeout, sequence number = 2079
Timeout, sequence number = 2082
Timeout, sequence number = 2079
[SR CLIENT] Sent data seq=2100
[SR CLIENT] Received ACK seq=2100
Timeout, sequence number = 2104
Timeout, sequence number = 2133
Timeout, sequence number = 2164
Timeout, sequence number = 2173
[SR CLIENT] Sent data seq=2200
[SR CLIENT] Received ACK seq=2200
Timeout, sequence number = 2221
[SR CLIENT] Sent data seq=2300
[SR CLIENT] Received ACK seq=2300
Timeout, sequence number = 2311
Timeout, sequence number = 2317
Timeout, sequence number = 2329
Timeout, sequence number = 2348
Timeout, sequence number = 2380
[SR CLIENT] Sent data seq=2400
[SR CLIENT] Received ACK seq=2400
[SR CLIENT] Summary: sent_packets=2401, ack_packets=2401, retransmitted_packets=124, timeout_events=124
Transfer complete. Delay = 57.965756 seconds

=== STDERR ===
