=== STDOUT ===
[SR CLIENT] Starting transfer: server=10.153.27.102:7735, file=demo_input.bin, N=4, MSS=500, total_segments=2401
[SR CLIENT] Sent data seq=0
[SR CLIENT] Sent data seq=1
[SR CLIENT] Sent data seq=2
[SR CLIENT] Sent data seq=3
[SR CLIENT] Received ACK seq=0
[SR CLIENT] Sent data seq=4
[SR CLIENT] Received ACK seq=1
[SR CLIENT] Received ACK seq=2
[SR CLIENT] Received ACK seq=3
[SR CLIENT] Received ACK seq=4
Timeout, sequence number = 7
Timeout, sequence number = 14
Timeout, sequence number = 25
Timeout, sequence number = 38
Timeout, sequence number = 38
Timeout, sequence number = 61
Timeout, sequence number = 64
Timeout, sequence number = 82
Timeout, sequence number = 84
Timeout, sequence number = 96
[SR CLIENT] Sent data seq=100
Timeout, sequence number = 100
Timeout, sequence number = 101
Timeout, sequence number = 102
Timeout, sequence number = 103
Timeout, sequence number = 100
[SR CLIENT] Received ACK seq=100
Timeout, sequence number = 120
Timeout, sequence number = 139
Timeout, sequence number = 149
Timeout, sequence number = 153
Timeout, sequence number = 175
Timeout, sequence number = 178
[SR CLIENT] Sent data seq=200
[SR CLIENT] Received ACK seq=200
Timeout, sequence number = 202
Timeout, sequence number = 207
Timeout, sequence number = 236
Timeout, sequence number = 238
Timeout, sequence number = 238
Timeout, sequence number = 240
Timeout, sequence number = 238
Timeout, sequence number = 246
Timeout, sequence number = 251
Timeout, sequence number = 283
[SR CLIENT] Sent data seq=300
[SR CLIENT] Received ACK seq=300
Timeout, sequence number = 341
Timeout, sequence number = 345
Timeout, sequence number = 353
Timeout, sequence number = 373
Timeout, sequence number = 378
Timeout, sequence number = 386
Timeout, sequence number = 392
Timeout, sequence number = 392
Timeout, sequence number = 396
Timeout, sequence number = 397
Timeout, sequence number = 398
Timeout, sequence number = 399
[SR CLIENT] Sent data seq=400
[SR CLIENT] Received ACK seq=400
Timeout, sequence number = 403
Timeout, sequence number = 420
Timeout, sequence number = 422
Timeout, sequence number = 457
Timeout, sequence number = 480
Timeout, sequence number = 493
[SR CLIENT] Sent data seq=500
[SR CLIENT] Received ACK seq=500
Timeout, sequence number = 588
Timeout, sequence number = 591
Timeout, sequence number = 594
[SR CLIENT] Sent data seq=600
[SR CLIENT] Received ACK seq=600
Timeout, sequence number = 637
Timeout, sequence number = 642
Timeout, sequence number = 663
Timeout, sequence number = 665
Timeout, sequence number = 670
[SR CLIENT] Sent data seq=700
[SR CLIENT] Received ACK seq=700
Timeout, sequence number = 705
Timeout, sequence number = 722
Timeout, sequence number = 746
Timeout, sequence number = 758
Timeout, sequence number = 773
Timeout, sequence number = 774
Timeout, sequence number = 789
[SR CLIENT] Sent data seq=800
[SR CLIENT] Received ACK seq=800
Timeout, sequence number = 801
Timeout, sequence number = 801
Timeout, sequence number = 805
Timeout, sequence number = 806
Timeout, sequence number = 807
Timeout, sequence number = 808
Timeout, sequence number = 809
Timeout, sequence number = 810
Timeout, sequence number = 811
Timeout, sequence number = 812
Timeout, sequence number = 814
Timeout, sequence number = 816
Timeout, sequence number = 821
Timeout, sequence number = 837
Timeout, sequence number = 841
Timeout, sequence number = 842
Timeout, sequence number = 843
Timeout, sequence number = 844
Timeout, sequence number = 849
Timeout, sequence number = 850
Timeout, sequence number = 851
Timeout, sequence number = 852
Timeout, sequence number = 868
Timeout, sequence number = 880
Timeout, sequence number = 881
Timeout, sequence number = 882
Timeout, sequence number = 883
Timeout, sequence number = 882
Timeout, sequence number = 883
Timeout, sequence number = 887
Timeout, sequence number = 896
[SR CLIENT] Sent data seq=900
[SR CLIENT] Received ACK seq=900
Timeout, sequence number = 915
Timeout, sequence number = 928
Timeout, sequence number = 938
Timeout, sequence number = 941
Timeout, sequence number = 944
Timeout, sequence number = 946
Timeout, sequence number = 947
Timeout, sequence number = 944
Timeout, sequence number = 966
Timeout, sequence number = 987
[SR CLIENT] Sent data seq=1000
[SR CLIENT] Received ACK seq=1000
Timeout, sequence number = 1065
Timeout, sequence number = 1073
Timeout, sequence number = 1079
Timeout, sequence number = 1085
[SR CLIENT] Sent data seq=1100
[SR CLIENT] Received ACK seq=1100
Timeout, sequence number = 1111
Timeout, sequence number = 1116
Timeout, sequence number = 1119
Timeout, sequence number = 1124
Timeout, sequence number = 1125
Timeout, sequence number = 1126
Timeout, sequence number = 1127
Timeout, sequence number = 1156
Timeout, sequence number = 1169
Timeout, sequence number = 1188
[SR CLIENT] Sent data seq=1200
[SR CLIENT] Received ACK seq=1200
Timeout, sequence number = 1207
Timeout, sequence number = 1218
Timeout, sequence number = 1231
Timeout, sequence number = 1237
Timeout, sequence number = 1263
Timeout, sequence number = 1270
[SR CLIENT] Sent data seq=1300
[SR CLIENT] Received ACK seq=1300
Timeout, sequence number = 1350
Timeout, sequence number = 1367
Timeout, sequence number = 1396
[SR CLIENT] Sent data seq=1400
[SR CLIENT] Received ACK seq=1400
Timeout, sequence number = 1411
Timeout, sequence number = 1440
Timeout, sequence number = 1444
Timeout, sequence number = 1451
Timeout, sequence number = 1451
Timeout, sequence number = 1462
Timeout, sequence number = 1483
Timeout, sequence number = 1487
Timeout, sequence number = 1488
Timeout, sequence number = 1489
Timeout, sequence number = 1490
[SR CLIENT] Sent data seq=1500
[SR CLIENT] Received ACK seq=1500
Timeout, sequence number = 1509
Timeout, sequence number = 1547
Timeout, sequence number = 1547
Timeout, sequence number = 1574
Timeout, sequence number = 1578
[SR CLIENT] Sent data seq=1600
[SR CLIENT] Received ACK seq=1600
Timeout, sequence number = 1601
Timeout, sequence number = 1628
Timeout, sequence number = 1630
Timeout, sequence number = 1656
Timeout, sequence number = 1657
Timeout, sequence number = 1658
Timeout, sequence number = 1659
Timeout, sequence number = 1681
[SR CLIENT] Sent data seq=1700
[SR CLIENT] Received ACK seq=1700
Timeout, sequence number = 1739
Timeout, sequence number = 1756
Timeout, sequence number = 1765
Timeout, sequence number = 1770
Timeout, sequence number = 1774
Timeout, sequence number = 1775
[SR CLIENT] Sent data seq=1800
[SR CLIENT] Received ACK seq=1800
Timeout, sequence number = 1797
Timeout, sequence number = 1823
Timeout, sequence number = 1825
Timeout, sequence number = 1833
Timeout, sequence number = 1851
Timeout, sequence number = 1863
Timeout, sequence number = 1872
Timeout, sequence number = 1883
[SR CLIENT] Sent data seq=1900
[SR CLIENT] Received ACK seq=1900
Timeout, sequence number = 1945
Timeout, sequence number = 1965
Timeout, sequence number = 1980
[SR CLIENT] Sent data seq=2000
[SR CLIENT] Received ACK seq=2000
Timeout, sequence number = 2021
Timeout, sequence number = 2023
Timeout, sequence number = 2073
[SR CLIENT] Sent data seq=2100
[SR CLIENT] Received ACK seq=2100
Timeout, sequence number = 2117
Timeout, sequence number = 2118
Timeout, sequence number = 2130
Timeout, sequence number = 2130
Timeout, sequence number = 2138
Timeout, sequence number = 2172
Timeout, sequence number = 2172
[SR CLIENT] Sent data seq=2200
[SR CLIENT] Received ACK seq=2200
Timeout, sequence number = 2208
Timeout, sequence number = 2223
Timeout, sequence number = 2240
Timeout, sequence number = 2241
Timeout, sequence number = 2241
Timeout, sequence number = 2265
[SR CLIENT] Sent data seq=2300
Timeout, sequence number = 2300
[SR CLIENT] Received ACK seq=2300
Timeout, sequence number = 2316
Timeout, sequence number = 2345
Timeout, sequence number = 2357
Timeout, sequence number = 2366
Timeout, sequence number = 2372
Timeout, sequence number = 2379
Timeout, sequence number = 2380
Timeout, sequence number = 2389
[SR CLIENT] Sent data seq=2400
[SR CLIENT] Received ACK seq=2400
[SR CLIENT] Summary: sent_packets=2401, ack_packets=2401, retransmitted_packets=194, timeout_events=194
Transfer complete. Delay = 108.393527 seconds

=== STDERR ===
