=== STDOUT ===
[SR CLIENT] Starting transfer: server=10.153.27.102:7735, file=demo_input.bin, N=64, MSS=600, total_segments=2001
[SR CLIENT] Sent data seq=0
[SR CLIENT] Sent data seq=1
[SR CLIENT] Sent data seq=2
[SR CLIENT] Sent data seq=3
[SR CLIENT] Sent data seq=4
[SR CLIENT] Received ACK seq=0
[SR CLIENT] Received ACK seq=1
[SR CLIENT] Received ACK seq=2
[SR CLIENT] Received ACK seq=3
[SR CLIENT] Received ACK seq=4
[SR CLIENT] Sent data seq=100
[SR CLIENT] Received ACK seq=100
Timeout, sequence number = 49
Timeout, sequence number = 64
Timeout, sequence number = 87
Timeout, sequence number = 101
Timeout, sequence number = 125
Timeout, sequence number = 138
[SR CLIENT] Sent data seq=200
[SR CLIENT] Received ACK seq=200
[SR CLIENT] Sent data seq=300
[SR CLIENT] Received ACK seq=300
Timeout, sequence number = 260
Timeout, sequence number = 279
Timeout, sequence number = 286
Timeout, sequence number = 289
Timeout, sequence number = 294
Timeout, sequence number = 321
[SR CLIENT] Sent data seq=400
[SR CLIENT] Received ACK seq=400
Timeout, sequence number = 398
Timeout, sequence number = 399
Timeout, sequence number = 403
Timeout, sequence number = 407
Timeout, sequence number = 408
Timeout, sequence number = 428
Timeout, sequence number = 449
Timeout, sequence number = 453
Timeout, sequence number = 455
Timeout, sequence number = 408
Timeout, sequence number = 408
[SR CLIENT] Sent data seq=500
[SR CLIENT] Received ACK seq=500
Timeout, sequence number = 523
[SR CLIENT] Sent data seq=600
[SR CLIENT] Received ACK seq=600
Timeout, sequence number = 550
Timeout, sequence number = 554
Timeout, sequence number = 609
Timeout, sequence number = 554
[SR CLIENT] Sent data seq=700
[SR CLIENT] Received ACK seq=700
Timeout, sequence number = 645
Timeout, sequence number = 656
Timeout, sequence number = 665
Timeout, sequence number = 704
Timeout, sequence number = 713
Timeout, sequence number = 750
Timeout, sequence number = 771
[SR CLIENT] Sent data seq=800
[SR CLIENT] Received ACK seq=800
Timeout, sequence number = 795
Timeout, sequence number = 796
Timeout, sequence number = 809
[SR CLIENT] Sent data seq=900
[SR CLIENT] Received ACK seq=900
Timeout, sequence number = 860
Timeout, sequence number = 867
Timeout, sequence number = 872
Timeout, sequence number = 912
Timeout, sequence number = 927
Timeout, sequence number = 943
Timeout, sequence number = 952
Timeout, sequence number = 963
Timeout, sequence number = 972
Timeout, sequence number = 980
[SR CLIENT] Sent data seq=1000
[SR CLIENT] Received ACK seq=1000
Timeout, sequence number = 943
Timeout, sequence number = 1019
Timeout, sequence number = 1023
Timeout, sequence number = 1026
Timeout, sequence number = 1067
Timeout, sequence number = 1069
[SR CLIENT] Sent data seq=1100
Timeout, sequence number = 1077
Timeout, sequence number = 1081
[SR CLIENT] Received ACK seq=1100
Timeout, sequence number = 1098
Timeout, sequence number = 1124
Timeout, sequence number = 1137
Timeout, sequence number = 1081
[SR CLIENT] Sent data seq=1200
[SR CLIENT] Received ACK seq=1200
Timeout, sequence number = 1157
Timeout, sequence number = 1224
Timeout, sequence number = 1226
Timeout, sequence number = 1230
Timeout, sequence number = 1237
Timeout, sequence number = 1249
Timeout, sequence number = 1258
Timeout, sequence number = 1260
Timeout, sequence number = 1268
Timeout, sequence number = 1271
Timeout, sequence number = 1226
Timeout, sequence number = 1237
Timeout, sequence number = 1260
[SR CLIENT] Sent data seq=1300
[SR CLIENT] Received ACK seq=1300
Timeout, sequence number = 1299
Timeout, sequence number = 1308
Timeout, sequence number = 1348
[SR CLIENT] Sent data seq=1400
[SR CLIENT] Received ACK seq=1400
[SR CLIENT] Sent data seq=1500
[SR CLIENT] Received ACK seq=1500
Timeout, sequence number = 1447
Timeout, sequence number = 1471
Timeout, sequence number = 1480
Timeout, sequence number = 1496
Timeout, sequence number = 1506
Timeout, sequence number = 1447
Timeout, sequence number = 1496
Timeout, sequence number = 1522
Timeout, sequence number = 1549
[SR CLIENT] Sent data seq=1600
Timeout, sequence number = 1568
[SR CLIENT] Received ACK seq=1600
Timeout, sequence number = 1597
Timeout, sequence number = 1599
Timeout, sequence number = 1608
Timeout, sequence number = 1616
Timeout, sequence number = 1628
Timeout, sequence number = 1630
Timeout, sequence number = 1641
[SR CLIENT] Sent data seq=1700
[SR CLIENT] Received ACK seq=1700
Timeout, sequence number = 1671
Timeout, sequence number = 1729
Timeout, sequence number = 1730
[SR CLIENT] Sent data seq=1800
[SR CLIENT] Received ACK seq=1800
Timeout, sequence number = 1739
Timeout, sequence number = 1751
Timeout, sequence number = 1757
Timeout, sequence number = 1763
Timeout, sequence number = 1822
Timeout, sequence number = 1834
Timeout, sequence number = 1841
[SR CLIENT] Sent data seq=1900
[SR CLIENT] Received ACK seq=1900
Timeout, sequence number = 1931
Timeout, sequence number = 1946
[SR CLIENT] Sent data seq=2000
Timeout, sequence number = 1991
Timeout, sequence number = 1995
Timeout, sequence number = 2000
[SR CLIENT] Received ACK seq=2000
[SR CLIENT] Summary: sent_packets=2001, ack_packets=2001, retransmitted_packets=108, timeout_events=108
Transfer complete. Delay = 16.333706 seconds

=== STDERR ===
