=== STDOUT ===
[SR CLIENT] Starting transfer: server=10.153.27.102:7735, file=demo_input.bin, N=64, MSS=500, total_segments=2401
[SR CLIENT] Sent data seq=0
[SR CLIENT] Sent data seq=1
[SR CLIENT] Sent data seq=2
[SR CLIENT] Sent data seq=3
[SR CLIENT] Sent data seq=4
[SR CLIENT] Received ACK seq=2
[SR CLIENT] Received ACK seq=0
[SR CLIENT] Received ACK seq=1
[SR CLIENT] Received ACK seq=3
[SR CLIENT] Received ACK seq=4
[SR CLIENT] Sent data seq=100
[SR CLIENT] Received ACK seq=100
[SR CLIENT] Sent data seq=200
[SR CLIENT] Received ACK seq=200
Timeout, sequence number = 152
Timeout, sequence number = 154
Timeout, sequence number = 155
Timeout, sequence number = 156
Timeout, sequence number = 157
Timeout, sequence number = 158
Timeout, sequence number = 159
Timeout, sequence number = 160
Timeout, sequence number = 161
Timeout, sequence number = 162
Timeout, sequence number = 163
Timeout, sequence number = 164
Timeout, sequence number = 165
Timeout, sequence number = 166
Timeout, sequence number = 167
Timeout, sequence number = 168
Timeout, sequence number = 169
Timeout, sequence number = 170
Timeout, sequence number = 171
Timeout, sequence number = 172
Timeout, sequence number = 182
Timeout, sequence number = 183
[SR CLIENT] Sent data seq=300
[SR CLIENT] Received ACK seq=300
Timeout, sequence number = 294
[SR CLIENT] Sent data seq=400
[SR CLIENT] Received ACK seq=400
Timeout, sequence number = 436
Timeout, sequence number = 443
[SR CLIENT] Sent data seq=500
[SR CLIENT] Received ACK seq=500
Timeout, sequence number = 510
[SR CLIENT] Sent data seq=600
[SR CLIENT] Received ACK seq=600
Timeout, sequence number = 623
[SR CLIENT] Sent data seq=700
Timeout, sequence number = 644
[SR CLIENT] Received ACK seq=700
[SR CLIENT] Sent data seq=800
[SR CLIENT] Received ACK seq=800
Timeout, sequence number = 757
Timeout, sequence number = 797
Timeout, sequence number = 832
[SR CLIENT] Sent data seq=900
[SR CLIENT] Received ACK seq=900
Timeout, sequence number = 929
Timeout, sequence number = 961
[SR CLIENT] Sent data seq=1000
[SR CLIENT] Received ACK seq=1000
Timeout, sequence number = 1027
[SR CLIENT] Sent data seq=1100
[SR CLIENT] Received ACK seq=1100
Timeout, sequence number = 1112
[SR CLIENT] Sent data seq=1200
[SR CLIENT] Received ACK seq=1200
[SR CLIENT] Sent data seq=1300
[SR CLIENT] Received ACK seq=1300
Timeout, sequence number = 1303
Timeout, sequence number = 1319
[SR CLIENT] Sent data seq=1400
[SR CLIENT] Received ACK seq=1400
Timeout, sequence number = 1403
[SR CLIENT] Sent data seq=1500
[SR CLIENT] Received ACK seq=1500
Timeout, sequence number = 1491
[SR CLIENT] Sent data seq=1600
[SR CLIENT] Received ACK seq=1600
Timeout, sequence number = 1559
[SR CLIENT] Sent data seq=1700
[SR CLIENT] Received ACK seq=1700
[SR CLIENT] Sent data seq=1800
[SR CLIENT] Received ACK seq=1800
[SR CLIENT] Sent data seq=1900
[SR CLIENT] Received ACK seq=1900
[SR CLIENT] Sent data seq=2000
[SR CLIENT] Received ACK seq=2000
Timeout, sequence number = 1946
Timeout, sequence number = 1989
[SR CLIENT] Sent data seq=2100
[SR CLIENT] Received ACK seq=2100
Timeout, sequence number = 2064
[SR CLIENT] Sent data seq=2200
[SR CLIENT] Received ACK seq=2200
Timeout, sequence number = 2178
Timeout, sequence number = 2232
Timeout, sequence number = 2233
Timeout, sequence number = 2234
Timeout, sequence number = 2235
Timeout, sequence number = 2236
Timeout, sequence number = 2237
Timeout, sequence number = 2238
Timeout, sequence number = 2239
Timeout, sequence number = 2240
Timeout, sequence number = 2241
[SR CLIENT] Sent data seq=2300
[SR CLIENT] Received ACK seq=2300
Timeout, sequence number = 2299
Timeout, sequence number = 2341
Timeout, sequence number = 2349
[SR CLIENT] Sent data seq=2400
[SR CLIENT] Received ACK seq=2400
[SR CLIENT] Summary: sent_packets=2401, ack_packets=2401, retransmitted_packets=57, timeout_events=57
Transfer complete. Delay = 10.370670 seconds

=== STDERR ===
