=== STDOUT ===
[SR CLIENT] Starting transfer: server=10.153.27.102:7735, file=demo_input.bin, N=64, MSS=300, total_segments=4001
[SR CLIENT] Sent data seq=0
[SR CLIENT] Sent data seq=1
[SR CLIENT] Sent data seq=2
[SR CLIENT] Sent data seq=3
[SR CLIENT] Sent data seq=4
[SR CLIENT] Received ACK seq=0
[SR CLIENT] Received ACK seq=1
[SR CLIENT] Received ACK seq=2
[SR CLIENT] Received ACK seq=3
[SR CLIENT] Received ACK seq=4
[SR CLIENT] Sent data seq=100
[SR CLIENT] Received ACK seq=100
Timeout, sequence number = 60
Timeout, sequence number = 68
[SR CLIENT] Sent data seq=200
[SR CLIENT] Received ACK seq=200
Timeout, sequence number = 139
Timeout, sequence number = 151
Timeout, sequence number = 196
Timeout, sequence number = 202
Timeout, sequence number = 208
Timeout, sequence number = 234
Timeout, sequence number = 240
[SR CLIENT] Sent data seq=300
[SR CLIENT] Received ACK seq=300
Timeout, sequence number = 262
Timeout, sequence number = 275
Timeout, sequence number = 282
Timeout, sequence number = 289
Timeout, sequence number = 297
[SR CLIENT] Sent data seq=400
[SR CLIENT] Received ACK seq=400
Timeout, sequence number = 341
Timeout, sequence number = 366
Timeout, sequence number = 368
Timeout, sequence number = 371
Timeout, sequence number = 414
Timeout, sequence number = 468
[SR CLIENT] Sent data seq=500
Timeout, sequence number = 469
[SR CLIENT] Received ACK seq=500
Timeout, sequence number = 486
Timeout, sequence number = 499
Timeout, sequence number = 512
Timeout, sequence number = 513
Timeout, sequence number = 519
[SR CLIENT] Sent data seq=600
[SR CLIENT] Received ACK seq=600
Timeout, sequence number = 538
Timeout, sequence number = 546
Timeout, sequence number = 561
Timeout, sequence number = 576
Timeout, sequence number = 585
Timeout, sequence number = 589
Timeout, sequence number = 595
Timeout, sequence number = 634
Timeout, sequence number = 644
Timeout, sequence number = 654
Timeout, sequence number = 679
Timeout, sequence number = 684
[SR CLIENT] Sent data seq=700
[SR CLIENT] Received ACK seq=700
Timeout, sequence number = 704
Timeout, sequence number = 704
[SR CLIENT] Sent data seq=800
[SR CLIENT] Received ACK seq=800
Timeout, sequence number = 780
Timeout, sequence number = 821
Timeout, sequence number = 835
[SR CLIENT] Sent data seq=900
[SR CLIENT] Received ACK seq=900
Timeout, sequence number = 846
Timeout, sequence number = 913
Timeout, sequence number = 921
Timeout, sequence number = 928
Timeout, sequence number = 938
Timeout, sequence number = 956
Timeout, sequence number = 963
Timeout, sequence number = 971
[SR CLIENT] Sent data seq=1000
[SR CLIENT] Received ACK seq=1000
Timeout, sequence number = 990
Timeout, sequence number = 1009
[SR CLIENT] Sent data seq=1100
[SR CLIENT] Received ACK seq=1100
Timeout, sequence number = 1055
Timeout, sequence number = 1062
Timeout, sequence number = 1084
Timeout, sequence number = 1090
Timeout, sequence number = 1104
[SR CLIENT] Sent data seq=1200
[SR CLIENT] Received ACK seq=1200
Timeout, sequence number = 1144
Timeout, sequence number = 1148
Timeout, sequence number = 1171
Timeout, sequence number = 1186
Timeout, sequence number = 1148
Timeout, sequence number = 1214
Timeout, sequence number = 1242
Timeout, sequence number = 1258
[SR CLIENT] Sent data seq=1300
[SR CLIENT] Received ACK seq=1300
Timeout, sequence number = 1277
Timeout, sequence number = 1284
Timeout, sequence number = 1293
Timeout, sequence number = 1310
[SR CLIENT] Sent data seq=1400
[SR CLIENT] Received ACK seq=1400
[SR CLIENT] Sent data seq=1500
[SR CLIENT] Received ACK seq=1500
Timeout, sequence number = 1448
Timeout, sequence number = 1454
Timeout, sequence number = 1457
Timeout, sequence number = 1466
Timeout, sequence number = 1517
[SR CLIENT] Sent data seq=1600
[SR CLIENT] Received ACK seq=1600
Timeout, sequence number = 1623
[SR CLIENT] Sent data seq=1700
Timeout, sequence number = 1654
[SR CLIENT] Received ACK seq=1700
Timeout, sequence number = 1704
Timeout, sequence number = 1734
Timeout, sequence number = 1741
[SR CLIENT] Sent data seq=1800
[SR CLIENT] Received ACK seq=1800
Timeout, sequence number = 1770
Timeout, sequence number = 1779
Timeout, sequence number = 1794
Timeout, sequence number = 1807
[SR CLIENT] Sent data seq=1900
[SR CLIENT] Received ACK seq=1900
Timeout, sequence number = 1847
Timeout, sequence number = 1909
Timeout, sequence number = 1913
Timeout, sequence number = 1915
Timeout, sequence number = 1916
Timeout, sequence number = 1918
Timeout, sequence number = 1937
Timeout, sequence number = 1944
Timeout, sequence number = 1945
[SR CLIENT] Sent data seq=2000
[SR CLIENT] Received ACK seq=2000
Timeout, sequence number = 1937
[SR CLIENT] Sent data seq=2100
[SR CLIENT] Received ACK seq=2100
Timeout, sequence number = 2045
Timeout, sequence number = 2061
Timeout, sequence number = 2097
Timeout, sequence number = 2109
Timeout, sequence number = 2124
Timeout, sequence number = 2136
Timeout, sequence number = 2151
[SR CLIENT] Sent data seq=2200
[SR CLIENT] Received ACK seq=2200
Timeout, sequence number = 2167
Timeout, sequence number = 2185
Timeout, sequence number = 2219
Timeout, sequence number = 2225
[SR CLIENT] Sent data seq=2300
[SR CLIENT] Received ACK seq=2300
Timeout, sequence number = 2252
Timeout, sequence number = 2281
Timeout, sequence number = 2284
Timeout, sequence number = 2285
Timeout, sequence number = 2288
Timeout, sequence number = 2314
Timeout, sequence number = 2340
Timeout, sequence number = 2343
Timeout, sequence number = 2285
[SR CLIENT] Sent data seq=2400
[SR CLIENT] Received ACK seq=2400
Timeout, sequence number = 2354
Timeout, sequence number = 2364
Timeout, sequence number = 2403
Timeout, sequence number = 2411
Timeout, sequence number = 2424
Timeout, sequence number = 2443
Timeout, sequence number = 2477
[SR CLIENT] Sent data seq=2500
[SR CLIENT] Received ACK seq=2500
Timeout, sequence number = 2510
Timeout, sequence number = 2519
Timeout, sequence number = 2529
Timeout, sequence number = 2530
Timeout, sequence number = 2534
Timeout, sequence number = 2553
[SR CLIENT] Sent data seq=2600
[SR CLIENT] Received ACK seq=2600
[SR CLIENT] Sent data seq=2700
[SR CLIENT] Received ACK seq=2700
Timeout, sequence number = 2645
Timeout, sequence number = 2659
Timeout, sequence number = 2664
Timeout, sequence number = 2669
Timeout, sequence number = 2677
Timeout, sequence number = 2685
Timeout, sequence number = 2689
Timeout, sequence number = 2691
Timeout, sequence number = 2702
Timeout, sequence number = 2703
Timeout, sequence number = 2708
Timeout, sequence number = 2691
Timeout, sequence number = 2702
Timeout, sequence number = 2709
Timeout, sequence number = 2710
Timeout, sequence number = 2711
Timeout, sequence number = 2712
Timeout, sequence number = 2713
Timeout, sequence number = 2714
Timeout, sequence number = 2723
Timeout, sequence number = 2724
Timeout, sequence number = 2725
Timeout, sequence number = 2726
Timeout, sequence number = 2727
Timeout, sequence number = 2728
Timeout, sequence number = 2730
Timeout, sequence number = 2731
Timeout, sequence number = 2732
Timeout, sequence number = 2733
Timeout, sequence number = 2734
Timeout, sequence number = 2735
Timeout, sequence number = 2736
Timeout, sequence number = 2737
Timeout, sequence number = 2738
Timeout, sequence number = 2739
Timeout, sequence number = 2740
Timeout, sequence number = 2741
Timeout, sequence number = 2742
Timeout, sequence number = 2748
Timeout, sequence number = 2749
Timeout, sequence number = 2750
Timeout, sequence number = 2751
Timeout, sequence number = 2752
Timeout, sequence number = 2753
Timeout, sequence number = 2754
Timeout, sequence number = 2724
Timeout, sequence number = 2724
[SR CLIENT] Sent data seq=2800
[SR CLIENT] Received ACK seq=2800
Timeout, sequence number = 2825
Timeout, sequence number = 2831
Timeout, sequence number = 2843
Timeout, sequence number = 2844
Timeout, sequence number = 2865
Timeout, sequence number = 2869
Timeout, sequence number = 2873
Timeout, sequence number = 2875
Timeout, sequence number = 2881
[SR CLIENT] Sent data seq=2900
[SR CLIENT] Received ACK seq=2900
Timeout, sequence number = 2896
Timeout, sequence number = 2925
Timeout, sequence number = 2945
Timeout, sequence number = 2951
[SR CLIENT] Sent data seq=3000
[SR CLIENT] Received ACK seq=3000
Timeout, sequence number = 2997
[SR CLIENT] Sent data seq=3100
Timeout, sequence number = 3043
Timeout, sequence number = 3056
[SR CLIENT] Received ACK seq=3100
Timeout, sequence number = 3063
Timeout, sequence number = 3105
Timeout, sequence number = 3119
Timeout, sequence number = 3134
Timeout, sequence number = 3151
Timeout, sequence number = 3179
Timeout, sequence number = 3193
Timeout, sequence number = 3134
[SR CLIENT] Sent data seq=3200
[SR CLIENT] Received ACK seq=3200
Timeout, sequence number = 3211
Timeout, sequence number = 3217
Timeout, sequence number = 3224
Timeout, sequence number = 3232
[SR CLIENT] Sent data seq=3300
[SR CLIENT] Received ACK seq=3300
Timeout, sequence number = 3285
Timeout, sequence number = 3288
Timeout, sequence number = 3290
Timeout, sequence number = 3293
Timeout, sequence number = 3295
Timeout, sequence number = 3327
Timeout, sequence number = 3332
Timeout, sequence number = 3335
Timeout, sequence number = 3340
[SR CLIENT] Sent data seq=3400
[SR CLIENT] Received ACK seq=3400
Timeout, sequence number = 3387
Timeout, sequence number = 3388
Timeout, sequence number = 3389
Timeout, sequence number = 3402
Timeout, sequence number = 3420
Timeout, sequence number = 3424
Timeout, sequence number = 3425
Timeout, sequence number = 3402
Timeout, sequence number = 3461
[SR CLIENT] Sent data seq=3500
[SR CLIENT] Received ACK seq=3500
Timeout, sequence number = 3480
Timeout, sequence number = 3532
Timeout, sequence number = 3532
Timeout, sequence number = 3558
[SR CLIENT] Sent data seq=3600
[SR CLIENT] Received ACK seq=3600
Timeout, sequence number = 3624
[SR CLIENT] Sent data seq=3700
Timeout, sequence number = 3661
Timeout, sequence number = 3681
[SR CLIENT] Received ACK seq=3700
Timeout, sequence number = 3697
Timeout, sequence number = 3721
[SR CLIENT] Sent data seq=3800
[SR CLIENT] Received ACK seq=3800
Timeout, sequence number = 3761
Timeout, sequence number = 3764
Timeout, sequence number = 3813
Timeout, sequence number = 3815
Timeout, sequence number = 3826
Timeout, sequence number = 3832
Timeout, sequence number = 3837
Timeout, sequence number = 3842
Timeout, sequence number = 3846
Timeout, sequence number = 3864
Timeout, sequence number = 3882
[SR CLIENT] Sent data seq=3900
[SR CLIENT] Received ACK seq=3900
Timeout, sequence number = 3864
Timeout, sequence number = 3892
[SR CLIENT] Sent data seq=4000
[SR CLIENT] Received ACK seq=4000
Timeout, sequence number = 3949
Timeout, sequence number = 3965
Timeout, sequence number = 3975
Timeout, sequence number = 3976
[SR CLIENT] Summary: sent_packets=4001, ack_packets=4001, retransmitted_packets=246, timeout_events=246
Transfer complete. Delay = 32.714066 seconds

=== STDERR ===
