=== STDOUT ===
[SR CLIENT] Starting transfer: server=10.153.27.102:7735, file=demo_input.bin, N=64, MSS=500, total_segments=2401
[SR CLIENT] Sent data seq=0
[SR CLIENT] Sent data seq=1
[SR CLIENT] Sent data seq=2
[SR CLIENT] Sent data seq=3
[SR CLIENT] Sent data seq=4
[SR CLIENT] Received ACK seq=0
[SR CLIENT] Received ACK seq=1
[SR CLIENT] Received ACK seq=2
[SR CLIENT] Received ACK seq=3
[SR CLIENT] Received ACK seq=4
[SR CLIENT] Sent data seq=100
[SR CLIENT] Received ACK seq=100
Timeout, sequence number = 66
Timeout, sequence number = 116
[SR CLIENT] Sent data seq=200
[SR CLIENT] Received ACK seq=200
Timeout, sequence number = 145
Timeout, sequence number = 167
Timeout, sequence number = 170
Timeout, sequence number = 182
Timeout, sequence number = 202
Timeout, sequence number = 213
Timeout, sequence number = 235
Timeout, sequence number = 261
[SR CLIENT] Sent data seq=300
[SR CLIENT] Received ACK seq=300
Timeout, sequence number = 307
Timeout, sequence number = 316
Timeout, sequence number = 338
[SR CLIENT] Sent data seq=400
[SR CLIENT] Received ACK seq=400
Timeout, sequence number = 364
Timeout, sequence number = 380
Timeout, sequence number = 381
Timeout, sequence number = 406
Timeout, sequence number = 416
Timeout, sequence number = 419
Timeout, sequence number = 406
Timeout, sequence number = 449
[SR CLIENT] Sent data seq=500
[SR CLIENT] Received ACK seq=500
Timeout, sequence number = 483
[SR CLIENT] Sent data seq=600
[SR CLIENT] Received ACK seq=600
Timeout, sequence number = 550
Timeout, sequence number = 557
Timeout, sequence number = 563
Timeout, sequence number = 572
Timeout, sequence number = 573
Timeout, sequence number = 601
Timeout, sequence number = 605
Timeout, sequence number = 605
Timeout, sequence number = 633
Timeout, sequence number = 645
Timeout, sequence number = 648
[SR CLIENT] Sent data seq=700
[SR CLIENT] Received ACK seq=700
Timeout, sequence number = 670
Timeout, sequence number = 680
Timeout, sequence number = 683
Timeout, sequence number = 696
[SR CLIENT] Sent data seq=800
[SR CLIENT] Received ACK seq=800
Timeout, sequence number = 752
Timeout, sequence number = 765
Timeout, sequence number = 781
Timeout, sequence number = 808
Timeout, sequence number = 810
Timeout, sequence number = 819
Timeout, sequence number = 824
Timeout, sequence number = 867
Timeout, sequence number = 869
Timeout, sequence number = 810
Timeout, sequence number = 824
[SR CLIENT] Sent data seq=900
[SR CLIENT] Received ACK seq=900
Timeout, sequence number = 884
Timeout, sequence number = 927
Timeout, sequence number = 938
Timeout, sequence number = 946
[SR CLIENT] Sent data seq=1000
[SR CLIENT] Received ACK seq=1000
Timeout, sequence number = 949
Timeout, sequence number = 973
Timeout, sequence number = 974
Timeout, sequence number = 1035
Timeout, sequence number = 1042
Timeout, sequence number = 1046
Timeout, sequence number = 1054
Timeout, sequence number = 1065
Timeout, sequence number = 1069
[SR CLIENT] Sent data seq=1100
[SR CLIENT] Received ACK seq=1100
Timeout, sequence number = 1078
Timeout, sequence number = 1094
Timeout, sequence number = 1099
Timeout, sequence number = 1106
Timeout, sequence number = 1134
Timeout, sequence number = 1160
[SR CLIENT] Sent data seq=1200
[SR CLIENT] Received ACK seq=1200
Timeout, sequence number = 1176
Timeout, sequence number = 1188
Timeout, sequence number = 1208
Timeout, sequence number = 1214
Timeout, sequence number = 1216
Timeout, sequence number = 1239
[SR CLIENT] Sent data seq=1300
[SR CLIENT] Received ACK seq=1300
Timeout, sequence number = 1240
Timeout, sequence number = 1247
Timeout, sequence number = 1254
Timeout, sequence number = 1278
Timeout, sequence number = 1321
Timeout, sequence number = 1354
Timeout, sequence number = 1356
Timeout, sequence number = 1366
[SR CLIENT] Sent data seq=1400
[SR CLIENT] Received ACK seq=1400
Timeout, sequence number = 1394
Timeout, sequence number = 1402
Timeout, sequence number = 1411
Timeout, sequence number = 1424
[SR CLIENT] Sent data seq=1500
[SR CLIENT] Received ACK seq=1500
Timeout, sequence number = 1465
Timeout, sequence number = 1501
[SR CLIENT] Sent data seq=1600
[SR CLIENT] Received ACK seq=1600
Timeout, sequence number = 1559
Timeout, sequence number = 1568
Timeout, sequence number = 1572
Timeout, sequence number = 1578
Timeout, sequence number = 1613
Timeout, sequence number = 1634
Timeout, sequence number = 1657
Timeout, sequence number = 1672
[SR CLIENT] Sent data seq=1700
[SR CLIENT] Received ACK seq=1700
Timeout, sequence number = 1657
Timeout, sequence number = 1672
Timeout, sequence number = 1715
[SR CLIENT] Sent data seq=1800
[SR CLIENT] Received ACK seq=1800
Timeout, sequence number = 1751
Timeout, sequence number = 1795
Timeout, sequence number = 1799
Timeout, sequence number = 1815
Timeout, sequence number = 1858
[SR CLIENT] Sent data seq=1900
[SR CLIENT] Received ACK seq=1900
Timeout, sequence number = 1858
Timeout, sequence number = 1887
Timeout, sequence number = 1913
Timeout, sequence number = 1917
Timeout, sequence number = 1919
Timeout, sequence number = 1921
Timeout, sequence number = 1934
Timeout, sequence number = 1937
Timeout, sequence number = 1943
Timeout, sequence number = 1944
Timeout, sequence number = 1947
Timeout, sequence number = 1950
Timeout, sequence number = 1952
Timeout, sequence number = 1963
Timeout, sequence number = 1976
Timeout, sequence number = 1996
Timeout, sequence number = 1934
[SR CLIENT] Sent data seq=2000
[SR CLIENT] Received ACK seq=2000
Timeout, sequence number = 2003
Timeout, sequence number = 2022
Timeout, sequence number = 2025
Timeout, sequence number = 2046
Timeout, sequence number = 2047
Timeout, sequence number = 2060
Timeout, sequence number = 2063
[SR CLIENT] Sent data seq=2100
[SR CLIENT] Received ACK seq=2100
Timeout, sequence number = 2047
Timeout, sequence number = 2077
Timeout, sequence number = 2126
Timeout, sequence number = 2135
Timeout, sequence number = 2139
Timeout, sequence number = 2173
Timeout, sequence number = 2189
[SR CLIENT] Sent data seq=2200
Timeout, sequence number = 2200
Timeout, sequence number = 2226
Timeout, sequence number = 2235
Timeout, sequence number = 2246
[SR CLIENT] Received ACK seq=2200
[SR CLIENT] Sent data seq=2300
[SR CLIENT] Received ACK seq=2300
Timeout, sequence number = 2297
Timeout, sequence number = 2328
Timeout, sequence number = 2340
[SR CLIENT] Sent data seq=2400
[SR CLIENT] Received ACK seq=2400
[SR CLIENT] Summary: sent_packets=2401, ack_packets=2401, retransmitted_packets=141, timeout_events=141
Transfer complete. Delay = 18.324609 seconds

=== STDERR ===
