=== STDOUT ===
[SR CLIENT] Starting transfer: server=10.153.27.102:7735, file=demo_input.bin, N=64, MSS=700, total_segments=1716
[SR CLIENT] Sent data seq=0
[SR CLIENT] Sent data seq=1
[SR CLIENT] Sent data seq=2
[SR CLIENT] Sent data seq=3
[SR CLIENT] Sent data seq=4
[SR CLIENT] Received ACK seq=0
[SR CLIENT] Received ACK seq=1
[SR CLIENT] Received ACK seq=2
[SR CLIENT] Received ACK seq=3
[SR CLIENT] Received ACK seq=4
[SR CLIENT] Sent data seq=100
[SR CLIENT] Received ACK seq=100
Timeout, sequence number = 60
Timeout, sequence number = 69
Timeout, sequence number = 76
Timeout, sequence number = 132
Timeout, sequence number = 134
Timeout, sequence number = 143
Timeout, sequence number = 144
Timeout, sequence number = 176
[SR CLIENT] Sent data seq=200
[SR CLIENT] Received ACK seq=200
Timeout, sequence number = 221
Timeout, sequence number = 235
Timeout, sequence number = 237
Timeout, sequence number = 238
Timeout, sequence number = 255
Timeout, sequence number = 278
Timeout, sequence number = 221
[SR CLIENT] Sent data seq=300
Timeout, sequence number = 287
Timeout, sequence number = 300
Timeout, sequence number = 314
Timeout, sequence number = 316
Timeout, sequence number = 323
[SR CLIENT] Received ACK seq=300
[SR CLIENT] Sent data seq=400
[SR CLIENT] Received ACK seq=400
Timeout, sequence number = 354
Timeout, sequence number = 365
Timeout, sequence number = 420
Timeout, sequence number = 424
Timeout, sequence number = 431
Timeout, sequence number = 461
[SR CLIENT] Sent data seq=500
[SR CLIENT] Received ACK seq=500
Timeout, sequence number = 511
Timeout, sequence number = 559
[SR CLIENT] Sent data seq=600
[SR CLIENT] Received ACK seq=600
Timeout, sequence number = 586
Timeout, sequence number = 625
[SR CLIENT] Sent data seq=700
[SR CLIENT] Received ACK seq=700
Timeout, sequence number = 701
Timeout, sequence number = 720
[SR CLIENT] Sent data seq=800
Timeout, sequence number = 755
Timeout, sequence number = 756
[SR CLIENT] Received ACK seq=800
Timeout, sequence number = 787
Timeout, sequence number = 803
Timeout, sequence number = 814
[SR CLIENT] Sent data seq=900
Timeout, sequence number = 849
Timeout, sequence number = 850
[SR CLIENT] Received ACK seq=900
Timeout, sequence number = 851
Timeout, sequence number = 860
Timeout, sequence number = 864
Timeout, sequence number = 873
Timeout, sequence number = 891
Timeout, sequence number = 901
Timeout, sequence number = 928
Timeout, sequence number = 935
Timeout, sequence number = 952
Timeout, sequence number = 980
[SR CLIENT] Sent data seq=1000
[SR CLIENT] Received ACK seq=1000
Timeout, sequence number = 994
Timeout, sequence number = 1041
Timeout, sequence number = 1054
[SR CLIENT] Sent data seq=1100
[SR CLIENT] Received ACK seq=1100
Timeout, sequence number = 1058
Timeout, sequence number = 1131
Timeout, sequence number = 1148
Timeout, sequence number = 1177
Timeout, sequence number = 1190
[SR CLIENT] Sent data seq=1200
[SR CLIENT] Received ACK seq=1200
Timeout, sequence number = 1209
Timeout, sequence number = 1240
Timeout, sequence number = 1242
Timeout, sequence number = 1244
[SR CLIENT] Sent data seq=1300
Timeout, sequence number = 1271
[SR CLIENT] Received ACK seq=1300
Timeout, sequence number = 1275
Timeout, sequence number = 1284
Timeout, sequence number = 1324
[SR CLIENT] Sent data seq=1400
[SR CLIENT] Received ACK seq=1400
Timeout, sequence number = 1357
Timeout, sequence number = 1363
Timeout, sequence number = 1385
Timeout, sequence number = 1409
Timeout, sequence number = 1410
Timeout, sequence number = 1427
Timeout, sequence number = 1432
Timeout, sequence number = 1459
Timeout, sequence number = 1460
[SR CLIENT] Sent data seq=1500
[SR CLIENT] Received ACK seq=1500
Timeout, sequence number = 1502
Timeout, sequence number = 1506
Timeout, sequence number = 1507
Timeout, sequence number = 1515
Timeout, sequence number = 1541
Timeout, sequence number = 1552
Timeout, sequence number = 1556
Timeout, sequence number = 1561
Timeout, sequence number = 1515
Timeout, sequence number = 1575
[SR CLIENT] Sent data seq=1600
[SR CLIENT] Received ACK seq=1600
Timeout, sequence number = 1586
Timeout, sequence number = 1617
[SR CLIENT] Sent data seq=1700
[SR CLIENT] Received ACK seq=1700
Timeout, sequence number = 1652
[SR CLIENT] Summary: sent_packets=1716, ack_packets=1716, retransmitted_packets=87, timeout_events=87
Transfer complete. Delay = 12.991929 seconds

=== STDERR ===
