=== STDOUT ===
[SR CLIENT] Starting transfer: server=10.153.27.102:7735, file=demo_input.bin, N=64, MSS=200, total_segments=6001
[SR CLIENT] Sent data seq=0
[SR CLIENT] Sent data seq=1
[SR CLIENT] Sent data seq=2
[SR CLIENT] Sent data seq=3
[SR CLIENT] Sent data seq=4
[SR CLIENT] Received ACK seq=0
[SR CLIENT] Received ACK seq=2
[SR CLIENT] Received ACK seq=3
Timeout, sequence number = 1
Timeout, sequence number = 4
Timeout, sequence number = 15
Timeout, sequence number = 18
[SR CLIENT] Received ACK seq=1
[SR CLIENT] Received ACK seq=4
[SR CLIENT] Sent data seq=100
[SR CLIENT] Received ACK seq=100
Timeout, sequence number = 68
Timeout, sequence number = 121
Timeout, sequence number = 130
Timeout, sequence number = 134
Timeout, sequence number = 156
Timeout, sequence number = 164
Timeout, sequence number = 182
Timeout, sequence number = 186
[SR CLIENT] Sent data seq=200
[SR CLIENT] Received ACK seq=200
[SR CLIENT] Sent data seq=300
[SR CLIENT] Received ACK seq=300
Timeout, sequence number = 244
Timeout, sequence number = 246
Timeout, sequence number = 252
[SR CLIENT] Sent data seq=400
Timeout, sequence number = 341
Timeout, sequence number = 356
Timeout, sequence number = 360
Timeout, sequence number = 364
Timeout, sequence number = 400
[SR CLIENT] Received ACK seq=400
Timeout, sequence number = 410
Timeout, sequence number = 435
Timeout, sequence number = 447
[SR CLIENT] Sent data seq=500
Timeout, sequence number = 465
[SR CLIENT] Received ACK seq=500
Timeout, sequence number = 488
Timeout, sequence number = 516
Timeout, sequence number = 532
Timeout, sequence number = 553
Timeout, sequence number = 532
[SR CLIENT] Sent data seq=600
[SR CLIENT] Received ACK seq=600
Timeout, sequence number = 596
Timeout, sequence number = 616
Timeout, sequence number = 623
Timeout, sequence number = 641
Timeout, sequence number = 645
Timeout, sequence number = 649
[SR CLIENT] Sent data seq=700
[SR CLIENT] Received ACK seq=700
Timeout, sequence number = 641
Timeout, sequence number = 667
Timeout, sequence number = 731
Timeout, sequence number = 733
Timeout, sequence number = 744
Timeout, sequence number = 780
[SR CLIENT] Sent data seq=800
[SR CLIENT] Received ACK seq=800
[SR CLIENT] Sent data seq=900
[SR CLIENT] Received ACK seq=900
Timeout, sequence number = 909
[SR CLIENT] Sent data seq=1000
[SR CLIENT] Received ACK seq=1000
Timeout, sequence number = 940
Timeout, sequence number = 965
Timeout, sequence number = 981
Timeout, sequence number = 995
Timeout, sequence number = 1002
Timeout, sequence number = 1024
Timeout, sequence number = 1061
Timeout, sequence number = 1024
[SR CLIENT] Sent data seq=1100
Timeout, sequence number = 1100
[SR CLIENT] Received ACK seq=1100
Timeout, sequence number = 1145
Timeout, sequence number = 1151
[SR CLIENT] Sent data seq=1200
[SR CLIENT] Received ACK seq=1200
Timeout, sequence number = 1209
Timeout, sequence number = 1214
Timeout, sequence number = 1229
Timeout, sequence number = 1247
Timeout, sequence number = 1257
[SR CLIENT] Sent data seq=1300
[SR CLIENT] Received ACK seq=1300
Timeout, sequence number = 1275
Timeout, sequence number = 1295
Timeout, sequence number = 1304
[SR CLIENT] Sent data seq=1400
[SR CLIENT] Received ACK seq=1400
Timeout, sequence number = 1356
Timeout, sequence number = 1384
Timeout, sequence number = 1403
Timeout, sequence number = 1433
Timeout, sequence number = 1435
Timeout, sequence number = 1437
[SR CLIENT] Sent data seq=1500
[SR CLIENT] Received ACK seq=1500
Timeout, sequence number = 1503
Timeout, sequence number = 1546
Timeout, sequence number = 1561
Timeout, sequence number = 1565
[SR CLIENT] Sent data seq=1600
[SR CLIENT] Received ACK seq=1600
Timeout, sequence number = 1571
Timeout, sequence number = 1593
Timeout, sequence number = 1608
Timeout, sequence number = 1610
Timeout, sequence number = 1613
Timeout, sequence number = 1623
Timeout, sequence number = 1635
Timeout, sequence number = 1672
[SR CLIENT] Sent data seq=1700
[SR CLIENT] Received ACK seq=1700
Timeout, sequence number = 1709
Timeout, sequence number = 1718
Timeout, sequence number = 1727
Timeout, sequence number = 1729
Timeout, sequence number = 1733
Timeout, sequence number = 1743
Timeout, sequence number = 1759
Timeout, sequence number = 1768
[SR CLIENT] Sent data seq=1800
[SR CLIENT] Received ACK seq=1800
Timeout, sequence number = 1788
Timeout, sequence number = 1818
Timeout, sequence number = 1834
Timeout, sequence number = 1846
[SR CLIENT] Sent data seq=1900
[SR CLIENT] Received ACK seq=1900
Timeout, sequence number = 1862
Timeout, sequence number = 1897
Timeout, sequence number = 1907
Timeout, sequence number = 1909
Timeout, sequence number = 1912
Timeout, sequence number = 1909
Timeout, sequence number = 1926
Timeout, sequence number = 1931
Timeout, sequence number = 1968
[SR CLIENT] Sent data seq=2000
[SR CLIENT] Received ACK seq=2000
Timeout, sequence number = 1974
Timeout, sequence number = 2001
Timeout, sequence number = 2019
Timeout, sequence number = 2023
[SR CLIENT] Sent data seq=2100
[SR CLIENT] Received ACK seq=2100
Timeout, sequence number = 2044
Timeout, sequence number = 2055
Timeout, sequence number = 2065
Timeout, sequence number = 2067
Timeout, sequence number = 2079
Timeout, sequence number = 2102
Timeout, sequence number = 2103
Timeout, sequence number = 2104
Timeout, sequence number = 2115
Timeout, sequence number = 2123
Timeout, sequence number = 2139
Timeout, sequence number = 2143
Timeout, sequence number = 2165
[SR CLIENT] Sent data seq=2200
[SR CLIENT] Received ACK seq=2200
Timeout, sequence number = 2168
Timeout, sequence number = 2194
Timeout, sequence number = 2231
[SR CLIENT] Sent data seq=2300
[SR CLIENT] Received ACK seq=2300
Timeout, sequence number = 2325
Timeout, sequence number = 2332
Timeout, sequence number = 2340
Timeout, sequence number = 2346
Timeout, sequence number = 2349
Timeout, sequence number = 2377
Timeout, sequence number = 2379
[SR CLIENT] Sent data seq=2400
[SR CLIENT] Received ACK seq=2400
Timeout, sequence number = 2410
Timeout, sequence number = 2439
Timeout, sequence number = 2447
Timeout, sequence number = 2458
Timeout, sequence number = 2469
[SR CLIENT] Sent data seq=2500
[SR CLIENT] Received ACK seq=2500
Timeout, sequence number = 2482
Timeout, sequence number = 2484
Timeout, sequence number = 2507
Timeout, sequence number = 2519
[SR CLIENT] Sent data seq=2600
[SR CLIENT] Received ACK seq=2600
Timeout, sequence number = 2552
Timeout, sequence number = 2554
Timeout, sequence number = 2561
Timeout, sequence number = 2604
Timeout, sequence number = 2622
Timeout, sequence number = 2637
Timeout, sequence number = 2648
Timeout, sequence number = 2657
Timeout, sequence number = 2660
Timeout, sequence number = 2670
Timeout, sequence number = 2673
Timeout, sequence number = 2682
[SR CLIENT] Sent data seq=2700
[SR CLIENT] Received ACK seq=2700
Timeout, sequence number = 2670
Timeout, sequence number = 2712
Timeout, sequence number = 2718
Timeout, sequence number = 2725
[SR CLIENT] Sent data seq=2800
[SR CLIENT] Received ACK seq=2800
Timeout, sequence number = 2746
Timeout, sequence number = 2749
Timeout, sequence number = 2754
Timeout, sequence number = 2792
Timeout, sequence number = 2798
Timeout, sequence number = 2805
[SR CLIENT] Sent data seq=2900
[SR CLIENT] Received ACK seq=2900
Timeout, sequence number = 2837
Timeout, sequence number = 2862
Timeout, sequence number = 2863
Timeout, sequence number = 2884
Timeout, sequence number = 2896
Timeout, sequence number = 2907
[SR CLIENT] Sent data seq=3000
[SR CLIENT] Received ACK seq=3000
Timeout, sequence number = 2975
Timeout, sequence number = 2998
Timeout, sequence number = 3011
Timeout, sequence number = 3034
Timeout, sequence number = 3036
[SR CLIENT] Sent data seq=3100
[SR CLIENT] Received ACK seq=3100
Timeout, sequence number = 3078
Timeout, sequence number = 3118
Timeout, sequence number = 3121
Timeout, sequence number = 3127
Timeout, sequence number = 3131
Timeout, sequence number = 3137
[SR CLIENT] Sent data seq=3200
[SR CLIENT] Received ACK seq=3200
Timeout, sequence number = 3179
Timeout, sequence number = 3195
[SR CLIENT] Sent data seq=3300
[SR CLIENT] Received ACK seq=3300
Timeout, sequence number = 3249
Timeout, sequence number = 3255
[SR CLIENT] Sent data seq=3400
[SR CLIENT] Received ACK seq=3400
Timeout, sequence number = 3338
Timeout, sequence number = 3342
Timeout, sequence number = 3363
Timeout, sequence number = 3364
Timeout, sequence number = 3371
Timeout, sequence number = 3410
Timeout, sequence number = 3436
Timeout, sequence number = 3440
Timeout, sequence number = 3442
[SR CLIENT] Sent data seq=3500
[SR CLIENT] Received ACK seq=3500
[SR CLIENT] Sent data seq=3600
[SR CLIENT] Received ACK seq=3600
Timeout, sequence number = 3542
Timeout, sequence number = 3550
Timeout, sequence number = 3555
Timeout, sequence number = 3565
Timeout, sequence number = 3572
Timeout, sequence number = 3585
Timeout, sequence number = 3597
Timeout, sequence number = 3601
Timeout, sequence number = 3617
Timeout, sequence number = 3638
[SR CLIENT] Sent data seq=3700
[SR CLIENT] Received ACK seq=3700
Timeout, sequence number = 3717
Timeout, sequence number = 3735
Timeout, sequence number = 3740
Timeout, sequence number = 3762
[SR CLIENT] Sent data seq=3800
[SR CLIENT] Received ACK seq=3800
[SR CLIENT] Sent data seq=3900
[SR CLIENT] Received ACK seq=3900
Timeout, sequence number = 3837
Timeout, sequence number = 3858
Timeout, sequence number = 3894
[SR CLIENT] Sent data seq=4000
[SR CLIENT] Received ACK seq=4000
Timeout, sequence number = 3937
Timeout, sequence number = 3943
Timeout, sequence number = 3961
Timeout, sequence number = 4003
Timeout, sequence number = 4022
Timeout, sequence number = 4025
Timeout, sequence number = 4029
Timeout, sequence number = 4031
Timeout, sequence number = 4039
[SR CLIENT] Sent data seq=4100
[SR CLIENT] Received ACK seq=4100
Timeout, sequence number = 4087
[SR CLIENT] Sent data seq=4200
Timeout, sequence number = 4146
[SR CLIENT] Received ACK seq=4200
Timeout, sequence number = 4203
Timeout, sequence number = 4207
[SR CLIENT] Sent data seq=4300
[SR CLIENT] Received ACK seq=4300
Timeout, sequence number = 4274
Timeout, sequence number = 4314
Timeout, sequence number = 4324
[SR CLIENT] Sent data seq=4400
[SR CLIENT] Received ACK seq=4400
Timeout, sequence number = 4352
Timeout, sequence number = 4359
Timeout, sequence number = 4361
Timeout, sequence number = 4365
Timeout, sequence number = 4383
Timeout, sequence number = 4388
Timeout, sequence number = 4395
Timeout, sequence number = 4402
Timeout, sequence number = 4413
Timeout, sequence number = 4429
Timeout, sequence number = 4437
Timeout, sequence number = 4446
[SR CLIENT] Sent data seq=4500
[SR CLIENT] Received ACK seq=4500
Timeout, sequence number = 4529
Timeout, sequence number = 4545
Timeout, sequence number = 4551
[SR CLIENT] Sent data seq=4600
Timeout, sequence number = 4559
Timeout, sequence number = 4577
[SR CLIENT] Received ACK seq=4600
Timeout, sequence number = 4598
Timeout, sequence number = 4625
Timeout, sequence number = 4634
Timeout, sequence number = 4637
Timeout, sequence number = 4648
[SR CLIENT] Sent data seq=4700
[SR CLIENT] Received ACK seq=4700
Timeout, sequence number = 4670
Timeout, sequence number = 4693
Timeout, sequence number = 4702
Timeout, sequence number = 4705
Timeout, sequence number = 4734
Timeout, sequence number = 4756
[SR CLIENT] Sent data seq=4800
[SR CLIENT] Received ACK seq=4800
Timeout, sequence number = 4785
Timeout, sequence number = 4790
Timeout, sequence number = 4793
Timeout, sequence number = 4802
Timeout, sequence number = 4837
[SR CLIENT] Sent data seq=4900
[SR CLIENT] Received ACK seq=4900
Timeout, sequence number = 4878
Timeout, sequence number = 4913
Timeout, sequence number = 4915
Timeout, sequence number = 4926
Timeout, sequence number = 4926
Timeout, sequence number = 4974
[SR CLIENT] Sent data seq=5000
[SR CLIENT] Received ACK seq=5000
Timeout, sequence number = 5030
Timeout, sequence number = 5054
Timeout, sequence number = 5063
Timeout, sequence number = 5067
[SR CLIENT] Sent data seq=5100
[SR CLIENT] Received ACK seq=5100
Timeout, sequence number = 5098
Timeout, sequence number = 5103
Timeout, sequence number = 5153
Timeout, sequence number = 5154
[SR CLIENT] Sent data seq=5200
[SR CLIENT] Received ACK seq=5200
Timeout, sequence number = 5223
Timeout, sequence number = 5232
Timeout, sequence number = 5261
Timeout, sequence number = 5262
[SR CLIENT] Sent data seq=5300
Timeout, sequence number = 5289
Timeout, sequence number = 5300
Timeout, sequence number = 5308
Timeout, sequence number = 5310
Timeout, sequence number = 5323
Timeout, sequence number = 5337
[SR CLIENT] Received ACK seq=5300
[SR CLIENT] Sent data seq=5400
[SR CLIENT] Received ACK seq=5400
Timeout, sequence number = 5359
Timeout, sequence number = 5363
Timeout, sequence number = 5393
Timeout, sequence number = 5405
Timeout, sequence number = 5428
Timeout, sequence number = 5441
Timeout, sequence number = 5473
[SR CLIENT] Sent data seq=5500
Timeout, sequence number = 5500
Timeout, sequence number = 5524
Timeout, sequence number = 5545
Timeout, sequence number = 5549
Timeout, sequence number = 5550
[SR CLIENT] Received ACK seq=5500
[SR CLIENT] Sent data seq=5600
[SR CLIENT] Received ACK seq=5600
Timeout, sequence number = 5576
Timeout, sequence number = 5586
Timeout, sequence number = 5602
Timeout, sequence number = 5606
Timeout, sequence number = 5611
Timeout, sequence number = 5633
[SR CLIENT] Sent data seq=5700
[SR CLIENT] Received ACK seq=5700
Timeout, sequence number = 5640
Timeout, sequence number = 5651
Timeout, sequence number = 5681
Timeout, sequence number = 5713
Timeout, sequence number = 5721
[SR CLIENT] Sent data seq=5800
[SR CLIENT] Received ACK seq=5800
Timeout, sequence number = 5790
Timeout, sequence number = 5798
Timeout, sequence number = 5835
[SR CLIENT] Sent data seq=5900
[SR CLIENT] Received ACK seq=5900
Timeout, sequence number = 5854
Timeout, sequence number = 5855
Timeout, sequence number = 5858
Timeout, sequence number = 5879
Timeout, sequence number = 5910
Timeout, sequence number = 5858
Timeout, sequence number = 5923
Timeout, sequence number = 5944
Timeout, sequence number = 5967
Timeout, sequence number = 5970
[SR CLIENT] Sent data seq=6000
[SR CLIENT] Received ACK seq=6000
[SR CLIENT] Summary: sent_packets=6001, ack_packets=6001, retransmitted_packets=314, timeout_events=314
Transfer complete. Delay = 41.785635 seconds

=== STDERR ===
