=== STDOUT ===
[SR CLIENT] Starting transfer: server=10.153.27.102:7735, file=demo_input.bin, N=64, MSS=900, total_segments=1335
[SR CLIENT] Sent data seq=0
[SR CLIENT] Sent data seq=1
[SR CLIENT] Sent data seq=2
[SR CLIENT] Sent data seq=3
[SR CLIENT] Sent data seq=4
[SR CLIENT] Received ACK seq=0
[SR CLIENT] Received ACK seq=1
[SR CLIENT] Received ACK seq=2
[SR CLIENT] Received ACK seq=3
[SR CLIENT] Received ACK seq=4
Timeout, sequence number = 8
Timeout, sequence number = 10
Timeout, sequence number = 17
Timeout, sequence number = 55
Timeout, sequence number = 17
[SR CLIENT] Sent data seq=100
[SR CLIENT] Received ACK seq=100
Timeout, sequence number = 133
Timeout, sequence number = 139
[SR CLIENT] Sent data seq=200
[SR CLIENT] Received ACK seq=200
Timeout, sequence number = 177
Timeout, sequence number = 205
Timeout, sequence number = 218
Timeout, sequence number = 226
Timeout, sequence number = 232
Timeout, sequence number = 242
Timeout, sequence number = 252
Timeout, sequence number = 226
Timeout, sequence number = 287
[SR CLIENT] Sent data seq=300
[SR CLIENT] Received ACK seq=300
Timeout, sequence number = 301
[SR CLIENT] Sent data seq=400
[SR CLIENT] Received ACK seq=400
Timeout, sequence number = 371
Timeout, sequence number = 374
Timeout, sequence number = 380
Timeout, sequence number = 393
[SR CLIENT] Sent data seq=500
[SR CLIENT] Received ACK seq=500
Timeout, sequence number = 457
Timeout, sequence number = 461
Timeout, sequence number = 472
Timeout, sequence number = 498
[SR CLIENT] Sent data seq=600
[SR CLIENT] Received ACK seq=600
Timeout, sequence number = 543
Timeout, sequence number = 563
Timeout, sequence number = 569
Timeout, sequence number = 596
Timeout, sequence number = 597
Timeout, sequence number = 563
[SR CLIENT] Sent data seq=700
[SR CLIENT] Received ACK seq=700
Timeout, sequence number = 644
Timeout, sequence number = 676
Timeout, sequence number = 690
Timeout, sequence number = 702
Timeout, sequence number = 676
Timeout, sequence number = 739
[SR CLIENT] Sent data seq=800
[SR CLIENT] Received ACK seq=800
Timeout, sequence number = 750
Timeout, sequence number = 759
Timeout, sequence number = 769
Timeout, sequence number = 789
Timeout, sequence number = 759
Timeout, sequence number = 823
Timeout, sequence number = 837
Timeout, sequence number = 838
Timeout, sequence number = 854
Timeout, sequence number = 858
[SR CLIENT] Sent data seq=900
[SR CLIENT] Received ACK seq=900
[SR CLIENT] Sent data seq=1000
[SR CLIENT] Received ACK seq=1000
Timeout, sequence number = 970
Timeout, sequence number = 1012
Timeout, sequence number = 1022
Timeout, sequence number = 1033
[SR CLIENT] Sent data seq=1100
[SR CLIENT] Received ACK seq=1100
Timeout, sequence number = 1079
Timeout, sequence number = 1124
Timeout, sequence number = 1131
[SR CLIENT] Sent data seq=1200
[SR CLIENT] Received ACK seq=1200
Timeout, sequence number = 1164
Timeout, sequence number = 1180
Timeout, sequence number = 1201
Timeout, sequence number = 1236
Timeout, sequence number = 1262
[SR CLIENT] Sent data seq=1300
[SR CLIENT] Received ACK seq=1300
Timeout, sequence number = 1273
Timeout, sequence number = 1287
Timeout, sequence number = 1273
[SR CLIENT] Summary: sent_packets=1335, ack_packets=1335, retransmitted_packets=62, timeout_events=62
Transfer complete. Delay = 11.272379 seconds

=== STDERR ===
