=== STDOUT ===
[SR CLIENT] Starting transfer: server=10.153.27.102:7735, file=demo_input.bin, N=64, MSS=500, total_segments=2401
[SR CLIENT] Sent data seq=0
[SR CLIENT] Sent data seq=1
[SR CLIENT] Sent data seq=2
[SR CLIENT] Sent data seq=3
[SR CLIENT] Sent data seq=4
[SR CLIENT] Received ACK seq=0
[SR CLIENT] Received ACK seq=1
[SR CLIENT] Received ACK seq=2
[SR CLIENT] Received ACK seq=3
[SR CLIENT] Received ACK seq=4
Timeout, sequence number = 24
Timeout, sequence number = 48
[SR CLIENT] Sent data seq=100
[SR CLIENT] Received ACK seq=100
Timeout, sequence number = 90
Timeout, sequence number = 101
Timeout, sequence number = 108
Timeout, sequence number = 127
Timeout, sequence number = 135
Timeout, sequence number = 145
[SR CLIENT] Sent data seq=200
[SR CLIENT] Received ACK seq=200
Timeout, sequence number = 154
Timeout, sequence number = 155
Timeout, sequence number = 204
Timeout, sequence number = 215
Timeout, sequence number = 223
Timeout, sequence number = 238
Timeout, sequence number = 240
Timeout, sequence number = 246
Timeout, sequence number = 258
[SR CLIENT] Sent data seq=300
Timeout, sequence number = 285
Timeout, sequence number = 292
Timeout, sequence number = 300
Timeout, sequence number = 301
Timeout, sequence number = 317
Timeout, sequence number = 336
[SR CLIENT] Received ACK seq=300
[SR CLIENT] Sent data seq=400
[SR CLIENT] Received ACK seq=400
Timeout, sequence number = 373
Timeout, sequence number = 387
Timeout, sequence number = 405
Timeout, sequence number = 407
Timeout, sequence number = 409
Timeout, sequence number = 422
[SR CLIENT] Sent data seq=500
[SR CLIENT] Received ACK seq=500
Timeout, sequence number = 438
Timeout, sequence number = 468
Timeout, sequence number = 498
Timeout, sequence number = 523
Timeout, sequence number = 532
Timeout, sequence number = 548
Timeout, sequence number = 574
Timeout, sequence number = 579
[SR CLIENT] Sent data seq=600
[SR CLIENT] Received ACK seq=600
Timeout, sequence number = 548
Timeout, sequence number = 621
Timeout, sequence number = 632
Timeout, sequence number = 637
[SR CLIENT] Sent data seq=700
[SR CLIENT] Received ACK seq=700
Timeout, sequence number = 724
Timeout, sequence number = 738
[SR CLIENT] Sent data seq=800
[SR CLIENT] Received ACK seq=800
[SR CLIENT] Sent data seq=900
[SR CLIENT] Received ACK seq=900
Timeout, sequence number = 922
Timeout, sequence number = 938
Timeout, sequence number = 945
Timeout, sequence number = 968
[SR CLIENT] Sent data seq=1000
[SR CLIENT] Received ACK seq=1000
Timeout, sequence number = 945
Timeout, sequence number = 991
Timeout, sequence number = 991
Timeout, sequence number = 1026
Timeout, sequence number = 1035
Timeout, sequence number = 1045
[SR CLIENT] Sent data seq=1100
[SR CLIENT] Received ACK seq=1100
Timeout, sequence number = 1105
Timeout, sequence number = 1117
Timeout, sequence number = 1121
Timeout, sequence number = 1148
[SR CLIENT] Sent data seq=1200
[SR CLIENT] Received ACK seq=1200
Timeout, sequence number = 1172
Timeout, sequence number = 1180
Timeout, sequence number = 1230
Timeout, sequence number = 1231
Timeout, sequence number = 1235
[SR CLIENT] Sent data seq=1300
[SR CLIENT] Received ACK seq=1300
Timeout, sequence number = 1284
Timeout, sequence number = 1291
Timeout, sequence number = 1317
Timeout, sequence number = 1333
Timeout, sequence number = 1344
Timeout, sequence number = 1317
Timeout, sequence number = 1354
[SR CLIENT] Sent data seq=1400
[SR CLIENT] Received ACK seq=1400
Timeout, sequence number = 1395
Timeout, sequence number = 1402
Timeout, sequence number = 1406
Timeout, sequence number = 1412
Timeout, sequence number = 1421
Timeout, sequence number = 1444
Timeout, sequence number = 1450
[SR CLIENT] Sent data seq=1500
[SR CLIENT] Received ACK seq=1500
Timeout, sequence number = 1478
Timeout, sequence number = 1507
Timeout, sequence number = 1510
Timeout, sequence number = 1535
[SR CLIENT] Sent data seq=1600
[SR CLIENT] Received ACK seq=1600
Timeout, sequence number = 1589
Timeout, sequence number = 1591
Timeout, sequence number = 1626
Timeout, sequence number = 1636
[SR CLIENT] Sent data seq=1700
Timeout, sequence number = 1700
Timeout, sequence number = 1702
Timeout, sequence number = 1728
Timeout, sequence number = 1730
[SR CLIENT] Received ACK seq=1700
[SR CLIENT] Sent data seq=1800
[SR CLIENT] Received ACK seq=1800
Timeout, sequence number = 1769
Timeout, sequence number = 1808
Timeout, sequence number = 1810
Timeout, sequence number = 1820
Timeout, sequence number = 1835
Timeout, sequence number = 1840
Timeout, sequence number = 1849
Timeout, sequence number = 1887
Timeout, sequence number = 1896
[SR CLIENT] Sent data seq=1900
[SR CLIENT] Received ACK seq=1900
Timeout, sequence number = 1899
Timeout, sequence number = 1907
Timeout, sequence number = 1934
Timeout, sequence number = 1944
Timeout, sequence number = 1950
Timeout, sequence number = 1954
[SR CLIENT] Sent data seq=2000
[SR CLIENT] Received ACK seq=2000
Timeout, sequence number = 1966
Timeout, sequence number = 1999
[SR CLIENT] Sent data seq=2100
[SR CLIENT] Received ACK seq=2100
Timeout, sequence number = 2068
Timeout, sequence number = 2095
Timeout, sequence number = 2099
Timeout, sequence number = 2107
Timeout, sequence number = 2138
Timeout, sequence number = 2151
Timeout, sequence number = 2099
[SR CLIENT] Sent data seq=2200
[SR CLIENT] Received ACK seq=2200
Timeout, sequence number = 2184
Timeout, sequence number = 2189
Timeout, sequence number = 2202
[SR CLIENT] Sent data seq=2300
[SR CLIENT] Received ACK seq=2300
Timeout, sequence number = 2276
Timeout, sequence number = 2281
Timeout, sequence number = 2309
Timeout, sequence number = 2313
Timeout, sequence number = 2324
Timeout, sequence number = 2334
[SR CLIENT] Sent data seq=2400
[SR CLIENT] Received ACK seq=2400
Timeout, sequence number = 2366
Timeout, sequence number = 2371
Timeout, sequence number = 2377
Timeout, sequence number = 2383
[SR CLIENT] Summary: sent_packets=2401, ack_packets=2401, retransmitted_packets=125, timeout_events=125
Transfer complete. Delay = 16.881652 seconds

=== STDERR ===
