=== STDOUT ===
[SR CLIENT] Starting transfer: server=10.153.27.102:7735, file=demo_input.bin, N=64, MSS=500, total_segments=2401
[SR CLIENT] Sent data seq=0
[SR CLIENT] Sent data seq=1
[SR CLIENT] Sent data seq=2
[SR CLIENT] Sent data seq=3
[SR CLIENT] Sent data seq=4
[SR CLIENT] Received ACK seq=2
[SR CLIENT] Received ACK seq=0
[SR CLIENT] Received ACK seq=1
[SR CLIENT] Received ACK seq=4
Timeout, sequence number = 3
Timeout, sequence number = 11
Timeout, sequence number = 15
Timeout, sequence number = 16
Timeout, sequence number = 44
Timeout, sequence number = 51
Timeout, sequence number = 3
Timeout, sequence number = 15
Timeout, sequence number = 51
[SR CLIENT] Received ACK seq=3
Timeout, sequence number = 15
Timeout, sequence number = 73
[SR CLIENT] Sent data seq=100
[SR CLIENT] Received ACK seq=100
Timeout, sequence number = 118
Timeout, sequence number = 153
[SR CLIENT] Sent data seq=200
Timeout, sequence number = 174
Timeout, sequence number = 178
Timeout, sequence number = 180
[SR CLIENT] Received ACK seq=200
Timeout, sequence number = 185
Timeout, sequence number = 217
Timeout, sequence number = 219
Timeout, sequence number = 239
[SR CLIENT] Sent data seq=300
[SR CLIENT] Received ACK seq=300
Timeout, sequence number = 250
Timeout, sequence number = 252
Timeout, sequence number = 259
Timeout, sequence number = 277
Timeout, sequence number = 286
Timeout, sequence number = 250
Timeout, sequence number = 316
Timeout, sequence number = 350
Timeout, sequence number = 355
Timeout, sequence number = 378
[SR CLIENT] Sent data seq=400
[SR CLIENT] Received ACK seq=400
Timeout, sequence number = 382
Timeout, sequence number = 404
Timeout, sequence number = 418
Timeout, sequence number = 436
[SR CLIENT] Sent data seq=500
[SR CLIENT] Received ACK seq=500
Timeout, sequence number = 492
Timeout, sequence number = 504
Timeout, sequence number = 509
[SR CLIENT] Sent data seq=600
[SR CLIENT] Received ACK seq=600
Timeout, sequence number = 540
Timeout, sequence number = 574
Timeout, sequence number = 585
Timeout, sequence number = 602
[SR CLIENT] Sent data seq=700
[SR CLIENT] Received ACK seq=700
Timeout, sequence number = 641
Timeout, sequence number = 645
Timeout, sequence number = 658
Timeout, sequence number = 669
Timeout, sequence number = 641
Timeout, sequence number = 724
Timeout, sequence number = 730
[SR CLIENT] Sent data seq=800
Timeout, sequence number = 774
Timeout, sequence number = 781
[SR CLIENT] Received ACK seq=800
Timeout, sequence number = 789
Timeout, sequence number = 790
Timeout, sequence number = 803
Timeout, sequence number = 826
Timeout, sequence number = 830
Timeout, sequence number = 843
[SR CLIENT] Sent data seq=900
[SR CLIENT] Received ACK seq=900
Timeout, sequence number = 868
Timeout, sequence number = 874
Timeout, sequence number = 929
Timeout, sequence number = 929
Timeout, sequence number = 947
Timeout, sequence number = 953
Timeout, sequence number = 959
Timeout, sequence number = 969
Timeout, sequence number = 982
[SR CLIENT] Sent data seq=1000
[SR CLIENT] Received ACK seq=1000
Timeout, sequence number = 997
Timeout, sequence number = 1005
Timeout, sequence number = 1027
Timeout, sequence number = 1035
[SR CLIENT] Sent data seq=1100
[SR CLIENT] Received ACK seq=1100
Timeout, sequence number = 1068
Timeout, sequence number = 1070
Timeout, sequence number = 1094
Timeout, sequence number = 1098
Timeout, sequence number = 1106
Timeout, sequence number = 1133
Timeout, sequence number = 1153
Timeout, sequence number = 1165
Timeout, sequence number = 1166
[SR CLIENT] Sent data seq=1200
[SR CLIENT] Received ACK seq=1200
[SR CLIENT] Sent data seq=1300
[SR CLIENT] Received ACK seq=1300
Timeout, sequence number = 1238
Timeout, sequence number = 1240
Timeout, sequence number = 1248
Timeout, sequence number = 1253
Timeout, sequence number = 1271
Timeout, sequence number = 1335
Timeout, sequence number = 1385
[SR CLIENT] Sent data seq=1400
[SR CLIENT] Received ACK seq=1400
Timeout, sequence number = 1430
Timeout, sequence number = 1477
Timeout, sequence number = 1482
Timeout, sequence number = 1430
[SR CLIENT] Sent data seq=1500
[SR CLIENT] Received ACK seq=1500
Timeout, sequence number = 1505
Timeout, sequence number = 1527
Timeout, sequence number = 1529
Timeout, sequence number = 1544
Timeout, sequence number = 1551
[SR CLIENT] Sent data seq=1600
[SR CLIENT] Received ACK seq=1600
Timeout, sequence number = 1593
Timeout, sequence number = 1608
Timeout, sequence number = 1620
Timeout, sequence number = 1624
Timeout, sequence number = 1633
[SR CLIENT] Sent data seq=1700
Timeout, sequence number = 1665
Timeout, sequence number = 1680
Timeout, sequence number = 1700
[SR CLIENT] Received ACK seq=1700
Timeout, sequence number = 1730
Timeout, sequence number = 1744
Timeout, sequence number = 1751
Timeout, sequence number = 1783
[SR CLIENT] Sent data seq=1800
[SR CLIENT] Received ACK seq=1800
[SR CLIENT] Sent data seq=1900
[SR CLIENT] Received ACK seq=1900
Timeout, sequence number = 1866
Timeout, sequence number = 1870
Timeout, sequence number = 1891
Timeout, sequence number = 1897
Timeout, sequence number = 1917
[SR CLIENT] Sent data seq=2000
[SR CLIENT] Received ACK seq=2000
Timeout, sequence number = 1966
Timeout, sequence number = 1972
Timeout, sequence number = 1975
Timeout, sequence number = 2022
Timeout, sequence number = 1966
[SR CLIENT] Sent data seq=2100
[SR CLIENT] Received ACK seq=2100
Timeout, sequence number = 2055
Timeout, sequence number = 2086
Timeout, sequence number = 2135
Timeout, sequence number = 2177
Timeout, sequence number = 2181
Timeout, sequence number = 2195
[SR CLIENT] Sent data seq=2200
[SR CLIENT] Received ACK seq=2200
Timeout, sequence number = 2211
Timeout, sequence number = 2221
Timeout, sequence number = 2234
Timeout, sequence number = 2242
Timeout, sequence number = 2252
[SR CLIENT] Sent data seq=2300
[SR CLIENT] Received ACK seq=2300
Timeout, sequence number = 2292
Timeout, sequence number = 2306
[SR CLIENT] Sent data seq=2400
[SR CLIENT] Received ACK seq=2400
Timeout, sequence number = 2357
Timeout, sequence number = 2368
Timeout, sequence number = 2374
Timeout, sequence number = 2375
Timeout, sequence number = 2368
[SR CLIENT] Summary: sent_packets=2401, ack_packets=2401, retransmitted_packets=134, timeout_events=134
Transfer complete. Delay = 19.563872 seconds

=== STDERR ===
