=== STDOUT ===
[SR CLIENT] Starting transfer: server=10.153.27.102:7735, file=demo_input.bin, N=64, MSS=500, total_segments=2401
[SR CLIENT] Sent data seq=0
[SR CLIENT] Sent data seq=1
[SR CLIENT] Sent data seq=2
[SR CLIENT] Sent data seq=3
[SR CLIENT] Sent data seq=4
[SR CLIENT] Received ACK seq=1
[SR CLIENT] Received ACK seq=3
[SR CLIENT] Received ACK seq=2
[SR CLIENT] Received ACK seq=4
[SR CLIENT] Received ACK seq=0
Timeout, sequence number = 28
Timeout, sequence number = 74
Timeout, sequence number = 82
[SR CLIENT] Sent data seq=100
[SR CLIENT] Received ACK seq=100
Timeout, sequence number = 97
Timeout, sequence number = 126
Timeout, sequence number = 134
[SR CLIENT] Sent data seq=200
[SR CLIENT] Received ACK seq=200
Timeout, sequence number = 185
Timeout, sequence number = 190
Timeout, sequence number = 195
[SR CLIENT] Sent data seq=300
Timeout, sequence number = 238
[SR CLIENT] Received ACK seq=300
Timeout, sequence number = 267
Timeout, sequence number = 287
Timeout, sequence number = 290
Timeout, sequence number = 321
Timeout, sequence number = 324
Timeout, sequence number = 326
Timeout, sequence number = 334
Timeout, sequence number = 357
Timeout, sequence number = 369
Timeout, sequence number = 321
[SR CLIENT] Sent data seq=400
[SR CLIENT] Received ACK seq=400
Timeout, sequence number = 396
Timeout, sequence number = 425
Timeout, sequence number = 426
Timeout, sequence number = 445
[SR CLIENT] Sent data seq=500
[SR CLIENT] Received ACK seq=500
Timeout, sequence number = 465
Timeout, sequence number = 490
Timeout, sequence number = 493
[SR CLIENT] Sent data seq=600
[SR CLIENT] Received ACK seq=600
Timeout, sequence number = 559
Timeout, sequence number = 562
[SR CLIENT] Sent data seq=700
[SR CLIENT] Received ACK seq=700
Timeout, sequence number = 667
Timeout, sequence number = 683
Timeout, sequence number = 688
Timeout, sequence number = 690
Timeout, sequence number = 714
Timeout, sequence number = 720
Timeout, sequence number = 726
Timeout, sequence number = 690
Timeout, sequence number = 726
Timeout, sequence number = 734
[SR CLIENT] Sent data seq=800
[SR CLIENT] Received ACK seq=800
Timeout, sequence number = 769
Timeout, sequence number = 782
Timeout, sequence number = 797
Timeout, sequence number = 829
[SR CLIENT] Sent data seq=900
[SR CLIENT] Received ACK seq=900
Timeout, sequence number = 848
Timeout, sequence number = 849
Timeout, sequence number = 872
Timeout, sequence number = 896
Timeout, sequence number = 872
Timeout, sequence number = 912
[SR CLIENT] Sent data seq=1000
[SR CLIENT] Received ACK seq=1000
Timeout, sequence number = 995
Timeout, sequence number = 1010
Timeout, sequence number = 1022
[SR CLIENT] Sent data seq=1100
[SR CLIENT] Received ACK seq=1100
Timeout, sequence number = 1072
Timeout, sequence number = 1080
Timeout, sequence number = 1101
Timeout, sequence number = 1125
Timeout, sequence number = 1072
[SR CLIENT] Sent data seq=1200
[SR CLIENT] Received ACK seq=1200
Timeout, sequence number = 1158
Timeout, sequence number = 1166
Timeout, sequence number = 1205
Timeout, sequence number = 1212
Timeout, sequence number = 1233
Timeout, sequence number = 1257
[SR CLIENT] Sent data seq=1300
[SR CLIENT] Received ACK seq=1300
Timeout, sequence number = 1282
Timeout, sequence number = 1297
Timeout, sequence number = 1301
Timeout, sequence number = 1304
Timeout, sequence number = 1321
Timeout, sequence number = 1328
Timeout, sequence number = 1339
Timeout, sequence number = 1340
[SR CLIENT] Sent data seq=1400
[SR CLIENT] Received ACK seq=1400
Timeout, sequence number = 1358
Timeout, sequence number = 1423
Timeout, sequence number = 1429
Timeout, sequence number = 1442
Timeout, sequence number = 1465
Timeout, sequence number = 1467
[SR CLIENT] Sent data seq=1500
[SR CLIENT] Received ACK seq=1500
Timeout, sequence number = 1515
Timeout, sequence number = 1525
Timeout, sequence number = 1542
Timeout, sequence number = 1567
Timeout, sequence number = 1575
Timeout, sequence number = 1515
[SR CLIENT] Sent data seq=1600
[SR CLIENT] Received ACK seq=1600
Timeout, sequence number = 1581
Timeout, sequence number = 1610
Timeout, sequence number = 1634
[SR CLIENT] Sent data seq=1700
[SR CLIENT] Received ACK seq=1700
Timeout, sequence number = 1653
Timeout, sequence number = 1664
Timeout, sequence number = 1696
Timeout, sequence number = 1717
Timeout, sequence number = 1739
Timeout, sequence number = 1751
Timeout, sequence number = 1778
[SR CLIENT] Sent data seq=1800
[SR CLIENT] Received ACK seq=1800
Timeout, sequence number = 1786
Timeout, sequence number = 1823
Timeout, sequence number = 1846
[SR CLIENT] Sent data seq=1900
[SR CLIENT] Received ACK seq=1900
Timeout, sequence number = 1879
Timeout, sequence number = 1915
Timeout, sequence number = 1920
Timeout, sequence number = 1936
[SR CLIENT] Sent data seq=2000
Timeout, sequence number = 1968
Timeout, sequence number = 1996
Timeout, sequence number = 2000
Timeout, sequence number = 2022
Timeout, sequence number = 2028
Timeout, sequence number = 2031
[SR CLIENT] Received ACK seq=2000
Timeout, sequence number = 2036
Timeout, sequence number = 2064
Timeout, sequence number = 2068
Timeout, sequence number = 2069
Timeout, sequence number = 2070
Timeout, sequence number = 2071
Timeout, sequence number = 2072
Timeout, sequence number = 2073
Timeout, sequence number = 2074
Timeout, sequence number = 2075
Timeout, sequence number = 2076
Timeout, sequence number = 2077
Timeout, sequence number = 2078
Timeout, sequence number = 2079
Timeout, sequence number = 2080
Timeout, sequence number = 2081
Timeout, sequence number = 2082
Timeout, sequence number = 2083
Timeout, sequence number = 2084
Timeout, sequence number = 2085
Timeout, sequence number = 2086
Timeout, sequence number = 2087
Timeout, sequence number = 2088
Timeout, sequence number = 2089
Timeout, sequence number = 2090
Timeout, sequence number = 2091
Timeout, sequence number = 2092
Timeout, sequence number = 2093
Timeout, sequence number = 2094
Timeout, sequence number = 2095
[SR CLIENT] Sent data seq=2100
[SR CLIENT] Received ACK seq=2100
Timeout, sequence number = 2112
Timeout, sequence number = 2121
Timeout, sequence number = 2129
Timeout, sequence number = 2159
Timeout, sequence number = 2160
Timeout, sequence number = 2161
Timeout, sequence number = 2162
Timeout, sequence number = 2163
Timeout, sequence number = 2164
Timeout, sequence number = 2165
Timeout, sequence number = 2166
Timeout, sequence number = 2167
Timeout, sequence number = 2168
Timeout, sequence number = 2169
Timeout, sequence number = 2170
Timeout, sequence number = 2171
Timeout, sequence number = 2172
Timeout, sequence number = 2173
Timeout, sequence number = 2174
Timeout, sequence number = 2175
[SR CLIENT] Sent data seq=2200
[SR CLIENT] Received ACK seq=2200
Timeout, sequence number = 2191
Timeout, sequence number = 2214
Timeout, sequence number = 2229
Timeout, sequence number = 2233
[SR CLIENT] Sent data seq=2300
[SR CLIENT] Received ACK seq=2300
Timeout, sequence number = 2255
Timeout, sequence number = 2316
[SR CLIENT] Sent data seq=2400
[SR CLIENT] Received ACK seq=2400
Timeout, sequence number = 2357
Timeout, sequence number = 2378
[SR CLIENT] Summary: sent_packets=2401, ack_packets=2401, retransmitted_packets=164, timeout_events=164
Transfer complete. Delay = 18.992709 seconds

=== STDERR ===
