=== STDOUT ===
[SR CLIENT] Starting transfer: server=10.153.27.102:7735, file=demo_input.bin, N=64, MSS=500, total_segments=2401
[SR CLIENT] Sent data seq=0
[SR CLIENT] Sent data seq=1
[SR CLIENT] Sent data seq=2
[SR CLIENT] Sent data seq=3
[SR CLIENT] Sent data seq=4
[SR CLIENT] Received ACK seq=0
[SR CLIENT] Received ACK seq=1
[SR CLIENT] Received ACK seq=2
[SR CLIENT] Received ACK seq=3
[SR CLIENT] Received ACK seq=4
Timeout, sequence number = 9
Timeout, sequence number = 18
Timeout, sequence number = 24
Timeout, sequence number = 52
Timeout, sequence number = 68
[SR CLIENT] Sent data seq=100
[SR CLIENT] Received ACK seq=100
Timeout, sequence number = 75
Timeout, sequence number = 124
[SR CLIENT] Sent data seq=200
[SR CLIENT] Received ACK seq=200
Timeout, sequence number = 217
Timeout, sequence number = 232
Timeout, sequence number = 251
[SR CLIENT] Sent data seq=300
Timeout, sequence number = 284
Timeout, sequence number = 290
Timeout, sequence number = 300
Timeout, sequence number = 313
Timeout, sequence number = 321
Timeout, sequence number = 337
[SR CLIENT] Received ACK seq=300
[SR CLIENT] Sent data seq=400
[SR CLIENT] Received ACK seq=400
Timeout, sequence number = 350
Timeout, sequence number = 353
Timeout, sequence number = 366
Timeout, sequence number = 372
Timeout, sequence number = 395
Timeout, sequence number = 396
Timeout, sequence number = 419
Timeout, sequence number = 481
[SR CLIENT] Sent data seq=500
[SR CLIENT] Received ACK seq=500
Timeout, sequence number = 499
Timeout, sequence number = 513
Timeout, sequence number = 540
Timeout, sequence number = 548
[SR CLIENT] Sent data seq=600
[SR CLIENT] Received ACK seq=600
Timeout, sequence number = 616
Timeout, sequence number = 618
Timeout, sequence number = 630
Timeout, sequence number = 668
[SR CLIENT] Sent data seq=700
[SR CLIENT] Received ACK seq=700
Timeout, sequence number = 689
Timeout, sequence number = 707
Timeout, sequence number = 713
Timeout, sequence number = 739
Timeout, sequence number = 743
Timeout, sequence number = 746
Timeout, sequence number = 751
Timeout, sequence number = 713
Timeout, sequence number = 769
Timeout, sequence number = 770
Timeout, sequence number = 774
[SR CLIENT] Sent data seq=800
[SR CLIENT] Received ACK seq=800
Timeout, sequence number = 785
Timeout, sequence number = 794
Timeout, sequence number = 818
Timeout, sequence number = 831
[SR CLIENT] Sent data seq=900
[SR CLIENT] Received ACK seq=900
Timeout, sequence number = 850
Timeout, sequence number = 868
Timeout, sequence number = 868
[SR CLIENT] Sent data seq=1000
[SR CLIENT] Received ACK seq=1000
Timeout, sequence number = 940
Timeout, sequence number = 984
Timeout, sequence number = 986
Timeout, sequence number = 991
Timeout, sequence number = 1009
Timeout, sequence number = 1032
Timeout, sequence number = 1054
Timeout, sequence number = 1056
[SR CLIENT] Sent data seq=1100
[SR CLIENT] Received ACK seq=1100
Timeout, sequence number = 1118
Timeout, sequence number = 1130
Timeout, sequence number = 1140
[SR CLIENT] Sent data seq=1200
[SR CLIENT] Received ACK seq=1200
Timeout, sequence number = 1210
Timeout, sequence number = 1212
Timeout, sequence number = 1223
Timeout, sequence number = 1231
[SR CLIENT] Sent data seq=1300
[SR CLIENT] Received ACK seq=1300
Timeout, sequence number = 1301
Timeout, sequence number = 1332
Timeout, sequence number = 1335
[SR CLIENT] Sent data seq=1400
[SR CLIENT] Received ACK seq=1400
Timeout, sequence number = 1372
Timeout, sequence number = 1380
Timeout, sequence number = 1394
[SR CLIENT] Sent data seq=1500
[SR CLIENT] Received ACK seq=1500
Timeout, sequence number = 1477
Timeout, sequence number = 1483
Timeout, sequence number = 1498
Timeout, sequence number = 1518
Timeout, sequence number = 1535
Timeout, sequence number = 1537
[SR CLIENT] Sent data seq=1600
Timeout, sequence number = 1549
Timeout, sequence number = 1558
Timeout, sequence number = 1578
Timeout, sequence number = 1600
Timeout, sequence number = 1608
Timeout, sequence number = 1610
[SR CLIENT] Received ACK seq=1600
Timeout, sequence number = 1630
[SR CLIENT] Sent data seq=1700
[SR CLIENT] Received ACK seq=1700
Timeout, sequence number = 1707
Timeout, sequence number = 1716
Timeout, sequence number = 1731
Timeout, sequence number = 1750
Timeout, sequence number = 1731
Timeout, sequence number = 1780
[SR CLIENT] Sent data seq=1800
[SR CLIENT] Received ACK seq=1800
Timeout, sequence number = 1806
Timeout, sequence number = 1812
[SR CLIENT] Sent data seq=1900
[SR CLIENT] Received ACK seq=1900
Timeout, sequence number = 1888
Timeout, sequence number = 1904
Timeout, sequence number = 1950
[SR CLIENT] Sent data seq=2000
[SR CLIENT] Received ACK seq=2000
Timeout, sequence number = 1967
Timeout, sequence number = 2011
Timeout, sequence number = 2033
Timeout, sequence number = 2061
[SR CLIENT] Sent data seq=2100
[SR CLIENT] Received ACK seq=2100
Timeout, sequence number = 2110
Timeout, sequence number = 2115
Timeout, sequence number = 2137
Timeout, sequence number = 2138
Timeout, sequence number = 2156
[SR CLIENT] Sent data seq=2200
[SR CLIENT] Received ACK seq=2200
Timeout, sequence number = 2169
Timeout, sequence number = 2182
Timeout, sequence number = 2212
Timeout, sequence number = 2232
Timeout, sequence number = 2238
[SR CLIENT] Sent data seq=2300
[SR CLIENT] Received ACK seq=2300
Timeout, sequence number = 2246
Timeout, sequence number = 2253
Timeout, sequence number = 2269
Timeout, sequence number = 2277
Timeout, sequence number = 2299
Timeout, sequence number = 2312
Timeout, sequence number = 2315
Timeout, sequence number = 2352
Timeout, sequence number = 2357
[SR CLIENT] Sent data seq=2400
[SR CLIENT] Received ACK seq=2400
[SR CLIENT] Summary: sent_packets=2401, ack_packets=2401, retransmitted_packets=118, timeout_events=118
Transfer complete. Delay = 17.105654 seconds

=== STDERR ===
