=== STDOUT ===
[SR CLIENT] Starting transfer: server=10.153.27.102:7735, file=demo_input.bin, N=64, MSS=500, total_segments=2401
[SR CLIENT] Sent data seq=0
[SR CLIENT] Sent data seq=1
[SR CLIENT] Sent data seq=2
[SR CLIENT] Sent data seq=3
[SR CLIENT] Sent data seq=4
[SR CLIENT] Received ACK seq=0
[SR CLIENT] Received ACK seq=1
[SR CLIENT] Received ACK seq=2
[SR CLIENT] Received ACK seq=3
[SR CLIENT] Received ACK seq=4
Timeout, sequence number = 22
Timeout, sequence number = 37
Timeout, sequence number = 57
Timeout, sequence number = 80
[SR CLIENT] Sent data seq=100
[SR CLIENT] Received ACK seq=100
Timeout, sequence number = 101
[SR CLIENT] Sent data seq=200
[SR CLIENT] Received ACK seq=200
Timeout, sequence number = 231
Timeout, sequence number = 245
Timeout, sequence number = 250
Timeout, sequence number = 258
Timeout, sequence number = 261
Timeout, sequence number = 273
Timeout, sequence number = 281
Timeout, sequence number = 286
[SR CLIENT] Sent data seq=300
Timeout, sequence number = 293
[SR CLIENT] Received ACK seq=300
[SR CLIENT] Sent data seq=400
[SR CLIENT] Received ACK seq=400
Timeout, sequence number = 338
Timeout, sequence number = 356
Timeout, sequence number = 358
Timeout, sequence number = 390
Timeout, sequence number = 434
Timeout, sequence number = 448
Timeout, sequence number = 457
Timeout, sequence number = 474
Timeout, sequence number = 483
[SR CLIENT] Sent data seq=500
Timeout, sequence number = 486
[SR CLIENT] Received ACK seq=500
Timeout, sequence number = 515
Timeout, sequence number = 531
[SR CLIENT] Sent data seq=600
[SR CLIENT] Received ACK seq=600
Timeout, sequence number = 590
Timeout, sequence number = 594
Timeout, sequence number = 612
Timeout, sequence number = 613
Timeout, sequence number = 629
Timeout, sequence number = 645
[SR CLIENT] Sent data seq=700
[SR CLIENT] Received ACK seq=700
Timeout, sequence number = 671
Timeout, sequence number = 693
Timeout, sequence number = 701
Timeout, sequence number = 702
Timeout, sequence number = 722
[SR CLIENT] Sent data seq=800
[SR CLIENT] Received ACK seq=800
Timeout, sequence number = 750
Timeout, sequence number = 753
Timeout, sequence number = 758
Timeout, sequence number = 759
Timeout, sequence number = 766
Timeout, sequence number = 769
Timeout, sequence number = 778
Timeout, sequence number = 804
Timeout, sequence number = 805
Timeout, sequence number = 824
Timeout, sequence number = 861
Timeout, sequence number = 879
[SR CLIENT] Sent data seq=900
[SR CLIENT] Received ACK seq=900
Timeout, sequence number = 901
Timeout, sequence number = 943
Timeout, sequence number = 958
[SR CLIENT] Sent data seq=1000
[SR CLIENT] Received ACK seq=1000
Timeout, sequence number = 980
Timeout, sequence number = 1006
Timeout, sequence number = 1009
Timeout, sequence number = 1011
[SR CLIENT] Sent data seq=1100
[SR CLIENT] Received ACK seq=1100
Timeout, sequence number = 1069
[SR CLIENT] Sent data seq=1200
[SR CLIENT] Received ACK seq=1200
Timeout, sequence number = 1144
Timeout, sequence number = 1148
Timeout, sequence number = 1149
Timeout, sequence number = 1167
[SR CLIENT] Sent data seq=1300
[SR CLIENT] Received ACK seq=1300
Timeout, sequence number = 1324
[SR CLIENT] Sent data seq=1400
[SR CLIENT] Received ACK seq=1400
[SR CLIENT] Sent data seq=1500
[SR CLIENT] Received ACK seq=1500
Timeout, sequence number = 1442
Timeout, sequence number = 1463
Timeout, sequence number = 1510
Timeout, sequence number = 1533
Timeout, sequence number = 1571
[SR CLIENT] Sent data seq=1600
[SR CLIENT] Received ACK seq=1600
Timeout, sequence number = 1584
Timeout, sequence number = 1588
Timeout, sequence number = 1616
[SR CLIENT] Sent data seq=1700
[SR CLIENT] Received ACK seq=1700
Timeout, sequence number = 1659
Timeout, sequence number = 1660
Timeout, sequence number = 1730
Timeout, sequence number = 1731
Timeout, sequence number = 1748
Timeout, sequence number = 1754
Timeout, sequence number = 1758
Timeout, sequence number = 1779
[SR CLIENT] Sent data seq=1800
[SR CLIENT] Received ACK seq=1800
Timeout, sequence number = 1817
Timeout, sequence number = 1841
Timeout, sequence number = 1842
Timeout, sequence number = 1878
[SR CLIENT] Sent data seq=1900
[SR CLIENT] Received ACK seq=1900
Timeout, sequence number = 1882
Timeout, sequence number = 1899
Timeout, sequence number = 1937
[SR CLIENT] Sent data seq=2000
[SR CLIENT] Received ACK seq=2000
Timeout, sequence number = 1956
Timeout, sequence number = 2013
Timeout, sequence number = 2026
Timeout, sequence number = 2037
[SR CLIENT] Sent data seq=2100
[SR CLIENT] Received ACK seq=2100
Timeout, sequence number = 2087
Timeout, sequence number = 2091
Timeout, sequence number = 2113
Timeout, sequence number = 2132
Timeout, sequence number = 2138
[SR CLIENT] Sent data seq=2200
[SR CLIENT] Received ACK seq=2200
Timeout, sequence number = 2157
Timeout, sequence number = 2176
Timeout, sequence number = 2197
Timeout, sequence number = 2203
Timeout, sequence number = 2221
Timeout, sequence number = 2222
Timeout, sequence number = 2247
[SR CLIENT] Sent data seq=2300
[SR CLIENT] Received ACK seq=2300
[SR CLIENT] Sent data seq=2400
[SR CLIENT] Received ACK seq=2400
Timeout, sequence number = 2374
Timeout, sequence number = 2384
[SR CLIENT] Summary: sent_packets=2401, ack_packets=2401, retransmitted_packets=103, timeout_events=103
Transfer complete. Delay = 15.716642 seconds

=== STDERR ===
