=== STDOUT ===
[SR CLIENT] Starting transfer: server=10.153.27.102:7735, file=demo_input.bin, N=64, MSS=500, total_segments=2401
[SR CLIENT] Sent data seq=0
[SR CLIENT] Sent data seq=1
[SR CLIENT] Sent data seq=2
[SR CLIENT] Sent data seq=3
[SR CLIENT] Sent data seq=4
[SR CLIENT] Received ACK seq=0
[SR CLIENT] Received ACK seq=1
[SR CLIENT] Received ACK seq=2
[SR CLIENT] Received ACK seq=3
[SR CLIENT] Received ACK seq=4
Timeout, sequence number = 26
Timeout, sequence number = 80
[SR CLIENT] Sent data seq=100
[SR CLIENT] Received ACK seq=100
[SR CLIENT] Sent data seq=200
[SR CLIENT] Received ACK seq=200
Timeout, sequence number = 216
Timeout, sequence number = 221
[SR CLIENT] Sent data seq=300
[SR CLIENT] Received ACK seq=300
[SR CLIENT] Sent data seq=400
[SR CLIENT] Received ACK seq=400
Timeout, sequence number = 429
[SR CLIENT] Sent data seq=500
[SR CLIENT] Received ACK seq=500
[SR CLIENT] Sent data seq=600
[SR CLIENT] Received ACK seq=600
Timeout, sequence number = 568
[SR CLIENT] Sent data seq=700
[SR CLIENT] Received ACK seq=700
Timeout, sequence number = 663
[SR CLIENT] Sent data seq=800
[SR CLIENT] Received ACK seq=800
[SR CLIENT] Sent data seq=900
[SR CLIENT] Received ACK seq=900
Timeout, sequence number = 857
[SR CLIENT] Sent data seq=1000
[SR CLIENT] Received ACK seq=1000
[SR CLIENT] Sent data seq=1100
[SR CLIENT] Received ACK seq=1100
[SR CLIENT] Sent data seq=1200
[SR CLIENT] Received ACK seq=1200
Timeout, sequence number = 1156
Timeout, sequence number = 1181
[SR CLIENT] Sent data seq=1300
[SR CLIENT] Received ACK seq=1300
[SR CLIENT] Sent data seq=1400
[SR CLIENT] Received ACK seq=1400
[SR CLIENT] Sent data seq=1500
[SR CLIENT] Received ACK seq=1500
Timeout, sequence number = 1462
Timeout, sequence number = 1467
[SR CLIENT] Sent data seq=1600
[SR CLIENT] Received ACK seq=1600
[SR CLIENT] Sent data seq=1700
[SR CLIENT] Received ACK seq=1700
[SR CLIENT] Sent data seq=1800
[SR CLIENT] Received ACK seq=1800
[SR CLIENT] Sent data seq=1900
[SR CLIENT] Received ACK seq=1900
Timeout, sequence number = 1849
Timeout, sequence number = 1883
Timeout, sequence number = 1919
[SR CLIENT] Sent data seq=2000
[SR CLIENT] Received ACK seq=2000
[SR CLIENT] Sent data seq=2100
[SR CLIENT] Received ACK seq=2100
[SR CLIENT] Sent data seq=2200
[SR CLIENT] Received ACK seq=2200
Timeout, sequence number = 2151
Timeout, sequence number = 2171
[SR CLIENT] Sent data seq=2300
[SR CLIENT] Received ACK seq=2300
Timeout, sequence number = 2327
Timeout, sequence number = 2335
[SR CLIENT] Sent data seq=2400
[SR CLIENT] Received ACK seq=2400
Timeout, sequence number = 2398
[SR CLIENT] Summary: sent_packets=2401, ack_packets=2401, retransmitted_packets=20, timeout_events=20
Transfer complete. Delay = 8.043028 seconds

=== STDERR ===
