=== STDOUT ===
[SR CLIENT] Starting transfer: server=10.153.27.102:7735, file=demo_input.bin, N=64, MSS=100, total_segments=12001
[SR CLIENT] Sent data seq=0
[SR CLIENT] Sent data seq=1
[SR CLIENT] Sent data seq=2
[SR CLIENT] Sent data seq=3
[SR CLIENT] Sent data seq=4
[SR CLIENT] Received ACK seq=3
[SR CLIENT] Received ACK seq=1
[SR CLIENT] Received ACK seq=2
[SR CLIENT] Received ACK seq=0
Timeout, sequence number = 4
Timeout, sequence number = 5
Timeout, sequence number = 25
Timeout, sequence number = 31
Timeout, sequence number = 53
[SR CLIENT] Received ACK seq=4
[SR CLIENT] Sent data seq=100
[SR CLIENT] Received ACK seq=100
Timeout, sequence number = 72
Timeout, sequence number = 75
Timeout, sequence number = 88
Timeout, sequence number = 126
[SR CLIENT] Sent data seq=200
[SR CLIENT] Received ACK seq=200
Timeout, sequence number = 149
Timeout, sequence number = 164
Timeout, sequence number = 201
Timeout, sequence number = 218
Timeout, sequence number = 253
Timeout, sequence number = 264
[SR CLIENT] Sent data seq=300
[SR CLIENT] Received ACK seq=300
Timeout, sequence number = 298
Timeout, sequence number = 309
Timeout, sequence number = 314
Timeout, sequence number = 316
Timeout, sequence number = 309
[SR CLIENT] Sent data seq=400
Timeout, sequence number = 362
Timeout, sequence number = 370
Timeout, sequence number = 371
[SR CLIENT] Received ACK seq=400
Timeout, sequence number = 376
Timeout, sequence number = 387
Timeout, sequence number = 412
[SR CLIENT] Sent data seq=500
Timeout, sequence number = 438
[SR CLIENT] Received ACK seq=500
Timeout, sequence number = 483
Timeout, sequence number = 508
Timeout, sequence number = 509
Timeout, sequence number = 520
Timeout, sequence number = 521
Timeout, sequence number = 535
Timeout, sequence number = 536
[SR CLIENT] Sent data seq=600
[SR CLIENT] Received ACK seq=600
Timeout, sequence number = 575
Timeout, sequence number = 590
Timeout, sequence number = 605
Timeout, sequence number = 616
Timeout, sequence number = 625
Timeout, sequence number = 636
Timeout, sequence number = 616
[SR CLIENT] Sent data seq=700
[SR CLIENT] Received ACK seq=700
Timeout, sequence number = 647
Timeout, sequence number = 650
Timeout, sequence number = 657
Timeout, sequence number = 658
Timeout, sequence number = 719
Timeout, sequence number = 731
Timeout, sequence number = 734
Timeout, sequence number = 744
Timeout, sequence number = 759
Timeout, sequence number = 772
Timeout, sequence number = 782
[SR CLIENT] Sent data seq=800
[SR CLIENT] Received ACK seq=800
Timeout, sequence number = 801
Timeout, sequence number = 807
Timeout, sequence number = 809
Timeout, sequence number = 858
[SR CLIENT] Sent data seq=900
[SR CLIENT] Received ACK seq=900
Timeout, sequence number = 886
Timeout, sequence number = 901
Timeout, sequence number = 905
[SR CLIENT] Sent data seq=1000
[SR CLIENT] Received ACK seq=1000
Timeout, sequence number = 958
Timeout, sequence number = 993
Timeout, sequence number = 997
Timeout, sequence number = 998
Timeout, sequence number = 1010
Timeout, sequence number = 1013
Timeout, sequence number = 1030
Timeout, sequence number = 1061
Timeout, sequence number = 1030
[SR CLIENT] Sent data seq=1100
[SR CLIENT] Received ACK seq=1100
Timeout, sequence number = 1102
Timeout, sequence number = 1112
Timeout, sequence number = 1164
[SR CLIENT] Sent data seq=1200
[SR CLIENT] Received ACK seq=1200
Timeout, sequence number = 1167
Timeout, sequence number = 1170
Timeout, sequence number = 1175
Timeout, sequence number = 1185
Timeout, sequence number = 1197
Timeout, sequence number = 1218
Timeout, sequence number = 1222
Timeout, sequence number = 1230
[SR CLIENT] Sent data seq=1300
[SR CLIENT] Received ACK seq=1300
Timeout, sequence number = 1283
Timeout, sequence number = 1291
Timeout, sequence number = 1325
Timeout, sequence number = 1346
[SR CLIENT] Sent data seq=1400
[SR CLIENT] Received ACK seq=1400
Timeout, sequence number = 1350
Timeout, sequence number = 1368
Timeout, sequence number = 1382
[SR CLIENT] Sent data seq=1500
[SR CLIENT] Received ACK seq=1500
Timeout, sequence number = 1454
Timeout, sequence number = 1519
Timeout, sequence number = 1520
Timeout, sequence number = 1538
Timeout, sequence number = 1547
Timeout, sequence number = 1561
[SR CLIENT] Sent data seq=1600
[SR CLIENT] Received ACK seq=1600
Timeout, sequence number = 1583
Timeout, sequence number = 1616
[SR CLIENT] Sent data seq=1700
[SR CLIENT] Received ACK seq=1700
Timeout, sequence number = 1669
Timeout, sequence number = 1722
[SR CLIENT] Sent data seq=1800
[SR CLIENT] Received ACK seq=1800
Timeout, sequence number = 1811
Timeout, sequence number = 1814
Timeout, sequence number = 1827
Timeout, sequence number = 1868
Timeout, sequence number = 1874
[SR CLIENT] Sent data seq=1900
[SR CLIENT] Received ACK seq=1900
Timeout, sequence number = 1898
Timeout, sequence number = 1918
Timeout, sequence number = 1929
Timeout, sequence number = 1932
Timeout, sequence number = 1947
[SR CLIENT] Sent data seq=2000
[SR CLIENT] Received ACK seq=2000
Timeout, sequence number = 1978
Timeout, sequence number = 2007
Timeout, sequence number = 2016
Timeout, sequence number = 2034
Timeout, sequence number = 2039
[SR CLIENT] Sent data seq=2100
[SR CLIENT] Received ACK seq=2100
Timeout, sequence number = 2044
Timeout, sequence number = 2052
Timeout, sequence number = 2063
Timeout, sequence number = 2097
Timeout, sequence number = 2105
Timeout, sequence number = 2052
Timeout, sequence number = 2063
Timeout, sequence number = 2114
Timeout, sequence number = 2125
Timeout, sequence number = 2133
Timeout, sequence number = 2180
Timeout, sequence number = 2181
[SR CLIENT] Sent data seq=2200
[SR CLIENT] Received ACK seq=2200
Timeout, sequence number = 2191
Timeout, sequence number = 2228
Timeout, sequence number = 2244
[SR CLIENT] Sent data seq=2300
[SR CLIENT] Received ACK seq=2300
Timeout, sequence number = 2264
Timeout, sequence number = 2272
Timeout, sequence number = 2287
Timeout, sequence number = 2291
Timeout, sequence number = 2294
Timeout, sequence number = 2302
Timeout, sequence number = 2313
[SR CLIENT] Sent data seq=2400
[SR CLIENT] Received ACK seq=2400
Timeout, sequence number = 2353
Timeout, sequence number = 2368
Timeout, sequence number = 2375
Timeout, sequence number = 2386
Timeout, sequence number = 2415
Timeout, sequence number = 2416
Timeout, sequence number = 2368
Timeout, sequence number = 2420
[SR CLIENT] Sent data seq=2500
[SR CLIENT] Received ACK seq=2500
Timeout, sequence number = 2438
Timeout, sequence number = 2456
Timeout, sequence number = 2478
Timeout, sequence number = 2495
Timeout, sequence number = 2498
Timeout, sequence number = 2438
Timeout, sequence number = 2523
Timeout, sequence number = 2560
[SR CLIENT] Sent data seq=2600
[SR CLIENT] Received ACK seq=2600
Timeout, sequence number = 2607
Timeout, sequence number = 2635
Timeout, sequence number = 2650
Timeout, sequence number = 2651
Timeout, sequence number = 2635
[SR CLIENT] Sent data seq=2700
[SR CLIENT] Received ACK seq=2700
Timeout, sequence number = 2733
Timeout, sequence number = 2734
Timeout, sequence number = 2743
[SR CLIENT] Sent data seq=2800
Timeout, sequence number = 2791
[SR CLIENT] Received ACK seq=2800
Timeout, sequence number = 2798
Timeout, sequence number = 2825
Timeout, sequence number = 2833
Timeout, sequence number = 2851
[SR CLIENT] Sent data seq=2900
[SR CLIENT] Received ACK seq=2900
Timeout, sequence number = 2887
Timeout, sequence number = 2907
Timeout, sequence number = 2920
Timeout, sequence number = 2937
Timeout, sequence number = 2940
[SR CLIENT] Sent data seq=3000
[SR CLIENT] Received ACK seq=3000
Timeout, sequence number = 2958
Timeout, sequence number = 2979
Timeout, sequence number = 2985
Timeout, sequence number = 2997
Timeout, sequence number = 3003
Timeout, sequence number = 3027
Timeout, sequence number = 3029
Timeout, sequence number = 3055
Timeout, sequence number = 3072
Timeout, sequence number = 3077
Timeout, sequence number = 3078
Timeout, sequence number = 3084
Timeout, sequence number = 3085
[SR CLIENT] Sent data seq=3100
[SR CLIENT] Received ACK seq=3100
Timeout, sequence number = 3072
Timeout, sequence number = 3085
Timeout, sequence number = 3113
[SR CLIENT] Sent data seq=3200
[SR CLIENT] Received ACK seq=3200
Timeout, sequence number = 3147
Timeout, sequence number = 3189
Timeout, sequence number = 3196
Timeout, sequence number = 3198
Timeout, sequence number = 3223
Timeout, sequence number = 3247
Timeout, sequence number = 3251
Timeout, sequence number = 3260
Timeout, sequence number = 3281
[SR CLIENT] Sent data seq=3300
[SR CLIENT] Received ACK seq=3300
[SR CLIENT] Sent data seq=3400
[SR CLIENT] Received ACK seq=3400
Timeout, sequence number = 3337
Timeout, sequence number = 3345
Timeout, sequence number = 3358
Timeout, sequence number = 3390
Timeout, sequence number = 3358
Timeout, sequence number = 3430
Timeout, sequence number = 3432
Timeout, sequence number = 3444
[SR CLIENT] Sent data seq=3500
[SR CLIENT] Received ACK seq=3500
[SR CLIENT] Sent data seq=3600
[SR CLIENT] Received ACK seq=3600
Timeout, sequence number = 3560
Timeout, sequence number = 3572
Timeout, sequence number = 3580
Timeout, sequence number = 3591
Timeout, sequence number = 3602
Timeout, sequence number = 3612
Timeout, sequence number = 3591
Timeout, sequence number = 3643
[SR CLIENT] Sent data seq=3700
[SR CLIENT] Received ACK seq=3700
Timeout, sequence number = 3662
Timeout, sequence number = 3673
Timeout, sequence number = 3696
Timeout, sequence number = 3725
Timeout, sequence number = 3673
Timeout, sequence number = 3729
Timeout, sequence number = 3735
[SR CLIENT] Sent data seq=3800
[SR CLIENT] Received ACK seq=3800
Timeout, sequence number = 3761
Timeout, sequence number = 3815
Timeout, sequence number = 3824
Timeout, sequence number = 3836
Timeout, sequence number = 3885
[SR CLIENT] Sent data seq=3900
[SR CLIENT] Received ACK seq=3900
Timeout, sequence number = 3901
Timeout, sequence number = 3918
Timeout, sequence number = 3923
Timeout, sequence number = 3936
[SR CLIENT] Sent data seq=4000
[SR CLIENT] Received ACK seq=4000
Timeout, sequence number = 3967
Timeout, sequence number = 3999
Timeout, sequence number = 4015
Timeout, sequence number = 4020
Timeout, sequence number = 3967
[SR CLIENT] Sent data seq=4100
[SR CLIENT] Received ACK seq=4100
Timeout, sequence number = 4040
Timeout, sequence number = 4066
Timeout, sequence number = 4090
Timeout, sequence number = 4103
Timeout, sequence number = 4108
Timeout, sequence number = 4114
Timeout, sequence number = 4122
Timeout, sequence number = 4147
[SR CLIENT] Sent data seq=4200
[SR CLIENT] Received ACK seq=4200
[SR CLIENT] Sent data seq=4300
[SR CLIENT] Received ACK seq=4300
Timeout, sequence number = 4245
Timeout, sequence number = 4263
Timeout, sequence number = 4264
Timeout, sequence number = 4292
Timeout, sequence number = 4296
[SR CLIENT] Sent data seq=4400
[SR CLIENT] Received ACK seq=4400
Timeout, sequence number = 4349
Timeout, sequence number = 4361
Timeout, sequence number = 4381
Timeout, sequence number = 4387
Timeout, sequence number = 4391
Timeout, sequence number = 4394
Timeout, sequence number = 4398
Timeout, sequence number = 4361
Timeout, sequence number = 4415
Timeout, sequence number = 4436
Timeout, sequence number = 4454
Timeout, sequence number = 4488
[SR CLIENT] Sent data seq=4500
[SR CLIENT] Received ACK seq=4500
Timeout, sequence number = 4522
Timeout, sequence number = 4534
Timeout, sequence number = 4536
Timeout, sequence number = 4540
Timeout, sequence number = 4547
[SR CLIENT] Sent data seq=4600
[SR CLIENT] Received ACK seq=4600
Timeout, sequence number = 4592
Timeout, sequence number = 4596
Timeout, sequence number = 4610
Timeout, sequence number = 4630
Timeout, sequence number = 4630
Timeout, sequence number = 4682
Timeout, sequence number = 4687
[SR CLIENT] Sent data seq=4700
[SR CLIENT] Received ACK seq=4700
Timeout, sequence number = 4734
Timeout, sequence number = 4795
[SR CLIENT] Sent data seq=4800
[SR CLIENT] Received ACK seq=4800
Timeout, sequence number = 4801
Timeout, sequence number = 4808
Timeout, sequence number = 4819
Timeout, sequence number = 4836
Timeout, sequence number = 4847
Timeout, sequence number = 4849
[SR CLIENT] Sent data seq=4900
Timeout, sequence number = 4864
[SR CLIENT] Received ACK seq=4900
Timeout, sequence number = 4890
Timeout, sequence number = 4921
[SR CLIENT] Sent data seq=5000
[SR CLIENT] Received ACK seq=5000
Timeout, sequence number = 4995
Timeout, sequence number = 4996
[SR CLIENT] Sent data seq=5100
[SR CLIENT] Received ACK seq=5100
Timeout, sequence number = 5088
Timeout, sequence number = 5105
Timeout, sequence number = 5127
Timeout, sequence number = 5146
Timeout, sequence number = 5105
[SR CLIENT] Sent data seq=5200
[SR CLIENT] Received ACK seq=5200
Timeout, sequence number = 5196
Timeout, sequence number = 5211
Timeout, sequence number = 5215
[SR CLIENT] Sent data seq=5300
[SR CLIENT] Received ACK seq=5300
Timeout, sequence number = 5278
Timeout, sequence number = 5289
Timeout, sequence number = 5292
Timeout, sequence number = 5292
Timeout, sequence number = 5353
Timeout, sequence number = 5292
[SR CLIENT] Sent data seq=5400
[SR CLIENT] Received ACK seq=5400
Timeout, sequence number = 5374
Timeout, sequence number = 5392
Timeout, sequence number = 5403
Timeout, sequence number = 5415
Timeout, sequence number = 5420
Timeout, sequence number = 5424
Timeout, sequence number = 5429
Timeout, sequence number = 5437
[SR CLIENT] Sent data seq=5500
[SR CLIENT] Received ACK seq=5500
Timeout, sequence number = 5444
Timeout, sequence number = 5475
Timeout, sequence number = 5480
Timeout, sequence number = 5492
Timeout, sequence number = 5475
[SR CLIENT] Sent data seq=5600
[SR CLIENT] Received ACK seq=5600
Timeout, sequence number = 5555
Timeout, sequence number = 5557
Timeout, sequence number = 5574
Timeout, sequence number = 5598
Timeout, sequence number = 5618
Timeout, sequence number = 5626
Timeout, sequence number = 5629
Timeout, sequence number = 5632
Timeout, sequence number = 5664
Timeout, sequence number = 5671
Timeout, sequence number = 5677
Timeout, sequence number = 5629
[SR CLIENT] Sent data seq=5700
[SR CLIENT] Received ACK seq=5700
Timeout, sequence number = 5706
Timeout, sequence number = 5744
[SR CLIENT] Sent data seq=5800
[SR CLIENT] Received ACK seq=5800
Timeout, sequence number = 5771
Timeout, sequence number = 5782
Timeout, sequence number = 5787
Timeout, sequence number = 5790
Timeout, sequence number = 5797
[SR CLIENT] Sent data seq=5900
[SR CLIENT] Received ACK seq=5900
Timeout, sequence number = 5840
Timeout, sequence number = 5877
Timeout, sequence number = 5930
Timeout, sequence number = 5950
Timeout, sequence number = 5973
Timeout, sequence number = 5930
[SR CLIENT] Sent data seq=6000
[SR CLIENT] Received ACK seq=6000
[SR CLIENT] Sent data seq=6100
[SR CLIENT] Received ACK seq=6100
Timeout, sequence number = 6042
Timeout, sequence number = 6055
Timeout, sequence number = 6075
Timeout, sequence number = 6096
Timeout, sequence number = 6136
Timeout, sequence number = 6139
Timeout, sequence number = 6141
[SR CLIENT] Sent data seq=6200
[SR CLIENT] Received ACK seq=6200
Timeout, sequence number = 6208
Timeout, sequence number = 6214
Timeout, sequence number = 6223
Timeout, sequence number = 6236
[SR CLIENT] Sent data seq=6300
[SR CLIENT] Received ACK seq=6300
Timeout, sequence number = 6282
Timeout, sequence number = 6283
Timeout, sequence number = 6335
[SR CLIENT] Sent data seq=6400
[SR CLIENT] Received ACK seq=6400
Timeout, sequence number = 6358
Timeout, sequence number = 6371
Timeout, sequence number = 6383
Timeout, sequence number = 6385
Timeout, sequence number = 6389
Timeout, sequence number = 6413
Timeout, sequence number = 6424
Timeout, sequence number = 6429
Timeout, sequence number = 6424
[SR CLIENT] Sent data seq=6500
[SR CLIENT] Received ACK seq=6500
Timeout, sequence number = 6517
Timeout, sequence number = 6543
Timeout, sequence number = 6555
[SR CLIENT] Sent data seq=6600
[SR CLIENT] Received ACK seq=6600
Timeout, sequence number = 6563
Timeout, sequence number = 6586
Timeout, sequence number = 6621
Timeout, sequence number = 6644
[SR CLIENT] Sent data seq=6700
[SR CLIENT] Received ACK seq=6700
Timeout, sequence number = 6651
Timeout, sequence number = 6659
Timeout, sequence number = 6661
Timeout, sequence number = 6681
Timeout, sequence number = 6687
Timeout, sequence number = 6697
Timeout, sequence number = 6721
[SR CLIENT] Sent data seq=6800
[SR CLIENT] Received ACK seq=6800
Timeout, sequence number = 6789
Timeout, sequence number = 6820
Timeout, sequence number = 6849
[SR CLIENT] Sent data seq=6900
[SR CLIENT] Received ACK seq=6900
Timeout, sequence number = 6912
Timeout, sequence number = 6950
[SR CLIENT] Sent data seq=7000
[SR CLIENT] Received ACK seq=7000
[SR CLIENT] Sent data seq=7100
[SR CLIENT] Received ACK seq=7100
Timeout, sequence number = 7082
Timeout, sequence number = 7115
Timeout, sequence number = 7137
[SR CLIENT] Sent data seq=7200
[SR CLIENT] Received ACK seq=7200
Timeout, sequence number = 7168
Timeout, sequence number = 7175
Timeout, sequence number = 7179
Timeout, sequence number = 7193
Timeout, sequence number = 7207
Timeout, sequence number = 7217
Timeout, sequence number = 7220
Timeout, sequence number = 7234
Timeout, sequence number = 7238
Timeout, sequence number = 7252
[SR CLIENT] Sent data seq=7300
[SR CLIENT] Received ACK seq=7300
[SR CLIENT] Sent data seq=7400
[SR CLIENT] Received ACK seq=7400
Timeout, sequence number = 7346
Timeout, sequence number = 7396
Timeout, sequence number = 7397
Timeout, sequence number = 7410
Timeout, sequence number = 7425
Timeout, sequence number = 7440
Timeout, sequence number = 7456
[SR CLIENT] Sent data seq=7500
[SR CLIENT] Received ACK seq=7500
Timeout, sequence number = 7476
Timeout, sequence number = 7487
Timeout, sequence number = 7512
Timeout, sequence number = 7515
[SR CLIENT] Sent data seq=7600
[SR CLIENT] Received ACK seq=7600
Timeout, sequence number = 7547
Timeout, sequence number = 7559
Timeout, sequence number = 7560
Timeout, sequence number = 7595
Timeout, sequence number = 7618
Timeout, sequence number = 7624
Timeout, sequence number = 7630
Timeout, sequence number = 7642
[SR CLIENT] Sent data seq=7700
[SR CLIENT] Received ACK seq=7700
[SR CLIENT] Sent data seq=7800
Timeout, sequence number = 7738
Timeout, sequence number = 7752
Timeout, sequence number = 7755
Timeout, sequence number = 7763
Timeout, sequence number = 7767
Timeout, sequence number = 7800
[SR CLIENT] Received ACK seq=7800
Timeout, sequence number = 7831
Timeout, sequence number = 7861
[SR CLIENT] Sent data seq=7900
Timeout, sequence number = 7893
[SR CLIENT] Received ACK seq=7900
Timeout, sequence number = 7913
Timeout, sequence number = 7932
Timeout, sequence number = 7893
[SR CLIENT] Sent data seq=8000
[SR CLIENT] Received ACK seq=8000
Timeout, sequence number = 7968
Timeout, sequence number = 7969
Timeout, sequence number = 8005
Timeout, sequence number = 8007
Timeout, sequence number = 7968
[SR CLIENT] Sent data seq=8100
[SR CLIENT] Received ACK seq=8100
Timeout, sequence number = 8038
Timeout, sequence number = 8056
Timeout, sequence number = 8062
Timeout, sequence number = 8064
Timeout, sequence number = 8104
Timeout, sequence number = 8111
Timeout, sequence number = 8124
Timeout, sequence number = 8126
Timeout, sequence number = 8150
Timeout, sequence number = 8166
[SR CLIENT] Sent data seq=8200
[SR CLIENT] Received ACK seq=8200
Timeout, sequence number = 8203
Timeout, sequence number = 8214
Timeout, sequence number = 8248
Timeout, sequence number = 8262
[SR CLIENT] Sent data seq=8300
[SR CLIENT] Received ACK seq=8300
Timeout, sequence number = 8304
Timeout, sequence number = 8317
Timeout, sequence number = 8351
Timeout, sequence number = 8360
[SR CLIENT] Sent data seq=8400
[SR CLIENT] Received ACK seq=8400
Timeout, sequence number = 8381
Timeout, sequence number = 8384
Timeout, sequence number = 8386
Timeout, sequence number = 8388
Timeout, sequence number = 8398
Timeout, sequence number = 8411
Timeout, sequence number = 8421
Timeout, sequence number = 8443
[SR CLIENT] Sent data seq=8500
[SR CLIENT] Received ACK seq=8500
Timeout, sequence number = 8453
Timeout, sequence number = 8475
Timeout, sequence number = 8484
Timeout, sequence number = 8443
Timeout, sequence number = 8475
[SR CLIENT] Sent data seq=8600
[SR CLIENT] Received ACK seq=8600
Timeout, sequence number = 8567
Timeout, sequence number = 8580
Timeout, sequence number = 8597
Timeout, sequence number = 8612
[SR CLIENT] Sent data seq=8700
[SR CLIENT] Received ACK seq=8700
Timeout, sequence number = 8645
Timeout, sequence number = 8696
[SR CLIENT] Sent data seq=8800
[SR CLIENT] Received ACK seq=8800
Timeout, sequence number = 8739
Timeout, sequence number = 8753
Timeout, sequence number = 8781
Timeout, sequence number = 8808
Timeout, sequence number = 8813
Timeout, sequence number = 8820
[SR CLIENT] Sent data seq=8900
[SR CLIENT] Received ACK seq=8900
Timeout, sequence number = 8881
Timeout, sequence number = 8889
Timeout, sequence number = 8906
[SR CLIENT] Sent data seq=9000
[SR CLIENT] Received ACK seq=9000
Timeout, sequence number = 8975
Timeout, sequence number = 8985
Timeout, sequence number = 8993
Timeout, sequence number = 9010
[SR CLIENT] Sent data seq=9100
Timeout, sequence number = 9081
Timeout, sequence number = 9086
Timeout, sequence number = 9100
Timeout, sequence number = 9112
Timeout, sequence number = 9120
[SR CLIENT] Received ACK seq=9100
[SR CLIENT] Sent data seq=9200
[SR CLIENT] Received ACK seq=9200
Timeout, sequence number = 9145
Timeout, sequence number = 9147
Timeout, sequence number = 9156
Timeout, sequence number = 9204
Timeout, sequence number = 9147
Timeout, sequence number = 9147
[SR CLIENT] Sent data seq=9300
[SR CLIENT] Received ACK seq=9300
Timeout, sequence number = 9276
Timeout, sequence number = 9290
[SR CLIENT] Sent data seq=9400
[SR CLIENT] Received ACK seq=9400
Timeout, sequence number = 9369
Timeout, sequence number = 9392
Timeout, sequence number = 9395
Timeout, sequence number = 9425
Timeout, sequence number = 9433
Timeout, sequence number = 9436
Timeout, sequence number = 9441
Timeout, sequence number = 9454
Timeout, sequence number = 9479
Timeout, sequence number = 9488
Timeout, sequence number = 9490
[SR CLIENT] Sent data seq=9500
[SR CLIENT] Received ACK seq=9500
Timeout, sequence number = 9454
Timeout, sequence number = 9511
Timeout, sequence number = 9516
Timeout, sequence number = 9523
Timeout, sequence number = 9559
Timeout, sequence number = 9567
[SR CLIENT] Sent data seq=9600
Timeout, sequence number = 9598
Timeout, sequence number = 9600
Timeout, sequence number = 9601
Timeout, sequence number = 9630
Timeout, sequence number = 9631
Timeout, sequence number = 9650
[SR CLIENT] Received ACK seq=9600
[SR CLIENT] Sent data seq=9700
Timeout, sequence number = 9663
Timeout, sequence number = 9677
Timeout, sequence number = 9692
Timeout, sequence number = 9694
Timeout, sequence number = 9700
Timeout, sequence number = 9720
[SR CLIENT] Received ACK seq=9700
[SR CLIENT] Sent data seq=9800
[SR CLIENT] Received ACK seq=9800
Timeout, sequence number = 9746
Timeout, sequence number = 9748
Timeout, sequence number = 9751
Timeout, sequence number = 9758
Timeout, sequence number = 9768
Timeout, sequence number = 9779
Timeout, sequence number = 9803
Timeout, sequence number = 9811
Timeout, sequence number = 9823
Timeout, sequence number = 9845
Timeout, sequence number = 9866
[SR CLIENT] Sent data seq=9900
[SR CLIENT] Received ACK seq=9900
Timeout, sequence number = 9845
Timeout, sequence number = 9902
Timeout, sequence number = 9918
Timeout, sequence number = 9923
Timeout, sequence number = 9934
Timeout, sequence number = 9935
[SR CLIENT] Sent data seq=10000
[SR CLIENT] Received ACK seq=10000
Timeout, sequence number = 9990
[SR CLIENT] Sent data seq=10100
[SR CLIENT] Received ACK seq=10100
Timeout, sequence number = 10064
Timeout, sequence number = 10071
Timeout, sequence number = 10073
Timeout, sequence number = 10085
Timeout, sequence number = 10090
Timeout, sequence number = 10097
Timeout, sequence number = 10102
Timeout, sequence number = 10107
Timeout, sequence number = 10112
[SR CLIENT] Sent data seq=10200
[SR CLIENT] Received ACK seq=10200
Timeout, sequence number = 10166
Timeout, sequence number = 10172
Timeout, sequence number = 10196
Timeout, sequence number = 10209
Timeout, sequence number = 10217
Timeout, sequence number = 10219
Timeout, sequence number = 10222
Timeout, sequence number = 10223
Timeout, sequence number = 10227
[SR CLIENT] Sent data seq=10300
[SR CLIENT] Received ACK seq=10300
Timeout, sequence number = 10245
Timeout, sequence number = 10250
Timeout, sequence number = 10281
Timeout, sequence number = 10295
Timeout, sequence number = 10250
Timeout, sequence number = 10315
Timeout, sequence number = 10355
[SR CLIENT] Sent data seq=10400
[SR CLIENT] Received ACK seq=10400
Timeout, sequence number = 10414
Timeout, sequence number = 10416
Timeout, sequence number = 10467
Timeout, sequence number = 10414
[SR CLIENT] Sent data seq=10500
[SR CLIENT] Received ACK seq=10500
Timeout, sequence number = 10505
Timeout, sequence number = 10519
Timeout, sequence number = 10549
[SR CLIENT] Sent data seq=10600
[SR CLIENT] Received ACK seq=10600
Timeout, sequence number = 10576
Timeout, sequence number = 10580
Timeout, sequence number = 10614
Timeout, sequence number = 10637
Timeout, sequence number = 10638
[SR CLIENT] Sent data seq=10700
[SR CLIENT] Received ACK seq=10700
Timeout, sequence number = 10677
Timeout, sequence number = 10717
[SR CLIENT] Sent data seq=10800
[SR CLIENT] Received ACK seq=10800
Timeout, sequence number = 10830
Timeout, sequence number = 10845
Timeout, sequence number = 10863
Timeout, sequence number = 10886
[SR CLIENT] Sent data seq=10900
[SR CLIENT] Received ACK seq=10900
Timeout, sequence number = 10914
Timeout, sequence number = 10923
Timeout, sequence number = 10932
Timeout, sequence number = 10937
Timeout, sequence number = 10944
[SR CLIENT] Sent data seq=11000
[SR CLIENT] Received ACK seq=11000
Timeout, sequence number = 10980
Timeout, sequence number = 10991
Timeout, sequence number = 11035
Timeout, sequence number = 11043
[SR CLIENT] Sent data seq=11100
[SR CLIENT] Received ACK seq=11100
Timeout, sequence number = 11058
Timeout, sequence number = 11068
Timeout, sequence number = 11097
Timeout, sequence number = 11112
Timeout, sequence number = 11115
Timeout, sequence number = 11145
Timeout, sequence number = 11148
Timeout, sequence number = 11150
Timeout, sequence number = 11153
Timeout, sequence number = 11112
[SR CLIENT] Sent data seq=11200
[SR CLIENT] Received ACK seq=11200
Timeout, sequence number = 11186
Timeout, sequence number = 11201
Timeout, sequence number = 11207
Timeout, sequence number = 11222
Timeout, sequence number = 11228
[SR CLIENT] Sent data seq=11300
[SR CLIENT] Received ACK seq=11300
Timeout, sequence number = 11258
Timeout, sequence number = 11262
Timeout, sequence number = 11287
Timeout, sequence number = 11262
Timeout, sequence number = 11323
Timeout, sequence number = 11330
Timeout, sequence number = 11335
Timeout, sequence number = 11340
Timeout, sequence number = 11350
Timeout, sequence number = 11355
Timeout, sequence number = 11357
Timeout, sequence number = 11375
Timeout, sequence number = 11378
Timeout, sequence number = 11385
[SR CLIENT] Sent data seq=11400
[SR CLIENT] Received ACK seq=11400
Timeout, sequence number = 11407
Timeout, sequence number = 11441
Timeout, sequence number = 11446
[SR CLIENT] Sent data seq=11500
[SR CLIENT] Received ACK seq=11500
Timeout, sequence number = 11479
Timeout, sequence number = 11487
Timeout, sequence number = 11507
Timeout, sequence number = 11533
Timeout, sequence number = 11507
Timeout, sequence number = 11533
[SR CLIENT] Sent data seq=11600
[SR CLIENT] Received ACK seq=11600
Timeout, sequence number = 11572
Timeout, sequence number = 11603
Timeout, sequence number = 11610
Timeout, sequence number = 11623
Timeout, sequence number = 11631
[SR CLIENT] Sent data seq=11700
Timeout, sequence number = 11644
Timeout, sequence number = 11669
Timeout, sequence number = 11680
Timeout, sequence number = 11700
Timeout, sequence number = 11701
[SR CLIENT] Received ACK seq=11700
Timeout, sequence number = 11730
Timeout, sequence number = 11754
Timeout, sequence number = 11762
Timeout, sequence number = 11775
Timeout, sequence number = 11786
[SR CLIENT] Sent data seq=11800
[SR CLIENT] Received ACK seq=11800
Timeout, sequence number = 11754
Timeout, sequence number = 11762
Timeout, sequence number = 11799
Timeout, sequence number = 11801
Timeout, sequence number = 11801
Timeout, sequence number = 11821
Timeout, sequence number = 11834
Timeout, sequence number = 11846
Timeout, sequence number = 11862
[SR CLIENT] Sent data seq=11900
[SR CLIENT] Received ACK seq=11900
Timeout, sequence number = 11846
Timeout, sequence number = 11894
Timeout, sequence number = 11936
Timeout, sequence number = 11937
Timeout, sequence number = 11975
Timeout, sequence number = 11991
Timeout, sequence number = 11936
[SR CLIENT] Sent data seq=12000
[SR CLIENT] Received ACK seq=12000
[SR CLIENT] Summary: sent_packets=12001, ack_packets=12001, retransmitted_packets=653, timeout_events=653
Transfer complete. Delay = 93.878585 seconds

=== STDERR ===
