=== STDOUT ===
[SR CLIENT] Starting transfer: server=10.153.27.102:7735, file=demo_input.bin, N=64, MSS=100, total_segments=12001
[SR CLIENT] Sent data seq=0
[SR CLIENT] Sent data seq=1
[SR CLIENT] Sent data seq=2
[SR CLIENT] Sent data seq=3
[SR CLIENT] Sent data seq=4
[SR CLIENT] Received ACK seq=0
[SR CLIENT] Received ACK seq=1
[SR CLIENT] Received ACK seq=2
[SR CLIENT] Received ACK seq=3
[SR CLIENT] Received ACK seq=4
Timeout, sequence number = 10
Timeout, sequence number = 16
Timeout, sequence number = 17
Timeout, sequence number = 43
[SR CLIENT] Sent data seq=100
[SR CLIENT] Received ACK seq=100
Timeout, sequence number = 93
Timeout, sequence number = 104
Timeout, sequence number = 125
Timeout, sequence number = 127
Timeout, sequence number = 138
Timeout, sequence number = 146
Timeout, sequence number = 149
Timeout, sequence number = 155
[SR CLIENT] Sent data seq=200
[SR CLIENT] Received ACK seq=200
Timeout, sequence number = 172
Timeout, sequence number = 175
Timeout, sequence number = 228
Timeout, sequence number = 233
[SR CLIENT] Sent data seq=300
Timeout, sequence number = 239
Timeout, sequence number = 242
Timeout, sequence number = 269
Timeout, sequence number = 286
Timeout, sequence number = 294
Timeout, sequence number = 300
[SR CLIENT] Received ACK seq=300
Timeout, sequence number = 328
Timeout, sequence number = 338
Timeout, sequence number = 357
Timeout, sequence number = 358
Timeout, sequence number = 364
[SR CLIENT] Sent data seq=400
[SR CLIENT] Received ACK seq=400
[SR CLIENT] Sent data seq=500
[SR CLIENT] Received ACK seq=500
Timeout, sequence number = 445
Timeout, sequence number = 465
Timeout, sequence number = 476
Timeout, sequence number = 480
Timeout, sequence number = 511
Timeout, sequence number = 519
Timeout, sequence number = 537
Timeout, sequence number = 546
Timeout, sequence number = 553
[SR CLIENT] Sent data seq=600
[SR CLIENT] Received ACK seq=600
Timeout, sequence number = 546
Timeout, sequence number = 582
Timeout, sequence number = 586
Timeout, sequence number = 590
Timeout, sequence number = 631
Timeout, sequence number = 650
Timeout, sequence number = 672
Timeout, sequence number = 677
Timeout, sequence number = 682
[SR CLIENT] Sent data seq=700
[SR CLIENT] Received ACK seq=700
Timeout, sequence number = 721
Timeout, sequence number = 730
Timeout, sequence number = 745
Timeout, sequence number = 782
[SR CLIENT] Sent data seq=800
[SR CLIENT] Received ACK seq=800
Timeout, sequence number = 797
Timeout, sequence number = 801
Timeout, sequence number = 808
Timeout, sequence number = 809
Timeout, sequence number = 810
Timeout, sequence number = 797
[SR CLIENT] Sent data seq=900
[SR CLIENT] Received ACK seq=900
Timeout, sequence number = 887
Timeout, sequence number = 889
Timeout, sequence number = 894
Timeout, sequence number = 897
Timeout, sequence number = 902
Timeout, sequence number = 911
Timeout, sequence number = 949
[SR CLIENT] Sent data seq=1000
[SR CLIENT] Received ACK seq=1000
Timeout, sequence number = 953
Timeout, sequence number = 965
Timeout, sequence number = 986
Timeout, sequence number = 988
Timeout, sequence number = 997
Timeout, sequence number = 1012
Timeout, sequence number = 1020
Timeout, sequence number = 1026
Timeout, sequence number = 1081
[SR CLIENT] Sent data seq=1100
[SR CLIENT] Received ACK seq=1100
Timeout, sequence number = 1105
[SR CLIENT] Sent data seq=1200
[SR CLIENT] Received ACK seq=1200
Timeout, sequence number = 1170
Timeout, sequence number = 1184
Timeout, sequence number = 1210
Timeout, sequence number = 1229
[SR CLIENT] Sent data seq=1300
[SR CLIENT] Received ACK seq=1300
Timeout, sequence number = 1274
Timeout, sequence number = 1294
Timeout, sequence number = 1318
[SR CLIENT] Sent data seq=1400
[SR CLIENT] Received ACK seq=1400
Timeout, sequence number = 1365
Timeout, sequence number = 1374
Timeout, sequence number = 1403
Timeout, sequence number = 1427
Timeout, sequence number = 1432
Timeout, sequence number = 1439
Timeout, sequence number = 1473
[SR CLIENT] Sent data seq=1500
[SR CLIENT] Received ACK seq=1500
Timeout, sequence number = 1518
Timeout, sequence number = 1519
Timeout, sequence number = 1520
Timeout, sequence number = 1527
Timeout, sequence number = 1540
Timeout, sequence number = 1546
Timeout, sequence number = 1561
Timeout, sequence number = 1567
Timeout, sequence number = 1568
[SR CLIENT] Sent data seq=1600
[SR CLIENT] Received ACK seq=1600
Timeout, sequence number = 1602
Timeout, sequence number = 1609
Timeout, sequence number = 1620
Timeout, sequence number = 1636
Timeout, sequence number = 1651
[SR CLIENT] Sent data seq=1700
[SR CLIENT] Received ACK seq=1700
Timeout, sequence number = 1670
Timeout, sequence number = 1672
Timeout, sequence number = 1680
Timeout, sequence number = 1694
Timeout, sequence number = 1698
Timeout, sequence number = 1711
Timeout, sequence number = 1720
Timeout, sequence number = 1720
Timeout, sequence number = 1738
Timeout, sequence number = 1764
[SR CLIENT] Sent data seq=1800
[SR CLIENT] Received ACK seq=1800
Timeout, sequence number = 1808
Timeout, sequence number = 1812
Timeout, sequence number = 1849
Timeout, sequence number = 1864
Timeout, sequence number = 1865
[SR CLIENT] Sent data seq=1900
[SR CLIENT] Received ACK seq=1900
[SR CLIENT] Sent data seq=2000
[SR CLIENT] Received ACK seq=2000
Timeout, sequence number = 1943
Timeout, sequence number = 1944
Timeout, sequence number = 1946
Timeout, sequence number = 1966
Timeout, sequence number = 1988
Timeout, sequence number = 1946
Timeout, sequence number = 2020
Timeout, sequence number = 2041
Timeout, sequence number = 2061
Timeout, sequence number = 2065
Timeout, sequence number = 2074
[SR CLIENT] Sent data seq=2100
[SR CLIENT] Received ACK seq=2100
Timeout, sequence number = 2103
Timeout, sequence number = 2145
[SR CLIENT] Sent data seq=2200
[SR CLIENT] Received ACK seq=2200
Timeout, sequence number = 2199
Timeout, sequence number = 2203
Timeout, sequence number = 2232
Timeout, sequence number = 2243
Timeout, sequence number = 2245
[SR CLIENT] Sent data seq=2300
[SR CLIENT] Received ACK seq=2300
Timeout, sequence number = 2279
Timeout, sequence number = 2314
Timeout, sequence number = 2330
Timeout, sequence number = 2332
[SR CLIENT] Sent data seq=2400
Timeout, sequence number = 2359
Timeout, sequence number = 2364
Timeout, sequence number = 2374
Timeout, sequence number = 2387
Timeout, sequence number = 2389
Timeout, sequence number = 2400
[SR CLIENT] Received ACK seq=2400
Timeout, sequence number = 2431
Timeout, sequence number = 2466
Timeout, sequence number = 2478
Timeout, sequence number = 2479
[SR CLIENT] Sent data seq=2500
[SR CLIENT] Received ACK seq=2500
Timeout, sequence number = 2503
Timeout, sequence number = 2514
Timeout, sequence number = 2561
[SR CLIENT] Sent data seq=2600
[SR CLIENT] Received ACK seq=2600
Timeout, sequence number = 2572
Timeout, sequence number = 2573
Timeout, sequence number = 2584
Timeout, sequence number = 2587
[SR CLIENT] Sent data seq=2700
[SR CLIENT] Received ACK seq=2700
Timeout, sequence number = 2638
Timeout, sequence number = 2649
Timeout, sequence number = 2662
Timeout, sequence number = 2716
Timeout, sequence number = 2758
[SR CLIENT] Sent data seq=2800
[SR CLIENT] Received ACK seq=2800
Timeout, sequence number = 2790
Timeout, sequence number = 2794
Timeout, sequence number = 2802
Timeout, sequence number = 2807
Timeout, sequence number = 2844
[SR CLIENT] Sent data seq=2900
[SR CLIENT] Received ACK seq=2900
Timeout, sequence number = 2877
Timeout, sequence number = 2883
Timeout, sequence number = 2895
Timeout, sequence number = 2907
[SR CLIENT] Sent data seq=3000
[SR CLIENT] Received ACK seq=3000
Timeout, sequence number = 2946
Timeout, sequence number = 2952
Timeout, sequence number = 2955
Timeout, sequence number = 2973
Timeout, sequence number = 2955
[SR CLIENT] Sent data seq=3100
[SR CLIENT] Received ACK seq=3100
Timeout, sequence number = 3041
Timeout, sequence number = 3056
Timeout, sequence number = 3111
Timeout, sequence number = 3124
Timeout, sequence number = 3153
Timeout, sequence number = 3162
[SR CLIENT] Sent data seq=3200
[SR CLIENT] Received ACK seq=3200
Timeout, sequence number = 3179
Timeout, sequence number = 3182
Timeout, sequence number = 3186
Timeout, sequence number = 3205
Timeout, sequence number = 3219
[SR CLIENT] Sent data seq=3300
[SR CLIENT] Received ACK seq=3300
Timeout, sequence number = 3247
Timeout, sequence number = 3266
Timeout, sequence number = 3271
Timeout, sequence number = 3292
Timeout, sequence number = 3305
Timeout, sequence number = 3318
Timeout, sequence number = 3374
[SR CLIENT] Sent data seq=3400
[SR CLIENT] Received ACK seq=3400
Timeout, sequence number = 3411
Timeout, sequence number = 3416
Timeout, sequence number = 3437
Timeout, sequence number = 3442
Timeout, sequence number = 3447
Timeout, sequence number = 3456
Timeout, sequence number = 3464
Timeout, sequence number = 3472
[SR CLIENT] Sent data seq=3500
[SR CLIENT] Received ACK seq=3500
Timeout, sequence number = 3476
Timeout, sequence number = 3484
Timeout, sequence number = 3523
[SR CLIENT] Sent data seq=3600
[SR CLIENT] Received ACK seq=3600
Timeout, sequence number = 3552
Timeout, sequence number = 3554
Timeout, sequence number = 3565
Timeout, sequence number = 3582
Timeout, sequence number = 3595
Timeout, sequence number = 3616
Timeout, sequence number = 3619
Timeout, sequence number = 3626
Timeout, sequence number = 3653
Timeout, sequence number = 3659
Timeout, sequence number = 3664
Timeout, sequence number = 3619
Timeout, sequence number = 3659
[SR CLIENT] Sent data seq=3700
[SR CLIENT] Received ACK seq=3700
Timeout, sequence number = 3722
Timeout, sequence number = 3735
Timeout, sequence number = 3779
[SR CLIENT] Sent data seq=3800
[SR CLIENT] Received ACK seq=3800
Timeout, sequence number = 3792
Timeout, sequence number = 3809
Timeout, sequence number = 3831
[SR CLIENT] Sent data seq=3900
[SR CLIENT] Received ACK seq=3900
Timeout, sequence number = 3855
Timeout, sequence number = 3883
[SR CLIENT] Sent data seq=4000
[SR CLIENT] Received ACK seq=4000
Timeout, sequence number = 3949
Timeout, sequence number = 3951
Timeout, sequence number = 3959
Timeout, sequence number = 3967
Timeout, sequence number = 3986
Timeout, sequence number = 4007
[SR CLIENT] Sent data seq=4100
[SR CLIENT] Received ACK seq=4100
Timeout, sequence number = 4077
Timeout, sequence number = 4139
[SR CLIENT] Sent data seq=4200
[SR CLIENT] Received ACK seq=4200
Timeout, sequence number = 4186
Timeout, sequence number = 4202
[SR CLIENT] Sent data seq=4300
[SR CLIENT] Received ACK seq=4300
Timeout, sequence number = 4262
Timeout, sequence number = 4281
Timeout, sequence number = 4308
[SR CLIENT] Sent data seq=4400
[SR CLIENT] Received ACK seq=4400
Timeout, sequence number = 4342
Timeout, sequence number = 4354
Timeout, sequence number = 4358
Timeout, sequence number = 4367
Timeout, sequence number = 4384
Timeout, sequence number = 4393
Timeout, sequence number = 4403
Timeout, sequence number = 4342
Timeout, sequence number = 4433
Timeout, sequence number = 4448
Timeout, sequence number = 4463
Timeout, sequence number = 4496
[SR CLIENT] Sent data seq=4500
[SR CLIENT] Received ACK seq=4500
Timeout, sequence number = 4518
Timeout, sequence number = 4522
Timeout, sequence number = 4528
Timeout, sequence number = 4531
Timeout, sequence number = 4547
Timeout, sequence number = 4518
Timeout, sequence number = 4531
[SR CLIENT] Sent data seq=4600
[SR CLIENT] Received ACK seq=4600
Timeout, sequence number = 4606
Timeout, sequence number = 4621
Timeout, sequence number = 4634
[SR CLIENT] Sent data seq=4700
[SR CLIENT] Received ACK seq=4700
Timeout, sequence number = 4670
Timeout, sequence number = 4730
[SR CLIENT] Sent data seq=4800
[SR CLIENT] Received ACK seq=4800
Timeout, sequence number = 4775
Timeout, sequence number = 4786
Timeout, sequence number = 4829
[SR CLIENT] Sent data seq=4900
[SR CLIENT] Received ACK seq=4900
Timeout, sequence number = 4845
Timeout, sequence number = 4860
Timeout, sequence number = 4863
Timeout, sequence number = 4908
Timeout, sequence number = 4845
Timeout, sequence number = 4919
Timeout, sequence number = 4926
Timeout, sequence number = 4932
[SR CLIENT] Sent data seq=5000
Timeout, sequence number = 4982
[SR CLIENT] Received ACK seq=5000
Timeout, sequence number = 5007
Timeout, sequence number = 5008
Timeout, sequence number = 5024
Timeout, sequence number = 5044
[SR CLIENT] Sent data seq=5100
[SR CLIENT] Received ACK seq=5100
Timeout, sequence number = 5119
Timeout, sequence number = 5131
[SR CLIENT] Sent data seq=5200
[SR CLIENT] Received ACK seq=5200
Timeout, sequence number = 5152
Timeout, sequence number = 5174
Timeout, sequence number = 5178
Timeout, sequence number = 5219
Timeout, sequence number = 5226
Timeout, sequence number = 5226
[SR CLIENT] Sent data seq=5300
[SR CLIENT] Received ACK seq=5300
Timeout, sequence number = 5297
Timeout, sequence number = 5307
Timeout, sequence number = 5349
Timeout, sequence number = 5353
Timeout, sequence number = 5357
[SR CLIENT] Sent data seq=5400
Timeout, sequence number = 5400
Timeout, sequence number = 5404
Timeout, sequence number = 5440
Timeout, sequence number = 5445
Timeout, sequence number = 5447
[SR CLIENT] Received ACK seq=5400
[SR CLIENT] Sent data seq=5500
Timeout, sequence number = 5474
Timeout, sequence number = 5486
Timeout, sequence number = 5500
[SR CLIENT] Received ACK seq=5500
[SR CLIENT] Sent data seq=5600
[SR CLIENT] Received ACK seq=5600
Timeout, sequence number = 5539
Timeout, sequence number = 5541
Timeout, sequence number = 5544
Timeout, sequence number = 5564
Timeout, sequence number = 5569
Timeout, sequence number = 5573
Timeout, sequence number = 5612
Timeout, sequence number = 5631
Timeout, sequence number = 5646
Timeout, sequence number = 5655
Timeout, sequence number = 5663
[SR CLIENT] Sent data seq=5700
[SR CLIENT] Received ACK seq=5700
Timeout, sequence number = 5675
Timeout, sequence number = 5693
Timeout, sequence number = 5704
Timeout, sequence number = 5720
Timeout, sequence number = 5750
Timeout, sequence number = 5754
Timeout, sequence number = 5693
[SR CLIENT] Sent data seq=5800
[SR CLIENT] Received ACK seq=5800
Timeout, sequence number = 5822
Timeout, sequence number = 5865
Timeout, sequence number = 5868
Timeout, sequence number = 5881
Timeout, sequence number = 5883
[SR CLIENT] Sent data seq=5900
[SR CLIENT] Received ACK seq=5900
Timeout, sequence number = 5887
Timeout, sequence number = 5898
Timeout, sequence number = 5913
Timeout, sequence number = 5926
Timeout, sequence number = 5941
Timeout, sequence number = 5949
[SR CLIENT] Sent data seq=6000
[SR CLIENT] Received ACK seq=6000
Timeout, sequence number = 5957
Timeout, sequence number = 5962
Timeout, sequence number = 5986
Timeout, sequence number = 5994
Timeout, sequence number = 6007
Timeout, sequence number = 6010
Timeout, sequence number = 6012
Timeout, sequence number = 5957
[SR CLIENT] Sent data seq=6100
[SR CLIENT] Received ACK seq=6100
Timeout, sequence number = 6062
Timeout, sequence number = 6091
Timeout, sequence number = 6099
Timeout, sequence number = 6112
Timeout, sequence number = 6126
Timeout, sequence number = 6165
Timeout, sequence number = 6182
Timeout, sequence number = 6184
Timeout, sequence number = 6185
[SR CLIENT] Sent data seq=6200
[SR CLIENT] Received ACK seq=6200
Timeout, sequence number = 6198
Timeout, sequence number = 6204
Timeout, sequence number = 6212
Timeout, sequence number = 6255
[SR CLIENT] Sent data seq=6300
[SR CLIENT] Received ACK seq=6300
Timeout, sequence number = 6270
Timeout, sequence number = 6302
Timeout, sequence number = 6310
[SR CLIENT] Sent data seq=6400
[SR CLIENT] Received ACK seq=6400
Timeout, sequence number = 6376
Timeout, sequence number = 6402
[SR CLIENT] Sent data seq=6500
[SR CLIENT] Received ACK seq=6500
Timeout, sequence number = 6484
Timeout, sequence number = 6511
Timeout, sequence number = 6528
Timeout, sequence number = 6529
Timeout, sequence number = 6533
Timeout, sequence number = 6540
[SR CLIENT] Sent data seq=6600
[SR CLIENT] Received ACK seq=6600
Timeout, sequence number = 6563
Timeout, sequence number = 6585
Timeout, sequence number = 6588
Timeout, sequence number = 6610
Timeout, sequence number = 6622
Timeout, sequence number = 6563
[SR CLIENT] Sent data seq=6700
[SR CLIENT] Received ACK seq=6700
Timeout, sequence number = 6668
Timeout, sequence number = 6678
Timeout, sequence number = 6679
Timeout, sequence number = 6693
Timeout, sequence number = 6707
Timeout, sequence number = 6725
[SR CLIENT] Sent data seq=6800
[SR CLIENT] Received ACK seq=6800
Timeout, sequence number = 6789
Timeout, sequence number = 6791
[SR CLIENT] Sent data seq=6900
[SR CLIENT] Received ACK seq=6900
Timeout, sequence number = 6856
Timeout, sequence number = 6918
Timeout, sequence number = 6856
Timeout, sequence number = 6929
Timeout, sequence number = 6932
Timeout, sequence number = 6959
Timeout, sequence number = 6970
Timeout, sequence number = 6971
[SR CLIENT] Sent data seq=7000
[SR CLIENT] Received ACK seq=7000
Timeout, sequence number = 6996
Timeout, sequence number = 7003
Timeout, sequence number = 7037
Timeout, sequence number = 7057
Timeout, sequence number = 7003
[SR CLIENT] Sent data seq=7100
[SR CLIENT] Received ACK seq=7100
Timeout, sequence number = 7075
Timeout, sequence number = 7118
Timeout, sequence number = 7122
[SR CLIENT] Sent data seq=7200
[SR CLIENT] Received ACK seq=7200
Timeout, sequence number = 7144
Timeout, sequence number = 7192
Timeout, sequence number = 7199
Timeout, sequence number = 7222
Timeout, sequence number = 7239
Timeout, sequence number = 7247
Timeout, sequence number = 7260
Timeout, sequence number = 7266
Timeout, sequence number = 7268
[SR CLIENT] Sent data seq=7300
[SR CLIENT] Received ACK seq=7300
Timeout, sequence number = 7297
Timeout, sequence number = 7324
[SR CLIENT] Sent data seq=7400
Timeout, sequence number = 7351
[SR CLIENT] Received ACK seq=7400
Timeout, sequence number = 7363
Timeout, sequence number = 7369
Timeout, sequence number = 7376
Timeout, sequence number = 7386
Timeout, sequence number = 7363
Timeout, sequence number = 7427
Timeout, sequence number = 7438
Timeout, sequence number = 7440
[SR CLIENT] Sent data seq=7500
Timeout, sequence number = 7500
Timeout, sequence number = 7508
Timeout, sequence number = 7520
[SR CLIENT] Received ACK seq=7500
Timeout, sequence number = 7560
[SR CLIENT] Sent data seq=7600
[SR CLIENT] Received ACK seq=7600
Timeout, sequence number = 7601
Timeout, sequence number = 7607
Timeout, sequence number = 7612
Timeout, sequence number = 7626
Timeout, sequence number = 7635
Timeout, sequence number = 7638
[SR CLIENT] Sent data seq=7700
[SR CLIENT] Received ACK seq=7700
Timeout, sequence number = 7688
Timeout, sequence number = 7689
Timeout, sequence number = 7692
Timeout, sequence number = 7703
Timeout, sequence number = 7717
Timeout, sequence number = 7733
[SR CLIENT] Sent data seq=7800
[SR CLIENT] Received ACK seq=7800
Timeout, sequence number = 7760
Timeout, sequence number = 7779
Timeout, sequence number = 7784
Timeout, sequence number = 7804
Timeout, sequence number = 7808
[SR CLIENT] Sent data seq=7900
[SR CLIENT] Received ACK seq=7900
Timeout, sequence number = 7841
Timeout, sequence number = 7844
Timeout, sequence number = 7867
[SR CLIENT] Sent data seq=8000
Timeout, sequence number = 7955
Timeout, sequence number = 7956
Timeout, sequence number = 7997
Timeout, sequence number = 8000
[SR CLIENT] Received ACK seq=8000
Timeout, sequence number = 7955
Timeout, sequence number = 8024
Timeout, sequence number = 8042
Timeout, sequence number = 8044
Timeout, sequence number = 8082
[SR CLIENT] Sent data seq=8100
[SR CLIENT] Received ACK seq=8100
Timeout, sequence number = 8093
Timeout, sequence number = 8096
Timeout, sequence number = 8102
Timeout, sequence number = 8121
Timeout, sequence number = 8127
[SR CLIENT] Sent data seq=8200
[SR CLIENT] Received ACK seq=8200
Timeout, sequence number = 8176
Timeout, sequence number = 8177
Timeout, sequence number = 8187
Timeout, sequence number = 8188
Timeout, sequence number = 8189
Timeout, sequence number = 8223
[SR CLIENT] Sent data seq=8300
[SR CLIENT] Received ACK seq=8300
Timeout, sequence number = 8266
Timeout, sequence number = 8271
Timeout, sequence number = 8274
Timeout, sequence number = 8294
Timeout, sequence number = 8296
Timeout, sequence number = 8294
Timeout, sequence number = 8296
[SR CLIENT] Sent data seq=8400
Timeout, sequence number = 8343
Timeout, sequence number = 8347
[SR CLIENT] Received ACK seq=8400
Timeout, sequence number = 8369
Timeout, sequence number = 8420
[SR CLIENT] Sent data seq=8500
[SR CLIENT] Received ACK seq=8500
Timeout, sequence number = 8439
[SR CLIENT] Sent data seq=8600
[SR CLIENT] Received ACK seq=8600
Timeout, sequence number = 8552
Timeout, sequence number = 8568
Timeout, sequence number = 8605
Timeout, sequence number = 8606
[SR CLIENT] Sent data seq=8700
[SR CLIENT] Received ACK seq=8700
Timeout, sequence number = 8683
Timeout, sequence number = 8689
Timeout, sequence number = 8697
Timeout, sequence number = 8719
Timeout, sequence number = 8729
Timeout, sequence number = 8733
Timeout, sequence number = 8737
[SR CLIENT] Sent data seq=8800
[SR CLIENT] Received ACK seq=8800
Timeout, sequence number = 8760
Timeout, sequence number = 8794
Timeout, sequence number = 8820
Timeout, sequence number = 8821
[SR CLIENT] Sent data seq=8900
[SR CLIENT] Received ACK seq=8900
Timeout, sequence number = 8887
Timeout, sequence number = 8894
Timeout, sequence number = 8906
Timeout, sequence number = 8914
Timeout, sequence number = 8919
Timeout, sequence number = 8949
[SR CLIENT] Sent data seq=9000
[SR CLIENT] Received ACK seq=9000
Timeout, sequence number = 8973
Timeout, sequence number = 8978
Timeout, sequence number = 8997
Timeout, sequence number = 9019
[SR CLIENT] Sent data seq=9100
[SR CLIENT] Received ACK seq=9100
Timeout, sequence number = 9047
Timeout, sequence number = 9106
Timeout, sequence number = 9129
Timeout, sequence number = 9134
Timeout, sequence number = 9139
Timeout, sequence number = 9142
[SR CLIENT] Sent data seq=9200
[SR CLIENT] Received ACK seq=9200
Timeout, sequence number = 9193
Timeout, sequence number = 9194
Timeout, sequence number = 9199
Timeout, sequence number = 9205
Timeout, sequence number = 9208
Timeout, sequence number = 9223
Timeout, sequence number = 9227
Timeout, sequence number = 9247
Timeout, sequence number = 9252
[SR CLIENT] Sent data seq=9300
[SR CLIENT] Received ACK seq=9300
Timeout, sequence number = 9279
Timeout, sequence number = 9288
Timeout, sequence number = 9289
Timeout, sequence number = 9298
Timeout, sequence number = 9307
Timeout, sequence number = 9312
Timeout, sequence number = 9288
[SR CLIENT] Sent data seq=9400
[SR CLIENT] Received ACK seq=9400
Timeout, sequence number = 9361
Timeout, sequence number = 9369
Timeout, sequence number = 9377
Timeout, sequence number = 9388
Timeout, sequence number = 9399
Timeout, sequence number = 9414
[SR CLIENT] Sent data seq=9500
[SR CLIENT] Received ACK seq=9500
Timeout, sequence number = 9444
Timeout, sequence number = 9491
Timeout, sequence number = 9444
[SR CLIENT] Sent data seq=9600
[SR CLIENT] Received ACK seq=9600
Timeout, sequence number = 9579
Timeout, sequence number = 9590
Timeout, sequence number = 9591
Timeout, sequence number = 9596
Timeout, sequence number = 9605
Timeout, sequence number = 9612
Timeout, sequence number = 9617
Timeout, sequence number = 9625
Timeout, sequence number = 9612
Timeout, sequence number = 9646
[SR CLIENT] Sent data seq=9700
[SR CLIENT] Received ACK seq=9700
Timeout, sequence number = 9690
Timeout, sequence number = 9693
Timeout, sequence number = 9707
Timeout, sequence number = 9736
[SR CLIENT] Sent data seq=9800
[SR CLIENT] Received ACK seq=9800
Timeout, sequence number = 9763
Timeout, sequence number = 9781
Timeout, sequence number = 9797
Timeout, sequence number = 9807
Timeout, sequence number = 9825
Timeout, sequence number = 9797
Timeout, sequence number = 9835
Timeout, sequence number = 9859
[SR CLIENT] Sent data seq=9900
[SR CLIENT] Received ACK seq=9900
Timeout, sequence number = 9869
Timeout, sequence number = 9886
Timeout, sequence number = 9894
Timeout, sequence number = 9917
[SR CLIENT] Sent data seq=10000
[SR CLIENT] Received ACK seq=10000
Timeout, sequence number = 9956
Timeout, sequence number = 9968
Timeout, sequence number = 9989
Timeout, sequence number = 10016
Timeout, sequence number = 10030
Timeout, sequence number = 10035
Timeout, sequence number = 10039
Timeout, sequence number = 10058
Timeout, sequence number = 10069
Timeout, sequence number = 10073
Timeout, sequence number = 10077
Timeout, sequence number = 10079
Timeout, sequence number = 10084
Timeout, sequence number = 10087
[SR CLIENT] Sent data seq=10100
[SR CLIENT] Received ACK seq=10100
Timeout, sequence number = 10108
Timeout, sequence number = 10110
Timeout, sequence number = 10112
Timeout, sequence number = 10148
Timeout, sequence number = 10160
Timeout, sequence number = 10163
[SR CLIENT] Sent data seq=10200
[SR CLIENT] Received ACK seq=10200
Timeout, sequence number = 10184
Timeout, sequence number = 10221
Timeout, sequence number = 10244
[SR CLIENT] Sent data seq=10300
[SR CLIENT] Received ACK seq=10300
Timeout, sequence number = 10248
Timeout, sequence number = 10258
Timeout, sequence number = 10292
Timeout, sequence number = 10302
Timeout, sequence number = 10317
Timeout, sequence number = 10320
Timeout, sequence number = 10345
Timeout, sequence number = 10348
[SR CLIENT] Sent data seq=10400
[SR CLIENT] Received ACK seq=10400
Timeout, sequence number = 10392
Timeout, sequence number = 10398
Timeout, sequence number = 10407
Timeout, sequence number = 10435
Timeout, sequence number = 10437
[SR CLIENT] Sent data seq=10500
[SR CLIENT] Received ACK seq=10500
Timeout, sequence number = 10483
Timeout, sequence number = 10531
Timeout, sequence number = 10538
Timeout, sequence number = 10539
Timeout, sequence number = 10540
Timeout, sequence number = 10543
[SR CLIENT] Sent data seq=10600
[SR CLIENT] Received ACK seq=10600
Timeout, sequence number = 10553
Timeout, sequence number = 10565
Timeout, sequence number = 10566
Timeout, sequence number = 10578
Timeout, sequence number = 10599
[SR CLIENT] Sent data seq=10700
[SR CLIENT] Received ACK seq=10700
Timeout, sequence number = 10670
Timeout, sequence number = 10677
Timeout, sequence number = 10694
Timeout, sequence number = 10703
Timeout, sequence number = 10716
Timeout, sequence number = 10747
Timeout, sequence number = 10694
[SR CLIENT] Sent data seq=10800
[SR CLIENT] Received ACK seq=10800
Timeout, sequence number = 10783
Timeout, sequence number = 10786
Timeout, sequence number = 10845
Timeout, sequence number = 10786
[SR CLIENT] Sent data seq=10900
[SR CLIENT] Received ACK seq=10900
Timeout, sequence number = 10872
Timeout, sequence number = 10895
Timeout, sequence number = 10915
[SR CLIENT] Sent data seq=11000
Timeout, sequence number = 10943
Timeout, sequence number = 10984
Timeout, sequence number = 10988
Timeout, sequence number = 11000
Timeout, sequence number = 11002
Timeout, sequence number = 11006
Timeout, sequence number = 11000
[SR CLIENT] Received ACK seq=11000
[SR CLIENT] Sent data seq=11100
Timeout, sequence number = 11059
[SR CLIENT] Received ACK seq=11100
Timeout, sequence number = 11081
[SR CLIENT] Sent data seq=11200
[SR CLIENT] Received ACK seq=11200
Timeout, sequence number = 11154
Timeout, sequence number = 11188
Timeout, sequence number = 11224
[SR CLIENT] Sent data seq=11300
[SR CLIENT] Received ACK seq=11300
Timeout, sequence number = 11328
Timeout, sequence number = 11329
[SR CLIENT] Sent data seq=11400
Timeout, sequence number = 11370
[SR CLIENT] Received ACK seq=11400
Timeout, sequence number = 11377
Timeout, sequence number = 11382
Timeout, sequence number = 11388
[SR CLIENT] Sent data seq=11500
[SR CLIENT] Received ACK seq=11500
Timeout, sequence number = 11494
Timeout, sequence number = 11504
Timeout, sequence number = 11512
Timeout, sequence number = 11518
Timeout, sequence number = 11523
Timeout, sequence number = 11535
[SR CLIENT] Sent data seq=11600
Timeout, sequence number = 11600
Timeout, sequence number = 11611
Timeout, sequence number = 11640
Timeout, sequence number = 11647
[SR CLIENT] Received ACK seq=11600
[SR CLIENT] Sent data seq=11700
[SR CLIENT] Received ACK seq=11700
Timeout, sequence number = 11689
Timeout, sequence number = 11690
Timeout, sequence number = 11692
Timeout, sequence number = 11694
Timeout, sequence number = 11704
Timeout, sequence number = 11706
Timeout, sequence number = 11708
Timeout, sequence number = 11708
Timeout, sequence number = 11756
Timeout, sequence number = 11758
[SR CLIENT] Sent data seq=11800
[SR CLIENT] Received ACK seq=11800
Timeout, sequence number = 11792
Timeout, sequence number = 11838
Timeout, sequence number = 11848
[SR CLIENT] Sent data seq=11900
[SR CLIENT] Received ACK seq=11900
Timeout, sequence number = 11878
Timeout, sequence number = 11883
Timeout, sequence number = 11897
Timeout, sequence number = 11905
Timeout, sequence number = 11911
Timeout, sequence number = 11931
Timeout, sequence number = 11933
Timeout, sequence number = 11935
[SR CLIENT] Sent data seq=12000
[SR CLIENT] Received ACK seq=12000
Timeout, sequence number = 11955
Timeout, sequence number = 11957
Timeout, sequence number = 11968
Timeout, sequence number = 11987
[SR CLIENT] Summary: sent_packets=12001, ack_packets=12001, retransmitted_packets=660, timeout_events=660
Transfer complete. Delay = 91.963733 seconds

=== STDERR ===
