=== STDOUT ===
[SR CLIENT] Starting transfer: server=10.153.27.102:7735, file=demo_input.bin, N=32, MSS=500, total_segments=2401
[SR CLIENT] Sent data seq=0
[SR CLIENT] Sent data seq=1
[SR CLIENT] Sent data seq=2
[SR CLIENT] Sent data seq=3
[SR CLIENT] Sent data seq=4
[SR CLIENT] Received ACK seq=0
[SR CLIENT] Received ACK seq=1
[SR CLIENT] Received ACK seq=2
[SR CLIENT] Received ACK seq=3
[SR CLIENT] Received ACK seq=4
Timeout, sequence number = 16
Timeout, sequence number = 22
Timeout, sequence number = 32
[SR CLIENT] Sent data seq=100
[SR CLIENT] Received ACK seq=100
Timeout, sequence number = 72
Timeout, sequence number = 73
Timeout, sequence number = 81
Timeout, sequence number = 107
Timeout, sequence number = 114
Timeout, sequence number = 117
Timeout, sequence number = 124
Timeout, sequence number = 162
Timeout, sequence number = 172
Timeout, sequence number = 174
Timeout, sequence number = 175
Timeout, sequence number = 186
[SR CLIENT] Sent data seq=200
[SR CLIENT] Received ACK seq=200
Timeout, sequence number = 216
Timeout, sequence number = 231
Timeout, sequence number = 232
Timeout, sequence number = 253
[SR CLIENT] Sent data seq=300
[SR CLIENT] Received ACK seq=300
Timeout, sequence number = 281
Timeout, sequence number = 340
[SR CLIENT] Sent data seq=400
[SR CLIENT] Received ACK seq=400
Timeout, sequence number = 379
Timeout, sequence number = 399
Timeout, sequence number = 434
Timeout, sequence number = 467
[SR CLIENT] Sent data seq=500
[SR CLIENT] Received ACK seq=500
Timeout, sequence number = 499
Timeout, sequence number = 519
Timeout, sequence number = 533
Timeout, sequence number = 535
Timeout, sequence number = 545
Timeout, sequence number = 555
[SR CLIENT] Sent data seq=600
[SR CLIENT] Received ACK seq=600
Timeout, sequence number = 571
Timeout, sequence number = 606
Timeout, sequence number = 608
Timeout, sequence number = 623
Timeout, sequence number = 634
Timeout, sequence number = 636
Timeout, sequence number = 644
Timeout, sequence number = 660
Timeout, sequence number = 669
Timeout, sequence number = 675
[SR CLIENT] Sent data seq=700
[SR CLIENT] Received ACK seq=700
Timeout, sequence number = 720
Timeout, sequence number = 731
Timeout, sequence number = 738
Timeout, sequence number = 756
Timeout, sequence number = 762
[SR CLIENT] Sent data seq=800
[SR CLIENT] Received ACK seq=800
Timeout, sequence number = 817
Timeout, sequence number = 826
Timeout, sequence number = 827
Timeout, sequence number = 852
Timeout, sequence number = 861
Timeout, sequence number = 863
[SR CLIENT] Sent data seq=900
[SR CLIENT] Received ACK seq=900
Timeout, sequence number = 884
Timeout, sequence number = 887
Timeout, sequence number = 895
Timeout, sequence number = 945
Timeout, sequence number = 966
Timeout, sequence number = 972
[SR CLIENT] Sent data seq=1000
[SR CLIENT] Received ACK seq=1000
Timeout, sequence number = 995
Timeout, sequence number = 1020
Timeout, sequence number = 1041
Timeout, sequence number = 1062
[SR CLIENT] Sent data seq=1100
[SR CLIENT] Received ACK seq=1100
Timeout, sequence number = 1082
Timeout, sequence number = 1089
Timeout, sequence number = 1092
Timeout, sequence number = 1115
[SR CLIENT] Sent data seq=1200
[SR CLIENT] Received ACK seq=1200
Timeout, sequence number = 1169
Timeout, sequence number = 1203
Timeout, sequence number = 1224
Timeout, sequence number = 1256
Timeout, sequence number = 1263
[SR CLIENT] Sent data seq=1300
[SR CLIENT] Received ACK seq=1300
Timeout, sequence number = 1272
Timeout, sequence number = 1309
Timeout, sequence number = 1322
Timeout, sequence number = 1323
Timeout, sequence number = 1345
[SR CLIENT] Sent data seq=1400
[SR CLIENT] Received ACK seq=1400
Timeout, sequence number = 1397
Timeout, sequence number = 1401
Timeout, sequence number = 1430
[SR CLIENT] Sent data seq=1500
[SR CLIENT] Received ACK seq=1500
Timeout, sequence number = 1478
Timeout, sequence number = 1487
Timeout, sequence number = 1502
Timeout, sequence number = 1504
Timeout, sequence number = 1505
Timeout, sequence number = 1508
Timeout, sequence number = 1511
Timeout, sequence number = 1521
Timeout, sequence number = 1556
Timeout, sequence number = 1560
[SR CLIENT] Sent data seq=1600
Timeout, sequence number = 1585
[SR CLIENT] Received ACK seq=1600
Timeout, sequence number = 1589
Timeout, sequence number = 1603
Timeout, sequence number = 1613
Timeout, sequence number = 1614
[SR CLIENT] Sent data seq=1700
[SR CLIENT] Received ACK seq=1700
Timeout, sequence number = 1677
Timeout, sequence number = 1687
Timeout, sequence number = 1696
Timeout, sequence number = 1687
Timeout, sequence number = 1714
Timeout, sequence number = 1735
Timeout, sequence number = 1745
Timeout, sequence number = 1763
Timeout, sequence number = 1768
Timeout, sequence number = 1795
Timeout, sequence number = 1768
[SR CLIENT] Sent data seq=1800
[SR CLIENT] Received ACK seq=1800
Timeout, sequence number = 1864
Timeout, sequence number = 1886
Timeout, sequence number = 1895
[SR CLIENT] Sent data seq=1900
[SR CLIENT] Received ACK seq=1900
Timeout, sequence number = 1898
Timeout, sequence number = 1906
Timeout, sequence number = 1917
Timeout, sequence number = 1935
Timeout, sequence number = 1944
Timeout, sequence number = 1948
Timeout, sequence number = 1965
Timeout, sequence number = 1948
[SR CLIENT] Sent data seq=2000
[SR CLIENT] Received ACK seq=2000
Timeout, sequence number = 1993
Timeout, sequence number = 1997
Timeout, sequence number = 2013
Timeout, sequence number = 2017
Timeout, sequence number = 2043
[SR CLIENT] Sent data seq=2100
[SR CLIENT] Received ACK seq=2100
Timeout, sequence number = 2104
Timeout, sequence number = 2123
Timeout, sequence number = 2143
Timeout, sequence number = 2161
Timeout, sequence number = 2162
[SR CLIENT] Sent data seq=2200
[SR CLIENT] Received ACK seq=2200
Timeout, sequence number = 2189
Timeout, sequence number = 2195
Timeout, sequence number = 2254
Timeout, sequence number = 2285
[SR CLIENT] Sent data seq=2300
[SR CLIENT] Received ACK seq=2300
Timeout, sequence number = 2332
Timeout, sequence number = 2333
Timeout, sequence number = 2350
Timeout, sequence number = 2351
Timeout, sequence number = 2359
Timeout, sequence number = 2360
Timeout, sequence number = 2350
Timeout, sequence number = 2351
Timeout, sequence number = 2374
[SR CLIENT] Sent data seq=2400
[SR CLIENT] Received ACK seq=2400
Timeout, sequence number = 2388
[SR CLIENT] Summary: sent_packets=2401, ack_packets=2401, retransmitted_packets=140, timeout_events=140
Transfer complete. Delay = 29.393769 seconds

=== STDERR ===
