=== STDOUT ===
[SR CLIENT] Starting transfer: server=10.153.27.102:7735, file=demo_input.bin, N=64, MSS=300, total_segments=4001
[SR CLIENT] Sent data seq=0
[SR CLIENT] Sent data seq=1
[SR CLIENT] Sent data seq=2
[SR CLIENT] Sent data seq=3
[SR CLIENT] Sent data seq=4
[SR CLIENT] Received ACK seq=2
[SR CLIENT] Received ACK seq=4
[SR CLIENT] Received ACK seq=3
[SR CLIENT] Received ACK seq=0
[SR CLIENT] Received ACK seq=1
Timeout, sequence number = 34
[SR CLIENT] Sent data seq=100
[SR CLIENT] Received ACK seq=100
Timeout, sequence number = 78
Timeout, sequence number = 117
[SR CLIENT] Sent data seq=200
[SR CLIENT] Received ACK seq=200
Timeout, sequence number = 191
Timeout, sequence number = 223
[SR CLIENT] Sent data seq=300
[SR CLIENT] Received ACK seq=300
Timeout, sequence number = 290
Timeout, sequence number = 299
Timeout, sequence number = 318
Timeout, sequence number = 338
Timeout, sequence number = 299
[SR CLIENT] Sent data seq=400
[SR CLIENT] Received ACK seq=400
Timeout, sequence number = 408
Timeout, sequence number = 410
Timeout, sequence number = 444
Timeout, sequence number = 453
[SR CLIENT] Sent data seq=500
[SR CLIENT] Received ACK seq=500
Timeout, sequence number = 502
Timeout, sequence number = 517
Timeout, sequence number = 539
Timeout, sequence number = 541
Timeout, sequence number = 558
[SR CLIENT] Sent data seq=600
[SR CLIENT] Received ACK seq=600
Timeout, sequence number = 571
Timeout, sequence number = 581
Timeout, sequence number = 586
Timeout, sequence number = 589
Timeout, sequence number = 595
Timeout, sequence number = 610
Timeout, sequence number = 619
Timeout, sequence number = 625
Timeout, sequence number = 643
Timeout, sequence number = 589
[SR CLIENT] Sent data seq=700
Timeout, sequence number = 645
[SR CLIENT] Received ACK seq=700
Timeout, sequence number = 656
Timeout, sequence number = 673
Timeout, sequence number = 679
Timeout, sequence number = 687
Timeout, sequence number = 697
Timeout, sequence number = 708
Timeout, sequence number = 726
Timeout, sequence number = 756
Timeout, sequence number = 775
Timeout, sequence number = 780
Timeout, sequence number = 784
Timeout, sequence number = 785
[SR CLIENT] Sent data seq=800
[SR CLIENT] Received ACK seq=800
[SR CLIENT] Sent data seq=900
[SR CLIENT] Received ACK seq=900
Timeout, sequence number = 847
Timeout, sequence number = 875
Timeout, sequence number = 890
Timeout, sequence number = 847
Timeout, sequence number = 890
Timeout, sequence number = 847
Timeout, sequence number = 911
Timeout, sequence number = 963
Timeout, sequence number = 966
Timeout, sequence number = 973
[SR CLIENT] Sent data seq=1000
[SR CLIENT] Received ACK seq=1000
Timeout, sequence number = 998
Timeout, sequence number = 1030
[SR CLIENT] Sent data seq=1100
[SR CLIENT] Received ACK seq=1100
Timeout, sequence number = 1072
Timeout, sequence number = 1098
Timeout, sequence number = 1116
Timeout, sequence number = 1130
Timeout, sequence number = 1132
Timeout, sequence number = 1135
[SR CLIENT] Sent data seq=1200
[SR CLIENT] Received ACK seq=1200
Timeout, sequence number = 1142
Timeout, sequence number = 1144
Timeout, sequence number = 1157
Timeout, sequence number = 1168
Timeout, sequence number = 1173
Timeout, sequence number = 1179
Timeout, sequence number = 1180
Timeout, sequence number = 1212
Timeout, sequence number = 1229
Timeout, sequence number = 1231
[SR CLIENT] Sent data seq=1300
[SR CLIENT] Received ACK seq=1300
Timeout, sequence number = 1243
Timeout, sequence number = 1249
Timeout, sequence number = 1259
Timeout, sequence number = 1270
Timeout, sequence number = 1288
Timeout, sequence number = 1310
Timeout, sequence number = 1321
[SR CLIENT] Sent data seq=1400
[SR CLIENT] Received ACK seq=1400
Timeout, sequence number = 1353
Timeout, sequence number = 1390
Timeout, sequence number = 1391
Timeout, sequence number = 1394
Timeout, sequence number = 1404
[SR CLIENT] Sent data seq=1500
[SR CLIENT] Received ACK seq=1500
Timeout, sequence number = 1442
Timeout, sequence number = 1476
Timeout, sequence number = 1478
Timeout, sequence number = 1479
Timeout, sequence number = 1481
Timeout, sequence number = 1497
Timeout, sequence number = 1515
[SR CLIENT] Sent data seq=1600
[SR CLIENT] Received ACK seq=1600
Timeout, sequence number = 1601
Timeout, sequence number = 1605
Timeout, sequence number = 1629
Timeout, sequence number = 1648
[SR CLIENT] Sent data seq=1700
Timeout, sequence number = 1664
[SR CLIENT] Received ACK seq=1700
Timeout, sequence number = 1686
Timeout, sequence number = 1697
Timeout, sequence number = 1708
[SR CLIENT] Sent data seq=1800
[SR CLIENT] Received ACK seq=1800
Timeout, sequence number = 1755
Timeout, sequence number = 1769
Timeout, sequence number = 1831
Timeout, sequence number = 1889
[SR CLIENT] Sent data seq=1900
[SR CLIENT] Received ACK seq=1900
Timeout, sequence number = 1926
Timeout, sequence number = 1927
Timeout, sequence number = 1954
Timeout, sequence number = 1955
Timeout, sequence number = 1983
[SR CLIENT] Sent data seq=2000
[SR CLIENT] Received ACK seq=2000
Timeout, sequence number = 1996
Timeout, sequence number = 2003
Timeout, sequence number = 2037
Timeout, sequence number = 2044
Timeout, sequence number = 2052
[SR CLIENT] Sent data seq=2100
[SR CLIENT] Received ACK seq=2100
Timeout, sequence number = 2068
Timeout, sequence number = 2107
Timeout, sequence number = 2110
Timeout, sequence number = 2111
[SR CLIENT] Sent data seq=2200
Timeout, sequence number = 2200
Timeout, sequence number = 2211
[SR CLIENT] Received ACK seq=2200
[SR CLIENT] Sent data seq=2300
Timeout, sequence number = 2262
[SR CLIENT] Received ACK seq=2300
Timeout, sequence number = 2264
Timeout, sequence number = 2267
Timeout, sequence number = 2285
Timeout, sequence number = 2305
Timeout, sequence number = 2309
Timeout, sequence number = 2323
Timeout, sequence number = 2333
Timeout, sequence number = 2352
Timeout, sequence number = 2375
[SR CLIENT] Sent data seq=2400
[SR CLIENT] Received ACK seq=2400
Timeout, sequence number = 2398
Timeout, sequence number = 2427
Timeout, sequence number = 2448
Timeout, sequence number = 2456
[SR CLIENT] Sent data seq=2500
[SR CLIENT] Received ACK seq=2500
Timeout, sequence number = 2474
Timeout, sequence number = 2480
Timeout, sequence number = 2488
Timeout, sequence number = 2515
Timeout, sequence number = 2522
[SR CLIENT] Sent data seq=2600
[SR CLIENT] Received ACK seq=2600
Timeout, sequence number = 2610
Timeout, sequence number = 2635
Timeout, sequence number = 2640
Timeout, sequence number = 2665
Timeout, sequence number = 2666
[SR CLIENT] Sent data seq=2700
[SR CLIENT] Received ACK seq=2700
Timeout, sequence number = 2718
Timeout, sequence number = 2761
Timeout, sequence number = 2768
[SR CLIENT] Sent data seq=2800
[SR CLIENT] Received ACK seq=2800
Timeout, sequence number = 2791
[SR CLIENT] Sent data seq=2900
Timeout, sequence number = 2838
[SR CLIENT] Received ACK seq=2900
Timeout, sequence number = 2870
Timeout, sequence number = 2882
Timeout, sequence number = 2890
Timeout, sequence number = 2917
Timeout, sequence number = 2917
Timeout, sequence number = 2959
Timeout, sequence number = 2980
[SR CLIENT] Sent data seq=3000
[SR CLIENT] Received ACK seq=3000
Timeout, sequence number = 3007
Timeout, sequence number = 3043
[SR CLIENT] Sent data seq=3100
[SR CLIENT] Received ACK seq=3100
Timeout, sequence number = 3073
Timeout, sequence number = 3086
Timeout, sequence number = 3109
Timeout, sequence number = 3113
Timeout, sequence number = 3126
Timeout, sequence number = 3129
[SR CLIENT] Sent data seq=3200
[SR CLIENT] Received ACK seq=3200
Timeout, sequence number = 3141
Timeout, sequence number = 3145
Timeout, sequence number = 3177
Timeout, sequence number = 3180
Timeout, sequence number = 3141
[SR CLIENT] Sent data seq=3300
[SR CLIENT] Received ACK seq=3300
Timeout, sequence number = 3237
Timeout, sequence number = 3273
Timeout, sequence number = 3302
Timeout, sequence number = 3320
Timeout, sequence number = 3273
[SR CLIENT] Sent data seq=3400
[SR CLIENT] Received ACK seq=3400
Timeout, sequence number = 3390
Timeout, sequence number = 3393
Timeout, sequence number = 3427
Timeout, sequence number = 3436
Timeout, sequence number = 3442
Timeout, sequence number = 3453
Timeout, sequence number = 3390
[SR CLIENT] Sent data seq=3500
[SR CLIENT] Received ACK seq=3500
Timeout, sequence number = 3461
Timeout, sequence number = 3483
Timeout, sequence number = 3492
Timeout, sequence number = 3511
[SR CLIENT] Sent data seq=3600
[SR CLIENT] Received ACK seq=3600
Timeout, sequence number = 3538
Timeout, sequence number = 3570
Timeout, sequence number = 3577
Timeout, sequence number = 3599
[SR CLIENT] Sent data seq=3700
[SR CLIENT] Received ACK seq=3700
Timeout, sequence number = 3637
Timeout, sequence number = 3676
Timeout, sequence number = 3676
Timeout, sequence number = 3701
[SR CLIENT] Sent data seq=3800
[SR CLIENT] Received ACK seq=3800
Timeout, sequence number = 3746
Timeout, sequence number = 3754
Timeout, sequence number = 3778
Timeout, sequence number = 3821
Timeout, sequence number = 3858
Timeout, sequence number = 3862
[SR CLIENT] Sent data seq=3900
[SR CLIENT] Received ACK seq=3900
Timeout, sequence number = 3928
Timeout, sequence number = 3935
[SR CLIENT] Sent data seq=4000
Timeout, sequence number = 3980
[SR CLIENT] Received ACK seq=4000
[SR CLIENT] Summary: sent_packets=4001, ack_packets=4001, retransmitted_packets=199, timeout_events=199
Transfer complete. Delay = 31.294225 seconds

=== STDERR ===
