=== STDOUT ===
[SR CLIENT] Starting transfer: server=10.153.27.102:7735, file=demo_input.bin, N=64, MSS=100, total_segments=12001
[SR CLIENT] Sent data seq=0
[SR CLIENT] Sent data seq=1
[SR CLIENT] Sent data seq=2
[SR CLIENT] Sent data seq=3
[SR CLIENT] Sent data seq=4
[SR CLIENT] Received ACK seq=0
[SR CLIENT] Received ACK seq=1
[SR CLIENT] Received ACK seq=2
[SR CLIENT] Received ACK seq=3
[SR CLIENT] Received ACK seq=4
Timeout, sequence number = 16
Timeout, sequence number = 24
Timeout, sequence number = 31
Timeout, sequence number = 49
Timeout, sequence number = 68
Timeout, sequence number = 72
Timeout, sequence number = 74
[SR CLIENT] Sent data seq=100
[SR CLIENT] Received ACK seq=100
Timeout, sequence number = 49
Timeout, sequence number = 124
Timeout, sequence number = 128
Timeout, sequence number = 146
Timeout, sequence number = 148
Timeout, sequence number = 174
Timeout, sequence number = 184
[SR CLIENT] Sent data seq=200
[SR CLIENT] Received ACK seq=200
Timeout, sequence number = 192
Timeout, sequence number = 202
Timeout, sequence number = 204
Timeout, sequence number = 213
Timeout, sequence number = 227
Timeout, sequence number = 228
Timeout, sequence number = 242
Timeout, sequence number = 250
Timeout, sequence number = 253
[SR CLIENT] Sent data seq=300
[SR CLIENT] Received ACK seq=300
Timeout, sequence number = 259
Timeout, sequence number = 275
Timeout, sequence number = 307
Timeout, sequence number = 308
Timeout, sequence number = 319
Timeout, sequence number = 259
[SR CLIENT] Sent data seq=400
[SR CLIENT] Received ACK seq=400
Timeout, sequence number = 357
Timeout, sequence number = 359
Timeout, sequence number = 371
Timeout, sequence number = 389
Timeout, sequence number = 421
Timeout, sequence number = 428
Timeout, sequence number = 429
[SR CLIENT] Sent data seq=500
[SR CLIENT] Received ACK seq=500
Timeout, sequence number = 484
Timeout, sequence number = 507
Timeout, sequence number = 531
Timeout, sequence number = 543
[SR CLIENT] Sent data seq=600
[SR CLIENT] Received ACK seq=600
Timeout, sequence number = 593
Timeout, sequence number = 602
[SR CLIENT] Sent data seq=700
[SR CLIENT] Received ACK seq=700
Timeout, sequence number = 659
Timeout, sequence number = 665
Timeout, sequence number = 672
Timeout, sequence number = 694
Timeout, sequence number = 710
Timeout, sequence number = 713
Timeout, sequence number = 659
[SR CLIENT] Sent data seq=800
[SR CLIENT] Received ACK seq=800
Timeout, sequence number = 745
Timeout, sequence number = 779
Timeout, sequence number = 780
Timeout, sequence number = 804
Timeout, sequence number = 807
Timeout, sequence number = 810
Timeout, sequence number = 818
Timeout, sequence number = 845
Timeout, sequence number = 859
Timeout, sequence number = 870
Timeout, sequence number = 872
[SR CLIENT] Sent data seq=900
[SR CLIENT] Received ACK seq=900
Timeout, sequence number = 859
Timeout, sequence number = 876
Timeout, sequence number = 885
Timeout, sequence number = 917
Timeout, sequence number = 917
Timeout, sequence number = 926
Timeout, sequence number = 938
Timeout, sequence number = 926
[SR CLIENT] Sent data seq=1000
[SR CLIENT] Received ACK seq=1000
Timeout, sequence number = 1008
Timeout, sequence number = 1026
Timeout, sequence number = 1052
Timeout, sequence number = 1068
[SR CLIENT] Sent data seq=1100
[SR CLIENT] Received ACK seq=1100
Timeout, sequence number = 1079
Timeout, sequence number = 1129
[SR CLIENT] Sent data seq=1200
[SR CLIENT] Received ACK seq=1200
Timeout, sequence number = 1137
Timeout, sequence number = 1138
Timeout, sequence number = 1141
Timeout, sequence number = 1146
Timeout, sequence number = 1176
Timeout, sequence number = 1197
Timeout, sequence number = 1197
Timeout, sequence number = 1219
Timeout, sequence number = 1225
Timeout, sequence number = 1235
Timeout, sequence number = 1240
[SR CLIENT] Sent data seq=1300
Timeout, sequence number = 1252
[SR CLIENT] Received ACK seq=1300
Timeout, sequence number = 1305
Timeout, sequence number = 1333
Timeout, sequence number = 1337
Timeout, sequence number = 1355
[SR CLIENT] Sent data seq=1400
[SR CLIENT] Received ACK seq=1400
Timeout, sequence number = 1374
Timeout, sequence number = 1411
Timeout, sequence number = 1413
Timeout, sequence number = 1426
[SR CLIENT] Sent data seq=1500
[SR CLIENT] Received ACK seq=1500
Timeout, sequence number = 1448
Timeout, sequence number = 1461
Timeout, sequence number = 1502
Timeout, sequence number = 1525
Timeout, sequence number = 1555
[SR CLIENT] Sent data seq=1600
[SR CLIENT] Received ACK seq=1600
Timeout, sequence number = 1615
Timeout, sequence number = 1617
Timeout, sequence number = 1647
Timeout, sequence number = 1658
[SR CLIENT] Sent data seq=1700
[SR CLIENT] Received ACK seq=1700
Timeout, sequence number = 1722
Timeout, sequence number = 1742
[SR CLIENT] Sent data seq=1800
Timeout, sequence number = 1760
[SR CLIENT] Received ACK seq=1800
Timeout, sequence number = 1834
Timeout, sequence number = 1842
Timeout, sequence number = 1860
Timeout, sequence number = 1896
[SR CLIENT] Sent data seq=1900
[SR CLIENT] Received ACK seq=1900
Timeout, sequence number = 1906
[SR CLIENT] Sent data seq=2000
[SR CLIENT] Received ACK seq=2000
Timeout, sequence number = 1990
Timeout, sequence number = 2019
Timeout, sequence number = 2025
Timeout, sequence number = 2034
[SR CLIENT] Sent data seq=2100
[SR CLIENT] Received ACK seq=2100
Timeout, sequence number = 2067
Timeout, sequence number = 2070
Timeout, sequence number = 2075
Timeout, sequence number = 2086
[SR CLIENT] Sent data seq=2200
[SR CLIENT] Received ACK seq=2200
Timeout, sequence number = 2163
Timeout, sequence number = 2192
Timeout, sequence number = 2221
[SR CLIENT] Sent data seq=2300
[SR CLIENT] Received ACK seq=2300
Timeout, sequence number = 2287
Timeout, sequence number = 2307
Timeout, sequence number = 2309
Timeout, sequence number = 2318
Timeout, sequence number = 2319
[SR CLIENT] Sent data seq=2400
[SR CLIENT] Received ACK seq=2400
Timeout, sequence number = 2353
Timeout, sequence number = 2363
Timeout, sequence number = 2373
Timeout, sequence number = 2381
Timeout, sequence number = 2382
Timeout, sequence number = 2383
Timeout, sequence number = 2384
Timeout, sequence number = 2385
Timeout, sequence number = 2386
Timeout, sequence number = 2387
Timeout, sequence number = 2388
Timeout, sequence number = 2389
Timeout, sequence number = 2390
Timeout, sequence number = 2389
Timeout, sequence number = 2438
Timeout, sequence number = 2439
Timeout, sequence number = 2440
[SR CLIENT] Sent data seq=2500
[SR CLIENT] Received ACK seq=2500
Timeout, sequence number = 2460
Timeout, sequence number = 2464
Timeout, sequence number = 2468
Timeout, sequence number = 2486
Timeout, sequence number = 2504
Timeout, sequence number = 2516
Timeout, sequence number = 2520
[SR CLIENT] Sent data seq=2600
[SR CLIENT] Received ACK seq=2600
Timeout, sequence number = 2609
Timeout, sequence number = 2640
[SR CLIENT] Sent data seq=2700
[SR CLIENT] Received ACK seq=2700
Timeout, sequence number = 2685
Timeout, sequence number = 2701
Timeout, sequence number = 2742
[SR CLIENT] Sent data seq=2800
[SR CLIENT] Received ACK seq=2800
Timeout, sequence number = 2780
Timeout, sequence number = 2781
Timeout, sequence number = 2814
Timeout, sequence number = 2827
Timeout, sequence number = 2831
Timeout, sequence number = 2836
[SR CLIENT] Sent data seq=2900
[SR CLIENT] Received ACK seq=2900
Timeout, sequence number = 2861
Timeout, sequence number = 2871
Timeout, sequence number = 2909
Timeout, sequence number = 2918
[SR CLIENT] Sent data seq=3000
[SR CLIENT] Received ACK seq=3000
Timeout, sequence number = 2956
Timeout, sequence number = 2958
Timeout, sequence number = 2987
Timeout, sequence number = 2990
Timeout, sequence number = 3005
Timeout, sequence number = 3029
[SR CLIENT] Sent data seq=3100
Timeout, sequence number = 3055
Timeout, sequence number = 3060
[SR CLIENT] Received ACK seq=3100
Timeout, sequence number = 3055
Timeout, sequence number = 3113
Timeout, sequence number = 3116
Timeout, sequence number = 3125
Timeout, sequence number = 3145
Timeout, sequence number = 3151
Timeout, sequence number = 3153
Timeout, sequence number = 3171
Timeout, sequence number = 3178
[SR CLIENT] Sent data seq=3200
[SR CLIENT] Received ACK seq=3200
Timeout, sequence number = 3186
Timeout, sequence number = 3196
Timeout, sequence number = 3202
[SR CLIENT] Sent data seq=3300
[SR CLIENT] Received ACK seq=3300
Timeout, sequence number = 3250
Timeout, sequence number = 3259
Timeout, sequence number = 3287
[SR CLIENT] Sent data seq=3400
Timeout, sequence number = 3337
Timeout, sequence number = 3346
[SR CLIENT] Received ACK seq=3400
Timeout, sequence number = 3360
Timeout, sequence number = 3405
Timeout, sequence number = 3411
Timeout, sequence number = 3432
Timeout, sequence number = 3453
Timeout, sequence number = 3455
Timeout, sequence number = 3457
[SR CLIENT] Sent data seq=3500
Timeout, sequence number = 3469
Timeout, sequence number = 3489
[SR CLIENT] Received ACK seq=3500
Timeout, sequence number = 3511
Timeout, sequence number = 3529
Timeout, sequence number = 3531
Timeout, sequence number = 3533
Timeout, sequence number = 3550
Timeout, sequence number = 3554
Timeout, sequence number = 3561
Timeout, sequence number = 3529
Timeout, sequence number = 3533
[SR CLIENT] Sent data seq=3600
[SR CLIENT] Received ACK seq=3600
Timeout, sequence number = 3594
Timeout, sequence number = 3598
Timeout, sequence number = 3606
Timeout, sequence number = 3643
Timeout, sequence number = 3594
[SR CLIENT] Sent data seq=3700
[SR CLIENT] Received ACK seq=3700
Timeout, sequence number = 3660
Timeout, sequence number = 3666
Timeout, sequence number = 3690
Timeout, sequence number = 3718
Timeout, sequence number = 3660
[SR CLIENT] Sent data seq=3800
[SR CLIENT] Received ACK seq=3800
Timeout, sequence number = 3737
Timeout, sequence number = 3752
Timeout, sequence number = 3762
Timeout, sequence number = 3766
Timeout, sequence number = 3767
Timeout, sequence number = 3770
Timeout, sequence number = 3786
Timeout, sequence number = 3789
Timeout, sequence number = 3790
Timeout, sequence number = 3804
Timeout, sequence number = 3822
[SR CLIENT] Sent data seq=3900
[SR CLIENT] Received ACK seq=3900
Timeout, sequence number = 3874
Timeout, sequence number = 3888
[SR CLIENT] Sent data seq=4000
[SR CLIENT] Received ACK seq=4000
Timeout, sequence number = 3958
Timeout, sequence number = 3991
Timeout, sequence number = 3994
Timeout, sequence number = 4025
Timeout, sequence number = 4036
Timeout, sequence number = 4051
Timeout, sequence number = 4081
Timeout, sequence number = 4083
[SR CLIENT] Sent data seq=4100
[SR CLIENT] Received ACK seq=4100
Timeout, sequence number = 4081
Timeout, sequence number = 4093
Timeout, sequence number = 4094
Timeout, sequence number = 4116
Timeout, sequence number = 4121
[SR CLIENT] Sent data seq=4200
[SR CLIENT] Received ACK seq=4200
Timeout, sequence number = 4149
Timeout, sequence number = 4157
Timeout, sequence number = 4159
Timeout, sequence number = 4175
Timeout, sequence number = 4181
Timeout, sequence number = 4187
Timeout, sequence number = 4211
Timeout, sequence number = 4223
Timeout, sequence number = 4240
Timeout, sequence number = 4248
Timeout, sequence number = 4276
[SR CLIENT] Sent data seq=4300
[SR CLIENT] Received ACK seq=4300
Timeout, sequence number = 4315
Timeout, sequence number = 4360
[SR CLIENT] Sent data seq=4400
[SR CLIENT] Received ACK seq=4400
Timeout, sequence number = 4384
[SR CLIENT] Sent data seq=4500
[SR CLIENT] Received ACK seq=4500
Timeout, sequence number = 4497
Timeout, sequence number = 4525
Timeout, sequence number = 4546
Timeout, sequence number = 4553
[SR CLIENT] Sent data seq=4600
[SR CLIENT] Received ACK seq=4600
Timeout, sequence number = 4578
Timeout, sequence number = 4595
Timeout, sequence number = 4612
Timeout, sequence number = 4626
[SR CLIENT] Sent data seq=4700
[SR CLIENT] Received ACK seq=4700
Timeout, sequence number = 4718
Timeout, sequence number = 4735
Timeout, sequence number = 4748
Timeout, sequence number = 4768
Timeout, sequence number = 4769
[SR CLIENT] Sent data seq=4800
[SR CLIENT] Received ACK seq=4800
Timeout, sequence number = 4787
Timeout, sequence number = 4817
Timeout, sequence number = 4826
Timeout, sequence number = 4844
[SR CLIENT] Sent data seq=4900
[SR CLIENT] Received ACK seq=4900
Timeout, sequence number = 4891
Timeout, sequence number = 4908
Timeout, sequence number = 4911
Timeout, sequence number = 4937
Timeout, sequence number = 4941
[SR CLIENT] Sent data seq=5000
[SR CLIENT] Received ACK seq=5000
Timeout, sequence number = 4967
Timeout, sequence number = 4968
Timeout, sequence number = 4970
Timeout, sequence number = 5027
Timeout, sequence number = 5032
Timeout, sequence number = 5042
Timeout, sequence number = 5049
Timeout, sequence number = 5085
Timeout, sequence number = 5087
[SR CLIENT] Sent data seq=5100
[SR CLIENT] Received ACK seq=5100
Timeout, sequence number = 5136
Timeout, sequence number = 5140
Timeout, sequence number = 5148
Timeout, sequence number = 5186
[SR CLIENT] Sent data seq=5200
[SR CLIENT] Received ACK seq=5200
Timeout, sequence number = 5205
Timeout, sequence number = 5206
Timeout, sequence number = 5208
[SR CLIENT] Sent data seq=5300
[SR CLIENT] Received ACK seq=5300
Timeout, sequence number = 5270
Timeout, sequence number = 5274
Timeout, sequence number = 5280
Timeout, sequence number = 5286
Timeout, sequence number = 5299
Timeout, sequence number = 5301
Timeout, sequence number = 5334
[SR CLIENT] Sent data seq=5400
[SR CLIENT] Received ACK seq=5400
[SR CLIENT] Sent data seq=5500
[SR CLIENT] Received ACK seq=5500
Timeout, sequence number = 5438
Timeout, sequence number = 5453
Timeout, sequence number = 5456
Timeout, sequence number = 5465
Timeout, sequence number = 5475
Timeout, sequence number = 5476
Timeout, sequence number = 5491
Timeout, sequence number = 5501
Timeout, sequence number = 5511
Timeout, sequence number = 5475
Timeout, sequence number = 5519
Timeout, sequence number = 5526
[SR CLIENT] Sent data seq=5600
[SR CLIENT] Received ACK seq=5600
Timeout, sequence number = 5558
Timeout, sequence number = 5566
Timeout, sequence number = 5584
Timeout, sequence number = 5603
Timeout, sequence number = 5614
Timeout, sequence number = 5566
[SR CLIENT] Sent data seq=5700
[SR CLIENT] Received ACK seq=5700
Timeout, sequence number = 5640
Timeout, sequence number = 5654
Timeout, sequence number = 5683
Timeout, sequence number = 5723
Timeout, sequence number = 5734
Timeout, sequence number = 5772
Timeout, sequence number = 5781
[SR CLIENT] Sent data seq=5800
[SR CLIENT] Received ACK seq=5800
Timeout, sequence number = 5790
Timeout, sequence number = 5798
Timeout, sequence number = 5803
Timeout, sequence number = 5809
Timeout, sequence number = 5842
Timeout, sequence number = 5851
[SR CLIENT] Sent data seq=5900
[SR CLIENT] Received ACK seq=5900
Timeout, sequence number = 5856
Timeout, sequence number = 5857
Timeout, sequence number = 5859
Timeout, sequence number = 5925
[SR CLIENT] Sent data seq=6000
[SR CLIENT] Received ACK seq=6000
Timeout, sequence number = 6008
Timeout, sequence number = 6038
Timeout, sequence number = 6047
[SR CLIENT] Sent data seq=6100
[SR CLIENT] Received ACK seq=6100
Timeout, sequence number = 6114
Timeout, sequence number = 6127
Timeout, sequence number = 6128
Timeout, sequence number = 6133
Timeout, sequence number = 6136
Timeout, sequence number = 6168
Timeout, sequence number = 6171
[SR CLIENT] Sent data seq=6200
[SR CLIENT] Received ACK seq=6200
Timeout, sequence number = 6214
Timeout, sequence number = 6226
Timeout, sequence number = 6227
[SR CLIENT] Sent data seq=6300
[SR CLIENT] Received ACK seq=6300
Timeout, sequence number = 6242
Timeout, sequence number = 6257
Timeout, sequence number = 6260
Timeout, sequence number = 6310
Timeout, sequence number = 6311
Timeout, sequence number = 6323
Timeout, sequence number = 6341
Timeout, sequence number = 6352
[SR CLIENT] Sent data seq=6400
Timeout, sequence number = 6400
[SR CLIENT] Received ACK seq=6400
Timeout, sequence number = 6460
[SR CLIENT] Sent data seq=6500
[SR CLIENT] Received ACK seq=6500
Timeout, sequence number = 6491
Timeout, sequence number = 6530
Timeout, sequence number = 6535
Timeout, sequence number = 6548
Timeout, sequence number = 6535
[SR CLIENT] Sent data seq=6600
Timeout, sequence number = 6567
Timeout, sequence number = 6575
Timeout, sequence number = 6579
Timeout, sequence number = 6580
[SR CLIENT] Received ACK seq=6600
Timeout, sequence number = 6618
[SR CLIENT] Sent data seq=6700
[SR CLIENT] Received ACK seq=6700
Timeout, sequence number = 6685
Timeout, sequence number = 6695
[SR CLIENT] Sent data seq=6800
[SR CLIENT] Received ACK seq=6800
Timeout, sequence number = 6773
Timeout, sequence number = 6810
Timeout, sequence number = 6820
[SR CLIENT] Sent data seq=6900
[SR CLIENT] Received ACK seq=6900
Timeout, sequence number = 6844
Timeout, sequence number = 6882
Timeout, sequence number = 6890
Timeout, sequence number = 6935
Timeout, sequence number = 6945
Timeout, sequence number = 6962
Timeout, sequence number = 6975
[SR CLIENT] Sent data seq=7000
[SR CLIENT] Received ACK seq=7000
Timeout, sequence number = 6962
Timeout, sequence number = 7027
Timeout, sequence number = 7040
Timeout, sequence number = 7079
[SR CLIENT] Sent data seq=7100
[SR CLIENT] Received ACK seq=7100
Timeout, sequence number = 7092
Timeout, sequence number = 7095
Timeout, sequence number = 7123
Timeout, sequence number = 7131
Timeout, sequence number = 7155
Timeout, sequence number = 7123
Timeout, sequence number = 7170
Timeout, sequence number = 7183
[SR CLIENT] Sent data seq=7200
[SR CLIENT] Received ACK seq=7200
Timeout, sequence number = 7212
Timeout, sequence number = 7259
[SR CLIENT] Sent data seq=7300
[SR CLIENT] Received ACK seq=7300
Timeout, sequence number = 7304
[SR CLIENT] Sent data seq=7400
[SR CLIENT] Received ACK seq=7400
Timeout, sequence number = 7375
Timeout, sequence number = 7379
Timeout, sequence number = 7426
[SR CLIENT] Sent data seq=7500
[SR CLIENT] Received ACK seq=7500
Timeout, sequence number = 7450
Timeout, sequence number = 7454
Timeout, sequence number = 7464
Timeout, sequence number = 7490
Timeout, sequence number = 7529
Timeout, sequence number = 7539
Timeout, sequence number = 7551
[SR CLIENT] Sent data seq=7600
Timeout, sequence number = 7586
[SR CLIENT] Received ACK seq=7600
Timeout, sequence number = 7599
[SR CLIENT] Sent data seq=7700
[SR CLIENT] Received ACK seq=7700
Timeout, sequence number = 7683
Timeout, sequence number = 7686
Timeout, sequence number = 7732
Timeout, sequence number = 7736
[SR CLIENT] Sent data seq=7800
[SR CLIENT] Received ACK seq=7800
Timeout, sequence number = 7765
Timeout, sequence number = 7776
Timeout, sequence number = 7786
Timeout, sequence number = 7790
Timeout, sequence number = 7791
Timeout, sequence number = 7832
Timeout, sequence number = 7860
Timeout, sequence number = 7874
Timeout, sequence number = 7878
Timeout, sequence number = 7890
[SR CLIENT] Sent data seq=7900
[SR CLIENT] Received ACK seq=7900
[SR CLIENT] Sent data seq=8000
[SR CLIENT] Received ACK seq=8000
Timeout, sequence number = 7959
Timeout, sequence number = 7968
Timeout, sequence number = 7973
Timeout, sequence number = 8013
Timeout, sequence number = 8020
[SR CLIENT] Sent data seq=8100
[SR CLIENT] Received ACK seq=8100
Timeout, sequence number = 8096
Timeout, sequence number = 8111
Timeout, sequence number = 8116
Timeout, sequence number = 8140
[SR CLIENT] Sent data seq=8200
[SR CLIENT] Received ACK seq=8200
Timeout, sequence number = 8182
Timeout, sequence number = 8204
Timeout, sequence number = 8205
Timeout, sequence number = 8215
[SR CLIENT] Sent data seq=8300
[SR CLIENT] Received ACK seq=8300
Timeout, sequence number = 8256
Timeout, sequence number = 8267
Timeout, sequence number = 8287
Timeout, sequence number = 8292
Timeout, sequence number = 8335
Timeout, sequence number = 8353
Timeout, sequence number = 8391
Timeout, sequence number = 8396
[SR CLIENT] Sent data seq=8400
[SR CLIENT] Received ACK seq=8400
Timeout, sequence number = 8430
[SR CLIENT] Sent data seq=8500
[SR CLIENT] Received ACK seq=8500
Timeout, sequence number = 8520
Timeout, sequence number = 8550
Timeout, sequence number = 8552
Timeout, sequence number = 8560
[SR CLIENT] Sent data seq=8600
[SR CLIENT] Received ACK seq=8600
Timeout, sequence number = 8585
Timeout, sequence number = 8615
Timeout, sequence number = 8643
[SR CLIENT] Sent data seq=8700
[SR CLIENT] Received ACK seq=8700
Timeout, sequence number = 8661
Timeout, sequence number = 8666
Timeout, sequence number = 8681
Timeout, sequence number = 8682
Timeout, sequence number = 8688
Timeout, sequence number = 8696
Timeout, sequence number = 8715
Timeout, sequence number = 8722
Timeout, sequence number = 8696
Timeout, sequence number = 8729
Timeout, sequence number = 8735
[SR CLIENT] Sent data seq=8800
[SR CLIENT] Received ACK seq=8800
Timeout, sequence number = 8774
Timeout, sequence number = 8798
Timeout, sequence number = 8807
Timeout, sequence number = 8813
Timeout, sequence number = 8835
Timeout, sequence number = 8774
[SR CLIENT] Sent data seq=8900
[SR CLIENT] Received ACK seq=8900
Timeout, sequence number = 8838
Timeout, sequence number = 8887
Timeout, sequence number = 8888
Timeout, sequence number = 8910
Timeout, sequence number = 8918
Timeout, sequence number = 8931
Timeout, sequence number = 8944
Timeout, sequence number = 8962
Timeout, sequence number = 8972
[SR CLIENT] Sent data seq=9000
[SR CLIENT] Received ACK seq=9000
Timeout, sequence number = 9010
Timeout, sequence number = 9013
Timeout, sequence number = 9042
Timeout, sequence number = 9043
Timeout, sequence number = 9062
[SR CLIENT] Sent data seq=9100
[SR CLIENT] Received ACK seq=9100
[SR CLIENT] Sent data seq=9200
[SR CLIENT] Received ACK seq=9200
Timeout, sequence number = 9174
Timeout, sequence number = 9185
[SR CLIENT] Sent data seq=9300
[SR CLIENT] Received ACK seq=9300
Timeout, sequence number = 9239
Timeout, sequence number = 9241
Timeout, sequence number = 9246
Timeout, sequence number = 9253
Timeout, sequence number = 9261
Timeout, sequence number = 9296
Timeout, sequence number = 9253
Timeout, sequence number = 9261
Timeout, sequence number = 9325
Timeout, sequence number = 9364
Timeout, sequence number = 9379
Timeout, sequence number = 9386
[SR CLIENT] Sent data seq=9400
[SR CLIENT] Received ACK seq=9400
Timeout, sequence number = 9402
Timeout, sequence number = 9415
Timeout, sequence number = 9431
Timeout, sequence number = 9432
Timeout, sequence number = 9441
Timeout, sequence number = 9450
[SR CLIENT] Sent data seq=9500
[SR CLIENT] Received ACK seq=9500
Timeout, sequence number = 9473
Timeout, sequence number = 9486
Timeout, sequence number = 9532
Timeout, sequence number = 9533
[SR CLIENT] Sent data seq=9600
[SR CLIENT] Received ACK seq=9600
Timeout, sequence number = 9551
Timeout, sequence number = 9597
Timeout, sequence number = 9623
Timeout, sequence number = 9629
Timeout, sequence number = 9636
Timeout, sequence number = 9651
Timeout, sequence number = 9659
Timeout, sequence number = 9684
[SR CLIENT] Sent data seq=9700
[SR CLIENT] Received ACK seq=9700
Timeout, sequence number = 9690
Timeout, sequence number = 9694
Timeout, sequence number = 9726
Timeout, sequence number = 9734
[SR CLIENT] Sent data seq=9800
[SR CLIENT] Received ACK seq=9800
Timeout, sequence number = 9757
Timeout, sequence number = 9766
Timeout, sequence number = 9797
Timeout, sequence number = 9799
Timeout, sequence number = 9814
Timeout, sequence number = 9815
[SR CLIENT] Sent data seq=9900
[SR CLIENT] Received ACK seq=9900
Timeout, sequence number = 9838
Timeout, sequence number = 9864
Timeout, sequence number = 9894
Timeout, sequence number = 9864
Timeout, sequence number = 9906
[SR CLIENT] Sent data seq=10000
[SR CLIENT] Received ACK seq=10000
Timeout, sequence number = 10036
Timeout, sequence number = 10045
[SR CLIENT] Sent data seq=10100
Timeout, sequence number = 10059
Timeout, sequence number = 10062
Timeout, sequence number = 10073
[SR CLIENT] Received ACK seq=10100
Timeout, sequence number = 10113
[SR CLIENT] Sent data seq=10200
Timeout, sequence number = 10150
Timeout, sequence number = 10164
[SR CLIENT] Received ACK seq=10200
Timeout, sequence number = 10218
Timeout, sequence number = 10222
Timeout, sequence number = 10229
Timeout, sequence number = 10251
[SR CLIENT] Sent data seq=10300
[SR CLIENT] Received ACK seq=10300
Timeout, sequence number = 10292
Timeout, sequence number = 10301
Timeout, sequence number = 10309
Timeout, sequence number = 10315
Timeout, sequence number = 10339
Timeout, sequence number = 10341
[SR CLIENT] Sent data seq=10400
[SR CLIENT] Received ACK seq=10400
Timeout, sequence number = 10361
Timeout, sequence number = 10362
Timeout, sequence number = 10363
Timeout, sequence number = 10367
Timeout, sequence number = 10368
Timeout, sequence number = 10369
Timeout, sequence number = 10389
Timeout, sequence number = 10399
[SR CLIENT] Sent data seq=10500
[SR CLIENT] Received ACK seq=10500
Timeout, sequence number = 10450
Timeout, sequence number = 10456
Timeout, sequence number = 10460
Timeout, sequence number = 10463
Timeout, sequence number = 10464
Timeout, sequence number = 10502
[SR CLIENT] Sent data seq=10600
[SR CLIENT] Received ACK seq=10600
Timeout, sequence number = 10581
Timeout, sequence number = 10602
Timeout, sequence number = 10605
Timeout, sequence number = 10625
Timeout, sequence number = 10630
[SR CLIENT] Sent data seq=10700
[SR CLIENT] Received ACK seq=10700
Timeout, sequence number = 10655
Timeout, sequence number = 10661
Timeout, sequence number = 10675
Timeout, sequence number = 10688
Timeout, sequence number = 10655
Timeout, sequence number = 10725
Timeout, sequence number = 10731
Timeout, sequence number = 10733
Timeout, sequence number = 10752
Timeout, sequence number = 10731
[SR CLIENT] Sent data seq=10800
Timeout, sequence number = 10800
[SR CLIENT] Received ACK seq=10800
[SR CLIENT] Sent data seq=10900
[SR CLIENT] Received ACK seq=10900
Timeout, sequence number = 10904
Timeout, sequence number = 10911
Timeout, sequence number = 10922
Timeout, sequence number = 10955
Timeout, sequence number = 10958
Timeout, sequence number = 10961
[SR CLIENT] Sent data seq=11000
[SR CLIENT] Received ACK seq=11000
Timeout, sequence number = 10961
Timeout, sequence number = 10979
Timeout, sequence number = 10989
Timeout, sequence number = 11017
[SR CLIENT] Sent data seq=11100
[SR CLIENT] Received ACK seq=11100
Timeout, sequence number = 11037
Timeout, sequence number = 11045
Timeout, sequence number = 11062
Timeout, sequence number = 11079
Timeout, sequence number = 11092
Timeout, sequence number = 11121
Timeout, sequence number = 11133
Timeout, sequence number = 11134
Timeout, sequence number = 11146
Timeout, sequence number = 11167
Timeout, sequence number = 11180
Timeout, sequence number = 11134
[SR CLIENT] Sent data seq=11200
[SR CLIENT] Received ACK seq=11200
Timeout, sequence number = 11198
Timeout, sequence number = 11223
Timeout, sequence number = 11257
Timeout, sequence number = 11261
[SR CLIENT] Sent data seq=11300
[SR CLIENT] Received ACK seq=11300
Timeout, sequence number = 11265
Timeout, sequence number = 11271
Timeout, sequence number = 11277
Timeout, sequence number = 11284
Timeout, sequence number = 11291
Timeout, sequence number = 11302
Timeout, sequence number = 11309
[SR CLIENT] Sent data seq=11400
[SR CLIENT] Received ACK seq=11400
Timeout, sequence number = 11341
Timeout, sequence number = 11356
Timeout, sequence number = 11383
Timeout, sequence number = 11392
Timeout, sequence number = 11429
Timeout, sequence number = 11430
Timeout, sequence number = 11440
Timeout, sequence number = 11465
Timeout, sequence number = 11469
Timeout, sequence number = 11474
Timeout, sequence number = 11484
Timeout, sequence number = 11429
[SR CLIENT] Sent data seq=11500
[SR CLIENT] Received ACK seq=11500
Timeout, sequence number = 11503
Timeout, sequence number = 11510
Timeout, sequence number = 11535
Timeout, sequence number = 11539
Timeout, sequence number = 11550
Timeout, sequence number = 11552
Timeout, sequence number = 11553
Timeout, sequence number = 11503
[SR CLIENT] Sent data seq=11600
[SR CLIENT] Received ACK seq=11600
Timeout, sequence number = 11576
Timeout, sequence number = 11631
Timeout, sequence number = 11639
[SR CLIENT] Sent data seq=11700
[SR CLIENT] Received ACK seq=11700
Timeout, sequence number = 11659
Timeout, sequence number = 11681
Timeout, sequence number = 11699
[SR CLIENT] Sent data seq=11800
[SR CLIENT] Received ACK seq=11800
Timeout, sequence number = 11772
Timeout, sequence number = 11787
Timeout, sequence number = 11790
Timeout, sequence number = 11803
Timeout, sequence number = 11808
Timeout, sequence number = 11812
Timeout, sequence number = 11817
Timeout, sequence number = 11826
Timeout, sequence number = 11835
[SR CLIENT] Sent data seq=11900
[SR CLIENT] Received ACK seq=11900
Timeout, sequence number = 11852
Timeout, sequence number = 11872
Timeout, sequence number = 11905
Timeout, sequence number = 11934
Timeout, sequence number = 11954
Timeout, sequence number = 11963
[SR CLIENT] Sent data seq=12000
Timeout, sequence number = 11991
[SR CLIENT] Received ACK seq=12000
[SR CLIENT] Summary: sent_packets=12001, ack_packets=12001, retransmitted_packets=655, timeout_events=655
Transfer complete. Delay = 90.532106 seconds

=== STDERR ===
