=== STDOUT ===
[SR CLIENT] Starting transfer: server=10.153.27.102:7735, file=demo_input.bin, N=4, MSS=500, total_segments=2401
[SR CLIENT] Sent data seq=0
[SR CLIENT] Sent data seq=1
[SR CLIENT] Sent data seq=2
[SR CLIENT] Sent data seq=3
[SR CLIENT] Received ACK seq=0
[SR CLIENT] Sent data seq=4
[SR CLIENT] Received ACK seq=1
[SR CLIENT] Received ACK seq=2
[SR CLIENT] Received ACK seq=3
[SR CLIENT] Received ACK seq=4
[SR CLIENT] Sent data seq=100
[SR CLIENT] Received ACK seq=100
Timeout, sequence number = 101
Timeout, sequence number = 152
Timeout, sequence number = 187
Timeout, sequence number = 192
[SR CLIENT] Sent data seq=200
[SR CLIENT] Received ACK seq=200
Timeout, sequence number = 224
Timeout, sequence number = 245
Timeout, sequence number = 257
Timeout, sequence number = 278
[SR CLIENT] Sent data seq=300
Timeout, sequence number = 300
[SR CLIENT] Received ACK seq=300
Timeout, sequence number = 326
Timeout, sequence number = 342
Timeout, sequence number = 344
Timeout, sequence number = 342
Timeout, sequence number = 394
[SR CLIENT] Sent data seq=400
[SR CLIENT] Received ACK seq=400
Timeout, sequence number = 426
Timeout, sequence number = 453
Timeout, sequence number = 460
Timeout, sequence number = 466
Timeout, sequence number = 478
[SR CLIENT] Sent data seq=500
[SR CLIENT] Received ACK seq=500
Timeout, sequence number = 516
Timeout, sequence number = 529
Timeout, sequence number = 538
Timeout, sequence number = 569
Timeout, sequence number = 590
Timeout, sequence number = 591
[SR CLIENT] Sent data seq=600
[SR CLIENT] Received ACK seq=600
Timeout, sequence number = 602
Timeout, sequence number = 613
Timeout, sequence number = 692
Timeout, sequence number = 695
[SR CLIENT] Sent data seq=700
[SR CLIENT] Received ACK seq=700
Timeout, sequence number = 775
[SR CLIENT] Sent data seq=800
[SR CLIENT] Received ACK seq=800
Timeout, sequence number = 842
Timeout, sequence number = 849
Timeout, sequence number = 853
Timeout, sequence number = 854
Timeout, sequence number = 855
Timeout, sequence number = 856
Timeout, sequence number = 853
Timeout, sequence number = 854
Timeout, sequence number = 855
Timeout, sequence number = 856
Timeout, sequence number = 853
Timeout, sequence number = 854
Timeout, sequence number = 855
Timeout, sequence number = 856
Timeout, sequence number = 853
Timeout, sequence number = 854
Timeout, sequence number = 855
Timeout, sequence number = 856
Timeout, sequence number = 853
Timeout, sequence number = 854
Timeout, sequence number = 855
Timeout, sequence number = 856
Timeout, sequence number = 857
[SR CLIENT] Sent data seq=900
[SR CLIENT] Received ACK seq=900
Timeout, sequence number = 897
Timeout, sequence number = 899
Timeout, sequence number = 909
Timeout, sequence number = 910
Timeout, sequence number = 911
Timeout, sequence number = 912
Timeout, sequence number = 912
Timeout, sequence number = 913
Timeout, sequence number = 914
Timeout, sequence number = 915
Timeout, sequence number = 926
Timeout, sequence number = 947
Timeout, sequence number = 949
Timeout, sequence number = 950
Timeout, sequence number = 947
Timeout, sequence number = 951
Timeout, sequence number = 952
Timeout, sequence number = 953
Timeout, sequence number = 954
Timeout, sequence number = 960
Timeout, sequence number = 990
[SR CLIENT] Sent data seq=1000
[SR CLIENT] Received ACK seq=1000
Timeout, sequence number = 1002
Timeout, sequence number = 1003
Timeout, sequence number = 1004
Timeout, sequence number = 1005
Timeout, sequence number = 1002
Timeout, sequence number = 1003
Timeout, sequence number = 1004
Timeout, sequence number = 1005
Timeout, sequence number = 1010
Timeout, sequence number = 1011
Timeout, sequence number = 1012
Timeout, sequence number = 1013
Timeout, sequence number = 1025
Timeout, sequence number = 1053
Timeout, sequence number = 1063
Timeout, sequence number = 1082
Timeout, sequence number = 1082
[SR CLIENT] Sent data seq=1100
[SR CLIENT] Received ACK seq=1100
Timeout, sequence number = 1174
[SR CLIENT] Sent data seq=1200
[SR CLIENT] Received ACK seq=1200
Timeout, sequence number = 1203
Timeout, sequence number = 1231
Timeout, sequence number = 1250
Timeout, sequence number = 1275
Timeout, sequence number = 1276
[SR CLIENT] Sent data seq=1300
[SR CLIENT] Received ACK seq=1300
Timeout, sequence number = 1306
Timeout, sequence number = 1328
Timeout, sequence number = 1370
Timeout, sequence number = 1388
[SR CLIENT] Sent data seq=1400
[SR CLIENT] Received ACK seq=1400
Timeout, sequence number = 1426
Timeout, sequence number = 1438
Timeout, sequence number = 1441
Timeout, sequence number = 1487
Timeout, sequence number = 1494
[SR CLIENT] Sent data seq=1500
[SR CLIENT] Received ACK seq=1500
Timeout, sequence number = 1513
Timeout, sequence number = 1522
Timeout, sequence number = 1536
Timeout, sequence number = 1556
Timeout, sequence number = 1593
[SR CLIENT] Sent data seq=1600
[SR CLIENT] Received ACK seq=1600
Timeout, sequence number = 1609
Timeout, sequence number = 1626
Timeout, sequence number = 1630
Timeout, sequence number = 1654
Timeout, sequence number = 1658
Timeout, sequence number = 1674
Timeout, sequence number = 1676
[SR CLIENT] Sent data seq=1700
[SR CLIENT] Received ACK seq=1700
Timeout, sequence number = 1698
Timeout, sequence number = 1722
Timeout, sequence number = 1723
Timeout, sequence number = 1729
Timeout, sequence number = 1732
Timeout, sequence number = 1733
Timeout, sequence number = 1739
Timeout, sequence number = 1793
[SR CLIENT] Sent data seq=1800
[SR CLIENT] Received ACK seq=1800
Timeout, sequence number = 1830
Timeout, sequence number = 1832
Timeout, sequence number = 1885
Timeout, sequence number = 1891
[SR CLIENT] Sent data seq=1900
Timeout, sequence number = 1900
[SR CLIENT] Received ACK seq=1900
Timeout, sequence number = 1919
Timeout, sequence number = 1945
Timeout, sequence number = 1948
[SR CLIENT] Sent data seq=2000
[SR CLIENT] Received ACK seq=2000
Timeout, sequence number = 2056
Timeout, sequence number = 2084
[SR CLIENT] Sent data seq=2100
[SR CLIENT] Received ACK seq=2100
Timeout, sequence number = 2098
Timeout, sequence number = 2104
Timeout, sequence number = 2104
Timeout, sequence number = 2117
Timeout, sequence number = 2132
Timeout, sequence number = 2164
Timeout, sequence number = 2184
Timeout, sequence number = 2185
[SR CLIENT] Sent data seq=2200
[SR CLIENT] Received ACK seq=2200
Timeout, sequence number = 2203
Timeout, sequence number = 2206
Timeout, sequence number = 2234
Timeout, sequence number = 2244
Timeout, sequence number = 2254
Timeout, sequence number = 2273
Timeout, sequence number = 2279
Timeout, sequence number = 2280
[SR CLIENT] Sent data seq=2300
[SR CLIENT] Received ACK seq=2300
Timeout, sequence number = 2297
Timeout, sequence number = 2312
Timeout, sequence number = 2312
Timeout, sequence number = 2324
Timeout, sequence number = 2339
Timeout, sequence number = 2347
Timeout, sequence number = 2348
Timeout, sequence number = 2351
Timeout, sequence number = 2359
Timeout, sequence number = 2389
[SR CLIENT] Sent data seq=2400
[SR CLIENT] Received ACK seq=2400
[SR CLIENT] Summary: sent_packets=2401, ack_packets=2401, retransmitted_packets=162, timeout_events=162
Transfer complete. Delay = 83.348509 seconds

=== STDERR ===
