=== STDOUT ===
[SR CLIENT] Starting transfer: server=10.153.27.102:7735, file=demo_input.bin, N=2, MSS=500, total_segments=2401
[SR CLIENT] Sent data seq=0
[SR CLIENT] Sent data seq=1
[SR CLIENT] Received ACK seq=0
[SR CLIENT] Sent data seq=2
[SR CLIENT] Received ACK seq=1
[SR CLIENT] Sent data seq=3
[SR CLIENT] Received ACK seq=2
[SR CLIENT] Sent data seq=4
[SR CLIENT] Received ACK seq=3
[SR CLIENT] Received ACK seq=4
Timeout, sequence number = 7
Timeout, sequence number = 28
Timeout, sequence number = 33
Timeout, sequence number = 55
Timeout, sequence number = 69
Timeout, sequence number = 74
Timeout, sequence number = 82
Timeout, sequence number = 93
[SR CLIENT] Sent data seq=100
[SR CLIENT] Received ACK seq=100
Timeout, sequence number = 129
Timeout, sequence number = 130
Timeout, sequence number = 137
Timeout, sequence number = 157
Timeout, sequence number = 161
Timeout, sequence number = 170
[SR CLIENT] Sent data seq=200
[SR CLIENT] Received ACK seq=200
Timeout, sequence number = 273
Timeout, sequence number = 274
[SR CLIENT] Sent data seq=300
[SR CLIENT] Received ACK seq=300
Timeout, sequence number = 311
Timeout, sequence number = 324
Timeout, sequence number = 341
Timeout, sequence number = 382
Timeout, sequence number = 391
[SR CLIENT] Sent data seq=400
[SR CLIENT] Received ACK seq=400
Timeout, sequence number = 399
Timeout, sequence number = 446
Timeout, sequence number = 448
Timeout, sequence number = 483
[SR CLIENT] Sent data seq=500
[SR CLIENT] Received ACK seq=500
Timeout, sequence number = 510
Timeout, sequence number = 511
Timeout, sequence number = 518
Timeout, sequence number = 528
Timeout, sequence number = 537
Timeout, sequence number = 562
Timeout, sequence number = 597
[SR CLIENT] Sent data seq=600
[SR CLIENT] Received ACK seq=600
Timeout, sequence number = 619
Timeout, sequence number = 622
Timeout, sequence number = 656
Timeout, sequence number = 681
Timeout, sequence number = 693
[SR CLIENT] Sent data seq=700
[SR CLIENT] Received ACK seq=700
Timeout, sequence number = 769
Timeout, sequence number = 783
[SR CLIENT] Sent data seq=800
[SR CLIENT] Received ACK seq=800
Timeout, sequence number = 801
Timeout, sequence number = 811
Timeout, sequence number = 845
Timeout, sequence number = 850
Timeout, sequence number = 861
Timeout, sequence number = 879
Timeout, sequence number = 886
Timeout, sequence number = 886
[SR CLIENT] Sent data seq=900
[SR CLIENT] Received ACK seq=900
Timeout, sequence number = 917
Timeout, sequence number = 960
Timeout, sequence number = 967
Timeout, sequence number = 992
[SR CLIENT] Sent data seq=1000
[SR CLIENT] Received ACK seq=1000
Timeout, sequence number = 1001
Timeout, sequence number = 1019
Timeout, sequence number = 1020
Timeout, sequence number = 1027
Timeout, sequence number = 1037
Timeout, sequence number = 1045
Timeout, sequence number = 1054
Timeout, sequence number = 1071
Timeout, sequence number = 1085
Timeout, sequence number = 1093
Timeout, sequence number = 1095
[SR CLIENT] Sent data seq=1100
[SR CLIENT] Received ACK seq=1100
Timeout, sequence number = 1136
Timeout, sequence number = 1146
Timeout, sequence number = 1166
Timeout, sequence number = 1180
Timeout, sequence number = 1186
[SR CLIENT] Sent data seq=1200
[SR CLIENT] Received ACK seq=1200
Timeout, sequence number = 1202
Timeout, sequence number = 1203
Timeout, sequence number = 1225
Timeout, sequence number = 1233
Timeout, sequence number = 1234
Timeout, sequence number = 1286
[SR CLIENT] Sent data seq=1300
[SR CLIENT] Received ACK seq=1300
Timeout, sequence number = 1346
Timeout, sequence number = 1346
Timeout, sequence number = 1351
Timeout, sequence number = 1351
Timeout, sequence number = 1362
Timeout, sequence number = 1372
Timeout, sequence number = 1395
Timeout, sequence number = 1397
[SR CLIENT] Sent data seq=1400
[SR CLIENT] Received ACK seq=1400
Timeout, sequence number = 1417
Timeout, sequence number = 1418
Timeout, sequence number = 1431
Timeout, sequence number = 1471
Timeout, sequence number = 1473
Timeout, sequence number = 1497
[SR CLIENT] Sent data seq=1500
[SR CLIENT] Received ACK seq=1500
Timeout, sequence number = 1517
Timeout, sequence number = 1540
Timeout, sequence number = 1541
Timeout, sequence number = 1542
Timeout, sequence number = 1543
Timeout, sequence number = 1548
Timeout, sequence number = 1574
Timeout, sequence number = 1596
[SR CLIENT] Sent data seq=1600
[SR CLIENT] Received ACK seq=1600
Timeout, sequence number = 1613
Timeout, sequence number = 1620
Timeout, sequence number = 1659
Timeout, sequence number = 1687
[SR CLIENT] Sent data seq=1700
Timeout, sequence number = 1700
[SR CLIENT] Received ACK seq=1700
Timeout, sequence number = 1708
Timeout, sequence number = 1728
Timeout, sequence number = 1780
Timeout, sequence number = 1781
[SR CLIENT] Sent data seq=1800
[SR CLIENT] Received ACK seq=1800
Timeout, sequence number = 1807
Timeout, sequence number = 1810
Timeout, sequence number = 1813
Timeout, sequence number = 1868
Timeout, sequence number = 1886
[SR CLIENT] Sent data seq=1900
[SR CLIENT] Received ACK seq=1900
Timeout, sequence number = 1905
Timeout, sequence number = 1909
Timeout, sequence number = 1913
Timeout, sequence number = 1945
Timeout, sequence number = 1960
Timeout, sequence number = 1977
Timeout, sequence number = 1977
Timeout, sequence number = 1980
Timeout, sequence number = 1985
[SR CLIENT] Sent data seq=2000
[SR CLIENT] Received ACK seq=2000
Timeout, sequence number = 2044
[SR CLIENT] Sent data seq=2100
[SR CLIENT] Received ACK seq=2100
Timeout, sequence number = 2130
Timeout, sequence number = 2164
Timeout, sequence number = 2172
Timeout, sequence number = 2180
Timeout, sequence number = 2180
[SR CLIENT] Sent data seq=2200
[SR CLIENT] Received ACK seq=2200
Timeout, sequence number = 2246
Timeout, sequence number = 2261
Timeout, sequence number = 2262
Timeout, sequence number = 2264
Timeout, sequence number = 2273
Timeout, sequence number = 2273
Timeout, sequence number = 2282
Timeout, sequence number = 2287
Timeout, sequence number = 2290
[SR CLIENT] Sent data seq=2300
[SR CLIENT] Received ACK seq=2300
Timeout, sequence number = 2331
Timeout, sequence number = 2387
Timeout, sequence number = 2393
[SR CLIENT] Sent data seq=2400
[SR CLIENT] Received ACK seq=2400
[SR CLIENT] Summary: sent_packets=2401, ack_packets=2401, retransmitted_packets=136, timeout_events=136
Transfer complete. Delay = 104.707255 seconds

=== STDERR ===
