=== STDOUT ===
[SR CLIENT] Starting transfer: server=10.153.27.102:7735, file=demo_input.bin, N=64, MSS=300, total_segments=4001
[SR CLIENT] Sent data seq=0
[SR CLIENT] Sent data seq=1
[SR CLIENT] Sent data seq=2
[SR CLIENT] Sent data seq=3
[SR CLIENT] Sent data seq=4
Timeout, sequence number = 0
Timeout, sequence number = 1
Timeout, sequence number = 2
Timeout, sequence number = 3
Timeout, sequence number = 4
Timeout, sequence number = 5
Timeout, sequence number = 6
Timeout, sequence number = 7
Timeout, sequence number = 8
Timeout, sequence number = 9
Timeout, sequence number = 10
Timeout, sequence number = 11
Timeout, sequence number = 12
Timeout, sequence number = 13
Timeout, sequence number = 14
Timeout, sequence number = 15
Timeout, sequence number = 16
Timeout, sequence number = 17
Timeout, sequence number = 18
Timeout, sequence number = 19
Timeout, sequence number = 20
Timeout, sequence number = 21
Timeout, sequence number = 22
Timeout, sequence number = 23
Timeout, sequence number = 24
Timeout, sequence number = 25
Timeout, sequence number = 26
Timeout, sequence number = 27
Timeout, sequence number = 28
Timeout, sequence number = 29
Timeout, sequence number = 30
Timeout, sequence number = 31
Timeout, sequence number = 32
Timeout, sequence number = 33
Timeout, sequence number = 34
Timeout, sequence number = 35
Timeout, sequence number = 36
Timeout, sequence number = 37
Timeout, sequence number = 38
Timeout, sequence number = 39
Timeout, sequence number = 40
Timeout, sequence number = 41
Timeout, sequence number = 42
Timeout, sequence number = 43
Timeout, sequence number = 44
Timeout, sequence number = 45
Timeout, sequence number = 46
Timeout, sequence number = 47
Timeout, sequence number = 48
Timeout, sequence number = 49
Timeout, sequence number = 50
Timeout, sequence number = 51
Timeout, sequence number = 52
Timeout, sequence number = 53
Timeout, sequence number = 54
Timeout, sequence number = 55
Timeout, sequence number = 56
Timeout, sequence number = 57
Timeout, sequence number = 58
Timeout, sequence number = 59
Timeout, sequence number = 60
Timeout, sequence number = 61
Timeout, sequence number = 62
Timeout, sequence number = 63
Timeout, sequence number = 0
Timeout, sequence number = 1
Timeout, sequence number = 2
Timeout, sequence number = 3
Timeout, sequence number = 4
Timeout, sequence number = 5
Timeout, sequence number = 6
Timeout, sequence number = 7
Timeout, sequence number = 8
Timeout, sequence number = 9
Timeout, sequence number = 10
Timeout, sequence number = 11
Timeout, sequence number = 12
Timeout, sequence number = 13
Timeout, sequence number = 14
Timeout, sequence number = 15
Timeout, sequence number = 16
Timeout, sequence number = 17
Timeout, sequence number = 18
Timeout, sequence number = 19
Timeout, sequence number = 20
Timeout, sequence number = 21
Timeout, sequence number = 22
Timeout, sequence number = 23
Timeout, sequence number = 24
Timeout, sequence number = 25
Timeout, sequence number = 26
Timeout, sequence number = 27
Timeout, sequence number = 28
Timeout, sequence number = 29
Timeout, sequence number = 30
Timeout, sequence number = 31
Timeout, sequence number = 32
Timeout, sequence number = 33
Timeout, sequence number = 34
Timeout, sequence number = 35
Timeout, sequence number = 36
Timeout, sequence number = 37
Timeout, sequence number = 38
Timeout, sequence number = 39
Timeout, sequence number = 40
Timeout, sequence number = 41
Timeout, sequence number = 42
Timeout, sequence number = 43
Timeout, sequence number = 44
Timeout, sequence number = 45
Timeout, sequence number = 46
Timeout, sequence number = 47
Timeout, sequence number = 48
Timeout, sequence number = 49
Timeout, sequence number = 50
Timeout, sequence number = 51
Timeout, sequence number = 52
Timeout, sequence number = 53
Timeout, sequence number = 54
Timeout, sequence number = 55
Timeout, sequence number = 56
Timeout, sequence number = 57
Timeout, sequence number = 58
Timeout, sequence number = 59
Timeout, sequence number = 60
Timeout, sequence number = 61
Timeout, sequence number = 62
Timeout, sequence number = 63
[SR CLIENT] Received ACK seq=0
[SR CLIENT] Received ACK seq=1
[SR CLIENT] Received ACK seq=2
[SR CLIENT] Received ACK seq=3
[SR CLIENT] Received ACK seq=4
Timeout, sequence number = 14
Timeout, sequence number = 23
Timeout, sequence number = 43
[SR CLIENT] Sent data seq=100
[SR CLIENT] Received ACK seq=100
[SR CLIENT] Sent data seq=200
[SR CLIENT] Received ACK seq=200
Timeout, sequence number = 153
Timeout, sequence number = 187
Timeout, sequence number = 201
Timeout, sequence number = 204
Timeout, sequence number = 229
Timeout, sequence number = 235
Timeout, sequence number = 247
[SR CLIENT] Sent data seq=300
Timeout, sequence number = 272
Timeout, sequence number = 284
Timeout, sequence number = 285
[SR CLIENT] Received ACK seq=300
Timeout, sequence number = 311
Timeout, sequence number = 326
Timeout, sequence number = 337
Timeout, sequence number = 341
Timeout, sequence number = 355
Timeout, sequence number = 360
[SR CLIENT] Sent data seq=400
[SR CLIENT] Received ACK seq=400
Timeout, sequence number = 360
Timeout, sequence number = 408
[SR CLIENT] Sent data seq=500
[SR CLIENT] Received ACK seq=500
Timeout, sequence number = 447
Timeout, sequence number = 448
Timeout, sequence number = 474
Timeout, sequence number = 519
Timeout, sequence number = 534
Timeout, sequence number = 577
[SR CLIENT] Sent data seq=600
[SR CLIENT] Received ACK seq=600
Timeout, sequence number = 610
Timeout, sequence number = 620
Timeout, sequence number = 622
Timeout, sequence number = 625
Timeout, sequence number = 643
[SR CLIENT] Sent data seq=700
[SR CLIENT] Received ACK seq=700
Timeout, sequence number = 729
[SR CLIENT] Sent data seq=800
Timeout, sequence number = 788
[SR CLIENT] Received ACK seq=800
Timeout, sequence number = 797
Timeout, sequence number = 821
[SR CLIENT] Sent data seq=900
[SR CLIENT] Received ACK seq=900
Timeout, sequence number = 925
Timeout, sequence number = 930
Timeout, sequence number = 930
[SR CLIENT] Sent data seq=1000
[SR CLIENT] Received ACK seq=1000
Timeout, sequence number = 1021
Timeout, sequence number = 1025
Timeout, sequence number = 1035
Timeout, sequence number = 1040
Timeout, sequence number = 1060
Timeout, sequence number = 1061
Timeout, sequence number = 1065
Timeout, sequence number = 1021
[SR CLIENT] Sent data seq=1100
[SR CLIENT] Received ACK seq=1100
Timeout, sequence number = 1090
Timeout, sequence number = 1116
Timeout, sequence number = 1134
Timeout, sequence number = 1150
[SR CLIENT] Sent data seq=1200
[SR CLIENT] Received ACK seq=1200
Timeout, sequence number = 1166
Timeout, sequence number = 1223
Timeout, sequence number = 1228
[SR CLIENT] Sent data seq=1300
[SR CLIENT] Received ACK seq=1300
Timeout, sequence number = 1238
Timeout, sequence number = 1242
Timeout, sequence number = 1244
Timeout, sequence number = 1275
Timeout, sequence number = 1299
Timeout, sequence number = 1325
Timeout, sequence number = 1337
[SR CLIENT] Sent data seq=1400
[SR CLIENT] Received ACK seq=1400
Timeout, sequence number = 1395
Timeout, sequence number = 1427
[SR CLIENT] Sent data seq=1500
[SR CLIENT] Received ACK seq=1500
Timeout, sequence number = 1457
Timeout, sequence number = 1467
Timeout, sequence number = 1497
Timeout, sequence number = 1505
Timeout, sequence number = 1518
Timeout, sequence number = 1525
Timeout, sequence number = 1534
Timeout, sequence number = 1541
Timeout, sequence number = 1567
Timeout, sequence number = 1534
Timeout, sequence number = 1541
Timeout, sequence number = 1567
[SR CLIENT] Sent data seq=1600
[SR CLIENT] Received ACK seq=1600
Timeout, sequence number = 1567
Timeout, sequence number = 1635
Timeout, sequence number = 1638
Timeout, sequence number = 1643
Timeout, sequence number = 1681
[SR CLIENT] Sent data seq=1700
[SR CLIENT] Received ACK seq=1700
[SR CLIENT] Sent data seq=1800
[SR CLIENT] Received ACK seq=1800
Timeout, sequence number = 1763
Timeout, sequence number = 1769
Timeout, sequence number = 1787
Timeout, sequence number = 1829
Timeout, sequence number = 1830
Timeout, sequence number = 1858
[SR CLIENT] Sent data seq=1900
[SR CLIENT] Received ACK seq=1900
Timeout, sequence number = 1903
Timeout, sequence number = 1932
Timeout, sequence number = 1903
[SR CLIENT] Sent data seq=2000
[SR CLIENT] Received ACK seq=2000
Timeout, sequence number = 1995
Timeout, sequence number = 1998
Timeout, sequence number = 2002
Timeout, sequence number = 2026
[SR CLIENT] Sent data seq=2100
[SR CLIENT] Received ACK seq=2100
Timeout, sequence number = 2085
Timeout, sequence number = 2144
Timeout, sequence number = 2085
[SR CLIENT] Sent data seq=2200
[SR CLIENT] Received ACK seq=2200
Timeout, sequence number = 2157
Timeout, sequence number = 2172
Timeout, sequence number = 2209
[SR CLIENT] Sent data seq=2300
[SR CLIENT] Received ACK seq=2300
Timeout, sequence number = 2240
Timeout, sequence number = 2242
Timeout, sequence number = 2249
Timeout, sequence number = 2281
Timeout, sequence number = 2282
Timeout, sequence number = 2285
Timeout, sequence number = 2289
Timeout, sequence number = 2282
Timeout, sequence number = 2316
Timeout, sequence number = 2317
[SR CLIENT] Sent data seq=2400
[SR CLIENT] Received ACK seq=2400
Timeout, sequence number = 2359
Timeout, sequence number = 2378
Timeout, sequence number = 2391
Timeout, sequence number = 2408
Timeout, sequence number = 2417
Timeout, sequence number = 2419
Timeout, sequence number = 2434
[SR CLIENT] Sent data seq=2500
[SR CLIENT] Received ACK seq=2500
Timeout, sequence number = 2486
Timeout, sequence number = 2508
Timeout, sequence number = 2522
Timeout, sequence number = 2551
Timeout, sequence number = 2553
Timeout, sequence number = 2522
Timeout, sequence number = 2522
[SR CLIENT] Sent data seq=2600
[SR CLIENT] Received ACK seq=2600
Timeout, sequence number = 2587
Timeout, sequence number = 2591
Timeout, sequence number = 2616
Timeout, sequence number = 2639
[SR CLIENT] Sent data seq=2700
[SR CLIENT] Received ACK seq=2700
Timeout, sequence number = 2639
Timeout, sequence number = 2688
Timeout, sequence number = 2693
Timeout, sequence number = 2712
Timeout, sequence number = 2761
[SR CLIENT] Sent data seq=2800
[SR CLIENT] Received ACK seq=2800
Timeout, sequence number = 2794
Timeout, sequence number = 2802
[SR CLIENT] Sent data seq=2900
[SR CLIENT] Received ACK seq=2900
Timeout, sequence number = 2845
Timeout, sequence number = 2887
Timeout, sequence number = 2905
Timeout, sequence number = 2909
Timeout, sequence number = 2913
Timeout, sequence number = 2914
Timeout, sequence number = 2927
Timeout, sequence number = 2939
[SR CLIENT] Sent data seq=3000
[SR CLIENT] Received ACK seq=3000
Timeout, sequence number = 2959
Timeout, sequence number = 2990
Timeout, sequence number = 3036
[SR CLIENT] Sent data seq=3100
[SR CLIENT] Received ACK seq=3100
Timeout, sequence number = 3090
Timeout, sequence number = 3099
Timeout, sequence number = 3106
Timeout, sequence number = 3119
Timeout, sequence number = 3126
Timeout, sequence number = 3133
[SR CLIENT] Sent data seq=3200
Timeout, sequence number = 3181
Timeout, sequence number = 3182
Timeout, sequence number = 3183
Timeout, sequence number = 3184
Timeout, sequence number = 3185
Timeout, sequence number = 3186
Timeout, sequence number = 3187
Timeout, sequence number = 3188
Timeout, sequence number = 3189
Timeout, sequence number = 3190
Timeout, sequence number = 3191
Timeout, sequence number = 3192
Timeout, sequence number = 3193
Timeout, sequence number = 3194
Timeout, sequence number = 3195
Timeout, sequence number = 3196
Timeout, sequence number = 3197
Timeout, sequence number = 3198
Timeout, sequence number = 3199
Timeout, sequence number = 3200
Timeout, sequence number = 3201
Timeout, sequence number = 3202
Timeout, sequence number = 3203
Timeout, sequence number = 3204
Timeout, sequence number = 3205
Timeout, sequence number = 3206
Timeout, sequence number = 3207
Timeout, sequence number = 3208
Timeout, sequence number = 3209
Timeout, sequence number = 3210
Timeout, sequence number = 3211
Timeout, sequence number = 3212
Timeout, sequence number = 3213
Timeout, sequence number = 3214
Timeout, sequence number = 3215
Timeout, sequence number = 3216
Timeout, sequence number = 3217
Timeout, sequence number = 3218
Timeout, sequence number = 3219
Timeout, sequence number = 3220
Timeout, sequence number = 3221
Timeout, sequence number = 3222
Timeout, sequence number = 3223
Timeout, sequence number = 3224
Timeout, sequence number = 3225
Timeout, sequence number = 3226
Timeout, sequence number = 3227
Timeout, sequence number = 3228
Timeout, sequence number = 3229
Timeout, sequence number = 3230
Timeout, sequence number = 3231
Timeout, sequence number = 3232
Timeout, sequence number = 3233
[SR CLIENT] Received ACK seq=3200
Timeout, sequence number = 3234
Timeout, sequence number = 3235
Timeout, sequence number = 3236
Timeout, sequence number = 3237
Timeout, sequence number = 3238
Timeout, sequence number = 3239
Timeout, sequence number = 3240
Timeout, sequence number = 3241
Timeout, sequence number = 3242
Timeout, sequence number = 3243
Timeout, sequence number = 3244
Timeout, sequence number = 3192
Timeout, sequence number = 3207
Timeout, sequence number = 3210
Timeout, sequence number = 3212
[SR CLIENT] Sent data seq=3300
[SR CLIENT] Received ACK seq=3300
Timeout, sequence number = 3310
Timeout, sequence number = 3316
Timeout, sequence number = 3341
Timeout, sequence number = 3357
Timeout, sequence number = 3368
[SR CLIENT] Sent data seq=3400
[SR CLIENT] Received ACK seq=3400
Timeout, sequence number = 3341
Timeout, sequence number = 3376
Timeout, sequence number = 3422
Timeout, sequence number = 3435
[SR CLIENT] Sent data seq=3500
[SR CLIENT] Received ACK seq=3500
Timeout, sequence number = 3516
Timeout, sequence number = 3555
Timeout, sequence number = 3556
Timeout, sequence number = 3558
[SR CLIENT] Sent data seq=3600
[SR CLIENT] Received ACK seq=3600
Timeout, sequence number = 3593
Timeout, sequence number = 3625
Timeout, sequence number = 3627
[SR CLIENT] Sent data seq=3700
Timeout, sequence number = 3648
[SR CLIENT] Received ACK seq=3700
Timeout, sequence number = 3669
Timeout, sequence number = 3698
Timeout, sequence number = 3725
[SR CLIENT] Sent data seq=3800
[SR CLIENT] Received ACK seq=3800
Timeout, sequence number = 3785
Timeout, sequence number = 3791
Timeout, sequence number = 3795
Timeout, sequence number = 3818
Timeout, sequence number = 3846
[SR CLIENT] Sent data seq=3900
[SR CLIENT] Received ACK seq=3900
Timeout, sequence number = 3869
Timeout, sequence number = 3908
[SR CLIENT] Sent data seq=4000
[SR CLIENT] Received ACK seq=4000
Timeout, sequence number = 3989
[SR CLIENT] Summary: sent_packets=4001, ack_packets=4001, retransmitted_packets=375, timeout_events=375
Transfer complete. Delay = 32.269393 seconds

=== STDERR ===
