=== STDOUT ===
[SR CLIENT] Starting transfer: server=10.153.27.102:7735, file=demo_input.bin, N=64, MSS=200, total_segments=6001
[SR CLIENT] Sent data seq=0
[SR CLIENT] Sent data seq=1
[SR CLIENT] Sent data seq=2
[SR CLIENT] Sent data seq=3
[SR CLIENT] Sent data seq=4
[SR CLIENT] Received ACK seq=0
[SR CLIENT] Received ACK seq=1
[SR CLIENT] Received ACK seq=2
[SR CLIENT] Received ACK seq=3
[SR CLIENT] Received ACK seq=4
[SR CLIENT] Sent data seq=100
[SR CLIENT] Received ACK seq=100
Timeout, sequence number = 39
Timeout, sequence number = 68
Timeout, sequence number = 81
Timeout, sequence number = 93
Timeout, sequence number = 97
Timeout, sequence number = 108
Timeout, sequence number = 120
Timeout, sequence number = 165
Timeout, sequence number = 167
Timeout, sequence number = 169
[SR CLIENT] Sent data seq=200
[SR CLIENT] Received ACK seq=200
Timeout, sequence number = 179
Timeout, sequence number = 213
Timeout, sequence number = 214
Timeout, sequence number = 236
[SR CLIENT] Sent data seq=300
[SR CLIENT] Received ACK seq=300
Timeout, sequence number = 278
Timeout, sequence number = 304
Timeout, sequence number = 309
[SR CLIENT] Sent data seq=400
[SR CLIENT] Received ACK seq=400
Timeout, sequence number = 360
Timeout, sequence number = 385
Timeout, sequence number = 403
[SR CLIENT] Sent data seq=500
[SR CLIENT] Received ACK seq=500
Timeout, sequence number = 499
Timeout, sequence number = 508
Timeout, sequence number = 515
Timeout, sequence number = 527
Timeout, sequence number = 553
Timeout, sequence number = 557
[SR CLIENT] Sent data seq=600
[SR CLIENT] Received ACK seq=600
Timeout, sequence number = 581
Timeout, sequence number = 623
Timeout, sequence number = 628
Timeout, sequence number = 638
[SR CLIENT] Sent data seq=700
[SR CLIENT] Received ACK seq=700
Timeout, sequence number = 665
Timeout, sequence number = 689
[SR CLIENT] Sent data seq=800
[SR CLIENT] Received ACK seq=800
Timeout, sequence number = 742
Timeout, sequence number = 789
Timeout, sequence number = 791
Timeout, sequence number = 806
Timeout, sequence number = 817
[SR CLIENT] Sent data seq=900
[SR CLIENT] Received ACK seq=900
Timeout, sequence number = 873
Timeout, sequence number = 893
Timeout, sequence number = 898
Timeout, sequence number = 917
[SR CLIENT] Sent data seq=1000
[SR CLIENT] Received ACK seq=1000
Timeout, sequence number = 951
Timeout, sequence number = 958
Timeout, sequence number = 961
Timeout, sequence number = 967
Timeout, sequence number = 986
Timeout, sequence number = 987
Timeout, sequence number = 1007
Timeout, sequence number = 1023
Timeout, sequence number = 1028
Timeout, sequence number = 1029
Timeout, sequence number = 1033
Timeout, sequence number = 1046
Timeout, sequence number = 1064
Timeout, sequence number = 1023
[SR CLIENT] Sent data seq=1100
[SR CLIENT] Received ACK seq=1100
Timeout, sequence number = 1091
Timeout, sequence number = 1093
Timeout, sequence number = 1123
Timeout, sequence number = 1091
[SR CLIENT] Sent data seq=1200
[SR CLIENT] Received ACK seq=1200
Timeout, sequence number = 1171
Timeout, sequence number = 1197
Timeout, sequence number = 1218
Timeout, sequence number = 1236
Timeout, sequence number = 1251
Timeout, sequence number = 1270
[SR CLIENT] Sent data seq=1300
[SR CLIENT] Received ACK seq=1300
Timeout, sequence number = 1319
Timeout, sequence number = 1331
Timeout, sequence number = 1319
[SR CLIENT] Sent data seq=1400
[SR CLIENT] Received ACK seq=1400
Timeout, sequence number = 1403
Timeout, sequence number = 1425
Timeout, sequence number = 1457
[SR CLIENT] Sent data seq=1500
Timeout, sequence number = 1457
Timeout, sequence number = 1471
Timeout, sequence number = 1499
Timeout, sequence number = 1500
Timeout, sequence number = 1501
Timeout, sequence number = 1515
[SR CLIENT] Received ACK seq=1500
[SR CLIENT] Sent data seq=1600
[SR CLIENT] Received ACK seq=1600
Timeout, sequence number = 1545
Timeout, sequence number = 1559
Timeout, sequence number = 1562
Timeout, sequence number = 1569
Timeout, sequence number = 1596
Timeout, sequence number = 1569
[SR CLIENT] Sent data seq=1700
[SR CLIENT] Received ACK seq=1700
Timeout, sequence number = 1641
[SR CLIENT] Sent data seq=1800
[SR CLIENT] Received ACK seq=1800
Timeout, sequence number = 1747
Timeout, sequence number = 1808
Timeout, sequence number = 1808
Timeout, sequence number = 1819
Timeout, sequence number = 1833
Timeout, sequence number = 1843
[SR CLIENT] Sent data seq=1900
[SR CLIENT] Received ACK seq=1900
Timeout, sequence number = 1879
Timeout, sequence number = 1901
Timeout, sequence number = 1913
Timeout, sequence number = 1924
Timeout, sequence number = 1934
Timeout, sequence number = 1936
Timeout, sequence number = 1913
[SR CLIENT] Sent data seq=2000
[SR CLIENT] Received ACK seq=2000
Timeout, sequence number = 1964
Timeout, sequence number = 1995
Timeout, sequence number = 2010
Timeout, sequence number = 2012
Timeout, sequence number = 2023
[SR CLIENT] Sent data seq=2100
[SR CLIENT] Received ACK seq=2100
Timeout, sequence number = 2094
[SR CLIENT] Sent data seq=2200
Timeout, sequence number = 2146
Timeout, sequence number = 2149
[SR CLIENT] Received ACK seq=2200
Timeout, sequence number = 2186
Timeout, sequence number = 2188
Timeout, sequence number = 2211
Timeout, sequence number = 2235
[SR CLIENT] Sent data seq=2300
[SR CLIENT] Received ACK seq=2300
Timeout, sequence number = 2255
Timeout, sequence number = 2272
Timeout, sequence number = 2280
Timeout, sequence number = 2310
Timeout, sequence number = 2280
Timeout, sequence number = 2333
Timeout, sequence number = 2335
Timeout, sequence number = 2335
Timeout, sequence number = 2345
Timeout, sequence number = 2348
Timeout, sequence number = 2349
Timeout, sequence number = 2379
Timeout, sequence number = 2382
[SR CLIENT] Sent data seq=2400
[SR CLIENT] Received ACK seq=2400
Timeout, sequence number = 2431
Timeout, sequence number = 2444
Timeout, sequence number = 2487
[SR CLIENT] Sent data seq=2500
[SR CLIENT] Received ACK seq=2500
Timeout, sequence number = 2507
Timeout, sequence number = 2523
[SR CLIENT] Sent data seq=2600
[SR CLIENT] Received ACK seq=2600
Timeout, sequence number = 2575
[SR CLIENT] Sent data seq=2700
[SR CLIENT] Received ACK seq=2700
Timeout, sequence number = 2661
Timeout, sequence number = 2663
Timeout, sequence number = 2693
Timeout, sequence number = 2726
Timeout, sequence number = 2765
Timeout, sequence number = 2771
Timeout, sequence number = 2776
[SR CLIENT] Sent data seq=2800
[SR CLIENT] Received ACK seq=2800
Timeout, sequence number = 2795
Timeout, sequence number = 2803
Timeout, sequence number = 2853
[SR CLIENT] Sent data seq=2900
[SR CLIENT] Received ACK seq=2900
Timeout, sequence number = 2909
Timeout, sequence number = 2912
Timeout, sequence number = 2917
Timeout, sequence number = 2922
Timeout, sequence number = 2955
Timeout, sequence number = 2963
Timeout, sequence number = 2965
[SR CLIENT] Sent data seq=3000
[SR CLIENT] Received ACK seq=3000
Timeout, sequence number = 2963
Timeout, sequence number = 2988
Timeout, sequence number = 3022
Timeout, sequence number = 3032
Timeout, sequence number = 3039
Timeout, sequence number = 3048
Timeout, sequence number = 3067
Timeout, sequence number = 3094
[SR CLIENT] Sent data seq=3100
[SR CLIENT] Received ACK seq=3100
Timeout, sequence number = 3112
Timeout, sequence number = 3118
Timeout, sequence number = 3125
Timeout, sequence number = 3146
[SR CLIENT] Sent data seq=3200
Timeout, sequence number = 3160
Timeout, sequence number = 3167
[SR CLIENT] Received ACK seq=3200
Timeout, sequence number = 3186
Timeout, sequence number = 3248
[SR CLIENT] Sent data seq=3300
[SR CLIENT] Received ACK seq=3300
Timeout, sequence number = 3250
Timeout, sequence number = 3252
Timeout, sequence number = 3287
Timeout, sequence number = 3291
Timeout, sequence number = 3309
[SR CLIENT] Sent data seq=3400
[SR CLIENT] Received ACK seq=3400
Timeout, sequence number = 3362
Timeout, sequence number = 3369
Timeout, sequence number = 3372
Timeout, sequence number = 3410
Timeout, sequence number = 3418
Timeout, sequence number = 3369
[SR CLIENT] Sent data seq=3500
[SR CLIENT] Received ACK seq=3500
Timeout, sequence number = 3447
Timeout, sequence number = 3449
Timeout, sequence number = 3454
Timeout, sequence number = 3483
Timeout, sequence number = 3483
Timeout, sequence number = 3513
Timeout, sequence number = 3534
[SR CLIENT] Sent data seq=3600
[SR CLIENT] Received ACK seq=3600
Timeout, sequence number = 3550
Timeout, sequence number = 3560
Timeout, sequence number = 3561
Timeout, sequence number = 3570
Timeout, sequence number = 3578
Timeout, sequence number = 3589
Timeout, sequence number = 3550
Timeout, sequence number = 3589
Timeout, sequence number = 3624
Timeout, sequence number = 3632
Timeout, sequence number = 3644
[SR CLIENT] Sent data seq=3700
[SR CLIENT] Received ACK seq=3700
Timeout, sequence number = 3654
Timeout, sequence number = 3684
Timeout, sequence number = 3687
Timeout, sequence number = 3693
Timeout, sequence number = 3726
Timeout, sequence number = 3727
Timeout, sequence number = 3730
[SR CLIENT] Sent data seq=3800
Timeout, sequence number = 3772
Timeout, sequence number = 3790
Timeout, sequence number = 3792
Timeout, sequence number = 3800
Timeout, sequence number = 3813
Timeout, sequence number = 3821
[SR CLIENT] Received ACK seq=3800
Timeout, sequence number = 3792
[SR CLIENT] Sent data seq=3900
[SR CLIENT] Received ACK seq=3900
Timeout, sequence number = 3929
Timeout, sequence number = 3931
Timeout, sequence number = 3951
Timeout, sequence number = 3967
Timeout, sequence number = 3931
[SR CLIENT] Sent data seq=4000
[SR CLIENT] Received ACK seq=4000
[SR CLIENT] Sent data seq=4100
Timeout, sequence number = 4037
Timeout, sequence number = 4100
[SR CLIENT] Received ACK seq=4100
Timeout, sequence number = 4108
Timeout, sequence number = 4160
[SR CLIENT] Sent data seq=4200
[SR CLIENT] Received ACK seq=4200
Timeout, sequence number = 4175
Timeout, sequence number = 4195
Timeout, sequence number = 4199
Timeout, sequence number = 4209
Timeout, sequence number = 4219
Timeout, sequence number = 4227
Timeout, sequence number = 4175
[SR CLIENT] Sent data seq=4300
[SR CLIENT] Received ACK seq=4300
Timeout, sequence number = 4253
Timeout, sequence number = 4260
Timeout, sequence number = 4268
Timeout, sequence number = 4298
[SR CLIENT] Sent data seq=4400
[SR CLIENT] Received ACK seq=4400
Timeout, sequence number = 4363
Timeout, sequence number = 4379
Timeout, sequence number = 4387
Timeout, sequence number = 4391
Timeout, sequence number = 4415
Timeout, sequence number = 4434
[SR CLIENT] Sent data seq=4500
[SR CLIENT] Received ACK seq=4500
Timeout, sequence number = 4456
Timeout, sequence number = 4465
Timeout, sequence number = 4472
Timeout, sequence number = 4482
Timeout, sequence number = 4483
Timeout, sequence number = 4508
Timeout, sequence number = 4519
[SR CLIENT] Sent data seq=4600
Timeout, sequence number = 4547
Timeout, sequence number = 4551
[SR CLIENT] Received ACK seq=4600
Timeout, sequence number = 4580
Timeout, sequence number = 4591
Timeout, sequence number = 4613
[SR CLIENT] Sent data seq=4700
[SR CLIENT] Received ACK seq=4700
Timeout, sequence number = 4647
Timeout, sequence number = 4653
Timeout, sequence number = 4669
Timeout, sequence number = 4692
Timeout, sequence number = 4696
Timeout, sequence number = 4733
Timeout, sequence number = 4741
[SR CLIENT] Sent data seq=4800
[SR CLIENT] Received ACK seq=4800
Timeout, sequence number = 4788
Timeout, sequence number = 4794
Timeout, sequence number = 4799
Timeout, sequence number = 4803
Timeout, sequence number = 4829
Timeout, sequence number = 4839
Timeout, sequence number = 4794
[SR CLIENT] Sent data seq=4900
[SR CLIENT] Received ACK seq=4900
Timeout, sequence number = 4839
Timeout, sequence number = 4861
Timeout, sequence number = 4867
Timeout, sequence number = 4885
Timeout, sequence number = 4908
[SR CLIENT] Sent data seq=5000
Timeout, sequence number = 4947
Timeout, sequence number = 4955
Timeout, sequence number = 4966
[SR CLIENT] Received ACK seq=5000
Timeout, sequence number = 4983
Timeout, sequence number = 4989
Timeout, sequence number = 4997
Timeout, sequence number = 5005
Timeout, sequence number = 5014
Timeout, sequence number = 5028
Timeout, sequence number = 5065
Timeout, sequence number = 5028
[SR CLIENT] Sent data seq=5100
[SR CLIENT] Received ACK seq=5100
Timeout, sequence number = 5096
Timeout, sequence number = 5115
Timeout, sequence number = 5148
[SR CLIENT] Sent data seq=5200
[SR CLIENT] Received ACK seq=5200
Timeout, sequence number = 5181
Timeout, sequence number = 5183
Timeout, sequence number = 5185
Timeout, sequence number = 5207
Timeout, sequence number = 5216
Timeout, sequence number = 5218
Timeout, sequence number = 5183
Timeout, sequence number = 5246
[SR CLIENT] Sent data seq=5300
[SR CLIENT] Received ACK seq=5300
Timeout, sequence number = 5282
Timeout, sequence number = 5310
Timeout, sequence number = 5317
Timeout, sequence number = 5326
Timeout, sequence number = 5328
Timeout, sequence number = 5332
Timeout, sequence number = 5344
[SR CLIENT] Sent data seq=5400
[SR CLIENT] Received ACK seq=5400
Timeout, sequence number = 5347
Timeout, sequence number = 5349
Timeout, sequence number = 5369
Timeout, sequence number = 5406
Timeout, sequence number = 5427
Timeout, sequence number = 5429
Timeout, sequence number = 5438
Timeout, sequence number = 5451
Timeout, sequence number = 5461
Timeout, sequence number = 5469
Timeout, sequence number = 5476
Timeout, sequence number = 5481
[SR CLIENT] Sent data seq=5500
[SR CLIENT] Received ACK seq=5500
Timeout, sequence number = 5504
Timeout, sequence number = 5515
Timeout, sequence number = 5516
Timeout, sequence number = 5535
Timeout, sequence number = 5539
Timeout, sequence number = 5547
[SR CLIENT] Sent data seq=5600
[SR CLIENT] Received ACK seq=5600
Timeout, sequence number = 5625
Timeout, sequence number = 5628
Timeout, sequence number = 5649
Timeout, sequence number = 5652
Timeout, sequence number = 5653
Timeout, sequence number = 5654
Timeout, sequence number = 5656
Timeout, sequence number = 5657
Timeout, sequence number = 5658
Timeout, sequence number = 5659
Timeout, sequence number = 5684
Timeout, sequence number = 5625
[SR CLIENT] Sent data seq=5700
[SR CLIENT] Received ACK seq=5700
Timeout, sequence number = 5728
Timeout, sequence number = 5732
Timeout, sequence number = 5764
[SR CLIENT] Sent data seq=5800
[SR CLIENT] Received ACK seq=5800
Timeout, sequence number = 5802
Timeout, sequence number = 5827
Timeout, sequence number = 5842
Timeout, sequence number = 5853
[SR CLIENT] Sent data seq=5900
[SR CLIENT] Received ACK seq=5900
Timeout, sequence number = 5856
Timeout, sequence number = 5859
Timeout, sequence number = 5892
Timeout, sequence number = 5915
Timeout, sequence number = 5922
[SR CLIENT] Sent data seq=6000
[SR CLIENT] Received ACK seq=6000
Timeout, sequence number = 5969
Timeout, sequence number = 5992
[SR CLIENT] Summary: sent_packets=6001, ack_packets=6001, retransmitted_packets=334, timeout_events=334
Transfer complete. Delay = 47.834182 seconds

=== STDERR ===
