=== STDOUT ===
[SR CLIENT] Starting transfer: server=10.153.27.102:7735, file=demo_input.bin, N=64, MSS=900, total_segments=1335
[SR CLIENT] Sent data seq=0
[SR CLIENT] Sent data seq=1
[SR CLIENT] Sent data seq=2
[SR CLIENT] Sent data seq=3
[SR CLIENT] Sent data seq=4
[SR CLIENT] Received ACK seq=0
[SR CLIENT] Received ACK seq=2
[SR CLIENT] Received ACK seq=3
[SR CLIENT] Received ACK seq=4
Timeout, sequence number = 1
Timeout, sequence number = 5
Timeout, sequence number = 13
Timeout, sequence number = 28
Timeout, sequence number = 48
[SR CLIENT] Received ACK seq=1
[SR CLIENT] Sent data seq=100
[SR CLIENT] Received ACK seq=100
Timeout, sequence number = 110
Timeout, sequence number = 116
Timeout, sequence number = 147
Timeout, sequence number = 167
Timeout, sequence number = 116
[SR CLIENT] Sent data seq=200
[SR CLIENT] Received ACK seq=200
Timeout, sequence number = 179
Timeout, sequence number = 182
Timeout, sequence number = 203
Timeout, sequence number = 245
[SR CLIENT] Sent data seq=300
[SR CLIENT] Received ACK seq=300
Timeout, sequence number = 250
Timeout, sequence number = 256
Timeout, sequence number = 317
Timeout, sequence number = 333
Timeout, sequence number = 334
Timeout, sequence number = 337
Timeout, sequence number = 333
[SR CLIENT] Sent data seq=400
[SR CLIENT] Received ACK seq=400
Timeout, sequence number = 405
Timeout, sequence number = 454
[SR CLIENT] Sent data seq=500
[SR CLIENT] Received ACK seq=500
Timeout, sequence number = 479
Timeout, sequence number = 488
Timeout, sequence number = 516
Timeout, sequence number = 525
Timeout, sequence number = 541
Timeout, sequence number = 488
[SR CLIENT] Sent data seq=600
Timeout, sequence number = 543
[SR CLIENT] Received ACK seq=600
Timeout, sequence number = 555
Timeout, sequence number = 560
Timeout, sequence number = 571
Timeout, sequence number = 581
Timeout, sequence number = 581
Timeout, sequence number = 635
[SR CLIENT] Sent data seq=700
[SR CLIENT] Received ACK seq=700
Timeout, sequence number = 656
Timeout, sequence number = 657
Timeout, sequence number = 659
Timeout, sequence number = 686
Timeout, sequence number = 731
Timeout, sequence number = 752
Timeout, sequence number = 786
Timeout, sequence number = 731
[SR CLIENT] Sent data seq=800
[SR CLIENT] Received ACK seq=800
Timeout, sequence number = 799
Timeout, sequence number = 802
Timeout, sequence number = 823
Timeout, sequence number = 827
Timeout, sequence number = 836
Timeout, sequence number = 847
Timeout, sequence number = 848
Timeout, sequence number = 799
[SR CLIENT] Sent data seq=900
[SR CLIENT] Received ACK seq=900
Timeout, sequence number = 863
Timeout, sequence number = 865
Timeout, sequence number = 912
[SR CLIENT] Sent data seq=1000
[SR CLIENT] Received ACK seq=1000
Timeout, sequence number = 954
Timeout, sequence number = 958
Timeout, sequence number = 976
Timeout, sequence number = 985
Timeout, sequence number = 996
Timeout, sequence number = 1019
Timeout, sequence number = 1044
Timeout, sequence number = 1058
Timeout, sequence number = 1060
Timeout, sequence number = 1066
[SR CLIENT] Sent data seq=1100
[SR CLIENT] Received ACK seq=1100
Timeout, sequence number = 1101
Timeout, sequence number = 1111
Timeout, sequence number = 1119
Timeout, sequence number = 1132
Timeout, sequence number = 1138
Timeout, sequence number = 1142
Timeout, sequence number = 1164
Timeout, sequence number = 1132
Timeout, sequence number = 1182
Timeout, sequence number = 1183
Timeout, sequence number = 1184
Timeout, sequence number = 1185
[SR CLIENT] Sent data seq=1200
[SR CLIENT] Received ACK seq=1200
Timeout, sequence number = 1213
Timeout, sequence number = 1239
Timeout, sequence number = 1240
[SR CLIENT] Sent data seq=1300
Timeout, sequence number = 1254
Timeout, sequence number = 1255
Timeout, sequence number = 1272
[SR CLIENT] Received ACK seq=1300
Timeout, sequence number = 1290
Timeout, sequence number = 1291
Timeout, sequence number = 1294
Timeout, sequence number = 1296
Timeout, sequence number = 1311
Timeout, sequence number = 1313
Timeout, sequence number = 1329
[SR CLIENT] Summary: sent_packets=1335, ack_packets=1335, retransmitted_packets=90, timeout_events=90
Transfer complete. Delay = 13.093972 seconds

=== STDERR ===
