=== STDOUT ===
[SR CLIENT] Starting transfer: server=10.153.27.102:7735, file=demo_input.bin, N=64, MSS=400, total_segments=3001
[SR CLIENT] Sent data seq=0
[SR CLIENT] Sent data seq=1
[SR CLIENT] Sent data seq=2
[SR CLIENT] Sent data seq=3
[SR CLIENT] Sent data seq=4
[SR CLIENT] Received ACK seq=2
[SR CLIENT] Received ACK seq=0
[SR CLIENT] Received ACK seq=1
[SR CLIENT] Received ACK seq=4
Timeout, sequence number = 3
Timeout, sequence number = 30
Timeout, sequence number = 40
Timeout, sequence number = 49
Timeout, sequence number = 58
[SR CLIENT] Received ACK seq=3
[SR CLIENT] Sent data seq=100
[SR CLIENT] Received ACK seq=100
Timeout, sequence number = 58
Timeout, sequence number = 79
Timeout, sequence number = 87
Timeout, sequence number = 108
[SR CLIENT] Sent data seq=200
[SR CLIENT] Received ACK seq=200
Timeout, sequence number = 142
Timeout, sequence number = 191
Timeout, sequence number = 207
Timeout, sequence number = 209
Timeout, sequence number = 269
[SR CLIENT] Sent data seq=300
[SR CLIENT] Received ACK seq=300
Timeout, sequence number = 301
Timeout, sequence number = 310
Timeout, sequence number = 326
Timeout, sequence number = 347
[SR CLIENT] Sent data seq=400
[SR CLIENT] Received ACK seq=400
Timeout, sequence number = 392
Timeout, sequence number = 429
Timeout, sequence number = 453
[SR CLIENT] Sent data seq=500
[SR CLIENT] Received ACK seq=500
Timeout, sequence number = 470
Timeout, sequence number = 486
Timeout, sequence number = 491
Timeout, sequence number = 494
Timeout, sequence number = 505
Timeout, sequence number = 516
[SR CLIENT] Sent data seq=600
[SR CLIENT] Received ACK seq=600
Timeout, sequence number = 543
Timeout, sequence number = 548
Timeout, sequence number = 606
Timeout, sequence number = 612
Timeout, sequence number = 617
Timeout, sequence number = 618
Timeout, sequence number = 636
Timeout, sequence number = 639
Timeout, sequence number = 645
[SR CLIENT] Sent data seq=700
[SR CLIENT] Received ACK seq=700
Timeout, sequence number = 672
Timeout, sequence number = 691
Timeout, sequence number = 692
Timeout, sequence number = 730
Timeout, sequence number = 732
Timeout, sequence number = 735
[SR CLIENT] Sent data seq=800
[SR CLIENT] Received ACK seq=800
Timeout, sequence number = 768
Timeout, sequence number = 782
Timeout, sequence number = 785
Timeout, sequence number = 801
Timeout, sequence number = 830
Timeout, sequence number = 782
[SR CLIENT] Sent data seq=900
[SR CLIENT] Received ACK seq=900
Timeout, sequence number = 855
Timeout, sequence number = 858
Timeout, sequence number = 874
Timeout, sequence number = 906
Timeout, sequence number = 909
Timeout, sequence number = 910
Timeout, sequence number = 910
Timeout, sequence number = 950
Timeout, sequence number = 957
Timeout, sequence number = 972
[SR CLIENT] Sent data seq=1000
[SR CLIENT] Received ACK seq=1000
Timeout, sequence number = 1005
Timeout, sequence number = 1012
Timeout, sequence number = 1066
Timeout, sequence number = 1005
[SR CLIENT] Sent data seq=1100
Timeout, sequence number = 1076
Timeout, sequence number = 1100
Timeout, sequence number = 1123
[SR CLIENT] Received ACK seq=1100
[SR CLIENT] Sent data seq=1200
[SR CLIENT] Received ACK seq=1200
Timeout, sequence number = 1158
Timeout, sequence number = 1191
Timeout, sequence number = 1207
Timeout, sequence number = 1191
Timeout, sequence number = 1250
[SR CLIENT] Sent data seq=1300
[SR CLIENT] Received ACK seq=1300
Timeout, sequence number = 1259
Timeout, sequence number = 1284
Timeout, sequence number = 1297
Timeout, sequence number = 1305
Timeout, sequence number = 1331
Timeout, sequence number = 1352
Timeout, sequence number = 1384
Timeout, sequence number = 1388
[SR CLIENT] Sent data seq=1400
[SR CLIENT] Received ACK seq=1400
Timeout, sequence number = 1404
Timeout, sequence number = 1409
Timeout, sequence number = 1413
Timeout, sequence number = 1418
Timeout, sequence number = 1463
[SR CLIENT] Sent data seq=1500
[SR CLIENT] Received ACK seq=1500
Timeout, sequence number = 1471
Timeout, sequence number = 1498
Timeout, sequence number = 1501
Timeout, sequence number = 1503
Timeout, sequence number = 1521
Timeout, sequence number = 1532
[SR CLIENT] Sent data seq=1600
[SR CLIENT] Received ACK seq=1600
Timeout, sequence number = 1551
Timeout, sequence number = 1566
Timeout, sequence number = 1585
Timeout, sequence number = 1596
Timeout, sequence number = 1605
Timeout, sequence number = 1625
Timeout, sequence number = 1646
Timeout, sequence number = 1679
Timeout, sequence number = 1683
[SR CLIENT] Sent data seq=1700
Timeout, sequence number = 1689
Timeout, sequence number = 1699
Timeout, sequence number = 1700
Timeout, sequence number = 1709
Timeout, sequence number = 1723
Timeout, sequence number = 1725
Timeout, sequence number = 1734
Timeout, sequence number = 1744
Timeout, sequence number = 1749
[SR CLIENT] Received ACK seq=1700
[SR CLIENT] Sent data seq=1800
[SR CLIENT] Received ACK seq=1800
Timeout, sequence number = 1760
Timeout, sequence number = 1807
[SR CLIENT] Sent data seq=1900
[SR CLIENT] Received ACK seq=1900
Timeout, sequence number = 1845
Timeout, sequence number = 1862
Timeout, sequence number = 1880
Timeout, sequence number = 1893
Timeout, sequence number = 1931
Timeout, sequence number = 1945
[SR CLIENT] Sent data seq=2000
[SR CLIENT] Received ACK seq=2000
Timeout, sequence number = 2009
Timeout, sequence number = 2053
Timeout, sequence number = 2070
Timeout, sequence number = 2009
[SR CLIENT] Sent data seq=2100
[SR CLIENT] Received ACK seq=2100
Timeout, sequence number = 2091
Timeout, sequence number = 2140
[SR CLIENT] Sent data seq=2200
[SR CLIENT] Received ACK seq=2200
Timeout, sequence number = 2159
Timeout, sequence number = 2160
Timeout, sequence number = 2184
Timeout, sequence number = 2188
Timeout, sequence number = 2159
Timeout, sequence number = 2159
Timeout, sequence number = 2233
Timeout, sequence number = 2249
[SR CLIENT] Sent data seq=2300
[SR CLIENT] Received ACK seq=2300
Timeout, sequence number = 2312
Timeout, sequence number = 2329
Timeout, sequence number = 2339
Timeout, sequence number = 2348
[SR CLIENT] Sent data seq=2400
[SR CLIENT] Received ACK seq=2400
Timeout, sequence number = 2385
Timeout, sequence number = 2389
Timeout, sequence number = 2420
Timeout, sequence number = 2420
Timeout, sequence number = 2469
Timeout, sequence number = 2473
Timeout, sequence number = 2478
Timeout, sequence number = 2481
[SR CLIENT] Sent data seq=2500
[SR CLIENT] Received ACK seq=2500
Timeout, sequence number = 2469
Timeout, sequence number = 2488
Timeout, sequence number = 2497
Timeout, sequence number = 2531
[SR CLIENT] Sent data seq=2600
[SR CLIENT] Received ACK seq=2600
Timeout, sequence number = 2537
Timeout, sequence number = 2547
[SR CLIENT] Sent data seq=2700
[SR CLIENT] Received ACK seq=2700
Timeout, sequence number = 2660
Timeout, sequence number = 2663
Timeout, sequence number = 2691
Timeout, sequence number = 2698
Timeout, sequence number = 2715
Timeout, sequence number = 2730
[SR CLIENT] Sent data seq=2800
Timeout, sequence number = 2759
Timeout, sequence number = 2770
Timeout, sequence number = 2786
Timeout, sequence number = 2800
Timeout, sequence number = 2805
Timeout, sequence number = 2819
[SR CLIENT] Received ACK seq=2800
Timeout, sequence number = 2770
Timeout, sequence number = 2819
[SR CLIENT] Sent data seq=2900
[SR CLIENT] Received ACK seq=2900
Timeout, sequence number = 2851
Timeout, sequence number = 2852
Timeout, sequence number = 2898
Timeout, sequence number = 2916
Timeout, sequence number = 2930
Timeout, sequence number = 2937
Timeout, sequence number = 2944
Timeout, sequence number = 2954
[SR CLIENT] Sent data seq=3000
[SR CLIENT] Received ACK seq=3000
Timeout, sequence number = 2977
Timeout, sequence number = 2988
Timeout, sequence number = 2993
[SR CLIENT] Summary: sent_packets=3001, ack_packets=3001, retransmitted_packets=172, timeout_events=172
Transfer complete. Delay = 25.345059 seconds

=== STDERR ===
