=== STDOUT ===
[SR CLIENT] Starting transfer: server=10.153.27.102:7735, file=demo_input.bin, N=64, MSS=400, total_segments=3001
[SR CLIENT] Sent data seq=0
[SR CLIENT] Sent data seq=1
[SR CLIENT] Sent data seq=2
[SR CLIENT] Sent data seq=3
[SR CLIENT] Sent data seq=4
[SR CLIENT] Received ACK seq=0
[SR CLIENT] Received ACK seq=1
[SR CLIENT] Received ACK seq=2
[SR CLIENT] Received ACK seq=3
[SR CLIENT] Received ACK seq=4
Timeout, sequence number = 7
Timeout, sequence number = 14
Timeout, sequence number = 20
Timeout, sequence number = 49
[SR CLIENT] Sent data seq=100
[SR CLIENT] Received ACK seq=100
[SR CLIENT] Sent data seq=200
[SR CLIENT] Received ACK seq=200
Timeout, sequence number = 166
Timeout, sequence number = 190
Timeout, sequence number = 209
[SR CLIENT] Sent data seq=300
[SR CLIENT] Received ACK seq=300
Timeout, sequence number = 261
Timeout, sequence number = 323
Timeout, sequence number = 331
Timeout, sequence number = 388
[SR CLIENT] Sent data seq=400
[SR CLIENT] Received ACK seq=400
Timeout, sequence number = 398
Timeout, sequence number = 420
Timeout, sequence number = 438
[SR CLIENT] Sent data seq=500
[SR CLIENT] Received ACK seq=500
Timeout, sequence number = 460
Timeout, sequence number = 506
Timeout, sequence number = 508
Timeout, sequence number = 460
Timeout, sequence number = 525
Timeout, sequence number = 531
Timeout, sequence number = 538
Timeout, sequence number = 552
Timeout, sequence number = 567
Timeout, sequence number = 580
Timeout, sequence number = 581
[SR CLIENT] Sent data seq=600
[SR CLIENT] Received ACK seq=600
Timeout, sequence number = 590
Timeout, sequence number = 605
Timeout, sequence number = 620
Timeout, sequence number = 631
Timeout, sequence number = 642
[SR CLIENT] Sent data seq=700
[SR CLIENT] Received ACK seq=700
Timeout, sequence number = 723
Timeout, sequence number = 725
Timeout, sequence number = 728
Timeout, sequence number = 732
Timeout, sequence number = 742
Timeout, sequence number = 744
Timeout, sequence number = 778
Timeout, sequence number = 783
[SR CLIENT] Sent data seq=800
[SR CLIENT] Received ACK seq=800
Timeout, sequence number = 791
[SR CLIENT] Sent data seq=900
[SR CLIENT] Received ACK seq=900
Timeout, sequence number = 909
Timeout, sequence number = 917
Timeout, sequence number = 925
Timeout, sequence number = 959
[SR CLIENT] Sent data seq=1000
Timeout, sequence number = 970
[SR CLIENT] Received ACK seq=1000
Timeout, sequence number = 1010
Timeout, sequence number = 1011
Timeout, sequence number = 970
[SR CLIENT] Sent data seq=1100
[SR CLIENT] Received ACK seq=1100
Timeout, sequence number = 1042
Timeout, sequence number = 1045
Timeout, sequence number = 1064
Timeout, sequence number = 1104
[SR CLIENT] Sent data seq=1200
[SR CLIENT] Received ACK seq=1200
Timeout, sequence number = 1148
Timeout, sequence number = 1159
Timeout, sequence number = 1162
Timeout, sequence number = 1165
Timeout, sequence number = 1206
Timeout, sequence number = 1215
Timeout, sequence number = 1236
Timeout, sequence number = 1267
[SR CLIENT] Sent data seq=1300
[SR CLIENT] Received ACK seq=1300
Timeout, sequence number = 1298
[SR CLIENT] Sent data seq=1400
[SR CLIENT] Received ACK seq=1400
Timeout, sequence number = 1363
Timeout, sequence number = 1366
Timeout, sequence number = 1391
Timeout, sequence number = 1397
Timeout, sequence number = 1412
Timeout, sequence number = 1423
[SR CLIENT] Sent data seq=1500
[SR CLIENT] Received ACK seq=1500
Timeout, sequence number = 1442
Timeout, sequence number = 1443
Timeout, sequence number = 1457
Timeout, sequence number = 1472
Timeout, sequence number = 1499
Timeout, sequence number = 1525
Timeout, sequence number = 1526
Timeout, sequence number = 1580
[SR CLIENT] Sent data seq=1600
[SR CLIENT] Received ACK seq=1600
Timeout, sequence number = 1593
Timeout, sequence number = 1604
Timeout, sequence number = 1632
Timeout, sequence number = 1634
Timeout, sequence number = 1635
Timeout, sequence number = 1647
Timeout, sequence number = 1649
[SR CLIENT] Sent data seq=1700
[SR CLIENT] Received ACK seq=1700
Timeout, sequence number = 1663
Timeout, sequence number = 1689
Timeout, sequence number = 1694
Timeout, sequence number = 1715
Timeout, sequence number = 1716
Timeout, sequence number = 1663
Timeout, sequence number = 1729
Timeout, sequence number = 1776
Timeout, sequence number = 1783
[SR CLIENT] Sent data seq=1800
Timeout, sequence number = 1794
Timeout, sequence number = 1800
Timeout, sequence number = 1811
Timeout, sequence number = 1814
[SR CLIENT] Received ACK seq=1800
[SR CLIENT] Sent data seq=1900
[SR CLIENT] Received ACK seq=1900
Timeout, sequence number = 1864
Timeout, sequence number = 1889
Timeout, sequence number = 1917
Timeout, sequence number = 1918
[SR CLIENT] Sent data seq=2000
Timeout, sequence number = 1940
Timeout, sequence number = 1984
Timeout, sequence number = 1989
Timeout, sequence number = 2000
Timeout, sequence number = 1984
Timeout, sequence number = 2000
Timeout, sequence number = 2010
Timeout, sequence number = 2035
[SR CLIENT] Received ACK seq=2000
[SR CLIENT] Sent data seq=2100
Timeout, sequence number = 2061
Timeout, sequence number = 2078
Timeout, sequence number = 2081
Timeout, sequence number = 2100
Timeout, sequence number = 2111
[SR CLIENT] Received ACK seq=2100
Timeout, sequence number = 2129
Timeout, sequence number = 2168
Timeout, sequence number = 2171
Timeout, sequence number = 2177
Timeout, sequence number = 2191
[SR CLIENT] Sent data seq=2200
[SR CLIENT] Received ACK seq=2200
Timeout, sequence number = 2204
Timeout, sequence number = 2221
Timeout, sequence number = 2234
Timeout, sequence number = 2247
[SR CLIENT] Sent data seq=2300
[SR CLIENT] Received ACK seq=2300
Timeout, sequence number = 2276
Timeout, sequence number = 2286
Timeout, sequence number = 2307
Timeout, sequence number = 2312
Timeout, sequence number = 2324
Timeout, sequence number = 2339
[SR CLIENT] Sent data seq=2400
[SR CLIENT] Received ACK seq=2400
Timeout, sequence number = 2353
Timeout, sequence number = 2356
Timeout, sequence number = 2358
Timeout, sequence number = 2362
Timeout, sequence number = 2375
Timeout, sequence number = 2379
Timeout, sequence number = 2381
Timeout, sequence number = 2383
Timeout, sequence number = 2388
Timeout, sequence number = 2392
Timeout, sequence number = 2375
[SR CLIENT] Sent data seq=2500
[SR CLIENT] Received ACK seq=2500
Timeout, sequence number = 2446
Timeout, sequence number = 2447
Timeout, sequence number = 2452
Timeout, sequence number = 2455
Timeout, sequence number = 2461
Timeout, sequence number = 2469
Timeout, sequence number = 2477
Timeout, sequence number = 2481
Timeout, sequence number = 2486
Timeout, sequence number = 2494
Timeout, sequence number = 2496
Timeout, sequence number = 2511
Timeout, sequence number = 2545
Timeout, sequence number = 2559
Timeout, sequence number = 2570
[SR CLIENT] Sent data seq=2600
[SR CLIENT] Received ACK seq=2600
Timeout, sequence number = 2587
Timeout, sequence number = 2620
Timeout, sequence number = 2624
Timeout, sequence number = 2634
Timeout, sequence number = 2647
[SR CLIENT] Sent data seq=2700
[SR CLIENT] Received ACK seq=2700
Timeout, sequence number = 2663
Timeout, sequence number = 2669
Timeout, sequence number = 2702
Timeout, sequence number = 2663
Timeout, sequence number = 2731
Timeout, sequence number = 2735
Timeout, sequence number = 2739
Timeout, sequence number = 2741
Timeout, sequence number = 2774
Timeout, sequence number = 2782
Timeout, sequence number = 2735
Timeout, sequence number = 2782
[SR CLIENT] Sent data seq=2800
[SR CLIENT] Received ACK seq=2800
[SR CLIENT] Sent data seq=2900
[SR CLIENT] Received ACK seq=2900
Timeout, sequence number = 2842
Timeout, sequence number = 2849
Timeout, sequence number = 2864
Timeout, sequence number = 2879
Timeout, sequence number = 2908
Timeout, sequence number = 2913
Timeout, sequence number = 2937
[SR CLIENT] Sent data seq=3000
[SR CLIENT] Received ACK seq=3000
Timeout, sequence number = 2977
[SR CLIENT] Summary: sent_packets=3001, ack_packets=3001, retransmitted_packets=177, timeout_events=177
Transfer complete. Delay = 24.119777 seconds

=== STDERR ===
