=== STDOUT ===
[SR CLIENT] Starting transfer: server=10.153.27.102:7735, file=demo_input.bin, N=64, MSS=400, total_segments=3001
[SR CLIENT] Sent data seq=0
[SR CLIENT] Sent data seq=1
[SR CLIENT] Sent data seq=2
[SR CLIENT] Sent data seq=3
[SR CLIENT] Sent data seq=4
[SR CLIENT] Received ACK seq=3
[SR CLIENT] Received ACK seq=1
[SR CLIENT] Received ACK seq=2
[SR CLIENT] Received ACK seq=0
[SR CLIENT] Received ACK seq=4
Timeout, sequence number = 5
Timeout, sequence number = 16
Timeout, sequence number = 22
Timeout, sequence number = 49
[SR CLIENT] Sent data seq=100
[SR CLIENT] Received ACK seq=100
Timeout, sequence number = 83
Timeout, sequence number = 85
Timeout, sequence number = 94
Timeout, sequence number = 99
Timeout, sequence number = 102
Timeout, sequence number = 83
Timeout, sequence number = 85
[SR CLIENT] Sent data seq=200
[SR CLIENT] Received ACK seq=200
Timeout, sequence number = 185
Timeout, sequence number = 201
Timeout, sequence number = 206
Timeout, sequence number = 216
Timeout, sequence number = 225
Timeout, sequence number = 229
[SR CLIENT] Sent data seq=300
[SR CLIENT] Received ACK seq=300
Timeout, sequence number = 270
Timeout, sequence number = 276
Timeout, sequence number = 308
[SR CLIENT] Sent data seq=400
[SR CLIENT] Received ACK seq=400
Timeout, sequence number = 349
Timeout, sequence number = 351
Timeout, sequence number = 386
Timeout, sequence number = 391
Timeout, sequence number = 415
Timeout, sequence number = 440
Timeout, sequence number = 451
[SR CLIENT] Sent data seq=500
[SR CLIENT] Received ACK seq=500
Timeout, sequence number = 484
Timeout, sequence number = 497
Timeout, sequence number = 498
Timeout, sequence number = 509
Timeout, sequence number = 515
Timeout, sequence number = 516
[SR CLIENT] Sent data seq=600
[SR CLIENT] Received ACK seq=600
Timeout, sequence number = 570
Timeout, sequence number = 572
Timeout, sequence number = 604
Timeout, sequence number = 604
Timeout, sequence number = 652
[SR CLIENT] Sent data seq=700
[SR CLIENT] Received ACK seq=700
Timeout, sequence number = 652
Timeout, sequence number = 669
Timeout, sequence number = 672
Timeout, sequence number = 717
Timeout, sequence number = 768
[SR CLIENT] Sent data seq=800
[SR CLIENT] Received ACK seq=800
Timeout, sequence number = 832
Timeout, sequence number = 852
[SR CLIENT] Sent data seq=900
[SR CLIENT] Received ACK seq=900
Timeout, sequence number = 896
Timeout, sequence number = 899
Timeout, sequence number = 931
Timeout, sequence number = 931
Timeout, sequence number = 973
Timeout, sequence number = 987
[SR CLIENT] Sent data seq=1000
[SR CLIENT] Received ACK seq=1000
Timeout, sequence number = 973
Timeout, sequence number = 998
Timeout, sequence number = 1011
[SR CLIENT] Sent data seq=1100
[SR CLIENT] Received ACK seq=1100
Timeout, sequence number = 1113
Timeout, sequence number = 1162
[SR CLIENT] Sent data seq=1200
[SR CLIENT] Received ACK seq=1200
Timeout, sequence number = 1187
Timeout, sequence number = 1198
[SR CLIENT] Sent data seq=1300
[SR CLIENT] Received ACK seq=1300
Timeout, sequence number = 1265
Timeout, sequence number = 1268
Timeout, sequence number = 1285
Timeout, sequence number = 1299
Timeout, sequence number = 1318
[SR CLIENT] Sent data seq=1400
[SR CLIENT] Received ACK seq=1400
Timeout, sequence number = 1341
Timeout, sequence number = 1347
Timeout, sequence number = 1367
Timeout, sequence number = 1384
Timeout, sequence number = 1429
Timeout, sequence number = 1430
Timeout, sequence number = 1469
[SR CLIENT] Sent data seq=1500
[SR CLIENT] Received ACK seq=1500
[SR CLIENT] Sent data seq=1600
[SR CLIENT] Received ACK seq=1600
Timeout, sequence number = 1538
Timeout, sequence number = 1542
Timeout, sequence number = 1545
Timeout, sequence number = 1547
Timeout, sequence number = 1581
[SR CLIENT] Sent data seq=1700
[SR CLIENT] Received ACK seq=1700
Timeout, sequence number = 1649
Timeout, sequence number = 1656
Timeout, sequence number = 1735
Timeout, sequence number = 1769
Timeout, sequence number = 1797
[SR CLIENT] Sent data seq=1800
[SR CLIENT] Received ACK seq=1800
Timeout, sequence number = 1817
Timeout, sequence number = 1825
Timeout, sequence number = 1849
Timeout, sequence number = 1859
[SR CLIENT] Sent data seq=1900
[SR CLIENT] Received ACK seq=1900
Timeout, sequence number = 1903
Timeout, sequence number = 1911
Timeout, sequence number = 1913
Timeout, sequence number = 1933
[SR CLIENT] Sent data seq=2000
Timeout, sequence number = 1971
Timeout, sequence number = 1973
Timeout, sequence number = 2000
Timeout, sequence number = 2011
Timeout, sequence number = 2027
Timeout, sequence number = 2032
[SR CLIENT] Received ACK seq=2000
[SR CLIENT] Sent data seq=2100
[SR CLIENT] Received ACK seq=2100
Timeout, sequence number = 2044
Timeout, sequence number = 2047
Timeout, sequence number = 2054
Timeout, sequence number = 2092
Timeout, sequence number = 2098
Timeout, sequence number = 2107
Timeout, sequence number = 2114
Timeout, sequence number = 2138
[SR CLIENT] Sent data seq=2200
[SR CLIENT] Received ACK seq=2200
Timeout, sequence number = 2210
Timeout, sequence number = 2212
Timeout, sequence number = 2248
Timeout, sequence number = 2255
Timeout, sequence number = 2258
Timeout, sequence number = 2273
[SR CLIENT] Sent data seq=2300
[SR CLIENT] Received ACK seq=2300
Timeout, sequence number = 2280
Timeout, sequence number = 2285
Timeout, sequence number = 2338
Timeout, sequence number = 2285
[SR CLIENT] Sent data seq=2400
[SR CLIENT] Received ACK seq=2400
Timeout, sequence number = 2366
Timeout, sequence number = 2370
Timeout, sequence number = 2398
Timeout, sequence number = 2414
Timeout, sequence number = 2420
[SR CLIENT] Sent data seq=2500
[SR CLIENT] Received ACK seq=2500
Timeout, sequence number = 2448
Timeout, sequence number = 2471
Timeout, sequence number = 2482
Timeout, sequence number = 2483
[SR CLIENT] Sent data seq=2600
[SR CLIENT] Received ACK seq=2600
Timeout, sequence number = 2547
Timeout, sequence number = 2617
Timeout, sequence number = 2646
Timeout, sequence number = 2666
[SR CLIENT] Sent data seq=2700
[SR CLIENT] Received ACK seq=2700
Timeout, sequence number = 2678
Timeout, sequence number = 2727
Timeout, sequence number = 2737
[SR CLIENT] Sent data seq=2800
[SR CLIENT] Received ACK seq=2800
Timeout, sequence number = 2750
Timeout, sequence number = 2754
Timeout, sequence number = 2763
Timeout, sequence number = 2787
Timeout, sequence number = 2822
Timeout, sequence number = 2849
[SR CLIENT] Sent data seq=2900
[SR CLIENT] Received ACK seq=2900
Timeout, sequence number = 2907
Timeout, sequence number = 2939
Timeout, sequence number = 2964
Timeout, sequence number = 2967
[SR CLIENT] Sent data seq=3000
[SR CLIENT] Received ACK seq=3000
Timeout, sequence number = 2971
Timeout, sequence number = 2979
[SR CLIENT] Summary: sent_packets=3001, ack_packets=3001, retransmitted_packets=140, timeout_events=140
Transfer complete. Delay = 21.836180 seconds

=== STDERR ===
