=== STDOUT ===
[SR CLIENT] Starting transfer: server=10.153.27.102:7735, file=demo_input.bin, N=64, MSS=100, total_segments=12001
[SR CLIENT] Sent data seq=0
[SR CLIENT] Sent data seq=1
[SR CLIENT] Sent data seq=2
[SR CLIENT] Sent data seq=3
[SR CLIENT] Sent data seq=4
[SR CLIENT] Received ACK seq=0
[SR CLIENT] Received ACK seq=1
[SR CLIENT] Received ACK seq=2
[SR CLIENT] Received ACK seq=3
[SR CLIENT] Received ACK seq=4
Timeout, sequence number = 5
Timeout, sequence number = 13
Timeout, sequence number = 26
Timeout, sequence number = 27
Timeout, sequence number = 46
Timeout, sequence number = 56
[SR CLIENT] Sent data seq=100
[SR CLIENT] Received ACK seq=100
Timeout, sequence number = 46
Timeout, sequence number = 116
Timeout, sequence number = 123
Timeout, sequence number = 125
Timeout, sequence number = 123
[SR CLIENT] Sent data seq=200
[SR CLIENT] Received ACK seq=200
Timeout, sequence number = 196
Timeout, sequence number = 210
Timeout, sequence number = 211
Timeout, sequence number = 231
Timeout, sequence number = 246
[SR CLIENT] Sent data seq=300
[SR CLIENT] Received ACK seq=300
Timeout, sequence number = 284
Timeout, sequence number = 290
Timeout, sequence number = 308
[SR CLIENT] Sent data seq=400
[SR CLIENT] Received ACK seq=400
Timeout, sequence number = 356
Timeout, sequence number = 371
Timeout, sequence number = 392
Timeout, sequence number = 404
Timeout, sequence number = 413
Timeout, sequence number = 428
Timeout, sequence number = 470
Timeout, sequence number = 472
[SR CLIENT] Sent data seq=500
[SR CLIENT] Received ACK seq=500
Timeout, sequence number = 489
Timeout, sequence number = 494
Timeout, sequence number = 502
Timeout, sequence number = 520
Timeout, sequence number = 535
Timeout, sequence number = 536
Timeout, sequence number = 550
[SR CLIENT] Sent data seq=600
[SR CLIENT] Received ACK seq=600
Timeout, sequence number = 550
Timeout, sequence number = 591
Timeout, sequence number = 608
Timeout, sequence number = 591
Timeout, sequence number = 615
Timeout, sequence number = 624
Timeout, sequence number = 631
Timeout, sequence number = 650
[SR CLIENT] Sent data seq=700
[SR CLIENT] Received ACK seq=700
Timeout, sequence number = 675
Timeout, sequence number = 688
Timeout, sequence number = 692
Timeout, sequence number = 706
Timeout, sequence number = 713
Timeout, sequence number = 714
Timeout, sequence number = 735
[SR CLIENT] Sent data seq=800
[SR CLIENT] Received ACK seq=800
Timeout, sequence number = 787
Timeout, sequence number = 810
Timeout, sequence number = 817
Timeout, sequence number = 848
[SR CLIENT] Sent data seq=900
[SR CLIENT] Received ACK seq=900
Timeout, sequence number = 871
Timeout, sequence number = 875
Timeout, sequence number = 913
[SR CLIENT] Sent data seq=1000
[SR CLIENT] Received ACK seq=1000
Timeout, sequence number = 942
Timeout, sequence number = 965
Timeout, sequence number = 970
[SR CLIENT] Sent data seq=1100
[SR CLIENT] Received ACK seq=1100
Timeout, sequence number = 1056
Timeout, sequence number = 1076
Timeout, sequence number = 1083
Timeout, sequence number = 1090
Timeout, sequence number = 1113
Timeout, sequence number = 1083
Timeout, sequence number = 1120
Timeout, sequence number = 1128
[SR CLIENT] Sent data seq=1200
[SR CLIENT] Received ACK seq=1200
Timeout, sequence number = 1164
Timeout, sequence number = 1170
Timeout, sequence number = 1193
Timeout, sequence number = 1206
Timeout, sequence number = 1214
Timeout, sequence number = 1226
[SR CLIENT] Sent data seq=1300
[SR CLIENT] Received ACK seq=1300
Timeout, sequence number = 1284
Timeout, sequence number = 1297
Timeout, sequence number = 1323
Timeout, sequence number = 1345
[SR CLIENT] Sent data seq=1400
[SR CLIENT] Received ACK seq=1400
Timeout, sequence number = 1363
Timeout, sequence number = 1425
Timeout, sequence number = 1430
Timeout, sequence number = 1480
Timeout, sequence number = 1488
[SR CLIENT] Sent data seq=1500
Timeout, sequence number = 1489
Timeout, sequence number = 1492
[SR CLIENT] Received ACK seq=1500
Timeout, sequence number = 1488
Timeout, sequence number = 1503
Timeout, sequence number = 1514
Timeout, sequence number = 1528
Timeout, sequence number = 1538
Timeout, sequence number = 1543
[SR CLIENT] Sent data seq=1600
[SR CLIENT] Received ACK seq=1600
Timeout, sequence number = 1589
Timeout, sequence number = 1605
[SR CLIENT] Sent data seq=1700
Timeout, sequence number = 1652
[SR CLIENT] Received ACK seq=1700
Timeout, sequence number = 1671
Timeout, sequence number = 1728
[SR CLIENT] Sent data seq=1800
Timeout, sequence number = 1737
Timeout, sequence number = 1752
Timeout, sequence number = 1755
Timeout, sequence number = 1768
Timeout, sequence number = 1785
Timeout, sequence number = 1800
[SR CLIENT] Received ACK seq=1800
[SR CLIENT] Sent data seq=1900
[SR CLIENT] Received ACK seq=1900
Timeout, sequence number = 1874
Timeout, sequence number = 1877
Timeout, sequence number = 1910
Timeout, sequence number = 1937
[SR CLIENT] Sent data seq=2000
Timeout, sequence number = 1974
Timeout, sequence number = 1987
Timeout, sequence number = 2000
[SR CLIENT] Received ACK seq=2000
Timeout, sequence number = 2020
[SR CLIENT] Sent data seq=2100
[SR CLIENT] Received ACK seq=2100
Timeout, sequence number = 2082
Timeout, sequence number = 2085
Timeout, sequence number = 2096
Timeout, sequence number = 2118
Timeout, sequence number = 2132
Timeout, sequence number = 2134
[SR CLIENT] Sent data seq=2200
[SR CLIENT] Received ACK seq=2200
Timeout, sequence number = 2158
Timeout, sequence number = 2180
[SR CLIENT] Sent data seq=2300
[SR CLIENT] Received ACK seq=2300
Timeout, sequence number = 2252
Timeout, sequence number = 2256
Timeout, sequence number = 2263
Timeout, sequence number = 2293
Timeout, sequence number = 2297
Timeout, sequence number = 2332
Timeout, sequence number = 2336
[SR CLIENT] Sent data seq=2400
[SR CLIENT] Received ACK seq=2400
Timeout, sequence number = 2425
[SR CLIENT] Sent data seq=2500
Timeout, sequence number = 2463
Timeout, sequence number = 2480
Timeout, sequence number = 2482
[SR CLIENT] Received ACK seq=2500
Timeout, sequence number = 2526
Timeout, sequence number = 2531
Timeout, sequence number = 2540
Timeout, sequence number = 2542
[SR CLIENT] Sent data seq=2600
[SR CLIENT] Received ACK seq=2600
Timeout, sequence number = 2542
Timeout, sequence number = 2593
Timeout, sequence number = 2605
Timeout, sequence number = 2623
Timeout, sequence number = 2628
Timeout, sequence number = 2639
[SR CLIENT] Sent data seq=2700
[SR CLIENT] Received ACK seq=2700
Timeout, sequence number = 2657
Timeout, sequence number = 2663
Timeout, sequence number = 2664
Timeout, sequence number = 2674
Timeout, sequence number = 2678
Timeout, sequence number = 2690
Timeout, sequence number = 2713
Timeout, sequence number = 2749
[SR CLIENT] Sent data seq=2800
[SR CLIENT] Received ACK seq=2800
Timeout, sequence number = 2775
Timeout, sequence number = 2790
Timeout, sequence number = 2837
[SR CLIENT] Sent data seq=2900
[SR CLIENT] Received ACK seq=2900
Timeout, sequence number = 2851
Timeout, sequence number = 2852
Timeout, sequence number = 2882
Timeout, sequence number = 2895
Timeout, sequence number = 2897
Timeout, sequence number = 2926
[SR CLIENT] Sent data seq=3000
[SR CLIENT] Received ACK seq=3000
Timeout, sequence number = 2947
Timeout, sequence number = 2958
Timeout, sequence number = 2992
Timeout, sequence number = 2998
[SR CLIENT] Sent data seq=3100
[SR CLIENT] Received ACK seq=3100
Timeout, sequence number = 3042
Timeout, sequence number = 3048
Timeout, sequence number = 3062
Timeout, sequence number = 3098
Timeout, sequence number = 3125
[SR CLIENT] Sent data seq=3200
[SR CLIENT] Received ACK seq=3200
Timeout, sequence number = 3167
Timeout, sequence number = 3181
Timeout, sequence number = 3210
Timeout, sequence number = 3211
Timeout, sequence number = 3217
Timeout, sequence number = 3236
[SR CLIENT] Sent data seq=3300
[SR CLIENT] Received ACK seq=3300
Timeout, sequence number = 3308
Timeout, sequence number = 3324
Timeout, sequence number = 3343
Timeout, sequence number = 3351
Timeout, sequence number = 3362
[SR CLIENT] Sent data seq=3400
[SR CLIENT] Received ACK seq=3400
Timeout, sequence number = 3414
Timeout, sequence number = 3425
Timeout, sequence number = 3432
Timeout, sequence number = 3469
[SR CLIENT] Sent data seq=3500
[SR CLIENT] Received ACK seq=3500
Timeout, sequence number = 3503
Timeout, sequence number = 3512
Timeout, sequence number = 3519
Timeout, sequence number = 3551
Timeout, sequence number = 3557
Timeout, sequence number = 3564
[SR CLIENT] Sent data seq=3600
[SR CLIENT] Received ACK seq=3600
Timeout, sequence number = 3557
Timeout, sequence number = 3579
Timeout, sequence number = 3594
Timeout, sequence number = 3595
Timeout, sequence number = 3622
Timeout, sequence number = 3643
[SR CLIENT] Sent data seq=3700
[SR CLIENT] Received ACK seq=3700
Timeout, sequence number = 3709
Timeout, sequence number = 3723
Timeout, sequence number = 3768
[SR CLIENT] Sent data seq=3800
[SR CLIENT] Received ACK seq=3800
Timeout, sequence number = 3799
Timeout, sequence number = 3818
Timeout, sequence number = 3824
[SR CLIENT] Sent data seq=3900
[SR CLIENT] Received ACK seq=3900
Timeout, sequence number = 3881
Timeout, sequence number = 3909
Timeout, sequence number = 3931
[SR CLIENT] Sent data seq=4000
[SR CLIENT] Received ACK seq=4000
Timeout, sequence number = 3964
Timeout, sequence number = 3971
Timeout, sequence number = 3978
Timeout, sequence number = 3993
Timeout, sequence number = 4006
Timeout, sequence number = 4025
[SR CLIENT] Sent data seq=4100
[SR CLIENT] Received ACK seq=4100
Timeout, sequence number = 4048
Timeout, sequence number = 4052
Timeout, sequence number = 4067
Timeout, sequence number = 4070
Timeout, sequence number = 4074
Timeout, sequence number = 4092
Timeout, sequence number = 4093
Timeout, sequence number = 4127
Timeout, sequence number = 4142
[SR CLIENT] Sent data seq=4200
[SR CLIENT] Received ACK seq=4200
Timeout, sequence number = 4182
Timeout, sequence number = 4223
[SR CLIENT] Sent data seq=4300
[SR CLIENT] Received ACK seq=4300
Timeout, sequence number = 4283
Timeout, sequence number = 4303
Timeout, sequence number = 4317
Timeout, sequence number = 4333
[SR CLIENT] Sent data seq=4400
[SR CLIENT] Received ACK seq=4400
Timeout, sequence number = 4359
Timeout, sequence number = 4389
Timeout, sequence number = 4416
Timeout, sequence number = 4359
Timeout, sequence number = 4423
Timeout, sequence number = 4440
Timeout, sequence number = 4463
Timeout, sequence number = 4477
[SR CLIENT] Sent data seq=4500
[SR CLIENT] Received ACK seq=4500
Timeout, sequence number = 4463
Timeout, sequence number = 4501
Timeout, sequence number = 4506
[SR CLIENT] Sent data seq=4600
[SR CLIENT] Received ACK seq=4600
Timeout, sequence number = 4562
Timeout, sequence number = 4571
Timeout, sequence number = 4627
Timeout, sequence number = 4632
Timeout, sequence number = 4677
Timeout, sequence number = 4689
[SR CLIENT] Sent data seq=4700
[SR CLIENT] Received ACK seq=4700
Timeout, sequence number = 4696
Timeout, sequence number = 4744
Timeout, sequence number = 4757
[SR CLIENT] Sent data seq=4800
[SR CLIENT] Received ACK seq=4800
Timeout, sequence number = 4780
Timeout, sequence number = 4784
[SR CLIENT] Sent data seq=4900
[SR CLIENT] Received ACK seq=4900
Timeout, sequence number = 4854
Timeout, sequence number = 4892
Timeout, sequence number = 4896
Timeout, sequence number = 4901
Timeout, sequence number = 4909
Timeout, sequence number = 4918
Timeout, sequence number = 4961
Timeout, sequence number = 4966
[SR CLIENT] Sent data seq=5000
[SR CLIENT] Received ACK seq=5000
Timeout, sequence number = 4961
Timeout, sequence number = 4988
Timeout, sequence number = 4998
Timeout, sequence number = 4999
Timeout, sequence number = 5001
Timeout, sequence number = 5004
Timeout, sequence number = 5001
[SR CLIENT] Sent data seq=5100
Timeout, sequence number = 5037
Timeout, sequence number = 5060
[SR CLIENT] Received ACK seq=5100
[SR CLIENT] Sent data seq=5200
[SR CLIENT] Received ACK seq=5200
Timeout, sequence number = 5142
Timeout, sequence number = 5159
Timeout, sequence number = 5162
Timeout, sequence number = 5175
Timeout, sequence number = 5201
[SR CLIENT] Sent data seq=5300
[SR CLIENT] Received ACK seq=5300
Timeout, sequence number = 5282
Timeout, sequence number = 5313
Timeout, sequence number = 5319
Timeout, sequence number = 5337
[SR CLIENT] Sent data seq=5400
[SR CLIENT] Received ACK seq=5400
Timeout, sequence number = 5368
Timeout, sequence number = 5416
Timeout, sequence number = 5424
Timeout, sequence number = 5431
[SR CLIENT] Sent data seq=5500
[SR CLIENT] Received ACK seq=5500
Timeout, sequence number = 5439
Timeout, sequence number = 5452
Timeout, sequence number = 5483
Timeout, sequence number = 5488
Timeout, sequence number = 5492
Timeout, sequence number = 5439
Timeout, sequence number = 5505
Timeout, sequence number = 5543
Timeout, sequence number = 5549
[SR CLIENT] Sent data seq=5600
[SR CLIENT] Received ACK seq=5600
Timeout, sequence number = 5571
Timeout, sequence number = 5572
Timeout, sequence number = 5573
Timeout, sequence number = 5593
Timeout, sequence number = 5596
Timeout, sequence number = 5627
Timeout, sequence number = 5571
[SR CLIENT] Sent data seq=5700
[SR CLIENT] Received ACK seq=5700
Timeout, sequence number = 5644
Timeout, sequence number = 5645
Timeout, sequence number = 5650
Timeout, sequence number = 5674
Timeout, sequence number = 5675
Timeout, sequence number = 5691
Timeout, sequence number = 5650
Timeout, sequence number = 5736
Timeout, sequence number = 5743
Timeout, sequence number = 5760
Timeout, sequence number = 5781
Timeout, sequence number = 5795
[SR CLIENT] Sent data seq=5800
[SR CLIENT] Received ACK seq=5800
Timeout, sequence number = 5816
Timeout, sequence number = 5823
Timeout, sequence number = 5875
[SR CLIENT] Sent data seq=5900
[SR CLIENT] Received ACK seq=5900
Timeout, sequence number = 5893
Timeout, sequence number = 5918
[SR CLIENT] Sent data seq=6000
[SR CLIENT] Received ACK seq=6000
Timeout, sequence number = 5964
Timeout, sequence number = 5975
Timeout, sequence number = 5983
Timeout, sequence number = 6027
Timeout, sequence number = 6029
Timeout, sequence number = 6043
Timeout, sequence number = 6051
Timeout, sequence number = 6064
Timeout, sequence number = 6067
[SR CLIENT] Sent data seq=6100
[SR CLIENT] Received ACK seq=6100
Timeout, sequence number = 6110
Timeout, sequence number = 6111
Timeout, sequence number = 6138
Timeout, sequence number = 6152
Timeout, sequence number = 6157
Timeout, sequence number = 6110
[SR CLIENT] Sent data seq=6200
[SR CLIENT] Received ACK seq=6200
Timeout, sequence number = 6193
Timeout, sequence number = 6207
Timeout, sequence number = 6221
[SR CLIENT] Sent data seq=6300
[SR CLIENT] Received ACK seq=6300
Timeout, sequence number = 6265
Timeout, sequence number = 6298
Timeout, sequence number = 6321
[SR CLIENT] Sent data seq=6400
[SR CLIENT] Received ACK seq=6400
Timeout, sequence number = 6360
Timeout, sequence number = 6391
Timeout, sequence number = 6398
Timeout, sequence number = 6404
Timeout, sequence number = 6404
Timeout, sequence number = 6436
Timeout, sequence number = 6440
Timeout, sequence number = 6446
[SR CLIENT] Sent data seq=6500
[SR CLIENT] Received ACK seq=6500
Timeout, sequence number = 6486
Timeout, sequence number = 6493
Timeout, sequence number = 6509
Timeout, sequence number = 6519
Timeout, sequence number = 6527
Timeout, sequence number = 6534
[SR CLIENT] Sent data seq=6600
[SR CLIENT] Received ACK seq=6600
Timeout, sequence number = 6577
Timeout, sequence number = 6579
Timeout, sequence number = 6588
Timeout, sequence number = 6595
Timeout, sequence number = 6606
Timeout, sequence number = 6619
Timeout, sequence number = 6634
Timeout, sequence number = 6579
[SR CLIENT] Sent data seq=6700
[SR CLIENT] Received ACK seq=6700
Timeout, sequence number = 6649
Timeout, sequence number = 6667
Timeout, sequence number = 6683
Timeout, sequence number = 6687
Timeout, sequence number = 6713
Timeout, sequence number = 6717
Timeout, sequence number = 6722
Timeout, sequence number = 6726
Timeout, sequence number = 6738
Timeout, sequence number = 6741
[SR CLIENT] Sent data seq=6800
[SR CLIENT] Received ACK seq=6800
Timeout, sequence number = 6741
Timeout, sequence number = 6803
[SR CLIENT] Sent data seq=6900
[SR CLIENT] Received ACK seq=6900
Timeout, sequence number = 6841
Timeout, sequence number = 6858
Timeout, sequence number = 6867
Timeout, sequence number = 6874
Timeout, sequence number = 6883
Timeout, sequence number = 6888
Timeout, sequence number = 6914
Timeout, sequence number = 6926
Timeout, sequence number = 6934
Timeout, sequence number = 6952
Timeout, sequence number = 6964
Timeout, sequence number = 6914
[SR CLIENT] Sent data seq=7000
[SR CLIENT] Received ACK seq=7000
Timeout, sequence number = 6982
Timeout, sequence number = 6997
Timeout, sequence number = 6998
Timeout, sequence number = 7021
[SR CLIENT] Sent data seq=7100
[SR CLIENT] Received ACK seq=7100
Timeout, sequence number = 7051
Timeout, sequence number = 7052
Timeout, sequence number = 7072
Timeout, sequence number = 7075
Timeout, sequence number = 7082
Timeout, sequence number = 7083
Timeout, sequence number = 7087
Timeout, sequence number = 7093
Timeout, sequence number = 7110
Timeout, sequence number = 7121
Timeout, sequence number = 7137
Timeout, sequence number = 7143
Timeout, sequence number = 7144
Timeout, sequence number = 7145
Timeout, sequence number = 7146
Timeout, sequence number = 7147
Timeout, sequence number = 7148
Timeout, sequence number = 7149
Timeout, sequence number = 7150
Timeout, sequence number = 7151
Timeout, sequence number = 7152
Timeout, sequence number = 7153
Timeout, sequence number = 7154
Timeout, sequence number = 7155
Timeout, sequence number = 7156
Timeout, sequence number = 7157
Timeout, sequence number = 7158
Timeout, sequence number = 7159
Timeout, sequence number = 7160
Timeout, sequence number = 7161
Timeout, sequence number = 7162
Timeout, sequence number = 7163
Timeout, sequence number = 7164
Timeout, sequence number = 7165
Timeout, sequence number = 7166
Timeout, sequence number = 7167
Timeout, sequence number = 7168
Timeout, sequence number = 7169
Timeout, sequence number = 7170
Timeout, sequence number = 7171
Timeout, sequence number = 7172
Timeout, sequence number = 7173
Timeout, sequence number = 7174
Timeout, sequence number = 7175
Timeout, sequence number = 7176
Timeout, sequence number = 7177
Timeout, sequence number = 7178
[SR CLIENT] Sent data seq=7200
[SR CLIENT] Received ACK seq=7200
Timeout, sequence number = 7181
Timeout, sequence number = 7154
Timeout, sequence number = 7186
Timeout, sequence number = 7198
[SR CLIENT] Sent data seq=7300
[SR CLIENT] Received ACK seq=7300
Timeout, sequence number = 7239
Timeout, sequence number = 7281
Timeout, sequence number = 7239
Timeout, sequence number = 7307
Timeout, sequence number = 7349
[SR CLIENT] Sent data seq=7400
[SR CLIENT] Received ACK seq=7400
Timeout, sequence number = 7349
Timeout, sequence number = 7371
Timeout, sequence number = 7374
Timeout, sequence number = 7379
Timeout, sequence number = 7404
Timeout, sequence number = 7410
Timeout, sequence number = 7422
Timeout, sequence number = 7451
Timeout, sequence number = 7472
Timeout, sequence number = 7482
[SR CLIENT] Sent data seq=7500
[SR CLIENT] Received ACK seq=7500
Timeout, sequence number = 7472
Timeout, sequence number = 7504
Timeout, sequence number = 7511
[SR CLIENT] Sent data seq=7600
[SR CLIENT] Received ACK seq=7600
Timeout, sequence number = 7539
Timeout, sequence number = 7544
Timeout, sequence number = 7574
Timeout, sequence number = 7577
Timeout, sequence number = 7539
Timeout, sequence number = 7609
Timeout, sequence number = 7643
Timeout, sequence number = 7648
[SR CLIENT] Sent data seq=7700
[SR CLIENT] Received ACK seq=7700
Timeout, sequence number = 7682
Timeout, sequence number = 7687
Timeout, sequence number = 7698
Timeout, sequence number = 7714
Timeout, sequence number = 7717
Timeout, sequence number = 7719
Timeout, sequence number = 7730
Timeout, sequence number = 7730
Timeout, sequence number = 7754
Timeout, sequence number = 7758
Timeout, sequence number = 7768
Timeout, sequence number = 7730
[SR CLIENT] Sent data seq=7800
Timeout, sequence number = 7794
Timeout, sequence number = 7795
Timeout, sequence number = 7796
Timeout, sequence number = 7797
Timeout, sequence number = 7798
Timeout, sequence number = 7799
Timeout, sequence number = 7800
Timeout, sequence number = 7801
Timeout, sequence number = 7802
Timeout, sequence number = 7803
Timeout, sequence number = 7804
Timeout, sequence number = 7805
Timeout, sequence number = 7806
Timeout, sequence number = 7807
Timeout, sequence number = 7808
Timeout, sequence number = 7809
Timeout, sequence number = 7810
Timeout, sequence number = 7811
Timeout, sequence number = 7812
Timeout, sequence number = 7813
Timeout, sequence number = 7814
Timeout, sequence number = 7815
Timeout, sequence number = 7816
Timeout, sequence number = 7817
Timeout, sequence number = 7818
Timeout, sequence number = 7819
Timeout, sequence number = 7820
Timeout, sequence number = 7830
Timeout, sequence number = 7844
Timeout, sequence number = 7845
Timeout, sequence number = 7846
Timeout, sequence number = 7847
Timeout, sequence number = 7848
Timeout, sequence number = 7849
Timeout, sequence number = 7850
Timeout, sequence number = 7851
Timeout, sequence number = 7852
Timeout, sequence number = 7853
Timeout, sequence number = 7854
Timeout, sequence number = 7855
Timeout, sequence number = 7856
Timeout, sequence number = 7857
[SR CLIENT] Received ACK seq=7800
Timeout, sequence number = 7796
[SR CLIENT] Sent data seq=7900
[SR CLIENT] Received ACK seq=7900
Timeout, sequence number = 7881
Timeout, sequence number = 7899
Timeout, sequence number = 7914
Timeout, sequence number = 7933
Timeout, sequence number = 7939
[SR CLIENT] Sent data seq=8000
[SR CLIENT] Received ACK seq=8000
Timeout, sequence number = 7988
Timeout, sequence number = 8012
Timeout, sequence number = 8026
Timeout, sequence number = 8028
[SR CLIENT] Sent data seq=8100
[SR CLIENT] Received ACK seq=8100
Timeout, sequence number = 8107
Timeout, sequence number = 8147
[SR CLIENT] Sent data seq=8200
[SR CLIENT] Received ACK seq=8200
[SR CLIENT] Sent data seq=8300
[SR CLIENT] Received ACK seq=8300
Timeout, sequence number = 8238
Timeout, sequence number = 8242
Timeout, sequence number = 8269
Timeout, sequence number = 8295
Timeout, sequence number = 8269
Timeout, sequence number = 8322
Timeout, sequence number = 8328
[SR CLIENT] Sent data seq=8400
[SR CLIENT] Received ACK seq=8400
Timeout, sequence number = 8343
Timeout, sequence number = 8387
Timeout, sequence number = 8394
[SR CLIENT] Sent data seq=8500
[SR CLIENT] Received ACK seq=8500
Timeout, sequence number = 8460
Timeout, sequence number = 8497
Timeout, sequence number = 8515
Timeout, sequence number = 8516
Timeout, sequence number = 8517
Timeout, sequence number = 8518
[SR CLIENT] Sent data seq=8600
[SR CLIENT] Received ACK seq=8600
Timeout, sequence number = 8572
Timeout, sequence number = 8615
Timeout, sequence number = 8617
[SR CLIENT] Sent data seq=8700
[SR CLIENT] Received ACK seq=8700
Timeout, sequence number = 8644
Timeout, sequence number = 8678
Timeout, sequence number = 8698
[SR CLIENT] Sent data seq=8800
[SR CLIENT] Received ACK seq=8800
Timeout, sequence number = 8781
Timeout, sequence number = 8785
Timeout, sequence number = 8793
Timeout, sequence number = 8819
Timeout, sequence number = 8839
Timeout, sequence number = 8781
[SR CLIENT] Sent data seq=8900
[SR CLIENT] Received ACK seq=8900
Timeout, sequence number = 8875
Timeout, sequence number = 8877
Timeout, sequence number = 8878
Timeout, sequence number = 8884
Timeout, sequence number = 8889
Timeout, sequence number = 8895
Timeout, sequence number = 8917
[SR CLIENT] Sent data seq=9000
[SR CLIENT] Received ACK seq=9000
Timeout, sequence number = 8969
Timeout, sequence number = 9011
Timeout, sequence number = 9013
Timeout, sequence number = 9020
[SR CLIENT] Sent data seq=9100
[SR CLIENT] Received ACK seq=9100
Timeout, sequence number = 9057
Timeout, sequence number = 9076
Timeout, sequence number = 9093
Timeout, sequence number = 9103
[SR CLIENT] Sent data seq=9200
[SR CLIENT] Received ACK seq=9200
Timeout, sequence number = 9170
Timeout, sequence number = 9176
Timeout, sequence number = 9178
Timeout, sequence number = 9184
Timeout, sequence number = 9209
Timeout, sequence number = 9217
Timeout, sequence number = 9231
Timeout, sequence number = 9170
Timeout, sequence number = 9170
[SR CLIENT] Sent data seq=9300
[SR CLIENT] Received ACK seq=9300
Timeout, sequence number = 9249
Timeout, sequence number = 9260
Timeout, sequence number = 9270
Timeout, sequence number = 9332
Timeout, sequence number = 9335
Timeout, sequence number = 9364
Timeout, sequence number = 9370
[SR CLIENT] Sent data seq=9400
[SR CLIENT] Received ACK seq=9400
[SR CLIENT] Sent data seq=9500
[SR CLIENT] Received ACK seq=9500
Timeout, sequence number = 9471
Timeout, sequence number = 9488
[SR CLIENT] Sent data seq=9600
[SR CLIENT] Received ACK seq=9600
Timeout, sequence number = 9559
Timeout, sequence number = 9571
Timeout, sequence number = 9579
Timeout, sequence number = 9627
Timeout, sequence number = 9638
Timeout, sequence number = 9640
Timeout, sequence number = 9644
Timeout, sequence number = 9658
Timeout, sequence number = 9674
[SR CLIENT] Sent data seq=9700
[SR CLIENT] Received ACK seq=9700
Timeout, sequence number = 9717
[SR CLIENT] Sent data seq=9800
[SR CLIENT] Received ACK seq=9800
Timeout, sequence number = 9759
Timeout, sequence number = 9760
Timeout, sequence number = 9791
Timeout, sequence number = 9809
Timeout, sequence number = 9815
Timeout, sequence number = 9836
Timeout, sequence number = 9850
[SR CLIENT] Sent data seq=9900
[SR CLIENT] Received ACK seq=9900
Timeout, sequence number = 9870
Timeout, sequence number = 9921
Timeout, sequence number = 9922
Timeout, sequence number = 9936
Timeout, sequence number = 9948
Timeout, sequence number = 9981
[SR CLIENT] Sent data seq=10000
[SR CLIENT] Received ACK seq=10000
Timeout, sequence number = 9990
Timeout, sequence number = 10011
[SR CLIENT] Sent data seq=10100
[SR CLIENT] Received ACK seq=10100
Timeout, sequence number = 10055
Timeout, sequence number = 10085
Timeout, sequence number = 10098
Timeout, sequence number = 10098
Timeout, sequence number = 10149
Timeout, sequence number = 10161
[SR CLIENT] Sent data seq=10200
[SR CLIENT] Received ACK seq=10200
Timeout, sequence number = 10161
Timeout, sequence number = 10180
Timeout, sequence number = 10181
Timeout, sequence number = 10188
Timeout, sequence number = 10199
Timeout, sequence number = 10202
[SR CLIENT] Sent data seq=10300
[SR CLIENT] Received ACK seq=10300
Timeout, sequence number = 10284
Timeout, sequence number = 10297
Timeout, sequence number = 10325
Timeout, sequence number = 10327
Timeout, sequence number = 10339
[SR CLIENT] Sent data seq=10400
[SR CLIENT] Received ACK seq=10400
Timeout, sequence number = 10374
Timeout, sequence number = 10401
Timeout, sequence number = 10403
Timeout, sequence number = 10423
Timeout, sequence number = 10424
Timeout, sequence number = 10374
[SR CLIENT] Sent data seq=10500
[SR CLIENT] Received ACK seq=10500
Timeout, sequence number = 10494
Timeout, sequence number = 10543
Timeout, sequence number = 10553
[SR CLIENT] Sent data seq=10600
[SR CLIENT] Received ACK seq=10600
Timeout, sequence number = 10559
Timeout, sequence number = 10610
Timeout, sequence number = 10621
[SR CLIENT] Sent data seq=10700
[SR CLIENT] Received ACK seq=10700
Timeout, sequence number = 10641
Timeout, sequence number = 10647
Timeout, sequence number = 10684
Timeout, sequence number = 10719
Timeout, sequence number = 10744
Timeout, sequence number = 10746
Timeout, sequence number = 10753
Timeout, sequence number = 10759
[SR CLIENT] Sent data seq=10800
[SR CLIENT] Received ACK seq=10800
[SR CLIENT] Sent data seq=10900
[SR CLIENT] Received ACK seq=10900
Timeout, sequence number = 10847
Timeout, sequence number = 10849
Timeout, sequence number = 10869
Timeout, sequence number = 10896
Timeout, sequence number = 10896
Timeout, sequence number = 10917
Timeout, sequence number = 10924
Timeout, sequence number = 10950
Timeout, sequence number = 10953
[SR CLIENT] Sent data seq=11000
[SR CLIENT] Received ACK seq=11000
Timeout, sequence number = 10983
Timeout, sequence number = 10990
Timeout, sequence number = 11009
Timeout, sequence number = 11031
[SR CLIENT] Sent data seq=11100
[SR CLIENT] Received ACK seq=11100
Timeout, sequence number = 11048
Timeout, sequence number = 11099
[SR CLIENT] Sent data seq=11200
[SR CLIENT] Received ACK seq=11200
Timeout, sequence number = 11143
Timeout, sequence number = 11149
Timeout, sequence number = 11185
[SR CLIENT] Sent data seq=11300
[SR CLIENT] Received ACK seq=11300
Timeout, sequence number = 11264
Timeout, sequence number = 11266
Timeout, sequence number = 11285
Timeout, sequence number = 11288
Timeout, sequence number = 11319
[SR CLIENT] Sent data seq=11400
[SR CLIENT] Received ACK seq=11400
Timeout, sequence number = 11345
Timeout, sequence number = 11347
Timeout, sequence number = 11361
Timeout, sequence number = 11380
Timeout, sequence number = 11389
Timeout, sequence number = 11393
Timeout, sequence number = 11347
[SR CLIENT] Sent data seq=11500
[SR CLIENT] Received ACK seq=11500
Timeout, sequence number = 11437
Timeout, sequence number = 11446
Timeout, sequence number = 11455
Timeout, sequence number = 11478
Timeout, sequence number = 11501
Timeout, sequence number = 11511
Timeout, sequence number = 11516
Timeout, sequence number = 11518
Timeout, sequence number = 11537
[SR CLIENT] Sent data seq=11600
[SR CLIENT] Received ACK seq=11600
[SR CLIENT] Sent data seq=11700
[SR CLIENT] Received ACK seq=11700
Timeout, sequence number = 11665
Timeout, sequence number = 11701
Timeout, sequence number = 11718
[SR CLIENT] Sent data seq=11800
[SR CLIENT] Received ACK seq=11800
Timeout, sequence number = 11749
Timeout, sequence number = 11759
Timeout, sequence number = 11761
Timeout, sequence number = 11763
Timeout, sequence number = 11768
Timeout, sequence number = 11790
Timeout, sequence number = 11792
Timeout, sequence number = 11794
[SR CLIENT] Sent data seq=11900
[SR CLIENT] Received ACK seq=11900
Timeout, sequence number = 11852
Timeout, sequence number = 11856
Timeout, sequence number = 11863
Timeout, sequence number = 11874
Timeout, sequence number = 11883
Timeout, sequence number = 11901
Timeout, sequence number = 11903
Timeout, sequence number = 11917
Timeout, sequence number = 11933
Timeout, sequence number = 11943
Timeout, sequence number = 11966
Timeout, sequence number = 11933
Timeout, sequence number = 11983
Timeout, sequence number = 11987
Timeout, sequence number = 11992
[SR CLIENT] Sent data seq=12000
[SR CLIENT] Received ACK seq=12000
[SR CLIENT] Summary: sent_packets=12001, ack_packets=12001, retransmitted_packets=708, timeout_events=708
Transfer complete. Delay = 90.499288 seconds

=== STDERR ===
