=== STDOUT ===
[SR CLIENT] Starting transfer: server=10.153.27.102:7735, file=demo_input.bin, N=64, MSS=500, total_segments=2401
[SR CLIENT] Sent data seq=0
[SR CLIENT] Sent data seq=1
[SR CLIENT] Sent data seq=2
[SR CLIENT] Sent data seq=3
[SR CLIENT] Sent data seq=4
[SR CLIENT] Received ACK seq=0
[SR CLIENT] Received ACK seq=1
[SR CLIENT] Received ACK seq=2
[SR CLIENT] Received ACK seq=3
[SR CLIENT] Received ACK seq=4
Timeout, sequence number = 31
Timeout, sequence number = 86
[SR CLIENT] Sent data seq=100
[SR CLIENT] Received ACK seq=100
Timeout, sequence number = 86
Timeout, sequence number = 107
Timeout, sequence number = 113
Timeout, sequence number = 134
[SR CLIENT] Sent data seq=200
[SR CLIENT] Received ACK seq=200
Timeout, sequence number = 227
Timeout, sequence number = 275
Timeout, sequence number = 276
[SR CLIENT] Sent data seq=300
[SR CLIENT] Received ACK seq=300
Timeout, sequence number = 303
Timeout, sequence number = 361
[SR CLIENT] Sent data seq=400
[SR CLIENT] Received ACK seq=400
Timeout, sequence number = 393
Timeout, sequence number = 423
Timeout, sequence number = 431
[SR CLIENT] Sent data seq=500
[SR CLIENT] Received ACK seq=500
Timeout, sequence number = 491
Timeout, sequence number = 515
Timeout, sequence number = 522
Timeout, sequence number = 530
[SR CLIENT] Sent data seq=600
[SR CLIENT] Received ACK seq=600
Timeout, sequence number = 578
Timeout, sequence number = 581
Timeout, sequence number = 608
[SR CLIENT] Sent data seq=700
[SR CLIENT] Received ACK seq=700
Timeout, sequence number = 661
Timeout, sequence number = 662
Timeout, sequence number = 712
Timeout, sequence number = 730
[SR CLIENT] Sent data seq=800
[SR CLIENT] Received ACK seq=800
Timeout, sequence number = 804
Timeout, sequence number = 852
[SR CLIENT] Sent data seq=900
Timeout, sequence number = 866
[SR CLIENT] Received ACK seq=900
Timeout, sequence number = 908
[SR CLIENT] Sent data seq=1000
[SR CLIENT] Received ACK seq=1000
Timeout, sequence number = 1030
[SR CLIENT] Sent data seq=1100
[SR CLIENT] Received ACK seq=1100
[SR CLIENT] Sent data seq=1200
[SR CLIENT] Received ACK seq=1200
[SR CLIENT] Sent data seq=1300
[SR CLIENT] Received ACK seq=1300
Timeout, sequence number = 1276
Timeout, sequence number = 1280
Timeout, sequence number = 1319
[SR CLIENT] Sent data seq=1400
[SR CLIENT] Received ACK seq=1400
Timeout, sequence number = 1435
[SR CLIENT] Sent data seq=1500
Timeout, sequence number = 1500
Timeout, sequence number = 1545
Timeout, sequence number = 1550
[SR CLIENT] Received ACK seq=1500
[SR CLIENT] Sent data seq=1600
[SR CLIENT] Received ACK seq=1600
Timeout, sequence number = 1582
[SR CLIENT] Sent data seq=1700
[SR CLIENT] Received ACK seq=1700
Timeout, sequence number = 1730
Timeout, sequence number = 1762
Timeout, sequence number = 1773
[SR CLIENT] Sent data seq=1800
[SR CLIENT] Received ACK seq=1800
[SR CLIENT] Sent data seq=1900
[SR CLIENT] Received ACK seq=1900
Timeout, sequence number = 1838
Timeout, sequence number = 1887
[SR CLIENT] Sent data seq=2000
[SR CLIENT] Received ACK seq=2000
Timeout, sequence number = 1960
Timeout, sequence number = 1990
[SR CLIENT] Sent data seq=2100
[SR CLIENT] Received ACK seq=2100
Timeout, sequence number = 2080
Timeout, sequence number = 2081
Timeout, sequence number = 2082
Timeout, sequence number = 2083
Timeout, sequence number = 2084
Timeout, sequence number = 2086
Timeout, sequence number = 2092
Timeout, sequence number = 2102
Timeout, sequence number = 2103
Timeout, sequence number = 2118
Timeout, sequence number = 2084
[SR CLIENT] Sent data seq=2200
[SR CLIENT] Received ACK seq=2200
[SR CLIENT] Sent data seq=2300
[SR CLIENT] Received ACK seq=2300
[SR CLIENT] Sent data seq=2400
[SR CLIENT] Received ACK seq=2400
Timeout, sequence number = 2351
[SR CLIENT] Summary: sent_packets=2401, ack_packets=2401, retransmitted_packets=57, timeout_events=57
Transfer complete. Delay = 12.022898 seconds

=== STDERR ===
