=== STDOUT ===
[SR CLIENT] Starting transfer: server=10.153.27.102:7735, file=demo_input.bin, N=64, MSS=600, total_segments=2001
[SR CLIENT] Sent data seq=0
[SR CLIENT] Sent data seq=1
[SR CLIENT] Sent data seq=2
[SR CLIENT] Sent data seq=3
[SR CLIENT] Sent data seq=4
[SR CLIENT] Received ACK seq=1
[SR CLIENT] Received ACK seq=3
[SR CLIENT] Received ACK seq=2
[SR CLIENT] Received ACK seq=0
Timeout, sequence number = 4
Timeout, sequence number = 6
Timeout, sequence number = 18
Timeout, sequence number = 35
Timeout, sequence number = 44
[SR CLIENT] Received ACK seq=4
[SR CLIENT] Sent data seq=100
Timeout, sequence number = 81
Timeout, sequence number = 99
Timeout, sequence number = 100
Timeout, sequence number = 102
[SR CLIENT] Received ACK seq=100
[SR CLIENT] Sent data seq=200
[SR CLIENT] Received ACK seq=200
Timeout, sequence number = 141
Timeout, sequence number = 150
Timeout, sequence number = 156
Timeout, sequence number = 163
Timeout, sequence number = 209
Timeout, sequence number = 220
Timeout, sequence number = 247
Timeout, sequence number = 258
Timeout, sequence number = 261
Timeout, sequence number = 262
[SR CLIENT] Sent data seq=300
[SR CLIENT] Received ACK seq=300
Timeout, sequence number = 273
Timeout, sequence number = 275
Timeout, sequence number = 281
Timeout, sequence number = 273
[SR CLIENT] Sent data seq=400
[SR CLIENT] Received ACK seq=400
Timeout, sequence number = 352
Timeout, sequence number = 401
Timeout, sequence number = 416
Timeout, sequence number = 459
Timeout, sequence number = 416
[SR CLIENT] Sent data seq=500
[SR CLIENT] Received ACK seq=500
Timeout, sequence number = 496
Timeout, sequence number = 501
Timeout, sequence number = 519
Timeout, sequence number = 531
Timeout, sequence number = 533
Timeout, sequence number = 531
[SR CLIENT] Sent data seq=600
[SR CLIENT] Received ACK seq=600
Timeout, sequence number = 598
[SR CLIENT] Sent data seq=700
[SR CLIENT] Received ACK seq=700
Timeout, sequence number = 666
Timeout, sequence number = 687
Timeout, sequence number = 690
Timeout, sequence number = 702
[SR CLIENT] Sent data seq=800
[SR CLIENT] Received ACK seq=800
Timeout, sequence number = 739
Timeout, sequence number = 752
Timeout, sequence number = 757
Timeout, sequence number = 779
Timeout, sequence number = 820
Timeout, sequence number = 849
[SR CLIENT] Sent data seq=900
Timeout, sequence number = 885
Timeout, sequence number = 891
Timeout, sequence number = 900
Timeout, sequence number = 909
Timeout, sequence number = 918
Timeout, sequence number = 928
[SR CLIENT] Received ACK seq=900
[SR CLIENT] Sent data seq=1000
[SR CLIENT] Received ACK seq=1000
Timeout, sequence number = 973
Timeout, sequence number = 984
Timeout, sequence number = 996
Timeout, sequence number = 1008
[SR CLIENT] Sent data seq=1100
[SR CLIENT] Received ACK seq=1100
Timeout, sequence number = 1049
Timeout, sequence number = 1054
Timeout, sequence number = 1055
Timeout, sequence number = 1075
Timeout, sequence number = 1106
Timeout, sequence number = 1054
Timeout, sequence number = 1127
Timeout, sequence number = 1140
Timeout, sequence number = 1181
[SR CLIENT] Sent data seq=1200
[SR CLIENT] Received ACK seq=1200
Timeout, sequence number = 1196
Timeout, sequence number = 1222
Timeout, sequence number = 1246
[SR CLIENT] Sent data seq=1300
[SR CLIENT] Received ACK seq=1300
Timeout, sequence number = 1259
Timeout, sequence number = 1265
Timeout, sequence number = 1282
Timeout, sequence number = 1293
Timeout, sequence number = 1294
Timeout, sequence number = 1295
Timeout, sequence number = 1319
Timeout, sequence number = 1320
[SR CLIENT] Sent data seq=1400
[SR CLIENT] Received ACK seq=1400
Timeout, sequence number = 1354
Timeout, sequence number = 1355
Timeout, sequence number = 1371
Timeout, sequence number = 1382
Timeout, sequence number = 1417
Timeout, sequence number = 1428
Timeout, sequence number = 1430
Timeout, sequence number = 1478
Timeout, sequence number = 1480
[SR CLIENT] Sent data seq=1500
[SR CLIENT] Received ACK seq=1500
Timeout, sequence number = 1478
Timeout, sequence number = 1497
[SR CLIENT] Sent data seq=1600
[SR CLIENT] Received ACK seq=1600
Timeout, sequence number = 1546
Timeout, sequence number = 1548
Timeout, sequence number = 1550
Timeout, sequence number = 1573
Timeout, sequence number = 1574
Timeout, sequence number = 1581
Timeout, sequence number = 1582
Timeout, sequence number = 1595
Timeout, sequence number = 1607
Timeout, sequence number = 1636
Timeout, sequence number = 1675
Timeout, sequence number = 1688
[SR CLIENT] Sent data seq=1700
[SR CLIENT] Received ACK seq=1700
Timeout, sequence number = 1702
Timeout, sequence number = 1706
Timeout, sequence number = 1708
Timeout, sequence number = 1727
Timeout, sequence number = 1732
Timeout, sequence number = 1751
Timeout, sequence number = 1755
Timeout, sequence number = 1762
Timeout, sequence number = 1765
[SR CLIENT] Sent data seq=1800
Timeout, sequence number = 1762
Timeout, sequence number = 1786
Timeout, sequence number = 1796
Timeout, sequence number = 1800
[SR CLIENT] Received ACK seq=1800
Timeout, sequence number = 1786
[SR CLIENT] Sent data seq=1900
[SR CLIENT] Received ACK seq=1900
Timeout, sequence number = 1875
[SR CLIENT] Sent data seq=2000
[SR CLIENT] Received ACK seq=2000
Timeout, sequence number = 1940
Timeout, sequence number = 1950
Timeout, sequence number = 1965
Timeout, sequence number = 1986
Timeout, sequence number = 1986
[SR CLIENT] Summary: sent_packets=2001, ack_packets=2001, retransmitted_packets=118, timeout_events=118
Transfer complete. Delay = 17.458977 seconds

=== STDERR ===
