=== STDOUT ===
[SR CLIENT] Starting transfer: server=10.153.27.102:7735, file=demo_input.bin, N=64, MSS=500, total_segments=2401
[SR CLIENT] Sent data seq=0
[SR CLIENT] Sent data seq=1
[SR CLIENT] Sent data seq=2
[SR CLIENT] Sent data seq=3
[SR CLIENT] Sent data seq=4
Timeout, sequence number = 0
Timeout, sequence number = 1
Timeout, sequence number = 2
Timeout, sequence number = 3
Timeout, sequence number = 4
Timeout, sequence number = 5
Timeout, sequence number = 6
Timeout, sequence number = 7
Timeout, sequence number = 8
Timeout, sequence number = 9
Timeout, sequence number = 10
Timeout, sequence number = 11
Timeout, sequence number = 12
Timeout, sequence number = 13
Timeout, sequence number = 14
Timeout, sequence number = 15
Timeout, sequence number = 16
Timeout, sequence number = 17
Timeout, sequence number = 18
Timeout, sequence number = 19
Timeout, sequence number = 20
Timeout, sequence number = 21
Timeout, sequence number = 22
Timeout, sequence number = 23
Timeout, sequence number = 24
Timeout, sequence number = 25
Timeout, sequence number = 26
Timeout, sequence number = 27
Timeout, sequence number = 28
Timeout, sequence number = 29
Timeout, sequence number = 30
Timeout, sequence number = 31
Timeout, sequence number = 32
Timeout, sequence number = 33
Timeout, sequence number = 34
Timeout, sequence number = 35
Timeout, sequence number = 36
Timeout, sequence number = 37
Timeout, sequence number = 38
Timeout, sequence number = 39
Timeout, sequence number = 40
Timeout, sequence number = 41
Timeout, sequence number = 42
Timeout, sequence number = 43
Timeout, sequence number = 44
Timeout, sequence number = 45
Timeout, sequence number = 46
Timeout, sequence number = 47
Timeout, sequence number = 48
Timeout, sequence number = 49
Timeout, sequence number = 50
Timeout, sequence number = 51
Timeout, sequence number = 52
Timeout, sequence number = 53
Timeout, sequence number = 54
Timeout, sequence number = 55
Timeout, sequence number = 56
Timeout, sequence number = 57
Timeout, sequence number = 58
Timeout, sequence number = 59
Timeout, sequence number = 60
Timeout, sequence number = 61
Timeout, sequence number = 62
Timeout, sequence number = 63
Timeout, sequence number = 0
Timeout, sequence number = 1
Timeout, sequence number = 2
Timeout, sequence number = 3
Timeout, sequence number = 4
Timeout, sequence number = 5
Timeout, sequence number = 6
Timeout, sequence number = 7
Timeout, sequence number = 8
Timeout, sequence number = 9
Timeout, sequence number = 10
Timeout, sequence number = 11
Timeout, sequence number = 12
Timeout, sequence number = 13
Timeout, sequence number = 14
Timeout, sequence number = 15
Timeout, sequence number = 16
Timeout, sequence number = 17
Timeout, sequence number = 18
Timeout, sequence number = 19
Timeout, sequence number = 20
Timeout, sequence number = 21
Timeout, sequence number = 22
Timeout, sequence number = 23
Timeout, sequence number = 24
Timeout, sequence number = 25
Timeout, sequence number = 26
Timeout, sequence number = 27
Timeout, sequence number = 28
Timeout, sequence number = 29
Timeout, sequence number = 30
Timeout, sequence number = 31
Timeout, sequence number = 32
Timeout, sequence number = 33
Timeout, sequence number = 34
Timeout, sequence number = 35
Timeout, sequence number = 36
Timeout, sequence number = 37
Timeout, sequence number = 38
Timeout, sequence number = 39
Timeout, sequence number = 40
Timeout, sequence number = 41
Timeout, sequence number = 42
Timeout, sequence number = 43
Timeout, sequence number = 44
Timeout, sequence number = 45
Timeout, sequence number = 46
Timeout, sequence number = 47
Timeout, sequence number = 48
Timeout, sequence number = 49
Timeout, sequence number = 50
Timeout, sequence number = 51
Timeout, sequence number = 52
Timeout, sequence number = 53
Timeout, sequence number = 54
Timeout, sequence number = 55
Timeout, sequence number = 56
Timeout, sequence number = 57
Timeout, sequence number = 58
Timeout, sequence number = 59
Timeout, sequence number = 60
Timeout, sequence number = 61
Timeout, sequence number = 62
Timeout, sequence number = 63
Timeout, sequence number = 0
Timeout, sequence number = 1
Timeout, sequence number = 2
Timeout, sequence number = 3
Timeout, sequence number = 4
Timeout, sequence number = 5
Timeout, sequence number = 6
Timeout, sequence number = 7
Timeout, sequence number = 8
Timeout, sequence number = 9
Timeout, sequence number = 10
Timeout, sequence number = 11
Timeout, sequence number = 12
Timeout, sequence number = 13
Timeout, sequence number = 14
Timeout, sequence number = 15
Timeout, sequence number = 16
Timeout, sequence number = 17
Timeout, sequence number = 18
Timeout, sequence number = 19
Timeout, sequence number = 20
Timeout, sequence number = 21
Timeout, sequence number = 22
Timeout, sequence number = 23
Timeout, sequence number = 24
Timeout, sequence number = 25
Timeout, sequence number = 26
Timeout, sequence number = 27
Timeout, sequence number = 28
Timeout, sequence number = 29
Timeout, sequence number = 30
Timeout, sequence number = 31
Timeout, sequence number = 32
Timeout, sequence number = 33
Timeout, sequence number = 34
Timeout, sequence number = 35
Timeout, sequence number = 36
Timeout, sequence number = 37
Timeout, sequence number = 38
Timeout, sequence number = 39
Timeout, sequence number = 40
Timeout, sequence number = 41
Timeout, sequence number = 42
Timeout, sequence number = 43
Timeout, sequence number = 44
Timeout, sequence number = 45
Timeout, sequence number = 46
Timeout, sequence number = 47
Timeout, sequence number = 48
Timeout, sequence number = 49
Timeout, sequence number = 50
Timeout, sequence number = 51
Timeout, sequence number = 52
Timeout, sequence number = 53
Timeout, sequence number = 54
Timeout, sequence number = 55
Timeout, sequence number = 56
Timeout, sequence number = 57
Timeout, sequence number = 58
Timeout, sequence number = 59
Timeout, sequence number = 60
Timeout, sequence number = 61
Timeout, sequence number = 62
Timeout, sequence number = 63
Timeout, sequence number = 0
Timeout, sequence number = 1
Timeout, sequence number = 2
Timeout, sequence number = 3
Timeout, sequence number = 4
Timeout, sequence number = 5
Timeout, sequence number = 6
Timeout, sequence number = 7
Timeout, sequence number = 8
Timeout, sequence number = 9
Timeout, sequence number = 10
Timeout, sequence number = 11
Timeout, sequence number = 12
Timeout, sequence number = 13
Timeout, sequence number = 14
Timeout, sequence number = 15
Timeout, sequence number = 16
Timeout, sequence number = 17
Timeout, sequence number = 18
Timeout, sequence number = 19
Timeout, sequence number = 20
Timeout, sequence number = 21
Timeout, sequence number = 22
Timeout, sequence number = 23
Timeout, sequence number = 24
Timeout, sequence number = 25
Timeout, sequence number = 26
Timeout, sequence number = 27
Timeout, sequence number = 28
Timeout, sequence number = 29
Timeout, sequence number = 30
Timeout, sequence number = 31
Timeout, sequence number = 32
Timeout, sequence number = 33
Timeout, sequence number = 34
Timeout, sequence number = 35
Timeout, sequence number = 36
Timeout, sequence number = 37
Timeout, sequence number = 38
Timeout, sequence number = 39
Timeout, sequence number = 40
Timeout, sequence number = 41
Timeout, sequence number = 42
Timeout, sequence number = 43
Timeout, sequence number = 44
Timeout, sequence number = 45
Timeout, sequence number = 46
Timeout, sequence number = 47
Timeout, sequence number = 48
Timeout, sequence number = 49
Timeout, sequence number = 50
Timeout, sequence number = 51
Timeout, sequence number = 52
Timeout, sequence number = 53
Timeout, sequence number = 54
Timeout, sequence number = 55
Timeout, sequence number = 56
Timeout, sequence number = 57
Timeout, sequence number = 58
Timeout, sequence number = 59
Timeout, sequence number = 60
Timeout, sequence number = 61
Timeout, sequence number = 62
Timeout, sequence number = 63
Timeout, sequence number = 0
Timeout, sequence number = 1
Timeout, sequence number = 2
Timeout, sequence number = 3
Timeout, sequence number = 4
Timeout, sequence number = 5
Timeout, sequence number = 6
Timeout, sequence number = 7
Timeout, sequence number = 8
Timeout, sequence number = 9
Timeout, sequence number = 10
Timeout, sequence number = 11
Timeout, sequence number = 12
Timeout, sequence number = 13
Timeout, sequence number = 14
Timeout, sequence number = 15
Timeout, sequence number = 16
Timeout, sequence number = 17
Timeout, sequence number = 18
Timeout, sequence number = 19
Timeout, sequence number = 20
Timeout, sequence number = 21
Timeout, sequence number = 22
Timeout, sequence number = 23
Timeout, sequence number = 24
Timeout, sequence number = 25
Timeout, sequence number = 26
Timeout, sequence number = 27
Timeout, sequence number = 28
Timeout, sequence number = 29
Timeout, sequence number = 30
Timeout, sequence number = 31
Timeout, sequence number = 32
Timeout, sequence number = 33
Timeout, sequence number = 34
Timeout, sequence number = 35
Timeout, sequence number = 36
Timeout, sequence number = 37
Timeout, sequence number = 38
Timeout, sequence number = 39
Timeout, sequence number = 40
Timeout, sequence number = 41
Timeout, sequence number = 42
Timeout, sequence number = 43
Timeout, sequence number = 44
Timeout, sequence number = 45
Timeout, sequence number = 46
Timeout, sequence number = 47
Timeout, sequence number = 48
Timeout, sequence number = 49
Timeout, sequence number = 50
Timeout, sequence number = 51
Timeout, sequence number = 52
Timeout, sequence number = 53
Timeout, sequence number = 54
Timeout, sequence number = 55
Timeout, sequence number = 56
Timeout, sequence number = 57
Timeout, sequence number = 58
Timeout, sequence number = 59
Timeout, sequence number = 60
Timeout, sequence number = 61
Timeout, sequence number = 62
Timeout, sequence number = 63
[SR CLIENT] Received ACK seq=0
[SR CLIENT] Received ACK seq=1
[SR CLIENT] Received ACK seq=2
[SR CLIENT] Received ACK seq=3
[SR CLIENT] Received ACK seq=4
Timeout, sequence number = 29
Timeout, sequence number = 34
Timeout, sequence number = 43
Timeout, sequence number = 67
Timeout, sequence number = 72
[SR CLIENT] Sent data seq=100
[SR CLIENT] Received ACK seq=100
Timeout, sequence number = 96
Timeout, sequence number = 109
Timeout, sequence number = 117
Timeout, sequence number = 127
Timeout, sequence number = 131
Timeout, sequence number = 140
Timeout, sequence number = 154
Timeout, sequence number = 155
[SR CLIENT] Sent data seq=200
[SR CLIENT] Received ACK seq=200
Timeout, sequence number = 154
Timeout, sequence number = 164
Timeout, sequence number = 203
Timeout, sequence number = 211
Timeout, sequence number = 218
Timeout, sequence number = 219
Timeout, sequence number = 220
Timeout, sequence number = 221
Timeout, sequence number = 231
Timeout, sequence number = 237
Timeout, sequence number = 240
Timeout, sequence number = 243
Timeout, sequence number = 260
Timeout, sequence number = 263
Timeout, sequence number = 273
[SR CLIENT] Sent data seq=300
[SR CLIENT] Received ACK seq=300
Timeout, sequence number = 243
Timeout, sequence number = 260
Timeout, sequence number = 282
Timeout, sequence number = 284
Timeout, sequence number = 303
Timeout, sequence number = 305
Timeout, sequence number = 284
Timeout, sequence number = 307
Timeout, sequence number = 310
Timeout, sequence number = 312
Timeout, sequence number = 323
Timeout, sequence number = 326
Timeout, sequence number = 338
Timeout, sequence number = 340
Timeout, sequence number = 344
[SR CLIENT] Sent data seq=400
[SR CLIENT] Received ACK seq=400
Timeout, sequence number = 340
Timeout, sequence number = 366
Timeout, sequence number = 387
Timeout, sequence number = 402
Timeout, sequence number = 413
Timeout, sequence number = 434
Timeout, sequence number = 436
Timeout, sequence number = 439
Timeout, sequence number = 467
Timeout, sequence number = 474
Timeout, sequence number = 413
[SR CLIENT] Sent data seq=500
[SR CLIENT] Received ACK seq=500
Timeout, sequence number = 499
Timeout, sequence number = 503
Timeout, sequence number = 505
Timeout, sequence number = 537
Timeout, sequence number = 550
Timeout, sequence number = 551
[SR CLIENT] Sent data seq=600
[SR CLIENT] Received ACK seq=600
Timeout, sequence number = 577
Timeout, sequence number = 594
Timeout, sequence number = 597
Timeout, sequence number = 637
[SR CLIENT] Sent data seq=700
[SR CLIENT] Received ACK seq=700
Timeout, sequence number = 637
Timeout, sequence number = 648
Timeout, sequence number = 663
Timeout, sequence number = 637
Timeout, sequence number = 722
Timeout, sequence number = 723
[SR CLIENT] Sent data seq=800
[SR CLIENT] Received ACK seq=800
Timeout, sequence number = 795
Timeout, sequence number = 798
Timeout, sequence number = 815
Timeout, sequence number = 821
Timeout, sequence number = 838
[SR CLIENT] Sent data seq=900
[SR CLIENT] Received ACK seq=900
Timeout, sequence number = 859
Timeout, sequence number = 860
Timeout, sequence number = 864
Timeout, sequence number = 874
Timeout, sequence number = 875
Timeout, sequence number = 884
Timeout, sequence number = 874
[SR CLIENT] Sent data seq=1000
[SR CLIENT] Received ACK seq=1000
Timeout, sequence number = 937
Timeout, sequence number = 961
Timeout, sequence number = 970
Timeout, sequence number = 985
Timeout, sequence number = 994
Timeout, sequence number = 998
Timeout, sequence number = 1014
Timeout, sequence number = 1021
Timeout, sequence number = 1024
Timeout, sequence number = 1031
Timeout, sequence number = 1035
Timeout, sequence number = 1036
Timeout, sequence number = 1045
Timeout, sequence number = 1051
Timeout, sequence number = 1061
Timeout, sequence number = 1072
[SR CLIENT] Sent data seq=1100
[SR CLIENT] Received ACK seq=1100
Timeout, sequence number = 1080
Timeout, sequence number = 1081
Timeout, sequence number = 1072
Timeout, sequence number = 1108
Timeout, sequence number = 1115
Timeout, sequence number = 1128
[SR CLIENT] Sent data seq=1200
Timeout, sequence number = 1138
Timeout, sequence number = 1148
Timeout, sequence number = 1150
Timeout, sequence number = 1162
Timeout, sequence number = 1178
Timeout, sequence number = 1186
Timeout, sequence number = 1193
Timeout, sequence number = 1198
Timeout, sequence number = 1200
[SR CLIENT] Received ACK seq=1200
Timeout, sequence number = 1205
Timeout, sequence number = 1213
Timeout, sequence number = 1219
Timeout, sequence number = 1224
Timeout, sequence number = 1226
Timeout, sequence number = 1235
Timeout, sequence number = 1250
Timeout, sequence number = 1255
[SR CLIENT] Sent data seq=1300
[SR CLIENT] Received ACK seq=1300
Timeout, sequence number = 1289
Timeout, sequence number = 1304
Timeout, sequence number = 1312
Timeout, sequence number = 1314
Timeout, sequence number = 1320
Timeout, sequence number = 1322
Timeout, sequence number = 1328
Timeout, sequence number = 1333
Timeout, sequence number = 1349
Timeout, sequence number = 1351
Timeout, sequence number = 1314
Timeout, sequence number = 1364
[SR CLIENT] Sent data seq=1400
[SR CLIENT] Received ACK seq=1400
Timeout, sequence number = 1380
Timeout, sequence number = 1386
Timeout, sequence number = 1397
Timeout, sequence number = 1414
Timeout, sequence number = 1421
Timeout, sequence number = 1428
Timeout, sequence number = 1429
Timeout, sequence number = 1443
Timeout, sequence number = 1380
[SR CLIENT] Sent data seq=1500
[SR CLIENT] Received ACK seq=1500
Timeout, sequence number = 1463
Timeout, sequence number = 1499
Timeout, sequence number = 1502
Timeout, sequence number = 1513
Timeout, sequence number = 1514
Timeout, sequence number = 1515
[SR CLIENT] Sent data seq=1600
[SR CLIENT] Received ACK seq=1600
Timeout, sequence number = 1537
Timeout, sequence number = 1548
Timeout, sequence number = 1551
Timeout, sequence number = 1566
Timeout, sequence number = 1575
Timeout, sequence number = 1613
Timeout, sequence number = 1621
Timeout, sequence number = 1645
Timeout, sequence number = 1651
Timeout, sequence number = 1668
[SR CLIENT] Sent data seq=1700
[SR CLIENT] Received ACK seq=1700
Timeout, sequence number = 1683
Timeout, sequence number = 1686
Timeout, sequence number = 1689
Timeout, sequence number = 1692
Timeout, sequence number = 1693
Timeout, sequence number = 1712
Timeout, sequence number = 1725
Timeout, sequence number = 1732
[SR CLIENT] Sent data seq=1800
Timeout, sequence number = 1744
[SR CLIENT] Received ACK seq=1800
Timeout, sequence number = 1756
Timeout, sequence number = 1773
Timeout, sequence number = 1788
Timeout, sequence number = 1789
Timeout, sequence number = 1801
Timeout, sequence number = 1820
Timeout, sequence number = 1844
Timeout, sequence number = 1856
Timeout, sequence number = 1867
Timeout, sequence number = 1873
Timeout, sequence number = 1820
Timeout, sequence number = 1873
[SR CLIENT] Sent data seq=1900
[SR CLIENT] Received ACK seq=1900
Timeout, sequence number = 1927
Timeout, sequence number = 1929
Timeout, sequence number = 1944
Timeout, sequence number = 1947
Timeout, sequence number = 1981
Timeout, sequence number = 1988
Timeout, sequence number = 1927
[SR CLIENT] Sent data seq=2000
[SR CLIENT] Received ACK seq=2000
[SR CLIENT] Sent data seq=2100
[SR CLIENT] Received ACK seq=2100
Timeout, sequence number = 2041
Timeout, sequence number = 2046
Timeout, sequence number = 2059
Timeout, sequence number = 2060
Timeout, sequence number = 2063
Timeout, sequence number = 2066
Timeout, sequence number = 2084
Timeout, sequence number = 2087
[SR CLIENT] Sent data seq=2200
[SR CLIENT] Received ACK seq=2200
Timeout, sequence number = 2143
Timeout, sequence number = 2149
Timeout, sequence number = 2169
Timeout, sequence number = 2185
Timeout, sequence number = 2190
Timeout, sequence number = 2169
Timeout, sequence number = 2213
[SR CLIENT] Sent data seq=2300
[SR CLIENT] Received ACK seq=2300
Timeout, sequence number = 2252
Timeout, sequence number = 2263
Timeout, sequence number = 2286
Timeout, sequence number = 2289
Timeout, sequence number = 2290
Timeout, sequence number = 2307
Timeout, sequence number = 2325
Timeout, sequence number = 2340
Timeout, sequence number = 2342
Timeout, sequence number = 2353
Timeout, sequence number = 2356
[SR CLIENT] Sent data seq=2400
[SR CLIENT] Received ACK seq=2400
Timeout, sequence number = 2340
Timeout, sequence number = 2356
[SR CLIENT] Summary: sent_packets=2401, ack_packets=2401, retransmitted_packets=534, timeout_events=534
Transfer complete. Delay = 24.442069 seconds

=== STDERR ===
