=== STDOUT ===
[SR CLIENT] Starting transfer: server=10.153.27.102:7735, file=demo_input.bin, N=64, MSS=500, total_segments=2401
[SR CLIENT] Sent data seq=0
[SR CLIENT] Sent data seq=1
[SR CLIENT] Sent data seq=2
[SR CLIENT] Sent data seq=3
[SR CLIENT] Sent data seq=4
[SR CLIENT] Received ACK seq=0
[SR CLIENT] Received ACK seq=1
[SR CLIENT] Received ACK seq=2
[SR CLIENT] Received ACK seq=3
[SR CLIENT] Received ACK seq=4
[SR CLIENT] Sent data seq=100
[SR CLIENT] Received ACK seq=100
Timeout, sequence number = 115
[SR CLIENT] Sent data seq=200
Timeout, sequence number = 147
Timeout, sequence number = 152
Timeout, sequence number = 166
[SR CLIENT] Received ACK seq=200
Timeout, sequence number = 179
Timeout, sequence number = 201
Timeout, sequence number = 207
Timeout, sequence number = 209
Timeout, sequence number = 233
Timeout, sequence number = 239
[SR CLIENT] Sent data seq=300
[SR CLIENT] Received ACK seq=300
Timeout, sequence number = 244
Timeout, sequence number = 264
Timeout, sequence number = 323
Timeout, sequence number = 339
[SR CLIENT] Sent data seq=400
[SR CLIENT] Received ACK seq=400
Timeout, sequence number = 401
Timeout, sequence number = 458
[SR CLIENT] Sent data seq=500
[SR CLIENT] Received ACK seq=500
Timeout, sequence number = 479
Timeout, sequence number = 503
Timeout, sequence number = 531
[SR CLIENT] Sent data seq=600
[SR CLIENT] Received ACK seq=600
Timeout, sequence number = 546
Timeout, sequence number = 548
Timeout, sequence number = 549
Timeout, sequence number = 554
Timeout, sequence number = 555
Timeout, sequence number = 567
Timeout, sequence number = 572
Timeout, sequence number = 574
Timeout, sequence number = 587
Timeout, sequence number = 605
Timeout, sequence number = 549
[SR CLIENT] Sent data seq=700
[SR CLIENT] Received ACK seq=700
Timeout, sequence number = 680
Timeout, sequence number = 716
Timeout, sequence number = 726
[SR CLIENT] Sent data seq=800
[SR CLIENT] Received ACK seq=800
Timeout, sequence number = 771
Timeout, sequence number = 772
Timeout, sequence number = 811
Timeout, sequence number = 832
[SR CLIENT] Sent data seq=900
[SR CLIENT] Received ACK seq=900
Timeout, sequence number = 849
Timeout, sequence number = 864
Timeout, sequence number = 874
Timeout, sequence number = 903
Timeout, sequence number = 914
Timeout, sequence number = 943
Timeout, sequence number = 954
Timeout, sequence number = 903
[SR CLIENT] Sent data seq=1000
[SR CLIENT] Received ACK seq=1000
Timeout, sequence number = 970
Timeout, sequence number = 1023
Timeout, sequence number = 1030
[SR CLIENT] Sent data seq=1100
[SR CLIENT] Received ACK seq=1100
Timeout, sequence number = 1042
Timeout, sequence number = 1056
Timeout, sequence number = 1063
Timeout, sequence number = 1066
Timeout, sequence number = 1094
Timeout, sequence number = 1107
Timeout, sequence number = 1127
Timeout, sequence number = 1130
Timeout, sequence number = 1170
Timeout, sequence number = 1127
Timeout, sequence number = 1184
[SR CLIENT] Sent data seq=1200
[SR CLIENT] Received ACK seq=1200
Timeout, sequence number = 1205
Timeout, sequence number = 1206
Timeout, sequence number = 1210
Timeout, sequence number = 1267
[SR CLIENT] Sent data seq=1300
[SR CLIENT] Received ACK seq=1300
[SR CLIENT] Sent data seq=1400
[SR CLIENT] Received ACK seq=1400
Timeout, sequence number = 1373
Timeout, sequence number = 1381
Timeout, sequence number = 1382
[SR CLIENT] Sent data seq=1500
[SR CLIENT] Received ACK seq=1500
Timeout, sequence number = 1440
Timeout, sequence number = 1449
Timeout, sequence number = 1450
Timeout, sequence number = 1453
Timeout, sequence number = 1482
Timeout, sequence number = 1493
Timeout, sequence number = 1523
Timeout, sequence number = 1529
Timeout, sequence number = 1541
Timeout, sequence number = 1567
[SR CLIENT] Sent data seq=1600
[SR CLIENT] Received ACK seq=1600
Timeout, sequence number = 1571
Timeout, sequence number = 1574
Timeout, sequence number = 1577
Timeout, sequence number = 1591
Timeout, sequence number = 1603
Timeout, sequence number = 1628
[SR CLIENT] Sent data seq=1700
Timeout, sequence number = 1645
[SR CLIENT] Received ACK seq=1700
Timeout, sequence number = 1659
Timeout, sequence number = 1673
Timeout, sequence number = 1684
Timeout, sequence number = 1697
Timeout, sequence number = 1719
Timeout, sequence number = 1728
[SR CLIENT] Sent data seq=1800
[SR CLIENT] Received ACK seq=1800
Timeout, sequence number = 1793
Timeout, sequence number = 1854
[SR CLIENT] Sent data seq=1900
[SR CLIENT] Received ACK seq=1900
Timeout, sequence number = 1863
Timeout, sequence number = 1880
Timeout, sequence number = 1886
Timeout, sequence number = 1927
Timeout, sequence number = 1987
Timeout, sequence number = 1989
[SR CLIENT] Sent data seq=2000
[SR CLIENT] Received ACK seq=2000
Timeout, sequence number = 1994
Timeout, sequence number = 1995
Timeout, sequence number = 2015
Timeout, sequence number = 2021
Timeout, sequence number = 2024
Timeout, sequence number = 2025
Timeout, sequence number = 2035
[SR CLIENT] Sent data seq=2100
[SR CLIENT] Received ACK seq=2100
Timeout, sequence number = 2083
Timeout, sequence number = 2094
Timeout, sequence number = 2123
Timeout, sequence number = 2139
[SR CLIENT] Sent data seq=2200
[SR CLIENT] Received ACK seq=2200
Timeout, sequence number = 2192
Timeout, sequence number = 2201
Timeout, sequence number = 2215
Timeout, sequence number = 2226
Timeout, sequence number = 2238
[SR CLIENT] Sent data seq=2300
[SR CLIENT] Received ACK seq=2300
Timeout, sequence number = 2278
Timeout, sequence number = 2301
Timeout, sequence number = 2304
Timeout, sequence number = 2326
[SR CLIENT] Sent data seq=2400
[SR CLIENT] Received ACK seq=2400
Timeout, sequence number = 2359
[SR CLIENT] Summary: sent_packets=2401, ack_packets=2401, retransmitted_packets=118, timeout_events=118
Transfer complete. Delay = 17.277894 seconds

=== STDERR ===
