=== STDOUT ===
[SR CLIENT] Starting transfer: server=10.153.27.102:7735, file=demo_input.bin, N=16, MSS=500, total_segments=2401
[SR CLIENT] Sent data seq=0
[SR CLIENT] Sent data seq=1
[SR CLIENT] Sent data seq=2
[SR CLIENT] Sent data seq=3
[SR CLIENT] Sent data seq=4
[SR CLIENT] Received ACK seq=1
[SR CLIENT] Received ACK seq=2
[SR CLIENT] Received ACK seq=0
[SR CLIENT] Received ACK seq=3
Timeout, sequence number = 4
[SR CLIENT] Received ACK seq=4
Timeout, sequence number = 22
Timeout, sequence number = 37
Timeout, sequence number = 40
Timeout, sequence number = 42
[SR CLIENT] Sent data seq=100
Timeout, sequence number = 95
Timeout, sequence number = 100
Timeout, sequence number = 101
[SR CLIENT] Received ACK seq=100
Timeout, sequence number = 143
Timeout, sequence number = 156
Timeout, sequence number = 158
[SR CLIENT] Sent data seq=200
Timeout, sequence number = 200
[SR CLIENT] Received ACK seq=200
Timeout, sequence number = 247
Timeout, sequence number = 265
Timeout, sequence number = 284
Timeout, sequence number = 289
Timeout, sequence number = 294
[SR CLIENT] Sent data seq=300
[SR CLIENT] Received ACK seq=300
Timeout, sequence number = 305
Timeout, sequence number = 317
Timeout, sequence number = 331
Timeout, sequence number = 361
[SR CLIENT] Sent data seq=400
[SR CLIENT] Received ACK seq=400
Timeout, sequence number = 390
Timeout, sequence number = 418
Timeout, sequence number = 448
Timeout, sequence number = 453
Timeout, sequence number = 477
[SR CLIENT] Sent data seq=500
[SR CLIENT] Received ACK seq=500
Timeout, sequence number = 504
Timeout, sequence number = 513
Timeout, sequence number = 541
Timeout, sequence number = 546
[SR CLIENT] Sent data seq=600
[SR CLIENT] Received ACK seq=600
Timeout, sequence number = 609
Timeout, sequence number = 629
Timeout, sequence number = 635
Timeout, sequence number = 647
Timeout, sequence number = 674
[SR CLIENT] Sent data seq=700
[SR CLIENT] Received ACK seq=700
Timeout, sequence number = 699
Timeout, sequence number = 736
Timeout, sequence number = 747
Timeout, sequence number = 768
Timeout, sequence number = 770
[SR CLIENT] Sent data seq=800
[SR CLIENT] Received ACK seq=800
Timeout, sequence number = 788
Timeout, sequence number = 792
Timeout, sequence number = 795
Timeout, sequence number = 795
Timeout, sequence number = 848
Timeout, sequence number = 864
Timeout, sequence number = 878
Timeout, sequence number = 864
[SR CLIENT] Sent data seq=900
[SR CLIENT] Received ACK seq=900
Timeout, sequence number = 902
Timeout, sequence number = 908
Timeout, sequence number = 908
Timeout, sequence number = 939
Timeout, sequence number = 949
Timeout, sequence number = 949
[SR CLIENT] Sent data seq=1000
[SR CLIENT] Received ACK seq=1000
Timeout, sequence number = 1026
Timeout, sequence number = 1053
Timeout, sequence number = 1072
[SR CLIENT] Sent data seq=1100
[SR CLIENT] Received ACK seq=1100
Timeout, sequence number = 1123
Timeout, sequence number = 1163
Timeout, sequence number = 1166
Timeout, sequence number = 1179
[SR CLIENT] Sent data seq=1200
[SR CLIENT] Received ACK seq=1200
Timeout, sequence number = 1207
Timeout, sequence number = 1215
Timeout, sequence number = 1228
Timeout, sequence number = 1233
Timeout, sequence number = 1228
Timeout, sequence number = 1247
Timeout, sequence number = 1248
[SR CLIENT] Sent data seq=1300
[SR CLIENT] Received ACK seq=1300
Timeout, sequence number = 1290
Timeout, sequence number = 1304
Timeout, sequence number = 1341
Timeout, sequence number = 1357
Timeout, sequence number = 1366
[SR CLIENT] Sent data seq=1400
[SR CLIENT] Received ACK seq=1400
Timeout, sequence number = 1406
Timeout, sequence number = 1411
Timeout, sequence number = 1439
Timeout, sequence number = 1460
Timeout, sequence number = 1478
Timeout, sequence number = 1484
Timeout, sequence number = 1484
[SR CLIENT] Sent data seq=1500
[SR CLIENT] Received ACK seq=1500
Timeout, sequence number = 1505
Timeout, sequence number = 1513
Timeout, sequence number = 1522
Timeout, sequence number = 1539
Timeout, sequence number = 1544
Timeout, sequence number = 1570
[SR CLIENT] Sent data seq=1600
[SR CLIENT] Received ACK seq=1600
Timeout, sequence number = 1623
Timeout, sequence number = 1627
Timeout, sequence number = 1632
Timeout, sequence number = 1648
Timeout, sequence number = 1656
[SR CLIENT] Sent data seq=1700
[SR CLIENT] Received ACK seq=1700
Timeout, sequence number = 1685
Timeout, sequence number = 1685
Timeout, sequence number = 1744
Timeout, sequence number = 1748
Timeout, sequence number = 1763
[SR CLIENT] Sent data seq=1800
[SR CLIENT] Received ACK seq=1800
Timeout, sequence number = 1787
Timeout, sequence number = 1822
Timeout, sequence number = 1829
Timeout, sequence number = 1822
Timeout, sequence number = 1877
[SR CLIENT] Sent data seq=1900
[SR CLIENT] Received ACK seq=1900
Timeout, sequence number = 1923
Timeout, sequence number = 1943
Timeout, sequence number = 1949
[SR CLIENT] Sent data seq=2000
Timeout, sequence number = 1990
Timeout, sequence number = 1994
Timeout, sequence number = 2000
[SR CLIENT] Received ACK seq=2000
Timeout, sequence number = 2027
Timeout, sequence number = 2042
Timeout, sequence number = 2055
Timeout, sequence number = 2077
Timeout, sequence number = 2085
[SR CLIENT] Sent data seq=2100
[SR CLIENT] Received ACK seq=2100
Timeout, sequence number = 2114
Timeout, sequence number = 2125
Timeout, sequence number = 2138
Timeout, sequence number = 2142
[SR CLIENT] Sent data seq=2200
[SR CLIENT] Received ACK seq=2200
Timeout, sequence number = 2206
Timeout, sequence number = 2278
Timeout, sequence number = 2279
[SR CLIENT] Sent data seq=2300
[SR CLIENT] Received ACK seq=2300
Timeout, sequence number = 2301
Timeout, sequence number = 2307
Timeout, sequence number = 2312
Timeout, sequence number = 2337
[SR CLIENT] Sent data seq=2400
[SR CLIENT] Received ACK seq=2400
[SR CLIENT] Summary: sent_packets=2401, ack_packets=2401, retransmitted_packets=123, timeout_events=123
Transfer complete. Delay = 42.802792 seconds

=== STDERR ===
