=== STDOUT ===
[SR CLIENT] Starting transfer: server=10.153.27.102:7735, file=demo_input.bin, N=64, MSS=600, total_segments=2001
[SR CLIENT] Sent data seq=0
[SR CLIENT] Sent data seq=1
[SR CLIENT] Sent data seq=2
[SR CLIENT] Sent data seq=3
[SR CLIENT] Sent data seq=4
[SR CLIENT] Received ACK seq=0
[SR CLIENT] Received ACK seq=1
[SR CLIENT] Received ACK seq=2
[SR CLIENT] Received ACK seq=3
[SR CLIENT] Received ACK seq=4
[SR CLIENT] Sent data seq=100
[SR CLIENT] Received ACK seq=100
Timeout, sequence number = 49
Timeout, sequence number = 52
Timeout, sequence number = 59
Timeout, sequence number = 96
Timeout, sequence number = 98
Timeout, sequence number = 106
Timeout, sequence number = 117
Timeout, sequence number = 151
[SR CLIENT] Sent data seq=200
Timeout, sequence number = 160
Timeout, sequence number = 161
[SR CLIENT] Received ACK seq=200
Timeout, sequence number = 193
Timeout, sequence number = 204
[SR CLIENT] Sent data seq=300
[SR CLIENT] Received ACK seq=300
Timeout, sequence number = 278
Timeout, sequence number = 282
Timeout, sequence number = 313
Timeout, sequence number = 339
[SR CLIENT] Sent data seq=400
[SR CLIENT] Received ACK seq=400
Timeout, sequence number = 419
Timeout, sequence number = 431
Timeout, sequence number = 444
Timeout, sequence number = 461
[SR CLIENT] Sent data seq=500
Timeout, sequence number = 476
[SR CLIENT] Received ACK seq=500
Timeout, sequence number = 484
Timeout, sequence number = 510
[SR CLIENT] Sent data seq=600
[SR CLIENT] Received ACK seq=600
Timeout, sequence number = 544
Timeout, sequence number = 548
Timeout, sequence number = 555
Timeout, sequence number = 563
Timeout, sequence number = 565
Timeout, sequence number = 567
Timeout, sequence number = 585
[SR CLIENT] Sent data seq=700
[SR CLIENT] Received ACK seq=700
Timeout, sequence number = 644
Timeout, sequence number = 646
Timeout, sequence number = 647
Timeout, sequence number = 719
Timeout, sequence number = 724
Timeout, sequence number = 754
Timeout, sequence number = 755
[SR CLIENT] Sent data seq=800
Timeout, sequence number = 777
Timeout, sequence number = 785
Timeout, sequence number = 800
Timeout, sequence number = 831
[SR CLIENT] Received ACK seq=800
[SR CLIENT] Sent data seq=900
[SR CLIENT] Received ACK seq=900
Timeout, sequence number = 855
Timeout, sequence number = 862
Timeout, sequence number = 875
Timeout, sequence number = 878
Timeout, sequence number = 888
Timeout, sequence number = 889
Timeout, sequence number = 909
Timeout, sequence number = 926
Timeout, sequence number = 978
[SR CLIENT] Sent data seq=1000
[SR CLIENT] Received ACK seq=1000
Timeout, sequence number = 1009
[SR CLIENT] Sent data seq=1100
Timeout, sequence number = 1054
[SR CLIENT] Received ACK seq=1100
Timeout, sequence number = 1066
Timeout, sequence number = 1079
Timeout, sequence number = 1088
Timeout, sequence number = 1133
[SR CLIENT] Sent data seq=1200
[SR CLIENT] Received ACK seq=1200
Timeout, sequence number = 1143
Timeout, sequence number = 1171
Timeout, sequence number = 1203
[SR CLIENT] Sent data seq=1300
[SR CLIENT] Received ACK seq=1300
Timeout, sequence number = 1237
Timeout, sequence number = 1277
Timeout, sequence number = 1299
[SR CLIENT] Sent data seq=1400
[SR CLIENT] Received ACK seq=1400
Timeout, sequence number = 1344
Timeout, sequence number = 1347
Timeout, sequence number = 1383
Timeout, sequence number = 1392
Timeout, sequence number = 1393
Timeout, sequence number = 1430
[SR CLIENT] Sent data seq=1500
Timeout, sequence number = 1486
[SR CLIENT] Received ACK seq=1500
Timeout, sequence number = 1511
[SR CLIENT] Sent data seq=1600
Timeout, sequence number = 1552
Timeout, sequence number = 1559
[SR CLIENT] Received ACK seq=1600
Timeout, sequence number = 1583
Timeout, sequence number = 1611
[SR CLIENT] Sent data seq=1700
[SR CLIENT] Received ACK seq=1700
Timeout, sequence number = 1681
Timeout, sequence number = 1715
[SR CLIENT] Sent data seq=1800
[SR CLIENT] Received ACK seq=1800
Timeout, sequence number = 1758
Timeout, sequence number = 1777
Timeout, sequence number = 1828
Timeout, sequence number = 1842
[SR CLIENT] Sent data seq=1900
[SR CLIENT] Received ACK seq=1900
Timeout, sequence number = 1923
Timeout, sequence number = 1948
Timeout, sequence number = 1950
Timeout, sequence number = 1952
[SR CLIENT] Sent data seq=2000
Timeout, sequence number = 1974
[SR CLIENT] Received ACK seq=2000
[SR CLIENT] Summary: sent_packets=2001, ack_packets=2001, retransmitted_packets=85, timeout_events=85
Transfer complete. Delay = 13.759997 seconds

=== STDERR ===
