=== STDOUT ===
[SR CLIENT] Starting transfer: server=10.153.27.102:7735, file=demo_input.bin, N=64, MSS=500, total_segments=2401
[SR CLIENT] Sent data seq=0
[SR CLIENT] Sent data seq=1
[SR CLIENT] Sent data seq=2
[SR CLIENT] Sent data seq=3
[SR CLIENT] Sent data seq=4
[SR CLIENT] Received ACK seq=0
[SR CLIENT] Received ACK seq=1
[SR CLIENT] Received ACK seq=2
[SR CLIENT] Received ACK seq=3
[SR CLIENT] Received ACK seq=4
Timeout, sequence number = 19
Timeout, sequence number = 31
Timeout, sequence number = 52
Timeout, sequence number = 59
[SR CLIENT] Sent data seq=100
Timeout, sequence number = 65
Timeout, sequence number = 77
[SR CLIENT] Received ACK seq=100
Timeout, sequence number = 84
Timeout, sequence number = 96
Timeout, sequence number = 97
Timeout, sequence number = 119
Timeout, sequence number = 136
Timeout, sequence number = 96
[SR CLIENT] Sent data seq=200
[SR CLIENT] Received ACK seq=200
Timeout, sequence number = 182
Timeout, sequence number = 206
Timeout, sequence number = 214
Timeout, sequence number = 228
Timeout, sequence number = 231
Timeout, sequence number = 244
Timeout, sequence number = 245
[SR CLIENT] Sent data seq=300
[SR CLIENT] Received ACK seq=300
Timeout, sequence number = 257
Timeout, sequence number = 267
Timeout, sequence number = 307
[SR CLIENT] Sent data seq=400
[SR CLIENT] Received ACK seq=400
Timeout, sequence number = 357
Timeout, sequence number = 358
Timeout, sequence number = 370
Timeout, sequence number = 399
Timeout, sequence number = 402
Timeout, sequence number = 407
[SR CLIENT] Sent data seq=500
[SR CLIENT] Received ACK seq=500
Timeout, sequence number = 441
Timeout, sequence number = 467
Timeout, sequence number = 507
Timeout, sequence number = 532
[SR CLIENT] Sent data seq=600
[SR CLIENT] Received ACK seq=600
[SR CLIENT] Sent data seq=700
[SR CLIENT] Received ACK seq=700
Timeout, sequence number = 654
Timeout, sequence number = 683
Timeout, sequence number = 732
Timeout, sequence number = 735
[SR CLIENT] Sent data seq=800
Timeout, sequence number = 751
Timeout, sequence number = 776
Timeout, sequence number = 795
Timeout, sequence number = 800
Timeout, sequence number = 809
[SR CLIENT] Received ACK seq=800
Timeout, sequence number = 820
Timeout, sequence number = 841
[SR CLIENT] Sent data seq=900
Timeout, sequence number = 876
Timeout, sequence number = 900
Timeout, sequence number = 909
Timeout, sequence number = 918
[SR CLIENT] Received ACK seq=900
[SR CLIENT] Sent data seq=1000
[SR CLIENT] Received ACK seq=1000
Timeout, sequence number = 984
Timeout, sequence number = 990
Timeout, sequence number = 1002
Timeout, sequence number = 1004
Timeout, sequence number = 1006
Timeout, sequence number = 984
Timeout, sequence number = 1004
[SR CLIENT] Sent data seq=1100
[SR CLIENT] Received ACK seq=1100
Timeout, sequence number = 1068
Timeout, sequence number = 1084
Timeout, sequence number = 1094
Timeout, sequence number = 1098
Timeout, sequence number = 1099
Timeout, sequence number = 1136
Timeout, sequence number = 1155
Timeout, sequence number = 1167
Timeout, sequence number = 1174
Timeout, sequence number = 1188
[SR CLIENT] Sent data seq=1200
[SR CLIENT] Received ACK seq=1200
[SR CLIENT] Sent data seq=1300
[SR CLIENT] Received ACK seq=1300
Timeout, sequence number = 1241
Timeout, sequence number = 1262
Timeout, sequence number = 1275
Timeout, sequence number = 1285
Timeout, sequence number = 1310
Timeout, sequence number = 1315
Timeout, sequence number = 1349
Timeout, sequence number = 1357
[SR CLIENT] Sent data seq=1400
[SR CLIENT] Received ACK seq=1400
Timeout, sequence number = 1374
[SR CLIENT] Sent data seq=1500
[SR CLIENT] Received ACK seq=1500
Timeout, sequence number = 1458
Timeout, sequence number = 1473
Timeout, sequence number = 1478
Timeout, sequence number = 1481
Timeout, sequence number = 1497
Timeout, sequence number = 1501
Timeout, sequence number = 1532
Timeout, sequence number = 1556
Timeout, sequence number = 1562
Timeout, sequence number = 1589
[SR CLIENT] Sent data seq=1600
[SR CLIENT] Received ACK seq=1600
Timeout, sequence number = 1635
Timeout, sequence number = 1662
[SR CLIENT] Sent data seq=1700
Timeout, sequence number = 1700
Timeout, sequence number = 1725
Timeout, sequence number = 1734
Timeout, sequence number = 1742
Timeout, sequence number = 1758
[SR CLIENT] Received ACK seq=1700
[SR CLIENT] Sent data seq=1800
[SR CLIENT] Received ACK seq=1800
Timeout, sequence number = 1783
Timeout, sequence number = 1804
[SR CLIENT] Sent data seq=1900
[SR CLIENT] Received ACK seq=1900
Timeout, sequence number = 1875
Timeout, sequence number = 1912
Timeout, sequence number = 1920
[SR CLIENT] Sent data seq=2000
[SR CLIENT] Received ACK seq=2000
Timeout, sequence number = 1978
Timeout, sequence number = 1980
Timeout, sequence number = 2005
[SR CLIENT] Sent data seq=2100
[SR CLIENT] Received ACK seq=2100
Timeout, sequence number = 2090
Timeout, sequence number = 2132
Timeout, sequence number = 2149
[SR CLIENT] Sent data seq=2200
[SR CLIENT] Received ACK seq=2200
Timeout, sequence number = 2170
Timeout, sequence number = 2180
Timeout, sequence number = 2191
Timeout, sequence number = 2236
Timeout, sequence number = 2257
Timeout, sequence number = 2274
Timeout, sequence number = 2279
[SR CLIENT] Sent data seq=2300
[SR CLIENT] Received ACK seq=2300
Timeout, sequence number = 2333
Timeout, sequence number = 2356
Timeout, sequence number = 2365
Timeout, sequence number = 2370
[SR CLIENT] Sent data seq=2400
[SR CLIENT] Received ACK seq=2400
[SR CLIENT] Summary: sent_packets=2401, ack_packets=2401, retransmitted_packets=112, timeout_events=112
Transfer complete. Delay = 16.097020 seconds

=== STDERR ===
