=== STDOUT ===
[SR CLIENT] Starting transfer: server=10.153.27.102:7735, file=demo_input.bin, N=4, MSS=500, total_segments=2401
[SR CLIENT] Sent data seq=0
[SR CLIENT] Sent data seq=1
[SR CLIENT] Sent data seq=2
[SR CLIENT] Sent data seq=3
[SR CLIENT] Received ACK seq=0
[SR CLIENT] Sent data seq=4
[SR CLIENT] Received ACK seq=2
[SR CLIENT] Received ACK seq=3
[SR CLIENT] Received ACK seq=4
Timeout, sequence number = 1
[SR CLIENT] Received ACK seq=1
Timeout, sequence number = 24
Timeout, sequence number = 53
Timeout, sequence number = 82
Timeout, sequence number = 84
[SR CLIENT] Sent data seq=100
[SR CLIENT] Received ACK seq=100
Timeout, sequence number = 115
Timeout, sequence number = 118
Timeout, sequence number = 146
Timeout, sequence number = 164
Timeout, sequence number = 165
[SR CLIENT] Sent data seq=200
[SR CLIENT] Received ACK seq=200
Timeout, sequence number = 234
Timeout, sequence number = 270
[SR CLIENT] Sent data seq=300
[SR CLIENT] Received ACK seq=300
Timeout, sequence number = 299
Timeout, sequence number = 304
Timeout, sequence number = 315
Timeout, sequence number = 316
Timeout, sequence number = 354
[SR CLIENT] Sent data seq=400
[SR CLIENT] Received ACK seq=400
Timeout, sequence number = 416
Timeout, sequence number = 433
Timeout, sequence number = 436
Timeout, sequence number = 457
[SR CLIENT] Sent data seq=500
[SR CLIENT] Received ACK seq=500
Timeout, sequence number = 513
Timeout, sequence number = 531
Timeout, sequence number = 532
Timeout, sequence number = 536
Timeout, sequence number = 542
Timeout, sequence number = 546
Timeout, sequence number = 584
Timeout, sequence number = 593
[SR CLIENT] Sent data seq=600
[SR CLIENT] Received ACK seq=600
Timeout, sequence number = 599
Timeout, sequence number = 601
Timeout, sequence number = 638
Timeout, sequence number = 649
Timeout, sequence number = 660
Timeout, sequence number = 680
[SR CLIENT] Sent data seq=700
[SR CLIENT] Received ACK seq=700
Timeout, sequence number = 725
Timeout, sequence number = 751
Timeout, sequence number = 751
Timeout, sequence number = 776
Timeout, sequence number = 784
[SR CLIENT] Sent data seq=800
[SR CLIENT] Received ACK seq=800
Timeout, sequence number = 869
[SR CLIENT] Sent data seq=900
[SR CLIENT] Received ACK seq=900
Timeout, sequence number = 951
[SR CLIENT] Sent data seq=1000
[SR CLIENT] Received ACK seq=1000
Timeout, sequence number = 1025
Timeout, sequence number = 1034
Timeout, sequence number = 1045
Timeout, sequence number = 1074
Timeout, sequence number = 1085
[SR CLIENT] Sent data seq=1100
[SR CLIENT] Received ACK seq=1100
Timeout, sequence number = 1140
Timeout, sequence number = 1160
Timeout, sequence number = 1161
Timeout, sequence number = 1169
Timeout, sequence number = 1175
[SR CLIENT] Sent data seq=1200
[SR CLIENT] Received ACK seq=1200
Timeout, sequence number = 1207
Timeout, sequence number = 1210
Timeout, sequence number = 1236
Timeout, sequence number = 1244
Timeout, sequence number = 1253
Timeout, sequence number = 1285
[SR CLIENT] Sent data seq=1300
[SR CLIENT] Received ACK seq=1300
Timeout, sequence number = 1303
Timeout, sequence number = 1308
Timeout, sequence number = 1323
Timeout, sequence number = 1336
Timeout, sequence number = 1368
[SR CLIENT] Sent data seq=1400
[SR CLIENT] Received ACK seq=1400
Timeout, sequence number = 1427
Timeout, sequence number = 1455
[SR CLIENT] Sent data seq=1500
[SR CLIENT] Received ACK seq=1500
Timeout, sequence number = 1504
Timeout, sequence number = 1541
Timeout, sequence number = 1591
Timeout, sequence number = 1593
[SR CLIENT] Sent data seq=1600
[SR CLIENT] Received ACK seq=1600
Timeout, sequence number = 1617
Timeout, sequence number = 1628
Timeout, sequence number = 1639
Timeout, sequence number = 1647
Timeout, sequence number = 1656
Timeout, sequence number = 1671
Timeout, sequence number = 1673
Timeout, sequence number = 1671
Timeout, sequence number = 1676
Timeout, sequence number = 1677
Timeout, sequence number = 1678
Timeout, sequence number = 1679
Timeout, sequence number = 1676
Timeout, sequence number = 1685
[SR CLIENT] Sent data seq=1700
[SR CLIENT] Received ACK seq=1700
Timeout, sequence number = 1702
Timeout, sequence number = 1704
Timeout, sequence number = 1761
Timeout, sequence number = 1781
Timeout, sequence number = 1788
[SR CLIENT] Sent data seq=1800
[SR CLIENT] Received ACK seq=1800
Timeout, sequence number = 1804
Timeout, sequence number = 1821
Timeout, sequence number = 1848
Timeout, sequence number = 1849
Timeout, sequence number = 1848
[SR CLIENT] Sent data seq=1900
[SR CLIENT] Received ACK seq=1900
Timeout, sequence number = 1938
Timeout, sequence number = 1938
Timeout, sequence number = 1942
Timeout, sequence number = 1976
Timeout, sequence number = 1982
[SR CLIENT] Sent data seq=2000
[SR CLIENT] Received ACK seq=2000
Timeout, sequence number = 2022
Timeout, sequence number = 2055
Timeout, sequence number = 2057
Timeout, sequence number = 2066
[SR CLIENT] Sent data seq=2100
[SR CLIENT] Received ACK seq=2100
Timeout, sequence number = 2102
Timeout, sequence number = 2122
Timeout, sequence number = 2193
[SR CLIENT] Sent data seq=2200
[SR CLIENT] Received ACK seq=2200
Timeout, sequence number = 2242
Timeout, sequence number = 2253
Timeout, sequence number = 2276
Timeout, sequence number = 2285
[SR CLIENT] Sent data seq=2300
[SR CLIENT] Received ACK seq=2300
Timeout, sequence number = 2325
Timeout, sequence number = 2347
Timeout, sequence number = 2348
Timeout, sequence number = 2365
Timeout, sequence number = 2386
[SR CLIENT] Sent data seq=2400
[SR CLIENT] Received ACK seq=2400
[SR CLIENT] Summary: sent_packets=2401, ack_packets=2401, retransmitted_packets=114, timeout_events=114
Transfer complete. Delay = 60.314281 seconds

=== STDERR ===
