=== STDOUT ===
[SR CLIENT] Starting transfer: server=10.153.27.102:7735, file=demo_input.bin, N=2, MSS=500, total_segments=2401
[SR CLIENT] Sent data seq=0
[SR CLIENT] Sent data seq=1
[SR CLIENT] Received ACK seq=0
[SR CLIENT] Sent data seq=2
[SR CLIENT] Received ACK seq=1
[SR CLIENT] Sent data seq=3
[SR CLIENT] Received ACK seq=2
[SR CLIENT] Sent data seq=4
[SR CLIENT] Received ACK seq=4
Timeout, sequence number = 3
[SR CLIENT] Received ACK seq=3
Timeout, sequence number = 13
Timeout, sequence number = 22
Timeout, sequence number = 52
Timeout, sequence number = 52
Timeout, sequence number = 63
Timeout, sequence number = 73
Timeout, sequence number = 76
Timeout, sequence number = 93
[SR CLIENT] Sent data seq=100
[SR CLIENT] Received ACK seq=100
Timeout, sequence number = 103
Timeout, sequence number = 181
[SR CLIENT] Sent data seq=200
[SR CLIENT] Received ACK seq=200
Timeout, sequence number = 209
Timeout, sequence number = 258
Timeout, sequence number = 260
Timeout, sequence number = 272
[SR CLIENT] Sent data seq=300
[SR CLIENT] Received ACK seq=300
Timeout, sequence number = 309
Timeout, sequence number = 313
Timeout, sequence number = 333
Timeout, sequence number = 338
Timeout, sequence number = 341
Timeout, sequence number = 369
Timeout, sequence number = 380
[SR CLIENT] Sent data seq=400
[SR CLIENT] Received ACK seq=400
Timeout, sequence number = 420
Timeout, sequence number = 498
[SR CLIENT] Sent data seq=500
[SR CLIENT] Received ACK seq=500
Timeout, sequence number = 509
Timeout, sequence number = 521
Timeout, sequence number = 526
Timeout, sequence number = 530
Timeout, sequence number = 533
Timeout, sequence number = 536
Timeout, sequence number = 544
Timeout, sequence number = 544
Timeout, sequence number = 547
Timeout, sequence number = 551
[SR CLIENT] Sent data seq=600
[SR CLIENT] Received ACK seq=600
Timeout, sequence number = 606
Timeout, sequence number = 624
Timeout, sequence number = 638
Timeout, sequence number = 640
Timeout, sequence number = 649
Timeout, sequence number = 676
Timeout, sequence number = 680
Timeout, sequence number = 683
[SR CLIENT] Sent data seq=700
[SR CLIENT] Received ACK seq=700
Timeout, sequence number = 717
Timeout, sequence number = 728
Timeout, sequence number = 735
Timeout, sequence number = 751
Timeout, sequence number = 765
Timeout, sequence number = 779
Timeout, sequence number = 798
[SR CLIENT] Sent data seq=800
[SR CLIENT] Received ACK seq=800
Timeout, sequence number = 805
Timeout, sequence number = 808
Timeout, sequence number = 824
Timeout, sequence number = 858
Timeout, sequence number = 858
Timeout, sequence number = 865
[SR CLIENT] Sent data seq=900
[SR CLIENT] Received ACK seq=900
Timeout, sequence number = 901
Timeout, sequence number = 931
Timeout, sequence number = 941
Timeout, sequence number = 944
Timeout, sequence number = 946
Timeout, sequence number = 960
Timeout, sequence number = 970
Timeout, sequence number = 978
[SR CLIENT] Sent data seq=1000
[SR CLIENT] Received ACK seq=1000
Timeout, sequence number = 1024
Timeout, sequence number = 1043
Timeout, sequence number = 1082
[SR CLIENT] Sent data seq=1100
[SR CLIENT] Received ACK seq=1100
Timeout, sequence number = 1113
Timeout, sequence number = 1126
Timeout, sequence number = 1129
Timeout, sequence number = 1165
Timeout, sequence number = 1165
Timeout, sequence number = 1182
Timeout, sequence number = 1183
Timeout, sequence number = 1186
[SR CLIENT] Sent data seq=1200
[SR CLIENT] Received ACK seq=1200
Timeout, sequence number = 1207
Timeout, sequence number = 1231
Timeout, sequence number = 1273
Timeout, sequence number = 1274
[SR CLIENT] Sent data seq=1300
Timeout, sequence number = 1300
[SR CLIENT] Received ACK seq=1300
Timeout, sequence number = 1309
Timeout, sequence number = 1323
Timeout, sequence number = 1324
Timeout, sequence number = 1331
Timeout, sequence number = 1333
Timeout, sequence number = 1342
Timeout, sequence number = 1364
[SR CLIENT] Sent data seq=1400
[SR CLIENT] Received ACK seq=1400
Timeout, sequence number = 1406
Timeout, sequence number = 1437
Timeout, sequence number = 1440
Timeout, sequence number = 1466
Timeout, sequence number = 1468
Timeout, sequence number = 1486
[SR CLIENT] Sent data seq=1500
[SR CLIENT] Received ACK seq=1500
Timeout, sequence number = 1513
Timeout, sequence number = 1562
Timeout, sequence number = 1590
Timeout, sequence number = 1590
[SR CLIENT] Sent data seq=1600
[SR CLIENT] Received ACK seq=1600
Timeout, sequence number = 1606
Timeout, sequence number = 1614
Timeout, sequence number = 1650
Timeout, sequence number = 1655
Timeout, sequence number = 1663
Timeout, sequence number = 1672
Timeout, sequence number = 1689
[SR CLIENT] Sent data seq=1700
[SR CLIENT] Received ACK seq=1700
Timeout, sequence number = 1699
Timeout, sequence number = 1716
Timeout, sequence number = 1735
[SR CLIENT] Sent data seq=1800
[SR CLIENT] Received ACK seq=1800
Timeout, sequence number = 1815
Timeout, sequence number = 1863
Timeout, sequence number = 1867
Timeout, sequence number = 1876
[SR CLIENT] Sent data seq=1900
[SR CLIENT] Received ACK seq=1900
Timeout, sequence number = 1906
Timeout, sequence number = 1910
Timeout, sequence number = 1920
Timeout, sequence number = 1921
Timeout, sequence number = 1975
Timeout, sequence number = 1991
[SR CLIENT] Sent data seq=2000
[SR CLIENT] Received ACK seq=2000
Timeout, sequence number = 2008
Timeout, sequence number = 2014
Timeout, sequence number = 2032
Timeout, sequence number = 2050
Timeout, sequence number = 2055
Timeout, sequence number = 2057
Timeout, sequence number = 2085
Timeout, sequence number = 2093
[SR CLIENT] Sent data seq=2100
[SR CLIENT] Received ACK seq=2100
Timeout, sequence number = 2120
Timeout, sequence number = 2156
Timeout, sequence number = 2158
Timeout, sequence number = 2160
Timeout, sequence number = 2174
Timeout, sequence number = 2197
[SR CLIENT] Sent data seq=2200
[SR CLIENT] Received ACK seq=2200
Timeout, sequence number = 2216
Timeout, sequence number = 2223
Timeout, sequence number = 2257
Timeout, sequence number = 2257
Timeout, sequence number = 2268
Timeout, sequence number = 2288
Timeout, sequence number = 2289
[SR CLIENT] Sent data seq=2300
[SR CLIENT] Received ACK seq=2300
Timeout, sequence number = 2305
Timeout, sequence number = 2321
Timeout, sequence number = 2343
Timeout, sequence number = 2389
[SR CLIENT] Sent data seq=2400
[SR CLIENT] Received ACK seq=2400
[SR CLIENT] Summary: sent_packets=2401, ack_packets=2401, retransmitted_packets=141, timeout_events=141
Transfer complete. Delay = 105.528422 seconds

=== STDERR ===
