=== STDOUT ===
[SR CLIENT] Starting transfer: server=10.153.27.102:7735, file=demo_input.bin, N=4, MSS=500, total_segments=2401
[SR CLIENT] Sent data seq=0
[SR CLIENT] Sent data seq=1
[SR CLIENT] Sent data seq=2
[SR CLIENT] Sent data seq=3
[SR CLIENT] Received ACK seq=0
[SR CLIENT] Sent data seq=4
[SR CLIENT] Received ACK seq=1
[SR CLIENT] Received ACK seq=2
[SR CLIENT] Received ACK seq=3
[SR CLIENT] Received ACK seq=4
Timeout, sequence number = 9
Timeout, sequence number = 9
Timeout, sequence number = 30
Timeout, sequence number = 46
Timeout, sequence number = 64
Timeout, sequence number = 65
Timeout, sequence number = 71
[SR CLIENT] Sent data seq=100
[SR CLIENT] Received ACK seq=100
Timeout, sequence number = 99
Timeout, sequence number = 105
Timeout, sequence number = 116
Timeout, sequence number = 128
Timeout, sequence number = 155
Timeout, sequence number = 174
Timeout, sequence number = 174
Timeout, sequence number = 195
[SR CLIENT] Sent data seq=200
[SR CLIENT] Received ACK seq=200
Timeout, sequence number = 203
Timeout, sequence number = 224
[SR CLIENT] Sent data seq=300
[SR CLIENT] Received ACK seq=300
Timeout, sequence number = 326
Timeout, sequence number = 334
Timeout, sequence number = 344
Timeout, sequence number = 345
Timeout, sequence number = 356
[SR CLIENT] Sent data seq=400
[SR CLIENT] Received ACK seq=400
Timeout, sequence number = 424
Timeout, sequence number = 448
Timeout, sequence number = 494
[SR CLIENT] Sent data seq=500
Timeout, sequence number = 500
[SR CLIENT] Received ACK seq=500
Timeout, sequence number = 502
Timeout, sequence number = 502
Timeout, sequence number = 531
Timeout, sequence number = 533
Timeout, sequence number = 542
Timeout, sequence number = 542
Timeout, sequence number = 564
[SR CLIENT] Sent data seq=600
[SR CLIENT] Received ACK seq=600
Timeout, sequence number = 664
Timeout, sequence number = 674
Timeout, sequence number = 674
Timeout, sequence number = 682
[SR CLIENT] Sent data seq=700
[SR CLIENT] Received ACK seq=700
Timeout, sequence number = 741
Timeout, sequence number = 775
Timeout, sequence number = 782
Timeout, sequence number = 785
Timeout, sequence number = 796
Timeout, sequence number = 798
[SR CLIENT] Sent data seq=800
[SR CLIENT] Received ACK seq=800
Timeout, sequence number = 801
Timeout, sequence number = 806
Timeout, sequence number = 815
Timeout, sequence number = 831
Timeout, sequence number = 846
Timeout, sequence number = 866
[SR CLIENT] Sent data seq=900
[SR CLIENT] Received ACK seq=900
Timeout, sequence number = 903
Timeout, sequence number = 936
Timeout, sequence number = 954
Timeout, sequence number = 995
[SR CLIENT] Sent data seq=1000
[SR CLIENT] Received ACK seq=1000
Timeout, sequence number = 1006
Timeout, sequence number = 1007
Timeout, sequence number = 1054
Timeout, sequence number = 1069
Timeout, sequence number = 1074
Timeout, sequence number = 1081
Timeout, sequence number = 1082
Timeout, sequence number = 1092
[SR CLIENT] Sent data seq=1100
[SR CLIENT] Received ACK seq=1100
Timeout, sequence number = 1110
Timeout, sequence number = 1173
Timeout, sequence number = 1179
Timeout, sequence number = 1182
[SR CLIENT] Sent data seq=1200
[SR CLIENT] Received ACK seq=1200
Timeout, sequence number = 1206
Timeout, sequence number = 1272
[SR CLIENT] Sent data seq=1300
[SR CLIENT] Received ACK seq=1300
Timeout, sequence number = 1327
Timeout, sequence number = 1358
Timeout, sequence number = 1368
[SR CLIENT] Sent data seq=1400
[SR CLIENT] Received ACK seq=1400
Timeout, sequence number = 1434
Timeout, sequence number = 1446
Timeout, sequence number = 1448
Timeout, sequence number = 1459
Timeout, sequence number = 1481
[SR CLIENT] Sent data seq=1500
[SR CLIENT] Received ACK seq=1500
Timeout, sequence number = 1498
Timeout, sequence number = 1516
Timeout, sequence number = 1523
Timeout, sequence number = 1534
Timeout, sequence number = 1542
Timeout, sequence number = 1554
Timeout, sequence number = 1563
Timeout, sequence number = 1572
[SR CLIENT] Sent data seq=1600
[SR CLIENT] Received ACK seq=1600
Timeout, sequence number = 1642
Timeout, sequence number = 1648
Timeout, sequence number = 1660
Timeout, sequence number = 1676
Timeout, sequence number = 1684
Timeout, sequence number = 1688
Timeout, sequence number = 1693
Timeout, sequence number = 1695
[SR CLIENT] Sent data seq=1700
[SR CLIENT] Received ACK seq=1700
Timeout, sequence number = 1717
Timeout, sequence number = 1756
Timeout, sequence number = 1758
Timeout, sequence number = 1756
Timeout, sequence number = 1779
Timeout, sequence number = 1781
[SR CLIENT] Sent data seq=1800
[SR CLIENT] Received ACK seq=1800
Timeout, sequence number = 1812
Timeout, sequence number = 1844
Timeout, sequence number = 1871
Timeout, sequence number = 1887
[SR CLIENT] Sent data seq=1900
[SR CLIENT] Received ACK seq=1900
Timeout, sequence number = 1911
Timeout, sequence number = 1943
Timeout, sequence number = 1947
Timeout, sequence number = 1948
Timeout, sequence number = 1949
Timeout, sequence number = 1950
Timeout, sequence number = 1964
[SR CLIENT] Sent data seq=2000
[SR CLIENT] Received ACK seq=2000
Timeout, sequence number = 1997
Timeout, sequence number = 1999
Timeout, sequence number = 2001
Timeout, sequence number = 2005
Timeout, sequence number = 2014
Timeout, sequence number = 2038
Timeout, sequence number = 2047
Timeout, sequence number = 2057
Timeout, sequence number = 2085
Timeout, sequence number = 2092
Timeout, sequence number = 2093
[SR CLIENT] Sent data seq=2100
[SR CLIENT] Received ACK seq=2100
Timeout, sequence number = 2116
Timeout, sequence number = 2155
Timeout, sequence number = 2160
Timeout, sequence number = 2160
Timeout, sequence number = 2165
Timeout, sequence number = 2168
Timeout, sequence number = 2169
Timeout, sequence number = 2170
Timeout, sequence number = 2171
[SR CLIENT] Sent data seq=2200
[SR CLIENT] Received ACK seq=2200
Timeout, sequence number = 2225
Timeout, sequence number = 2284
[SR CLIENT] Sent data seq=2300
[SR CLIENT] Received ACK seq=2300
Timeout, sequence number = 2318
Timeout, sequence number = 2349
Timeout, sequence number = 2356
Timeout, sequence number = 2367
Timeout, sequence number = 2373
Timeout, sequence number = 2384
Timeout, sequence number = 2389
Timeout, sequence number = 2394
[SR CLIENT] Sent data seq=2400
[SR CLIENT] Received ACK seq=2400
[SR CLIENT] Summary: sent_packets=2401, ack_packets=2401, retransmitted_packets=138, timeout_events=138
Transfer complete. Delay = 72.565671 seconds

=== STDERR ===
