=== STDOUT ===
[SR CLIENT] Starting transfer: server=10.153.27.102:7735, file=demo_input.bin, N=64, MSS=400, total_segments=3001
[SR CLIENT] Sent data seq=0
[SR CLIENT] Sent data seq=1
[SR CLIENT] Sent data seq=2
[SR CLIENT] Sent data seq=3
[SR CLIENT] Sent data seq=4
[SR CLIENT] Received ACK seq=0
[SR CLIENT] Received ACK seq=1
[SR CLIENT] Received ACK seq=2
[SR CLIENT] Received ACK seq=3
[SR CLIENT] Received ACK seq=4
Timeout, sequence number = 23
Timeout, sequence number = 67
[SR CLIENT] Sent data seq=100
Timeout, sequence number = 76
Timeout, sequence number = 78
[SR CLIENT] Received ACK seq=100
Timeout, sequence number = 92
Timeout, sequence number = 97
Timeout, sequence number = 103
Timeout, sequence number = 128
Timeout, sequence number = 141
[SR CLIENT] Sent data seq=200
[SR CLIENT] Received ACK seq=200
Timeout, sequence number = 192
Timeout, sequence number = 213
Timeout, sequence number = 251
[SR CLIENT] Sent data seq=300
[SR CLIENT] Received ACK seq=300
Timeout, sequence number = 261
Timeout, sequence number = 287
Timeout, sequence number = 292
Timeout, sequence number = 307
Timeout, sequence number = 317
Timeout, sequence number = 292
[SR CLIENT] Sent data seq=400
[SR CLIENT] Received ACK seq=400
Timeout, sequence number = 368
Timeout, sequence number = 375
Timeout, sequence number = 379
Timeout, sequence number = 425
Timeout, sequence number = 432
Timeout, sequence number = 452
[SR CLIENT] Sent data seq=500
[SR CLIENT] Received ACK seq=500
Timeout, sequence number = 527
Timeout, sequence number = 529
Timeout, sequence number = 530
Timeout, sequence number = 535
Timeout, sequence number = 536
Timeout, sequence number = 578
[SR CLIENT] Sent data seq=600
[SR CLIENT] Received ACK seq=600
Timeout, sequence number = 591
Timeout, sequence number = 614
Timeout, sequence number = 619
Timeout, sequence number = 629
Timeout, sequence number = 650
Timeout, sequence number = 629
Timeout, sequence number = 662
Timeout, sequence number = 663
Timeout, sequence number = 691
[SR CLIENT] Sent data seq=700
[SR CLIENT] Received ACK seq=700
Timeout, sequence number = 699
Timeout, sequence number = 709
Timeout, sequence number = 737
[SR CLIENT] Sent data seq=800
[SR CLIENT] Received ACK seq=800
Timeout, sequence number = 764
Timeout, sequence number = 803
[SR CLIENT] Sent data seq=900
[SR CLIENT] Received ACK seq=900
Timeout, sequence number = 849
Timeout, sequence number = 852
Timeout, sequence number = 856
Timeout, sequence number = 864
Timeout, sequence number = 865
Timeout, sequence number = 890
Timeout, sequence number = 864
Timeout, sequence number = 931
Timeout, sequence number = 982
[SR CLIENT] Sent data seq=1000
Timeout, sequence number = 1000
Timeout, sequence number = 1010
Timeout, sequence number = 1033
Timeout, sequence number = 1043
Timeout, sequence number = 1044
[SR CLIENT] Received ACK seq=1000
[SR CLIENT] Sent data seq=1100
[SR CLIENT] Received ACK seq=1100
Timeout, sequence number = 1069
Timeout, sequence number = 1094
Timeout, sequence number = 1101
Timeout, sequence number = 1133
Timeout, sequence number = 1137
Timeout, sequence number = 1145
Timeout, sequence number = 1147
[SR CLIENT] Sent data seq=1200
[SR CLIENT] Received ACK seq=1200
Timeout, sequence number = 1204
Timeout, sequence number = 1230
Timeout, sequence number = 1255
Timeout, sequence number = 1263
Timeout, sequence number = 1264
[SR CLIENT] Sent data seq=1300
[SR CLIENT] Received ACK seq=1300
Timeout, sequence number = 1263
Timeout, sequence number = 1292
Timeout, sequence number = 1293
Timeout, sequence number = 1308
Timeout, sequence number = 1315
Timeout, sequence number = 1326
[SR CLIENT] Sent data seq=1400
Timeout, sequence number = 1360
Timeout, sequence number = 1376
Timeout, sequence number = 1398
Timeout, sequence number = 1400
[SR CLIENT] Received ACK seq=1400
Timeout, sequence number = 1398
Timeout, sequence number = 1450
Timeout, sequence number = 1451
Timeout, sequence number = 1454
Timeout, sequence number = 1398
[SR CLIENT] Sent data seq=1500
[SR CLIENT] Received ACK seq=1500
Timeout, sequence number = 1508
Timeout, sequence number = 1512
[SR CLIENT] Sent data seq=1600
Timeout, sequence number = 1539
Timeout, sequence number = 1542
Timeout, sequence number = 1550
Timeout, sequence number = 1552
Timeout, sequence number = 1562
[SR CLIENT] Received ACK seq=1600
Timeout, sequence number = 1577
Timeout, sequence number = 1579
Timeout, sequence number = 1593
Timeout, sequence number = 1620
[SR CLIENT] Sent data seq=1700
[SR CLIENT] Received ACK seq=1700
Timeout, sequence number = 1648
Timeout, sequence number = 1677
Timeout, sequence number = 1679
Timeout, sequence number = 1702
Timeout, sequence number = 1703
Timeout, sequence number = 1729
Timeout, sequence number = 1773
[SR CLIENT] Sent data seq=1800
[SR CLIENT] Received ACK seq=1800
Timeout, sequence number = 1802
Timeout, sequence number = 1845
[SR CLIENT] Sent data seq=1900
Timeout, sequence number = 1868
Timeout, sequence number = 1879
Timeout, sequence number = 1900
Timeout, sequence number = 1901
Timeout, sequence number = 1917
[SR CLIENT] Received ACK seq=1900
[SR CLIENT] Sent data seq=2000
[SR CLIENT] Received ACK seq=2000
Timeout, sequence number = 1941
Timeout, sequence number = 1967
Timeout, sequence number = 1986
Timeout, sequence number = 2014
Timeout, sequence number = 2016
Timeout, sequence number = 2021
Timeout, sequence number = 2057
[SR CLIENT] Sent data seq=2100
Timeout, sequence number = 2091
Timeout, sequence number = 2096
Timeout, sequence number = 2100
Timeout, sequence number = 2113
Timeout, sequence number = 2118
Timeout, sequence number = 2121
Timeout, sequence number = 2133
[SR CLIENT] Received ACK seq=2100
[SR CLIENT] Sent data seq=2200
[SR CLIENT] Received ACK seq=2200
Timeout, sequence number = 2157
Timeout, sequence number = 2165
Timeout, sequence number = 2185
Timeout, sequence number = 2187
[SR CLIENT] Sent data seq=2300
[SR CLIENT] Received ACK seq=2300
Timeout, sequence number = 2243
Timeout, sequence number = 2248
Timeout, sequence number = 2330
Timeout, sequence number = 2344
Timeout, sequence number = 2350
Timeout, sequence number = 2365
[SR CLIENT] Sent data seq=2400
[SR CLIENT] Received ACK seq=2400
Timeout, sequence number = 2389
Timeout, sequence number = 2409
Timeout, sequence number = 2435
Timeout, sequence number = 2450
Timeout, sequence number = 2453
[SR CLIENT] Sent data seq=2500
[SR CLIENT] Received ACK seq=2500
Timeout, sequence number = 2478
Timeout, sequence number = 2489
[SR CLIENT] Sent data seq=2600
Timeout, sequence number = 2540
[SR CLIENT] Received ACK seq=2600
Timeout, sequence number = 2546
Timeout, sequence number = 2549
Timeout, sequence number = 2559
Timeout, sequence number = 2584
Timeout, sequence number = 2589
[SR CLIENT] Sent data seq=2700
[SR CLIENT] Received ACK seq=2700
Timeout, sequence number = 2640
Timeout, sequence number = 2642
Timeout, sequence number = 2666
Timeout, sequence number = 2678
Timeout, sequence number = 2703
[SR CLIENT] Sent data seq=2800
[SR CLIENT] Received ACK seq=2800
Timeout, sequence number = 2776
Timeout, sequence number = 2794
Timeout, sequence number = 2801
Timeout, sequence number = 2825
[SR CLIENT] Sent data seq=2900
[SR CLIENT] Received ACK seq=2900
Timeout, sequence number = 2876
Timeout, sequence number = 2881
Timeout, sequence number = 2884
Timeout, sequence number = 2912
[SR CLIENT] Sent data seq=3000
[SR CLIENT] Received ACK seq=3000
Timeout, sequence number = 2944
Timeout, sequence number = 2981
Timeout, sequence number = 2999
[SR CLIENT] Summary: sent_packets=3001, ack_packets=3001, retransmitted_packets=163, timeout_events=163
Transfer complete. Delay = 23.031574 seconds

=== STDERR ===
