=== STDOUT ===
[SR CLIENT] Starting transfer: server=10.153.27.102:7735, file=demo_input.bin, N=64, MSS=500, total_segments=2401
[SR CLIENT] Sent data seq=0
[SR CLIENT] Sent data seq=1
[SR CLIENT] Sent data seq=2
[SR CLIENT] Sent data seq=3
[SR CLIENT] Sent data seq=4
[SR CLIENT] Received ACK seq=0
[SR CLIENT] Received ACK seq=2
[SR CLIENT] Received ACK seq=3
[SR CLIENT] Received ACK seq=4
Timeout, sequence number = 1
Timeout, sequence number = 13
Timeout, sequence number = 48
[SR CLIENT] Received ACK seq=1
[SR CLIENT] Sent data seq=100
[SR CLIENT] Received ACK seq=100
Timeout, sequence number = 74
Timeout, sequence number = 76
Timeout, sequence number = 92
Timeout, sequence number = 95
Timeout, sequence number = 103
Timeout, sequence number = 114
Timeout, sequence number = 124
Timeout, sequence number = 126
Timeout, sequence number = 129
[SR CLIENT] Sent data seq=200
[SR CLIENT] Received ACK seq=200
Timeout, sequence number = 141
Timeout, sequence number = 152
Timeout, sequence number = 182
Timeout, sequence number = 185
Timeout, sequence number = 189
Timeout, sequence number = 199
Timeout, sequence number = 216
Timeout, sequence number = 217
Timeout, sequence number = 218
Timeout, sequence number = 231
Timeout, sequence number = 245
Timeout, sequence number = 246
Timeout, sequence number = 257
Timeout, sequence number = 262
Timeout, sequence number = 275
Timeout, sequence number = 278
[SR CLIENT] Sent data seq=300
[SR CLIENT] Received ACK seq=300
Timeout, sequence number = 318
Timeout, sequence number = 320
Timeout, sequence number = 366
Timeout, sequence number = 369
Timeout, sequence number = 318
[SR CLIENT] Sent data seq=400
[SR CLIENT] Received ACK seq=400
Timeout, sequence number = 384
Timeout, sequence number = 385
Timeout, sequence number = 390
Timeout, sequence number = 392
Timeout, sequence number = 418
Timeout, sequence number = 423
Timeout, sequence number = 431
Timeout, sequence number = 434
[SR CLIENT] Sent data seq=500
[SR CLIENT] Received ACK seq=500
Timeout, sequence number = 450
Timeout, sequence number = 454
Timeout, sequence number = 457
Timeout, sequence number = 463
Timeout, sequence number = 464
Timeout, sequence number = 477
Timeout, sequence number = 479
Timeout, sequence number = 497
Timeout, sequence number = 501
Timeout, sequence number = 507
Timeout, sequence number = 508
Timeout, sequence number = 463
Timeout, sequence number = 519
Timeout, sequence number = 522
[SR CLIENT] Sent data seq=600
[SR CLIENT] Received ACK seq=600
Timeout, sequence number = 556
Timeout, sequence number = 559
Timeout, sequence number = 565
Timeout, sequence number = 579
Timeout, sequence number = 591
Timeout, sequence number = 599
Timeout, sequence number = 601
Timeout, sequence number = 622
Timeout, sequence number = 632
Timeout, sequence number = 634
Timeout, sequence number = 637
Timeout, sequence number = 640
Timeout, sequence number = 643
Timeout, sequence number = 648
Timeout, sequence number = 657
Timeout, sequence number = 663
Timeout, sequence number = 667
Timeout, sequence number = 669
Timeout, sequence number = 671
Timeout, sequence number = 685
[SR CLIENT] Sent data seq=700
[SR CLIENT] Received ACK seq=700
Timeout, sequence number = 640
Timeout, sequence number = 686
Timeout, sequence number = 691
Timeout, sequence number = 717
Timeout, sequence number = 721
Timeout, sequence number = 728
Timeout, sequence number = 732
Timeout, sequence number = 745
Timeout, sequence number = 746
Timeout, sequence number = 751
Timeout, sequence number = 752
Timeout, sequence number = 721
[SR CLIENT] Sent data seq=800
[SR CLIENT] Received ACK seq=800
Timeout, sequence number = 786
Timeout, sequence number = 804
Timeout, sequence number = 810
Timeout, sequence number = 811
Timeout, sequence number = 824
Timeout, sequence number = 836
Timeout, sequence number = 845
Timeout, sequence number = 824
Timeout, sequence number = 852
Timeout, sequence number = 860
Timeout, sequence number = 866
Timeout, sequence number = 824
Timeout, sequence number = 860
[SR CLIENT] Sent data seq=900
[SR CLIENT] Received ACK seq=900
Timeout, sequence number = 890
Timeout, sequence number = 895
Timeout, sequence number = 929
Timeout, sequence number = 941
Timeout, sequence number = 947
Timeout, sequence number = 948
Timeout, sequence number = 950
[SR CLIENT] Sent data seq=1000
[SR CLIENT] Received ACK seq=1000
Timeout, sequence number = 958
Timeout, sequence number = 959
Timeout, sequence number = 966
Timeout, sequence number = 972
Timeout, sequence number = 977
Timeout, sequence number = 991
Timeout, sequence number = 999
Timeout, sequence number = 1006
Timeout, sequence number = 1028
Timeout, sequence number = 1030
Timeout, sequence number = 1037
[SR CLIENT] Sent data seq=1100
[SR CLIENT] Received ACK seq=1100
Timeout, sequence number = 1069
Timeout, sequence number = 1071
Timeout, sequence number = 1076
Timeout, sequence number = 1089
Timeout, sequence number = 1097
Timeout, sequence number = 1107
Timeout, sequence number = 1108
Timeout, sequence number = 1110
Timeout, sequence number = 1122
Timeout, sequence number = 1076
[SR CLIENT] Sent data seq=1200
[SR CLIENT] Received ACK seq=1200
Timeout, sequence number = 1174
Timeout, sequence number = 1184
Timeout, sequence number = 1198
[SR CLIENT] Sent data seq=1300
[SR CLIENT] Received ACK seq=1300
Timeout, sequence number = 1269
Timeout, sequence number = 1285
Timeout, sequence number = 1288
Timeout, sequence number = 1295
Timeout, sequence number = 1296
Timeout, sequence number = 1304
Timeout, sequence number = 1308
Timeout, sequence number = 1304
[SR CLIENT] Sent data seq=1400
Timeout, sequence number = 1337
[SR CLIENT] Received ACK seq=1400
Timeout, sequence number = 1373
Timeout, sequence number = 1375
Timeout, sequence number = 1382
Timeout, sequence number = 1401
Timeout, sequence number = 1406
Timeout, sequence number = 1407
Timeout, sequence number = 1408
Timeout, sequence number = 1411
Timeout, sequence number = 1419
Timeout, sequence number = 1422
Timeout, sequence number = 1429
[SR CLIENT] Sent data seq=1500
Timeout, sequence number = 1442
Timeout, sequence number = 1453
Timeout, sequence number = 1456
Timeout, sequence number = 1461
Timeout, sequence number = 1473
Timeout, sequence number = 1474
Timeout, sequence number = 1478
Timeout, sequence number = 1484
Timeout, sequence number = 1492
Timeout, sequence number = 1500
[SR CLIENT] Received ACK seq=1500
Timeout, sequence number = 1513
Timeout, sequence number = 1521
Timeout, sequence number = 1531
Timeout, sequence number = 1473
Timeout, sequence number = 1474
Timeout, sequence number = 1531
[SR CLIENT] Sent data seq=1600
[SR CLIENT] Received ACK seq=1600
Timeout, sequence number = 1539
Timeout, sequence number = 1545
Timeout, sequence number = 1547
Timeout, sequence number = 1551
Timeout, sequence number = 1556
Timeout, sequence number = 1557
Timeout, sequence number = 1575
Timeout, sequence number = 1586
Timeout, sequence number = 1602
Timeout, sequence number = 1539
Timeout, sequence number = 1545
Timeout, sequence number = 1551
Timeout, sequence number = 1586
Timeout, sequence number = 1586
Timeout, sequence number = 1606
Timeout, sequence number = 1618
Timeout, sequence number = 1632
Timeout, sequence number = 1635
Timeout, sequence number = 1637
Timeout, sequence number = 1644
Timeout, sequence number = 1586
Timeout, sequence number = 1606
[SR CLIENT] Sent data seq=1700
[SR CLIENT] Received ACK seq=1700
Timeout, sequence number = 1661
Timeout, sequence number = 1715
Timeout, sequence number = 1736
Timeout, sequence number = 1738
Timeout, sequence number = 1763
Timeout, sequence number = 1769
Timeout, sequence number = 1797
Timeout, sequence number = 1736
Timeout, sequence number = 1738
Timeout, sequence number = 1763
Timeout, sequence number = 1769
Timeout, sequence number = 1797
[SR CLIENT] Sent data seq=1800
[SR CLIENT] Received ACK seq=1800
Timeout, sequence number = 1797
Timeout, sequence number = 1803
Timeout, sequence number = 1805
Timeout, sequence number = 1816
Timeout, sequence number = 1830
[SR CLIENT] Sent data seq=1900
[SR CLIENT] Received ACK seq=1900
Timeout, sequence number = 1866
Timeout, sequence number = 1881
Timeout, sequence number = 1894
Timeout, sequence number = 1898
Timeout, sequence number = 1906
Timeout, sequence number = 1922
Timeout, sequence number = 1927
Timeout, sequence number = 1932
Timeout, sequence number = 1938
Timeout, sequence number = 1942
Timeout, sequence number = 1952
Timeout, sequence number = 1953
Timeout, sequence number = 1964
Timeout, sequence number = 1966
[SR CLIENT] Sent data seq=2000
[SR CLIENT] Received ACK seq=2000
Timeout, sequence number = 1938
Timeout, sequence number = 2006
Timeout, sequence number = 2025
Timeout, sequence number = 2040
Timeout, sequence number = 2053
Timeout, sequence number = 2056
Timeout, sequence number = 2065
[SR CLIENT] Sent data seq=2100
[SR CLIENT] Received ACK seq=2100
Timeout, sequence number = 2081
Timeout, sequence number = 2083
Timeout, sequence number = 2105
Timeout, sequence number = 2114
Timeout, sequence number = 2115
Timeout, sequence number = 2130
[SR CLIENT] Sent data seq=2200
Timeout, sequence number = 2141
[SR CLIENT] Received ACK seq=2200
Timeout, sequence number = 2150
Timeout, sequence number = 2154
Timeout, sequence number = 2160
Timeout, sequence number = 2163
Timeout, sequence number = 2164
Timeout, sequence number = 2166
Timeout, sequence number = 2177
Timeout, sequence number = 2179
Timeout, sequence number = 2182
Timeout, sequence number = 2183
Timeout, sequence number = 2198
Timeout, sequence number = 2182
Timeout, sequence number = 2219
Timeout, sequence number = 2244
Timeout, sequence number = 2182
[SR CLIENT] Sent data seq=2300
Timeout, sequence number = 2247
Timeout, sequence number = 2255
Timeout, sequence number = 2268
Timeout, sequence number = 2272
Timeout, sequence number = 2278
Timeout, sequence number = 2280
Timeout, sequence number = 2292
Timeout, sequence number = 2300
[SR CLIENT] Received ACK seq=2300
Timeout, sequence number = 2330
Timeout, sequence number = 2336
Timeout, sequence number = 2340
Timeout, sequence number = 2348
Timeout, sequence number = 2362
[SR CLIENT] Sent data seq=2400
[SR CLIENT] Received ACK seq=2400
Timeout, sequence number = 2362
Timeout, sequence number = 2395
[SR CLIENT] Summary: sent_packets=2401, ack_packets=2401, retransmitted_packets=264, timeout_events=264
Transfer complete. Delay = 25.045279 seconds

=== STDERR ===
