=== STDOUT ===
[SR CLIENT] Starting transfer: server=10.153.27.102:7735, file=demo_input.bin, N=64, MSS=500, total_segments=2401
[SR CLIENT] Sent data seq=0
[SR CLIENT] Sent data seq=1
[SR CLIENT] Sent data seq=2
[SR CLIENT] Sent data seq=3
[SR CLIENT] Sent data seq=4
[SR CLIENT] Received ACK seq=0
[SR CLIENT] Received ACK seq=1
[SR CLIENT] Received ACK seq=2
[SR CLIENT] Received ACK seq=3
[SR CLIENT] Received ACK seq=4
[SR CLIENT] Sent data seq=100
[SR CLIENT] Received ACK seq=100
Timeout, sequence number = 62
Timeout, sequence number = 68
Timeout, sequence number = 73
Timeout, sequence number = 85
Timeout, sequence number = 118
Timeout, sequence number = 124
[SR CLIENT] Sent data seq=200
[SR CLIENT] Received ACK seq=200
Timeout, sequence number = 151
Timeout, sequence number = 182
Timeout, sequence number = 188
Timeout, sequence number = 205
Timeout, sequence number = 212
Timeout, sequence number = 151
Timeout, sequence number = 227
Timeout, sequence number = 232
Timeout, sequence number = 245
Timeout, sequence number = 267
Timeout, sequence number = 285
[SR CLIENT] Sent data seq=300
[SR CLIENT] Received ACK seq=300
Timeout, sequence number = 293
Timeout, sequence number = 306
Timeout, sequence number = 312
Timeout, sequence number = 322
Timeout, sequence number = 342
Timeout, sequence number = 351
[SR CLIENT] Sent data seq=400
[SR CLIENT] Received ACK seq=400
Timeout, sequence number = 358
Timeout, sequence number = 360
Timeout, sequence number = 370
Timeout, sequence number = 408
Timeout, sequence number = 415
Timeout, sequence number = 416
[SR CLIENT] Sent data seq=500
[SR CLIENT] Received ACK seq=500
Timeout, sequence number = 464
Timeout, sequence number = 486
Timeout, sequence number = 505
[SR CLIENT] Sent data seq=600
[SR CLIENT] Received ACK seq=600
Timeout, sequence number = 568
Timeout, sequence number = 580
Timeout, sequence number = 589
Timeout, sequence number = 623
Timeout, sequence number = 629
Timeout, sequence number = 634
Timeout, sequence number = 654
Timeout, sequence number = 655
Timeout, sequence number = 658
Timeout, sequence number = 679
[SR CLIENT] Sent data seq=700
[SR CLIENT] Received ACK seq=700
Timeout, sequence number = 696
Timeout, sequence number = 654
Timeout, sequence number = 711
[SR CLIENT] Sent data seq=800
[SR CLIENT] Received ACK seq=800
Timeout, sequence number = 778
Timeout, sequence number = 809
Timeout, sequence number = 811
Timeout, sequence number = 819
[SR CLIENT] Sent data seq=900
[SR CLIENT] Received ACK seq=900
Timeout, sequence number = 847
Timeout, sequence number = 856
Timeout, sequence number = 907
Timeout, sequence number = 909
Timeout, sequence number = 910
Timeout, sequence number = 935
Timeout, sequence number = 942
Timeout, sequence number = 971
Timeout, sequence number = 981
Timeout, sequence number = 990
[SR CLIENT] Sent data seq=1000
[SR CLIENT] Received ACK seq=1000
Timeout, sequence number = 1007
Timeout, sequence number = 1017
Timeout, sequence number = 1023
Timeout, sequence number = 1070
[SR CLIENT] Sent data seq=1100
[SR CLIENT] Received ACK seq=1100
Timeout, sequence number = 1136
Timeout, sequence number = 1148
Timeout, sequence number = 1171
Timeout, sequence number = 1181
Timeout, sequence number = 1185
Timeout, sequence number = 1187
Timeout, sequence number = 1136
[SR CLIENT] Sent data seq=1200
[SR CLIENT] Received ACK seq=1200
Timeout, sequence number = 1205
Timeout, sequence number = 1214
Timeout, sequence number = 1236
Timeout, sequence number = 1241
Timeout, sequence number = 1242
Timeout, sequence number = 1258
Timeout, sequence number = 1260
[SR CLIENT] Sent data seq=1300
[SR CLIENT] Received ACK seq=1300
Timeout, sequence number = 1274
Timeout, sequence number = 1278
Timeout, sequence number = 1280
Timeout, sequence number = 1317
Timeout, sequence number = 1320
[SR CLIENT] Sent data seq=1400
[SR CLIENT] Received ACK seq=1400
Timeout, sequence number = 1391
Timeout, sequence number = 1403
Timeout, sequence number = 1413
Timeout, sequence number = 1419
[SR CLIENT] Sent data seq=1500
[SR CLIENT] Received ACK seq=1500
Timeout, sequence number = 1456
Timeout, sequence number = 1474
Timeout, sequence number = 1475
Timeout, sequence number = 1531
Timeout, sequence number = 1543
Timeout, sequence number = 1581
Timeout, sequence number = 1583
[SR CLIENT] Sent data seq=1600
Timeout, sequence number = 1595
Timeout, sequence number = 1596
Timeout, sequence number = 1598
Timeout, sequence number = 1599
Timeout, sequence number = 1600
Timeout, sequence number = 1601
Timeout, sequence number = 1602
Timeout, sequence number = 1603
Timeout, sequence number = 1604
Timeout, sequence number = 1606
Timeout, sequence number = 1608
Timeout, sequence number = 1609
Timeout, sequence number = 1612
Timeout, sequence number = 1613
Timeout, sequence number = 1614
Timeout, sequence number = 1617
Timeout, sequence number = 1618
Timeout, sequence number = 1620
Timeout, sequence number = 1621
Timeout, sequence number = 1627
Timeout, sequence number = 1628
Timeout, sequence number = 1629
Timeout, sequence number = 1639
Timeout, sequence number = 1644
Timeout, sequence number = 1645
Timeout, sequence number = 1646
Timeout, sequence number = 1647
Timeout, sequence number = 1648
Timeout, sequence number = 1649
Timeout, sequence number = 1650
Timeout, sequence number = 1651
Timeout, sequence number = 1652
Timeout, sequence number = 1653
Timeout, sequence number = 1654
Timeout, sequence number = 1655
Timeout, sequence number = 1656
Timeout, sequence number = 1657
Timeout, sequence number = 1658
[SR CLIENT] Received ACK seq=1600
[SR CLIENT] Sent data seq=1700
[SR CLIENT] Received ACK seq=1700
Timeout, sequence number = 1684
Timeout, sequence number = 1686
Timeout, sequence number = 1714
Timeout, sequence number = 1725
Timeout, sequence number = 1743
Timeout, sequence number = 1745
[SR CLIENT] Sent data seq=1800
[SR CLIENT] Received ACK seq=1800
Timeout, sequence number = 1751
[SR CLIENT] Sent data seq=1900
[SR CLIENT] Received ACK seq=1900
Timeout, sequence number = 1841
Timeout, sequence number = 1844
Timeout, sequence number = 1855
Timeout, sequence number = 1861
Timeout, sequence number = 1881
Timeout, sequence number = 1901
Timeout, sequence number = 1903
Timeout, sequence number = 1844
Timeout, sequence number = 1907
Timeout, sequence number = 1913
[SR CLIENT] Sent data seq=2000
[SR CLIENT] Received ACK seq=2000
Timeout, sequence number = 1980
Timeout, sequence number = 2033
Timeout, sequence number = 1980
[SR CLIENT] Sent data seq=2100
[SR CLIENT] Received ACK seq=2100
Timeout, sequence number = 2101
Timeout, sequence number = 2109
Timeout, sequence number = 2117
Timeout, sequence number = 2127
Timeout, sequence number = 2158
Timeout, sequence number = 2159
Timeout, sequence number = 2109
Timeout, sequence number = 2169
[SR CLIENT] Sent data seq=2200
[SR CLIENT] Received ACK seq=2200
Timeout, sequence number = 2169
Timeout, sequence number = 2228
[SR CLIENT] Sent data seq=2300
[SR CLIENT] Received ACK seq=2300
Timeout, sequence number = 2240
Timeout, sequence number = 2241
Timeout, sequence number = 2242
Timeout, sequence number = 2275
Timeout, sequence number = 2285
Timeout, sequence number = 2305
[SR CLIENT] Sent data seq=2400
[SR CLIENT] Received ACK seq=2400
Timeout, sequence number = 2369
Timeout, sequence number = 2378
[SR CLIENT] Summary: sent_packets=2401, ack_packets=2401, retransmitted_packets=169, timeout_events=169
Transfer complete. Delay = 19.222069 seconds

=== STDERR ===
