=== STDOUT ===
[SR CLIENT] Starting transfer: server=10.153.27.102:7735, file=demo_input.bin, N=16, MSS=500, total_segments=2401
[SR CLIENT] Sent data seq=0
[SR CLIENT] Sent data seq=1
[SR CLIENT] Sent data seq=2
[SR CLIENT] Sent data seq=3
[SR CLIENT] Sent data seq=4
[SR CLIENT] Received ACK seq=0
[SR CLIENT] Received ACK seq=1
[SR CLIENT] Received ACK seq=2
[SR CLIENT] Received ACK seq=3
[SR CLIENT] Received ACK seq=4
Timeout, sequence number = 7
Timeout, sequence number = 12
Timeout, sequence number = 40
[SR CLIENT] Sent data seq=100
[SR CLIENT] Received ACK seq=100
Timeout, sequence number = 92
Timeout, sequence number = 95
Timeout, sequence number = 106
Timeout, sequence number = 144
[SR CLIENT] Sent data seq=200
[SR CLIENT] Received ACK seq=200
Timeout, sequence number = 227
Timeout, sequence number = 264
Timeout, sequence number = 277
Timeout, sequence number = 278
[SR CLIENT] Sent data seq=300
[SR CLIENT] Received ACK seq=300
Timeout, sequence number = 288
Timeout, sequence number = 301
Timeout, sequence number = 305
Timeout, sequence number = 340
Timeout, sequence number = 352
Timeout, sequence number = 375
Timeout, sequence number = 390
[SR CLIENT] Sent data seq=400
[SR CLIENT] Received ACK seq=400
Timeout, sequence number = 401
Timeout, sequence number = 411
Timeout, sequence number = 418
Timeout, sequence number = 420
Timeout, sequence number = 470
[SR CLIENT] Sent data seq=500
[SR CLIENT] Received ACK seq=500
Timeout, sequence number = 493
Timeout, sequence number = 496
Timeout, sequence number = 502
Timeout, sequence number = 508
Timeout, sequence number = 513
Timeout, sequence number = 560
Timeout, sequence number = 565
[SR CLIENT] Sent data seq=600
[SR CLIENT] Received ACK seq=600
Timeout, sequence number = 590
Timeout, sequence number = 629
Timeout, sequence number = 629
Timeout, sequence number = 649
Timeout, sequence number = 668
Timeout, sequence number = 669
[SR CLIENT] Sent data seq=700
[SR CLIENT] Received ACK seq=700
Timeout, sequence number = 694
Timeout, sequence number = 699
Timeout, sequence number = 704
Timeout, sequence number = 711
Timeout, sequence number = 714
Timeout, sequence number = 729
Timeout, sequence number = 747
Timeout, sequence number = 763
Timeout, sequence number = 783
Timeout, sequence number = 789
[SR CLIENT] Sent data seq=800
[SR CLIENT] Received ACK seq=800
Timeout, sequence number = 818
Timeout, sequence number = 827
Timeout, sequence number = 881
Timeout, sequence number = 884
Timeout, sequence number = 888
[SR CLIENT] Sent data seq=900
[SR CLIENT] Received ACK seq=900
Timeout, sequence number = 909
Timeout, sequence number = 912
[SR CLIENT] Sent data seq=1000
[SR CLIENT] Received ACK seq=1000
Timeout, sequence number = 991
Timeout, sequence number = 1039
Timeout, sequence number = 1044
Timeout, sequence number = 1074
[SR CLIENT] Sent data seq=1100
[SR CLIENT] Received ACK seq=1100
Timeout, sequence number = 1094
Timeout, sequence number = 1139
[SR CLIENT] Sent data seq=1200
[SR CLIENT] Received ACK seq=1200
Timeout, sequence number = 1189
Timeout, sequence number = 1194
Timeout, sequence number = 1211
Timeout, sequence number = 1217
Timeout, sequence number = 1260
[SR CLIENT] Sent data seq=1300
[SR CLIENT] Received ACK seq=1300
Timeout, sequence number = 1289
Timeout, sequence number = 1304
Timeout, sequence number = 1319
Timeout, sequence number = 1344
Timeout, sequence number = 1368
Timeout, sequence number = 1382
[SR CLIENT] Sent data seq=1400
[SR CLIENT] Received ACK seq=1400
Timeout, sequence number = 1418
Timeout, sequence number = 1436
Timeout, sequence number = 1442
Timeout, sequence number = 1479
[SR CLIENT] Sent data seq=1500
[SR CLIENT] Received ACK seq=1500
Timeout, sequence number = 1526
[SR CLIENT] Sent data seq=1600
[SR CLIENT] Received ACK seq=1600
Timeout, sequence number = 1594
Timeout, sequence number = 1613
Timeout, sequence number = 1632
Timeout, sequence number = 1654
Timeout, sequence number = 1679
[SR CLIENT] Sent data seq=1700
[SR CLIENT] Received ACK seq=1700
Timeout, sequence number = 1696
Timeout, sequence number = 1697
Timeout, sequence number = 1702
Timeout, sequence number = 1761
Timeout, sequence number = 1763
Timeout, sequence number = 1779
Timeout, sequence number = 1779
[SR CLIENT] Sent data seq=1800
[SR CLIENT] Received ACK seq=1800
Timeout, sequence number = 1812
Timeout, sequence number = 1816
Timeout, sequence number = 1823
Timeout, sequence number = 1824
Timeout, sequence number = 1841
Timeout, sequence number = 1876
Timeout, sequence number = 1878
[SR CLIENT] Sent data seq=1900
Timeout, sequence number = 1900
Timeout, sequence number = 1901
[SR CLIENT] Received ACK seq=1900
Timeout, sequence number = 1925
Timeout, sequence number = 1938
Timeout, sequence number = 1962
Timeout, sequence number = 1963
Timeout, sequence number = 1966
Timeout, sequence number = 1976
Timeout, sequence number = 1962
Timeout, sequence number = 1963
[SR CLIENT] Sent data seq=2000
[SR CLIENT] Received ACK seq=2000
Timeout, sequence number = 2024
[SR CLIENT] Sent data seq=2100
[SR CLIENT] Received ACK seq=2100
Timeout, sequence number = 2094
Timeout, sequence number = 2114
Timeout, sequence number = 2130
Timeout, sequence number = 2162
Timeout, sequence number = 2162
[SR CLIENT] Sent data seq=2200
[SR CLIENT] Received ACK seq=2200
Timeout, sequence number = 2202
Timeout, sequence number = 2209
Timeout, sequence number = 2212
Timeout, sequence number = 2223
Timeout, sequence number = 2239
Timeout, sequence number = 2245
Timeout, sequence number = 2247
Timeout, sequence number = 2257
Timeout, sequence number = 2263
Timeout, sequence number = 2275
[SR CLIENT] Sent data seq=2300
[SR CLIENT] Received ACK seq=2300
Timeout, sequence number = 2345
Timeout, sequence number = 2347
Timeout, sequence number = 2361
[SR CLIENT] Sent data seq=2400
[SR CLIENT] Received ACK seq=2400
[SR CLIENT] Summary: sent_packets=2401, ack_packets=2401, retransmitted_packets=123, timeout_events=123
Transfer complete. Delay = 42.837985 seconds

=== STDERR ===
