=== STDOUT ===
[SR CLIENT] Starting transfer: server=10.153.27.102:7735, file=demo_input.bin, N=64, MSS=1000, total_segments=1201
[SR CLIENT] Sent data seq=0
[SR CLIENT] Sent data seq=1
[SR CLIENT] Sent data seq=2
[SR CLIENT] Sent data seq=3
[SR CLIENT] Sent data seq=4
Timeout, sequence number = 0
Timeout, sequence number = 1
Timeout, sequence number = 2
Timeout, sequence number = 3
Timeout, sequence number = 4
Timeout, sequence number = 5
Timeout, sequence number = 6
Timeout, sequence number = 7
Timeout, sequence number = 8
Timeout, sequence number = 9
Timeout, sequence number = 10
Timeout, sequence number = 11
Timeout, sequence number = 12
Timeout, sequence number = 13
Timeout, sequence number = 14
Timeout, sequence number = 15
Timeout, sequence number = 16
Timeout, sequence number = 17
Timeout, sequence number = 18
Timeout, sequence number = 19
Timeout, sequence number = 20
Timeout, sequence number = 21
Timeout, sequence number = 22
Timeout, sequence number = 23
Timeout, sequence number = 24
Timeout, sequence number = 25
Timeout, sequence number = 26
Timeout, sequence number = 27
Timeout, sequence number = 28
Timeout, sequence number = 29
Timeout, sequence number = 30
Timeout, sequence number = 31
Timeout, sequence number = 32
Timeout, sequence number = 33
Timeout, sequence number = 34
Timeout, sequence number = 35
Timeout, sequence number = 36
Timeout, sequence number = 37
Timeout, sequence number = 38
Timeout, sequence number = 39
Timeout, sequence number = 40
Timeout, sequence number = 41
Timeout, sequence number = 42
Timeout, sequence number = 43
Timeout, sequence number = 44
Timeout, sequence number = 45
Timeout, sequence number = 46
Timeout, sequence number = 47
Timeout, sequence number = 48
Timeout, sequence number = 49
Timeout, sequence number = 50
Timeout, sequence number = 51
Timeout, sequence number = 52
Timeout, sequence number = 53
Timeout, sequence number = 54
Timeout, sequence number = 55
Timeout, sequence number = 56
Timeout, sequence number = 57
Timeout, sequence number = 58
Timeout, sequence number = 59
Timeout, sequence number = 60
Timeout, sequence number = 61
Timeout, sequence number = 62
Timeout, sequence number = 63
[SR CLIENT] Received ACK seq=0
[SR CLIENT] Received ACK seq=1
[SR CLIENT] Received ACK seq=2
[SR CLIENT] Received ACK seq=3
[SR CLIENT] Received ACK seq=4
Timeout, sequence number = 15
Timeout, sequence number = 35
Timeout, sequence number = 47
[SR CLIENT] Sent data seq=100
Timeout, sequence number = 68
[SR CLIENT] Received ACK seq=100
Timeout, sequence number = 68
Timeout, sequence number = 79
Timeout, sequence number = 86
Timeout, sequence number = 102
Timeout, sequence number = 115
Timeout, sequence number = 136
Timeout, sequence number = 147
Timeout, sequence number = 149
Timeout, sequence number = 169
Timeout, sequence number = 171
[SR CLIENT] Sent data seq=200
[SR CLIENT] Received ACK seq=200
[SR CLIENT] Sent data seq=300
[SR CLIENT] Received ACK seq=300
Timeout, sequence number = 253
Timeout, sequence number = 271
Timeout, sequence number = 296
Timeout, sequence number = 313
Timeout, sequence number = 271
[SR CLIENT] Sent data seq=400
[SR CLIENT] Received ACK seq=400
Timeout, sequence number = 346
Timeout, sequence number = 351
Timeout, sequence number = 362
Timeout, sequence number = 368
Timeout, sequence number = 351
Timeout, sequence number = 362
Timeout, sequence number = 368
Timeout, sequence number = 351
[SR CLIENT] Sent data seq=500
[SR CLIENT] Received ACK seq=500
Timeout, sequence number = 439
Timeout, sequence number = 442
Timeout, sequence number = 475
Timeout, sequence number = 526
[SR CLIENT] Sent data seq=600
[SR CLIENT] Received ACK seq=600
Timeout, sequence number = 611
Timeout, sequence number = 616
Timeout, sequence number = 623
Timeout, sequence number = 627
Timeout, sequence number = 637
Timeout, sequence number = 651
[SR CLIENT] Sent data seq=700
[SR CLIENT] Received ACK seq=700
Timeout, sequence number = 685
Timeout, sequence number = 689
Timeout, sequence number = 703
[SR CLIENT] Sent data seq=800
[SR CLIENT] Received ACK seq=800
Timeout, sequence number = 750
Timeout, sequence number = 753
Timeout, sequence number = 780
Timeout, sequence number = 801
Timeout, sequence number = 819
Timeout, sequence number = 827
[SR CLIENT] Sent data seq=900
[SR CLIENT] Received ACK seq=900
Timeout, sequence number = 914
Timeout, sequence number = 929
Timeout, sequence number = 940
[SR CLIENT] Sent data seq=1000
[SR CLIENT] Received ACK seq=1000
Timeout, sequence number = 982
Timeout, sequence number = 983
Timeout, sequence number = 993
Timeout, sequence number = 1013
Timeout, sequence number = 983
[SR CLIENT] Sent data seq=1100
[SR CLIENT] Received ACK seq=1100
Timeout, sequence number = 1064
Timeout, sequence number = 1067
Timeout, sequence number = 1089
Timeout, sequence number = 1090
Timeout, sequence number = 1114
[SR CLIENT] Sent data seq=1200
[SR CLIENT] Received ACK seq=1200
[SR CLIENT] Summary: sent_packets=1201, ack_packets=1201, retransmitted_packets=123, timeout_events=123
Transfer complete. Delay = 10.033776 seconds

=== STDERR ===
