=== STDOUT ===
[SR CLIENT] Starting transfer: server=10.153.27.102:7735, file=demo_input.bin, N=64, MSS=900, total_segments=1335
[SR CLIENT] Sent data seq=0
[SR CLIENT] Sent data seq=1
[SR CLIENT] Sent data seq=2
[SR CLIENT] Sent data seq=3
[SR CLIENT] Sent data seq=4
[SR CLIENT] Received ACK seq=0
[SR CLIENT] Received ACK seq=1
[SR CLIENT] Received ACK seq=2
[SR CLIENT] Received ACK seq=3
[SR CLIENT] Received ACK seq=4
Timeout, sequence number = 23
Timeout, sequence number = 35
Timeout, sequence number = 52
[SR CLIENT] Sent data seq=100
[SR CLIENT] Received ACK seq=100
Timeout, sequence number = 106
Timeout, sequence number = 132
Timeout, sequence number = 141
[SR CLIENT] Sent data seq=200
[SR CLIENT] Received ACK seq=200
Timeout, sequence number = 188
Timeout, sequence number = 190
Timeout, sequence number = 201
Timeout, sequence number = 226
Timeout, sequence number = 228
Timeout, sequence number = 246
Timeout, sequence number = 249
[SR CLIENT] Sent data seq=300
[SR CLIENT] Received ACK seq=300
Timeout, sequence number = 268
Timeout, sequence number = 269
Timeout, sequence number = 285
Timeout, sequence number = 301
Timeout, sequence number = 319
Timeout, sequence number = 324
Timeout, sequence number = 337
Timeout, sequence number = 360
Timeout, sequence number = 301
[SR CLIENT] Sent data seq=400
[SR CLIENT] Received ACK seq=400
Timeout, sequence number = 374
Timeout, sequence number = 383
Timeout, sequence number = 407
Timeout, sequence number = 408
[SR CLIENT] Sent data seq=500
[SR CLIENT] Received ACK seq=500
Timeout, sequence number = 460
Timeout, sequence number = 467
Timeout, sequence number = 471
Timeout, sequence number = 485
Timeout, sequence number = 493
Timeout, sequence number = 509
Timeout, sequence number = 510
[SR CLIENT] Sent data seq=600
[SR CLIENT] Received ACK seq=600
Timeout, sequence number = 576
Timeout, sequence number = 579
Timeout, sequence number = 618
Timeout, sequence number = 631
[SR CLIENT] Sent data seq=700
[SR CLIENT] Received ACK seq=700
Timeout, sequence number = 643
Timeout, sequence number = 669
Timeout, sequence number = 681
Timeout, sequence number = 702
Timeout, sequence number = 712
Timeout, sequence number = 733
Timeout, sequence number = 736
Timeout, sequence number = 746
Timeout, sequence number = 752
[SR CLIENT] Sent data seq=800
[SR CLIENT] Received ACK seq=800
Timeout, sequence number = 785
Timeout, sequence number = 805
[SR CLIENT] Sent data seq=900
[SR CLIENT] Received ACK seq=900
Timeout, sequence number = 926
Timeout, sequence number = 933
Timeout, sequence number = 964
Timeout, sequence number = 982
Timeout, sequence number = 985
[SR CLIENT] Sent data seq=1000
[SR CLIENT] Received ACK seq=1000
Timeout, sequence number = 1001
Timeout, sequence number = 1041
Timeout, sequence number = 1045
Timeout, sequence number = 1047
Timeout, sequence number = 1001
Timeout, sequence number = 1001
[SR CLIENT] Sent data seq=1100
[SR CLIENT] Received ACK seq=1100
Timeout, sequence number = 1075
Timeout, sequence number = 1082
Timeout, sequence number = 1116
Timeout, sequence number = 1117
Timeout, sequence number = 1082
Timeout, sequence number = 1142
[SR CLIENT] Sent data seq=1200
[SR CLIENT] Received ACK seq=1200
Timeout, sequence number = 1172
Timeout, sequence number = 1178
Timeout, sequence number = 1182
Timeout, sequence number = 1199
Timeout, sequence number = 1235
[SR CLIENT] Sent data seq=1300
[SR CLIENT] Received ACK seq=1300
Timeout, sequence number = 1248
Timeout, sequence number = 1271
Timeout, sequence number = 1281
Timeout, sequence number = 1282
Timeout, sequence number = 1290
Timeout, sequence number = 1308
Timeout, sequence number = 1318
Timeout, sequence number = 1334
[SR CLIENT] Summary: sent_packets=1335, ack_packets=1335, retransmitted_packets=78, timeout_events=78
Transfer complete. Delay = 11.437869 seconds

=== STDERR ===
