=== STDOUT ===
[SR CLIENT] Starting transfer: server=10.153.27.102:7735, file=demo_input.bin, N=64, MSS=700, total_segments=1716
[SR CLIENT] Sent data seq=0
[SR CLIENT] Sent data seq=1
[SR CLIENT] Sent data seq=2
[SR CLIENT] Sent data seq=3
[SR CLIENT] Sent data seq=4
[SR CLIENT] Received ACK seq=0
[SR CLIENT] Received ACK seq=2
[SR CLIENT] Received ACK seq=4
Timeout, sequence number = 1
Timeout, sequence number = 3
Timeout, sequence number = 5
Timeout, sequence number = 41
[SR CLIENT] Received ACK seq=1
[SR CLIENT] Received ACK seq=3
[SR CLIENT] Sent data seq=100
[SR CLIENT] Received ACK seq=100
Timeout, sequence number = 65
Timeout, sequence number = 68
Timeout, sequence number = 112
[SR CLIENT] Sent data seq=200
[SR CLIENT] Received ACK seq=200
Timeout, sequence number = 168
Timeout, sequence number = 190
Timeout, sequence number = 199
Timeout, sequence number = 216
[SR CLIENT] Sent data seq=300
[SR CLIENT] Received ACK seq=300
Timeout, sequence number = 261
Timeout, sequence number = 269
Timeout, sequence number = 270
Timeout, sequence number = 314
Timeout, sequence number = 270
[SR CLIENT] Sent data seq=400
[SR CLIENT] Received ACK seq=400
Timeout, sequence number = 344
Timeout, sequence number = 351
Timeout, sequence number = 372
Timeout, sequence number = 372
Timeout, sequence number = 413
[SR CLIENT] Sent data seq=500
[SR CLIENT] Received ACK seq=500
Timeout, sequence number = 446
Timeout, sequence number = 467
Timeout, sequence number = 479
Timeout, sequence number = 494
Timeout, sequence number = 501
Timeout, sequence number = 505
Timeout, sequence number = 479
Timeout, sequence number = 530
[SR CLIENT] Sent data seq=600
[SR CLIENT] Received ACK seq=600
Timeout, sequence number = 566
Timeout, sequence number = 582
Timeout, sequence number = 621
Timeout, sequence number = 582
[SR CLIENT] Sent data seq=700
[SR CLIENT] Received ACK seq=700
Timeout, sequence number = 676
Timeout, sequence number = 712
[SR CLIENT] Sent data seq=800
[SR CLIENT] Received ACK seq=800
Timeout, sequence number = 742
Timeout, sequence number = 749
Timeout, sequence number = 804
[SR CLIENT] Sent data seq=900
[SR CLIENT] Received ACK seq=900
Timeout, sequence number = 846
Timeout, sequence number = 863
Timeout, sequence number = 929
Timeout, sequence number = 943
Timeout, sequence number = 961
Timeout, sequence number = 970
[SR CLIENT] Sent data seq=1000
Timeout, sequence number = 976
Timeout, sequence number = 978
[SR CLIENT] Received ACK seq=1000
Timeout, sequence number = 1016
Timeout, sequence number = 1039
[SR CLIENT] Sent data seq=1100
Timeout, sequence number = 1070
Timeout, sequence number = 1072
Timeout, sequence number = 1079
Timeout, sequence number = 1100
Timeout, sequence number = 1079
Timeout, sequence number = 1105
Timeout, sequence number = 1108
Timeout, sequence number = 1113
Timeout, sequence number = 1119
[SR CLIENT] Received ACK seq=1100
[SR CLIENT] Sent data seq=1200
[SR CLIENT] Received ACK seq=1200
Timeout, sequence number = 1180
Timeout, sequence number = 1206
Timeout, sequence number = 1218
Timeout, sequence number = 1223
Timeout, sequence number = 1224
[SR CLIENT] Sent data seq=1300
[SR CLIENT] Received ACK seq=1300
Timeout, sequence number = 1299
Timeout, sequence number = 1330
Timeout, sequence number = 1334
Timeout, sequence number = 1337
Timeout, sequence number = 1340
[SR CLIENT] Sent data seq=1400
[SR CLIENT] Received ACK seq=1400
Timeout, sequence number = 1386
Timeout, sequence number = 1406
Timeout, sequence number = 1429
[SR CLIENT] Sent data seq=1500
[SR CLIENT] Received ACK seq=1500
Timeout, sequence number = 1456
Timeout, sequence number = 1460
Timeout, sequence number = 1461
Timeout, sequence number = 1470
Timeout, sequence number = 1472
Timeout, sequence number = 1473
Timeout, sequence number = 1493
Timeout, sequence number = 1512
Timeout, sequence number = 1533
[SR CLIENT] Sent data seq=1600
[SR CLIENT] Received ACK seq=1600
Timeout, sequence number = 1598
Timeout, sequence number = 1620
Timeout, sequence number = 1625
Timeout, sequence number = 1634
Timeout, sequence number = 1650
[SR CLIENT] Sent data seq=1700
[SR CLIENT] Received ACK seq=1700
Timeout, sequence number = 1650
Timeout, sequence number = 1663
Timeout, sequence number = 1682
Timeout, sequence number = 1685
Timeout, sequence number = 1688
Timeout, sequence number = 1713
[SR CLIENT] Summary: sent_packets=1716, ack_packets=1716, retransmitted_packets=90, timeout_events=90
Transfer complete. Delay = 12.955540 seconds

=== STDERR ===
