=== STDOUT ===
[SR CLIENT] Starting transfer: server=10.153.27.102:7735, file=demo_input.bin, N=64, MSS=500, total_segments=2401
[SR CLIENT] Sent data seq=0
[SR CLIENT] Sent data seq=1
[SR CLIENT] Sent data seq=2
[SR CLIENT] Sent data seq=3
[SR CLIENT] Sent data seq=4
[SR CLIENT] Received ACK seq=0
[SR CLIENT] Received ACK seq=1
[SR CLIENT] Received ACK seq=2
[SR CLIENT] Received ACK seq=3
[SR CLIENT] Received ACK seq=4
Timeout, sequence number = 29
Timeout, sequence number = 34
Timeout, sequence number = 44
Timeout, sequence number = 72
Timeout, sequence number = 80
[SR CLIENT] Sent data seq=100
[SR CLIENT] Received ACK seq=100
Timeout, sequence number = 95
[SR CLIENT] Sent data seq=200
Timeout, sequence number = 164
Timeout, sequence number = 174
Timeout, sequence number = 185
Timeout, sequence number = 187
Timeout, sequence number = 200
[SR CLIENT] Received ACK seq=200
Timeout, sequence number = 230
Timeout, sequence number = 245
Timeout, sequence number = 279
[SR CLIENT] Sent data seq=300
[SR CLIENT] Received ACK seq=300
Timeout, sequence number = 279
Timeout, sequence number = 302
Timeout, sequence number = 311
Timeout, sequence number = 318
Timeout, sequence number = 337
[SR CLIENT] Sent data seq=400
[SR CLIENT] Received ACK seq=400
Timeout, sequence number = 344
Timeout, sequence number = 363
Timeout, sequence number = 364
Timeout, sequence number = 370
Timeout, sequence number = 374
Timeout, sequence number = 430
Timeout, sequence number = 434
Timeout, sequence number = 441
Timeout, sequence number = 445
Timeout, sequence number = 451
Timeout, sequence number = 460
Timeout, sequence number = 465
[SR CLIENT] Sent data seq=500
[SR CLIENT] Received ACK seq=500
Timeout, sequence number = 490
Timeout, sequence number = 494
Timeout, sequence number = 497
Timeout, sequence number = 529
Timeout, sequence number = 490
Timeout, sequence number = 529
[SR CLIENT] Sent data seq=600
[SR CLIENT] Received ACK seq=600
Timeout, sequence number = 555
Timeout, sequence number = 580
Timeout, sequence number = 592
Timeout, sequence number = 593
Timeout, sequence number = 606
Timeout, sequence number = 607
Timeout, sequence number = 616
Timeout, sequence number = 620
Timeout, sequence number = 630
Timeout, sequence number = 643
[SR CLIENT] Sent data seq=700
[SR CLIENT] Received ACK seq=700
Timeout, sequence number = 657
Timeout, sequence number = 680
Timeout, sequence number = 683
Timeout, sequence number = 691
Timeout, sequence number = 699
Timeout, sequence number = 723
Timeout, sequence number = 744
[SR CLIENT] Sent data seq=800
[SR CLIENT] Received ACK seq=800
Timeout, sequence number = 778
Timeout, sequence number = 782
Timeout, sequence number = 799
Timeout, sequence number = 804
Timeout, sequence number = 805
Timeout, sequence number = 808
Timeout, sequence number = 838
[SR CLIENT] Sent data seq=900
[SR CLIENT] Received ACK seq=900
Timeout, sequence number = 917
Timeout, sequence number = 922
Timeout, sequence number = 928
Timeout, sequence number = 943
Timeout, sequence number = 946
Timeout, sequence number = 947
[SR CLIENT] Sent data seq=1000
[SR CLIENT] Received ACK seq=1000
Timeout, sequence number = 983
Timeout, sequence number = 988
Timeout, sequence number = 993
Timeout, sequence number = 1018
Timeout, sequence number = 983
[SR CLIENT] Sent data seq=1100
[SR CLIENT] Received ACK seq=1100
Timeout, sequence number = 1058
Timeout, sequence number = 1099
Timeout, sequence number = 1115
Timeout, sequence number = 1120
[SR CLIENT] Sent data seq=1200
[SR CLIENT] Received ACK seq=1200
Timeout, sequence number = 1141
Timeout, sequence number = 1159
Timeout, sequence number = 1172
Timeout, sequence number = 1215
Timeout, sequence number = 1220
Timeout, sequence number = 1245
Timeout, sequence number = 1247
Timeout, sequence number = 1261
[SR CLIENT] Sent data seq=1300
[SR CLIENT] Received ACK seq=1300
Timeout, sequence number = 1290
Timeout, sequence number = 1326
Timeout, sequence number = 1344
[SR CLIENT] Sent data seq=1400
[SR CLIENT] Received ACK seq=1400
Timeout, sequence number = 1363
Timeout, sequence number = 1364
Timeout, sequence number = 1368
Timeout, sequence number = 1418
Timeout, sequence number = 1463
Timeout, sequence number = 1464
Timeout, sequence number = 1418
[SR CLIENT] Sent data seq=1500
[SR CLIENT] Received ACK seq=1500
Timeout, sequence number = 1489
Timeout, sequence number = 1532
Timeout, sequence number = 1550
Timeout, sequence number = 1532
Timeout, sequence number = 1585
[SR CLIENT] Sent data seq=1600
[SR CLIENT] Received ACK seq=1600
Timeout, sequence number = 1604
Timeout, sequence number = 1618
Timeout, sequence number = 1632
Timeout, sequence number = 1636
[SR CLIENT] Sent data seq=1700
Timeout, sequence number = 1664
[SR CLIENT] Received ACK seq=1700
Timeout, sequence number = 1686
Timeout, sequence number = 1706
Timeout, sequence number = 1707
Timeout, sequence number = 1736
Timeout, sequence number = 1737
[SR CLIENT] Sent data seq=1800
[SR CLIENT] Received ACK seq=1800
Timeout, sequence number = 1784
Timeout, sequence number = 1809
Timeout, sequence number = 1831
Timeout, sequence number = 1832
Timeout, sequence number = 1838
Timeout, sequence number = 1839
[SR CLIENT] Sent data seq=1900
[SR CLIENT] Received ACK seq=1900
Timeout, sequence number = 1865
Timeout, sequence number = 1874
Timeout, sequence number = 1909
Timeout, sequence number = 1918
[SR CLIENT] Sent data seq=2000
Timeout, sequence number = 1961
Timeout, sequence number = 1962
Timeout, sequence number = 1966
Timeout, sequence number = 1972
Timeout, sequence number = 1977
Timeout, sequence number = 1989
Timeout, sequence number = 2000
Timeout, sequence number = 2015
Timeout, sequence number = 2016
Timeout, sequence number = 2017
Timeout, sequence number = 2018
[SR CLIENT] Received ACK seq=2000
Timeout, sequence number = 1972
Timeout, sequence number = 2026
[SR CLIENT] Sent data seq=2100
Timeout, sequence number = 2055
Timeout, sequence number = 2066
Timeout, sequence number = 2091
Timeout, sequence number = 2092
Timeout, sequence number = 2100
Timeout, sequence number = 2104
Timeout, sequence number = 2110
Timeout, sequence number = 2111
Timeout, sequence number = 2100
Timeout, sequence number = 2110
Timeout, sequence number = 2121
Timeout, sequence number = 2145
Timeout, sequence number = 2154
[SR CLIENT] Received ACK seq=2100
[SR CLIENT] Sent data seq=2200
Timeout, sequence number = 2168
Timeout, sequence number = 2192
Timeout, sequence number = 2200
Timeout, sequence number = 2205
Timeout, sequence number = 2212
Timeout, sequence number = 2223
[SR CLIENT] Received ACK seq=2200
[SR CLIENT] Sent data seq=2300
[SR CLIENT] Received ACK seq=2300
Timeout, sequence number = 2280
Timeout, sequence number = 2288
Timeout, sequence number = 2297
Timeout, sequence number = 2302
Timeout, sequence number = 2322
Timeout, sequence number = 2339
Timeout, sequence number = 2280
[SR CLIENT] Sent data seq=2400
[SR CLIENT] Received ACK seq=2400
Timeout, sequence number = 2372
[SR CLIENT] Summary: sent_packets=2401, ack_packets=2401, retransmitted_packets=159, timeout_events=159
Transfer complete. Delay = 19.359038 seconds

=== STDERR ===
