=== STDOUT ===
[SR CLIENT] Starting transfer: server=10.153.27.102:7735, file=demo_input.bin, N=64, MSS=500, total_segments=2401
[SR CLIENT] Sent data seq=0
[SR CLIENT] Sent data seq=1
[SR CLIENT] Sent data seq=2
[SR CLIENT] Sent data seq=3
[SR CLIENT] Sent data seq=4
[SR CLIENT] Received ACK seq=1
[SR CLIENT] Received ACK seq=2
[SR CLIENT] Received ACK seq=3
[SR CLIENT] Received ACK seq=4
[SR CLIENT] Received ACK seq=0
[SR CLIENT] Sent data seq=100
[SR CLIENT] Received ACK seq=100
Timeout, sequence number = 110
[SR CLIENT] Sent data seq=200
Timeout, sequence number = 200
Timeout, sequence number = 227
Timeout, sequence number = 230
[SR CLIENT] Received ACK seq=200
Timeout, sequence number = 242
[SR CLIENT] Sent data seq=300
[SR CLIENT] Received ACK seq=300
Timeout, sequence number = 330
Timeout, sequence number = 342
Timeout, sequence number = 360
[SR CLIENT] Sent data seq=400
Timeout, sequence number = 385
Timeout, sequence number = 400
Timeout, sequence number = 429
Timeout, sequence number = 437
[SR CLIENT] Received ACK seq=400
[SR CLIENT] Sent data seq=500
[SR CLIENT] Received ACK seq=500
Timeout, sequence number = 473
Timeout, sequence number = 478
[SR CLIENT] Sent data seq=600
[SR CLIENT] Received ACK seq=600
Timeout, sequence number = 564
Timeout, sequence number = 602
[SR CLIENT] Sent data seq=700
[SR CLIENT] Received ACK seq=700
Timeout, sequence number = 682
Timeout, sequence number = 693
Timeout, sequence number = 716
Timeout, sequence number = 727
Timeout, sequence number = 737
[SR CLIENT] Sent data seq=800
[SR CLIENT] Received ACK seq=800
Timeout, sequence number = 745
Timeout, sequence number = 759
Timeout, sequence number = 772
Timeout, sequence number = 787
Timeout, sequence number = 831
[SR CLIENT] Sent data seq=900
[SR CLIENT] Received ACK seq=900
Timeout, sequence number = 896
Timeout, sequence number = 948
[SR CLIENT] Sent data seq=1000
[SR CLIENT] Received ACK seq=1000
Timeout, sequence number = 966
Timeout, sequence number = 972
Timeout, sequence number = 990
[SR CLIENT] Sent data seq=1100
[SR CLIENT] Received ACK seq=1100
Timeout, sequence number = 1079
Timeout, sequence number = 1125
[SR CLIENT] Sent data seq=1200
[SR CLIENT] Received ACK seq=1200
Timeout, sequence number = 1190
Timeout, sequence number = 1230
[SR CLIENT] Sent data seq=1300
[SR CLIENT] Received ACK seq=1300
Timeout, sequence number = 1334
[SR CLIENT] Sent data seq=1400
[SR CLIENT] Received ACK seq=1400
Timeout, sequence number = 1428
[SR CLIENT] Sent data seq=1500
Timeout, sequence number = 1471
Timeout, sequence number = 1491
[SR CLIENT] Received ACK seq=1500
Timeout, sequence number = 1532
Timeout, sequence number = 1541
Timeout, sequence number = 1542
Timeout, sequence number = 1545
Timeout, sequence number = 1558
Timeout, sequence number = 1565
Timeout, sequence number = 1572
[SR CLIENT] Sent data seq=1600
[SR CLIENT] Received ACK seq=1600
[SR CLIENT] Sent data seq=1700
[SR CLIENT] Received ACK seq=1700
[SR CLIENT] Sent data seq=1800
[SR CLIENT] Received ACK seq=1800
Timeout, sequence number = 1737
Timeout, sequence number = 1783
[SR CLIENT] Sent data seq=1900
[SR CLIENT] Received ACK seq=1900
[SR CLIENT] Sent data seq=2000
[SR CLIENT] Received ACK seq=2000
Timeout, sequence number = 1974
Timeout, sequence number = 1986
[SR CLIENT] Sent data seq=2100
[SR CLIENT] Received ACK seq=2100
Timeout, sequence number = 2046
Timeout, sequence number = 2059
Timeout, sequence number = 2109
Timeout, sequence number = 2046
[SR CLIENT] Sent data seq=2200
[SR CLIENT] Received ACK seq=2200
Timeout, sequence number = 2150
[SR CLIENT] Sent data seq=2300
[SR CLIENT] Received ACK seq=2300
Timeout, sequence number = 2253
Timeout, sequence number = 2271
Timeout, sequence number = 2311
[SR CLIENT] Sent data seq=2400
[SR CLIENT] Received ACK seq=2400
[SR CLIENT] Summary: sent_packets=2401, ack_packets=2401, retransmitted_packets=58, timeout_events=58
Transfer complete. Delay = 12.142172 seconds

=== STDERR ===
