=== STDOUT ===
[SR CLIENT] Starting transfer: server=10.153.27.102:7735, file=demo_input.bin, N=64, MSS=600, total_segments=2001
[SR CLIENT] Sent data seq=0
[SR CLIENT] Sent data seq=1
[SR CLIENT] Sent data seq=2
[SR CLIENT] Sent data seq=3
[SR CLIENT] Sent data seq=4
[SR CLIENT] Received ACK seq=0
[SR CLIENT] Received ACK seq=1
[SR CLIENT] Received ACK seq=2
[SR CLIENT] Received ACK seq=3
[SR CLIENT] Received ACK seq=4
Timeout, sequence number = 9
Timeout, sequence number = 16
Timeout, sequence number = 22
Timeout, sequence number = 43
Timeout, sequence number = 45
Timeout, sequence number = 49
Timeout, sequence number = 54
Timeout, sequence number = 55
[SR CLIENT] Sent data seq=100
[SR CLIENT] Received ACK seq=100
Timeout, sequence number = 92
Timeout, sequence number = 134
Timeout, sequence number = 137
Timeout, sequence number = 143
Timeout, sequence number = 150
[SR CLIENT] Sent data seq=200
[SR CLIENT] Received ACK seq=200
Timeout, sequence number = 171
Timeout, sequence number = 190
Timeout, sequence number = 204
Timeout, sequence number = 207
Timeout, sequence number = 230
Timeout, sequence number = 190
[SR CLIENT] Sent data seq=300
[SR CLIENT] Received ACK seq=300
Timeout, sequence number = 257
Timeout, sequence number = 269
Timeout, sequence number = 296
Timeout, sequence number = 297
Timeout, sequence number = 310
Timeout, sequence number = 320
Timeout, sequence number = 328
Timeout, sequence number = 330
Timeout, sequence number = 337
[SR CLIENT] Sent data seq=400
[SR CLIENT] Received ACK seq=400
Timeout, sequence number = 395
Timeout, sequence number = 438
Timeout, sequence number = 448
[SR CLIENT] Sent data seq=500
[SR CLIENT] Received ACK seq=500
Timeout, sequence number = 459
Timeout, sequence number = 462
Timeout, sequence number = 494
Timeout, sequence number = 512
Timeout, sequence number = 516
[SR CLIENT] Sent data seq=600
[SR CLIENT] Received ACK seq=600
Timeout, sequence number = 615
Timeout, sequence number = 639
Timeout, sequence number = 661
Timeout, sequence number = 662
Timeout, sequence number = 669
Timeout, sequence number = 678
[SR CLIENT] Sent data seq=700
[SR CLIENT] Received ACK seq=700
Timeout, sequence number = 682
Timeout, sequence number = 708
[SR CLIENT] Sent data seq=800
[SR CLIENT] Received ACK seq=800
Timeout, sequence number = 746
Timeout, sequence number = 770
Timeout, sequence number = 777
Timeout, sequence number = 810
Timeout, sequence number = 832
Timeout, sequence number = 868
[SR CLIENT] Sent data seq=900
[SR CLIENT] Received ACK seq=900
Timeout, sequence number = 874
Timeout, sequence number = 886
Timeout, sequence number = 904
Timeout, sequence number = 905
Timeout, sequence number = 906
Timeout, sequence number = 922
Timeout, sequence number = 905
Timeout, sequence number = 941
Timeout, sequence number = 966
[SR CLIENT] Sent data seq=1000
[SR CLIENT] Received ACK seq=1000
Timeout, sequence number = 973
Timeout, sequence number = 994
Timeout, sequence number = 996
Timeout, sequence number = 1002
Timeout, sequence number = 1028
[SR CLIENT] Sent data seq=1100
[SR CLIENT] Received ACK seq=1100
Timeout, sequence number = 1053
Timeout, sequence number = 1067
Timeout, sequence number = 1122
Timeout, sequence number = 1135
Timeout, sequence number = 1149
Timeout, sequence number = 1159
[SR CLIENT] Sent data seq=1200
[SR CLIENT] Received ACK seq=1200
Timeout, sequence number = 1187
Timeout, sequence number = 1213
Timeout, sequence number = 1235
Timeout, sequence number = 1245
[SR CLIENT] Sent data seq=1300
Timeout, sequence number = 1282
Timeout, sequence number = 1300
Timeout, sequence number = 1306
Timeout, sequence number = 1316
Timeout, sequence number = 1331
Timeout, sequence number = 1334
Timeout, sequence number = 1335
Timeout, sequence number = 1336
[SR CLIENT] Received ACK seq=1300
[SR CLIENT] Sent data seq=1400
[SR CLIENT] Received ACK seq=1400
Timeout, sequence number = 1366
Timeout, sequence number = 1376
Timeout, sequence number = 1387
Timeout, sequence number = 1398
Timeout, sequence number = 1402
Timeout, sequence number = 1404
Timeout, sequence number = 1410
Timeout, sequence number = 1431
Timeout, sequence number = 1466
[SR CLIENT] Sent data seq=1500
[SR CLIENT] Received ACK seq=1500
Timeout, sequence number = 1508
Timeout, sequence number = 1519
Timeout, sequence number = 1526
Timeout, sequence number = 1527
Timeout, sequence number = 1534
Timeout, sequence number = 1536
Timeout, sequence number = 1546
Timeout, sequence number = 1548
Timeout, sequence number = 1556
Timeout, sequence number = 1557
Timeout, sequence number = 1570
Timeout, sequence number = 1536
Timeout, sequence number = 1583
[SR CLIENT] Sent data seq=1600
[SR CLIENT] Received ACK seq=1600
Timeout, sequence number = 1608
Timeout, sequence number = 1609
Timeout, sequence number = 1631
Timeout, sequence number = 1640
[SR CLIENT] Sent data seq=1700
Timeout, sequence number = 1671
[SR CLIENT] Received ACK seq=1700
Timeout, sequence number = 1682
Timeout, sequence number = 1689
Timeout, sequence number = 1711
Timeout, sequence number = 1724
[SR CLIENT] Sent data seq=1800
[SR CLIENT] Received ACK seq=1800
Timeout, sequence number = 1775
Timeout, sequence number = 1797
Timeout, sequence number = 1798
Timeout, sequence number = 1807
Timeout, sequence number = 1822
[SR CLIENT] Sent data seq=1900
[SR CLIENT] Received ACK seq=1900
Timeout, sequence number = 1845
Timeout, sequence number = 1869
Timeout, sequence number = 1884
Timeout, sequence number = 1903
[SR CLIENT] Sent data seq=2000
[SR CLIENT] Received ACK seq=2000
Timeout, sequence number = 1958
Timeout, sequence number = 1973
Timeout, sequence number = 1996
[SR CLIENT] Summary: sent_packets=2001, ack_packets=2001, retransmitted_packets=125, timeout_events=125
Transfer complete. Delay = 15.445960 seconds

=== STDERR ===
