=== STDOUT ===
[SR CLIENT] Starting transfer: server=10.153.27.102:7735, file=demo_input.bin, N=8, MSS=500, total_segments=2401
[SR CLIENT] Sent data seq=0
[SR CLIENT] Sent data seq=1
[SR CLIENT] Sent data seq=2
[SR CLIENT] Sent data seq=3
[SR CLIENT] Sent data seq=4
[SR CLIENT] Received ACK seq=0
[SR CLIENT] Received ACK seq=1
[SR CLIENT] Received ACK seq=2
[SR CLIENT] Received ACK seq=3
[SR CLIENT] Received ACK seq=4
Timeout, sequence number = 30
Timeout, sequence number = 36
Timeout, sequence number = 63
Timeout, sequence number = 92
[SR CLIENT] Sent data seq=100
[SR CLIENT] Received ACK seq=100
Timeout, sequence number = 101
Timeout, sequence number = 109
Timeout, sequence number = 114
Timeout, sequence number = 115
Timeout, sequence number = 109
Timeout, sequence number = 123
Timeout, sequence number = 128
Timeout, sequence number = 141
Timeout, sequence number = 152
Timeout, sequence number = 167
Timeout, sequence number = 190
[SR CLIENT] Sent data seq=200
[SR CLIENT] Received ACK seq=200
Timeout, sequence number = 229
Timeout, sequence number = 246
Timeout, sequence number = 273
[SR CLIENT] Sent data seq=300
[SR CLIENT] Received ACK seq=300
Timeout, sequence number = 308
[SR CLIENT] Sent data seq=400
[SR CLIENT] Received ACK seq=400
Timeout, sequence number = 397
Timeout, sequence number = 407
Timeout, sequence number = 486
[SR CLIENT] Sent data seq=500
[SR CLIENT] Received ACK seq=500
Timeout, sequence number = 505
Timeout, sequence number = 516
Timeout, sequence number = 541
Timeout, sequence number = 562
Timeout, sequence number = 566
Timeout, sequence number = 572
[SR CLIENT] Sent data seq=600
[SR CLIENT] Received ACK seq=600
Timeout, sequence number = 609
Timeout, sequence number = 650
Timeout, sequence number = 667
Timeout, sequence number = 676
Timeout, sequence number = 688
[SR CLIENT] Sent data seq=700
[SR CLIENT] Received ACK seq=700
Timeout, sequence number = 725
Timeout, sequence number = 734
Timeout, sequence number = 739
Timeout, sequence number = 758
Timeout, sequence number = 785
[SR CLIENT] Sent data seq=800
Timeout, sequence number = 800
[SR CLIENT] Received ACK seq=800
Timeout, sequence number = 809
Timeout, sequence number = 810
Timeout, sequence number = 835
Timeout, sequence number = 839
Timeout, sequence number = 839
Timeout, sequence number = 862
Timeout, sequence number = 889
Timeout, sequence number = 895
[SR CLIENT] Sent data seq=900
[SR CLIENT] Received ACK seq=900
Timeout, sequence number = 901
Timeout, sequence number = 904
Timeout, sequence number = 904
Timeout, sequence number = 904
Timeout, sequence number = 948
Timeout, sequence number = 982
[SR CLIENT] Sent data seq=1000
[SR CLIENT] Received ACK seq=1000
Timeout, sequence number = 1014
Timeout, sequence number = 1014
Timeout, sequence number = 1081
[SR CLIENT] Sent data seq=1100
[SR CLIENT] Received ACK seq=1100
Timeout, sequence number = 1117
Timeout, sequence number = 1124
Timeout, sequence number = 1134
Timeout, sequence number = 1153
Timeout, sequence number = 1173
[SR CLIENT] Sent data seq=1200
[SR CLIENT] Received ACK seq=1200
Timeout, sequence number = 1236
Timeout, sequence number = 1237
Timeout, sequence number = 1242
Timeout, sequence number = 1280
Timeout, sequence number = 1284
Timeout, sequence number = 1287
Timeout, sequence number = 1289
Timeout, sequence number = 1296
[SR CLIENT] Sent data seq=1300
[SR CLIENT] Received ACK seq=1300
Timeout, sequence number = 1314
Timeout, sequence number = 1329
Timeout, sequence number = 1362
[SR CLIENT] Sent data seq=1400
[SR CLIENT] Received ACK seq=1400
Timeout, sequence number = 1408
Timeout, sequence number = 1428
Timeout, sequence number = 1430
Timeout, sequence number = 1437
Timeout, sequence number = 1443
Timeout, sequence number = 1461
Timeout, sequence number = 1473
Timeout, sequence number = 1492
[SR CLIENT] Sent data seq=1500
[SR CLIENT] Received ACK seq=1500
Timeout, sequence number = 1514
Timeout, sequence number = 1520
Timeout, sequence number = 1532
Timeout, sequence number = 1539
Timeout, sequence number = 1539
Timeout, sequence number = 1543
Timeout, sequence number = 1578
Timeout, sequence number = 1592
Timeout, sequence number = 1597
[SR CLIENT] Sent data seq=1600
[SR CLIENT] Received ACK seq=1600
Timeout, sequence number = 1602
Timeout, sequence number = 1620
Timeout, sequence number = 1629
Timeout, sequence number = 1656
Timeout, sequence number = 1686
[SR CLIENT] Sent data seq=1700
[SR CLIENT] Received ACK seq=1700
Timeout, sequence number = 1698
Timeout, sequence number = 1716
Timeout, sequence number = 1749
Timeout, sequence number = 1756
Timeout, sequence number = 1749
Timeout, sequence number = 1772
Timeout, sequence number = 1777
[SR CLIENT] Sent data seq=1800
[SR CLIENT] Received ACK seq=1800
Timeout, sequence number = 1798
Timeout, sequence number = 1840
Timeout, sequence number = 1871
Timeout, sequence number = 1886
Timeout, sequence number = 1893
[SR CLIENT] Sent data seq=1900
[SR CLIENT] Received ACK seq=1900
Timeout, sequence number = 1933
Timeout, sequence number = 1990
[SR CLIENT] Sent data seq=2000
[SR CLIENT] Received ACK seq=2000
Timeout, sequence number = 2040
Timeout, sequence number = 2042
Timeout, sequence number = 2046
Timeout, sequence number = 2061
Timeout, sequence number = 2066
[SR CLIENT] Sent data seq=2100
[SR CLIENT] Received ACK seq=2100
Timeout, sequence number = 2101
Timeout, sequence number = 2131
Timeout, sequence number = 2132
Timeout, sequence number = 2136
Timeout, sequence number = 2143
Timeout, sequence number = 2188
[SR CLIENT] Sent data seq=2200
[SR CLIENT] Received ACK seq=2200
Timeout, sequence number = 2198
Timeout, sequence number = 2217
Timeout, sequence number = 2266
Timeout, sequence number = 2271
[SR CLIENT] Sent data seq=2300
Timeout, sequence number = 2300
[SR CLIENT] Received ACK seq=2300
Timeout, sequence number = 2334
Timeout, sequence number = 2343
Timeout, sequence number = 2353
Timeout, sequence number = 2389
[SR CLIENT] Sent data seq=2400
[SR CLIENT] Received ACK seq=2400
Timeout, sequence number = 2398
[SR CLIENT] Summary: sent_packets=2401, ack_packets=2401, retransmitted_packets=129, timeout_events=129
Transfer complete. Delay = 55.988363 seconds

=== STDERR ===
