=== STDOUT ===
[SR CLIENT] Starting transfer: server=10.153.27.102:7735, file=demo_input.bin, N=32, MSS=500, total_segments=2401
[SR CLIENT] Sent data seq=0
[SR CLIENT] Sent data seq=1
[SR CLIENT] Sent data seq=2
[SR CLIENT] Sent data seq=3
[SR CLIENT] Sent data seq=4
[SR CLIENT] Received ACK seq=0
[SR CLIENT] Received ACK seq=1
[SR CLIENT] Received ACK seq=2
[SR CLIENT] Received ACK seq=3
[SR CLIENT] Received ACK seq=4
Timeout, sequence number = 27
Timeout, sequence number = 35
Timeout, sequence number = 52
Timeout, sequence number = 56
Timeout, sequence number = 68
[SR CLIENT] Sent data seq=100
[SR CLIENT] Received ACK seq=100
Timeout, sequence number = 84
Timeout, sequence number = 111
[SR CLIENT] Sent data seq=200
[SR CLIENT] Received ACK seq=200
Timeout, sequence number = 174
Timeout, sequence number = 177
Timeout, sequence number = 186
Timeout, sequence number = 216
Timeout, sequence number = 233
Timeout, sequence number = 256
[SR CLIENT] Sent data seq=300
[SR CLIENT] Received ACK seq=300
Timeout, sequence number = 295
Timeout, sequence number = 297
Timeout, sequence number = 318
[SR CLIENT] Sent data seq=400
[SR CLIENT] Received ACK seq=400
Timeout, sequence number = 377
Timeout, sequence number = 380
Timeout, sequence number = 402
Timeout, sequence number = 411
Timeout, sequence number = 417
Timeout, sequence number = 433
Timeout, sequence number = 441
[SR CLIENT] Sent data seq=500
[SR CLIENT] Received ACK seq=500
Timeout, sequence number = 511
Timeout, sequence number = 520
Timeout, sequence number = 527
Timeout, sequence number = 534
Timeout, sequence number = 537
Timeout, sequence number = 541
Timeout, sequence number = 527
Timeout, sequence number = 545
Timeout, sequence number = 564
Timeout, sequence number = 580
[SR CLIENT] Sent data seq=600
[SR CLIENT] Received ACK seq=600
Timeout, sequence number = 608
Timeout, sequence number = 616
Timeout, sequence number = 660
Timeout, sequence number = 683
[SR CLIENT] Sent data seq=700
[SR CLIENT] Received ACK seq=700
Timeout, sequence number = 710
Timeout, sequence number = 715
Timeout, sequence number = 764
Timeout, sequence number = 767
Timeout, sequence number = 776
[SR CLIENT] Sent data seq=800
[SR CLIENT] Received ACK seq=800
Timeout, sequence number = 799
Timeout, sequence number = 805
Timeout, sequence number = 825
Timeout, sequence number = 826
Timeout, sequence number = 844
Timeout, sequence number = 875
[SR CLIENT] Sent data seq=900
[SR CLIENT] Received ACK seq=900
Timeout, sequence number = 894
Timeout, sequence number = 906
Timeout, sequence number = 910
Timeout, sequence number = 923
Timeout, sequence number = 931
Timeout, sequence number = 938
Timeout, sequence number = 940
Timeout, sequence number = 947
Timeout, sequence number = 953
Timeout, sequence number = 968
[SR CLIENT] Sent data seq=1000
[SR CLIENT] Received ACK seq=1000
Timeout, sequence number = 1024
Timeout, sequence number = 1041
[SR CLIENT] Sent data seq=1100
[SR CLIENT] Received ACK seq=1100
Timeout, sequence number = 1091
Timeout, sequence number = 1095
Timeout, sequence number = 1128
Timeout, sequence number = 1141
Timeout, sequence number = 1160
Timeout, sequence number = 1173
Timeout, sequence number = 1179
Timeout, sequence number = 1189
[SR CLIENT] Sent data seq=1200
[SR CLIENT] Received ACK seq=1200
Timeout, sequence number = 1223
Timeout, sequence number = 1224
Timeout, sequence number = 1256
[SR CLIENT] Sent data seq=1300
[SR CLIENT] Received ACK seq=1300
Timeout, sequence number = 1308
Timeout, sequence number = 1362
Timeout, sequence number = 1364
Timeout, sequence number = 1376
Timeout, sequence number = 1379
[SR CLIENT] Sent data seq=1400
[SR CLIENT] Received ACK seq=1400
Timeout, sequence number = 1390
Timeout, sequence number = 1415
Timeout, sequence number = 1426
Timeout, sequence number = 1441
Timeout, sequence number = 1461
Timeout, sequence number = 1468
Timeout, sequence number = 1469
Timeout, sequence number = 1471
Timeout, sequence number = 1477
Timeout, sequence number = 1488
[SR CLIENT] Sent data seq=1500
[SR CLIENT] Received ACK seq=1500
Timeout, sequence number = 1499
Timeout, sequence number = 1523
Timeout, sequence number = 1527
Timeout, sequence number = 1550
Timeout, sequence number = 1555
[SR CLIENT] Sent data seq=1600
[SR CLIENT] Received ACK seq=1600
Timeout, sequence number = 1571
Timeout, sequence number = 1599
Timeout, sequence number = 1571
Timeout, sequence number = 1616
Timeout, sequence number = 1637
Timeout, sequence number = 1646
Timeout, sequence number = 1666
Timeout, sequence number = 1696
[SR CLIENT] Sent data seq=1700
[SR CLIENT] Received ACK seq=1700
Timeout, sequence number = 1721
Timeout, sequence number = 1725
Timeout, sequence number = 1732
[SR CLIENT] Sent data seq=1800
[SR CLIENT] Received ACK seq=1800
Timeout, sequence number = 1814
Timeout, sequence number = 1829
[SR CLIENT] Sent data seq=1900
[SR CLIENT] Received ACK seq=1900
Timeout, sequence number = 1903
Timeout, sequence number = 1936
Timeout, sequence number = 1937
[SR CLIENT] Sent data seq=2000
[SR CLIENT] Received ACK seq=2000
Timeout, sequence number = 1988
Timeout, sequence number = 1997
Timeout, sequence number = 1998
Timeout, sequence number = 2025
Timeout, sequence number = 2028
Timeout, sequence number = 2037
Timeout, sequence number = 2041
Timeout, sequence number = 2065
Timeout, sequence number = 2095
Timeout, sequence number = 2065
[SR CLIENT] Sent data seq=2100
[SR CLIENT] Received ACK seq=2100
Timeout, sequence number = 2110
Timeout, sequence number = 2145
Timeout, sequence number = 2155
Timeout, sequence number = 2164
[SR CLIENT] Sent data seq=2200
[SR CLIENT] Received ACK seq=2200
Timeout, sequence number = 2185
Timeout, sequence number = 2193
Timeout, sequence number = 2213
Timeout, sequence number = 2251
Timeout, sequence number = 2253
[SR CLIENT] Sent data seq=2300
[SR CLIENT] Received ACK seq=2300
Timeout, sequence number = 2301
Timeout, sequence number = 2304
Timeout, sequence number = 2308
Timeout, sequence number = 2316
[SR CLIENT] Sent data seq=2400
[SR CLIENT] Received ACK seq=2400
[SR CLIENT] Summary: sent_packets=2401, ack_packets=2401, retransmitted_packets=130, timeout_events=130
Transfer complete. Delay = 26.953838 seconds

=== STDERR ===
