=== STDOUT ===
[SR CLIENT] Starting transfer: server=10.153.27.102:7735, file=demo_input.bin, N=64, MSS=500, total_segments=2401
[SR CLIENT] Sent data seq=0
[SR CLIENT] Sent data seq=1
[SR CLIENT] Sent data seq=2
[SR CLIENT] Sent data seq=3
[SR CLIENT] Sent data seq=4
[SR CLIENT] Received ACK seq=0
[SR CLIENT] Received ACK seq=1
[SR CLIENT] Received ACK seq=2
[SR CLIENT] Received ACK seq=3
[SR CLIENT] Received ACK seq=4
[SR CLIENT] Sent data seq=100
[SR CLIENT] Received ACK seq=100
Timeout, sequence number = 75
Timeout, sequence number = 85
Timeout, sequence number = 114
Timeout, sequence number = 127
Timeout, sequence number = 134
[SR CLIENT] Sent data seq=200
[SR CLIENT] Received ACK seq=200
Timeout, sequence number = 147
Timeout, sequence number = 148
Timeout, sequence number = 160
Timeout, sequence number = 172
Timeout, sequence number = 178
Timeout, sequence number = 190
Timeout, sequence number = 210
[SR CLIENT] Sent data seq=300
[SR CLIENT] Received ACK seq=300
Timeout, sequence number = 259
Timeout, sequence number = 278
Timeout, sequence number = 299
Timeout, sequence number = 317
Timeout, sequence number = 318
Timeout, sequence number = 335
[SR CLIENT] Sent data seq=400
[SR CLIENT] Received ACK seq=400
Timeout, sequence number = 425
Timeout, sequence number = 449
Timeout, sequence number = 460
Timeout, sequence number = 481
[SR CLIENT] Sent data seq=500
[SR CLIENT] Received ACK seq=500
Timeout, sequence number = 449
Timeout, sequence number = 481
Timeout, sequence number = 517
Timeout, sequence number = 521
Timeout, sequence number = 551
Timeout, sequence number = 566
Timeout, sequence number = 521
Timeout, sequence number = 581
[SR CLIENT] Sent data seq=600
[SR CLIENT] Received ACK seq=600
[SR CLIENT] Sent data seq=700
[SR CLIENT] Received ACK seq=700
Timeout, sequence number = 640
Timeout, sequence number = 653
Timeout, sequence number = 672
Timeout, sequence number = 690
Timeout, sequence number = 724
Timeout, sequence number = 729
Timeout, sequence number = 750
Timeout, sequence number = 762
[SR CLIENT] Sent data seq=800
[SR CLIENT] Received ACK seq=800
Timeout, sequence number = 792
[SR CLIENT] Sent data seq=900
[SR CLIENT] Received ACK seq=900
Timeout, sequence number = 899
Timeout, sequence number = 930
[SR CLIENT] Sent data seq=1000
[SR CLIENT] Received ACK seq=1000
Timeout, sequence number = 956
Timeout, sequence number = 978
Timeout, sequence number = 1003
Timeout, sequence number = 1013
Timeout, sequence number = 1020
[SR CLIENT] Sent data seq=1100
[SR CLIENT] Received ACK seq=1100
Timeout, sequence number = 1062
Timeout, sequence number = 1075
Timeout, sequence number = 1076
Timeout, sequence number = 1077
Timeout, sequence number = 1081
Timeout, sequence number = 1086
Timeout, sequence number = 1114
Timeout, sequence number = 1120
[SR CLIENT] Sent data seq=1200
[SR CLIENT] Received ACK seq=1200
Timeout, sequence number = 1155
Timeout, sequence number = 1220
[SR CLIENT] Sent data seq=1300
[SR CLIENT] Received ACK seq=1300
Timeout, sequence number = 1311
Timeout, sequence number = 1316
Timeout, sequence number = 1326
[SR CLIENT] Sent data seq=1400
Timeout, sequence number = 1373
[SR CLIENT] Received ACK seq=1400
Timeout, sequence number = 1398
Timeout, sequence number = 1444
Timeout, sequence number = 1398
[SR CLIENT] Sent data seq=1500
[SR CLIENT] Received ACK seq=1500
Timeout, sequence number = 1471
Timeout, sequence number = 1498
[SR CLIENT] Sent data seq=1600
[SR CLIENT] Received ACK seq=1600
Timeout, sequence number = 1575
Timeout, sequence number = 1602
[SR CLIENT] Sent data seq=1700
[SR CLIENT] Received ACK seq=1700
Timeout, sequence number = 1664
Timeout, sequence number = 1676
Timeout, sequence number = 1677
Timeout, sequence number = 1728
[SR CLIENT] Sent data seq=1800
Timeout, sequence number = 1766
Timeout, sequence number = 1784
Timeout, sequence number = 1800
Timeout, sequence number = 1812
Timeout, sequence number = 1814
[SR CLIENT] Received ACK seq=1800
Timeout, sequence number = 1784
Timeout, sequence number = 1838
[SR CLIENT] Sent data seq=1900
Timeout, sequence number = 1852
Timeout, sequence number = 1859
Timeout, sequence number = 1880
Timeout, sequence number = 1886
Timeout, sequence number = 1897
Timeout, sequence number = 1900
Timeout, sequence number = 1902
Timeout, sequence number = 1903
[SR CLIENT] Received ACK seq=1900
Timeout, sequence number = 1917
Timeout, sequence number = 1928
Timeout, sequence number = 1936
Timeout, sequence number = 1939
Timeout, sequence number = 1944
Timeout, sequence number = 1966
Timeout, sequence number = 1976
[SR CLIENT] Sent data seq=2000
[SR CLIENT] Received ACK seq=2000
Timeout, sequence number = 2013
Timeout, sequence number = 2036
Timeout, sequence number = 2050
Timeout, sequence number = 2056
Timeout, sequence number = 2057
Timeout, sequence number = 2036
[SR CLIENT] Sent data seq=2100
[SR CLIENT] Received ACK seq=2100
Timeout, sequence number = 2118
Timeout, sequence number = 2120
Timeout, sequence number = 2140
Timeout, sequence number = 2153
Timeout, sequence number = 2164
[SR CLIENT] Sent data seq=2200
[SR CLIENT] Received ACK seq=2200
Timeout, sequence number = 2185
Timeout, sequence number = 2224
Timeout, sequence number = 2231
[SR CLIENT] Sent data seq=2300
[SR CLIENT] Received ACK seq=2300
Timeout, sequence number = 2295
Timeout, sequence number = 2307
Timeout, sequence number = 2308
Timeout, sequence number = 2335
Timeout, sequence number = 2342
[SR CLIENT] Sent data seq=2400
Timeout, sequence number = 2348
[SR CLIENT] Received ACK seq=2400
[SR CLIENT] Summary: sent_packets=2401, ack_packets=2401, retransmitted_packets=113, timeout_events=113
Transfer complete. Delay = 17.399306 seconds

=== STDERR ===
