=== STDOUT ===
[SR CLIENT] Starting transfer: server=10.153.27.102:7735, file=demo_input.bin, N=8, MSS=500, total_segments=2401
[SR CLIENT] Sent data seq=0
[SR CLIENT] Sent data seq=1
[SR CLIENT] Sent data seq=2
[SR CLIENT] Sent data seq=3
[SR CLIENT] Sent data seq=4
[SR CLIENT] Received ACK seq=0
[SR CLIENT] Received ACK seq=1
[SR CLIENT] Received ACK seq=2
[SR CLIENT] Received ACK seq=3
[SR CLIENT] Received ACK seq=4
Timeout, sequence number = 8
Timeout, sequence number = 14
Timeout, sequence number = 15
Timeout, sequence number = 8
Timeout, sequence number = 18
Timeout, sequence number = 26
Timeout, sequence number = 28
Timeout, sequence number = 36
Timeout, sequence number = 67
Timeout, sequence number = 80
[SR CLIENT] Sent data seq=100
[SR CLIENT] Received ACK seq=100
Timeout, sequence number = 120
Timeout, sequence number = 137
Timeout, sequence number = 140
[SR CLIENT] Sent data seq=200
[SR CLIENT] Received ACK seq=200
Timeout, sequence number = 201
Timeout, sequence number = 202
Timeout, sequence number = 206
Timeout, sequence number = 259
Timeout, sequence number = 260
[SR CLIENT] Sent data seq=300
[SR CLIENT] Received ACK seq=300
Timeout, sequence number = 297
Timeout, sequence number = 299
Timeout, sequence number = 320
Timeout, sequence number = 338
Timeout, sequence number = 344
Timeout, sequence number = 371
Timeout, sequence number = 371
Timeout, sequence number = 383
[SR CLIENT] Sent data seq=400
[SR CLIENT] Received ACK seq=400
Timeout, sequence number = 406
Timeout, sequence number = 421
Timeout, sequence number = 466
Timeout, sequence number = 467
Timeout, sequence number = 475
Timeout, sequence number = 483
Timeout, sequence number = 484
[SR CLIENT] Sent data seq=500
[SR CLIENT] Received ACK seq=500
Timeout, sequence number = 514
Timeout, sequence number = 542
Timeout, sequence number = 586
Timeout, sequence number = 591
[SR CLIENT] Sent data seq=600
[SR CLIENT] Received ACK seq=600
Timeout, sequence number = 596
Timeout, sequence number = 619
Timeout, sequence number = 664
Timeout, sequence number = 670
Timeout, sequence number = 685
Timeout, sequence number = 692
Timeout, sequence number = 685
[SR CLIENT] Sent data seq=700
[SR CLIENT] Received ACK seq=700
Timeout, sequence number = 708
Timeout, sequence number = 710
Timeout, sequence number = 738
Timeout, sequence number = 748
Timeout, sequence number = 764
Timeout, sequence number = 778
Timeout, sequence number = 784
Timeout, sequence number = 789
Timeout, sequence number = 790
[SR CLIENT] Sent data seq=800
[SR CLIENT] Received ACK seq=800
Timeout, sequence number = 799
Timeout, sequence number = 803
Timeout, sequence number = 820
Timeout, sequence number = 831
Timeout, sequence number = 872
[SR CLIENT] Sent data seq=900
[SR CLIENT] Received ACK seq=900
Timeout, sequence number = 926
Timeout, sequence number = 929
Timeout, sequence number = 943
Timeout, sequence number = 970
Timeout, sequence number = 971
Timeout, sequence number = 974
Timeout, sequence number = 984
Timeout, sequence number = 988
Timeout, sequence number = 991
[SR CLIENT] Sent data seq=1000
[SR CLIENT] Received ACK seq=1000
Timeout, sequence number = 997
Timeout, sequence number = 1002
Timeout, sequence number = 1014
Timeout, sequence number = 1049
Timeout, sequence number = 1071
Timeout, sequence number = 1073
Timeout, sequence number = 1078
Timeout, sequence number = 1082
Timeout, sequence number = 1089
[SR CLIENT] Sent data seq=1100
[SR CLIENT] Received ACK seq=1100
Timeout, sequence number = 1104
Timeout, sequence number = 1132
Timeout, sequence number = 1143
Timeout, sequence number = 1156
Timeout, sequence number = 1157
Timeout, sequence number = 1164
Timeout, sequence number = 1189
[SR CLIENT] Sent data seq=1200
[SR CLIENT] Received ACK seq=1200
Timeout, sequence number = 1223
Timeout, sequence number = 1247
Timeout, sequence number = 1276
[SR CLIENT] Sent data seq=1300
[SR CLIENT] Received ACK seq=1300
Timeout, sequence number = 1310
Timeout, sequence number = 1316
Timeout, sequence number = 1375
[SR CLIENT] Sent data seq=1400
[SR CLIENT] Received ACK seq=1400
Timeout, sequence number = 1419
Timeout, sequence number = 1435
Timeout, sequence number = 1441
Timeout, sequence number = 1454
Timeout, sequence number = 1454
Timeout, sequence number = 1464
Timeout, sequence number = 1478
[SR CLIENT] Sent data seq=1500
[SR CLIENT] Received ACK seq=1500
Timeout, sequence number = 1510
Timeout, sequence number = 1514
Timeout, sequence number = 1517
Timeout, sequence number = 1520
Timeout, sequence number = 1522
Timeout, sequence number = 1577
Timeout, sequence number = 1582
[SR CLIENT] Sent data seq=1600
[SR CLIENT] Received ACK seq=1600
Timeout, sequence number = 1598
Timeout, sequence number = 1610
Timeout, sequence number = 1618
Timeout, sequence number = 1625
Timeout, sequence number = 1618
Timeout, sequence number = 1633
Timeout, sequence number = 1640
Timeout, sequence number = 1644
Timeout, sequence number = 1646
Timeout, sequence number = 1659
Timeout, sequence number = 1667
Timeout, sequence number = 1672
[SR CLIENT] Sent data seq=1700
[SR CLIENT] Received ACK seq=1700
Timeout, sequence number = 1722
Timeout, sequence number = 1768
Timeout, sequence number = 1779
Timeout, sequence number = 1780
Timeout, sequence number = 1791
Timeout, sequence number = 1794
[SR CLIENT] Sent data seq=1800
[SR CLIENT] Received ACK seq=1800
Timeout, sequence number = 1815
Timeout, sequence number = 1827
Timeout, sequence number = 1836
Timeout, sequence number = 1874
[SR CLIENT] Sent data seq=1900
[SR CLIENT] Received ACK seq=1900
Timeout, sequence number = 1913
Timeout, sequence number = 1923
Timeout, sequence number = 1925
Timeout, sequence number = 1949
Timeout, sequence number = 1951
Timeout, sequence number = 1952
Timeout, sequence number = 1962
Timeout, sequence number = 1980
[SR CLIENT] Sent data seq=2000
[SR CLIENT] Received ACK seq=2000
Timeout, sequence number = 1998
Timeout, sequence number = 2031
Timeout, sequence number = 2063
Timeout, sequence number = 2087
[SR CLIENT] Sent data seq=2100
[SR CLIENT] Received ACK seq=2100
Timeout, sequence number = 2101
Timeout, sequence number = 2109
Timeout, sequence number = 2128
Timeout, sequence number = 2147
Timeout, sequence number = 2153
Timeout, sequence number = 2169
Timeout, sequence number = 2180
[SR CLIENT] Sent data seq=2200
[SR CLIENT] Received ACK seq=2200
Timeout, sequence number = 2254
Timeout, sequence number = 2274
Timeout, sequence number = 2288
[SR CLIENT] Sent data seq=2300
[SR CLIENT] Received ACK seq=2300
Timeout, sequence number = 2342
Timeout, sequence number = 2351
Timeout, sequence number = 2379
Timeout, sequence number = 2382
Timeout, sequence number = 2386
Timeout, sequence number = 2392
[SR CLIENT] Sent data seq=2400
[SR CLIENT] Received ACK seq=2400
[SR CLIENT] Summary: sent_packets=2401, ack_packets=2401, retransmitted_packets=153, timeout_events=153
Transfer complete. Delay = 63.719414 seconds

=== STDERR ===
