=== STDOUT ===
[SR CLIENT] Starting transfer: server=10.153.27.102:7735, file=demo_input.bin, N=64, MSS=500, total_segments=2401
[SR CLIENT] Sent data seq=0
[SR CLIENT] Sent data seq=1
[SR CLIENT] Sent data seq=2
[SR CLIENT] Sent data seq=3
[SR CLIENT] Sent data seq=4
[SR CLIENT] Received ACK seq=0
[SR CLIENT] Received ACK seq=1
[SR CLIENT] Received ACK seq=2
[SR CLIENT] Received ACK seq=3
[SR CLIENT] Received ACK seq=4
[SR CLIENT] Sent data seq=100
[SR CLIENT] Received ACK seq=100
Timeout, sequence number = 41
Timeout, sequence number = 74
Timeout, sequence number = 81
Timeout, sequence number = 120
Timeout, sequence number = 121
Timeout, sequence number = 136
[SR CLIENT] Sent data seq=200
[SR CLIENT] Received ACK seq=200
Timeout, sequence number = 222
Timeout, sequence number = 233
Timeout, sequence number = 235
Timeout, sequence number = 259
Timeout, sequence number = 270
[SR CLIENT] Sent data seq=300
[SR CLIENT] Received ACK seq=300
Timeout, sequence number = 286
Timeout, sequence number = 313
Timeout, sequence number = 333
[SR CLIENT] Sent data seq=400
[SR CLIENT] Received ACK seq=400
Timeout, sequence number = 366
Timeout, sequence number = 406
Timeout, sequence number = 417
Timeout, sequence number = 420
Timeout, sequence number = 417
Timeout, sequence number = 434
[SR CLIENT] Sent data seq=500
[SR CLIENT] Received ACK seq=500
Timeout, sequence number = 498
Timeout, sequence number = 516
Timeout, sequence number = 498
[SR CLIENT] Sent data seq=600
Timeout, sequence number = 587
Timeout, sequence number = 600
Timeout, sequence number = 609
Timeout, sequence number = 625
Timeout, sequence number = 629
[SR CLIENT] Received ACK seq=600
[SR CLIENT] Sent data seq=700
[SR CLIENT] Received ACK seq=700
Timeout, sequence number = 656
Timeout, sequence number = 678
Timeout, sequence number = 686
Timeout, sequence number = 726
Timeout, sequence number = 742
Timeout, sequence number = 763
[SR CLIENT] Sent data seq=800
[SR CLIENT] Received ACK seq=800
Timeout, sequence number = 742
Timeout, sequence number = 801
[SR CLIENT] Sent data seq=900
[SR CLIENT] Received ACK seq=900
Timeout, sequence number = 842
Timeout, sequence number = 843
Timeout, sequence number = 850
Timeout, sequence number = 856
Timeout, sequence number = 875
Timeout, sequence number = 908
Timeout, sequence number = 960
[SR CLIENT] Sent data seq=1000
[SR CLIENT] Received ACK seq=1000
Timeout, sequence number = 977
Timeout, sequence number = 979
Timeout, sequence number = 992
[SR CLIENT] Sent data seq=1100
[SR CLIENT] Received ACK seq=1100
Timeout, sequence number = 1106
[SR CLIENT] Sent data seq=1200
[SR CLIENT] Received ACK seq=1200
Timeout, sequence number = 1188
Timeout, sequence number = 1191
Timeout, sequence number = 1216
Timeout, sequence number = 1221
Timeout, sequence number = 1232
[SR CLIENT] Sent data seq=1300
[SR CLIENT] Received ACK seq=1300
Timeout, sequence number = 1273
Timeout, sequence number = 1281
Timeout, sequence number = 1318
Timeout, sequence number = 1324
[SR CLIENT] Sent data seq=1400
Timeout, sequence number = 1365
Timeout, sequence number = 1400
Timeout, sequence number = 1407
Timeout, sequence number = 1419
Timeout, sequence number = 1427
Timeout, sequence number = 1442
Timeout, sequence number = 1457
Timeout, sequence number = 1400
[SR CLIENT] Received ACK seq=1400
[SR CLIENT] Sent data seq=1500
[SR CLIENT] Received ACK seq=1500
Timeout, sequence number = 1471
Timeout, sequence number = 1489
[SR CLIENT] Sent data seq=1600
[SR CLIENT] Received ACK seq=1600
Timeout, sequence number = 1591
Timeout, sequence number = 1602
Timeout, sequence number = 1607
Timeout, sequence number = 1625
Timeout, sequence number = 1631
Timeout, sequence number = 1643
[SR CLIENT] Sent data seq=1700
[SR CLIENT] Received ACK seq=1700
Timeout, sequence number = 1681
Timeout, sequence number = 1697
Timeout, sequence number = 1708
Timeout, sequence number = 1734
[SR CLIENT] Sent data seq=1800
[SR CLIENT] Received ACK seq=1800
Timeout, sequence number = 1805
Timeout, sequence number = 1806
Timeout, sequence number = 1809
[SR CLIENT] Sent data seq=1900
Timeout, sequence number = 1855
[SR CLIENT] Received ACK seq=1900
Timeout, sequence number = 1872
Timeout, sequence number = 1876
Timeout, sequence number = 1906
Timeout, sequence number = 1923
[SR CLIENT] Sent data seq=2000
Timeout, sequence number = 1941
Timeout, sequence number = 2000
[SR CLIENT] Received ACK seq=2000
Timeout, sequence number = 2007
Timeout, sequence number = 2017
Timeout, sequence number = 2020
Timeout, sequence number = 2030
Timeout, sequence number = 2039
[SR CLIENT] Sent data seq=2100
[SR CLIENT] Received ACK seq=2100
Timeout, sequence number = 2067
Timeout, sequence number = 2072
Timeout, sequence number = 2087
Timeout, sequence number = 2092
Timeout, sequence number = 2103
Timeout, sequence number = 2133
[SR CLIENT] Sent data seq=2200
Timeout, sequence number = 2179
Timeout, sequence number = 2186
Timeout, sequence number = 2200
Timeout, sequence number = 2218
Timeout, sequence number = 2219
[SR CLIENT] Received ACK seq=2200
Timeout, sequence number = 2230
[SR CLIENT] Sent data seq=2300
[SR CLIENT] Received ACK seq=2300
Timeout, sequence number = 2292
Timeout, sequence number = 2320
Timeout, sequence number = 2344
[SR CLIENT] Sent data seq=2400
Timeout, sequence number = 2349
Timeout, sequence number = 2400
[SR CLIENT] Received ACK seq=2400
[SR CLIENT] Summary: sent_packets=2401, ack_packets=2401, retransmitted_packets=108, timeout_events=108
Transfer complete. Delay = 17.271623 seconds

=== STDERR ===
