=== STDOUT ===
[SR CLIENT] Starting transfer: server=10.153.27.102:7735, file=demo_input.bin, N=1, MSS=500, total_segments=2401
[SR CLIENT] Sent data seq=0
[SR CLIENT] Received ACK seq=0
[SR CLIENT] Sent data seq=1
[SR CLIENT] Received ACK seq=1
[SR CLIENT] Sent data seq=2
[SR CLIENT] Received ACK seq=2
[SR CLIENT] Sent data seq=3
[SR CLIENT] Received ACK seq=3
[SR CLIENT] Sent data seq=4
[SR CLIENT] Received ACK seq=4
Timeout, sequence number = 22
Timeout, sequence number = 32
Timeout, sequence number = 39
Timeout, sequence number = 82
Timeout, sequence number = 87
[SR CLIENT] Sent data seq=100
[SR CLIENT] Received ACK seq=100
Timeout, sequence number = 113
Timeout, sequence number = 138
Timeout, sequence number = 176
[SR CLIENT] Sent data seq=200
[SR CLIENT] Received ACK seq=200
Timeout, sequence number = 207
[SR CLIENT] Sent data seq=300
[SR CLIENT] Received ACK seq=300
Timeout, sequence number = 305
Timeout, sequence number = 306
Timeout, sequence number = 324
Timeout, sequence number = 337
Timeout, sequence number = 394
Timeout, sequence number = 394
[SR CLIENT] Sent data seq=400
[SR CLIENT] Received ACK seq=400
Timeout, sequence number = 412
Timeout, sequence number = 424
Timeout, sequence number = 429
Timeout, sequence number = 462
[SR CLIENT] Sent data seq=500
[SR CLIENT] Received ACK seq=500
Timeout, sequence number = 508
Timeout, sequence number = 516
Timeout, sequence number = 534
Timeout, sequence number = 553
[SR CLIENT] Sent data seq=600
Timeout, sequence number = 600
[SR CLIENT] Received ACK seq=600
Timeout, sequence number = 608
Timeout, sequence number = 610
Timeout, sequence number = 657
Timeout, sequence number = 693
[SR CLIENT] Sent data seq=700
[SR CLIENT] Received ACK seq=700
Timeout, sequence number = 704
Timeout, sequence number = 714
Timeout, sequence number = 716
Timeout, sequence number = 716
Timeout, sequence number = 722
Timeout, sequence number = 722
Timeout, sequence number = 741
Timeout, sequence number = 754
Timeout, sequence number = 755
Timeout, sequence number = 757
Timeout, sequence number = 761
Timeout, sequence number = 798
[SR CLIENT] Sent data seq=800
[SR CLIENT] Received ACK seq=800
Timeout, sequence number = 803
Timeout, sequence number = 843
Timeout, sequence number = 856
Timeout, sequence number = 863
Timeout, sequence number = 871
[SR CLIENT] Sent data seq=900
[SR CLIENT] Received ACK seq=900
Timeout, sequence number = 902
Timeout, sequence number = 904
Timeout, sequence number = 931
Timeout, sequence number = 943
Timeout, sequence number = 954
Timeout, sequence number = 958
Timeout, sequence number = 960
Timeout, sequence number = 975
Timeout, sequence number = 989
[SR CLIENT] Sent data seq=1000
[SR CLIENT] Received ACK seq=1000
Timeout, sequence number = 1021
Timeout, sequence number = 1042
Timeout, sequence number = 1056
Timeout, sequence number = 1060
Timeout, sequence number = 1069
Timeout, sequence number = 1073
Timeout, sequence number = 1096
Timeout, sequence number = 1097
[SR CLIENT] Sent data seq=1100
[SR CLIENT] Received ACK seq=1100
Timeout, sequence number = 1120
Timeout, sequence number = 1121
Timeout, sequence number = 1121
Timeout, sequence number = 1142
Timeout, sequence number = 1165
Timeout, sequence number = 1165
Timeout, sequence number = 1175
Timeout, sequence number = 1197
[SR CLIENT] Sent data seq=1200
[SR CLIENT] Received ACK seq=1200
Timeout, sequence number = 1201
Timeout, sequence number = 1204
Timeout, sequence number = 1209
Timeout, sequence number = 1212
Timeout, sequence number = 1226
Timeout, sequence number = 1237
Timeout, sequence number = 1266
Timeout, sequence number = 1268
Timeout, sequence number = 1294
[SR CLIENT] Sent data seq=1300
[SR CLIENT] Received ACK seq=1300
Timeout, sequence number = 1320
Timeout, sequence number = 1327
Timeout, sequence number = 1339
Timeout, sequence number = 1361
[SR CLIENT] Sent data seq=1400
[SR CLIENT] Received ACK seq=1400
Timeout, sequence number = 1412
[SR CLIENT] Sent data seq=1500
[SR CLIENT] Received ACK seq=1500
Timeout, sequence number = 1548
Timeout, sequence number = 1553
Timeout, sequence number = 1562
Timeout, sequence number = 1565
Timeout, sequence number = 1566
Timeout, sequence number = 1593
Timeout, sequence number = 1595
[SR CLIENT] Sent data seq=1600
[SR CLIENT] Received ACK seq=1600
Timeout, sequence number = 1608
Timeout, sequence number = 1615
Timeout, sequence number = 1653
Timeout, sequence number = 1657
Timeout, sequence number = 1666
Timeout, sequence number = 1694
[SR CLIENT] Sent data seq=1700
[SR CLIENT] Received ACK seq=1700
Timeout, sequence number = 1705
Timeout, sequence number = 1733
Timeout, sequence number = 1733
Timeout, sequence number = 1734
Timeout, sequence number = 1748
Timeout, sequence number = 1751
Timeout, sequence number = 1763
[SR CLIENT] Sent data seq=1800
[SR CLIENT] Received ACK seq=1800
Timeout, sequence number = 1821
Timeout, sequence number = 1833
Timeout, sequence number = 1847
Timeout, sequence number = 1858
Timeout, sequence number = 1875
Timeout, sequence number = 1890
[SR CLIENT] Sent data seq=1900
[SR CLIENT] Received ACK seq=1900
Timeout, sequence number = 1910
Timeout, sequence number = 1918
Timeout, sequence number = 1927
Timeout, sequence number = 1927
Timeout, sequence number = 1940
Timeout, sequence number = 1944
Timeout, sequence number = 1970
Timeout, sequence number = 1987
[SR CLIENT] Sent data seq=2000
[SR CLIENT] Received ACK seq=2000
Timeout, sequence number = 2010
Timeout, sequence number = 2011
Timeout, sequence number = 2096
[SR CLIENT] Sent data seq=2100
[SR CLIENT] Received ACK seq=2100
Timeout, sequence number = 2141
Timeout, sequence number = 2164
Timeout, sequence number = 2165
Timeout, sequence number = 2191
[SR CLIENT] Sent data seq=2200
[SR CLIENT] Received ACK seq=2200
Timeout, sequence number = 2218
Timeout, sequence number = 2239
Timeout, sequence number = 2262
Timeout, sequence number = 2273
Timeout, sequence number = 2280
[SR CLIENT] Sent data seq=2300
[SR CLIENT] Received ACK seq=2300
Timeout, sequence number = 2311
Timeout, sequence number = 2336
Timeout, sequence number = 2393
[SR CLIENT] Sent data seq=2400
[SR CLIENT] Received ACK seq=2400
[SR CLIENT] Summary: sent_packets=2401, ack_packets=2401, retransmitted_packets=133, timeout_events=133
Transfer complete. Delay = 104.739111 seconds

=== STDERR ===
