=== STDOUT ===
[SR CLIENT] Starting transfer: server=10.153.27.102:7735, file=demo_input.bin, N=64, MSS=500, total_segments=2401
[SR CLIENT] Sent data seq=0
[SR CLIENT] Sent data seq=1
[SR CLIENT] Sent data seq=2
[SR CLIENT] Sent data seq=3
[SR CLIENT] Sent data seq=4
[SR CLIENT] Received ACK seq=2
[SR CLIENT] Received ACK seq=0
[SR CLIENT] Received ACK seq=1
[SR CLIENT] Received ACK seq=3
[SR CLIENT] Received ACK seq=4
Timeout, sequence number = 36
Timeout, sequence number = 61
[SR CLIENT] Sent data seq=100
[SR CLIENT] Received ACK seq=100
Timeout, sequence number = 103
Timeout, sequence number = 107
Timeout, sequence number = 134
Timeout, sequence number = 146
[SR CLIENT] Sent data seq=200
[SR CLIENT] Received ACK seq=200
Timeout, sequence number = 215
Timeout, sequence number = 248
[SR CLIENT] Sent data seq=300
[SR CLIENT] Received ACK seq=300
Timeout, sequence number = 331
Timeout, sequence number = 332
Timeout, sequence number = 375
Timeout, sequence number = 381
Timeout, sequence number = 391
[SR CLIENT] Sent data seq=400
[SR CLIENT] Received ACK seq=400
[SR CLIENT] Sent data seq=500
[SR CLIENT] Received ACK seq=500
Timeout, sequence number = 523
Timeout, sequence number = 562
Timeout, sequence number = 583
[SR CLIENT] Sent data seq=600
[SR CLIENT] Received ACK seq=600
[SR CLIENT] Sent data seq=700
[SR CLIENT] Received ACK seq=700
Timeout, sequence number = 654
[SR CLIENT] Sent data seq=800
[SR CLIENT] Received ACK seq=800
Timeout, sequence number = 739
Timeout, sequence number = 766
Timeout, sequence number = 773
Timeout, sequence number = 774
[SR CLIENT] Sent data seq=900
[SR CLIENT] Received ACK seq=900
[SR CLIENT] Sent data seq=1000
[SR CLIENT] Received ACK seq=1000
Timeout, sequence number = 1032
Timeout, sequence number = 1035
Timeout, sequence number = 1051
[SR CLIENT] Sent data seq=1100
Timeout, sequence number = 1080
[SR CLIENT] Received ACK seq=1100
Timeout, sequence number = 1132
Timeout, sequence number = 1144
[SR CLIENT] Sent data seq=1200
[SR CLIENT] Received ACK seq=1200
[SR CLIENT] Sent data seq=1300
[SR CLIENT] Received ACK seq=1300
Timeout, sequence number = 1241
Timeout, sequence number = 1270
Timeout, sequence number = 1295
Timeout, sequence number = 1333
[SR CLIENT] Sent data seq=1400
[SR CLIENT] Received ACK seq=1400
[SR CLIENT] Sent data seq=1500
[SR CLIENT] Received ACK seq=1500
Timeout, sequence number = 1496
Timeout, sequence number = 1526
Timeout, sequence number = 1534
[SR CLIENT] Sent data seq=1600
[SR CLIENT] Received ACK seq=1600
Timeout, sequence number = 1569
Timeout, sequence number = 1626
[SR CLIENT] Sent data seq=1700
[SR CLIENT] Received ACK seq=1700
Timeout, sequence number = 1665
Timeout, sequence number = 1696
Timeout, sequence number = 1715
[SR CLIENT] Sent data seq=1800
[SR CLIENT] Received ACK seq=1800
Timeout, sequence number = 1801
Timeout, sequence number = 1861
[SR CLIENT] Sent data seq=1900
[SR CLIENT] Received ACK seq=1900
Timeout, sequence number = 1869
Timeout, sequence number = 1872
Timeout, sequence number = 1906
Timeout, sequence number = 1908
[SR CLIENT] Sent data seq=2000
Timeout, sequence number = 1939
Timeout, sequence number = 1940
Timeout, sequence number = 1946
Timeout, sequence number = 1979
Timeout, sequence number = 1986
Timeout, sequence number = 2000
[SR CLIENT] Received ACK seq=2000
Timeout, sequence number = 1939
[SR CLIENT] Sent data seq=2100
[SR CLIENT] Received ACK seq=2100
Timeout, sequence number = 2058
[SR CLIENT] Sent data seq=2200
Timeout, sequence number = 2146
Timeout, sequence number = 2151
Timeout, sequence number = 2174
[SR CLIENT] Received ACK seq=2200
Timeout, sequence number = 2191
Timeout, sequence number = 2207
[SR CLIENT] Sent data seq=2300
[SR CLIENT] Received ACK seq=2300
Timeout, sequence number = 2289
Timeout, sequence number = 2329
[SR CLIENT] Sent data seq=2400
[SR CLIENT] Received ACK seq=2400
Timeout, sequence number = 2338
Timeout, sequence number = 2353
Timeout, sequence number = 2367
Timeout, sequence number = 2387
[SR CLIENT] Summary: sent_packets=2401, ack_packets=2401, retransmitted_packets=64, timeout_events=64
Transfer complete. Delay = 12.779935 seconds

=== STDERR ===
