=== STDOUT ===
[SR CLIENT] Starting transfer: server=10.153.27.102:7735, file=demo_input.bin, N=64, MSS=500, total_segments=2401
[SR CLIENT] Sent data seq=0
[SR CLIENT] Sent data seq=1
[SR CLIENT] Sent data seq=2
[SR CLIENT] Sent data seq=3
[SR CLIENT] Sent data seq=4
[SR CLIENT] Received ACK seq=0
[SR CLIENT] Received ACK seq=1
[SR CLIENT] Received ACK seq=2
[SR CLIENT] Received ACK seq=3
[SR CLIENT] Received ACK seq=4
Timeout, sequence number = 17
Timeout, sequence number = 41
[SR CLIENT] Sent data seq=100
[SR CLIENT] Received ACK seq=100
Timeout, sequence number = 104
Timeout, sequence number = 106
Timeout, sequence number = 110
Timeout, sequence number = 111
Timeout, sequence number = 120
Timeout, sequence number = 131
Timeout, sequence number = 139
Timeout, sequence number = 150
[SR CLIENT] Sent data seq=200
[SR CLIENT] Received ACK seq=200
Timeout, sequence number = 179
Timeout, sequence number = 179
[SR CLIENT] Sent data seq=300
[SR CLIENT] Received ACK seq=300
Timeout, sequence number = 244
Timeout, sequence number = 311
[SR CLIENT] Sent data seq=400
[SR CLIENT] Received ACK seq=400
[SR CLIENT] Sent data seq=500
[SR CLIENT] Received ACK seq=500
Timeout, sequence number = 449
Timeout, sequence number = 462
Timeout, sequence number = 486
Timeout, sequence number = 462
[SR CLIENT] Sent data seq=600
[SR CLIENT] Received ACK seq=600
Timeout, sequence number = 537
Timeout, sequence number = 561
Timeout, sequence number = 568
Timeout, sequence number = 578
Timeout, sequence number = 582
Timeout, sequence number = 604
[SR CLIENT] Sent data seq=700
[SR CLIENT] Received ACK seq=700
Timeout, sequence number = 686
Timeout, sequence number = 710
Timeout, sequence number = 742
[SR CLIENT] Sent data seq=800
[SR CLIENT] Received ACK seq=800
Timeout, sequence number = 750
Timeout, sequence number = 759
Timeout, sequence number = 791
Timeout, sequence number = 805
Timeout, sequence number = 830
Timeout, sequence number = 847
[SR CLIENT] Sent data seq=900
[SR CLIENT] Received ACK seq=900
Timeout, sequence number = 933
Timeout, sequence number = 953
Timeout, sequence number = 962
Timeout, sequence number = 986
[SR CLIENT] Sent data seq=1000
[SR CLIENT] Received ACK seq=1000
Timeout, sequence number = 953
Timeout, sequence number = 1008
Timeout, sequence number = 1020
Timeout, sequence number = 1034
Timeout, sequence number = 1073
[SR CLIENT] Sent data seq=1100
[SR CLIENT] Received ACK seq=1100
Timeout, sequence number = 1135
Timeout, sequence number = 1145
Timeout, sequence number = 1175
[SR CLIENT] Sent data seq=1200
Timeout, sequence number = 1183
[SR CLIENT] Received ACK seq=1200
Timeout, sequence number = 1199
Timeout, sequence number = 1214
Timeout, sequence number = 1246
Timeout, sequence number = 1258
[SR CLIENT] Sent data seq=1300
[SR CLIENT] Received ACK seq=1300
Timeout, sequence number = 1308
[SR CLIENT] Sent data seq=1400
Timeout, sequence number = 1400
Timeout, sequence number = 1428
Timeout, sequence number = 1434
Timeout, sequence number = 1400
[SR CLIENT] Received ACK seq=1400
[SR CLIENT] Sent data seq=1500
[SR CLIENT] Received ACK seq=1500
[SR CLIENT] Sent data seq=1600
[SR CLIENT] Received ACK seq=1600
Timeout, sequence number = 1582
Timeout, sequence number = 1592
Timeout, sequence number = 1623
Timeout, sequence number = 1645
Timeout, sequence number = 1582
[SR CLIENT] Sent data seq=1700
[SR CLIENT] Received ACK seq=1700
[SR CLIENT] Sent data seq=1800
[SR CLIENT] Received ACK seq=1800
Timeout, sequence number = 1742
Timeout, sequence number = 1793
[SR CLIENT] Sent data seq=1900
[SR CLIENT] Received ACK seq=1900
Timeout, sequence number = 1840
Timeout, sequence number = 1886
Timeout, sequence number = 1895
Timeout, sequence number = 1920
Timeout, sequence number = 1936
Timeout, sequence number = 1942
[SR CLIENT] Sent data seq=2000
[SR CLIENT] Received ACK seq=2000
Timeout, sequence number = 1964
Timeout, sequence number = 1974
Timeout, sequence number = 2006
Timeout, sequence number = 2009
Timeout, sequence number = 2032
[SR CLIENT] Sent data seq=2100
Timeout, sequence number = 2040
Timeout, sequence number = 2046
Timeout, sequence number = 2053
[SR CLIENT] Received ACK seq=2100
Timeout, sequence number = 2123
Timeout, sequence number = 2170
[SR CLIENT] Sent data seq=2200
[SR CLIENT] Received ACK seq=2200
Timeout, sequence number = 2213
Timeout, sequence number = 2222
Timeout, sequence number = 2228
Timeout, sequence number = 2260
[SR CLIENT] Sent data seq=2300
[SR CLIENT] Received ACK seq=2300
Timeout, sequence number = 2311
Timeout, sequence number = 2331
Timeout, sequence number = 2341
Timeout, sequence number = 2370
[SR CLIENT] Sent data seq=2400
[SR CLIENT] Received ACK seq=2400
[SR CLIENT] Summary: sent_packets=2401, ack_packets=2401, retransmitted_packets=86, timeout_events=86
Transfer complete. Delay = 16.781560 seconds

=== STDERR ===
