=== STDOUT ===
[SR CLIENT] Starting transfer: server=10.153.27.102:7735, file=demo_input.bin, N=2, MSS=500, total_segments=2401
[SR CLIENT] Sent data seq=0
[SR CLIENT] Sent data seq=1
[SR CLIENT] Received ACK seq=0
[SR CLIENT] Sent data seq=2
[SR CLIENT] Received ACK seq=1
[SR CLIENT] Sent data seq=3
[SR CLIENT] Received ACK seq=2
[SR CLIENT] Sent data seq=4
[SR CLIENT] Received ACK seq=3
[SR CLIENT] Received ACK seq=4
Timeout, sequence number = 32
Timeout, sequence number = 86
Timeout, sequence number = 87
Timeout, sequence number = 86
Timeout, sequence number = 89
Timeout, sequence number = 94
[SR CLIENT] Sent data seq=100
[SR CLIENT] Received ACK seq=100
Timeout, sequence number = 125
Timeout, sequence number = 162
[SR CLIENT] Sent data seq=200
[SR CLIENT] Received ACK seq=200
Timeout, sequence number = 220
Timeout, sequence number = 282
Timeout, sequence number = 287
[SR CLIENT] Sent data seq=300
[SR CLIENT] Received ACK seq=300
Timeout, sequence number = 304
Timeout, sequence number = 304
Timeout, sequence number = 358
[SR CLIENT] Sent data seq=400
Timeout, sequence number = 400
[SR CLIENT] Received ACK seq=400
Timeout, sequence number = 409
Timeout, sequence number = 431
Timeout, sequence number = 434
Timeout, sequence number = 455
Timeout, sequence number = 475
[SR CLIENT] Sent data seq=500
[SR CLIENT] Received ACK seq=500
Timeout, sequence number = 534
Timeout, sequence number = 538
[SR CLIENT] Sent data seq=600
[SR CLIENT] Received ACK seq=600
Timeout, sequence number = 608
Timeout, sequence number = 629
Timeout, sequence number = 642
Timeout, sequence number = 658
Timeout, sequence number = 687
[SR CLIENT] Sent data seq=700
[SR CLIENT] Received ACK seq=700
Timeout, sequence number = 703
Timeout, sequence number = 709
Timeout, sequence number = 745
Timeout, sequence number = 754
Timeout, sequence number = 754
[SR CLIENT] Sent data seq=800
[SR CLIENT] Received ACK seq=800
Timeout, sequence number = 804
Timeout, sequence number = 818
Timeout, sequence number = 832
Timeout, sequence number = 892
[SR CLIENT] Sent data seq=900
[SR CLIENT] Received ACK seq=900
Timeout, sequence number = 936
Timeout, sequence number = 951
Timeout, sequence number = 960
[SR CLIENT] Sent data seq=1000
[SR CLIENT] Received ACK seq=1000
Timeout, sequence number = 1031
Timeout, sequence number = 1031
Timeout, sequence number = 1051
Timeout, sequence number = 1070
Timeout, sequence number = 1095
[SR CLIENT] Sent data seq=1100
[SR CLIENT] Received ACK seq=1100
Timeout, sequence number = 1105
Timeout, sequence number = 1110
Timeout, sequence number = 1134
Timeout, sequence number = 1150
Timeout, sequence number = 1167
Timeout, sequence number = 1182
[SR CLIENT] Sent data seq=1200
[SR CLIENT] Received ACK seq=1200
Timeout, sequence number = 1203
Timeout, sequence number = 1216
Timeout, sequence number = 1262
Timeout, sequence number = 1266
Timeout, sequence number = 1277
Timeout, sequence number = 1292
[SR CLIENT] Sent data seq=1300
[SR CLIENT] Received ACK seq=1300
Timeout, sequence number = 1313
Timeout, sequence number = 1341
Timeout, sequence number = 1342
Timeout, sequence number = 1391
Timeout, sequence number = 1398
[SR CLIENT] Sent data seq=1400
[SR CLIENT] Received ACK seq=1400
Timeout, sequence number = 1404
Timeout, sequence number = 1405
Timeout, sequence number = 1409
Timeout, sequence number = 1430
Timeout, sequence number = 1432
Timeout, sequence number = 1444
Timeout, sequence number = 1445
Timeout, sequence number = 1446
Timeout, sequence number = 1456
Timeout, sequence number = 1465
[SR CLIENT] Sent data seq=1500
[SR CLIENT] Received ACK seq=1500
Timeout, sequence number = 1563
[SR CLIENT] Sent data seq=1600
[SR CLIENT] Received ACK seq=1600
Timeout, sequence number = 1608
Timeout, sequence number = 1665
Timeout, sequence number = 1666
Timeout, sequence number = 1666
[SR CLIENT] Sent data seq=1700
[SR CLIENT] Received ACK seq=1700
Timeout, sequence number = 1717
Timeout, sequence number = 1752
Timeout, sequence number = 1754
Timeout, sequence number = 1761
Timeout, sequence number = 1782
Timeout, sequence number = 1791
Timeout, sequence number = 1792
[SR CLIENT] Sent data seq=1800
[SR CLIENT] Received ACK seq=1800
Timeout, sequence number = 1847
Timeout, sequence number = 1848
Timeout, sequence number = 1848
[SR CLIENT] Sent data seq=1900
[SR CLIENT] Received ACK seq=1900
Timeout, sequence number = 1959
Timeout, sequence number = 1984
Timeout, sequence number = 1985
Timeout, sequence number = 1997
[SR CLIENT] Sent data seq=2000
[SR CLIENT] Received ACK seq=2000
Timeout, sequence number = 2008
Timeout, sequence number = 2026
Timeout, sequence number = 2045
[SR CLIENT] Sent data seq=2100
[SR CLIENT] Received ACK seq=2100
Timeout, sequence number = 2110
Timeout, sequence number = 2166
Timeout, sequence number = 2174
Timeout, sequence number = 2177
Timeout, sequence number = 2198
[SR CLIENT] Sent data seq=2200
[SR CLIENT] Received ACK seq=2200
Timeout, sequence number = 2268
[SR CLIENT] Sent data seq=2300
Timeout, sequence number = 2300
[SR CLIENT] Received ACK seq=2300
Timeout, sequence number = 2333
Timeout, sequence number = 2358
Timeout, sequence number = 2358
Timeout, sequence number = 2381
[SR CLIENT] Sent data seq=2400
Timeout, sequence number = 2400
[SR CLIENT] Received ACK seq=2400
[SR CLIENT] Summary: sent_packets=2401, ack_packets=2401, retransmitted_packets=105, timeout_events=105
Transfer complete. Delay = 85.000296 seconds

=== STDERR ===
