=== STDOUT ===
[SR CLIENT] Starting transfer: server=10.153.27.102:7735, file=demo_input.bin, N=64, MSS=800, total_segments=1501
[SR CLIENT] Sent data seq=0
[SR CLIENT] Sent data seq=1
[SR CLIENT] Sent data seq=2
[SR CLIENT] Sent data seq=3
[SR CLIENT] Sent data seq=4
[SR CLIENT] Received ACK seq=0
[SR CLIENT] Received ACK seq=1
[SR CLIENT] Received ACK seq=2
[SR CLIENT] Received ACK seq=3
[SR CLIENT] Received ACK seq=4
Timeout, sequence number = 6
Timeout, sequence number = 12
Timeout, sequence number = 27
Timeout, sequence number = 46
Timeout, sequence number = 60
[SR CLIENT] Sent data seq=100
[SR CLIENT] Received ACK seq=100
Timeout, sequence number = 60
Timeout, sequence number = 87
Timeout, sequence number = 110
Timeout, sequence number = 114
[SR CLIENT] Sent data seq=200
[SR CLIENT] Received ACK seq=200
Timeout, sequence number = 196
Timeout, sequence number = 197
Timeout, sequence number = 207
Timeout, sequence number = 210
Timeout, sequence number = 219
Timeout, sequence number = 236
Timeout, sequence number = 247
Timeout, sequence number = 249
Timeout, sequence number = 196
[SR CLIENT] Sent data seq=300
[SR CLIENT] Received ACK seq=300
Timeout, sequence number = 260
Timeout, sequence number = 262
Timeout, sequence number = 279
Timeout, sequence number = 295
Timeout, sequence number = 305
Timeout, sequence number = 308
Timeout, sequence number = 260
[SR CLIENT] Sent data seq=400
[SR CLIENT] Received ACK seq=400
Timeout, sequence number = 339
Timeout, sequence number = 354
Timeout, sequence number = 377
Timeout, sequence number = 393
Timeout, sequence number = 394
Timeout, sequence number = 435
Timeout, sequence number = 449
Timeout, sequence number = 452
Timeout, sequence number = 463
Timeout, sequence number = 475
[SR CLIENT] Sent data seq=500
[SR CLIENT] Received ACK seq=500
Timeout, sequence number = 503
Timeout, sequence number = 504
Timeout, sequence number = 536
Timeout, sequence number = 549
[SR CLIENT] Sent data seq=600
[SR CLIENT] Received ACK seq=600
Timeout, sequence number = 574
Timeout, sequence number = 615
Timeout, sequence number = 637
[SR CLIENT] Sent data seq=700
Timeout, sequence number = 675
Timeout, sequence number = 700
Timeout, sequence number = 701
Timeout, sequence number = 712
Timeout, sequence number = 730
Timeout, sequence number = 738
[SR CLIENT] Received ACK seq=700
Timeout, sequence number = 675
[SR CLIENT] Sent data seq=800
[SR CLIENT] Received ACK seq=800
Timeout, sequence number = 746
Timeout, sequence number = 780
Timeout, sequence number = 783
Timeout, sequence number = 821
Timeout, sequence number = 834
Timeout, sequence number = 866
Timeout, sequence number = 867
Timeout, sequence number = 882
[SR CLIENT] Sent data seq=900
[SR CLIENT] Received ACK seq=900
Timeout, sequence number = 882
Timeout, sequence number = 905
Timeout, sequence number = 920
[SR CLIENT] Sent data seq=1000
[SR CLIENT] Received ACK seq=1000
Timeout, sequence number = 975
Timeout, sequence number = 980
Timeout, sequence number = 983
Timeout, sequence number = 984
Timeout, sequence number = 975
[SR CLIENT] Sent data seq=1100
[SR CLIENT] Received ACK seq=1100
Timeout, sequence number = 1039
Timeout, sequence number = 1047
[SR CLIENT] Sent data seq=1200
[SR CLIENT] Received ACK seq=1200
Timeout, sequence number = 1144
Timeout, sequence number = 1152
Timeout, sequence number = 1161
Timeout, sequence number = 1173
[SR CLIENT] Sent data seq=1300
[SR CLIENT] Received ACK seq=1300
Timeout, sequence number = 1242
Timeout, sequence number = 1263
Timeout, sequence number = 1310
Timeout, sequence number = 1319
Timeout, sequence number = 1356
Timeout, sequence number = 1373
[SR CLIENT] Sent data seq=1400
[SR CLIENT] Received ACK seq=1400
Timeout, sequence number = 1387
Timeout, sequence number = 1396
Timeout, sequence number = 1409
Timeout, sequence number = 1418
Timeout, sequence number = 1440
[SR CLIENT] Sent data seq=1500
[SR CLIENT] Received ACK seq=1500
Timeout, sequence number = 1467
Timeout, sequence number = 1471
[SR CLIENT] Summary: sent_packets=1501, ack_packets=1501, retransmitted_packets=84, timeout_events=84
Transfer complete. Delay = 12.455150 seconds

=== STDERR ===
