=== STDOUT ===
[SR CLIENT] Starting transfer: server=10.153.27.102:7735, file=demo_input.bin, N=64, MSS=500, total_segments=2401
[SR CLIENT] Sent data seq=0
[SR CLIENT] Sent data seq=1
[SR CLIENT] Sent data seq=2
[SR CLIENT] Sent data seq=3
[SR CLIENT] Sent data seq=4
[SR CLIENT] Received ACK seq=0
[SR CLIENT] Received ACK seq=1
[SR CLIENT] Received ACK seq=2
[SR CLIENT] Received ACK seq=3
[SR CLIENT] Received ACK seq=4
Timeout, sequence number = 18
Timeout, sequence number = 43
Timeout, sequence number = 47
Timeout, sequence number = 48
Timeout, sequence number = 57
Timeout, sequence number = 69
[SR CLIENT] Sent data seq=100
Timeout, sequence number = 100
[SR CLIENT] Received ACK seq=100
Timeout, sequence number = 135
Timeout, sequence number = 143
Timeout, sequence number = 145
Timeout, sequence number = 152
[SR CLIENT] Sent data seq=200
[SR CLIENT] Received ACK seq=200
Timeout, sequence number = 143
Timeout, sequence number = 167
Timeout, sequence number = 169
Timeout, sequence number = 177
Timeout, sequence number = 189
Timeout, sequence number = 196
Timeout, sequence number = 205
Timeout, sequence number = 196
Timeout, sequence number = 216
Timeout, sequence number = 240
Timeout, sequence number = 251
Timeout, sequence number = 196
[SR CLIENT] Sent data seq=300
[SR CLIENT] Received ACK seq=300
Timeout, sequence number = 262
Timeout, sequence number = 267
Timeout, sequence number = 271
Timeout, sequence number = 316
Timeout, sequence number = 321
Timeout, sequence number = 329
Timeout, sequence number = 367
[SR CLIENT] Sent data seq=400
[SR CLIENT] Received ACK seq=400
Timeout, sequence number = 410
Timeout, sequence number = 415
Timeout, sequence number = 442
Timeout, sequence number = 458
[SR CLIENT] Sent data seq=500
[SR CLIENT] Received ACK seq=500
Timeout, sequence number = 493
Timeout, sequence number = 501
Timeout, sequence number = 516
Timeout, sequence number = 528
Timeout, sequence number = 531
Timeout, sequence number = 554
Timeout, sequence number = 493
[SR CLIENT] Sent data seq=600
Timeout, sequence number = 554
[SR CLIENT] Received ACK seq=600
Timeout, sequence number = 578
Timeout, sequence number = 604
Timeout, sequence number = 609
Timeout, sequence number = 613
[SR CLIENT] Sent data seq=700
[SR CLIENT] Received ACK seq=700
Timeout, sequence number = 649
Timeout, sequence number = 655
Timeout, sequence number = 663
Timeout, sequence number = 670
Timeout, sequence number = 705
Timeout, sequence number = 670
Timeout, sequence number = 705
Timeout, sequence number = 716
Timeout, sequence number = 728
Timeout, sequence number = 670
[SR CLIENT] Sent data seq=800
[SR CLIENT] Received ACK seq=800
Timeout, sequence number = 742
Timeout, sequence number = 750
Timeout, sequence number = 767
Timeout, sequence number = 775
Timeout, sequence number = 805
Timeout, sequence number = 767
Timeout, sequence number = 820
Timeout, sequence number = 833
Timeout, sequence number = 845
Timeout, sequence number = 860
Timeout, sequence number = 884
Timeout, sequence number = 894
[SR CLIENT] Sent data seq=900
[SR CLIENT] Received ACK seq=900
Timeout, sequence number = 899
Timeout, sequence number = 906
Timeout, sequence number = 908
Timeout, sequence number = 926
Timeout, sequence number = 930
Timeout, sequence number = 947
Timeout, sequence number = 951
[SR CLIENT] Sent data seq=1000
[SR CLIENT] Received ACK seq=1000
Timeout, sequence number = 973
Timeout, sequence number = 995
Timeout, sequence number = 1005
Timeout, sequence number = 1007
Timeout, sequence number = 1016
Timeout, sequence number = 1018
Timeout, sequence number = 1030
Timeout, sequence number = 1030
Timeout, sequence number = 1038
Timeout, sequence number = 1046
Timeout, sequence number = 1051
Timeout, sequence number = 1091
[SR CLIENT] Sent data seq=1100
[SR CLIENT] Received ACK seq=1100
Timeout, sequence number = 1121
Timeout, sequence number = 1124
Timeout, sequence number = 1139
Timeout, sequence number = 1149
[SR CLIENT] Sent data seq=1200
Timeout, sequence number = 1184
[SR CLIENT] Received ACK seq=1200
Timeout, sequence number = 1199
Timeout, sequence number = 1206
Timeout, sequence number = 1226
Timeout, sequence number = 1251
Timeout, sequence number = 1256
[SR CLIENT] Sent data seq=1300
[SR CLIENT] Received ACK seq=1300
Timeout, sequence number = 1272
Timeout, sequence number = 1273
Timeout, sequence number = 1275
Timeout, sequence number = 1276
[SR CLIENT] Sent data seq=1400
[SR CLIENT] Received ACK seq=1400
Timeout, sequence number = 1340
Timeout, sequence number = 1385
Timeout, sequence number = 1408
Timeout, sequence number = 1410
Timeout, sequence number = 1410
[SR CLIENT] Sent data seq=1500
[SR CLIENT] Received ACK seq=1500
Timeout, sequence number = 1492
Timeout, sequence number = 1526
Timeout, sequence number = 1537
Timeout, sequence number = 1552
[SR CLIENT] Sent data seq=1600
[SR CLIENT] Received ACK seq=1600
Timeout, sequence number = 1578
Timeout, sequence number = 1590
Timeout, sequence number = 1593
Timeout, sequence number = 1620
Timeout, sequence number = 1640
Timeout, sequence number = 1578
[SR CLIENT] Sent data seq=1700
[SR CLIENT] Received ACK seq=1700
Timeout, sequence number = 1705
Timeout, sequence number = 1715
Timeout, sequence number = 1722
Timeout, sequence number = 1732
Timeout, sequence number = 1741
Timeout, sequence number = 1748
Timeout, sequence number = 1760
[SR CLIENT] Sent data seq=1800
[SR CLIENT] Received ACK seq=1800
Timeout, sequence number = 1809
Timeout, sequence number = 1824
[SR CLIENT] Sent data seq=1900
Timeout, sequence number = 1848
Timeout, sequence number = 1852
Timeout, sequence number = 1854
Timeout, sequence number = 1865
[SR CLIENT] Received ACK seq=1900
Timeout, sequence number = 1878
Timeout, sequence number = 1931
Timeout, sequence number = 1941
[SR CLIENT] Sent data seq=2000
[SR CLIENT] Received ACK seq=2000
Timeout, sequence number = 1948
Timeout, sequence number = 1952
Timeout, sequence number = 1966
Timeout, sequence number = 1981
Timeout, sequence number = 1984
Timeout, sequence number = 1997
Timeout, sequence number = 2003
Timeout, sequence number = 1948
Timeout, sequence number = 2021
Timeout, sequence number = 2055
Timeout, sequence number = 2060
Timeout, sequence number = 2072
[SR CLIENT] Sent data seq=2100
[SR CLIENT] Received ACK seq=2100
[SR CLIENT] Sent data seq=2200
[SR CLIENT] Received ACK seq=2200
Timeout, sequence number = 2139
Timeout, sequence number = 2143
Timeout, sequence number = 2151
Timeout, sequence number = 2160
Timeout, sequence number = 2176
Timeout, sequence number = 2189
Timeout, sequence number = 2199
[SR CLIENT] Sent data seq=2300
[SR CLIENT] Received ACK seq=2300
Timeout, sequence number = 2264
Timeout, sequence number = 2278
Timeout, sequence number = 2319
Timeout, sequence number = 2326
Timeout, sequence number = 2330
Timeout, sequence number = 2346
Timeout, sequence number = 2370
Timeout, sequence number = 2372
[SR CLIENT] Sent data seq=2400
[SR CLIENT] Received ACK seq=2400
Timeout, sequence number = 2394
[SR CLIENT] Summary: sent_packets=2401, ack_packets=2401, retransmitted_packets=160, timeout_events=160
Transfer complete. Delay = 21.331493 seconds

=== STDERR ===
