=== STDOUT ===
[SR CLIENT] Starting transfer: server=10.153.27.102:7735, file=demo_input.bin, N=32, MSS=500, total_segments=2401
[SR CLIENT] Sent data seq=0
[SR CLIENT] Sent data seq=1
[SR CLIENT] Sent data seq=2
[SR CLIENT] Sent data seq=3
[SR CLIENT] Sent data seq=4
Timeout, sequence number = 0
Timeout, sequence number = 1
Timeout, sequence number = 2
Timeout, sequence number = 3
Timeout, sequence number = 4
Timeout, sequence number = 5
Timeout, sequence number = 6
Timeout, sequence number = 7
Timeout, sequence number = 8
Timeout, sequence number = 9
Timeout, sequence number = 10
Timeout, sequence number = 11
Timeout, sequence number = 12
Timeout, sequence number = 13
Timeout, sequence number = 14
Timeout, sequence number = 15
Timeout, sequence number = 16
Timeout, sequence number = 17
Timeout, sequence number = 18
Timeout, sequence number = 19
Timeout, sequence number = 20
Timeout, sequence number = 21
Timeout, sequence number = 22
Timeout, sequence number = 23
Timeout, sequence number = 24
Timeout, sequence number = 25
Timeout, sequence number = 26
Timeout, sequence number = 27
Timeout, sequence number = 28
Timeout, sequence number = 29
Timeout, sequence number = 30
Timeout, sequence number = 31
Timeout, sequence number = 0
Timeout, sequence number = 1
Timeout, sequence number = 2
Timeout, sequence number = 3
Timeout, sequence number = 4
Timeout, sequence number = 5
Timeout, sequence number = 6
Timeout, sequence number = 7
Timeout, sequence number = 8
Timeout, sequence number = 9
Timeout, sequence number = 10
Timeout, sequence number = 11
Timeout, sequence number = 12
Timeout, sequence number = 13
Timeout, sequence number = 14
Timeout, sequence number = 15
Timeout, sequence number = 16
Timeout, sequence number = 17
Timeout, sequence number = 18
Timeout, sequence number = 19
Timeout, sequence number = 20
Timeout, sequence number = 21
Timeout, sequence number = 22
Timeout, sequence number = 23
Timeout, sequence number = 24
Timeout, sequence number = 25
Timeout, sequence number = 26
Timeout, sequence number = 27
Timeout, sequence number = 28
Timeout, sequence number = 29
Timeout, sequence number = 30
Timeout, sequence number = 31
[SR CLIENT] Received ACK seq=0
[SR CLIENT] Received ACK seq=1
[SR CLIENT] Received ACK seq=2
[SR CLIENT] Received ACK seq=3
[SR CLIENT] Received ACK seq=4
Timeout, sequence number = 30
Timeout, sequence number = 43
Timeout, sequence number = 45
Timeout, sequence number = 54
Timeout, sequence number = 59
Timeout, sequence number = 61
Timeout, sequence number = 66
Timeout, sequence number = 69
Timeout, sequence number = 77
Timeout, sequence number = 81
[SR CLIENT] Sent data seq=100
[SR CLIENT] Received ACK seq=100
Timeout, sequence number = 102
Timeout, sequence number = 102
Timeout, sequence number = 144
Timeout, sequence number = 167
[SR CLIENT] Sent data seq=200
[SR CLIENT] Received ACK seq=200
Timeout, sequence number = 182
Timeout, sequence number = 190
Timeout, sequence number = 251
Timeout, sequence number = 255
Timeout, sequence number = 267
Timeout, sequence number = 274
Timeout, sequence number = 255
[SR CLIENT] Sent data seq=300
[SR CLIENT] Received ACK seq=300
Timeout, sequence number = 287
Timeout, sequence number = 317
Timeout, sequence number = 332
Timeout, sequence number = 348
[SR CLIENT] Sent data seq=400
[SR CLIENT] Received ACK seq=400
Timeout, sequence number = 405
Timeout, sequence number = 422
[SR CLIENT] Sent data seq=500
[SR CLIENT] Received ACK seq=500
Timeout, sequence number = 480
Timeout, sequence number = 482
Timeout, sequence number = 499
Timeout, sequence number = 541
[SR CLIENT] Sent data seq=600
[SR CLIENT] Received ACK seq=600
Timeout, sequence number = 643
[SR CLIENT] Sent data seq=700
[SR CLIENT] Received ACK seq=700
Timeout, sequence number = 683
Timeout, sequence number = 686
Timeout, sequence number = 690
Timeout, sequence number = 701
Timeout, sequence number = 713
Timeout, sequence number = 726
Timeout, sequence number = 751
[SR CLIENT] Sent data seq=800
[SR CLIENT] Received ACK seq=800
Timeout, sequence number = 825
Timeout, sequence number = 853
Timeout, sequence number = 825
[SR CLIENT] Sent data seq=900
[SR CLIENT] Received ACK seq=900
Timeout, sequence number = 871
Timeout, sequence number = 879
Timeout, sequence number = 938
Timeout, sequence number = 941
[SR CLIENT] Sent data seq=1000
[SR CLIENT] Received ACK seq=1000
Timeout, sequence number = 1008
Timeout, sequence number = 1011
Timeout, sequence number = 1065
Timeout, sequence number = 1075
Timeout, sequence number = 1081
Timeout, sequence number = 1065
[SR CLIENT] Sent data seq=1100
[SR CLIENT] Received ACK seq=1100
Timeout, sequence number = 1101
Timeout, sequence number = 1103
Timeout, sequence number = 1101
[SR CLIENT] Sent data seq=1200
[SR CLIENT] Received ACK seq=1200
Timeout, sequence number = 1186
Timeout, sequence number = 1194
Timeout, sequence number = 1220
Timeout, sequence number = 1268
Timeout, sequence number = 1278
Timeout, sequence number = 1285
[SR CLIENT] Sent data seq=1300
[SR CLIENT] Received ACK seq=1300
Timeout, sequence number = 1307
Timeout, sequence number = 1311
Timeout, sequence number = 1319
Timeout, sequence number = 1324
Timeout, sequence number = 1325
Timeout, sequence number = 1335
Timeout, sequence number = 1344
Timeout, sequence number = 1347
Timeout, sequence number = 1355
Timeout, sequence number = 1369
Timeout, sequence number = 1347
[SR CLIENT] Sent data seq=1400
[SR CLIENT] Received ACK seq=1400
Timeout, sequence number = 1390
Timeout, sequence number = 1398
Timeout, sequence number = 1408
Timeout, sequence number = 1446
Timeout, sequence number = 1453
Timeout, sequence number = 1466
Timeout, sequence number = 1471
Timeout, sequence number = 1477
Timeout, sequence number = 1453
[SR CLIENT] Sent data seq=1500
[SR CLIENT] Received ACK seq=1500
Timeout, sequence number = 1486
Timeout, sequence number = 1523
Timeout, sequence number = 1524
Timeout, sequence number = 1529
Timeout, sequence number = 1537
[SR CLIENT] Sent data seq=1600
[SR CLIENT] Received ACK seq=1600
Timeout, sequence number = 1595
Timeout, sequence number = 1601
[SR CLIENT] Sent data seq=1700
[SR CLIENT] Received ACK seq=1700
Timeout, sequence number = 1682
Timeout, sequence number = 1690
Timeout, sequence number = 1696
Timeout, sequence number = 1715
Timeout, sequence number = 1748
[SR CLIENT] Sent data seq=1800
[SR CLIENT] Received ACK seq=1800
Timeout, sequence number = 1783
Timeout, sequence number = 1809
Timeout, sequence number = 1814
[SR CLIENT] Sent data seq=1900
[SR CLIENT] Received ACK seq=1900
Timeout, sequence number = 1882
Timeout, sequence number = 1884
Timeout, sequence number = 1901
Timeout, sequence number = 1962
Timeout, sequence number = 1966
Timeout, sequence number = 1977
Timeout, sequence number = 1989
[SR CLIENT] Sent data seq=2000
[SR CLIENT] Received ACK seq=2000
Timeout, sequence number = 1989
Timeout, sequence number = 2035
[SR CLIENT] Sent data seq=2100
[SR CLIENT] Received ACK seq=2100
Timeout, sequence number = 2075
Timeout, sequence number = 2090
Timeout, sequence number = 2097
Timeout, sequence number = 2098
Timeout, sequence number = 2106
Timeout, sequence number = 2097
Timeout, sequence number = 2106
Timeout, sequence number = 2138
[SR CLIENT] Sent data seq=2200
[SR CLIENT] Received ACK seq=2200
Timeout, sequence number = 2172
Timeout, sequence number = 2188
Timeout, sequence number = 2198
Timeout, sequence number = 2172
Timeout, sequence number = 2209
Timeout, sequence number = 2224
Timeout, sequence number = 2226
Timeout, sequence number = 2232
Timeout, sequence number = 2244
[SR CLIENT] Sent data seq=2300
[SR CLIENT] Received ACK seq=2300
Timeout, sequence number = 2287
Timeout, sequence number = 2340
Timeout, sequence number = 2350
Timeout, sequence number = 2340
[SR CLIENT] Sent data seq=2400
Timeout, sequence number = 2379
Timeout, sequence number = 2400
[SR CLIENT] Received ACK seq=2400
[SR CLIENT] Summary: sent_packets=2401, ack_packets=2401, retransmitted_packets=192, timeout_events=192
Transfer complete. Delay = 31.906183 seconds

=== STDERR ===
