=== STDOUT ===
[SR CLIENT] Starting transfer: server=10.153.27.102:7735, file=demo_input.bin, N=64, MSS=400, total_segments=3001
[SR CLIENT] Sent data seq=0
[SR CLIENT] Sent data seq=1
[SR CLIENT] Sent data seq=2
[SR CLIENT] Sent data seq=3
[SR CLIENT] Sent data seq=4
[SR CLIENT] Received ACK seq=0
[SR CLIENT] Received ACK seq=1
[SR CLIENT] Received ACK seq=2
[SR CLIENT] Received ACK seq=3
[SR CLIENT] Received ACK seq=4
Timeout, sequence number = 9
Timeout, sequence number = 50
Timeout, sequence number = 51
[SR CLIENT] Sent data seq=100
[SR CLIENT] Received ACK seq=100
Timeout, sequence number = 79
Timeout, sequence number = 109
Timeout, sequence number = 120
Timeout, sequence number = 137
[SR CLIENT] Sent data seq=200
[SR CLIENT] Received ACK seq=200
Timeout, sequence number = 151
Timeout, sequence number = 161
Timeout, sequence number = 199
Timeout, sequence number = 202
Timeout, sequence number = 210
[SR CLIENT] Sent data seq=300
[SR CLIENT] Received ACK seq=300
Timeout, sequence number = 252
Timeout, sequence number = 263
Timeout, sequence number = 277
Timeout, sequence number = 293
[SR CLIENT] Sent data seq=400
[SR CLIENT] Received ACK seq=400
Timeout, sequence number = 362
Timeout, sequence number = 411
Timeout, sequence number = 418
Timeout, sequence number = 426
Timeout, sequence number = 432
Timeout, sequence number = 442
Timeout, sequence number = 444
Timeout, sequence number = 426
[SR CLIENT] Sent data seq=500
Timeout, sequence number = 491
Timeout, sequence number = 500
Timeout, sequence number = 521
Timeout, sequence number = 526
Timeout, sequence number = 529
[SR CLIENT] Received ACK seq=500
[SR CLIENT] Sent data seq=600
[SR CLIENT] Received ACK seq=600
Timeout, sequence number = 604
Timeout, sequence number = 611
Timeout, sequence number = 640
Timeout, sequence number = 645
Timeout, sequence number = 667
[SR CLIENT] Sent data seq=700
[SR CLIENT] Received ACK seq=700
Timeout, sequence number = 676
Timeout, sequence number = 703
Timeout, sequence number = 737
[SR CLIENT] Sent data seq=800
[SR CLIENT] Received ACK seq=800
Timeout, sequence number = 772
Timeout, sequence number = 794
Timeout, sequence number = 772
[SR CLIENT] Sent data seq=900
[SR CLIENT] Received ACK seq=900
Timeout, sequence number = 841
Timeout, sequence number = 854
Timeout, sequence number = 866
Timeout, sequence number = 876
Timeout, sequence number = 902
Timeout, sequence number = 854
Timeout, sequence number = 876
Timeout, sequence number = 854
Timeout, sequence number = 930
Timeout, sequence number = 955
Timeout, sequence number = 966
[SR CLIENT] Sent data seq=1000
[SR CLIENT] Received ACK seq=1000
Timeout, sequence number = 996
Timeout, sequence number = 1015
Timeout, sequence number = 1023
Timeout, sequence number = 1052
[SR CLIENT] Sent data seq=1100
Timeout, sequence number = 1099
Timeout, sequence number = 1100
Timeout, sequence number = 1105
[SR CLIENT] Received ACK seq=1100
Timeout, sequence number = 1116
Timeout, sequence number = 1127
Timeout, sequence number = 1147
[SR CLIENT] Sent data seq=1200
Timeout, sequence number = 1200
Timeout, sequence number = 1255
[SR CLIENT] Received ACK seq=1200
[SR CLIENT] Sent data seq=1300
[SR CLIENT] Received ACK seq=1300
Timeout, sequence number = 1286
Timeout, sequence number = 1302
Timeout, sequence number = 1322
Timeout, sequence number = 1349
Timeout, sequence number = 1302
[SR CLIENT] Sent data seq=1400
[SR CLIENT] Received ACK seq=1400
Timeout, sequence number = 1394
Timeout, sequence number = 1404
Timeout, sequence number = 1429
Timeout, sequence number = 1439
Timeout, sequence number = 1444
[SR CLIENT] Sent data seq=1500
Timeout, sequence number = 1456
[SR CLIENT] Received ACK seq=1500
Timeout, sequence number = 1478
Timeout, sequence number = 1439
Timeout, sequence number = 1504
Timeout, sequence number = 1506
Timeout, sequence number = 1514
Timeout, sequence number = 1537
[SR CLIENT] Sent data seq=1600
[SR CLIENT] Received ACK seq=1600
Timeout, sequence number = 1572
Timeout, sequence number = 1599
[SR CLIENT] Sent data seq=1700
[SR CLIENT] Received ACK seq=1700
Timeout, sequence number = 1665
Timeout, sequence number = 1666
Timeout, sequence number = 1674
Timeout, sequence number = 1677
Timeout, sequence number = 1691
Timeout, sequence number = 1694
Timeout, sequence number = 1701
Timeout, sequence number = 1707
Timeout, sequence number = 1714
Timeout, sequence number = 1721
Timeout, sequence number = 1736
Timeout, sequence number = 1746
[SR CLIENT] Sent data seq=1800
[SR CLIENT] Received ACK seq=1800
Timeout, sequence number = 1817
Timeout, sequence number = 1836
Timeout, sequence number = 1844
Timeout, sequence number = 1845
Timeout, sequence number = 1872
[SR CLIENT] Sent data seq=1900
[SR CLIENT] Received ACK seq=1900
Timeout, sequence number = 1887
Timeout, sequence number = 1893
Timeout, sequence number = 1894
Timeout, sequence number = 1947
[SR CLIENT] Sent data seq=2000
[SR CLIENT] Received ACK seq=2000
Timeout, sequence number = 1963
Timeout, sequence number = 1970
Timeout, sequence number = 2030
Timeout, sequence number = 2060
Timeout, sequence number = 2066
Timeout, sequence number = 2090
[SR CLIENT] Sent data seq=2100
[SR CLIENT] Received ACK seq=2100
Timeout, sequence number = 2096
Timeout, sequence number = 2129
Timeout, sequence number = 2155
[SR CLIENT] Sent data seq=2200
[SR CLIENT] Received ACK seq=2200
Timeout, sequence number = 2166
Timeout, sequence number = 2198
Timeout, sequence number = 2207
Timeout, sequence number = 2224
[SR CLIENT] Sent data seq=2300
[SR CLIENT] Received ACK seq=2300
Timeout, sequence number = 2253
Timeout, sequence number = 2257
Timeout, sequence number = 2271
Timeout, sequence number = 2296
Timeout, sequence number = 2299
[SR CLIENT] Sent data seq=2400
[SR CLIENT] Received ACK seq=2400
Timeout, sequence number = 2343
Timeout, sequence number = 2350
Timeout, sequence number = 2358
Timeout, sequence number = 2385
Timeout, sequence number = 2389
Timeout, sequence number = 2395
Timeout, sequence number = 2407
Timeout, sequence number = 2385
[SR CLIENT] Sent data seq=2500
[SR CLIENT] Received ACK seq=2500
Timeout, sequence number = 2470
Timeout, sequence number = 2492
Timeout, sequence number = 2527
[SR CLIENT] Sent data seq=2600
[SR CLIENT] Received ACK seq=2600
Timeout, sequence number = 2557
Timeout, sequence number = 2562
Timeout, sequence number = 2597
Timeout, sequence number = 2618
Timeout, sequence number = 2597
Timeout, sequence number = 2654
Timeout, sequence number = 2656
[SR CLIENT] Sent data seq=2700
[SR CLIENT] Received ACK seq=2700
Timeout, sequence number = 2689
Timeout, sequence number = 2714
Timeout, sequence number = 2721
Timeout, sequence number = 2751
[SR CLIENT] Sent data seq=2800
[SR CLIENT] Received ACK seq=2800
Timeout, sequence number = 2794
Timeout, sequence number = 2805
Timeout, sequence number = 2845
[SR CLIENT] Sent data seq=2900
Timeout, sequence number = 2853
[SR CLIENT] Received ACK seq=2900
Timeout, sequence number = 2879
Timeout, sequence number = 2902
Timeout, sequence number = 2922
Timeout, sequence number = 2930
[SR CLIENT] Sent data seq=3000
[SR CLIENT] Received ACK seq=3000
Timeout, sequence number = 2946
Timeout, sequence number = 2951
[SR CLIENT] Summary: sent_packets=3001, ack_packets=3001, retransmitted_packets=153, timeout_events=153
Transfer complete. Delay = 23.136622 seconds

=== STDERR ===
