=== STDOUT ===
[SR CLIENT] Starting transfer: server=10.153.27.102:7735, file=demo_input.bin, N=1, MSS=500, total_segments=2401
[SR CLIENT] Sent data seq=0
[SR CLIENT] Received ACK seq=0
[SR CLIENT] Sent data seq=1
Timeout, sequence number = 1
[SR CLIENT] Received ACK seq=1
[SR CLIENT] Sent data seq=2
[SR CLIENT] Received ACK seq=2
[SR CLIENT] Sent data seq=3
[SR CLIENT] Received ACK seq=3
[SR CLIENT] Sent data seq=4
[SR CLIENT] Received ACK seq=4
Timeout, sequence number = 30
Timeout, sequence number = 49
Timeout, sequence number = 69
Timeout, sequence number = 71
[SR CLIENT] Sent data seq=100
[SR CLIENT] Received ACK seq=100
Timeout, sequence number = 104
Timeout, sequence number = 121
Timeout, sequence number = 123
Timeout, sequence number = 125
Timeout, sequence number = 125
Timeout, sequence number = 127
Timeout, sequence number = 130
Timeout, sequence number = 150
Timeout, sequence number = 161
Timeout, sequence number = 165
Timeout, sequence number = 191
[SR CLIENT] Sent data seq=200
[SR CLIENT] Received ACK seq=200
Timeout, sequence number = 222
Timeout, sequence number = 234
Timeout, sequence number = 258
Timeout, sequence number = 263
Timeout, sequence number = 279
Timeout, sequence number = 282
Timeout, sequence number = 285
Timeout, sequence number = 297
Timeout, sequence number = 297
[SR CLIENT] Sent data seq=300
[SR CLIENT] Received ACK seq=300
Timeout, sequence number = 366
Timeout, sequence number = 379
Timeout, sequence number = 386
Timeout, sequence number = 387
Timeout, sequence number = 390
Timeout, sequence number = 398
[SR CLIENT] Sent data seq=400
[SR CLIENT] Received ACK seq=400
Timeout, sequence number = 459
Timeout, sequence number = 462
Timeout, sequence number = 464
Timeout, sequence number = 468
Timeout, sequence number = 469
Timeout, sequence number = 472
[SR CLIENT] Sent data seq=500
[SR CLIENT] Received ACK seq=500
Timeout, sequence number = 551
Timeout, sequence number = 554
Timeout, sequence number = 599
[SR CLIENT] Sent data seq=600
[SR CLIENT] Received ACK seq=600
Timeout, sequence number = 640
Timeout, sequence number = 659
Timeout, sequence number = 678
[SR CLIENT] Sent data seq=700
[SR CLIENT] Received ACK seq=700
Timeout, sequence number = 715
Timeout, sequence number = 746
Timeout, sequence number = 756
Timeout, sequence number = 761
Timeout, sequence number = 781
Timeout, sequence number = 790
[SR CLIENT] Sent data seq=800
[SR CLIENT] Received ACK seq=800
Timeout, sequence number = 811
Timeout, sequence number = 828
Timeout, sequence number = 875
Timeout, sequence number = 891
[SR CLIENT] Sent data seq=900
[SR CLIENT] Received ACK seq=900
Timeout, sequence number = 913
Timeout, sequence number = 921
Timeout, sequence number = 932
Timeout, sequence number = 968
[SR CLIENT] Sent data seq=1000
Timeout, sequence number = 1000
[SR CLIENT] Received ACK seq=1000
Timeout, sequence number = 1008
Timeout, sequence number = 1038
Timeout, sequence number = 1041
Timeout, sequence number = 1044
Timeout, sequence number = 1054
[SR CLIENT] Sent data seq=1100
[SR CLIENT] Received ACK seq=1100
Timeout, sequence number = 1114
Timeout, sequence number = 1143
[SR CLIENT] Sent data seq=1200
[SR CLIENT] Received ACK seq=1200
Timeout, sequence number = 1281
[SR CLIENT] Sent data seq=1300
[SR CLIENT] Received ACK seq=1300
Timeout, sequence number = 1319
Timeout, sequence number = 1351
Timeout, sequence number = 1365
Timeout, sequence number = 1373
Timeout, sequence number = 1378
Timeout, sequence number = 1398
Timeout, sequence number = 1398
[SR CLIENT] Sent data seq=1400
[SR CLIENT] Received ACK seq=1400
Timeout, sequence number = 1403
Timeout, sequence number = 1447
Timeout, sequence number = 1452
Timeout, sequence number = 1454
Timeout, sequence number = 1458
Timeout, sequence number = 1482
[SR CLIENT] Sent data seq=1500
[SR CLIENT] Received ACK seq=1500
Timeout, sequence number = 1508
Timeout, sequence number = 1547
Timeout, sequence number = 1554
Timeout, sequence number = 1591
[SR CLIENT] Sent data seq=1600
[SR CLIENT] Received ACK seq=1600
Timeout, sequence number = 1681
Timeout, sequence number = 1687
[SR CLIENT] Sent data seq=1700
[SR CLIENT] Received ACK seq=1700
Timeout, sequence number = 1715
Timeout, sequence number = 1756
Timeout, sequence number = 1756
Timeout, sequence number = 1797
[SR CLIENT] Sent data seq=1800
[SR CLIENT] Received ACK seq=1800
Timeout, sequence number = 1841
Timeout, sequence number = 1842
Timeout, sequence number = 1850
Timeout, sequence number = 1858
Timeout, sequence number = 1885
Timeout, sequence number = 1889
Timeout, sequence number = 1894
Timeout, sequence number = 1895
[SR CLIENT] Sent data seq=1900
[SR CLIENT] Received ACK seq=1900
Timeout, sequence number = 1917
Timeout, sequence number = 1937
Timeout, sequence number = 1938
Timeout, sequence number = 1955
Timeout, sequence number = 1996
[SR CLIENT] Sent data seq=2000
Timeout, sequence number = 2000
[SR CLIENT] Received ACK seq=2000
Timeout, sequence number = 2003
Timeout, sequence number = 2026
Timeout, sequence number = 2034
Timeout, sequence number = 2052
Timeout, sequence number = 2082
Timeout, sequence number = 2090
Timeout, sequence number = 2098
[SR CLIENT] Sent data seq=2100
[SR CLIENT] Received ACK seq=2100
Timeout, sequence number = 2103
Timeout, sequence number = 2115
Timeout, sequence number = 2152
[SR CLIENT] Sent data seq=2200
[SR CLIENT] Received ACK seq=2200
Timeout, sequence number = 2204
Timeout, sequence number = 2245
Timeout, sequence number = 2265
Timeout, sequence number = 2279
[SR CLIENT] Sent data seq=2300
Timeout, sequence number = 2300
[SR CLIENT] Received ACK seq=2300
Timeout, sequence number = 2307
Timeout, sequence number = 2335
Timeout, sequence number = 2342
Timeout, sequence number = 2354
Timeout, sequence number = 2361
Timeout, sequence number = 2364
Timeout, sequence number = 2368
Timeout, sequence number = 2394
[SR CLIENT] Sent data seq=2400
[SR CLIENT] Received ACK seq=2400
[SR CLIENT] Summary: sent_packets=2401, ack_packets=2401, retransmitted_packets=126, timeout_events=126
Transfer complete. Delay = 121.609479 seconds

=== STDERR ===
