=== STDOUT ===
[SR CLIENT] Starting transfer: server=10.153.27.102:7735, file=demo_input.bin, N=64, MSS=500, total_segments=2401
[SR CLIENT] Sent data seq=0
[SR CLIENT] Sent data seq=1
[SR CLIENT] Sent data seq=2
[SR CLIENT] Sent data seq=3
[SR CLIENT] Sent data seq=4
[SR CLIENT] Received ACK seq=0
[SR CLIENT] Received ACK seq=2
[SR CLIENT] Received ACK seq=3
[SR CLIENT] Received ACK seq=4
Timeout, sequence number = 1
Timeout, sequence number = 18
Timeout, sequence number = 25
Timeout, sequence number = 46
Timeout, sequence number = 59
Timeout, sequence number = 1
Timeout, sequence number = 18
Timeout, sequence number = 25
[SR CLIENT] Received ACK seq=1
[SR CLIENT] Sent data seq=100
[SR CLIENT] Received ACK seq=100
Timeout, sequence number = 67
Timeout, sequence number = 75
Timeout, sequence number = 90
Timeout, sequence number = 95
Timeout, sequence number = 105
Timeout, sequence number = 114
[SR CLIENT] Sent data seq=200
[SR CLIENT] Received ACK seq=200
Timeout, sequence number = 191
Timeout, sequence number = 194
Timeout, sequence number = 209
Timeout, sequence number = 219
Timeout, sequence number = 223
Timeout, sequence number = 237
Timeout, sequence number = 238
[SR CLIENT] Sent data seq=300
[SR CLIENT] Received ACK seq=300
Timeout, sequence number = 263
Timeout, sequence number = 267
Timeout, sequence number = 298
Timeout, sequence number = 307
Timeout, sequence number = 309
Timeout, sequence number = 314
Timeout, sequence number = 327
Timeout, sequence number = 349
Timeout, sequence number = 365
Timeout, sequence number = 367
Timeout, sequence number = 369
Timeout, sequence number = 380
Timeout, sequence number = 389
[SR CLIENT] Sent data seq=400
[SR CLIENT] Received ACK seq=400
Timeout, sequence number = 369
Timeout, sequence number = 409
Timeout, sequence number = 426
Timeout, sequence number = 409
Timeout, sequence number = 443
Timeout, sequence number = 446
Timeout, sequence number = 451
Timeout, sequence number = 467
[SR CLIENT] Sent data seq=500
Timeout, sequence number = 443
Timeout, sequence number = 495
Timeout, sequence number = 500
[SR CLIENT] Received ACK seq=500
[SR CLIENT] Sent data seq=600
[SR CLIENT] Received ACK seq=600
Timeout, sequence number = 573
Timeout, sequence number = 587
Timeout, sequence number = 599
Timeout, sequence number = 603
Timeout, sequence number = 609
Timeout, sequence number = 619
Timeout, sequence number = 630
Timeout, sequence number = 603
Timeout, sequence number = 640
Timeout, sequence number = 657
Timeout, sequence number = 603
[SR CLIENT] Sent data seq=700
Timeout, sequence number = 682
Timeout, sequence number = 700
Timeout, sequence number = 703
Timeout, sequence number = 714
Timeout, sequence number = 716
Timeout, sequence number = 720
Timeout, sequence number = 727
Timeout, sequence number = 741
[SR CLIENT] Received ACK seq=700
Timeout, sequence number = 703
Timeout, sequence number = 751
[SR CLIENT] Sent data seq=800
[SR CLIENT] Received ACK seq=800
Timeout, sequence number = 826
[SR CLIENT] Sent data seq=900
[SR CLIENT] Received ACK seq=900
Timeout, sequence number = 839
Timeout, sequence number = 840
Timeout, sequence number = 883
Timeout, sequence number = 894
Timeout, sequence number = 917
Timeout, sequence number = 928
Timeout, sequence number = 936
Timeout, sequence number = 940
Timeout, sequence number = 941
Timeout, sequence number = 945
[SR CLIENT] Sent data seq=1000
[SR CLIENT] Received ACK seq=1000
Timeout, sequence number = 975
Timeout, sequence number = 977
Timeout, sequence number = 984
Timeout, sequence number = 1001
Timeout, sequence number = 1038
[SR CLIENT] Sent data seq=1100
[SR CLIENT] Received ACK seq=1100
Timeout, sequence number = 1042
Timeout, sequence number = 1046
Timeout, sequence number = 1065
Timeout, sequence number = 1077
Timeout, sequence number = 1088
Timeout, sequence number = 1092
Timeout, sequence number = 1105
Timeout, sequence number = 1105
[SR CLIENT] Sent data seq=1200
Timeout, sequence number = 1163
Timeout, sequence number = 1168
[SR CLIENT] Received ACK seq=1200
Timeout, sequence number = 1201
Timeout, sequence number = 1219
Timeout, sequence number = 1234
Timeout, sequence number = 1260
[SR CLIENT] Sent data seq=1300
[SR CLIENT] Received ACK seq=1300
Timeout, sequence number = 1289
Timeout, sequence number = 1302
Timeout, sequence number = 1309
Timeout, sequence number = 1320
Timeout, sequence number = 1328
Timeout, sequence number = 1330
[SR CLIENT] Sent data seq=1400
[SR CLIENT] Received ACK seq=1400
Timeout, sequence number = 1355
Timeout, sequence number = 1365
Timeout, sequence number = 1376
Timeout, sequence number = 1391
Timeout, sequence number = 1396
Timeout, sequence number = 1398
Timeout, sequence number = 1402
[SR CLIENT] Sent data seq=1500
[SR CLIENT] Received ACK seq=1500
Timeout, sequence number = 1447
Timeout, sequence number = 1455
Timeout, sequence number = 1463
Timeout, sequence number = 1476
Timeout, sequence number = 1482
Timeout, sequence number = 1486
Timeout, sequence number = 1504
[SR CLIENT] Sent data seq=1600
[SR CLIENT] Received ACK seq=1600
Timeout, sequence number = 1539
Timeout, sequence number = 1579
Timeout, sequence number = 1590
Timeout, sequence number = 1599
Timeout, sequence number = 1604
Timeout, sequence number = 1609
Timeout, sequence number = 1623
Timeout, sequence number = 1628
Timeout, sequence number = 1638
Timeout, sequence number = 1579
Timeout, sequence number = 1590
[SR CLIENT] Sent data seq=1700
Timeout, sequence number = 1651
Timeout, sequence number = 1680
Timeout, sequence number = 1700
Timeout, sequence number = 1703
Timeout, sequence number = 1714
[SR CLIENT] Received ACK seq=1700
Timeout, sequence number = 1725
Timeout, sequence number = 1731
Timeout, sequence number = 1735
Timeout, sequence number = 1740
Timeout, sequence number = 1752
Timeout, sequence number = 1763
Timeout, sequence number = 1766
Timeout, sequence number = 1767
[SR CLIENT] Sent data seq=1800
Timeout, sequence number = 1791
Timeout, sequence number = 1800
Timeout, sequence number = 1816
Timeout, sequence number = 1824
[SR CLIENT] Received ACK seq=1800
[SR CLIENT] Sent data seq=1900
Timeout, sequence number = 1869
Timeout, sequence number = 1877
Timeout, sequence number = 1891
Timeout, sequence number = 1896
Timeout, sequence number = 1900
Timeout, sequence number = 1905
Timeout, sequence number = 1912
Timeout, sequence number = 1918
[SR CLIENT] Received ACK seq=1900
[SR CLIENT] Sent data seq=2000
[SR CLIENT] Received ACK seq=2000
Timeout, sequence number = 1938
Timeout, sequence number = 1948
Timeout, sequence number = 1954
Timeout, sequence number = 1969
Timeout, sequence number = 1970
Timeout, sequence number = 1977
Timeout, sequence number = 1991
Timeout, sequence number = 2006
Timeout, sequence number = 1970
[SR CLIENT] Sent data seq=2100
[SR CLIENT] Received ACK seq=2100
Timeout, sequence number = 2051
Timeout, sequence number = 2071
Timeout, sequence number = 2116
Timeout, sequence number = 2125
Timeout, sequence number = 2154
Timeout, sequence number = 2167
[SR CLIENT] Sent data seq=2200
[SR CLIENT] Received ACK seq=2200
Timeout, sequence number = 2213
Timeout, sequence number = 2226
Timeout, sequence number = 2239
Timeout, sequence number = 2242
[SR CLIENT] Sent data seq=2300
[SR CLIENT] Received ACK seq=2300
Timeout, sequence number = 2253
Timeout, sequence number = 2265
Timeout, sequence number = 2270
Timeout, sequence number = 2286
Timeout, sequence number = 2292
Timeout, sequence number = 2295
Timeout, sequence number = 2316
Timeout, sequence number = 2319
Timeout, sequence number = 2326
Timeout, sequence number = 2343
Timeout, sequence number = 2316
[SR CLIENT] Sent data seq=2400
[SR CLIENT] Received ACK seq=2400
Timeout, sequence number = 2394
Timeout, sequence number = 2399
[SR CLIENT] Summary: sent_packets=2401, ack_packets=2401, retransmitted_packets=184, timeout_events=184
Transfer complete. Delay = 20.017484 seconds

=== STDERR ===
