=== STDOUT ===
[SR CLIENT] Starting transfer: server=10.153.27.102:7735, file=demo_input.bin, N=64, MSS=500, total_segments=2401
[SR CLIENT] Sent data seq=0
[SR CLIENT] Sent data seq=1
[SR CLIENT] Sent data seq=2
[SR CLIENT] Sent data seq=3
[SR CLIENT] Sent data seq=4
[SR CLIENT] Received ACK seq=0
[SR CLIENT] Received ACK seq=1
[SR CLIENT] Received ACK seq=2
[SR CLIENT] Received ACK seq=3
[SR CLIENT] Received ACK seq=4
Timeout, sequence number = 8
Timeout, sequence number = 18
Timeout, sequence number = 27
Timeout, sequence number = 55
Timeout, sequence number = 66
[SR CLIENT] Sent data seq=100
[SR CLIENT] Received ACK seq=100
Timeout, sequence number = 72
Timeout, sequence number = 77
Timeout, sequence number = 111
Timeout, sequence number = 77
[SR CLIENT] Sent data seq=200
[SR CLIENT] Received ACK seq=200
Timeout, sequence number = 216
Timeout, sequence number = 217
Timeout, sequence number = 232
Timeout, sequence number = 239
Timeout, sequence number = 261
Timeout, sequence number = 279
[SR CLIENT] Sent data seq=300
[SR CLIENT] Received ACK seq=300
Timeout, sequence number = 295
Timeout, sequence number = 325
Timeout, sequence number = 340
[SR CLIENT] Sent data seq=400
[SR CLIENT] Received ACK seq=400
Timeout, sequence number = 392
[SR CLIENT] Sent data seq=500
Timeout, sequence number = 437
[SR CLIENT] Received ACK seq=500
Timeout, sequence number = 464
Timeout, sequence number = 475
Timeout, sequence number = 478
Timeout, sequence number = 484
[SR CLIENT] Sent data seq=600
[SR CLIENT] Received ACK seq=600
Timeout, sequence number = 559
Timeout, sequence number = 576
Timeout, sequence number = 579
Timeout, sequence number = 587
Timeout, sequence number = 623
Timeout, sequence number = 646
Timeout, sequence number = 669
[SR CLIENT] Sent data seq=700
[SR CLIENT] Received ACK seq=700
Timeout, sequence number = 691
Timeout, sequence number = 698
Timeout, sequence number = 713
Timeout, sequence number = 730
Timeout, sequence number = 740
[SR CLIENT] Sent data seq=800
[SR CLIENT] Received ACK seq=800
Timeout, sequence number = 758
Timeout, sequence number = 768
Timeout, sequence number = 783
Timeout, sequence number = 811
Timeout, sequence number = 823
Timeout, sequence number = 830
Timeout, sequence number = 853
Timeout, sequence number = 876
[SR CLIENT] Sent data seq=900
[SR CLIENT] Received ACK seq=900
Timeout, sequence number = 887
[SR CLIENT] Sent data seq=1000
[SR CLIENT] Received ACK seq=1000
Timeout, sequence number = 958
Timeout, sequence number = 965
Timeout, sequence number = 981
Timeout, sequence number = 1009
Timeout, sequence number = 1017
[SR CLIENT] Sent data seq=1100
[SR CLIENT] Received ACK seq=1100
Timeout, sequence number = 1064
Timeout, sequence number = 1098
Timeout, sequence number = 1104
[SR CLIENT] Sent data seq=1200
[SR CLIENT] Received ACK seq=1200
Timeout, sequence number = 1160
Timeout, sequence number = 1170
Timeout, sequence number = 1206
[SR CLIENT] Sent data seq=1300
[SR CLIENT] Received ACK seq=1300
Timeout, sequence number = 1257
Timeout, sequence number = 1295
Timeout, sequence number = 1306
Timeout, sequence number = 1323
Timeout, sequence number = 1332
Timeout, sequence number = 1349
Timeout, sequence number = 1375
[SR CLIENT] Sent data seq=1400
[SR CLIENT] Received ACK seq=1400
Timeout, sequence number = 1398
[SR CLIENT] Sent data seq=1500
[SR CLIENT] Received ACK seq=1500
Timeout, sequence number = 1463
Timeout, sequence number = 1497
[SR CLIENT] Sent data seq=1600
[SR CLIENT] Received ACK seq=1600
Timeout, sequence number = 1582
Timeout, sequence number = 1597
Timeout, sequence number = 1640
[SR CLIENT] Sent data seq=1700
[SR CLIENT] Received ACK seq=1700
Timeout, sequence number = 1660
Timeout, sequence number = 1673
Timeout, sequence number = 1706
Timeout, sequence number = 1721
Timeout, sequence number = 1734
Timeout, sequence number = 1751
Timeout, sequence number = 1776
Timeout, sequence number = 1791
[SR CLIENT] Sent data seq=1800
Timeout, sequence number = 1796
[SR CLIENT] Received ACK seq=1800
Timeout, sequence number = 1818
Timeout, sequence number = 1831
Timeout, sequence number = 1833
Timeout, sequence number = 1838
Timeout, sequence number = 1848
Timeout, sequence number = 1865
[SR CLIENT] Sent data seq=1900
[SR CLIENT] Received ACK seq=1900
Timeout, sequence number = 1894
Timeout, sequence number = 1911
Timeout, sequence number = 1915
Timeout, sequence number = 1925
Timeout, sequence number = 1942
[SR CLIENT] Sent data seq=2000
[SR CLIENT] Received ACK seq=2000
Timeout, sequence number = 1970
Timeout, sequence number = 1976
Timeout, sequence number = 1978
Timeout, sequence number = 2010
Timeout, sequence number = 2025
[SR CLIENT] Sent data seq=2100
[SR CLIENT] Received ACK seq=2100
Timeout, sequence number = 2048
Timeout, sequence number = 2058
Timeout, sequence number = 2081
Timeout, sequence number = 2105
Timeout, sequence number = 2128
Timeout, sequence number = 2130
Timeout, sequence number = 2134
Timeout, sequence number = 2158
Timeout, sequence number = 2159
Timeout, sequence number = 2176
[SR CLIENT] Sent data seq=2200
[SR CLIENT] Received ACK seq=2200
Timeout, sequence number = 2158
Timeout, sequence number = 2216
[SR CLIENT] Sent data seq=2300
[SR CLIENT] Received ACK seq=2300
Timeout, sequence number = 2325
Timeout, sequence number = 2335
Timeout, sequence number = 2337
Timeout, sequence number = 2353
Timeout, sequence number = 2358
Timeout, sequence number = 2360
Timeout, sequence number = 2335
Timeout, sequence number = 2397
[SR CLIENT] Sent data seq=2400
[SR CLIENT] Received ACK seq=2400
[SR CLIENT] Summary: sent_packets=2401, ack_packets=2401, retransmitted_packets=114, timeout_events=114
Transfer complete. Delay = 17.093136 seconds

=== STDERR ===
