=== STDOUT ===
[SR CLIENT] Starting transfer: server=10.153.27.102:7735, file=demo_input.bin, N=64, MSS=500, total_segments=2401
[SR CLIENT] Sent data seq=0
[SR CLIENT] Sent data seq=1
[SR CLIENT] Sent data seq=2
[SR CLIENT] Sent data seq=3
[SR CLIENT] Sent data seq=4
[SR CLIENT] Received ACK seq=0
[SR CLIENT] Received ACK seq=1
[SR CLIENT] Received ACK seq=2
[SR CLIENT] Received ACK seq=3
[SR CLIENT] Received ACK seq=4
Timeout, sequence number = 26
Timeout, sequence number = 37
[SR CLIENT] Sent data seq=100
[SR CLIENT] Received ACK seq=100
Timeout, sequence number = 80
Timeout, sequence number = 85
Timeout, sequence number = 126
Timeout, sequence number = 129
Timeout, sequence number = 135
[SR CLIENT] Sent data seq=200
[SR CLIENT] Received ACK seq=200
Timeout, sequence number = 204
Timeout, sequence number = 232
[SR CLIENT] Sent data seq=300
[SR CLIENT] Received ACK seq=300
Timeout, sequence number = 279
Timeout, sequence number = 293
Timeout, sequence number = 303
Timeout, sequence number = 304
Timeout, sequence number = 314
Timeout, sequence number = 320
Timeout, sequence number = 341
[SR CLIENT] Sent data seq=400
Timeout, sequence number = 368
Timeout, sequence number = 371
Timeout, sequence number = 400
Timeout, sequence number = 405
Timeout, sequence number = 427
[SR CLIENT] Received ACK seq=400
[SR CLIENT] Sent data seq=500
[SR CLIENT] Received ACK seq=500
Timeout, sequence number = 486
Timeout, sequence number = 505
Timeout, sequence number = 521
[SR CLIENT] Sent data seq=600
Timeout, sequence number = 538
[SR CLIENT] Received ACK seq=600
Timeout, sequence number = 551
Timeout, sequence number = 584
Timeout, sequence number = 599
Timeout, sequence number = 611
Timeout, sequence number = 621
Timeout, sequence number = 647
[SR CLIENT] Sent data seq=700
Timeout, sequence number = 665
Timeout, sequence number = 670
Timeout, sequence number = 679
Timeout, sequence number = 700
Timeout, sequence number = 702
Timeout, sequence number = 715
Timeout, sequence number = 720
Timeout, sequence number = 722
[SR CLIENT] Received ACK seq=700
[SR CLIENT] Sent data seq=800
Timeout, sequence number = 740
[SR CLIENT] Received ACK seq=800
Timeout, sequence number = 773
Timeout, sequence number = 788
Timeout, sequence number = 827
[SR CLIENT] Sent data seq=900
[SR CLIENT] Received ACK seq=900
Timeout, sequence number = 851
Timeout, sequence number = 858
Timeout, sequence number = 886
Timeout, sequence number = 888
Timeout, sequence number = 889
Timeout, sequence number = 916
Timeout, sequence number = 920
Timeout, sequence number = 943
Timeout, sequence number = 958
Timeout, sequence number = 966
[SR CLIENT] Sent data seq=1000
[SR CLIENT] Received ACK seq=1000
Timeout, sequence number = 981
Timeout, sequence number = 991
Timeout, sequence number = 1019
Timeout, sequence number = 1030
[SR CLIENT] Sent data seq=1100
[SR CLIENT] Received ACK seq=1100
Timeout, sequence number = 1046
Timeout, sequence number = 1095
Timeout, sequence number = 1102
Timeout, sequence number = 1104
Timeout, sequence number = 1123
Timeout, sequence number = 1150
[SR CLIENT] Sent data seq=1200
Timeout, sequence number = 1174
[SR CLIENT] Received ACK seq=1200
Timeout, sequence number = 1188
Timeout, sequence number = 1192
Timeout, sequence number = 1202
Timeout, sequence number = 1216
Timeout, sequence number = 1220
Timeout, sequence number = 1228
Timeout, sequence number = 1229
Timeout, sequence number = 1231
Timeout, sequence number = 1242
Timeout, sequence number = 1250
Timeout, sequence number = 1229
[SR CLIENT] Sent data seq=1300
[SR CLIENT] Received ACK seq=1300
Timeout, sequence number = 1296
Timeout, sequence number = 1303
Timeout, sequence number = 1304
Timeout, sequence number = 1351
[SR CLIENT] Sent data seq=1400
[SR CLIENT] Received ACK seq=1400
Timeout, sequence number = 1385
Timeout, sequence number = 1392
Timeout, sequence number = 1403
Timeout, sequence number = 1422
Timeout, sequence number = 1435
[SR CLIENT] Sent data seq=1500
[SR CLIENT] Received ACK seq=1500
Timeout, sequence number = 1467
Timeout, sequence number = 1475
Timeout, sequence number = 1476
Timeout, sequence number = 1507
Timeout, sequence number = 1518
Timeout, sequence number = 1536
Timeout, sequence number = 1541
Timeout, sequence number = 1561
Timeout, sequence number = 1566
Timeout, sequence number = 1568
Timeout, sequence number = 1577
Timeout, sequence number = 1597
[SR CLIENT] Sent data seq=1600
[SR CLIENT] Received ACK seq=1600
Timeout, sequence number = 1621
Timeout, sequence number = 1627
Timeout, sequence number = 1630
Timeout, sequence number = 1636
Timeout, sequence number = 1652
[SR CLIENT] Sent data seq=1700
[SR CLIENT] Received ACK seq=1700
Timeout, sequence number = 1677
Timeout, sequence number = 1694
Timeout, sequence number = 1703
Timeout, sequence number = 1709
Timeout, sequence number = 1721
Timeout, sequence number = 1703
Timeout, sequence number = 1721
[SR CLIENT] Sent data seq=1800
[SR CLIENT] Received ACK seq=1800
Timeout, sequence number = 1780
Timeout, sequence number = 1805
Timeout, sequence number = 1832
Timeout, sequence number = 1835
Timeout, sequence number = 1842
[SR CLIENT] Sent data seq=1900
[SR CLIENT] Received ACK seq=1900
Timeout, sequence number = 1855
Timeout, sequence number = 1873
Timeout, sequence number = 1876
Timeout, sequence number = 1884
Timeout, sequence number = 1896
Timeout, sequence number = 1910
Timeout, sequence number = 1933
[SR CLIENT] Sent data seq=2000
[SR CLIENT] Received ACK seq=2000
Timeout, sequence number = 1990
Timeout, sequence number = 2022
Timeout, sequence number = 1990
[SR CLIENT] Sent data seq=2100
[SR CLIENT] Received ACK seq=2100
Timeout, sequence number = 2065
Timeout, sequence number = 2071
Timeout, sequence number = 2101
Timeout, sequence number = 2104
Timeout, sequence number = 2109
Timeout, sequence number = 2123
Timeout, sequence number = 2123
Timeout, sequence number = 2142
[SR CLIENT] Sent data seq=2200
[SR CLIENT] Received ACK seq=2200
Timeout, sequence number = 2194
Timeout, sequence number = 2195
Timeout, sequence number = 2204
Timeout, sequence number = 2220
Timeout, sequence number = 2226
Timeout, sequence number = 2239
[SR CLIENT] Sent data seq=2300
[SR CLIENT] Received ACK seq=2300
Timeout, sequence number = 2274
Timeout, sequence number = 2288
Timeout, sequence number = 2321
Timeout, sequence number = 2322
[SR CLIENT] Sent data seq=2400
[SR CLIENT] Received ACK seq=2400
Timeout, sequence number = 2342
Timeout, sequence number = 2377
Timeout, sequence number = 2377
[SR CLIENT] Summary: sent_packets=2401, ack_packets=2401, retransmitted_packets=144, timeout_events=144
Transfer complete. Delay = 18.584722 seconds

=== STDERR ===
