=== STDOUT ===
[SR CLIENT] Starting transfer: server=10.153.27.102:7735, file=demo_input.bin, N=64, MSS=500, total_segments=2401
[SR CLIENT] Sent data seq=0
[SR CLIENT] Sent data seq=1
[SR CLIENT] Sent data seq=2
[SR CLIENT] Sent data seq=3
[SR CLIENT] Sent data seq=4
Timeout, sequence number = 0
Timeout, sequence number = 1
Timeout, sequence number = 2
Timeout, sequence number = 3
Timeout, sequence number = 4
Timeout, sequence number = 5
Timeout, sequence number = 6
Timeout, sequence number = 7
Timeout, sequence number = 8
Timeout, sequence number = 9
Timeout, sequence number = 10
Timeout, sequence number = 11
Timeout, sequence number = 12
Timeout, sequence number = 13
Timeout, sequence number = 14
Timeout, sequence number = 15
Timeout, sequence number = 16
Timeout, sequence number = 17
Timeout, sequence number = 18
Timeout, sequence number = 19
Timeout, sequence number = 20
Timeout, sequence number = 21
Timeout, sequence number = 22
Timeout, sequence number = 23
Timeout, sequence number = 24
Timeout, sequence number = 25
Timeout, sequence number = 26
Timeout, sequence number = 27
Timeout, sequence number = 28
Timeout, sequence number = 29
Timeout, sequence number = 30
Timeout, sequence number = 31
Timeout, sequence number = 32
Timeout, sequence number = 33
Timeout, sequence number = 34
Timeout, sequence number = 35
Timeout, sequence number = 36
Timeout, sequence number = 37
Timeout, sequence number = 38
Timeout, sequence number = 39
Timeout, sequence number = 40
Timeout, sequence number = 41
Timeout, sequence number = 42
Timeout, sequence number = 43
Timeout, sequence number = 44
Timeout, sequence number = 45
Timeout, sequence number = 46
Timeout, sequence number = 47
Timeout, sequence number = 48
Timeout, sequence number = 49
Timeout, sequence number = 50
Timeout, sequence number = 51
Timeout, sequence number = 52
Timeout, sequence number = 53
Timeout, sequence number = 54
Timeout, sequence number = 55
Timeout, sequence number = 56
Timeout, sequence number = 57
Timeout, sequence number = 58
Timeout, sequence number = 59
Timeout, sequence number = 60
Timeout, sequence number = 61
Timeout, sequence number = 62
Timeout, sequence number = 63
Timeout, sequence number = 0
Timeout, sequence number = 1
Timeout, sequence number = 2
Timeout, sequence number = 3
Timeout, sequence number = 4
Timeout, sequence number = 5
Timeout, sequence number = 6
Timeout, sequence number = 7
Timeout, sequence number = 8
Timeout, sequence number = 9
Timeout, sequence number = 10
Timeout, sequence number = 11
Timeout, sequence number = 12
Timeout, sequence number = 13
Timeout, sequence number = 14
Timeout, sequence number = 15
Timeout, sequence number = 16
Timeout, sequence number = 17
Timeout, sequence number = 18
Timeout, sequence number = 19
Timeout, sequence number = 20
Timeout, sequence number = 21
Timeout, sequence number = 22
Timeout, sequence number = 23
Timeout, sequence number = 24
Timeout, sequence number = 25
Timeout, sequence number = 26
Timeout, sequence number = 27
Timeout, sequence number = 28
Timeout, sequence number = 29
Timeout, sequence number = 30
Timeout, sequence number = 31
Timeout, sequence number = 32
Timeout, sequence number = 33
Timeout, sequence number = 34
Timeout, sequence number = 35
Timeout, sequence number = 36
Timeout, sequence number = 37
Timeout, sequence number = 38
Timeout, sequence number = 39
Timeout, sequence number = 40
Timeout, sequence number = 41
Timeout, sequence number = 42
Timeout, sequence number = 43
Timeout, sequence number = 44
Timeout, sequence number = 45
Timeout, sequence number = 46
Timeout, sequence number = 47
Timeout, sequence number = 48
Timeout, sequence number = 49
Timeout, sequence number = 50
Timeout, sequence number = 51
Timeout, sequence number = 52
Timeout, sequence number = 53
Timeout, sequence number = 54
Timeout, sequence number = 55
Timeout, sequence number = 56
Timeout, sequence number = 57
Timeout, sequence number = 58
Timeout, sequence number = 59
Timeout, sequence number = 60
Timeout, sequence number = 61
Timeout, sequence number = 62
Timeout, sequence number = 63
Timeout, sequence number = 0
Timeout, sequence number = 1
Timeout, sequence number = 2
Timeout, sequence number = 3
Timeout, sequence number = 4
Timeout, sequence number = 5
Timeout, sequence number = 6
Timeout, sequence number = 7
Timeout, sequence number = 8
Timeout, sequence number = 9
Timeout, sequence number = 10
Timeout, sequence number = 11
Timeout, sequence number = 12
Timeout, sequence number = 13
Timeout, sequence number = 14
Timeout, sequence number = 15
Timeout, sequence number = 16
Timeout, sequence number = 17
Timeout, sequence number = 18
Timeout, sequence number = 19
Timeout, sequence number = 20
Timeout, sequence number = 21
Timeout, sequence number = 22
Timeout, sequence number = 23
Timeout, sequence number = 24
Timeout, sequence number = 25
Timeout, sequence number = 26
Timeout, sequence number = 27
Timeout, sequence number = 28
Timeout, sequence number = 29
Timeout, sequence number = 30
Timeout, sequence number = 31
Timeout, sequence number = 32
Timeout, sequence number = 33
Timeout, sequence number = 34
Timeout, sequence number = 35
Timeout, sequence number = 36
Timeout, sequence number = 37
Timeout, sequence number = 38
Timeout, sequence number = 39
Timeout, sequence number = 40
Timeout, sequence number = 41
Timeout, sequence number = 42
Timeout, sequence number = 43
Timeout, sequence number = 44
Timeout, sequence number = 45
Timeout, sequence number = 46
Timeout, sequence number = 47
Timeout, sequence number = 48
Timeout, sequence number = 49
Timeout, sequence number = 50
Timeout, sequence number = 51
Timeout, sequence number = 52
Timeout, sequence number = 53
Timeout, sequence number = 54
Timeout, sequence number = 55
Timeout, sequence number = 56
Timeout, sequence number = 57
Timeout, sequence number = 58
Timeout, sequence number = 59
Timeout, sequence number = 60
Timeout, sequence number = 61
Timeout, sequence number = 62
Timeout, sequence number = 63
Timeout, sequence number = 0
Timeout, sequence number = 1
Timeout, sequence number = 2
Timeout, sequence number = 3
Timeout, sequence number = 4
Timeout, sequence number = 5
Timeout, sequence number = 6
Timeout, sequence number = 7
Timeout, sequence number = 8
Timeout, sequence number = 9
Timeout, sequence number = 10
Timeout, sequence number = 11
Timeout, sequence number = 12
Timeout, sequence number = 13
Timeout, sequence number = 14
Timeout, sequence number = 15
Timeout, sequence number = 16
Timeout, sequence number = 17
Timeout, sequence number = 18
Timeout, sequence number = 19
Timeout, sequence number = 20
Timeout, sequence number = 21
Timeout, sequence number = 22
Timeout, sequence number = 23
Timeout, sequence number = 24
Timeout, sequence number = 25
Timeout, sequence number = 26
Timeout, sequence number = 27
Timeout, sequence number = 28
Timeout, sequence number = 29
Timeout, sequence number = 30
Timeout, sequence number = 31
Timeout, sequence number = 32
Timeout, sequence number = 33
Timeout, sequence number = 34
Timeout, sequence number = 35
Timeout, sequence number = 36
Timeout, sequence number = 37
Timeout, sequence number = 38
Timeout, sequence number = 39
Timeout, sequence number = 40
Timeout, sequence number = 41
Timeout, sequence number = 42
Timeout, sequence number = 43
Timeout, sequence number = 44
Timeout, sequence number = 45
[SR CLIENT] Received ACK seq=0
[SR CLIENT] Received ACK seq=1
[SR CLIENT] Received ACK seq=2
[SR CLIENT] Received ACK seq=3
[SR CLIENT] Received ACK seq=4
Timeout, sequence number = 19
[SR CLIENT] Sent data seq=100
Timeout, sequence number = 65
Timeout, sequence number = 71
Timeout, sequence number = 100
Timeout, sequence number = 71
[SR CLIENT] Received ACK seq=100
[SR CLIENT] Sent data seq=200
[SR CLIENT] Received ACK seq=200
Timeout, sequence number = 156
Timeout, sequence number = 164
Timeout, sequence number = 195
Timeout, sequence number = 197
Timeout, sequence number = 210
[SR CLIENT] Sent data seq=300
[SR CLIENT] Received ACK seq=300
Timeout, sequence number = 249
Timeout, sequence number = 285
Timeout, sequence number = 288
Timeout, sequence number = 297
Timeout, sequence number = 322
Timeout, sequence number = 323
Timeout, sequence number = 336
Timeout, sequence number = 367
Timeout, sequence number = 373
Timeout, sequence number = 376
[SR CLIENT] Sent data seq=400
[SR CLIENT] Received ACK seq=400
Timeout, sequence number = 410
Timeout, sequence number = 412
Timeout, sequence number = 426
Timeout, sequence number = 435
Timeout, sequence number = 452
Timeout, sequence number = 453
Timeout, sequence number = 458
[SR CLIENT] Sent data seq=500
[SR CLIENT] Received ACK seq=500
Timeout, sequence number = 479
Timeout, sequence number = 503
[SR CLIENT] Sent data seq=600
Timeout, sequence number = 576
Timeout, sequence number = 580
Timeout, sequence number = 599
Timeout, sequence number = 600
Timeout, sequence number = 619
Timeout, sequence number = 623
Timeout, sequence number = 600
Timeout, sequence number = 657
Timeout, sequence number = 659
Timeout, sequence number = 661
[SR CLIENT] Received ACK seq=600
[SR CLIENT] Sent data seq=700
[SR CLIENT] Received ACK seq=700
Timeout, sequence number = 657
Timeout, sequence number = 670
Timeout, sequence number = 678
Timeout, sequence number = 689
Timeout, sequence number = 692
Timeout, sequence number = 699
Timeout, sequence number = 657
Timeout, sequence number = 722
Timeout, sequence number = 726
Timeout, sequence number = 727
Timeout, sequence number = 740
Timeout, sequence number = 758
Timeout, sequence number = 770
Timeout, sequence number = 781
[SR CLIENT] Sent data seq=800
[SR CLIENT] Received ACK seq=800
Timeout, sequence number = 794
Timeout, sequence number = 826
Timeout, sequence number = 838
Timeout, sequence number = 839
[SR CLIENT] Sent data seq=900
[SR CLIENT] Received ACK seq=900
Timeout, sequence number = 870
Timeout, sequence number = 875
Timeout, sequence number = 879
Timeout, sequence number = 881
Timeout, sequence number = 889
Timeout, sequence number = 904
Timeout, sequence number = 906
Timeout, sequence number = 881
[SR CLIENT] Sent data seq=1000
[SR CLIENT] Received ACK seq=1000
Timeout, sequence number = 948
Timeout, sequence number = 976
Timeout, sequence number = 980
Timeout, sequence number = 985
Timeout, sequence number = 987
Timeout, sequence number = 1006
Timeout, sequence number = 1036
Timeout, sequence number = 1038
Timeout, sequence number = 1043
Timeout, sequence number = 1078
[SR CLIENT] Sent data seq=1100
[SR CLIENT] Received ACK seq=1100
Timeout, sequence number = 1093
[SR CLIENT] Sent data seq=1200
[SR CLIENT] Received ACK seq=1200
Timeout, sequence number = 1139
Timeout, sequence number = 1142
Timeout, sequence number = 1155
Timeout, sequence number = 1157
Timeout, sequence number = 1161
Timeout, sequence number = 1185
Timeout, sequence number = 1199
Timeout, sequence number = 1155
[SR CLIENT] Sent data seq=1300
[SR CLIENT] Received ACK seq=1300
Timeout, sequence number = 1243
Timeout, sequence number = 1244
Timeout, sequence number = 1265
Timeout, sequence number = 1275
Timeout, sequence number = 1280
Timeout, sequence number = 1302
Timeout, sequence number = 1332
Timeout, sequence number = 1336
Timeout, sequence number = 1347
Timeout, sequence number = 1352
Timeout, sequence number = 1361
Timeout, sequence number = 1332
[SR CLIENT] Sent data seq=1400
[SR CLIENT] Received ACK seq=1400
Timeout, sequence number = 1397
Timeout, sequence number = 1413
Timeout, sequence number = 1416
Timeout, sequence number = 1429
[SR CLIENT] Sent data seq=1500
Timeout, sequence number = 1493
Timeout, sequence number = 1499
Timeout, sequence number = 1500
Timeout, sequence number = 1502
Timeout, sequence number = 1508
Timeout, sequence number = 1512
Timeout, sequence number = 1522
Timeout, sequence number = 1526
Timeout, sequence number = 1536
Timeout, sequence number = 1542
Timeout, sequence number = 1554
Timeout, sequence number = 1556
[SR CLIENT] Received ACK seq=1500
Timeout, sequence number = 1502
Timeout, sequence number = 1561
Timeout, sequence number = 1562
Timeout, sequence number = 1564
[SR CLIENT] Sent data seq=1600
[SR CLIENT] Received ACK seq=1600
Timeout, sequence number = 1572
Timeout, sequence number = 1574
Timeout, sequence number = 1578
Timeout, sequence number = 1622
Timeout, sequence number = 1626
Timeout, sequence number = 1631
[SR CLIENT] Sent data seq=1700
[SR CLIENT] Received ACK seq=1700
Timeout, sequence number = 1644
Timeout, sequence number = 1655
Timeout, sequence number = 1660
Timeout, sequence number = 1683
Timeout, sequence number = 1706
Timeout, sequence number = 1660
Timeout, sequence number = 1728
Timeout, sequence number = 1733
Timeout, sequence number = 1748
Timeout, sequence number = 1769
Timeout, sequence number = 1790
[SR CLIENT] Sent data seq=1800
[SR CLIENT] Received ACK seq=1800
Timeout, sequence number = 1793
Timeout, sequence number = 1796
Timeout, sequence number = 1823
Timeout, sequence number = 1846
[SR CLIENT] Sent data seq=1900
[SR CLIENT] Received ACK seq=1900
Timeout, sequence number = 1864
Timeout, sequence number = 1926
Timeout, sequence number = 1929
Timeout, sequence number = 1937
Timeout, sequence number = 1969
Timeout, sequence number = 1972
Timeout, sequence number = 1988
[SR CLIENT] Sent data seq=2000
[SR CLIENT] Received ACK seq=2000
Timeout, sequence number = 2015
Timeout, sequence number = 2018
Timeout, sequence number = 2021
Timeout, sequence number = 2025
Timeout, sequence number = 2039
Timeout, sequence number = 2041
Timeout, sequence number = 2046
[SR CLIENT] Sent data seq=2100
[SR CLIENT] Received ACK seq=2100
Timeout, sequence number = 2094
Timeout, sequence number = 2127
Timeout, sequence number = 2128
Timeout, sequence number = 2134
Timeout, sequence number = 2139
Timeout, sequence number = 2144
Timeout, sequence number = 2148
Timeout, sequence number = 2156
[SR CLIENT] Sent data seq=2200
[SR CLIENT] Received ACK seq=2200
Timeout, sequence number = 2161
Timeout, sequence number = 2176
Timeout, sequence number = 2203
Timeout, sequence number = 2176
Timeout, sequence number = 2230
[SR CLIENT] Sent data seq=2300
[SR CLIENT] Received ACK seq=2300
Timeout, sequence number = 2253
Timeout, sequence number = 2272
Timeout, sequence number = 2301
[SR CLIENT] Sent data seq=2400
[SR CLIENT] Received ACK seq=2400
Timeout, sequence number = 2340
Timeout, sequence number = 2341
Timeout, sequence number = 2368
Timeout, sequence number = 2391
Timeout, sequence number = 2395
Timeout, sequence number = 2396
[SR CLIENT] Summary: sent_packets=2401, ack_packets=2401, retransmitted_packets=411, timeout_events=411
Transfer complete. Delay = 22.706377 seconds

=== STDERR ===
