=== STDOUT ===
[SR CLIENT] Starting transfer: server=10.153.27.102:7735, file=demo_input.bin, N=64, MSS=300, total_segments=4001
[SR CLIENT] Sent data seq=0
[SR CLIENT] Sent data seq=1
[SR CLIENT] Sent data seq=2
[SR CLIENT] Sent data seq=3
[SR CLIENT] Sent data seq=4
Timeout, sequence number = 0
Timeout, sequence number = 1
Timeout, sequence number = 2
Timeout, sequence number = 3
Timeout, sequence number = 4
Timeout, sequence number = 5
Timeout, sequence number = 6
Timeout, sequence number = 7
Timeout, sequence number = 8
Timeout, sequence number = 9
Timeout, sequence number = 10
Timeout, sequence number = 11
Timeout, sequence number = 12
Timeout, sequence number = 13
Timeout, sequence number = 14
Timeout, sequence number = 15
Timeout, sequence number = 16
Timeout, sequence number = 17
Timeout, sequence number = 18
Timeout, sequence number = 19
Timeout, sequence number = 20
Timeout, sequence number = 21
Timeout, sequence number = 22
Timeout, sequence number = 23
Timeout, sequence number = 24
Timeout, sequence number = 25
Timeout, sequence number = 26
Timeout, sequence number = 27
Timeout, sequence number = 28
Timeout, sequence number = 29
Timeout, sequence number = 30
Timeout, sequence number = 31
Timeout, sequence number = 32
Timeout, sequence number = 33
Timeout, sequence number = 34
Timeout, sequence number = 35
Timeout, sequence number = 36
Timeout, sequence number = 37
Timeout, sequence number = 38
Timeout, sequence number = 39
Timeout, sequence number = 40
Timeout, sequence number = 41
Timeout, sequence number = 42
Timeout, sequence number = 43
Timeout, sequence number = 44
Timeout, sequence number = 45
Timeout, sequence number = 46
Timeout, sequence number = 47
Timeout, sequence number = 48
Timeout, sequence number = 49
Timeout, sequence number = 50
Timeout, sequence number = 51
Timeout, sequence number = 52
Timeout, sequence number = 53
Timeout, sequence number = 54
Timeout, sequence number = 55
Timeout, sequence number = 56
Timeout, sequence number = 57
Timeout, sequence number = 58
Timeout, sequence number = 59
Timeout, sequence number = 60
Timeout, sequence number = 61
Timeout, sequence number = 62
Timeout, sequence number = 63
[SR CLIENT] Received ACK seq=0
[SR CLIENT] Received ACK seq=1
[SR CLIENT] Received ACK seq=2
[SR CLIENT] Received ACK seq=3
[SR CLIENT] Received ACK seq=4
Timeout, sequence number = 6
Timeout, sequence number = 20
Timeout, sequence number = 21
Timeout, sequence number = 22
Timeout, sequence number = 23
Timeout, sequence number = 24
Timeout, sequence number = 25
Timeout, sequence number = 26
Timeout, sequence number = 27
Timeout, sequence number = 28
Timeout, sequence number = 29
Timeout, sequence number = 30
Timeout, sequence number = 31
Timeout, sequence number = 32
Timeout, sequence number = 33
Timeout, sequence number = 34
Timeout, sequence number = 35
Timeout, sequence number = 36
Timeout, sequence number = 37
Timeout, sequence number = 38
Timeout, sequence number = 41
Timeout, sequence number = 44
Timeout, sequence number = 53
Timeout, sequence number = 27
Timeout, sequence number = 31
[SR CLIENT] Sent data seq=100
Timeout, sequence number = 75
[SR CLIENT] Received ACK seq=100
Timeout, sequence number = 102
Timeout, sequence number = 114
[SR CLIENT] Sent data seq=200
Timeout, sequence number = 142
Timeout, sequence number = 157
Timeout, sequence number = 162
[SR CLIENT] Received ACK seq=200
Timeout, sequence number = 191
[SR CLIENT] Sent data seq=300
[SR CLIENT] Received ACK seq=300
Timeout, sequence number = 255
Timeout, sequence number = 280
Timeout, sequence number = 321
Timeout, sequence number = 337
Timeout, sequence number = 358
Timeout, sequence number = 378
Timeout, sequence number = 321
Timeout, sequence number = 321
[SR CLIENT] Sent data seq=400
[SR CLIENT] Received ACK seq=400
Timeout, sequence number = 390
Timeout, sequence number = 401
Timeout, sequence number = 412
Timeout, sequence number = 417
[SR CLIENT] Sent data seq=500
[SR CLIENT] Received ACK seq=500
Timeout, sequence number = 464
Timeout, sequence number = 480
Timeout, sequence number = 509
Timeout, sequence number = 529
Timeout, sequence number = 537
Timeout, sequence number = 570
Timeout, sequence number = 584
[SR CLIENT] Sent data seq=600
[SR CLIENT] Received ACK seq=600
Timeout, sequence number = 597
Timeout, sequence number = 598
Timeout, sequence number = 633
Timeout, sequence number = 640
Timeout, sequence number = 648
[SR CLIENT] Sent data seq=700
[SR CLIENT] Received ACK seq=700
Timeout, sequence number = 693
Timeout, sequence number = 698
Timeout, sequence number = 705
Timeout, sequence number = 706
Timeout, sequence number = 713
Timeout, sequence number = 715
Timeout, sequence number = 722
Timeout, sequence number = 723
[SR CLIENT] Sent data seq=800
[SR CLIENT] Received ACK seq=800
Timeout, sequence number = 777
Timeout, sequence number = 778
Timeout, sequence number = 782
Timeout, sequence number = 783
Timeout, sequence number = 816
Timeout, sequence number = 835
Timeout, sequence number = 840
[SR CLIENT] Sent data seq=900
[SR CLIENT] Received ACK seq=900
Timeout, sequence number = 855
Timeout, sequence number = 898
Timeout, sequence number = 910
Timeout, sequence number = 929
Timeout, sequence number = 954
Timeout, sequence number = 976
[SR CLIENT] Sent data seq=1000
[SR CLIENT] Received ACK seq=1000
Timeout, sequence number = 1012
Timeout, sequence number = 1014
Timeout, sequence number = 1037
Timeout, sequence number = 1041
Timeout, sequence number = 1051
[SR CLIENT] Sent data seq=1100
[SR CLIENT] Received ACK seq=1100
Timeout, sequence number = 1082
Timeout, sequence number = 1119
[SR CLIENT] Sent data seq=1200
[SR CLIENT] Received ACK seq=1200
Timeout, sequence number = 1178
Timeout, sequence number = 1236
[SR CLIENT] Sent data seq=1300
[SR CLIENT] Received ACK seq=1300
Timeout, sequence number = 1258
Timeout, sequence number = 1270
Timeout, sequence number = 1274
Timeout, sequence number = 1278
Timeout, sequence number = 1282
Timeout, sequence number = 1295
Timeout, sequence number = 1296
Timeout, sequence number = 1303
[SR CLIENT] Sent data seq=1400
[SR CLIENT] Received ACK seq=1400
Timeout, sequence number = 1337
Timeout, sequence number = 1358
Timeout, sequence number = 1375
Timeout, sequence number = 1375
Timeout, sequence number = 1413
Timeout, sequence number = 1422
[SR CLIENT] Sent data seq=1500
[SR CLIENT] Received ACK seq=1500
Timeout, sequence number = 1462
Timeout, sequence number = 1469
Timeout, sequence number = 1494
Timeout, sequence number = 1501
Timeout, sequence number = 1506
Timeout, sequence number = 1510
Timeout, sequence number = 1521
Timeout, sequence number = 1469
Timeout, sequence number = 1535
Timeout, sequence number = 1556
Timeout, sequence number = 1572
Timeout, sequence number = 1595
[SR CLIENT] Sent data seq=1600
[SR CLIENT] Received ACK seq=1600
Timeout, sequence number = 1617
Timeout, sequence number = 1626
Timeout, sequence number = 1632
Timeout, sequence number = 1647
[SR CLIENT] Sent data seq=1700
[SR CLIENT] Received ACK seq=1700
Timeout, sequence number = 1684
Timeout, sequence number = 1695
Timeout, sequence number = 1737
Timeout, sequence number = 1747
[SR CLIENT] Sent data seq=1800
[SR CLIENT] Received ACK seq=1800
Timeout, sequence number = 1754
Timeout, sequence number = 1782
Timeout, sequence number = 1791
Timeout, sequence number = 1833
[SR CLIENT] Sent data seq=1900
[SR CLIENT] Received ACK seq=1900
[SR CLIENT] Sent data seq=2000
[SR CLIENT] Received ACK seq=2000
Timeout, sequence number = 1981
Timeout, sequence number = 1987
Timeout, sequence number = 2002
[SR CLIENT] Sent data seq=2100
[SR CLIENT] Received ACK seq=2100
Timeout, sequence number = 2103
[SR CLIENT] Sent data seq=2200
[SR CLIENT] Received ACK seq=2200
Timeout, sequence number = 2170
Timeout, sequence number = 2194
Timeout, sequence number = 2225
Timeout, sequence number = 2232
[SR CLIENT] Sent data seq=2300
[SR CLIENT] Received ACK seq=2300
Timeout, sequence number = 2249
Timeout, sequence number = 2258
Timeout, sequence number = 2259
Timeout, sequence number = 2277
Timeout, sequence number = 2297
Timeout, sequence number = 2327
Timeout, sequence number = 2333
Timeout, sequence number = 2383
[SR CLIENT] Sent data seq=2400
[SR CLIENT] Received ACK seq=2400
Timeout, sequence number = 2413
Timeout, sequence number = 2436
Timeout, sequence number = 2441
Timeout, sequence number = 2453
[SR CLIENT] Sent data seq=2500
[SR CLIENT] Received ACK seq=2500
Timeout, sequence number = 2492
Timeout, sequence number = 2502
Timeout, sequence number = 2512
Timeout, sequence number = 2514
Timeout, sequence number = 2539
[SR CLIENT] Sent data seq=2600
[SR CLIENT] Received ACK seq=2600
Timeout, sequence number = 2556
Timeout, sequence number = 2619
Timeout, sequence number = 2622
Timeout, sequence number = 2633
Timeout, sequence number = 2676
Timeout, sequence number = 2677
[SR CLIENT] Sent data seq=2700
[SR CLIENT] Received ACK seq=2700
Timeout, sequence number = 2686
Timeout, sequence number = 2713
Timeout, sequence number = 2716
Timeout, sequence number = 2718
Timeout, sequence number = 2731
Timeout, sequence number = 2731
[SR CLIENT] Sent data seq=2800
Timeout, sequence number = 2775
Timeout, sequence number = 2777
[SR CLIENT] Received ACK seq=2800
Timeout, sequence number = 2805
[SR CLIENT] Sent data seq=2900
Timeout, sequence number = 2847
Timeout, sequence number = 2863
[SR CLIENT] Received ACK seq=2900
Timeout, sequence number = 2916
Timeout, sequence number = 2921
Timeout, sequence number = 2940
Timeout, sequence number = 2943
Timeout, sequence number = 2950
Timeout, sequence number = 2965
[SR CLIENT] Sent data seq=3000
[SR CLIENT] Received ACK seq=3000
Timeout, sequence number = 2980
Timeout, sequence number = 3001
Timeout, sequence number = 3021
Timeout, sequence number = 3001
Timeout, sequence number = 3057
[SR CLIENT] Sent data seq=3100
[SR CLIENT] Received ACK seq=3100
Timeout, sequence number = 3081
Timeout, sequence number = 3132
Timeout, sequence number = 3081
[SR CLIENT] Sent data seq=3200
[SR CLIENT] Received ACK seq=3200
Timeout, sequence number = 3169
Timeout, sequence number = 3199
Timeout, sequence number = 3203
Timeout, sequence number = 3209
Timeout, sequence number = 3219
Timeout, sequence number = 3223
Timeout, sequence number = 3169
Timeout, sequence number = 3199
Timeout, sequence number = 3223
[SR CLIENT] Sent data seq=3300
[SR CLIENT] Received ACK seq=3300
Timeout, sequence number = 3239
Timeout, sequence number = 3241
Timeout, sequence number = 3273
Timeout, sequence number = 3281
Timeout, sequence number = 3308
Timeout, sequence number = 3324
Timeout, sequence number = 3351
Timeout, sequence number = 3364
[SR CLIENT] Sent data seq=3400
[SR CLIENT] Received ACK seq=3400
Timeout, sequence number = 3373
Timeout, sequence number = 3388
Timeout, sequence number = 3413
Timeout, sequence number = 3414
Timeout, sequence number = 3424
Timeout, sequence number = 3388
[SR CLIENT] Sent data seq=3500
[SR CLIENT] Received ACK seq=3500
Timeout, sequence number = 3477
Timeout, sequence number = 3482
Timeout, sequence number = 3495
Timeout, sequence number = 3499
Timeout, sequence number = 3503
Timeout, sequence number = 3520
[SR CLIENT] Sent data seq=3600
[SR CLIENT] Received ACK seq=3600
Timeout, sequence number = 3577
Timeout, sequence number = 3578
Timeout, sequence number = 3633
[SR CLIENT] Sent data seq=3700
[SR CLIENT] Received ACK seq=3700
Timeout, sequence number = 3647
Timeout, sequence number = 3677
Timeout, sequence number = 3685
Timeout, sequence number = 3690
Timeout, sequence number = 3698
Timeout, sequence number = 3677
Timeout, sequence number = 3690
Timeout, sequence number = 3734
Timeout, sequence number = 3690
Timeout, sequence number = 3751
[SR CLIENT] Sent data seq=3800
[SR CLIENT] Received ACK seq=3800
Timeout, sequence number = 3775
Timeout, sequence number = 3786
[SR CLIENT] Sent data seq=3900
[SR CLIENT] Received ACK seq=3900
Timeout, sequence number = 3872
Timeout, sequence number = 3899
Timeout, sequence number = 3919
Timeout, sequence number = 3926
[SR CLIENT] Sent data seq=4000
[SR CLIENT] Received ACK seq=4000
Timeout, sequence number = 3940
Timeout, sequence number = 3948
Timeout, sequence number = 3978
Timeout, sequence number = 3983
Timeout, sequence number = 3978
Timeout, sequence number = 3978
[SR CLIENT] Summary: sent_packets=4001, ack_packets=4001, retransmitted_packets=298, timeout_events=298
Transfer complete. Delay = 33.550247 seconds

=== STDERR ===
