=== STDOUT ===
[SR CLIENT] Starting transfer: server=10.153.27.102:7735, file=demo_input.bin, N=16, MSS=500, total_segments=2401
[SR CLIENT] Sent data seq=0
[SR CLIENT] Sent data seq=1
[SR CLIENT] Sent data seq=2
[SR CLIENT] Sent data seq=3
[SR CLIENT] Sent data seq=4
[SR CLIENT] Received ACK seq=0
[SR CLIENT] Received ACK seq=1
[SR CLIENT] Received ACK seq=2
[SR CLIENT] Received ACK seq=3
[SR CLIENT] Received ACK seq=4
Timeout, sequence number = 6
Timeout, sequence number = 54
Timeout, sequence number = 63
Timeout, sequence number = 68
[SR CLIENT] Sent data seq=100
[SR CLIENT] Received ACK seq=100
Timeout, sequence number = 87
Timeout, sequence number = 88
Timeout, sequence number = 87
Timeout, sequence number = 107
Timeout, sequence number = 111
Timeout, sequence number = 141
Timeout, sequence number = 169
Timeout, sequence number = 170
[SR CLIENT] Sent data seq=200
[SR CLIENT] Received ACK seq=200
Timeout, sequence number = 186
Timeout, sequence number = 192
Timeout, sequence number = 215
Timeout, sequence number = 216
Timeout, sequence number = 259
Timeout, sequence number = 264
[SR CLIENT] Sent data seq=300
[SR CLIENT] Received ACK seq=300
Timeout, sequence number = 304
Timeout, sequence number = 358
Timeout, sequence number = 359
Timeout, sequence number = 380
[SR CLIENT] Sent data seq=400
[SR CLIENT] Received ACK seq=400
Timeout, sequence number = 446
Timeout, sequence number = 461
Timeout, sequence number = 479
[SR CLIENT] Sent data seq=500
[SR CLIENT] Received ACK seq=500
Timeout, sequence number = 506
Timeout, sequence number = 573
Timeout, sequence number = 587
[SR CLIENT] Sent data seq=600
[SR CLIENT] Received ACK seq=600
Timeout, sequence number = 598
Timeout, sequence number = 601
Timeout, sequence number = 616
Timeout, sequence number = 639
Timeout, sequence number = 647
Timeout, sequence number = 651
Timeout, sequence number = 657
Timeout, sequence number = 668
[SR CLIENT] Sent data seq=700
Timeout, sequence number = 687
Timeout, sequence number = 700
Timeout, sequence number = 701
[SR CLIENT] Received ACK seq=700
Timeout, sequence number = 715
Timeout, sequence number = 728
Timeout, sequence number = 740
Timeout, sequence number = 759
Timeout, sequence number = 774
[SR CLIENT] Sent data seq=800
[SR CLIENT] Received ACK seq=800
Timeout, sequence number = 815
Timeout, sequence number = 826
Timeout, sequence number = 826
Timeout, sequence number = 850
Timeout, sequence number = 852
Timeout, sequence number = 855
[SR CLIENT] Sent data seq=900
[SR CLIENT] Received ACK seq=900
Timeout, sequence number = 898
Timeout, sequence number = 905
Timeout, sequence number = 931
Timeout, sequence number = 960
[SR CLIENT] Sent data seq=1000
[SR CLIENT] Received ACK seq=1000
Timeout, sequence number = 1014
Timeout, sequence number = 1014
Timeout, sequence number = 1038
Timeout, sequence number = 1047
Timeout, sequence number = 1058
Timeout, sequence number = 1070
[SR CLIENT] Sent data seq=1100
[SR CLIENT] Received ACK seq=1100
Timeout, sequence number = 1102
Timeout, sequence number = 1106
Timeout, sequence number = 1119
Timeout, sequence number = 1121
Timeout, sequence number = 1156
Timeout, sequence number = 1180
Timeout, sequence number = 1184
Timeout, sequence number = 1192
[SR CLIENT] Sent data seq=1200
Timeout, sequence number = 1200
[SR CLIENT] Received ACK seq=1200
Timeout, sequence number = 1221
Timeout, sequence number = 1239
Timeout, sequence number = 1245
Timeout, sequence number = 1239
Timeout, sequence number = 1239
Timeout, sequence number = 1271
Timeout, sequence number = 1272
Timeout, sequence number = 1273
Timeout, sequence number = 1274
Timeout, sequence number = 1275
Timeout, sequence number = 1276
Timeout, sequence number = 1277
Timeout, sequence number = 1278
Timeout, sequence number = 1279
Timeout, sequence number = 1280
Timeout, sequence number = 1281
Timeout, sequence number = 1282
Timeout, sequence number = 1283
Timeout, sequence number = 1284
Timeout, sequence number = 1285
Timeout, sequence number = 1286
[SR CLIENT] Sent data seq=1300
[SR CLIENT] Received ACK seq=1300
Timeout, sequence number = 1314
Timeout, sequence number = 1341
Timeout, sequence number = 1343
Timeout, sequence number = 1345
Timeout, sequence number = 1357
Timeout, sequence number = 1370
Timeout, sequence number = 1371
[SR CLIENT] Sent data seq=1400
[SR CLIENT] Received ACK seq=1400
Timeout, sequence number = 1391
Timeout, sequence number = 1393
Timeout, sequence number = 1402
Timeout, sequence number = 1402
Timeout, sequence number = 1438
Timeout, sequence number = 1452
Timeout, sequence number = 1468
Timeout, sequence number = 1475
[SR CLIENT] Sent data seq=1500
[SR CLIENT] Received ACK seq=1500
Timeout, sequence number = 1490
Timeout, sequence number = 1490
Timeout, sequence number = 1582
Timeout, sequence number = 1583
Timeout, sequence number = 1584
[SR CLIENT] Sent data seq=1600
[SR CLIENT] Received ACK seq=1600
Timeout, sequence number = 1603
Timeout, sequence number = 1645
Timeout, sequence number = 1653
Timeout, sequence number = 1654
Timeout, sequence number = 1655
Timeout, sequence number = 1656
Timeout, sequence number = 1657
Timeout, sequence number = 1658
Timeout, sequence number = 1659
Timeout, sequence number = 1660
Timeout, sequence number = 1653
[SR CLIENT] Sent data seq=1700
[SR CLIENT] Received ACK seq=1700
Timeout, sequence number = 1685
Timeout, sequence number = 1692
Timeout, sequence number = 1706
Timeout, sequence number = 1711
Timeout, sequence number = 1716
Timeout, sequence number = 1723
Timeout, sequence number = 1728
Timeout, sequence number = 1723
Timeout, sequence number = 1728
Timeout, sequence number = 1755
Timeout, sequence number = 1756
Timeout, sequence number = 1757
Timeout, sequence number = 1758
Timeout, sequence number = 1759
Timeout, sequence number = 1760
Timeout, sequence number = 1761
Timeout, sequence number = 1762
Timeout, sequence number = 1763
Timeout, sequence number = 1764
Timeout, sequence number = 1765
Timeout, sequence number = 1766
Timeout, sequence number = 1767
Timeout, sequence number = 1768
Timeout, sequence number = 1769
Timeout, sequence number = 1770
Timeout, sequence number = 1769
Timeout, sequence number = 1779
Timeout, sequence number = 1782
[SR CLIENT] Sent data seq=1800
[SR CLIENT] Received ACK seq=1800
Timeout, sequence number = 1788
Timeout, sequence number = 1789
Timeout, sequence number = 1791
Timeout, sequence number = 1840
[SR CLIENT] Sent data seq=1900
[SR CLIENT] Received ACK seq=1900
Timeout, sequence number = 1914
Timeout, sequence number = 1926
Timeout, sequence number = 1945
Timeout, sequence number = 1954
Timeout, sequence number = 1971
Timeout, sequence number = 1971
[SR CLIENT] Sent data seq=2000
[SR CLIENT] Received ACK seq=2000
Timeout, sequence number = 2064
Timeout, sequence number = 2070
Timeout, sequence number = 2075
[SR CLIENT] Sent data seq=2100
[SR CLIENT] Received ACK seq=2100
Timeout, sequence number = 2090
Timeout, sequence number = 2095
Timeout, sequence number = 2097
Timeout, sequence number = 2107
Timeout, sequence number = 2124
Timeout, sequence number = 2127
Timeout, sequence number = 2135
Timeout, sequence number = 2135
Timeout, sequence number = 2178
Timeout, sequence number = 2181
Timeout, sequence number = 2192
[SR CLIENT] Sent data seq=2200
[SR CLIENT] Received ACK seq=2200
Timeout, sequence number = 2250
[SR CLIENT] Sent data seq=2300
[SR CLIENT] Received ACK seq=2300
Timeout, sequence number = 2285
Timeout, sequence number = 2332
Timeout, sequence number = 2355
Timeout, sequence number = 2361
Timeout, sequence number = 2368
Timeout, sequence number = 2355
Timeout, sequence number = 2377
Timeout, sequence number = 2392
Timeout, sequence number = 2377
Timeout, sequence number = 2377
Timeout, sequence number = 2377
[SR CLIENT] Sent data seq=2400
[SR CLIENT] Received ACK seq=2400
[SR CLIENT] Summary: sent_packets=2401, ack_packets=2401, retransmitted_packets=185, timeout_events=185
Transfer complete. Delay = 49.609375 seconds

=== STDERR ===
