=== STDOUT ===
[SR CLIENT] Starting transfer: server=10.153.27.102:7735, file=demo_input.bin, N=64, MSS=1000, total_segments=1201
[SR CLIENT] Sent data seq=0
[SR CLIENT] Sent data seq=1
[SR CLIENT] Sent data seq=2
[SR CLIENT] Sent data seq=3
[SR CLIENT] Sent data seq=4
Timeout, sequence number = 0
Timeout, sequence number = 1
Timeout, sequence number = 2
Timeout, sequence number = 3
Timeout, sequence number = 4
Timeout, sequence number = 5
Timeout, sequence number = 6
Timeout, sequence number = 7
Timeout, sequence number = 8
Timeout, sequence number = 9
Timeout, sequence number = 10
Timeout, sequence number = 11
Timeout, sequence number = 12
Timeout, sequence number = 13
Timeout, sequence number = 14
Timeout, sequence number = 15
Timeout, sequence number = 16
Timeout, sequence number = 17
Timeout, sequence number = 18
Timeout, sequence number = 19
Timeout, sequence number = 20
Timeout, sequence number = 21
Timeout, sequence number = 22
Timeout, sequence number = 23
Timeout, sequence number = 24
Timeout, sequence number = 25
Timeout, sequence number = 26
Timeout, sequence number = 27
Timeout, sequence number = 28
Timeout, sequence number = 29
Timeout, sequence number = 30
Timeout, sequence number = 31
Timeout, sequence number = 32
Timeout, sequence number = 33
Timeout, sequence number = 34
Timeout, sequence number = 35
Timeout, sequence number = 36
Timeout, sequence number = 37
Timeout, sequence number = 38
Timeout, sequence number = 39
Timeout, sequence number = 40
Timeout, sequence number = 41
Timeout, sequence number = 42
Timeout, sequence number = 43
Timeout, sequence number = 44
Timeout, sequence number = 45
Timeout, sequence number = 46
Timeout, sequence number = 47
Timeout, sequence number = 48
Timeout, sequence number = 49
Timeout, sequence number = 50
Timeout, sequence number = 51
Timeout, sequence number = 52
Timeout, sequence number = 53
Timeout, sequence number = 54
Timeout, sequence number = 55
Timeout, sequence number = 56
Timeout, sequence number = 57
Timeout, sequence number = 58
Timeout, sequence number = 59
Timeout, sequence number = 60
Timeout, sequence number = 61
Timeout, sequence number = 62
Timeout, sequence number = 63
Timeout, sequence number = 0
Timeout, sequence number = 1
Timeout, sequence number = 2
Timeout, sequence number = 3
Timeout, sequence number = 4
Timeout, sequence number = 5
Timeout, sequence number = 6
Timeout, sequence number = 7
Timeout, sequence number = 8
Timeout, sequence number = 9
Timeout, sequence number = 10
Timeout, sequence number = 11
Timeout, sequence number = 12
Timeout, sequence number = 13
Timeout, sequence number = 14
Timeout, sequence number = 15
Timeout, sequence number = 16
Timeout, sequence number = 17
Timeout, sequence number = 18
Timeout, sequence number = 19
Timeout, sequence number = 20
Timeout, sequence number = 21
Timeout, sequence number = 22
Timeout, sequence number = 23
Timeout, sequence number = 24
Timeout, sequence number = 25
Timeout, sequence number = 26
Timeout, sequence number = 27
Timeout, sequence number = 28
Timeout, sequence number = 29
Timeout, sequence number = 30
Timeout, sequence number = 31
Timeout, sequence number = 32
Timeout, sequence number = 33
Timeout, sequence number = 34
Timeout, sequence number = 35
Timeout, sequence number = 36
Timeout, sequence number = 37
Timeout, sequence number = 38
Timeout, sequence number = 39
Timeout, sequence number = 40
Timeout, sequence number = 41
Timeout, sequence number = 42
Timeout, sequence number = 43
Timeout, sequence number = 44
Timeout, sequence number = 45
Timeout, sequence number = 46
Timeout, sequence number = 47
Timeout, sequence number = 48
Timeout, sequence number = 49
Timeout, sequence number = 50
Timeout, sequence number = 51
Timeout, sequence number = 52
Timeout, sequence number = 53
Timeout, sequence number = 54
Timeout, sequence number = 55
Timeout, sequence number = 56
Timeout, sequence number = 57
Timeout, sequence number = 58
Timeout, sequence number = 59
Timeout, sequence number = 60
Timeout, sequence number = 61
Timeout, sequence number = 62
Timeout, sequence number = 63
Timeout, sequence number = 0
Timeout, sequence number = 1
Timeout, sequence number = 2
Timeout, sequence number = 3
Timeout, sequence number = 4
Timeout, sequence number = 5
Timeout, sequence number = 6
Timeout, sequence number = 7
Timeout, sequence number = 8
Timeout, sequence number = 9
Timeout, sequence number = 10
Timeout, sequence number = 11
Timeout, sequence number = 12
Timeout, sequence number = 13
Timeout, sequence number = 14
Timeout, sequence number = 15
Timeout, sequence number = 16
Timeout, sequence number = 17
Timeout, sequence number = 18
Timeout, sequence number = 19
Timeout, sequence number = 20
Timeout, sequence number = 21
Timeout, sequence number = 22
Timeout, sequence number = 23
Timeout, sequence number = 24
Timeout, sequence number = 25
Timeout, sequence number = 26
Timeout, sequence number = 27
Timeout, sequence number = 28
Timeout, sequence number = 29
Timeout, sequence number = 30
Timeout, sequence number = 31
Timeout, sequence number = 32
Timeout, sequence number = 33
Timeout, sequence number = 34
Timeout, sequence number = 35
Timeout, sequence number = 36
Timeout, sequence number = 37
Timeout, sequence number = 38
Timeout, sequence number = 39
Timeout, sequence number = 40
Timeout, sequence number = 41
Timeout, sequence number = 42
Timeout, sequence number = 43
Timeout, sequence number = 44
Timeout, sequence number = 45
Timeout, sequence number = 46
Timeout, sequence number = 47
Timeout, sequence number = 48
Timeout, sequence number = 49
Timeout, sequence number = 50
Timeout, sequence number = 51
Timeout, sequence number = 52
Timeout, sequence number = 53
Timeout, sequence number = 54
Timeout, sequence number = 55
Timeout, sequence number = 56
Timeout, sequence number = 57
Timeout, sequence number = 58
Timeout, sequence number = 59
Timeout, sequence number = 60
Timeout, sequence number = 61
Timeout, sequence number = 62
Timeout, sequence number = 63
Timeout, sequence number = 0
Timeout, sequence number = 1
Timeout, sequence number = 2
Timeout, sequence number = 3
Timeout, sequence number = 4
Timeout, sequence number = 5
Timeout, sequence number = 6
Timeout, sequence number = 7
Timeout, sequence number = 8
Timeout, sequence number = 9
Timeout, sequence number = 10
Timeout, sequence number = 11
Timeout, sequence number = 12
Timeout, sequence number = 13
Timeout, sequence number = 14
Timeout, sequence number = 15
Timeout, sequence number = 16
Timeout, sequence number = 17
Timeout, sequence number = 18
Timeout, sequence number = 19
Timeout, sequence number = 20
Timeout, sequence number = 21
Timeout, sequence number = 22
Timeout, sequence number = 23
Timeout, sequence number = 24
Timeout, sequence number = 25
Timeout, sequence number = 26
Timeout, sequence number = 27
Timeout, sequence number = 28
Timeout, sequence number = 29
Timeout, sequence number = 30
Timeout, sequence number = 31
Timeout, sequence number = 32
Timeout, sequence number = 33
Timeout, sequence number = 34
Timeout, sequence number = 35
Timeout, sequence number = 36
Timeout, sequence number = 37
Timeout, sequence number = 38
Timeout, sequence number = 39
Timeout, sequence number = 40
Timeout, sequence number = 41
Timeout, sequence number = 42
Timeout, sequence number = 43
Timeout, sequence number = 44
Timeout, sequence number = 45
Timeout, sequence number = 46
Timeout, sequence number = 47
Timeout, sequence number = 48
Timeout, sequence number = 49
Timeout, sequence number = 50
Timeout, sequence number = 51
Timeout, sequence number = 52
Timeout, sequence number = 53
Timeout, sequence number = 54
Timeout, sequence number = 55
Timeout, sequence number = 56
Timeout, sequence number = 57
Timeout, sequence number = 58
Timeout, sequence number = 59
Timeout, sequence number = 60
Timeout, sequence number = 61
Timeout, sequence number = 62
Timeout, sequence number = 63
Timeout, sequence number = 0
Timeout, sequence number = 1
Timeout, sequence number = 2
Timeout, sequence number = 3
Timeout, sequence number = 4
Timeout, sequence number = 5
Timeout, sequence number = 6
Timeout, sequence number = 7
Timeout, sequence number = 8
Timeout, sequence number = 9
Timeout, sequence number = 10
Timeout, sequence number = 11
Timeout, sequence number = 12
Timeout, sequence number = 13
Timeout, sequence number = 14
Timeout, sequence number = 15
Timeout, sequence number = 16
Timeout, sequence number = 17
Timeout, sequence number = 18
Timeout, sequence number = 19
Timeout, sequence number = 20
Timeout, sequence number = 21
Timeout, sequence number = 22
Timeout, sequence number = 23
Timeout, sequence number = 24
Timeout, sequence number = 25
Timeout, sequence number = 26
Timeout, sequence number = 27
Timeout, sequence number = 28
Timeout, sequence number = 29
Timeout, sequence number = 30
Timeout, sequence number = 31
Timeout, sequence number = 32
Timeout, sequence number = 33
Timeout, sequence number = 34
Timeout, sequence number = 35
Timeout, sequence number = 36
Timeout, sequence number = 37
Timeout, sequence number = 38
Timeout, sequence number = 39
Timeout, sequence number = 40
Timeout, sequence number = 41
Timeout, sequence number = 42
Timeout, sequence number = 43
Timeout, sequence number = 44
Timeout, sequence number = 45
Timeout, sequence number = 46
Timeout, sequence number = 47
Timeout, sequence number = 48
Timeout, sequence number = 49
Timeout, sequence number = 50
Timeout, sequence number = 51
Timeout, sequence number = 52
Timeout, sequence number = 53
Timeout, sequence number = 54
Timeout, sequence number = 55
Timeout, sequence number = 56
Timeout, sequence number = 57
Timeout, sequence number = 58
Timeout, sequence number = 59
Timeout, sequence number = 60
Timeout, sequence number = 61
Timeout, sequence number = 62
Timeout, sequence number = 63
Timeout, sequence number = 0
Timeout, sequence number = 1
Timeout, sequence number = 2
Timeout, sequence number = 3
Timeout, sequence number = 4
Timeout, sequence number = 5
Timeout, sequence number = 6
Timeout, sequence number = 7
Timeout, sequence number = 8
Timeout, sequence number = 9
Timeout, sequence number = 10
Timeout, sequence number = 11
Timeout, sequence number = 12
Timeout, sequence number = 13
Timeout, sequence number = 14
Timeout, sequence number = 15
Timeout, sequence number = 16
Timeout, sequence number = 17
Timeout, sequence number = 18
Timeout, sequence number = 19
Timeout, sequence number = 20
Timeout, sequence number = 21
Timeout, sequence number = 22
Timeout, sequence number = 23
Timeout, sequence number = 24
Timeout, sequence number = 25
Timeout, sequence number = 26
Timeout, sequence number = 27
Timeout, sequence number = 28
Timeout, sequence number = 29
Timeout, sequence number = 30
Timeout, sequence number = 31
Timeout, sequence number = 32
Timeout, sequence number = 33
Timeout, sequence number = 34
Timeout, sequence number = 35
Timeout, sequence number = 36
Timeout, sequence number = 37
Timeout, sequence number = 38
Timeout, sequence number = 39
Timeout, sequence number = 40
Timeout, sequence number = 41
Timeout, sequence number = 42
Timeout, sequence number = 43
Timeout, sequence number = 44
Timeout, sequence number = 45
Timeout, sequence number = 46
Timeout, sequence number = 47
Timeout, sequence number = 48
Timeout, sequence number = 49
Timeout, sequence number = 50
Timeout, sequence number = 51
Timeout, sequence number = 52
Timeout, sequence number = 53
Timeout, sequence number = 54
Timeout, sequence number = 55
Timeout, sequence number = 56
Timeout, sequence number = 57
Timeout, sequence number = 58
Timeout, sequence number = 59
Timeout, sequence number = 60
Timeout, sequence number = 61
Timeout, sequence number = 62
Timeout, sequence number = 63
Timeout, sequence number = 0
Timeout, sequence number = 1
Timeout, sequence number = 2
Timeout, sequence number = 3
Timeout, sequence number = 4
Timeout, sequence number = 5
Timeout, sequence number = 6
Timeout, sequence number = 7
Timeout, sequence number = 8
Timeout, sequence number = 9
Timeout, sequence number = 10
Timeout, sequence number = 11
Timeout, sequence number = 12
Timeout, sequence number = 13
Timeout, sequence number = 14
Timeout, sequence number = 15
Timeout, sequence number = 16
Timeout, sequence number = 17
Timeout, sequence number = 18
Timeout, sequence number = 19
Timeout, sequence number = 20
Timeout, sequence number = 21
Timeout, sequence number = 22
Timeout, sequence number = 23
Timeout, sequence number = 24
Timeout, sequence number = 25
Timeout, sequence number = 26
Timeout, sequence number = 27
Timeout, sequence number = 28
Timeout, sequence number = 29
Timeout, sequence number = 30
Timeout, sequence number = 31
Timeout, sequence number = 32
Timeout, sequence number = 33
Timeout, sequence number = 34
Timeout, sequence number = 35
Timeout, sequence number = 36
Timeout, sequence number = 37
Timeout, sequence number = 38
Timeout, sequence number = 39
Timeout, sequence number = 40
Timeout, sequence number = 41
Timeout, sequence number = 42
Timeout, sequence number = 43
Timeout, sequence number = 44
Timeout, sequence number = 45
Timeout, sequence number = 46
Timeout, sequence number = 47
Timeout, sequence number = 48
Timeout, sequence number = 49
Timeout, sequence number = 50
Timeout, sequence number = 51
Timeout, sequence number = 52
Timeout, sequence number = 53
Timeout, sequence number = 54
Timeout, sequence number = 55
Timeout, sequence number = 56
Timeout, sequence number = 57
Timeout, sequence number = 58
Timeout, sequence number = 59
Timeout, sequence number = 60
Timeout, sequence number = 61
Timeout, sequence number = 62
Timeout, sequence number = 63
Timeout, sequence number = 0
Timeout, sequence number = 1
Timeout, sequence number = 2
Timeout, sequence number = 3
Timeout, sequence number = 4
Timeout, sequence number = 5
Timeout, sequence number = 6
Timeout, sequence number = 7
Timeout, sequence number = 8
Timeout, sequence number = 9
Timeout, sequence number = 10
Timeout, sequence number = 11
Timeout, sequence number = 12
Timeout, sequence number = 13
Timeout, sequence number = 14
Timeout, sequence number = 15
Timeout, sequence number = 16
Timeout, sequence number = 17
Timeout, sequence number = 18
Timeout, sequence number = 19
Timeout, sequence number = 20
Timeout, sequence number = 21
Timeout, sequence number = 22
Timeout, sequence number = 23
Timeout, sequence number = 24
Timeout, sequence number = 25
Timeout, sequence number = 26
Timeout, sequence number = 27
Timeout, sequence number = 28
Timeout, sequence number = 29
Timeout, sequence number = 30
Timeout, sequence number = 31
Timeout, sequence number = 32
Timeout, sequence number = 33
Timeout, sequence number = 34
Timeout, sequence number = 35
Timeout, sequence number = 36
Timeout, sequence number = 37
Timeout, sequence number = 38
Timeout, sequence number = 39
Timeout, sequence number = 40
Timeout, sequence number = 41
Timeout, sequence number = 42
Timeout, sequence number = 43
Timeout, sequence number = 44
Timeout, sequence number = 45
Timeout, sequence number = 46
Timeout, sequence number = 47
Timeout, sequence number = 48
Timeout, sequence number = 49
Timeout, sequence number = 50
Timeout, sequence number = 51
Timeout, sequence number = 52
Timeout, sequence number = 53
Timeout, sequence number = 54
Timeout, sequence number = 55
Timeout, sequence number = 56
Timeout, sequence number = 57
Timeout, sequence number = 58
Timeout, sequence number = 59
Timeout, sequence number = 60
Timeout, sequence number = 61
Timeout, sequence number = 62
Timeout, sequence number = 63
Timeout, sequence number = 0
Timeout, sequence number = 1
Timeout, sequence number = 2
Timeout, sequence number = 3
Timeout, sequence number = 4
Timeout, sequence number = 5
Timeout, sequence number = 6
Timeout, sequence number = 7
Timeout, sequence number = 8
Timeout, sequence number = 9
Timeout, sequence number = 10
Timeout, sequence number = 11
Timeout, sequence number = 12
Timeout, sequence number = 13
Timeout, sequence number = 14
Timeout, sequence number = 15
Timeout, sequence number = 16
Timeout, sequence number = 17
Timeout, sequence number = 18
Timeout, sequence number = 19
Timeout, sequence number = 20
Timeout, sequence number = 21
Timeout, sequence number = 22
Timeout, sequence number = 23
Timeout, sequence number = 24
Timeout, sequence number = 25
Timeout, sequence number = 26
Timeout, sequence number = 27
Timeout, sequence number = 28
Timeout, sequence number = 29
Timeout, sequence number = 30
Timeout, sequence number = 31
Timeout, sequence number = 32
Timeout, sequence number = 33
Timeout, sequence number = 34
Timeout, sequence number = 35
Timeout, sequence number = 36
Timeout, sequence number = 37
Timeout, sequence number = 38
Timeout, sequence number = 39
Timeout, sequence number = 40
Timeout, sequence number = 41
Timeout, sequence number = 42
Timeout, sequence number = 43
Timeout, sequence number = 44
Timeout, sequence number = 45
Timeout, sequence number = 46
Timeout, sequence number = 47
Timeout, sequence number = 48
Timeout, sequence number = 49
Timeout, sequence number = 50
Timeout, sequence number = 51
Timeout, sequence number = 52
Timeout, sequence number = 53
Timeout, sequence number = 54
Timeout, sequence number = 55
Timeout, sequence number = 56
Timeout, sequence number = 57
Timeout, sequence number = 58
Timeout, sequence number = 59
Timeout, sequence number = 60
Timeout, sequence number = 61
Timeout, sequence number = 62
Timeout, sequence number = 63
Timeout, sequence number = 0
Timeout, sequence number = 1
Timeout, sequence number = 2
Timeout, sequence number = 3
Timeout, sequence number = 4
Timeout, sequence number = 5
Timeout, sequence number = 6
Timeout, sequence number = 7
Timeout, sequence number = 8
Timeout, sequence number = 9
Timeout, sequence number = 10
Timeout, sequence number = 11
Timeout, sequence number = 12
Timeout, sequence number = 13
Timeout, sequence number = 14
Timeout, sequence number = 15
Timeout, sequence number = 16
Timeout, sequence number = 17
Timeout, sequence number = 18
Timeout, sequence number = 19
Timeout, sequence number = 20
Timeout, sequence number = 21
Timeout, sequence number = 22
Timeout, sequence number = 23
Timeout, sequence number = 24
Timeout, sequence number = 25
Timeout, sequence number = 26
Timeout, sequence number = 27
Timeout, sequence number = 28
Timeout, sequence number = 29
Timeout, sequence number = 30
Timeout, sequence number = 31
Timeout, sequence number = 32
Timeout, sequence number = 33
Timeout, sequence number = 34
Timeout, sequence number = 35
Timeout, sequence number = 36
Timeout, sequence number = 37
Timeout, sequence number = 38
Timeout, sequence number = 39
Timeout, sequence number = 40
Timeout, sequence number = 41
Timeout, sequence number = 42
Timeout, sequence number = 43
Timeout, sequence number = 44
Timeout, sequence number = 45
Timeout, sequence number = 46
Timeout, sequence number = 47
Timeout, sequence number = 48
Timeout, sequence number = 49
Timeout, sequence number = 50
Timeout, sequence number = 51
Timeout, sequence number = 52
Timeout, sequence number = 53
Timeout, sequence number = 54
Timeout, sequence number = 55
Timeout, sequence number = 56
Timeout, sequence number = 57
Timeout, sequence number = 58
Timeout, sequence number = 59
Timeout, sequence number = 60
Timeout, sequence number = 61
Timeout, sequence number = 62
Timeout, sequence number = 63
[SR CLIENT] Received ACK seq=0
[SR CLIENT] Received ACK seq=2
[SR CLIENT] Received ACK seq=3
[SR CLIENT] Received ACK seq=4
Timeout, sequence number = 1
[SR CLIENT] Received ACK seq=1
[SR CLIENT] Sent data seq=100
[SR CLIENT] Received ACK seq=100
Timeout, sequence number = 87
Timeout, sequence number = 103
Timeout, sequence number = 118
[SR CLIENT] Sent data seq=200
[SR CLIENT] Received ACK seq=200
Timeout, sequence number = 161
Timeout, sequence number = 174
Timeout, sequence number = 201
Timeout, sequence number = 202
Timeout, sequence number = 205
Timeout, sequence number = 222
Timeout, sequence number = 161
Timeout, sequence number = 232
Timeout, sequence number = 254
Timeout, sequence number = 282
Timeout, sequence number = 286
Timeout, sequence number = 288
[SR CLIENT] Sent data seq=300
[SR CLIENT] Received ACK seq=300
Timeout, sequence number = 282
Timeout, sequence number = 327
[SR CLIENT] Sent data seq=400
[SR CLIENT] Received ACK seq=400
Timeout, sequence number = 357
Timeout, sequence number = 364
Timeout, sequence number = 424
Timeout, sequence number = 431
Timeout, sequence number = 445
Timeout, sequence number = 450
Timeout, sequence number = 463
Timeout, sequence number = 464
Timeout, sequence number = 469
Timeout, sequence number = 473
[SR CLIENT] Sent data seq=500
[SR CLIENT] Received ACK seq=500
Timeout, sequence number = 493
Timeout, sequence number = 510
[SR CLIENT] Sent data seq=600
[SR CLIENT] Received ACK seq=600
Timeout, sequence number = 581
Timeout, sequence number = 613
Timeout, sequence number = 628
Timeout, sequence number = 629
Timeout, sequence number = 635
[SR CLIENT] Sent data seq=700
[SR CLIENT] Received ACK seq=700
Timeout, sequence number = 655
Timeout, sequence number = 678
Timeout, sequence number = 709
[SR CLIENT] Sent data seq=800
[SR CLIENT] Received ACK seq=800
Timeout, sequence number = 763
Timeout, sequence number = 788
Timeout, sequence number = 791
Timeout, sequence number = 822
[SR CLIENT] Sent data seq=900
[SR CLIENT] Received ACK seq=900
Timeout, sequence number = 870
Timeout, sequence number = 888
Timeout, sequence number = 904
[SR CLIENT] Sent data seq=1000
[SR CLIENT] Received ACK seq=1000
Timeout, sequence number = 948
Timeout, sequence number = 952
Timeout, sequence number = 962
Timeout, sequence number = 977
Timeout, sequence number = 981
Timeout, sequence number = 982
Timeout, sequence number = 983
Timeout, sequence number = 1002
Timeout, sequence number = 1005
Timeout, sequence number = 1014
Timeout, sequence number = 1021
Timeout, sequence number = 1072
[SR CLIENT] Sent data seq=1100
[SR CLIENT] Received ACK seq=1100
Timeout, sequence number = 1084
Timeout, sequence number = 1091
Timeout, sequence number = 1092
Timeout, sequence number = 1117
Timeout, sequence number = 1130
Timeout, sequence number = 1145
[SR CLIENT] Sent data seq=1200
[SR CLIENT] Received ACK seq=1200
Timeout, sequence number = 1165
Timeout, sequence number = 1167
Timeout, sequence number = 1172
Timeout, sequence number = 1190
Timeout, sequence number = 1191
[SR CLIENT] Summary: sent_packets=1201, ack_packets=1201, retransmitted_packets=708, timeout_events=708
Transfer complete. Delay = 14.145177 seconds

=== STDERR ===
