=== STDOUT ===
[SR CLIENT] Starting transfer: server=10.153.27.102:7735, file=demo_input.bin, N=64, MSS=500, total_segments=2401
[SR CLIENT] Sent data seq=0
[SR CLIENT] Sent data seq=1
[SR CLIENT] Sent data seq=2
[SR CLIENT] Sent data seq=3
[SR CLIENT] Sent data seq=4
[SR CLIENT] Received ACK seq=0
[SR CLIENT] Received ACK seq=1
[SR CLIENT] Received ACK seq=2
[SR CLIENT] Received ACK seq=3
[SR CLIENT] Received ACK seq=4
[SR CLIENT] Sent data seq=100
[SR CLIENT] Received ACK seq=100
Timeout, sequence number = 52
Timeout, sequence number = 58
Timeout, sequence number = 65
[SR CLIENT] Sent data seq=200
[SR CLIENT] Received ACK seq=200
Timeout, sequence number = 148
Timeout, sequence number = 169
Timeout, sequence number = 172
Timeout, sequence number = 201
Timeout, sequence number = 209
Timeout, sequence number = 172
Timeout, sequence number = 223
[SR CLIENT] Sent data seq=300
[SR CLIENT] Received ACK seq=300
Timeout, sequence number = 240
Timeout, sequence number = 258
Timeout, sequence number = 277
Timeout, sequence number = 285
Timeout, sequence number = 290
Timeout, sequence number = 298
Timeout, sequence number = 298
Timeout, sequence number = 333
Timeout, sequence number = 340
Timeout, sequence number = 343
[SR CLIENT] Sent data seq=400
Timeout, sequence number = 360
[SR CLIENT] Received ACK seq=400
Timeout, sequence number = 376
Timeout, sequence number = 399
Timeout, sequence number = 405
Timeout, sequence number = 416
Timeout, sequence number = 431
Timeout, sequence number = 434
Timeout, sequence number = 446
Timeout, sequence number = 448
Timeout, sequence number = 465
Timeout, sequence number = 488
Timeout, sequence number = 431
[SR CLIENT] Sent data seq=500
[SR CLIENT] Received ACK seq=500
Timeout, sequence number = 488
Timeout, sequence number = 517
Timeout, sequence number = 522
[SR CLIENT] Sent data seq=600
[SR CLIENT] Received ACK seq=600
Timeout, sequence number = 599
Timeout, sequence number = 603
Timeout, sequence number = 613
Timeout, sequence number = 638
Timeout, sequence number = 647
[SR CLIENT] Sent data seq=700
[SR CLIENT] Received ACK seq=700
Timeout, sequence number = 674
Timeout, sequence number = 687
Timeout, sequence number = 696
Timeout, sequence number = 718
Timeout, sequence number = 719
Timeout, sequence number = 723
[SR CLIENT] Sent data seq=800
[SR CLIENT] Received ACK seq=800
Timeout, sequence number = 826
Timeout, sequence number = 830
Timeout, sequence number = 855
[SR CLIENT] Sent data seq=900
[SR CLIENT] Received ACK seq=900
Timeout, sequence number = 899
Timeout, sequence number = 905
[SR CLIENT] Sent data seq=1000
[SR CLIENT] Received ACK seq=1000
Timeout, sequence number = 967
Timeout, sequence number = 994
Timeout, sequence number = 999
Timeout, sequence number = 1009
Timeout, sequence number = 1016
Timeout, sequence number = 1022
Timeout, sequence number = 1032
Timeout, sequence number = 1036
Timeout, sequence number = 1044
Timeout, sequence number = 1055
Timeout, sequence number = 1072
[SR CLIENT] Sent data seq=1100
[SR CLIENT] Received ACK seq=1100
Timeout, sequence number = 1112
Timeout, sequence number = 1146
[SR CLIENT] Sent data seq=1200
[SR CLIENT] Received ACK seq=1200
[SR CLIENT] Sent data seq=1300
[SR CLIENT] Received ACK seq=1300
Timeout, sequence number = 1310
Timeout, sequence number = 1319
Timeout, sequence number = 1370
[SR CLIENT] Sent data seq=1400
[SR CLIENT] Received ACK seq=1400
Timeout, sequence number = 1407
Timeout, sequence number = 1412
[SR CLIENT] Sent data seq=1500
[SR CLIENT] Received ACK seq=1500
Timeout, sequence number = 1490
Timeout, sequence number = 1532
[SR CLIENT] Sent data seq=1600
[SR CLIENT] Received ACK seq=1600
Timeout, sequence number = 1573
Timeout, sequence number = 1576
[SR CLIENT] Sent data seq=1700
[SR CLIENT] Received ACK seq=1700
Timeout, sequence number = 1637
Timeout, sequence number = 1656
Timeout, sequence number = 1672
Timeout, sequence number = 1682
Timeout, sequence number = 1734
Timeout, sequence number = 1750
[SR CLIENT] Sent data seq=1800
[SR CLIENT] Received ACK seq=1800
Timeout, sequence number = 1777
Timeout, sequence number = 1786
Timeout, sequence number = 1824
Timeout, sequence number = 1828
[SR CLIENT] Sent data seq=1900
[SR CLIENT] Received ACK seq=1900
Timeout, sequence number = 1894
[SR CLIENT] Sent data seq=2000
[SR CLIENT] Received ACK seq=2000
Timeout, sequence number = 1968
Timeout, sequence number = 1973
Timeout, sequence number = 1995
Timeout, sequence number = 2023
Timeout, sequence number = 1968
[SR CLIENT] Sent data seq=2100
[SR CLIENT] Received ACK seq=2100
Timeout, sequence number = 2060
Timeout, sequence number = 2063
Timeout, sequence number = 2074
Timeout, sequence number = 2113
Timeout, sequence number = 2129
[SR CLIENT] Sent data seq=2200
[SR CLIENT] Received ACK seq=2200
Timeout, sequence number = 2232
Timeout, sequence number = 2274
Timeout, sequence number = 2275
[SR CLIENT] Sent data seq=2300
[SR CLIENT] Received ACK seq=2300
Timeout, sequence number = 2301
Timeout, sequence number = 2326
[SR CLIENT] Sent data seq=2400
[SR CLIENT] Received ACK seq=2400
[SR CLIENT] Summary: sent_packets=2401, ack_packets=2401, retransmitted_packets=99, timeout_events=99
Transfer complete. Delay = 15.907414 seconds

=== STDERR ===
