=== STDOUT ===
[SR CLIENT] Starting transfer: server=10.153.27.102:7735, file=demo_input.bin, N=64, MSS=500, total_segments=2401
[SR CLIENT] Sent data seq=0
[SR CLIENT] Sent data seq=1
[SR CLIENT] Sent data seq=2
[SR CLIENT] Sent data seq=3
[SR CLIENT] Sent data seq=4
[SR CLIENT] Received ACK seq=0
[SR CLIENT] Received ACK seq=1
[SR CLIENT] Received ACK seq=2
[SR CLIENT] Received ACK seq=3
[SR CLIENT] Received ACK seq=4
Timeout, sequence number = 23
Timeout, sequence number = 36
[SR CLIENT] Sent data seq=100
[SR CLIENT] Received ACK seq=100
Timeout, sequence number = 93
Timeout, sequence number = 118
Timeout, sequence number = 143
[SR CLIENT] Sent data seq=200
Timeout, sequence number = 154
Timeout, sequence number = 183
Timeout, sequence number = 194
Timeout, sequence number = 200
Timeout, sequence number = 203
Timeout, sequence number = 218
Timeout, sequence number = 219
[SR CLIENT] Received ACK seq=200
[SR CLIENT] Sent data seq=300
[SR CLIENT] Received ACK seq=300
Timeout, sequence number = 249
Timeout, sequence number = 265
Timeout, sequence number = 280
Timeout, sequence number = 323
Timeout, sequence number = 335
Timeout, sequence number = 355
Timeout, sequence number = 385
[SR CLIENT] Sent data seq=400
[SR CLIENT] Received ACK seq=400
[SR CLIENT] Sent data seq=500
Timeout, sequence number = 477
Timeout, sequence number = 491
Timeout, sequence number = 500
Timeout, sequence number = 502
[SR CLIENT] Received ACK seq=500
[SR CLIENT] Sent data seq=600
[SR CLIENT] Received ACK seq=600
Timeout, sequence number = 554
Timeout, sequence number = 560
Timeout, sequence number = 582
Timeout, sequence number = 629
[SR CLIENT] Sent data seq=700
[SR CLIENT] Received ACK seq=700
Timeout, sequence number = 706
Timeout, sequence number = 755
[SR CLIENT] Sent data seq=800
[SR CLIENT] Received ACK seq=800
Timeout, sequence number = 817
Timeout, sequence number = 826
Timeout, sequence number = 858
[SR CLIENT] Sent data seq=900
[SR CLIENT] Received ACK seq=900
Timeout, sequence number = 885
Timeout, sequence number = 942
Timeout, sequence number = 945
[SR CLIENT] Sent data seq=1000
[SR CLIENT] Received ACK seq=1000
Timeout, sequence number = 989
Timeout, sequence number = 1015
Timeout, sequence number = 1048
[SR CLIENT] Sent data seq=1100
[SR CLIENT] Received ACK seq=1100
Timeout, sequence number = 1067
Timeout, sequence number = 1070
Timeout, sequence number = 1077
Timeout, sequence number = 1081
Timeout, sequence number = 1092
Timeout, sequence number = 1106
[SR CLIENT] Sent data seq=1200
[SR CLIENT] Received ACK seq=1200
Timeout, sequence number = 1163
Timeout, sequence number = 1177
[SR CLIENT] Sent data seq=1300
[SR CLIENT] Received ACK seq=1300
Timeout, sequence number = 1327
Timeout, sequence number = 1329
Timeout, sequence number = 1341
Timeout, sequence number = 1390
[SR CLIENT] Sent data seq=1400
[SR CLIENT] Received ACK seq=1400
Timeout, sequence number = 1392
Timeout, sequence number = 1395
[SR CLIENT] Sent data seq=1500
[SR CLIENT] Received ACK seq=1500
Timeout, sequence number = 1457
Timeout, sequence number = 1483
Timeout, sequence number = 1533
Timeout, sequence number = 1576
[SR CLIENT] Sent data seq=1600
[SR CLIENT] Received ACK seq=1600
Timeout, sequence number = 1615
Timeout, sequence number = 1630
Timeout, sequence number = 1630
[SR CLIENT] Sent data seq=1700
[SR CLIENT] Received ACK seq=1700
[SR CLIENT] Sent data seq=1800
[SR CLIENT] Received ACK seq=1800
Timeout, sequence number = 1762
Timeout, sequence number = 1776
Timeout, sequence number = 1783
Timeout, sequence number = 1794
Timeout, sequence number = 1803
Timeout, sequence number = 1827
Timeout, sequence number = 1833
Timeout, sequence number = 1841
[SR CLIENT] Sent data seq=1900
Timeout, sequence number = 1858
[SR CLIENT] Received ACK seq=1900
Timeout, sequence number = 1917
[SR CLIENT] Sent data seq=2000
Timeout, sequence number = 1968
[SR CLIENT] Received ACK seq=2000
Timeout, sequence number = 2001
Timeout, sequence number = 2008
Timeout, sequence number = 2036
[SR CLIENT] Sent data seq=2100
[SR CLIENT] Received ACK seq=2100
Timeout, sequence number = 2081
Timeout, sequence number = 2085
Timeout, sequence number = 2099
Timeout, sequence number = 2115
[SR CLIENT] Sent data seq=2200
[SR CLIENT] Received ACK seq=2200
Timeout, sequence number = 2194
Timeout, sequence number = 2210
Timeout, sequence number = 2210
[SR CLIENT] Sent data seq=2300
[SR CLIENT] Received ACK seq=2300
Timeout, sequence number = 2278
Timeout, sequence number = 2312
[SR CLIENT] Sent data seq=2400
[SR CLIENT] Received ACK seq=2400
[SR CLIENT] Summary: sent_packets=2401, ack_packets=2401, retransmitted_packets=82, timeout_events=82
Transfer complete. Delay = 15.701101 seconds

=== STDERR ===
