=== STDOUT ===
[SR CLIENT] Starting transfer: server=10.153.27.102:7735, file=demo_input.bin, N=64, MSS=300, total_segments=4001
[SR CLIENT] Sent data seq=0
[SR CLIENT] Sent data seq=1
[SR CLIENT] Sent data seq=2
[SR CLIENT] Sent data seq=3
[SR CLIENT] Sent data seq=4
[SR CLIENT] Received ACK seq=0
[SR CLIENT] Received ACK seq=1
[SR CLIENT] Received ACK seq=2
[SR CLIENT] Received ACK seq=3
[SR CLIENT] Received ACK seq=4
[SR CLIENT] Sent data seq=100
[SR CLIENT] Received ACK seq=100
Timeout, sequence number = 96
Timeout, sequence number = 145
[SR CLIENT] Sent data seq=200
[SR CLIENT] Received ACK seq=200
Timeout, sequence number = 193
Timeout, sequence number = 197
Timeout, sequence number = 235
[SR CLIENT] Sent data seq=300
[SR CLIENT] Received ACK seq=300
Timeout, sequence number = 259
Timeout, sequence number = 283
Timeout, sequence number = 292
Timeout, sequence number = 314
Timeout, sequence number = 315
[SR CLIENT] Sent data seq=400
[SR CLIENT] Received ACK seq=400
Timeout, sequence number = 357
Timeout, sequence number = 372
Timeout, sequence number = 406
Timeout, sequence number = 412
Timeout, sequence number = 419
Timeout, sequence number = 420
Timeout, sequence number = 429
Timeout, sequence number = 449
Timeout, sequence number = 452
Timeout, sequence number = 420
[SR CLIENT] Sent data seq=500
[SR CLIENT] Received ACK seq=500
Timeout, sequence number = 493
Timeout, sequence number = 525
Timeout, sequence number = 541
[SR CLIENT] Sent data seq=600
[SR CLIENT] Received ACK seq=600
Timeout, sequence number = 613
Timeout, sequence number = 617
Timeout, sequence number = 635
Timeout, sequence number = 645
Timeout, sequence number = 650
Timeout, sequence number = 658
Timeout, sequence number = 663
[SR CLIENT] Sent data seq=700
[SR CLIENT] Received ACK seq=700
Timeout, sequence number = 689
Timeout, sequence number = 725
Timeout, sequence number = 726
Timeout, sequence number = 727
Timeout, sequence number = 741
Timeout, sequence number = 750
[SR CLIENT] Sent data seq=800
[SR CLIENT] Received ACK seq=800
Timeout, sequence number = 756
Timeout, sequence number = 762
Timeout, sequence number = 780
Timeout, sequence number = 794
Timeout, sequence number = 817
Timeout, sequence number = 817
Timeout, sequence number = 834
Timeout, sequence number = 836
Timeout, sequence number = 847
Timeout, sequence number = 851
Timeout, sequence number = 869
[SR CLIENT] Sent data seq=900
[SR CLIENT] Received ACK seq=900
Timeout, sequence number = 897
Timeout, sequence number = 918
[SR CLIENT] Sent data seq=1000
[SR CLIENT] Received ACK seq=1000
Timeout, sequence number = 979
Timeout, sequence number = 988
Timeout, sequence number = 1001
Timeout, sequence number = 1024
Timeout, sequence number = 1027
[SR CLIENT] Sent data seq=1100
[SR CLIENT] Received ACK seq=1100
Timeout, sequence number = 1075
Timeout, sequence number = 1091
Timeout, sequence number = 1111
[SR CLIENT] Sent data seq=1200
[SR CLIENT] Received ACK seq=1200
Timeout, sequence number = 1155
Timeout, sequence number = 1168
Timeout, sequence number = 1174
Timeout, sequence number = 1210
[SR CLIENT] Sent data seq=1300
[SR CLIENT] Received ACK seq=1300
Timeout, sequence number = 1265
Timeout, sequence number = 1285
Timeout, sequence number = 1297
[SR CLIENT] Sent data seq=1400
[SR CLIENT] Received ACK seq=1400
Timeout, sequence number = 1343
Timeout, sequence number = 1350
Timeout, sequence number = 1355
Timeout, sequence number = 1393
Timeout, sequence number = 1420
Timeout, sequence number = 1463
Timeout, sequence number = 1469
[SR CLIENT] Sent data seq=1500
[SR CLIENT] Received ACK seq=1500
Timeout, sequence number = 1496
Timeout, sequence number = 1502
Timeout, sequence number = 1509
Timeout, sequence number = 1530
Timeout, sequence number = 1496
[SR CLIENT] Sent data seq=1600
[SR CLIENT] Received ACK seq=1600
Timeout, sequence number = 1566
Timeout, sequence number = 1582
Timeout, sequence number = 1587
Timeout, sequence number = 1601
[SR CLIENT] Sent data seq=1700
[SR CLIENT] Received ACK seq=1700
Timeout, sequence number = 1653
Timeout, sequence number = 1686
Timeout, sequence number = 1708
Timeout, sequence number = 1714
Timeout, sequence number = 1653
[SR CLIENT] Sent data seq=1800
[SR CLIENT] Received ACK seq=1800
Timeout, sequence number = 1766
Timeout, sequence number = 1784
Timeout, sequence number = 1789
Timeout, sequence number = 1802
Timeout, sequence number = 1827
Timeout, sequence number = 1829
[SR CLIENT] Sent data seq=1900
Timeout, sequence number = 1842
Timeout, sequence number = 1851
Timeout, sequence number = 1878
Timeout, sequence number = 1884
Timeout, sequence number = 1897
Timeout, sequence number = 1900
Timeout, sequence number = 1902
[SR CLIENT] Received ACK seq=1900
Timeout, sequence number = 1842
[SR CLIENT] Sent data seq=2000
[SR CLIENT] Received ACK seq=2000
Timeout, sequence number = 1980
Timeout, sequence number = 1983
Timeout, sequence number = 2005
Timeout, sequence number = 2012
Timeout, sequence number = 2023
Timeout, sequence number = 2027
Timeout, sequence number = 2012
Timeout, sequence number = 2049
Timeout, sequence number = 2055
[SR CLIENT] Sent data seq=2100
[SR CLIENT] Received ACK seq=2100
Timeout, sequence number = 2102
Timeout, sequence number = 2134
Timeout, sequence number = 2158
[SR CLIENT] Sent data seq=2200
[SR CLIENT] Received ACK seq=2200
Timeout, sequence number = 2226
Timeout, sequence number = 2227
Timeout, sequence number = 2236
Timeout, sequence number = 2269
[SR CLIENT] Sent data seq=2300
[SR CLIENT] Received ACK seq=2300
Timeout, sequence number = 2299
Timeout, sequence number = 2310
Timeout, sequence number = 2315
Timeout, sequence number = 2320
[SR CLIENT] Sent data seq=2400
[SR CLIENT] Received ACK seq=2400
Timeout, sequence number = 2427
Timeout, sequence number = 2430
Timeout, sequence number = 2435
Timeout, sequence number = 2448
Timeout, sequence number = 2450
Timeout, sequence number = 2461
Timeout, sequence number = 2463
Timeout, sequence number = 2481
[SR CLIENT] Sent data seq=2500
[SR CLIENT] Received ACK seq=2500
Timeout, sequence number = 2512
Timeout, sequence number = 2557
[SR CLIENT] Sent data seq=2600
[SR CLIENT] Received ACK seq=2600
Timeout, sequence number = 2590
Timeout, sequence number = 2605
Timeout, sequence number = 2622
Timeout, sequence number = 2624
Timeout, sequence number = 2649
[SR CLIENT] Sent data seq=2700
[SR CLIENT] Received ACK seq=2700
Timeout, sequence number = 2667
Timeout, sequence number = 2686
Timeout, sequence number = 2687
Timeout, sequence number = 2689
Timeout, sequence number = 2703
[SR CLIENT] Sent data seq=2800
[SR CLIENT] Received ACK seq=2800
Timeout, sequence number = 2768
Timeout, sequence number = 2777
Timeout, sequence number = 2781
[SR CLIENT] Sent data seq=2900
[SR CLIENT] Received ACK seq=2900
Timeout, sequence number = 2838
Timeout, sequence number = 2882
Timeout, sequence number = 2885
Timeout, sequence number = 2901
Timeout, sequence number = 2915
Timeout, sequence number = 2929
Timeout, sequence number = 2933
Timeout, sequence number = 2942
Timeout, sequence number = 2952
Timeout, sequence number = 2960
Timeout, sequence number = 2974
Timeout, sequence number = 2976
Timeout, sequence number = 2929
Timeout, sequence number = 2933
Timeout, sequence number = 2980
Timeout, sequence number = 2985
Timeout, sequence number = 2989
[SR CLIENT] Sent data seq=3000
[SR CLIENT] Received ACK seq=3000
Timeout, sequence number = 3016
Timeout, sequence number = 3052
[SR CLIENT] Sent data seq=3100
Timeout, sequence number = 3063
Timeout, sequence number = 3065
[SR CLIENT] Received ACK seq=3100
Timeout, sequence number = 3101
Timeout, sequence number = 3113
Timeout, sequence number = 3119
[SR CLIENT] Sent data seq=3200
Timeout, sequence number = 3145
Timeout, sequence number = 3160
Timeout, sequence number = 3161
[SR CLIENT] Received ACK seq=3200
Timeout, sequence number = 3179
Timeout, sequence number = 3182
Timeout, sequence number = 3193
Timeout, sequence number = 3215
Timeout, sequence number = 3224
Timeout, sequence number = 3182
Timeout, sequence number = 3245
[SR CLIENT] Sent data seq=3300
[SR CLIENT] Received ACK seq=3300
Timeout, sequence number = 3253
Timeout, sequence number = 3263
Timeout, sequence number = 3309
[SR CLIENT] Sent data seq=3400
[SR CLIENT] Received ACK seq=3400
Timeout, sequence number = 3357
Timeout, sequence number = 3362
Timeout, sequence number = 3367
Timeout, sequence number = 3424
Timeout, sequence number = 3426
Timeout, sequence number = 3433
Timeout, sequence number = 3456
Timeout, sequence number = 3468
Timeout, sequence number = 3471
[SR CLIENT] Sent data seq=3500
[SR CLIENT] Received ACK seq=3500
Timeout, sequence number = 3502
Timeout, sequence number = 3506
Timeout, sequence number = 3523
[SR CLIENT] Sent data seq=3600
Timeout, sequence number = 3553
Timeout, sequence number = 3564
[SR CLIENT] Received ACK seq=3600
Timeout, sequence number = 3567
Timeout, sequence number = 3582
Timeout, sequence number = 3589
[SR CLIENT] Sent data seq=3700
[SR CLIENT] Received ACK seq=3700
Timeout, sequence number = 3642
Timeout, sequence number = 3653
Timeout, sequence number = 3684
[SR CLIENT] Sent data seq=3800
[SR CLIENT] Received ACK seq=3800
Timeout, sequence number = 3754
Timeout, sequence number = 3759
Timeout, sequence number = 3788
[SR CLIENT] Sent data seq=3900
[SR CLIENT] Received ACK seq=3900
Timeout, sequence number = 3841
Timeout, sequence number = 3886
[SR CLIENT] Sent data seq=4000
[SR CLIENT] Received ACK seq=4000
Timeout, sequence number = 3968
Timeout, sequence number = 3991
Timeout, sequence number = 3993
[SR CLIENT] Summary: sent_packets=4001, ack_packets=4001, retransmitted_packets=207, timeout_events=207
Transfer complete. Delay = 27.831144 seconds

=== STDERR ===
