=== STDOUT ===
[SR CLIENT] Starting transfer: server=10.153.27.102:7735, file=demo_input.bin, N=64, MSS=500, total_segments=2401
[SR CLIENT] Sent data seq=0
[SR CLIENT] Sent data seq=1
[SR CLIENT] Sent data seq=2
[SR CLIENT] Sent data seq=3
[SR CLIENT] Sent data seq=4
[SR CLIENT] Received ACK seq=0
[SR CLIENT] Received ACK seq=1
[SR CLIENT] Received ACK seq=2
[SR CLIENT] Received ACK seq=3
[SR CLIENT] Received ACK seq=4
Timeout, sequence number = 5
Timeout, sequence number = 14
Timeout, sequence number = 16
[SR CLIENT] Sent data seq=100
[SR CLIENT] Received ACK seq=100
Timeout, sequence number = 79
Timeout, sequence number = 86
Timeout, sequence number = 102
[SR CLIENT] Sent data seq=200
[SR CLIENT] Received ACK seq=200
Timeout, sequence number = 153
Timeout, sequence number = 167
Timeout, sequence number = 211
Timeout, sequence number = 236
Timeout, sequence number = 245
Timeout, sequence number = 246
Timeout, sequence number = 287
[SR CLIENT] Sent data seq=300
Timeout, sequence number = 287
Timeout, sequence number = 300
Timeout, sequence number = 302
Timeout, sequence number = 332
Timeout, sequence number = 338
Timeout, sequence number = 344
Timeout, sequence number = 300
Timeout, sequence number = 363
[SR CLIENT] Received ACK seq=300
[SR CLIENT] Sent data seq=400
[SR CLIENT] Received ACK seq=400
Timeout, sequence number = 408
[SR CLIENT] Sent data seq=500
Timeout, sequence number = 444
Timeout, sequence number = 463
[SR CLIENT] Received ACK seq=500
Timeout, sequence number = 490
Timeout, sequence number = 508
Timeout, sequence number = 513
Timeout, sequence number = 529
Timeout, sequence number = 513
Timeout, sequence number = 554
[SR CLIENT] Sent data seq=600
[SR CLIENT] Received ACK seq=600
Timeout, sequence number = 602
Timeout, sequence number = 619
Timeout, sequence number = 659
[SR CLIENT] Sent data seq=700
[SR CLIENT] Received ACK seq=700
Timeout, sequence number = 666
Timeout, sequence number = 684
Timeout, sequence number = 686
Timeout, sequence number = 718
[SR CLIENT] Sent data seq=800
[SR CLIENT] Received ACK seq=800
Timeout, sequence number = 756
Timeout, sequence number = 763
Timeout, sequence number = 773
Timeout, sequence number = 777
Timeout, sequence number = 778
[SR CLIENT] Sent data seq=900
[SR CLIENT] Received ACK seq=900
Timeout, sequence number = 854
Timeout, sequence number = 871
Timeout, sequence number = 915
Timeout, sequence number = 919
Timeout, sequence number = 922
Timeout, sequence number = 956
Timeout, sequence number = 959
Timeout, sequence number = 969
[SR CLIENT] Sent data seq=1000
[SR CLIENT] Received ACK seq=1000
Timeout, sequence number = 979
[SR CLIENT] Sent data seq=1100
[SR CLIENT] Received ACK seq=1100
Timeout, sequence number = 1052
Timeout, sequence number = 1081
Timeout, sequence number = 1087
Timeout, sequence number = 1132
Timeout, sequence number = 1143
Timeout, sequence number = 1150
[SR CLIENT] Sent data seq=1200
[SR CLIENT] Received ACK seq=1200
[SR CLIENT] Sent data seq=1300
[SR CLIENT] Received ACK seq=1300
Timeout, sequence number = 1237
Timeout, sequence number = 1282
Timeout, sequence number = 1315
Timeout, sequence number = 1350
Timeout, sequence number = 1353
Timeout, sequence number = 1358
Timeout, sequence number = 1360
Timeout, sequence number = 1363
Timeout, sequence number = 1370
Timeout, sequence number = 1375
[SR CLIENT] Sent data seq=1400
[SR CLIENT] Received ACK seq=1400
Timeout, sequence number = 1392
Timeout, sequence number = 1403
Timeout, sequence number = 1435
Timeout, sequence number = 1437
[SR CLIENT] Sent data seq=1500
[SR CLIENT] Received ACK seq=1500
Timeout, sequence number = 1483
Timeout, sequence number = 1484
Timeout, sequence number = 1505
Timeout, sequence number = 1529
[SR CLIENT] Sent data seq=1600
[SR CLIENT] Received ACK seq=1600
Timeout, sequence number = 1571
Timeout, sequence number = 1588
Timeout, sequence number = 1594
Timeout, sequence number = 1605
Timeout, sequence number = 1634
[SR CLIENT] Sent data seq=1700
[SR CLIENT] Received ACK seq=1700
Timeout, sequence number = 1647
Timeout, sequence number = 1668
Timeout, sequence number = 1672
Timeout, sequence number = 1698
Timeout, sequence number = 1712
Timeout, sequence number = 1730
[SR CLIENT] Sent data seq=1800
[SR CLIENT] Received ACK seq=1800
Timeout, sequence number = 1737
Timeout, sequence number = 1756
Timeout, sequence number = 1767
Timeout, sequence number = 1769
Timeout, sequence number = 1770
Timeout, sequence number = 1772
Timeout, sequence number = 1780
Timeout, sequence number = 1812
Timeout, sequence number = 1827
Timeout, sequence number = 1842
[SR CLIENT] Sent data seq=1900
[SR CLIENT] Received ACK seq=1900
Timeout, sequence number = 1887
Timeout, sequence number = 1907
Timeout, sequence number = 1920
Timeout, sequence number = 1924
Timeout, sequence number = 1942
Timeout, sequence number = 1924
[SR CLIENT] Sent data seq=2000
[SR CLIENT] Received ACK seq=2000
Timeout, sequence number = 2023
[SR CLIENT] Sent data seq=2100
Timeout, sequence number = 2061
[SR CLIENT] Received ACK seq=2100
[SR CLIENT] Sent data seq=2200
[SR CLIENT] Received ACK seq=2200
Timeout, sequence number = 2197
Timeout, sequence number = 2228
Timeout, sequence number = 2237
Timeout, sequence number = 2238
Timeout, sequence number = 2240
[SR CLIENT] Sent data seq=2300
[SR CLIENT] Received ACK seq=2300
[SR CLIENT] Sent data seq=2400
[SR CLIENT] Received ACK seq=2400
Timeout, sequence number = 2344
Timeout, sequence number = 2350
Timeout, sequence number = 2365
Timeout, sequence number = 2374
Timeout, sequence number = 2380
[SR CLIENT] Summary: sent_packets=2401, ack_packets=2401, retransmitted_packets=114, timeout_events=114
Transfer complete. Delay = 15.940514 seconds

=== STDERR ===
