=== STDOUT ===
[SR CLIENT] Starting transfer: server=10.153.27.102:7735, file=demo_input.bin, N=1, MSS=500, total_segments=2401
[SR CLIENT] Sent data seq=0
[SR CLIENT] Received ACK seq=0
[SR CLIENT] Sent data seq=1
[SR CLIENT] Received ACK seq=1
[SR CLIENT] Sent data seq=2
[SR CLIENT] Received ACK seq=2
[SR CLIENT] Sent data seq=3
[SR CLIENT] Received ACK seq=3
[SR CLIENT] Sent data seq=4
[SR CLIENT] Received ACK seq=4
Timeout, sequence number = 8
Timeout, sequence number = 8
Timeout, sequence number = 40
Timeout, sequence number = 41
Timeout, sequence number = 74
[SR CLIENT] Sent data seq=100
[SR CLIENT] Received ACK seq=100
Timeout, sequence number = 107
Timeout, sequence number = 119
Timeout, sequence number = 131
Timeout, sequence number = 186
[SR CLIENT] Sent data seq=200
[SR CLIENT] Received ACK seq=200
Timeout, sequence number = 219
Timeout, sequence number = 231
Timeout, sequence number = 236
Timeout, sequence number = 240
Timeout, sequence number = 240
Timeout, sequence number = 243
Timeout, sequence number = 244
Timeout, sequence number = 244
Timeout, sequence number = 244
Timeout, sequence number = 254
Timeout, sequence number = 270
Timeout, sequence number = 284
[SR CLIENT] Sent data seq=300
[SR CLIENT] Received ACK seq=300
Timeout, sequence number = 328
Timeout, sequence number = 381
Timeout, sequence number = 382
[SR CLIENT] Sent data seq=400
[SR CLIENT] Received ACK seq=400
Timeout, sequence number = 419
Timeout, sequence number = 426
Timeout, sequence number = 432
Timeout, sequence number = 448
Timeout, sequence number = 470
Timeout, sequence number = 485
[SR CLIENT] Sent data seq=500
[SR CLIENT] Received ACK seq=500
Timeout, sequence number = 525
Timeout, sequence number = 533
Timeout, sequence number = 533
Timeout, sequence number = 567
Timeout, sequence number = 589
Timeout, sequence number = 599
[SR CLIENT] Sent data seq=600
[SR CLIENT] Received ACK seq=600
Timeout, sequence number = 601
Timeout, sequence number = 602
Timeout, sequence number = 623
Timeout, sequence number = 641
Timeout, sequence number = 650
Timeout, sequence number = 687
[SR CLIENT] Sent data seq=700
[SR CLIENT] Received ACK seq=700
Timeout, sequence number = 707
Timeout, sequence number = 724
Timeout, sequence number = 759
[SR CLIENT] Sent data seq=800
[SR CLIENT] Received ACK seq=800
Timeout, sequence number = 812
Timeout, sequence number = 831
Timeout, sequence number = 832
Timeout, sequence number = 848
Timeout, sequence number = 856
Timeout, sequence number = 864
Timeout, sequence number = 875
[SR CLIENT] Sent data seq=900
[SR CLIENT] Received ACK seq=900
Timeout, sequence number = 915
Timeout, sequence number = 921
Timeout, sequence number = 938
Timeout, sequence number = 950
Timeout, sequence number = 976
Timeout, sequence number = 981
Timeout, sequence number = 988
Timeout, sequence number = 998
[SR CLIENT] Sent data seq=1000
[SR CLIENT] Received ACK seq=1000
Timeout, sequence number = 1001
Timeout, sequence number = 1010
Timeout, sequence number = 1018
Timeout, sequence number = 1034
Timeout, sequence number = 1045
Timeout, sequence number = 1045
Timeout, sequence number = 1047
Timeout, sequence number = 1048
Timeout, sequence number = 1061
Timeout, sequence number = 1077
Timeout, sequence number = 1086
[SR CLIENT] Sent data seq=1100
[SR CLIENT] Received ACK seq=1100
Timeout, sequence number = 1105
Timeout, sequence number = 1108
Timeout, sequence number = 1113
Timeout, sequence number = 1119
Timeout, sequence number = 1133
Timeout, sequence number = 1135
Timeout, sequence number = 1144
Timeout, sequence number = 1146
Timeout, sequence number = 1157
[SR CLIENT] Sent data seq=1200
[SR CLIENT] Received ACK seq=1200
Timeout, sequence number = 1207
Timeout, sequence number = 1282
Timeout, sequence number = 1297
Timeout, sequence number = 1299
[SR CLIENT] Sent data seq=1300
[SR CLIENT] Received ACK seq=1300
Timeout, sequence number = 1305
Timeout, sequence number = 1334
Timeout, sequence number = 1349
Timeout, sequence number = 1363
Timeout, sequence number = 1371
[SR CLIENT] Sent data seq=1400
[SR CLIENT] Received ACK seq=1400
Timeout, sequence number = 1406
Timeout, sequence number = 1450
Timeout, sequence number = 1462
Timeout, sequence number = 1470
[SR CLIENT] Sent data seq=1500
[SR CLIENT] Received ACK seq=1500
Timeout, sequence number = 1503
Timeout, sequence number = 1538
Timeout, sequence number = 1556
Timeout, sequence number = 1563
[SR CLIENT] Sent data seq=1600
[SR CLIENT] Received ACK seq=1600
Timeout, sequence number = 1619
Timeout, sequence number = 1688
[SR CLIENT] Sent data seq=1700
[SR CLIENT] Received ACK seq=1700
Timeout, sequence number = 1734
Timeout, sequence number = 1752
Timeout, sequence number = 1752
Timeout, sequence number = 1780
Timeout, sequence number = 1794
Timeout, sequence number = 1794
Timeout, sequence number = 1796
Timeout, sequence number = 1798
[SR CLIENT] Sent data seq=1800
[SR CLIENT] Received ACK seq=1800
Timeout, sequence number = 1809
Timeout, sequence number = 1829
Timeout, sequence number = 1837
Timeout, sequence number = 1853
Timeout, sequence number = 1863
Timeout, sequence number = 1899
[SR CLIENT] Sent data seq=1900
[SR CLIENT] Received ACK seq=1900
Timeout, sequence number = 1904
Timeout, sequence number = 1921
Timeout, sequence number = 1922
Timeout, sequence number = 1945
Timeout, sequence number = 1950
Timeout, sequence number = 1955
Timeout, sequence number = 1958
Timeout, sequence number = 1962
Timeout, sequence number = 1965
Timeout, sequence number = 1990
[SR CLIENT] Sent data seq=2000
[SR CLIENT] Received ACK seq=2000
Timeout, sequence number = 2084
Timeout, sequence number = 2097
Timeout, sequence number = 2097
[SR CLIENT] Sent data seq=2100
[SR CLIENT] Received ACK seq=2100
Timeout, sequence number = 2106
Timeout, sequence number = 2150
Timeout, sequence number = 2156
Timeout, sequence number = 2159
Timeout, sequence number = 2172
Timeout, sequence number = 2187
[SR CLIENT] Sent data seq=2200
[SR CLIENT] Received ACK seq=2200
Timeout, sequence number = 2206
Timeout, sequence number = 2209
Timeout, sequence number = 2210
Timeout, sequence number = 2225
Timeout, sequence number = 2271
[SR CLIENT] Sent data seq=2300
[SR CLIENT] Received ACK seq=2300
Timeout, sequence number = 2304
Timeout, sequence number = 2323
Timeout, sequence number = 2339
Timeout, sequence number = 2346
Timeout, sequence number = 2356
Timeout, sequence number = 2374
Timeout, sequence number = 2398
[SR CLIENT] Sent data seq=2400
[SR CLIENT] Received ACK seq=2400
[SR CLIENT] Summary: sent_packets=2401, ack_packets=2401, retransmitted_packets=144, timeout_events=144
Transfer complete. Delay = 119.809105 seconds

=== STDERR ===
