=== STDOUT ===
[SR CLIENT] Starting transfer: server=10.153.27.102:7735, file=demo_input.bin, N=64, MSS=500, total_segments=2401
[SR CLIENT] Sent data seq=0
[SR CLIENT] Sent data seq=1
[SR CLIENT] Sent data seq=2
[SR CLIENT] Sent data seq=3
[SR CLIENT] Sent data seq=4
[SR CLIENT] Received ACK seq=1
[SR CLIENT] Received ACK seq=2
[SR CLIENT] Received ACK seq=3
[SR CLIENT] Received ACK seq=4
[SR CLIENT] Received ACK seq=0
Timeout, sequence number = 28
Timeout, sequence number = 31
Timeout, sequence number = 34
Timeout, sequence number = 37
[SR CLIENT] Sent data seq=100
[SR CLIENT] Received ACK seq=100
Timeout, sequence number = 68
Timeout, sequence number = 81
[SR CLIENT] Sent data seq=200
[SR CLIENT] Received ACK seq=200
Timeout, sequence number = 157
Timeout, sequence number = 172
Timeout, sequence number = 195
Timeout, sequence number = 199
[SR CLIENT] Sent data seq=300
[SR CLIENT] Received ACK seq=300
Timeout, sequence number = 245
Timeout, sequence number = 247
Timeout, sequence number = 259
Timeout, sequence number = 266
Timeout, sequence number = 280
Timeout, sequence number = 292
Timeout, sequence number = 295
Timeout, sequence number = 323
[SR CLIENT] Sent data seq=400
[SR CLIENT] Received ACK seq=400
Timeout, sequence number = 375
[SR CLIENT] Sent data seq=500
[SR CLIENT] Received ACK seq=500
Timeout, sequence number = 450
Timeout, sequence number = 464
Timeout, sequence number = 466
Timeout, sequence number = 474
Timeout, sequence number = 496
Timeout, sequence number = 474
Timeout, sequence number = 526
[SR CLIENT] Sent data seq=600
[SR CLIENT] Received ACK seq=600
Timeout, sequence number = 587
Timeout, sequence number = 606
Timeout, sequence number = 616
Timeout, sequence number = 637
Timeout, sequence number = 640
Timeout, sequence number = 648
[SR CLIENT] Sent data seq=700
[SR CLIENT] Received ACK seq=700
[SR CLIENT] Sent data seq=800
[SR CLIENT] Received ACK seq=800
Timeout, sequence number = 783
Timeout, sequence number = 786
Timeout, sequence number = 804
Timeout, sequence number = 805
[SR CLIENT] Sent data seq=900
Timeout, sequence number = 900
[SR CLIENT] Received ACK seq=900
Timeout, sequence number = 935
[SR CLIENT] Sent data seq=1000
[SR CLIENT] Received ACK seq=1000
Timeout, sequence number = 991
Timeout, sequence number = 991
[SR CLIENT] Sent data seq=1100
[SR CLIENT] Received ACK seq=1100
Timeout, sequence number = 1061
[SR CLIENT] Sent data seq=1200
[SR CLIENT] Received ACK seq=1200
Timeout, sequence number = 1172
Timeout, sequence number = 1172
[SR CLIENT] Sent data seq=1300
[SR CLIENT] Received ACK seq=1300
Timeout, sequence number = 1239
Timeout, sequence number = 1275
Timeout, sequence number = 1299
Timeout, sequence number = 1239
[SR CLIENT] Sent data seq=1400
[SR CLIENT] Received ACK seq=1400
Timeout, sequence number = 1387
Timeout, sequence number = 1404
[SR CLIENT] Sent data seq=1500
Timeout, sequence number = 1442
Timeout, sequence number = 1443
[SR CLIENT] Received ACK seq=1500
Timeout, sequence number = 1460
Timeout, sequence number = 1493
Timeout, sequence number = 1501
Timeout, sequence number = 1528
Timeout, sequence number = 1533
Timeout, sequence number = 1552
Timeout, sequence number = 1563
Timeout, sequence number = 1578
Timeout, sequence number = 1580
[SR CLIENT] Sent data seq=1600
[SR CLIENT] Received ACK seq=1600
Timeout, sequence number = 1578
Timeout, sequence number = 1594
[SR CLIENT] Sent data seq=1700
[SR CLIENT] Received ACK seq=1700
Timeout, sequence number = 1642
Timeout, sequence number = 1690
Timeout, sequence number = 1703
Timeout, sequence number = 1706
Timeout, sequence number = 1720
Timeout, sequence number = 1739
[SR CLIENT] Sent data seq=1800
[SR CLIENT] Received ACK seq=1800
Timeout, sequence number = 1739
Timeout, sequence number = 1775
Timeout, sequence number = 1811
Timeout, sequence number = 1835
Timeout, sequence number = 1853
Timeout, sequence number = 1863
[SR CLIENT] Sent data seq=1900
[SR CLIENT] Received ACK seq=1900
Timeout, sequence number = 1896
Timeout, sequence number = 1919
[SR CLIENT] Sent data seq=2000
[SR CLIENT] Received ACK seq=2000
Timeout, sequence number = 1993
Timeout, sequence number = 2019
Timeout, sequence number = 2038
[SR CLIENT] Sent data seq=2100
[SR CLIENT] Received ACK seq=2100
Timeout, sequence number = 2076
Timeout, sequence number = 2102
Timeout, sequence number = 2135
[SR CLIENT] Sent data seq=2200
[SR CLIENT] Received ACK seq=2200
Timeout, sequence number = 2164
Timeout, sequence number = 2175
Timeout, sequence number = 2179
[SR CLIENT] Sent data seq=2300
[SR CLIENT] Received ACK seq=2300
Timeout, sequence number = 2240
Timeout, sequence number = 2258
Timeout, sequence number = 2259
Timeout, sequence number = 2266
Timeout, sequence number = 2270
Timeout, sequence number = 2287
Timeout, sequence number = 2313
Timeout, sequence number = 2315
Timeout, sequence number = 2350
[SR CLIENT] Sent data seq=2400
[SR CLIENT] Received ACK seq=2400
[SR CLIENT] Summary: sent_packets=2401, ack_packets=2401, retransmitted_packets=94, timeout_events=94
Transfer complete. Delay = 16.057082 seconds

=== STDERR ===
