=== STDOUT ===
[SR CLIENT] Starting transfer: server=10.153.27.102:7735, file=demo_input.bin, N=16, MSS=500, total_segments=2401
[SR CLIENT] Sent data seq=0
[SR CLIENT] Sent data seq=1
[SR CLIENT] Sent data seq=2
[SR CLIENT] Sent data seq=3
[SR CLIENT] Sent data seq=4
[SR CLIENT] Received ACK seq=0
[SR CLIENT] Received ACK seq=1
[SR CLIENT] Received ACK seq=2
[SR CLIENT] Received ACK seq=3
[SR CLIENT] Received ACK seq=4
Timeout, sequence number = 25
[SR CLIENT] Sent data seq=100
[SR CLIENT] Received ACK seq=100
Timeout, sequence number = 87
Timeout, sequence number = 92
Timeout, sequence number = 106
Timeout, sequence number = 145
Timeout, sequence number = 149
Timeout, sequence number = 168
Timeout, sequence number = 179
Timeout, sequence number = 181
[SR CLIENT] Sent data seq=200
[SR CLIENT] Received ACK seq=200
Timeout, sequence number = 191
Timeout, sequence number = 193
Timeout, sequence number = 195
Timeout, sequence number = 202
Timeout, sequence number = 205
Timeout, sequence number = 216
Timeout, sequence number = 223
Timeout, sequence number = 228
Timeout, sequence number = 223
Timeout, sequence number = 261
[SR CLIENT] Sent data seq=300
[SR CLIENT] Received ACK seq=300
Timeout, sequence number = 308
Timeout, sequence number = 313
Timeout, sequence number = 351
Timeout, sequence number = 351
Timeout, sequence number = 351
[SR CLIENT] Sent data seq=400
[SR CLIENT] Received ACK seq=400
Timeout, sequence number = 386
Timeout, sequence number = 409
Timeout, sequence number = 420
Timeout, sequence number = 428
Timeout, sequence number = 447
Timeout, sequence number = 453
Timeout, sequence number = 477
[SR CLIENT] Sent data seq=500
[SR CLIENT] Received ACK seq=500
Timeout, sequence number = 512
Timeout, sequence number = 521
Timeout, sequence number = 566
Timeout, sequence number = 567
Timeout, sequence number = 573
Timeout, sequence number = 580
[SR CLIENT] Sent data seq=600
[SR CLIENT] Received ACK seq=600
Timeout, sequence number = 597
Timeout, sequence number = 608
Timeout, sequence number = 674
Timeout, sequence number = 682
[SR CLIENT] Sent data seq=700
[SR CLIENT] Received ACK seq=700
Timeout, sequence number = 705
Timeout, sequence number = 715
Timeout, sequence number = 742
Timeout, sequence number = 746
Timeout, sequence number = 780
[SR CLIENT] Sent data seq=800
[SR CLIENT] Received ACK seq=800
Timeout, sequence number = 801
Timeout, sequence number = 816
Timeout, sequence number = 840
Timeout, sequence number = 848
Timeout, sequence number = 850
Timeout, sequence number = 864
[SR CLIENT] Sent data seq=900
[SR CLIENT] Received ACK seq=900
Timeout, sequence number = 889
Timeout, sequence number = 902
Timeout, sequence number = 922
Timeout, sequence number = 943
[SR CLIENT] Sent data seq=1000
[SR CLIENT] Received ACK seq=1000
Timeout, sequence number = 985
Timeout, sequence number = 1015
Timeout, sequence number = 1042
Timeout, sequence number = 1067
Timeout, sequence number = 1074
Timeout, sequence number = 1074
[SR CLIENT] Sent data seq=1100
[SR CLIENT] Received ACK seq=1100
Timeout, sequence number = 1161
Timeout, sequence number = 1166
[SR CLIENT] Sent data seq=1200
[SR CLIENT] Received ACK seq=1200
Timeout, sequence number = 1190
Timeout, sequence number = 1190
Timeout, sequence number = 1206
Timeout, sequence number = 1217
Timeout, sequence number = 1218
Timeout, sequence number = 1242
Timeout, sequence number = 1260
[SR CLIENT] Sent data seq=1300
[SR CLIENT] Received ACK seq=1300
Timeout, sequence number = 1295
Timeout, sequence number = 1297
Timeout, sequence number = 1319
Timeout, sequence number = 1332
Timeout, sequence number = 1347
Timeout, sequence number = 1367
Timeout, sequence number = 1367
[SR CLIENT] Sent data seq=1400
[SR CLIENT] Received ACK seq=1400
Timeout, sequence number = 1386
Timeout, sequence number = 1390
Timeout, sequence number = 1409
Timeout, sequence number = 1442
Timeout, sequence number = 1447
Timeout, sequence number = 1459
Timeout, sequence number = 1481
Timeout, sequence number = 1486
Timeout, sequence number = 1489
Timeout, sequence number = 1496
[SR CLIENT] Sent data seq=1500
[SR CLIENT] Received ACK seq=1500
Timeout, sequence number = 1486
Timeout, sequence number = 1540
Timeout, sequence number = 1560
Timeout, sequence number = 1583
Timeout, sequence number = 1588
Timeout, sequence number = 1583
[SR CLIENT] Sent data seq=1600
[SR CLIENT] Received ACK seq=1600
Timeout, sequence number = 1653
Timeout, sequence number = 1658
Timeout, sequence number = 1667
[SR CLIENT] Sent data seq=1700
[SR CLIENT] Received ACK seq=1700
Timeout, sequence number = 1689
Timeout, sequence number = 1694
Timeout, sequence number = 1698
Timeout, sequence number = 1708
Timeout, sequence number = 1714
[SR CLIENT] Sent data seq=1800
Timeout, sequence number = 1785
Timeout, sequence number = 1800
[SR CLIENT] Received ACK seq=1800
Timeout, sequence number = 1811
Timeout, sequence number = 1816
[SR CLIENT] Sent data seq=1900
[SR CLIENT] Received ACK seq=1900
Timeout, sequence number = 1885
Timeout, sequence number = 1895
Timeout, sequence number = 1915
Timeout, sequence number = 1920
Timeout, sequence number = 1921
Timeout, sequence number = 1932
Timeout, sequence number = 1939
Timeout, sequence number = 1956
Timeout, sequence number = 1969
Timeout, sequence number = 1956
Timeout, sequence number = 1956
[SR CLIENT] Sent data seq=2000
[SR CLIENT] Received ACK seq=2000
Timeout, sequence number = 1993
Timeout, sequence number = 2013
Timeout, sequence number = 2019
Timeout, sequence number = 2020
Timeout, sequence number = 2032
Timeout, sequence number = 2039
Timeout, sequence number = 2042
Timeout, sequence number = 2045
[SR CLIENT] Sent data seq=2100
[SR CLIENT] Received ACK seq=2100
Timeout, sequence number = 2087
Timeout, sequence number = 2096
Timeout, sequence number = 2107
[SR CLIENT] Sent data seq=2200
[SR CLIENT] Received ACK seq=2200
Timeout, sequence number = 2187
Timeout, sequence number = 2193
Timeout, sequence number = 2203
Timeout, sequence number = 2260
Timeout, sequence number = 2269
Timeout, sequence number = 2273
[SR CLIENT] Sent data seq=2300
[SR CLIENT] Received ACK seq=2300
Timeout, sequence number = 2321
Timeout, sequence number = 2321
Timeout, sequence number = 2338
Timeout, sequence number = 2339
Timeout, sequence number = 2346
Timeout, sequence number = 2350
Timeout, sequence number = 2339
Timeout, sequence number = 2374
[SR CLIENT] Sent data seq=2400
Timeout, sequence number = 2400
[SR CLIENT] Received ACK seq=2400
[SR CLIENT] Summary: sent_packets=2401, ack_packets=2401, retransmitted_packets=143, timeout_events=143
Transfer complete. Delay = 46.608785 seconds

=== STDERR ===
