=== STDOUT ===
[SR CLIENT] Starting transfer: server=10.153.27.102:7735, file=demo_input.bin, N=64, MSS=500, total_segments=2401
[SR CLIENT] Sent data seq=0
[SR CLIENT] Sent data seq=1
[SR CLIENT] Sent data seq=2
[SR CLIENT] Sent data seq=3
[SR CLIENT] Sent data seq=4
[SR CLIENT] Received ACK seq=0
[SR CLIENT] Received ACK seq=1
[SR CLIENT] Received ACK seq=2
[SR CLIENT] Received ACK seq=3
[SR CLIENT] Received ACK seq=4
[SR CLIENT] Sent data seq=100
[SR CLIENT] Received ACK seq=100
Timeout, sequence number = 38
Timeout, sequence number = 48
Timeout, sequence number = 58
Timeout, sequence number = 79
Timeout, sequence number = 83
Timeout, sequence number = 87
Timeout, sequence number = 38
Timeout, sequence number = 48
Timeout, sequence number = 115
Timeout, sequence number = 117
Timeout, sequence number = 121
Timeout, sequence number = 129
Timeout, sequence number = 131
Timeout, sequence number = 176
Timeout, sequence number = 129
Timeout, sequence number = 187
[SR CLIENT] Sent data seq=200
[SR CLIENT] Received ACK seq=200
Timeout, sequence number = 215
Timeout, sequence number = 218
Timeout, sequence number = 221
Timeout, sequence number = 231
Timeout, sequence number = 233
Timeout, sequence number = 235
Timeout, sequence number = 273
Timeout, sequence number = 274
Timeout, sequence number = 235
Timeout, sequence number = 292
Timeout, sequence number = 235
Timeout, sequence number = 292
[SR CLIENT] Sent data seq=300
[SR CLIENT] Received ACK seq=300
Timeout, sequence number = 307
Timeout, sequence number = 321
Timeout, sequence number = 327
Timeout, sequence number = 345
Timeout, sequence number = 351
[SR CLIENT] Sent data seq=400
[SR CLIENT] Received ACK seq=400
Timeout, sequence number = 375
Timeout, sequence number = 408
Timeout, sequence number = 409
Timeout, sequence number = 412
Timeout, sequence number = 421
Timeout, sequence number = 428
Timeout, sequence number = 438
[SR CLIENT] Sent data seq=500
[SR CLIENT] Received ACK seq=500
Timeout, sequence number = 454
Timeout, sequence number = 502
Timeout, sequence number = 528
Timeout, sequence number = 529
Timeout, sequence number = 545
[SR CLIENT] Sent data seq=600
[SR CLIENT] Received ACK seq=600
Timeout, sequence number = 572
Timeout, sequence number = 608
Timeout, sequence number = 615
Timeout, sequence number = 619
Timeout, sequence number = 621
Timeout, sequence number = 624
Timeout, sequence number = 653
Timeout, sequence number = 621
[SR CLIENT] Sent data seq=700
[SR CLIENT] Received ACK seq=700
Timeout, sequence number = 715
Timeout, sequence number = 718
Timeout, sequence number = 728
Timeout, sequence number = 733
Timeout, sequence number = 742
[SR CLIENT] Sent data seq=800
Timeout, sequence number = 760
Timeout, sequence number = 772
Timeout, sequence number = 775
Timeout, sequence number = 778
[SR CLIENT] Received ACK seq=800
Timeout, sequence number = 789
Timeout, sequence number = 795
Timeout, sequence number = 801
Timeout, sequence number = 772
Timeout, sequence number = 775
Timeout, sequence number = 829
[SR CLIENT] Sent data seq=900
[SR CLIENT] Received ACK seq=900
Timeout, sequence number = 847
Timeout, sequence number = 873
Timeout, sequence number = 875
Timeout, sequence number = 878
Timeout, sequence number = 880
Timeout, sequence number = 884
Timeout, sequence number = 892
Timeout, sequence number = 899
Timeout, sequence number = 884
Timeout, sequence number = 892
Timeout, sequence number = 913
Timeout, sequence number = 941
Timeout, sequence number = 892
[SR CLIENT] Sent data seq=1000
Timeout, sequence number = 949
Timeout, sequence number = 967
Timeout, sequence number = 978
Timeout, sequence number = 1000
Timeout, sequence number = 1003
[SR CLIENT] Received ACK seq=1000
Timeout, sequence number = 1024
Timeout, sequence number = 1029
Timeout, sequence number = 1061
Timeout, sequence number = 1062
Timeout, sequence number = 1069
Timeout, sequence number = 1077
Timeout, sequence number = 1079
Timeout, sequence number = 1080
Timeout, sequence number = 1029
Timeout, sequence number = 1077
Timeout, sequence number = 1079
Timeout, sequence number = 1029
[SR CLIENT] Sent data seq=1100
[SR CLIENT] Received ACK seq=1100
Timeout, sequence number = 1079
Timeout, sequence number = 1097
Timeout, sequence number = 1116
Timeout, sequence number = 1123
Timeout, sequence number = 1129
Timeout, sequence number = 1132
[SR CLIENT] Sent data seq=1200
[SR CLIENT] Received ACK seq=1200
Timeout, sequence number = 1147
Timeout, sequence number = 1161
Timeout, sequence number = 1177
Timeout, sequence number = 1183
Timeout, sequence number = 1189
Timeout, sequence number = 1209
Timeout, sequence number = 1214
Timeout, sequence number = 1215
Timeout, sequence number = 1216
Timeout, sequence number = 1229
Timeout, sequence number = 1231
Timeout, sequence number = 1245
[SR CLIENT] Sent data seq=1300
Timeout, sequence number = 1253
Timeout, sequence number = 1257
Timeout, sequence number = 1259
Timeout, sequence number = 1267
Timeout, sequence number = 1274
Timeout, sequence number = 1277
Timeout, sequence number = 1281
Timeout, sequence number = 1293
Timeout, sequence number = 1300
Timeout, sequence number = 1315
[SR CLIENT] Received ACK seq=1300
Timeout, sequence number = 1253
Timeout, sequence number = 1257
Timeout, sequence number = 1259
Timeout, sequence number = 1267
Timeout, sequence number = 1274
Timeout, sequence number = 1277
Timeout, sequence number = 1315
Timeout, sequence number = 1327
Timeout, sequence number = 1346
[SR CLIENT] Sent data seq=1400
[SR CLIENT] Received ACK seq=1400
Timeout, sequence number = 1417
Timeout, sequence number = 1420
Timeout, sequence number = 1462
Timeout, sequence number = 1467
[SR CLIENT] Sent data seq=1500
[SR CLIENT] Received ACK seq=1500
Timeout, sequence number = 1482
Timeout, sequence number = 1484
Timeout, sequence number = 1496
Timeout, sequence number = 1519
Timeout, sequence number = 1528
Timeout, sequence number = 1538
[SR CLIENT] Sent data seq=1600
[SR CLIENT] Received ACK seq=1600
Timeout, sequence number = 1538
Timeout, sequence number = 1549
Timeout, sequence number = 1576
Timeout, sequence number = 1633
Timeout, sequence number = 1660
Timeout, sequence number = 1662
Timeout, sequence number = 1669
[SR CLIENT] Sent data seq=1700
Timeout, sequence number = 1671
Timeout, sequence number = 1691
[SR CLIENT] Received ACK seq=1700
Timeout, sequence number = 1701
Timeout, sequence number = 1705
Timeout, sequence number = 1710
[SR CLIENT] Sent data seq=1800
[SR CLIENT] Received ACK seq=1800
Timeout, sequence number = 1770
Timeout, sequence number = 1778
Timeout, sequence number = 1802
[SR CLIENT] Sent data seq=1900
[SR CLIENT] Received ACK seq=1900
Timeout, sequence number = 1844
Timeout, sequence number = 1851
Timeout, sequence number = 1877
Timeout, sequence number = 1899
[SR CLIENT] Sent data seq=2000
[SR CLIENT] Received ACK seq=2000
[SR CLIENT] Sent data seq=2100
[SR CLIENT] Received ACK seq=2100
Timeout, sequence number = 2043
Timeout, sequence number = 2048
Timeout, sequence number = 2064
Timeout, sequence number = 2090
Timeout, sequence number = 2128
Timeout, sequence number = 2155
Timeout, sequence number = 2161
[SR CLIENT] Sent data seq=2200
[SR CLIENT] Received ACK seq=2200
Timeout, sequence number = 2161
Timeout, sequence number = 2194
Timeout, sequence number = 2208
Timeout, sequence number = 2216
Timeout, sequence number = 2233
Timeout, sequence number = 2245
Timeout, sequence number = 2260
Timeout, sequence number = 2262
[SR CLIENT] Sent data seq=2300
[SR CLIENT] Received ACK seq=2300
Timeout, sequence number = 2294
Timeout, sequence number = 2301
Timeout, sequence number = 2305
Timeout, sequence number = 2319
Timeout, sequence number = 2329
Timeout, sequence number = 2355
Timeout, sequence number = 2357
[SR CLIENT] Sent data seq=2400
[SR CLIENT] Received ACK seq=2400
Timeout, sequence number = 2359
Timeout, sequence number = 2388
Timeout, sequence number = 2391
Timeout, sequence number = 2392
[SR CLIENT] Summary: sent_packets=2401, ack_packets=2401, retransmitted_packets=190, timeout_events=190
Transfer complete. Delay = 21.367959 seconds

=== STDERR ===
