=== STDOUT ===
[SR CLIENT] Starting transfer: server=10.153.27.102:7735, file=demo_input.bin, N=64, MSS=500, total_segments=2401
[SR CLIENT] Sent data seq=0
[SR CLIENT] Sent data seq=1
[SR CLIENT] Sent data seq=2
[SR CLIENT] Sent data seq=3
[SR CLIENT] Sent data seq=4
Timeout, sequence number = 0
Timeout, sequence number = 1
Timeout, sequence number = 2
Timeout, sequence number = 3
Timeout, sequence number = 4
Timeout, sequence number = 5
Timeout, sequence number = 6
Timeout, sequence number = 7
Timeout, sequence number = 8
Timeout, sequence number = 9
Timeout, sequence number = 10
Timeout, sequence number = 11
Timeout, sequence number = 12
Timeout, sequence number = 13
Timeout, sequence number = 14
Timeout, sequence number = 15
Timeout, sequence number = 16
Timeout, sequence number = 17
Timeout, sequence number = 18
Timeout, sequence number = 19
Timeout, sequence number = 20
Timeout, sequence number = 21
Timeout, sequence number = 22
Timeout, sequence number = 23
Timeout, sequence number = 24
Timeout, sequence number = 25
Timeout, sequence number = 26
Timeout, sequence number = 27
Timeout, sequence number = 28
Timeout, sequence number = 29
Timeout, sequence number = 30
Timeout, sequence number = 31
Timeout, sequence number = 32
Timeout, sequence number = 33
Timeout, sequence number = 34
Timeout, sequence number = 35
Timeout, sequence number = 36
Timeout, sequence number = 37
Timeout, sequence number = 38
Timeout, sequence number = 39
Timeout, sequence number = 40
Timeout, sequence number = 41
Timeout, sequence number = 42
Timeout, sequence number = 43
Timeout, sequence number = 44
Timeout, sequence number = 45
Timeout, sequence number = 46
Timeout, sequence number = 47
Timeout, sequence number = 48
Timeout, sequence number = 49
Timeout, sequence number = 50
Timeout, sequence number = 51
Timeout, sequence number = 52
Timeout, sequence number = 53
Timeout, sequence number = 54
Timeout, sequence number = 55
Timeout, sequence number = 56
Timeout, sequence number = 57
Timeout, sequence number = 58
Timeout, sequence number = 59
Timeout, sequence number = 60
Timeout, sequence number = 61
Timeout, sequence number = 62
Timeout, sequence number = 63
Timeout, sequence number = 0
Timeout, sequence number = 1
Timeout, sequence number = 2
Timeout, sequence number = 3
Timeout, sequence number = 4
Timeout, sequence number = 5
Timeout, sequence number = 6
Timeout, sequence number = 7
Timeout, sequence number = 8
Timeout, sequence number = 9
Timeout, sequence number = 10
Timeout, sequence number = 11
Timeout, sequence number = 12
Timeout, sequence number = 13
Timeout, sequence number = 14
Timeout, sequence number = 15
Timeout, sequence number = 16
Timeout, sequence number = 17
Timeout, sequence number = 18
Timeout, sequence number = 19
Timeout, sequence number = 20
Timeout, sequence number = 21
Timeout, sequence number = 22
Timeout, sequence number = 23
Timeout, sequence number = 24
Timeout, sequence number = 25
Timeout, sequence number = 26
Timeout, sequence number = 27
Timeout, sequence number = 28
Timeout, sequence number = 29
Timeout, sequence number = 30
Timeout, sequence number = 31
Timeout, sequence number = 32
Timeout, sequence number = 33
Timeout, sequence number = 34
Timeout, sequence number = 35
Timeout, sequence number = 36
Timeout, sequence number = 37
Timeout, sequence number = 38
Timeout, sequence number = 39
Timeout, sequence number = 40
Timeout, sequence number = 41
Timeout, sequence number = 42
Timeout, sequence number = 43
Timeout, sequence number = 44
Timeout, sequence number = 45
Timeout, sequence number = 46
Timeout, sequence number = 47
Timeout, sequence number = 48
Timeout, sequence number = 49
Timeout, sequence number = 50
Timeout, sequence number = 51
Timeout, sequence number = 52
Timeout, sequence number = 53
Timeout, sequence number = 54
Timeout, sequence number = 55
Timeout, sequence number = 56
Timeout, sequence number = 57
Timeout, sequence number = 58
Timeout, sequence number = 59
Timeout, sequence number = 60
Timeout, sequence number = 61
Timeout, sequence number = 62
Timeout, sequence number = 63
[SR CLIENT] Received ACK seq=0
[SR CLIENT] Received ACK seq=1
[SR CLIENT] Received ACK seq=2
[SR CLIENT] Received ACK seq=3
[SR CLIENT] Received ACK seq=4
Timeout, sequence number = 5
Timeout, sequence number = 17
Timeout, sequence number = 45
Timeout, sequence number = 53
[SR CLIENT] Sent data seq=100
Timeout, sequence number = 77
Timeout, sequence number = 81
Timeout, sequence number = 95
Timeout, sequence number = 100
Timeout, sequence number = 103
Timeout, sequence number = 108
Timeout, sequence number = 109
Timeout, sequence number = 113
Timeout, sequence number = 131
Timeout, sequence number = 137
[SR CLIENT] Received ACK seq=100
[SR CLIENT] Sent data seq=200
Timeout, sequence number = 142
Timeout, sequence number = 152
Timeout, sequence number = 162
Timeout, sequence number = 177
Timeout, sequence number = 178
Timeout, sequence number = 179
Timeout, sequence number = 180
Timeout, sequence number = 181
Timeout, sequence number = 182
Timeout, sequence number = 183
Timeout, sequence number = 184
Timeout, sequence number = 185
Timeout, sequence number = 186
Timeout, sequence number = 187
Timeout, sequence number = 188
Timeout, sequence number = 189
Timeout, sequence number = 190
Timeout, sequence number = 191
Timeout, sequence number = 192
Timeout, sequence number = 193
Timeout, sequence number = 194
Timeout, sequence number = 195
Timeout, sequence number = 196
Timeout, sequence number = 197
Timeout, sequence number = 198
Timeout, sequence number = 199
Timeout, sequence number = 200
Timeout, sequence number = 201
Timeout, sequence number = 202
Timeout, sequence number = 203
Timeout, sequence number = 204
[SR CLIENT] Received ACK seq=200
Timeout, sequence number = 190
Timeout, sequence number = 219
Timeout, sequence number = 228
Timeout, sequence number = 240
[SR CLIENT] Sent data seq=300
[SR CLIENT] Received ACK seq=300
Timeout, sequence number = 266
Timeout, sequence number = 272
Timeout, sequence number = 280
Timeout, sequence number = 292
Timeout, sequence number = 296
Timeout, sequence number = 320
Timeout, sequence number = 266
Timeout, sequence number = 336
Timeout, sequence number = 337
Timeout, sequence number = 339
Timeout, sequence number = 341
Timeout, sequence number = 347
Timeout, sequence number = 362
Timeout, sequence number = 373
Timeout, sequence number = 375
Timeout, sequence number = 380
Timeout, sequence number = 387
[SR CLIENT] Sent data seq=400
[SR CLIENT] Received ACK seq=400
Timeout, sequence number = 407
Timeout, sequence number = 421
Timeout, sequence number = 440
Timeout, sequence number = 452
Timeout, sequence number = 453
[SR CLIENT] Sent data seq=500
[SR CLIENT] Received ACK seq=500
Timeout, sequence number = 486
Timeout, sequence number = 495
Timeout, sequence number = 521
Timeout, sequence number = 526
Timeout, sequence number = 527
Timeout, sequence number = 541
[SR CLIENT] Sent data seq=600
[SR CLIENT] Received ACK seq=600
Timeout, sequence number = 562
Timeout, sequence number = 576
Timeout, sequence number = 578
Timeout, sequence number = 587
Timeout, sequence number = 603
Timeout, sequence number = 607
Timeout, sequence number = 587
Timeout, sequence number = 607
Timeout, sequence number = 638
Timeout, sequence number = 649
[SR CLIENT] Sent data seq=700
[SR CLIENT] Received ACK seq=700
Timeout, sequence number = 651
Timeout, sequence number = 657
Timeout, sequence number = 667
Timeout, sequence number = 683
Timeout, sequence number = 706
Timeout, sequence number = 708
Timeout, sequence number = 708
Timeout, sequence number = 724
Timeout, sequence number = 728
Timeout, sequence number = 738
Timeout, sequence number = 739
Timeout, sequence number = 747
Timeout, sequence number = 748
Timeout, sequence number = 765
[SR CLIENT] Sent data seq=800
[SR CLIENT] Received ACK seq=800
Timeout, sequence number = 797
Timeout, sequence number = 810
Timeout, sequence number = 817
Timeout, sequence number = 825
Timeout, sequence number = 839
Timeout, sequence number = 853
Timeout, sequence number = 859
Timeout, sequence number = 860
[SR CLIENT] Sent data seq=900
[SR CLIENT] Received ACK seq=900
Timeout, sequence number = 853
Timeout, sequence number = 891
Timeout, sequence number = 910
Timeout, sequence number = 911
Timeout, sequence number = 912
Timeout, sequence number = 913
Timeout, sequence number = 891
Timeout, sequence number = 928
Timeout, sequence number = 947
[SR CLIENT] Sent data seq=1000
[SR CLIENT] Received ACK seq=1000
Timeout, sequence number = 955
Timeout, sequence number = 958
Timeout, sequence number = 961
Timeout, sequence number = 971
Timeout, sequence number = 1005
Timeout, sequence number = 1020
Timeout, sequence number = 1026
Timeout, sequence number = 1035
Timeout, sequence number = 1036
Timeout, sequence number = 1055
Timeout, sequence number = 1068
Timeout, sequence number = 1079
Timeout, sequence number = 1035
Timeout, sequence number = 1036
Timeout, sequence number = 1068
[SR CLIENT] Sent data seq=1100
Timeout, sequence number = 1094
[SR CLIENT] Received ACK seq=1100
Timeout, sequence number = 1103
Timeout, sequence number = 1119
Timeout, sequence number = 1124
Timeout, sequence number = 1134
Timeout, sequence number = 1147
[SR CLIENT] Sent data seq=1200
[SR CLIENT] Received ACK seq=1200
Timeout, sequence number = 1147
Timeout, sequence number = 1176
Timeout, sequence number = 1188
Timeout, sequence number = 1189
Timeout, sequence number = 1213
Timeout, sequence number = 1228
Timeout, sequence number = 1238
[SR CLIENT] Sent data seq=1300
Timeout, sequence number = 1242
Timeout, sequence number = 1248
Timeout, sequence number = 1263
Timeout, sequence number = 1276
[SR CLIENT] Received ACK seq=1300
Timeout, sequence number = 1248
Timeout, sequence number = 1277
Timeout, sequence number = 1295
Timeout, sequence number = 1302
Timeout, sequence number = 1311
Timeout, sequence number = 1248
Timeout, sequence number = 1248
Timeout, sequence number = 1328
Timeout, sequence number = 1333
Timeout, sequence number = 1349
Timeout, sequence number = 1350
[SR CLIENT] Sent data seq=1400
[SR CLIENT] Received ACK seq=1400
Timeout, sequence number = 1402
Timeout, sequence number = 1414
Timeout, sequence number = 1421
Timeout, sequence number = 1423
Timeout, sequence number = 1430
Timeout, sequence number = 1450
Timeout, sequence number = 1461
[SR CLIENT] Sent data seq=1500
Timeout, sequence number = 1465
[SR CLIENT] Received ACK seq=1500
Timeout, sequence number = 1461
Timeout, sequence number = 1493
Timeout, sequence number = 1501
Timeout, sequence number = 1521
[SR CLIENT] Sent data seq=1600
[SR CLIENT] Received ACK seq=1600
Timeout, sequence number = 1539
Timeout, sequence number = 1544
Timeout, sequence number = 1552
Timeout, sequence number = 1564
Timeout, sequence number = 1581
Timeout, sequence number = 1587
Timeout, sequence number = 1601
Timeout, sequence number = 1602
Timeout, sequence number = 1608
Timeout, sequence number = 1611
Timeout, sequence number = 1619
Timeout, sequence number = 1630
Timeout, sequence number = 1651
Timeout, sequence number = 1608
Timeout, sequence number = 1651
[SR CLIENT] Sent data seq=1700
[SR CLIENT] Received ACK seq=1700
Timeout, sequence number = 1676
Timeout, sequence number = 1677
Timeout, sequence number = 1678
Timeout, sequence number = 1684
Timeout, sequence number = 1688
Timeout, sequence number = 1694
Timeout, sequence number = 1716
Timeout, sequence number = 1737
Timeout, sequence number = 1694
Timeout, sequence number = 1740
Timeout, sequence number = 1743
Timeout, sequence number = 1749
Timeout, sequence number = 1754
Timeout, sequence number = 1755
[SR CLIENT] Sent data seq=1800
[SR CLIENT] Received ACK seq=1800
Timeout, sequence number = 1754
Timeout, sequence number = 1762
Timeout, sequence number = 1771
Timeout, sequence number = 1782
Timeout, sequence number = 1787
Timeout, sequence number = 1804
Timeout, sequence number = 1805
Timeout, sequence number = 1762
Timeout, sequence number = 1823
[SR CLIENT] Sent data seq=1900
[SR CLIENT] Received ACK seq=1900
Timeout, sequence number = 1857
Timeout, sequence number = 1861
Timeout, sequence number = 1867
Timeout, sequence number = 1869
Timeout, sequence number = 1870
Timeout, sequence number = 1877
Timeout, sequence number = 1882
Timeout, sequence number = 1919
Timeout, sequence number = 1921
Timeout, sequence number = 1930
Timeout, sequence number = 1936
Timeout, sequence number = 1951
Timeout, sequence number = 1961
Timeout, sequence number = 1966
Timeout, sequence number = 1970
[SR CLIENT] Sent data seq=2000
Timeout, sequence number = 1983
[SR CLIENT] Received ACK seq=2000
Timeout, sequence number = 1994
Timeout, sequence number = 1997
Timeout, sequence number = 2001
Timeout, sequence number = 2017
Timeout, sequence number = 2049
Timeout, sequence number = 2050
Timeout, sequence number = 1994
[SR CLIENT] Sent data seq=2100
[SR CLIENT] Received ACK seq=2100
Timeout, sequence number = 2079
Timeout, sequence number = 2081
Timeout, sequence number = 2091
Timeout, sequence number = 2095
Timeout, sequence number = 2109
Timeout, sequence number = 2112
Timeout, sequence number = 2122
Timeout, sequence number = 2123
Timeout, sequence number = 2134
Timeout, sequence number = 2135
Timeout, sequence number = 2137
Timeout, sequence number = 2138
Timeout, sequence number = 2081
Timeout, sequence number = 2091
[SR CLIENT] Sent data seq=2200
[SR CLIENT] Received ACK seq=2200
Timeout, sequence number = 2155
Timeout, sequence number = 2159
Timeout, sequence number = 2163
Timeout, sequence number = 2164
Timeout, sequence number = 2174
Timeout, sequence number = 2202
Timeout, sequence number = 2155
[SR CLIENT] Sent data seq=2300
[SR CLIENT] Received ACK seq=2300
Timeout, sequence number = 2237
Timeout, sequence number = 2248
Timeout, sequence number = 2259
Timeout, sequence number = 2260
Timeout, sequence number = 2282
Timeout, sequence number = 2248
Timeout, sequence number = 2259
Timeout, sequence number = 2311
Timeout, sequence number = 2314
Timeout, sequence number = 2322
Timeout, sequence number = 2324
Timeout, sequence number = 2332
Timeout, sequence number = 2340
Timeout, sequence number = 2342
Timeout, sequence number = 2373
Timeout, sequence number = 2374
[SR CLIENT] Sent data seq=2400
[SR CLIENT] Received ACK seq=2400
[SR CLIENT] Summary: sent_packets=2401, ack_packets=2401, retransmitted_packets=399, timeout_events=399
Transfer complete. Delay = 25.941614 seconds

=== STDERR ===
