=== STDOUT ===
[SR CLIENT] Starting transfer: server=10.153.27.102:7735, file=demo_input.bin, N=64, MSS=500, total_segments=2401
[SR CLIENT] Sent data seq=0
[SR CLIENT] Sent data seq=1
[SR CLIENT] Sent data seq=2
[SR CLIENT] Sent data seq=3
[SR CLIENT] Sent data seq=4
Timeout, sequence number = 0
Timeout, sequence number = 1
Timeout, sequence number = 2
Timeout, sequence number = 3
Timeout, sequence number = 4
Timeout, sequence number = 5
Timeout, sequence number = 6
Timeout, sequence number = 7
Timeout, sequence number = 8
Timeout, sequence number = 9
Timeout, sequence number = 10
Timeout, sequence number = 11
Timeout, sequence number = 12
Timeout, sequence number = 13
Timeout, sequence number = 14
Timeout, sequence number = 15
Timeout, sequence number = 16
Timeout, sequence number = 17
Timeout, sequence number = 18
Timeout, sequence number = 19
Timeout, sequence number = 20
Timeout, sequence number = 21
Timeout, sequence number = 22
Timeout, sequence number = 23
Timeout, sequence number = 24
Timeout, sequence number = 25
Timeout, sequence number = 26
Timeout, sequence number = 27
Timeout, sequence number = 28
Timeout, sequence number = 29
Timeout, sequence number = 30
Timeout, sequence number = 31
Timeout, sequence number = 32
Timeout, sequence number = 33
Timeout, sequence number = 34
Timeout, sequence number = 35
Timeout, sequence number = 36
Timeout, sequence number = 37
Timeout, sequence number = 38
Timeout, sequence number = 39
Timeout, sequence number = 40
Timeout, sequence number = 41
Timeout, sequence number = 42
Timeout, sequence number = 43
Timeout, sequence number = 44
Timeout, sequence number = 45
Timeout, sequence number = 46
Timeout, sequence number = 47
Timeout, sequence number = 48
Timeout, sequence number = 49
Timeout, sequence number = 50
Timeout, sequence number = 51
Timeout, sequence number = 52
Timeout, sequence number = 53
Timeout, sequence number = 54
Timeout, sequence number = 55
Timeout, sequence number = 56
Timeout, sequence number = 57
Timeout, sequence number = 58
Timeout, sequence number = 59
Timeout, sequence number = 60
Timeout, sequence number = 61
Timeout, sequence number = 62
Timeout, sequence number = 63
Timeout, sequence number = 0
Timeout, sequence number = 1
Timeout, sequence number = 2
Timeout, sequence number = 3
Timeout, sequence number = 4
Timeout, sequence number = 5
Timeout, sequence number = 6
Timeout, sequence number = 7
Timeout, sequence number = 8
Timeout, sequence number = 9
Timeout, sequence number = 10
Timeout, sequence number = 11
Timeout, sequence number = 12
Timeout, sequence number = 13
Timeout, sequence number = 14
Timeout, sequence number = 15
Timeout, sequence number = 16
Timeout, sequence number = 17
Timeout, sequence number = 18
Timeout, sequence number = 19
Timeout, sequence number = 20
Timeout, sequence number = 21
Timeout, sequence number = 22
Timeout, sequence number = 23
Timeout, sequence number = 24
Timeout, sequence number = 25
Timeout, sequence number = 26
Timeout, sequence number = 27
Timeout, sequence number = 28
Timeout, sequence number = 29
Timeout, sequence number = 30
Timeout, sequence number = 31
Timeout, sequence number = 32
Timeout, sequence number = 33
Timeout, sequence number = 34
Timeout, sequence number = 35
Timeout, sequence number = 36
Timeout, sequence number = 37
Timeout, sequence number = 38
Timeout, sequence number = 39
Timeout, sequence number = 40
Timeout, sequence number = 41
Timeout, sequence number = 42
Timeout, sequence number = 43
Timeout, sequence number = 44
Timeout, sequence number = 45
Timeout, sequence number = 46
Timeout, sequence number = 47
Timeout, sequence number = 48
Timeout, sequence number = 49
Timeout, sequence number = 50
Timeout, sequence number = 51
Timeout, sequence number = 52
Timeout, sequence number = 53
Timeout, sequence number = 54
Timeout, sequence number = 55
Timeout, sequence number = 56
Timeout, sequence number = 57
Timeout, sequence number = 58
Timeout, sequence number = 59
Timeout, sequence number = 60
Timeout, sequence number = 61
Timeout, sequence number = 62
Timeout, sequence number = 63
Timeout, sequence number = 0
Timeout, sequence number = 1
Timeout, sequence number = 2
Timeout, sequence number = 3
Timeout, sequence number = 4
Timeout, sequence number = 5
Timeout, sequence number = 6
Timeout, sequence number = 7
Timeout, sequence number = 8
Timeout, sequence number = 9
Timeout, sequence number = 10
Timeout, sequence number = 11
Timeout, sequence number = 12
Timeout, sequence number = 13
Timeout, sequence number = 14
Timeout, sequence number = 15
Timeout, sequence number = 16
Timeout, sequence number = 17
Timeout, sequence number = 18
Timeout, sequence number = 19
Timeout, sequence number = 20
Timeout, sequence number = 21
Timeout, sequence number = 22
Timeout, sequence number = 23
Timeout, sequence number = 24
Timeout, sequence number = 25
Timeout, sequence number = 26
Timeout, sequence number = 27
Timeout, sequence number = 28
Timeout, sequence number = 29
Timeout, sequence number = 30
Timeout, sequence number = 31
Timeout, sequence number = 32
Timeout, sequence number = 33
Timeout, sequence number = 34
Timeout, sequence number = 35
Timeout, sequence number = 36
Timeout, sequence number = 37
Timeout, sequence number = 38
Timeout, sequence number = 39
Timeout, sequence number = 40
Timeout, sequence number = 41
Timeout, sequence number = 42
Timeout, sequence number = 43
Timeout, sequence number = 44
Timeout, sequence number = 45
Timeout, sequence number = 46
Timeout, sequence number = 47
Timeout, sequence number = 48
Timeout, sequence number = 49
Timeout, sequence number = 50
Timeout, sequence number = 51
Timeout, sequence number = 52
Timeout, sequence number = 53
Timeout, sequence number = 54
Timeout, sequence number = 55
Timeout, sequence number = 56
Timeout, sequence number = 57
Timeout, sequence number = 58
Timeout, sequence number = 59
Timeout, sequence number = 60
Timeout, sequence number = 61
Timeout, sequence number = 62
Timeout, sequence number = 63
Timeout, sequence number = 0
Timeout, sequence number = 1
Timeout, sequence number = 2
Timeout, sequence number = 3
Timeout, sequence number = 4
Timeout, sequence number = 5
Timeout, sequence number = 6
Timeout, sequence number = 7
Timeout, sequence number = 8
Timeout, sequence number = 9
Timeout, sequence number = 10
Timeout, sequence number = 11
Timeout, sequence number = 12
Timeout, sequence number = 13
Timeout, sequence number = 14
Timeout, sequence number = 15
Timeout, sequence number = 16
Timeout, sequence number = 17
Timeout, sequence number = 18
Timeout, sequence number = 19
Timeout, sequence number = 20
Timeout, sequence number = 21
Timeout, sequence number = 22
Timeout, sequence number = 23
Timeout, sequence number = 24
Timeout, sequence number = 25
Timeout, sequence number = 26
Timeout, sequence number = 27
Timeout, sequence number = 28
Timeout, sequence number = 29
Timeout, sequence number = 30
Timeout, sequence number = 31
Timeout, sequence number = 32
Timeout, sequence number = 33
Timeout, sequence number = 34
Timeout, sequence number = 35
Timeout, sequence number = 36
Timeout, sequence number = 37
Timeout, sequence number = 38
Timeout, sequence number = 39
Timeout, sequence number = 40
Timeout, sequence number = 41
Timeout, sequence number = 42
Timeout, sequence number = 43
Timeout, sequence number = 44
Timeout, sequence number = 45
Timeout, sequence number = 46
Timeout, sequence number = 47
Timeout, sequence number = 48
Timeout, sequence number = 49
Timeout, sequence number = 50
Timeout, sequence number = 51
Timeout, sequence number = 52
Timeout, sequence number = 53
Timeout, sequence number = 54
Timeout, sequence number = 55
Timeout, sequence number = 56
Timeout, sequence number = 57
Timeout, sequence number = 58
Timeout, sequence number = 59
Timeout, sequence number = 60
Timeout, sequence number = 61
Timeout, sequence number = 62
Timeout, sequence number = 63
Timeout, sequence number = 0
Timeout, sequence number = 1
Timeout, sequence number = 2
Timeout, sequence number = 3
Timeout, sequence number = 4
Timeout, sequence number = 5
Timeout, sequence number = 6
Timeout, sequence number = 7
Timeout, sequence number = 8
Timeout, sequence number = 9
Timeout, sequence number = 10
Timeout, sequence number = 11
Timeout, sequence number = 12
Timeout, sequence number = 13
Timeout, sequence number = 14
Timeout, sequence number = 15
Timeout, sequence number = 16
Timeout, sequence number = 17
Timeout, sequence number = 18
Timeout, sequence number = 19
Timeout, sequence number = 20
Timeout, sequence number = 21
Timeout, sequence number = 22
Timeout, sequence number = 23
Timeout, sequence number = 24
Timeout, sequence number = 25
Timeout, sequence number = 26
Timeout, sequence number = 27
Timeout, sequence number = 28
Timeout, sequence number = 29
Timeout, sequence number = 30
Timeout, sequence number = 31
Timeout, sequence number = 32
Timeout, sequence number = 33
Timeout, sequence number = 34
Timeout, sequence number = 35
Timeout, sequence number = 36
Timeout, sequence number = 37
Timeout, sequence number = 38
Timeout, sequence number = 39
Timeout, sequence number = 40
Timeout, sequence number = 41
Timeout, sequence number = 42
Timeout, sequence number = 43
Timeout, sequence number = 44
Timeout, sequence number = 45
Timeout, sequence number = 46
Timeout, sequence number = 47
Timeout, sequence number = 48
Timeout, sequence number = 49
Timeout, sequence number = 50
Timeout, sequence number = 51
Timeout, sequence number = 52
Timeout, sequence number = 53
Timeout, sequence number = 54
Timeout, sequence number = 55
Timeout, sequence number = 56
Timeout, sequence number = 57
Timeout, sequence number = 58
Timeout, sequence number = 59
Timeout, sequence number = 60
Timeout, sequence number = 61
Timeout, sequence number = 62
Timeout, sequence number = 63
Timeout, sequence number = 0
Timeout, sequence number = 1
Timeout, sequence number = 2
Timeout, sequence number = 3
Timeout, sequence number = 4
Timeout, sequence number = 5
Timeout, sequence number = 6
Timeout, sequence number = 7
Timeout, sequence number = 8
Timeout, sequence number = 9
Timeout, sequence number = 10
Timeout, sequence number = 11
Timeout, sequence number = 12
Timeout, sequence number = 13
Timeout, sequence number = 14
Timeout, sequence number = 15
Timeout, sequence number = 16
Timeout, sequence number = 17
Timeout, sequence number = 18
Timeout, sequence number = 19
Timeout, sequence number = 20
Timeout, sequence number = 21
Timeout, sequence number = 22
Timeout, sequence number = 23
Timeout, sequence number = 24
Timeout, sequence number = 25
Timeout, sequence number = 26
Timeout, sequence number = 27
Timeout, sequence number = 28
Timeout, sequence number = 29
Timeout, sequence number = 30
Timeout, sequence number = 31
Timeout, sequence number = 32
Timeout, sequence number = 33
Timeout, sequence number = 34
Timeout, sequence number = 35
Timeout, sequence number = 36
Timeout, sequence number = 37
Timeout, sequence number = 38
Timeout, sequence number = 39
Timeout, sequence number = 40
Timeout, sequence number = 41
Timeout, sequence number = 42
Timeout, sequence number = 43
Timeout, sequence number = 44
Timeout, sequence number = 45
Timeout, sequence number = 46
Timeout, sequence number = 47
Timeout, sequence number = 48
Timeout, sequence number = 49
Timeout, sequence number = 50
Timeout, sequence number = 51
Timeout, sequence number = 52
Timeout, sequence number = 53
Timeout, sequence number = 54
Timeout, sequence number = 55
Timeout, sequence number = 56
Timeout, sequence number = 57
Timeout, sequence number = 58
Timeout, sequence number = 59
Timeout, sequence number = 60
Timeout, sequence number = 61
Timeout, sequence number = 62
Timeout, sequence number = 63
Timeout, sequence number = 0
Timeout, sequence number = 1
Timeout, sequence number = 2
Timeout, sequence number = 3
Timeout, sequence number = 4
Timeout, sequence number = 5
Timeout, sequence number = 6
Timeout, sequence number = 7
Timeout, sequence number = 8
Timeout, sequence number = 9
Timeout, sequence number = 10
Timeout, sequence number = 11
Timeout, sequence number = 12
Timeout, sequence number = 13
Timeout, sequence number = 14
Timeout, sequence number = 15
Timeout, sequence number = 16
Timeout, sequence number = 17
Timeout, sequence number = 18
Timeout, sequence number = 19
Timeout, sequence number = 20
Timeout, sequence number = 21
Timeout, sequence number = 22
Timeout, sequence number = 23
Timeout, sequence number = 24
Timeout, sequence number = 25
Timeout, sequence number = 26
Timeout, sequence number = 27
Timeout, sequence number = 28
Timeout, sequence number = 29
Timeout, sequence number = 30
Timeout, sequence number = 31
Timeout, sequence number = 32
Timeout, sequence number = 33
Timeout, sequence number = 34
Timeout, sequence number = 35
Timeout, sequence number = 36
Timeout, sequence number = 37
Timeout, sequence number = 38
Timeout, sequence number = 39
Timeout, sequence number = 40
Timeout, sequence number = 41
Timeout, sequence number = 42
Timeout, sequence number = 43
Timeout, sequence number = 44
Timeout, sequence number = 45
Timeout, sequence number = 46
Timeout, sequence number = 47
Timeout, sequence number = 48
Timeout, sequence number = 49
Timeout, sequence number = 50
Timeout, sequence number = 51
Timeout, sequence number = 52
Timeout, sequence number = 53
Timeout, sequence number = 54
Timeout, sequence number = 55
Timeout, sequence number = 56
Timeout, sequence number = 57
Timeout, sequence number = 58
Timeout, sequence number = 59
Timeout, sequence number = 60
Timeout, sequence number = 61
Timeout, sequence number = 62
Timeout, sequence number = 63
Timeout, sequence number = 0
Timeout, sequence number = 1
Timeout, sequence number = 2
Timeout, sequence number = 3
Timeout, sequence number = 4
Timeout, sequence number = 5
Timeout, sequence number = 6
Timeout, sequence number = 7
Timeout, sequence number = 8
Timeout, sequence number = 9
Timeout, sequence number = 10
Timeout, sequence number = 11
Timeout, sequence number = 12
Timeout, sequence number = 13
Timeout, sequence number = 14
Timeout, sequence number = 15
Timeout, sequence number = 16
Timeout, sequence number = 17
Timeout, sequence number = 18
Timeout, sequence number = 19
Timeout, sequence number = 20
Timeout, sequence number = 21
Timeout, sequence number = 22
Timeout, sequence number = 23
Timeout, sequence number = 24
Timeout, sequence number = 25
Timeout, sequence number = 26
Timeout, sequence number = 27
Timeout, sequence number = 28
Timeout, sequence number = 29
Timeout, sequence number = 30
Timeout, sequence number = 31
Timeout, sequence number = 32
Timeout, sequence number = 33
Timeout, sequence number = 34
Timeout, sequence number = 35
Timeout, sequence number = 36
Timeout, sequence number = 37
Timeout, sequence number = 38
Timeout, sequence number = 39
Timeout, sequence number = 40
Timeout, sequence number = 41
Timeout, sequence number = 42
Timeout, sequence number = 43
Timeout, sequence number = 44
Timeout, sequence number = 45
Timeout, sequence number = 46
Timeout, sequence number = 47
Timeout, sequence number = 48
Timeout, sequence number = 49
Timeout, sequence number = 50
Timeout, sequence number = 51
Timeout, sequence number = 52
Timeout, sequence number = 53
Timeout, sequence number = 54
Timeout, sequence number = 55
Timeout, sequence number = 56
Timeout, sequence number = 57
Timeout, sequence number = 58
Timeout, sequence number = 59
Timeout, sequence number = 60
Timeout, sequence number = 61
Timeout, sequence number = 62
Timeout, sequence number = 63
Timeout, sequence number = 0
Timeout, sequence number = 1
Timeout, sequence number = 2
Timeout, sequence number = 3
Timeout, sequence number = 4
Timeout, sequence number = 5
Timeout, sequence number = 6
Timeout, sequence number = 7
Timeout, sequence number = 8
Timeout, sequence number = 9
Timeout, sequence number = 10
Timeout, sequence number = 11
Timeout, sequence number = 12
Timeout, sequence number = 13
Timeout, sequence number = 14
Timeout, sequence number = 15
Timeout, sequence number = 16
Timeout, sequence number = 17
Timeout, sequence number = 18
Timeout, sequence number = 19
Timeout, sequence number = 20
Timeout, sequence number = 21
Timeout, sequence number = 22
Timeout, sequence number = 23
Timeout, sequence number = 24
Timeout, sequence number = 25
Timeout, sequence number = 26
Timeout, sequence number = 27
Timeout, sequence number = 28
Timeout, sequence number = 29
Timeout, sequence number = 30
Timeout, sequence number = 31
Timeout, sequence number = 32
Timeout, sequence number = 33
Timeout, sequence number = 34
Timeout, sequence number = 35
Timeout, sequence number = 36
Timeout, sequence number = 37
Timeout, sequence number = 38
Timeout, sequence number = 39
Timeout, sequence number = 40
Timeout, sequence number = 41
Timeout, sequence number = 42
Timeout, sequence number = 43
Timeout, sequence number = 44
Timeout, sequence number = 45
Timeout, sequence number = 46
Timeout, sequence number = 47
Timeout, sequence number = 48
Timeout, sequence number = 49
Timeout, sequence number = 50
Timeout, sequence number = 51
Timeout, sequence number = 52
Timeout, sequence number = 53
Timeout, sequence number = 54
Timeout, sequence number = 55
Timeout, sequence number = 56
Timeout, sequence number = 57
Timeout, sequence number = 58
Timeout, sequence number = 59
Timeout, sequence number = 60
Timeout, sequence number = 61
Timeout, sequence number = 62
Timeout, sequence number = 63
Timeout, sequence number = 0
Timeout, sequence number = 1
Timeout, sequence number = 2
Timeout, sequence number = 3
Timeout, sequence number = 4
Timeout, sequence number = 5
Timeout, sequence number = 6
Timeout, sequence number = 7
Timeout, sequence number = 8
Timeout, sequence number = 9
Timeout, sequence number = 10
Timeout, sequence number = 11
Timeout, sequence number = 12
Timeout, sequence number = 13
Timeout, sequence number = 14
Timeout, sequence number = 15
Timeout, sequence number = 16
Timeout, sequence number = 17
Timeout, sequence number = 18
Timeout, sequence number = 19
Timeout, sequence number = 20
Timeout, sequence number = 21
Timeout, sequence number = 22
Timeout, sequence number = 23
Timeout, sequence number = 24
Timeout, sequence number = 25
Timeout, sequence number = 26
Timeout, sequence number = 27
Timeout, sequence number = 28
Timeout, sequence number = 29
Timeout, sequence number = 30
Timeout, sequence number = 31
Timeout, sequence number = 32
Timeout, sequence number = 33
Timeout, sequence number = 34
Timeout, sequence number = 35
Timeout, sequence number = 36
Timeout, sequence number = 37
Timeout, sequence number = 38
Timeout, sequence number = 39
Timeout, sequence number = 40
Timeout, sequence number = 41
Timeout, sequence number = 42
Timeout, sequence number = 43
Timeout, sequence number = 44
Timeout, sequence number = 45
Timeout, sequence number = 46
Timeout, sequence number = 47
Timeout, sequence number = 48
Timeout, sequence number = 49
Timeout, sequence number = 50
Timeout, sequence number = 51
Timeout, sequence number = 52
Timeout, sequence number = 53
Timeout, sequence number = 54
Timeout, sequence number = 55
Timeout, sequence number = 56
Timeout, sequence number = 57
Timeout, sequence number = 58
Timeout, sequence number = 59
Timeout, sequence number = 60
Timeout, sequence number = 61
Timeout, sequence number = 62
Timeout, sequence number = 63
Timeout, sequence number = 0
Timeout, sequence number = 1
Timeout, sequence number = 2
Timeout, sequence number = 3
Timeout, sequence number = 4
Timeout, sequence number = 5
Timeout, sequence number = 6
Timeout, sequence number = 7
Timeout, sequence number = 8
Timeout, sequence number = 9
Timeout, sequence number = 10
Timeout, sequence number = 11
Timeout, sequence number = 12
Timeout, sequence number = 13
Timeout, sequence number = 14
Timeout, sequence number = 15
Timeout, sequence number = 16
Timeout, sequence number = 17
Timeout, sequence number = 18
Timeout, sequence number = 19
Timeout, sequence number = 20
Timeout, sequence number = 21
Timeout, sequence number = 22
Timeout, sequence number = 23
Timeout, sequence number = 24
Timeout, sequence number = 25
Timeout, sequence number = 26
Timeout, sequence number = 27
Timeout, sequence number = 28
Timeout, sequence number = 29
Timeout, sequence number = 30
Timeout, sequence number = 31
Timeout, sequence number = 32
Timeout, sequence number = 33
Timeout, sequence number = 34
Timeout, sequence number = 35
Timeout, sequence number = 36
Timeout, sequence number = 37
Timeout, sequence number = 38
Timeout, sequence number = 39
Timeout, sequence number = 40
Timeout, sequence number = 41
Timeout, sequence number = 42
Timeout, sequence number = 43
Timeout, sequence number = 44
Timeout, sequence number = 45
Timeout, sequence number = 46
Timeout, sequence number = 47
Timeout, sequence number = 48
Timeout, sequence number = 49
Timeout, sequence number = 50
Timeout, sequence number = 51
Timeout, sequence number = 52
Timeout, sequence number = 53
Timeout, sequence number = 54
Timeout, sequence number = 55
Timeout, sequence number = 56
Timeout, sequence number = 57
Timeout, sequence number = 58
Timeout, sequence number = 59
Timeout, sequence number = 60
Timeout, sequence number = 61
Timeout, sequence number = 62
Timeout, sequence number = 63
Timeout, sequence number = 0
Timeout, sequence number = 1
Timeout, sequence number = 2
Timeout, sequence number = 3
Timeout, sequence number = 4
Timeout, sequence number = 5
Timeout, sequence number = 6
Timeout, sequence number = 7
Timeout, sequence number = 8
Timeout, sequence number = 9
Timeout, sequence number = 10
Timeout, sequence number = 11
Timeout, sequence number = 12
Timeout, sequence number = 13
Timeout, sequence number = 14
Timeout, sequence number = 15
Timeout, sequence number = 16
Timeout, sequence number = 17
Timeout, sequence number = 18
Timeout, sequence number = 19
Timeout, sequence number = 20
Timeout, sequence number = 21
Timeout, sequence number = 22
Timeout, sequence number = 23
Timeout, sequence number = 24
Timeout, sequence number = 25
Timeout, sequence number = 26
Timeout, sequence number = 27
Timeout, sequence number = 28
Timeout, sequence number = 29
Timeout, sequence number = 30
Timeout, sequence number = 31
Timeout, sequence number = 32
Timeout, sequence number = 33
Timeout, sequence number = 34
Timeout, sequence number = 35
Timeout, sequence number = 36
Timeout, sequence number = 37
Timeout, sequence number = 38
Timeout, sequence number = 39
Timeout, sequence number = 40
Timeout, sequence number = 41
Timeout, sequence number = 42
Timeout, sequence number = 43
Timeout, sequence number = 44
Timeout, sequence number = 45
Timeout, sequence number = 46
Timeout, sequence number = 47
Timeout, sequence number = 48
Timeout, sequence number = 49
Timeout, sequence number = 50
Timeout, sequence number = 51
Timeout, sequence number = 52
Timeout, sequence number = 53
Timeout, sequence number = 54
Timeout, sequence number = 55
Timeout, sequence number = 56
Timeout, sequence number = 57
Timeout, sequence number = 58
Timeout, sequence number = 59
Timeout, sequence number = 60
Timeout, sequence number = 61
Timeout, sequence number = 62
Timeout, sequence number = 63
Timeout, sequence number = 0
Timeout, sequence number = 1
Timeout, sequence number = 2
Timeout, sequence number = 3
Timeout, sequence number = 4
Timeout, sequence number = 5
Timeout, sequence number = 6
Timeout, sequence number = 7
Timeout, sequence number = 8
Timeout, sequence number = 9
Timeout, sequence number = 10
Timeout, sequence number = 11
Timeout, sequence number = 12
Timeout, sequence number = 13
Timeout, sequence number = 14
Timeout, sequence number = 15
Timeout, sequence number = 16
Timeout, sequence number = 17
Timeout, sequence number = 18
Timeout, sequence number = 19
Timeout, sequence number = 20
Timeout, sequence number = 21
Timeout, sequence number = 22
Timeout, sequence number = 23
Timeout, sequence number = 24
Timeout, sequence number = 25
Timeout, sequence number = 26
Timeout, sequence number = 27
Timeout, sequence number = 28
Timeout, sequence number = 29
Timeout, sequence number = 30
Timeout, sequence number = 31
Timeout, sequence number = 32
Timeout, sequence number = 33
Timeout, sequence number = 34
Timeout, sequence number = 35
Timeout, sequence number = 36
Timeout, sequence number = 37
Timeout, sequence number = 38
Timeout, sequence number = 39
Timeout, sequence number = 40
Timeout, sequence number = 41
Timeout, sequence number = 42
Timeout, sequence number = 43
Timeout, sequence number = 44
Timeout, sequence number = 45
Timeout, sequence number = 46
Timeout, sequence number = 47
Timeout, sequence number = 48
Timeout, sequence number = 49
Timeout, sequence number = 50
Timeout, sequence number = 51
Timeout, sequence number = 52
Timeout, sequence number = 53
Timeout, sequence number = 54
Timeout, sequence number = 55
Timeout, sequence number = 56
Timeout, sequence number = 57
Timeout, sequence number = 58
Timeout, sequence number = 59
Timeout, sequence number = 60
Timeout, sequence number = 61
Timeout, sequence number = 62
Timeout, sequence number = 63
Timeout, sequence number = 0
Timeout, sequence number = 1
Timeout, sequence number = 2
Timeout, sequence number = 3
Timeout, sequence number = 4
Timeout, sequence number = 5
Timeout, sequence number = 6
Timeout, sequence number = 7
Timeout, sequence number = 8
Timeout, sequence number = 9
Timeout, sequence number = 10
Timeout, sequence number = 11
Timeout, sequence number = 12
Timeout, sequence number = 13
Timeout, sequence number = 14
Timeout, sequence number = 15
Timeout, sequence number = 16
Timeout, sequence number = 17
Timeout, sequence number = 18
Timeout, sequence number = 19
Timeout, sequence number = 20
Timeout, sequence number = 21
Timeout, sequence number = 22
Timeout, sequence number = 23
Timeout, sequence number = 24
Timeout, sequence number = 25
Timeout, sequence number = 26
Timeout, sequence number = 27
Timeout, sequence number = 28
Timeout, sequence number = 29
Timeout, sequence number = 30
Timeout, sequence number = 31
Timeout, sequence number = 32
Timeout, sequence number = 33
Timeout, sequence number = 34
Timeout, sequence number = 35
Timeout, sequence number = 36
Timeout, sequence number = 37
Timeout, sequence number = 38
Timeout, sequence number = 39
Timeout, sequence number = 40
Timeout, sequence number = 41
Timeout, sequence number = 42
Timeout, sequence number = 43
Timeout, sequence number = 44
Timeout, sequence number = 45
Timeout, sequence number = 46
Timeout, sequence number = 47
Timeout, sequence number = 48
Timeout, sequence number = 49
Timeout, sequence number = 50
Timeout, sequence number = 51
Timeout, sequence number = 52
Timeout, sequence number = 53
Timeout, sequence number = 54
Timeout, sequence number = 55
Timeout, sequence number = 56
Timeout, sequence number = 57
Timeout, sequence number = 58
Timeout, sequence number = 59
Timeout, sequence number = 60
Timeout, sequence number = 61
Timeout, sequence number = 62
Timeout, sequence number = 63
Timeout, sequence number = 0
Timeout, sequence number = 1
Timeout, sequence number = 2
Timeout, sequence number = 3
Timeout, sequence number = 4
Timeout, sequence number = 5
Timeout, sequence number = 6
Timeout, sequence number = 7
Timeout, sequence number = 8
Timeout, sequence number = 9
Timeout, sequence number = 10
Timeout, sequence number = 11
Timeout, sequence number = 12
Timeout, sequence number = 13
Timeout, sequence number = 14
Timeout, sequence number = 15
Timeout, sequence number = 16
Timeout, sequence number = 17
Timeout, sequence number = 18
Timeout, sequence number = 19
Timeout, sequence number = 20
Timeout, sequence number = 21
Timeout, sequence number = 22
Timeout, sequence number = 23
Timeout, sequence number = 24
Timeout, sequence number = 25
Timeout, sequence number = 26
Timeout, sequence number = 27
Timeout, sequence number = 28
Timeout, sequence number = 29
Timeout, sequence number = 30
Timeout, sequence number = 31
Timeout, sequence number = 32
Timeout, sequence number = 33
Timeout, sequence number = 34
Timeout, sequence number = 35
Timeout, sequence number = 36
Timeout, sequence number = 37
Timeout, sequence number = 38
Timeout, sequence number = 39
Timeout, sequence number = 40
Timeout, sequence number = 41
Timeout, sequence number = 42
Timeout, sequence number = 43
Timeout, sequence number = 44
Timeout, sequence number = 45
Timeout, sequence number = 46
Timeout, sequence number = 47
Timeout, sequence number = 48
Timeout, sequence number = 49
Timeout, sequence number = 50
Timeout, sequence number = 51
Timeout, sequence number = 52
Timeout, sequence number = 53
Timeout, sequence number = 54
Timeout, sequence number = 55
Timeout, sequence number = 56
Timeout, sequence number = 57
Timeout, sequence number = 58
Timeout, sequence number = 59
Timeout, sequence number = 60
Timeout, sequence number = 61
Timeout, sequence number = 62
Timeout, sequence number = 63
Timeout, sequence number = 0
Timeout, sequence number = 1
Timeout, sequence number = 2
Timeout, sequence number = 3
Timeout, sequence number = 4
Timeout, sequence number = 5
Timeout, sequence number = 6
Timeout, sequence number = 7
Timeout, sequence number = 8
Timeout, sequence number = 9
Timeout, sequence number = 10
Timeout, sequence number = 11
Timeout, sequence number = 12
Timeout, sequence number = 13
Timeout, sequence number = 14
Timeout, sequence number = 15
Timeout, sequence number = 16
Timeout, sequence number = 17
Timeout, sequence number = 18
Timeout, sequence number = 19
Timeout, sequence number = 20
Timeout, sequence number = 21
Timeout, sequence number = 22
Timeout, sequence number = 23
Timeout, sequence number = 24
Timeout, sequence number = 25
Timeout, sequence number = 26
Timeout, sequence number = 27
Timeout, sequence number = 28
Timeout, sequence number = 29
Timeout, sequence number = 30
Timeout, sequence number = 31
Timeout, sequence number = 32
Timeout, sequence number = 33
Timeout, sequence number = 34
Timeout, sequence number = 35
Timeout, sequence number = 36
Timeout, sequence number = 37
Timeout, sequence number = 38
Timeout, sequence number = 39
Timeout, sequence number = 40
Timeout, sequence number = 41
Timeout, sequence number = 42
Timeout, sequence number = 43
Timeout, sequence number = 44
Timeout, sequence number = 45
Timeout, sequence number = 46
Timeout, sequence number = 47
Timeout, sequence number = 48
Timeout, sequence number = 49
Timeout, sequence number = 50
Timeout, sequence number = 51
Timeout, sequence number = 52
Timeout, sequence number = 53
Timeout, sequence number = 54
Timeout, sequence number = 55
Timeout, sequence number = 56
Timeout, sequence number = 57
Timeout, sequence number = 58
Timeout, sequence number = 59
Timeout, sequence number = 60
Timeout, sequence number = 61
Timeout, sequence number = 62
Timeout, sequence number = 63
Timeout, sequence number = 0
Timeout, sequence number = 1
Timeout, sequence number = 2
Timeout, sequence number = 3
Timeout, sequence number = 4
Timeout, sequence number = 5
Timeout, sequence number = 6
Timeout, sequence number = 7
Timeout, sequence number = 8
Timeout, sequence number = 9
Timeout, sequence number = 10
Timeout, sequence number = 11
Timeout, sequence number = 12
Timeout, sequence number = 13
Timeout, sequence number = 14
Timeout, sequence number = 15
Timeout, sequence number = 16
Timeout, sequence number = 17
Timeout, sequence number = 18
Timeout, sequence number = 19
Timeout, sequence number = 20
Timeout, sequence number = 21
Timeout, sequence number = 22
Timeout, sequence number = 23
Timeout, sequence number = 24
Timeout, sequence number = 25
Timeout, sequence number = 26
Timeout, sequence number = 27
Timeout, sequence number = 28
Timeout, sequence number = 29
Timeout, sequence number = 30
Timeout, sequence number = 31
Timeout, sequence number = 32
Timeout, sequence number = 33
Timeout, sequence number = 34
Timeout, sequence number = 35
Timeout, sequence number = 36
Timeout, sequence number = 37
Timeout, sequence number = 38
Timeout, sequence number = 39
Timeout, sequence number = 40
Timeout, sequence number = 41
Timeout, sequence number = 42
Timeout, sequence number = 43
Timeout, sequence number = 44
Timeout, sequence number = 45
Timeout, sequence number = 46
Timeout, sequence number = 47
Timeout, sequence number = 48
Timeout, sequence number = 49
Timeout, sequence number = 50
Timeout, sequence number = 51
Timeout, sequence number = 52
Timeout, sequence number = 53
Timeout, sequence number = 54
Timeout, sequence number = 55
Timeout, sequence number = 56
Timeout, sequence number = 57
Timeout, sequence number = 58
Timeout, sequence number = 59
Timeout, sequence number = 60
Timeout, sequence number = 61
Timeout, sequence number = 62
Timeout, sequence number = 63
Timeout, sequence number = 0
Timeout, sequence number = 1
Timeout, sequence number = 2
Timeout, sequence number = 3
Timeout, sequence number = 4
Timeout, sequence number = 5
Timeout, sequence number = 6
Timeout, sequence number = 7
Timeout, sequence number = 8
Timeout, sequence number = 9
Timeout, sequence number = 10
Timeout, sequence number = 11
Timeout, sequence number = 12
Timeout, sequence number = 13
Timeout, sequence number = 14
Timeout, sequence number = 15
Timeout, sequence number = 16
Timeout, sequence number = 17
Timeout, sequence number = 18
Timeout, sequence number = 19
Timeout, sequence number = 20
Timeout, sequence number = 21
Timeout, sequence number = 22
Timeout, sequence number = 23
Timeout, sequence number = 24
Timeout, sequence number = 25
Timeout, sequence number = 26
Timeout, sequence number = 27
Timeout, sequence number = 28
Timeout, sequence number = 29
Timeout, sequence number = 30
Timeout, sequence number = 31
Timeout, sequence number = 32
Timeout, sequence number = 33
Timeout, sequence number = 34
Timeout, sequence number = 35
Timeout, sequence number = 36
Timeout, sequence number = 37
Timeout, sequence number = 38
Timeout, sequence number = 39
Timeout, sequence number = 40
Timeout, sequence number = 41
Timeout, sequence number = 42
Timeout, sequence number = 43
Timeout, sequence number = 44
Timeout, sequence number = 45
Timeout, sequence number = 46
Timeout, sequence number = 47
Timeout, sequence number = 48
Timeout, sequence number = 49
Timeout, sequence number = 50
Timeout, sequence number = 51
Timeout, sequence number = 52
Timeout, sequence number = 53
Timeout, sequence number = 54
Timeout, sequence number = 55
Timeout, sequence number = 56
Timeout, sequence number = 57
Timeout, sequence number = 58
Timeout, sequence number = 59
Timeout, sequence number = 60
Timeout, sequence number = 61
Timeout, sequence number = 62
Timeout, sequence number = 63
Timeout, sequence number = 0
Timeout, sequence number = 1
Timeout, sequence number = 2
Timeout, sequence number = 3
Timeout, sequence number = 4
Timeout, sequence number = 5
Timeout, sequence number = 6
Timeout, sequence number = 7
Timeout, sequence number = 8
Timeout, sequence number = 9
Timeout, sequence number = 10
Timeout, sequence number = 11
Timeout, sequence number = 12
Timeout, sequence number = 13
Timeout, sequence number = 14
Timeout, sequence number = 15
Timeout, sequence number = 16
Timeout, sequence number = 17
Timeout, sequence number = 18
Timeout, sequence number = 19
Timeout, sequence number = 20
Timeout, sequence number = 21
Timeout, sequence number = 22
Timeout, sequence number = 23
Timeout, sequence number = 24
Timeout, sequence number = 25
Timeout, sequence number = 26
Timeout, sequence number = 27
Timeout, sequence number = 28
Timeout, sequence number = 29
Timeout, sequence number = 30
Timeout, sequence number = 31
Timeout, sequence number = 32
Timeout, sequence number = 33
Timeout, sequence number = 34
Timeout, sequence number = 35
Timeout, sequence number = 36
Timeout, sequence number = 37
Timeout, sequence number = 38
Timeout, sequence number = 39
Timeout, sequence number = 40
Timeout, sequence number = 41
Timeout, sequence number = 42
Timeout, sequence number = 43
Timeout, sequence number = 44
Timeout, sequence number = 45
Timeout, sequence number = 46
Timeout, sequence number = 47
Timeout, sequence number = 48
Timeout, sequence number = 49
Timeout, sequence number = 50
Timeout, sequence number = 51
Timeout, sequence number = 52
Timeout, sequence number = 53
Timeout, sequence number = 54
Timeout, sequence number = 55
Timeout, sequence number = 56
Timeout, sequence number = 57
Timeout, sequence number = 58
Timeout, sequence number = 59
Timeout, sequence number = 60
Timeout, sequence number = 61
Timeout, sequence number = 62
Timeout, sequence number = 63
Timeout, sequence number = 0
Timeout, sequence number = 1
Timeout, sequence number = 2
Timeout, sequence number = 3
Timeout, sequence number = 4
Timeout, sequence number = 5
Timeout, sequence number = 6
Timeout, sequence number = 7
Timeout, sequence number = 8
Timeout, sequence number = 9
Timeout, sequence number = 10
Timeout, sequence number = 11
Timeout, sequence number = 12
Timeout, sequence number = 13
Timeout, sequence number = 14
Timeout, sequence number = 15
Timeout, sequence number = 16
Timeout, sequence number = 17
Timeout, sequence number = 18
Timeout, sequence number = 19
Timeout, sequence number = 20
Timeout, sequence number = 21
Timeout, sequence number = 22
Timeout, sequence number = 23
Timeout, sequence number = 24
Timeout, sequence number = 25
Timeout, sequence number = 26
Timeout, sequence number = 27
Timeout, sequence number = 28
Timeout, sequence number = 29
Timeout, sequence number = 30
Timeout, sequence number = 31
Timeout, sequence number = 32
Timeout, sequence number = 33
Timeout, sequence number = 34
Timeout, sequence number = 35
Timeout, sequence number = 36
Timeout, sequence number = 37
Timeout, sequence number = 38
Timeout, sequence number = 39
Timeout, sequence number = 40
Timeout, sequence number = 41
Timeout, sequence number = 42
Timeout, sequence number = 43
Timeout, sequence number = 44
Timeout, sequence number = 45
Timeout, sequence number = 46
Timeout, sequence number = 47
Timeout, sequence number = 48
Timeout, sequence number = 49
Timeout, sequence number = 50
Timeout, sequence number = 51
Timeout, sequence number = 52
Timeout, sequence number = 53
Timeout, sequence number = 54
Timeout, sequence number = 55
Timeout, sequence number = 56
Timeout, sequence number = 57
Timeout, sequence number = 58
Timeout, sequence number = 59
Timeout, sequence number = 60
Timeout, sequence number = 61
Timeout, sequence number = 62
Timeout, sequence number = 63
Timeout, sequence number = 0
Timeout, sequence number = 1
Timeout, sequence number = 2
Timeout, sequence number = 3
Timeout, sequence number = 4
Timeout, sequence number = 5
Timeout, sequence number = 6
Timeout, sequence number = 7
Timeout, sequence number = 8
Timeout, sequence number = 9
Timeout, sequence number = 10
Timeout, sequence number = 11
Timeout, sequence number = 12
Timeout, sequence number = 13
Timeout, sequence number = 14
Timeout, sequence number = 15
Timeout, sequence number = 16
Timeout, sequence number = 17
Timeout, sequence number = 18
Timeout, sequence number = 19
Timeout, sequence number = 20
Timeout, sequence number = 21
Timeout, sequence number = 22
Timeout, sequence number = 23
Timeout, sequence number = 24
Timeout, sequence number = 25
Timeout, sequence number = 26
Timeout, sequence number = 27
Timeout, sequence number = 28
Timeout, sequence number = 29
Timeout, sequence number = 30
Timeout, sequence number = 31
Timeout, sequence number = 32
Timeout, sequence number = 33
Timeout, sequence number = 34
Timeout, sequence number = 35
Timeout, sequence number = 36
Timeout, sequence number = 37
Timeout, sequence number = 38
Timeout, sequence number = 39
Timeout, sequence number = 40
Timeout, sequence number = 41
Timeout, sequence number = 42
Timeout, sequence number = 43
Timeout, sequence number = 44
Timeout, sequence number = 45
Timeout, sequence number = 46
Timeout, sequence number = 47
Timeout, sequence number = 48
Timeout, sequence number = 49
Timeout, sequence number = 50
Timeout, sequence number = 51
Timeout, sequence number = 52
Timeout, sequence number = 53
Timeout, sequence number = 54
Timeout, sequence number = 55
Timeout, sequence number = 56
Timeout, sequence number = 57
Timeout, sequence number = 58
Timeout, sequence number = 59
Timeout, sequence number = 60
Timeout, sequence number = 61
Timeout, sequence number = 62
Timeout, sequence number = 63
Timeout, sequence number = 0
Timeout, sequence number = 1
Timeout, sequence number = 2
Timeout, sequence number = 3
Timeout, sequence number = 4
Timeout, sequence number = 5
Timeout, sequence number = 6
Timeout, sequence number = 7
Timeout, sequence number = 8
Timeout, sequence number = 9
Timeout, sequence number = 10
Timeout, sequence number = 11
Timeout, sequence number = 12
Timeout, sequence number = 13
Timeout, sequence number = 14
Timeout, sequence number = 15
Timeout, sequence number = 16
Timeout, sequence number = 17
Timeout, sequence number = 18
Timeout, sequence number = 19
Timeout, sequence number = 20
Timeout, sequence number = 21
Timeout, sequence number = 22
Timeout, sequence number = 23
Timeout, sequence number = 24
Timeout, sequence number = 25
Timeout, sequence number = 26
Timeout, sequence number = 27
Timeout, sequence number = 28
Timeout, sequence number = 29
Timeout, sequence number = 30
Timeout, sequence number = 31
Timeout, sequence number = 32
Timeout, sequence number = 33
Timeout, sequence number = 34
Timeout, sequence number = 35
Timeout, sequence number = 36
Timeout, sequence number = 37
Timeout, sequence number = 38
Timeout, sequence number = 39
Timeout, sequence number = 40
Timeout, sequence number = 41
Timeout, sequence number = 42
Timeout, sequence number = 43
Timeout, sequence number = 44
Timeout, sequence number = 45
Timeout, sequence number = 46
Timeout, sequence number = 47
Timeout, sequence number = 48
Timeout, sequence number = 49
Timeout, sequence number = 50
Timeout, sequence number = 51
Timeout, sequence number = 52
Timeout, sequence number = 53
Timeout, sequence number = 54
Timeout, sequence number = 55
Timeout, sequence number = 56
Timeout, sequence number = 57
Timeout, sequence number = 58
Timeout, sequence number = 59
Timeout, sequence number = 60
Timeout, sequence number = 61
Timeout, sequence number = 62
Timeout, sequence number = 63
Timeout, sequence number = 0
Timeout, sequence number = 1
Timeout, sequence number = 2
Timeout, sequence number = 3
Timeout, sequence number = 4
Timeout, sequence number = 5
Timeout, sequence number = 6
Timeout, sequence number = 7
Timeout, sequence number = 8
Timeout, sequence number = 9
Timeout, sequence number = 10
Timeout, sequence number = 11
Timeout, sequence number = 12
Timeout, sequence number = 13
Timeout, sequence number = 14
Timeout, sequence number = 15
Timeout, sequence number = 16
Timeout, sequence number = 17
Timeout, sequence number = 18
Timeout, sequence number = 19
Timeout, sequence number = 20
Timeout, sequence number = 21
Timeout, sequence number = 22
Timeout, sequence number = 23
Timeout, sequence number = 24
Timeout, sequence number = 25
Timeout, sequence number = 26
Timeout, sequence number = 27
Timeout, sequence number = 28
Timeout, sequence number = 29
Timeout, sequence number = 30
Timeout, sequence number = 31
Timeout, sequence number = 32
Timeout, sequence number = 33
Timeout, sequence number = 34
Timeout, sequence number = 35
Timeout, sequence number = 36
Timeout, sequence number = 37
Timeout, sequence number = 38
Timeout, sequence number = 39
Timeout, sequence number = 40
Timeout, sequence number = 41
Timeout, sequence number = 42
Timeout, sequence number = 43
Timeout, sequence number = 44
Timeout, sequence number = 45
Timeout, sequence number = 46
Timeout, sequence number = 47
Timeout, sequence number = 48
Timeout, sequence number = 49
Timeout, sequence number = 50
Timeout, sequence number = 51
Timeout, sequence number = 52
Timeout, sequence number = 53
Timeout, sequence number = 54
Timeout, sequence number = 55
Timeout, sequence number = 56
Timeout, sequence number = 57
Timeout, sequence number = 58
Timeout, sequence number = 59
Timeout, sequence number = 60
Timeout, sequence number = 61
Timeout, sequence number = 62
Timeout, sequence number = 63
Timeout, sequence number = 0
Timeout, sequence number = 1
Timeout, sequence number = 2
Timeout, sequence number = 3
Timeout, sequence number = 4
Timeout, sequence number = 5
Timeout, sequence number = 6
Timeout, sequence number = 7
Timeout, sequence number = 8
Timeout, sequence number = 9
Timeout, sequence number = 10
Timeout, sequence number = 11
Timeout, sequence number = 12
Timeout, sequence number = 13
Timeout, sequence number = 14
Timeout, sequence number = 15
Timeout, sequence number = 16
Timeout, sequence number = 17
Timeout, sequence number = 18
Timeout, sequence number = 19
Timeout, sequence number = 20
Timeout, sequence number = 21
Timeout, sequence number = 22
Timeout, sequence number = 23
Timeout, sequence number = 24
Timeout, sequence number = 25
Timeout, sequence number = 26
Timeout, sequence number = 27
Timeout, sequence number = 28
Timeout, sequence number = 29
Timeout, sequence number = 30
Timeout, sequence number = 31
Timeout, sequence number = 32
Timeout, sequence number = 33
Timeout, sequence number = 34
Timeout, sequence number = 35
Timeout, sequence number = 36
Timeout, sequence number = 37
Timeout, sequence number = 38
Timeout, sequence number = 39
Timeout, sequence number = 40
Timeout, sequence number = 41
Timeout, sequence number = 42
Timeout, sequence number = 43
Timeout, sequence number = 44
Timeout, sequence number = 45
Timeout, sequence number = 46
Timeout, sequence number = 47
Timeout, sequence number = 48
Timeout, sequence number = 49
Timeout, sequence number = 50
Timeout, sequence number = 51
Timeout, sequence number = 52
Timeout, sequence number = 53
Timeout, sequence number = 54
Timeout, sequence number = 55
Timeout, sequence number = 56
Timeout, sequence number = 57
Timeout, sequence number = 58
Timeout, sequence number = 59
Timeout, sequence number = 60
Timeout, sequence number = 61
Timeout, sequence number = 62
Timeout, sequence number = 63
[SR CLIENT] Received ACK seq=0
[SR CLIENT] Received ACK seq=1
[SR CLIENT] Received ACK seq=2
[SR CLIENT] Received ACK seq=3
[SR CLIENT] Received ACK seq=4
Timeout, sequence number = 13
Timeout, sequence number = 30
[SR CLIENT] Sent data seq=100
[SR CLIENT] Received ACK seq=100
Timeout, sequence number = 131
[SR CLIENT] Sent data seq=200
[SR CLIENT] Received ACK seq=200
Timeout, sequence number = 204
[SR CLIENT] Sent data seq=300
[SR CLIENT] Received ACK seq=300
Timeout, sequence number = 311
Timeout, sequence number = 332
[SR CLIENT] Sent data seq=400
[SR CLIENT] Received ACK seq=400
[SR CLIENT] Sent data seq=500
[SR CLIENT] Received ACK seq=500
Timeout, sequence number = 474
[SR CLIENT] Sent data seq=600
[SR CLIENT] Received ACK seq=600
Timeout, sequence number = 568
[SR CLIENT] Sent data seq=700
[SR CLIENT] Received ACK seq=700
Timeout, sequence number = 658
Timeout, sequence number = 666
Timeout, sequence number = 710
[SR CLIENT] Sent data seq=800
[SR CLIENT] Received ACK seq=800
Timeout, sequence number = 792
[SR CLIENT] Sent data seq=900
[SR CLIENT] Received ACK seq=900
Timeout, sequence number = 837
Timeout, sequence number = 910
[SR CLIENT] Sent data seq=1000
[SR CLIENT] Received ACK seq=1000
[SR CLIENT] Sent data seq=1100
[SR CLIENT] Received ACK seq=1100
Timeout, sequence number = 1040
Timeout, sequence number = 1070
[SR CLIENT] Sent data seq=1200
[SR CLIENT] Received ACK seq=1200
Timeout, sequence number = 1209
Timeout, sequence number = 1241
[SR CLIENT] Sent data seq=1300
[SR CLIENT] Received ACK seq=1300
[SR CLIENT] Sent data seq=1400
[SR CLIENT] Received ACK seq=1400
Timeout, sequence number = 1401
[SR CLIENT] Sent data seq=1500
[SR CLIENT] Received ACK seq=1500
[SR CLIENT] Sent data seq=1600
[SR CLIENT] Received ACK seq=1600
Timeout, sequence number = 1582
Timeout, sequence number = 1595
Timeout, sequence number = 1634
Timeout, sequence number = 1635
Timeout, sequence number = 1635
Timeout, sequence number = 1659
[SR CLIENT] Sent data seq=1700
[SR CLIENT] Received ACK seq=1700
[SR CLIENT] Sent data seq=1800
[SR CLIENT] Received ACK seq=1800
Timeout, sequence number = 1783
[SR CLIENT] Sent data seq=1900
[SR CLIENT] Received ACK seq=1900
[SR CLIENT] Sent data seq=2000
[SR CLIENT] Received ACK seq=2000
[SR CLIENT] Sent data seq=2100
[SR CLIENT] Received ACK seq=2100
[SR CLIENT] Sent data seq=2200
[SR CLIENT] Received ACK seq=2200
[SR CLIENT] Sent data seq=2300
[SR CLIENT] Received ACK seq=2300
Timeout, sequence number = 2316
[SR CLIENT] Sent data seq=2400
Timeout, sequence number = 2376
[SR CLIENT] Received ACK seq=2400
[SR CLIENT] Summary: sent_packets=2401, ack_packets=2401, retransmitted_packets=1564, timeout_events=1564
Transfer complete. Delay = 22.444288 seconds

=== STDERR ===
