=== STDOUT ===
[SR CLIENT] Starting transfer: server=10.153.27.102:7735, file=demo_input.bin, N=64, MSS=500, total_segments=2401
[SR CLIENT] Sent data seq=0
[SR CLIENT] Sent data seq=1
[SR CLIENT] Sent data seq=2
[SR CLIENT] Sent data seq=3
[SR CLIENT] Sent data seq=4
[SR CLIENT] Received ACK seq=0
[SR CLIENT] Received ACK seq=1
[SR CLIENT] Received ACK seq=2
[SR CLIENT] Received ACK seq=3
[SR CLIENT] Received ACK seq=4
Timeout, sequence number = 6
Timeout, sequence number = 9
Timeout, sequence number = 22
Timeout, sequence number = 35
Timeout, sequence number = 41
Timeout, sequence number = 53
Timeout, sequence number = 54
Timeout, sequence number = 61
Timeout, sequence number = 64
Timeout, sequence number = 66
[SR CLIENT] Sent data seq=100
[SR CLIENT] Received ACK seq=100
Timeout, sequence number = 53
Timeout, sequence number = 70
Timeout, sequence number = 75
Timeout, sequence number = 102
Timeout, sequence number = 106
Timeout, sequence number = 110
Timeout, sequence number = 120
Timeout, sequence number = 125
Timeout, sequence number = 126
Timeout, sequence number = 136
Timeout, sequence number = 143
Timeout, sequence number = 146
Timeout, sequence number = 149
Timeout, sequence number = 152
Timeout, sequence number = 165
Timeout, sequence number = 181
Timeout, sequence number = 120
Timeout, sequence number = 149
[SR CLIENT] Sent data seq=200
[SR CLIENT] Received ACK seq=200
Timeout, sequence number = 191
Timeout, sequence number = 226
Timeout, sequence number = 227
Timeout, sequence number = 237
Timeout, sequence number = 227
Timeout, sequence number = 263
Timeout, sequence number = 273
Timeout, sequence number = 282
Timeout, sequence number = 283
[SR CLIENT] Sent data seq=300
[SR CLIENT] Received ACK seq=300
Timeout, sequence number = 304
Timeout, sequence number = 305
Timeout, sequence number = 326
Timeout, sequence number = 333
Timeout, sequence number = 351
Timeout, sequence number = 354
Timeout, sequence number = 358
Timeout, sequence number = 361
Timeout, sequence number = 362
Timeout, sequence number = 304
Timeout, sequence number = 326
[SR CLIENT] Sent data seq=400
Timeout, sequence number = 362
Timeout, sequence number = 370
Timeout, sequence number = 391
Timeout, sequence number = 396
Timeout, sequence number = 397
Timeout, sequence number = 400
[SR CLIENT] Received ACK seq=400
[SR CLIENT] Sent data seq=500
[SR CLIENT] Received ACK seq=500
Timeout, sequence number = 444
Timeout, sequence number = 447
Timeout, sequence number = 449
Timeout, sequence number = 451
Timeout, sequence number = 468
Timeout, sequence number = 469
Timeout, sequence number = 477
Timeout, sequence number = 486
Timeout, sequence number = 444
Timeout, sequence number = 513
Timeout, sequence number = 523
Timeout, sequence number = 532
Timeout, sequence number = 557
Timeout, sequence number = 562
Timeout, sequence number = 568
[SR CLIENT] Sent data seq=600
[SR CLIENT] Received ACK seq=600
Timeout, sequence number = 608
Timeout, sequence number = 614
Timeout, sequence number = 617
Timeout, sequence number = 621
Timeout, sequence number = 627
Timeout, sequence number = 640
Timeout, sequence number = 645
Timeout, sequence number = 657
Timeout, sequence number = 665
Timeout, sequence number = 669
Timeout, sequence number = 608
Timeout, sequence number = 621
Timeout, sequence number = 640
[SR CLIENT] Sent data seq=700
[SR CLIENT] Received ACK seq=700
Timeout, sequence number = 672
Timeout, sequence number = 678
Timeout, sequence number = 690
Timeout, sequence number = 706
Timeout, sequence number = 718
Timeout, sequence number = 672
Timeout, sequence number = 678
Timeout, sequence number = 690
Timeout, sequence number = 706
Timeout, sequence number = 718
Timeout, sequence number = 718
Timeout, sequence number = 745
Timeout, sequence number = 773
Timeout, sequence number = 778
[SR CLIENT] Sent data seq=800
[SR CLIENT] Received ACK seq=800
Timeout, sequence number = 782
Timeout, sequence number = 790
Timeout, sequence number = 798
Timeout, sequence number = 801
Timeout, sequence number = 808
Timeout, sequence number = 818
Timeout, sequence number = 822
Timeout, sequence number = 831
Timeout, sequence number = 832
Timeout, sequence number = 808
Timeout, sequence number = 848
[SR CLIENT] Sent data seq=900
[SR CLIENT] Received ACK seq=900
Timeout, sequence number = 883
Timeout, sequence number = 912
Timeout, sequence number = 919
Timeout, sequence number = 922
Timeout, sequence number = 924
Timeout, sequence number = 944
Timeout, sequence number = 883
Timeout, sequence number = 924
[SR CLIENT] Sent data seq=1000
Timeout, sequence number = 948
Timeout, sequence number = 958
Timeout, sequence number = 960
Timeout, sequence number = 965
Timeout, sequence number = 983
Timeout, sequence number = 989
Timeout, sequence number = 1000
Timeout, sequence number = 960
Timeout, sequence number = 965
Timeout, sequence number = 1000
Timeout, sequence number = 1015
Timeout, sequence number = 960
Timeout, sequence number = 1000
[SR CLIENT] Received ACK seq=1000
Timeout, sequence number = 1027
Timeout, sequence number = 1030
Timeout, sequence number = 1051
Timeout, sequence number = 1058
Timeout, sequence number = 1069
Timeout, sequence number = 1090
Timeout, sequence number = 1027
[SR CLIENT] Sent data seq=1100
[SR CLIENT] Received ACK seq=1100
Timeout, sequence number = 1091
Timeout, sequence number = 1113
Timeout, sequence number = 1128
Timeout, sequence number = 1148
[SR CLIENT] Sent data seq=1200
[SR CLIENT] Received ACK seq=1200
Timeout, sequence number = 1159
Timeout, sequence number = 1162
Timeout, sequence number = 1167
Timeout, sequence number = 1175
Timeout, sequence number = 1183
Timeout, sequence number = 1199
Timeout, sequence number = 1225
Timeout, sequence number = 1241
Timeout, sequence number = 1251
Timeout, sequence number = 1273
Timeout, sequence number = 1278
Timeout, sequence number = 1279
[SR CLIENT] Sent data seq=1300
[SR CLIENT] Received ACK seq=1300
Timeout, sequence number = 1273
Timeout, sequence number = 1294
Timeout, sequence number = 1297
Timeout, sequence number = 1305
Timeout, sequence number = 1311
Timeout, sequence number = 1326
Timeout, sequence number = 1273
[SR CLIENT] Sent data seq=1400
[SR CLIENT] Received ACK seq=1400
Timeout, sequence number = 1344
Timeout, sequence number = 1345
Timeout, sequence number = 1359
Timeout, sequence number = 1362
Timeout, sequence number = 1367
Timeout, sequence number = 1375
Timeout, sequence number = 1382
Timeout, sequence number = 1388
Timeout, sequence number = 1389
Timeout, sequence number = 1393
Timeout, sequence number = 1395
Timeout, sequence number = 1401
Timeout, sequence number = 1431
Timeout, sequence number = 1437
Timeout, sequence number = 1447
Timeout, sequence number = 1452
Timeout, sequence number = 1456
[SR CLIENT] Sent data seq=1500
[SR CLIENT] Received ACK seq=1500
Timeout, sequence number = 1474
Timeout, sequence number = 1498
[SR CLIENT] Sent data seq=1600
[SR CLIENT] Received ACK seq=1600
Timeout, sequence number = 1538
Timeout, sequence number = 1551
Timeout, sequence number = 1556
Timeout, sequence number = 1562
Timeout, sequence number = 1564
Timeout, sequence number = 1566
Timeout, sequence number = 1575
Timeout, sequence number = 1588
Timeout, sequence number = 1538
Timeout, sequence number = 1616
Timeout, sequence number = 1623
Timeout, sequence number = 1626
Timeout, sequence number = 1645
Timeout, sequence number = 1661
Timeout, sequence number = 1670
Timeout, sequence number = 1674
Timeout, sequence number = 1623
Timeout, sequence number = 1626
Timeout, sequence number = 1684
Timeout, sequence number = 1623
[SR CLIENT] Sent data seq=1700
[SR CLIENT] Received ACK seq=1700
Timeout, sequence number = 1693
Timeout, sequence number = 1714
Timeout, sequence number = 1718
Timeout, sequence number = 1719
Timeout, sequence number = 1736
Timeout, sequence number = 1750
[SR CLIENT] Sent data seq=1800
Timeout, sequence number = 1756
[SR CLIENT] Received ACK seq=1800
Timeout, sequence number = 1763
Timeout, sequence number = 1773
Timeout, sequence number = 1784
Timeout, sequence number = 1811
Timeout, sequence number = 1836
Timeout, sequence number = 1841
Timeout, sequence number = 1856
Timeout, sequence number = 1857
Timeout, sequence number = 1864
Timeout, sequence number = 1866
Timeout, sequence number = 1872
Timeout, sequence number = 1873
Timeout, sequence number = 1883
Timeout, sequence number = 1890
[SR CLIENT] Sent data seq=1900
[SR CLIENT] Received ACK seq=1900
Timeout, sequence number = 1866
Timeout, sequence number = 1890
Timeout, sequence number = 1909
Timeout, sequence number = 1910
Timeout, sequence number = 1913
Timeout, sequence number = 1920
[SR CLIENT] Sent data seq=2000
[SR CLIENT] Received ACK seq=2000
Timeout, sequence number = 1941
Timeout, sequence number = 1950
Timeout, sequence number = 1956
Timeout, sequence number = 1969
Timeout, sequence number = 1975
Timeout, sequence number = 1997
Timeout, sequence number = 2002
Timeout, sequence number = 1969
Timeout, sequence number = 2006
[SR CLIENT] Sent data seq=2100
[SR CLIENT] Received ACK seq=2100
Timeout, sequence number = 2053
Timeout, sequence number = 2054
Timeout, sequence number = 2055
Timeout, sequence number = 2058
Timeout, sequence number = 2059
Timeout, sequence number = 2060
Timeout, sequence number = 2064
Timeout, sequence number = 2082
Timeout, sequence number = 2103
Timeout, sequence number = 2105
Timeout, sequence number = 2113
Timeout, sequence number = 2082
[SR CLIENT] Sent data seq=2200
[SR CLIENT] Received ACK seq=2200
Timeout, sequence number = 2153
Timeout, sequence number = 2155
Timeout, sequence number = 2170
Timeout, sequence number = 2184
Timeout, sequence number = 2197
Timeout, sequence number = 2206
Timeout, sequence number = 2215
Timeout, sequence number = 2230
Timeout, sequence number = 2238
Timeout, sequence number = 2242
Timeout, sequence number = 2250
Timeout, sequence number = 2261
Timeout, sequence number = 2265
Timeout, sequence number = 2267
Timeout, sequence number = 2285
[SR CLIENT] Sent data seq=2300
[SR CLIENT] Received ACK seq=2300
Timeout, sequence number = 2285
Timeout, sequence number = 2298
Timeout, sequence number = 2317
Timeout, sequence number = 2324
Timeout, sequence number = 2330
Timeout, sequence number = 2331
Timeout, sequence number = 2333
Timeout, sequence number = 2335
Timeout, sequence number = 2347
Timeout, sequence number = 2330
Timeout, sequence number = 2349
Timeout, sequence number = 2353
Timeout, sequence number = 2358
Timeout, sequence number = 2379
Timeout, sequence number = 2383
Timeout, sequence number = 2392
[SR CLIENT] Sent data seq=2400
[SR CLIENT] Received ACK seq=2400
Timeout, sequence number = 2383
[SR CLIENT] Summary: sent_packets=2401, ack_packets=2401, retransmitted_packets=277, timeout_events=277
Transfer complete. Delay = 26.923253 seconds

=== STDERR ===
