=== STDOUT ===
[SR CLIENT] Starting transfer: server=10.153.27.102:7735, file=demo_input.bin, N=64, MSS=100, total_segments=12001
[SR CLIENT] Sent data seq=0
[SR CLIENT] Sent data seq=1
[SR CLIENT] Sent data seq=2
[SR CLIENT] Sent data seq=3
[SR CLIENT] Sent data seq=4
[SR CLIENT] Received ACK seq=4
[SR CLIENT] Received ACK seq=2
[SR CLIENT] Received ACK seq=3
[SR CLIENT] Received ACK seq=0
[SR CLIENT] Received ACK seq=1
Timeout, sequence number = 26
Timeout, sequence number = 27
Timeout, sequence number = 31
Timeout, sequence number = 37
Timeout, sequence number = 45
Timeout, sequence number = 46
Timeout, sequence number = 50
Timeout, sequence number = 59
Timeout, sequence number = 68
[SR CLIENT] Sent data seq=100
[SR CLIENT] Received ACK seq=100
[SR CLIENT] Sent data seq=200
[SR CLIENT] Received ACK seq=200
Timeout, sequence number = 151
Timeout, sequence number = 162
Timeout, sequence number = 191
Timeout, sequence number = 208
Timeout, sequence number = 234
Timeout, sequence number = 238
Timeout, sequence number = 241
Timeout, sequence number = 255
Timeout, sequence number = 274
Timeout, sequence number = 294
[SR CLIENT] Sent data seq=300
[SR CLIENT] Received ACK seq=300
Timeout, sequence number = 313
Timeout, sequence number = 333
Timeout, sequence number = 342
[SR CLIENT] Sent data seq=400
[SR CLIENT] Received ACK seq=400
Timeout, sequence number = 401
Timeout, sequence number = 408
Timeout, sequence number = 409
[SR CLIENT] Sent data seq=500
[SR CLIENT] Received ACK seq=500
Timeout, sequence number = 484
Timeout, sequence number = 491
Timeout, sequence number = 493
Timeout, sequence number = 498
Timeout, sequence number = 520
Timeout, sequence number = 522
Timeout, sequence number = 527
Timeout, sequence number = 538
[SR CLIENT] Sent data seq=600
[SR CLIENT] Received ACK seq=600
Timeout, sequence number = 579
Timeout, sequence number = 589
Timeout, sequence number = 604
Timeout, sequence number = 641
[SR CLIENT] Sent data seq=700
[SR CLIENT] Received ACK seq=700
Timeout, sequence number = 646
Timeout, sequence number = 683
Timeout, sequence number = 693
Timeout, sequence number = 703
Timeout, sequence number = 705
Timeout, sequence number = 707
Timeout, sequence number = 712
Timeout, sequence number = 747
Timeout, sequence number = 764
[SR CLIENT] Sent data seq=800
[SR CLIENT] Received ACK seq=800
Timeout, sequence number = 828
Timeout, sequence number = 829
[SR CLIENT] Sent data seq=900
[SR CLIENT] Received ACK seq=900
Timeout, sequence number = 862
Timeout, sequence number = 863
Timeout, sequence number = 882
Timeout, sequence number = 888
Timeout, sequence number = 889
Timeout, sequence number = 922
Timeout, sequence number = 888
Timeout, sequence number = 922
Timeout, sequence number = 888
Timeout, sequence number = 922
Timeout, sequence number = 888
[SR CLIENT] Sent data seq=1000
[SR CLIENT] Received ACK seq=1000
Timeout, sequence number = 962
Timeout, sequence number = 974
Timeout, sequence number = 985
[SR CLIENT] Sent data seq=1100
[SR CLIENT] Received ACK seq=1100
Timeout, sequence number = 1076
Timeout, sequence number = 1077
Timeout, sequence number = 1091
Timeout, sequence number = 1092
Timeout, sequence number = 1123
[SR CLIENT] Sent data seq=1200
[SR CLIENT] Received ACK seq=1200
Timeout, sequence number = 1155
Timeout, sequence number = 1156
Timeout, sequence number = 1165
Timeout, sequence number = 1167
Timeout, sequence number = 1169
Timeout, sequence number = 1177
Timeout, sequence number = 1178
[SR CLIENT] Sent data seq=1300
[SR CLIENT] Received ACK seq=1300
Timeout, sequence number = 1243
Timeout, sequence number = 1251
Timeout, sequence number = 1258
Timeout, sequence number = 1262
Timeout, sequence number = 1268
Timeout, sequence number = 1291
Timeout, sequence number = 1305
Timeout, sequence number = 1321
Timeout, sequence number = 1330
[SR CLIENT] Sent data seq=1400
Timeout, sequence number = 1365
[SR CLIENT] Received ACK seq=1400
Timeout, sequence number = 1396
Timeout, sequence number = 1397
Timeout, sequence number = 1414
[SR CLIENT] Sent data seq=1500
[SR CLIENT] Received ACK seq=1500
Timeout, sequence number = 1488
Timeout, sequence number = 1503
Timeout, sequence number = 1541
Timeout, sequence number = 1550
[SR CLIENT] Sent data seq=1600
[SR CLIENT] Received ACK seq=1600
[SR CLIENT] Sent data seq=1700
[SR CLIENT] Received ACK seq=1700
Timeout, sequence number = 1642
Timeout, sequence number = 1655
Timeout, sequence number = 1676
Timeout, sequence number = 1690
Timeout, sequence number = 1676
[SR CLIENT] Sent data seq=1800
[SR CLIENT] Received ACK seq=1800
Timeout, sequence number = 1749
Timeout, sequence number = 1789
Timeout, sequence number = 1790
Timeout, sequence number = 1807
[SR CLIENT] Sent data seq=1900
[SR CLIENT] Received ACK seq=1900
Timeout, sequence number = 1842
Timeout, sequence number = 1860
Timeout, sequence number = 1866
Timeout, sequence number = 1875
Timeout, sequence number = 1882
Timeout, sequence number = 1883
Timeout, sequence number = 1907
Timeout, sequence number = 1968
Timeout, sequence number = 1970
[SR CLIENT] Sent data seq=2000
[SR CLIENT] Received ACK seq=2000
Timeout, sequence number = 2004
Timeout, sequence number = 2012
[SR CLIENT] Sent data seq=2100
[SR CLIENT] Received ACK seq=2100
[SR CLIENT] Sent data seq=2200
[SR CLIENT] Received ACK seq=2200
Timeout, sequence number = 2172
Timeout, sequence number = 2179
Timeout, sequence number = 2191
Timeout, sequence number = 2229
[SR CLIENT] Sent data seq=2300
[SR CLIENT] Received ACK seq=2300
Timeout, sequence number = 2237
Timeout, sequence number = 2269
[SR CLIENT] Sent data seq=2400
[SR CLIENT] Received ACK seq=2400
Timeout, sequence number = 2337
Timeout, sequence number = 2343
Timeout, sequence number = 2346
Timeout, sequence number = 2410
Timeout, sequence number = 2420
Timeout, sequence number = 2432
Timeout, sequence number = 2442
Timeout, sequence number = 2444
Timeout, sequence number = 2471
[SR CLIENT] Sent data seq=2500
[SR CLIENT] Received ACK seq=2500
Timeout, sequence number = 2478
Timeout, sequence number = 2485
Timeout, sequence number = 2496
Timeout, sequence number = 2512
Timeout, sequence number = 2523
Timeout, sequence number = 2496
Timeout, sequence number = 2496
Timeout, sequence number = 2496
[SR CLIENT] Sent data seq=2600
[SR CLIENT] Received ACK seq=2600
Timeout, sequence number = 2596
Timeout, sequence number = 2626
Timeout, sequence number = 2631
Timeout, sequence number = 2640
Timeout, sequence number = 2653
Timeout, sequence number = 2657
[SR CLIENT] Sent data seq=2700
[SR CLIENT] Received ACK seq=2700
Timeout, sequence number = 2672
Timeout, sequence number = 2725
[SR CLIENT] Sent data seq=2800
[SR CLIENT] Received ACK seq=2800
Timeout, sequence number = 2742
Timeout, sequence number = 2753
Timeout, sequence number = 2825
Timeout, sequence number = 2827
[SR CLIENT] Sent data seq=2900
[SR CLIENT] Received ACK seq=2900
Timeout, sequence number = 2913
Timeout, sequence number = 2914
Timeout, sequence number = 2932
Timeout, sequence number = 2956
Timeout, sequence number = 2962
[SR CLIENT] Sent data seq=3000
[SR CLIENT] Received ACK seq=3000
Timeout, sequence number = 2982
Timeout, sequence number = 3045
[SR CLIENT] Sent data seq=3100
[SR CLIENT] Received ACK seq=3100
Timeout, sequence number = 3066
Timeout, sequence number = 3078
Timeout, sequence number = 3111
Timeout, sequence number = 3122
[SR CLIENT] Sent data seq=3200
[SR CLIENT] Received ACK seq=3200
Timeout, sequence number = 3165
Timeout, sequence number = 3174
Timeout, sequence number = 3181
Timeout, sequence number = 3194
Timeout, sequence number = 3223
[SR CLIENT] Sent data seq=3300
[SR CLIENT] Received ACK seq=3300
Timeout, sequence number = 3240
Timeout, sequence number = 3243
Timeout, sequence number = 3256
Timeout, sequence number = 3266
Timeout, sequence number = 3281
Timeout, sequence number = 3285
Timeout, sequence number = 3266
Timeout, sequence number = 3318
Timeout, sequence number = 3324
[SR CLIENT] Sent data seq=3400
[SR CLIENT] Received ACK seq=3400
Timeout, sequence number = 3398
Timeout, sequence number = 3399
Timeout, sequence number = 3427
Timeout, sequence number = 3449
Timeout, sequence number = 3458
Timeout, sequence number = 3459
[SR CLIENT] Sent data seq=3500
[SR CLIENT] Received ACK seq=3500
Timeout, sequence number = 3501
Timeout, sequence number = 3535
Timeout, sequence number = 3540
[SR CLIENT] Sent data seq=3600
[SR CLIENT] Received ACK seq=3600
Timeout, sequence number = 3571
Timeout, sequence number = 3575
Timeout, sequence number = 3580
Timeout, sequence number = 3588
Timeout, sequence number = 3598
Timeout, sequence number = 3608
Timeout, sequence number = 3610
Timeout, sequence number = 3611
Timeout, sequence number = 3621
Timeout, sequence number = 3627
[SR CLIENT] Sent data seq=3700
[SR CLIENT] Received ACK seq=3700
Timeout, sequence number = 3637
Timeout, sequence number = 3644
Timeout, sequence number = 3651
Timeout, sequence number = 3663
Timeout, sequence number = 3721
Timeout, sequence number = 3728
[SR CLIENT] Sent data seq=3800
[SR CLIENT] Received ACK seq=3800
Timeout, sequence number = 3801
Timeout, sequence number = 3814
Timeout, sequence number = 3840
[SR CLIENT] Sent data seq=3900
Timeout, sequence number = 3854
[SR CLIENT] Received ACK seq=3900
Timeout, sequence number = 3875
Timeout, sequence number = 3910
Timeout, sequence number = 3919
Timeout, sequence number = 3921
Timeout, sequence number = 3945
Timeout, sequence number = 3919
[SR CLIENT] Sent data seq=4000
[SR CLIENT] Received ACK seq=4000
Timeout, sequence number = 3945
Timeout, sequence number = 4005
Timeout, sequence number = 4026
Timeout, sequence number = 4031
Timeout, sequence number = 4041
Timeout, sequence number = 4044
[SR CLIENT] Sent data seq=4100
[SR CLIENT] Received ACK seq=4100
Timeout, sequence number = 4092
Timeout, sequence number = 4131
Timeout, sequence number = 4142
[SR CLIENT] Sent data seq=4200
[SR CLIENT] Received ACK seq=4200
Timeout, sequence number = 4199
Timeout, sequence number = 4205
[SR CLIENT] Sent data seq=4300
[SR CLIENT] Received ACK seq=4300
Timeout, sequence number = 4303
Timeout, sequence number = 4312
Timeout, sequence number = 4320
Timeout, sequence number = 4324
Timeout, sequence number = 4335
[SR CLIENT] Sent data seq=4400
[SR CLIENT] Received ACK seq=4400
Timeout, sequence number = 4377
Timeout, sequence number = 4390
Timeout, sequence number = 4398
Timeout, sequence number = 4414
Timeout, sequence number = 4417
Timeout, sequence number = 4437
[SR CLIENT] Sent data seq=4500
[SR CLIENT] Received ACK seq=4500
Timeout, sequence number = 4484
Timeout, sequence number = 4501
Timeout, sequence number = 4511
Timeout, sequence number = 4512
[SR CLIENT] Sent data seq=4600
[SR CLIENT] Received ACK seq=4600
Timeout, sequence number = 4550
Timeout, sequence number = 4566
Timeout, sequence number = 4574
Timeout, sequence number = 4575
Timeout, sequence number = 4578
Timeout, sequence number = 4625
Timeout, sequence number = 4675
Timeout, sequence number = 4685
[SR CLIENT] Sent data seq=4700
[SR CLIENT] Received ACK seq=4700
Timeout, sequence number = 4699
Timeout, sequence number = 4745
Timeout, sequence number = 4746
Timeout, sequence number = 4754
[SR CLIENT] Sent data seq=4800
[SR CLIENT] Received ACK seq=4800
Timeout, sequence number = 4766
Timeout, sequence number = 4772
Timeout, sequence number = 4788
Timeout, sequence number = 4814
Timeout, sequence number = 4823
[SR CLIENT] Sent data seq=4900
[SR CLIENT] Received ACK seq=4900
Timeout, sequence number = 4849
Timeout, sequence number = 4874
Timeout, sequence number = 4894
Timeout, sequence number = 4934
Timeout, sequence number = 4939
Timeout, sequence number = 4945
Timeout, sequence number = 4991
[SR CLIENT] Sent data seq=5000
[SR CLIENT] Received ACK seq=5000
Timeout, sequence number = 5010
Timeout, sequence number = 5026
Timeout, sequence number = 5035
Timeout, sequence number = 5038
Timeout, sequence number = 5050
Timeout, sequence number = 5066
Timeout, sequence number = 5071
[SR CLIENT] Sent data seq=5100
[SR CLIENT] Received ACK seq=5100
Timeout, sequence number = 5074
Timeout, sequence number = 5114
Timeout, sequence number = 5133
Timeout, sequence number = 5133
Timeout, sequence number = 5146
Timeout, sequence number = 5178
Timeout, sequence number = 5182
Timeout, sequence number = 5195
[SR CLIENT] Sent data seq=5200
[SR CLIENT] Received ACK seq=5200
Timeout, sequence number = 5201
Timeout, sequence number = 5212
Timeout, sequence number = 5220
Timeout, sequence number = 5222
Timeout, sequence number = 5228
Timeout, sequence number = 5242
Timeout, sequence number = 5260
[SR CLIENT] Sent data seq=5300
[SR CLIENT] Received ACK seq=5300
Timeout, sequence number = 5278
Timeout, sequence number = 5329
Timeout, sequence number = 5334
Timeout, sequence number = 5329
Timeout, sequence number = 5347
Timeout, sequence number = 5349
Timeout, sequence number = 5360
Timeout, sequence number = 5363
[SR CLIENT] Sent data seq=5400
[SR CLIENT] Received ACK seq=5400
Timeout, sequence number = 5411
Timeout, sequence number = 5420
Timeout, sequence number = 5427
Timeout, sequence number = 5448
Timeout, sequence number = 5453
Timeout, sequence number = 5468
[SR CLIENT] Sent data seq=5500
[SR CLIENT] Received ACK seq=5500
[SR CLIENT] Sent data seq=5600
[SR CLIENT] Received ACK seq=5600
Timeout, sequence number = 5541
Timeout, sequence number = 5551
Timeout, sequence number = 5574
Timeout, sequence number = 5592
Timeout, sequence number = 5620
Timeout, sequence number = 5632
Timeout, sequence number = 5654
Timeout, sequence number = 5655
[SR CLIENT] Sent data seq=5700
[SR CLIENT] Received ACK seq=5700
Timeout, sequence number = 5694
Timeout, sequence number = 5696
Timeout, sequence number = 5733
Timeout, sequence number = 5745
Timeout, sequence number = 5748
Timeout, sequence number = 5753
Timeout, sequence number = 5754
[SR CLIENT] Sent data seq=5800
[SR CLIENT] Received ACK seq=5800
Timeout, sequence number = 5782
Timeout, sequence number = 5801
Timeout, sequence number = 5841
[SR CLIENT] Sent data seq=5900
[SR CLIENT] Received ACK seq=5900
Timeout, sequence number = 5870
Timeout, sequence number = 5897
[SR CLIENT] Sent data seq=6000
[SR CLIENT] Received ACK seq=6000
Timeout, sequence number = 5947
Timeout, sequence number = 5966
Timeout, sequence number = 5975
Timeout, sequence number = 5978
Timeout, sequence number = 5982
[SR CLIENT] Sent data seq=6100
Timeout, sequence number = 6051
Timeout, sequence number = 6100
Timeout, sequence number = 6103
[SR CLIENT] Received ACK seq=6100
Timeout, sequence number = 6118
Timeout, sequence number = 6153
Timeout, sequence number = 6168
Timeout, sequence number = 6171
Timeout, sequence number = 6175
[SR CLIENT] Sent data seq=6200
[SR CLIENT] Received ACK seq=6200
Timeout, sequence number = 6192
Timeout, sequence number = 6194
Timeout, sequence number = 6198
Timeout, sequence number = 6218
Timeout, sequence number = 6240
Timeout, sequence number = 6194
[SR CLIENT] Sent data seq=6300
Timeout, sequence number = 6274
Timeout, sequence number = 6300
Timeout, sequence number = 6306
[SR CLIENT] Received ACK seq=6300
[SR CLIENT] Sent data seq=6400
[SR CLIENT] Received ACK seq=6400
Timeout, sequence number = 6348
Timeout, sequence number = 6350
Timeout, sequence number = 6354
Timeout, sequence number = 6370
Timeout, sequence number = 6379
Timeout, sequence number = 6395
Timeout, sequence number = 6404
Timeout, sequence number = 6409
Timeout, sequence number = 6350
Timeout, sequence number = 6415
Timeout, sequence number = 6473
[SR CLIENT] Sent data seq=6500
[SR CLIENT] Received ACK seq=6500
Timeout, sequence number = 6486
Timeout, sequence number = 6494
Timeout, sequence number = 6499
Timeout, sequence number = 6513
[SR CLIENT] Sent data seq=6600
[SR CLIENT] Received ACK seq=6600
Timeout, sequence number = 6550
Timeout, sequence number = 6568
Timeout, sequence number = 6611
[SR CLIENT] Sent data seq=6700
[SR CLIENT] Received ACK seq=6700
Timeout, sequence number = 6667
Timeout, sequence number = 6674
Timeout, sequence number = 6678
Timeout, sequence number = 6679
Timeout, sequence number = 6693
Timeout, sequence number = 6721
Timeout, sequence number = 6723
Timeout, sequence number = 6725
[SR CLIENT] Sent data seq=6800
[SR CLIENT] Received ACK seq=6800
Timeout, sequence number = 6747
Timeout, sequence number = 6751
Timeout, sequence number = 6762
Timeout, sequence number = 6809
[SR CLIENT] Sent data seq=6900
[SR CLIENT] Received ACK seq=6900
Timeout, sequence number = 6838
Timeout, sequence number = 6870
Timeout, sequence number = 6894
Timeout, sequence number = 6838
[SR CLIENT] Sent data seq=7000
[SR CLIENT] Received ACK seq=7000
Timeout, sequence number = 6950
Timeout, sequence number = 6956
Timeout, sequence number = 6963
Timeout, sequence number = 7007
Timeout, sequence number = 7029
Timeout, sequence number = 7050
Timeout, sequence number = 7079
[SR CLIENT] Sent data seq=7100
[SR CLIENT] Received ACK seq=7100
Timeout, sequence number = 7110
Timeout, sequence number = 7116
Timeout, sequence number = 7120
Timeout, sequence number = 7150
Timeout, sequence number = 7151
Timeout, sequence number = 7161
Timeout, sequence number = 7110
[SR CLIENT] Sent data seq=7200
[SR CLIENT] Received ACK seq=7200
Timeout, sequence number = 7186
Timeout, sequence number = 7204
Timeout, sequence number = 7217
Timeout, sequence number = 7224
[SR CLIENT] Sent data seq=7300
Timeout, sequence number = 7244
[SR CLIENT] Received ACK seq=7300
Timeout, sequence number = 7253
Timeout, sequence number = 7301
Timeout, sequence number = 7335
Timeout, sequence number = 7355
Timeout, sequence number = 7359
[SR CLIENT] Sent data seq=7400
Timeout, sequence number = 7370
[SR CLIENT] Received ACK seq=7400
Timeout, sequence number = 7389
Timeout, sequence number = 7390
Timeout, sequence number = 7404
Timeout, sequence number = 7422
[SR CLIENT] Sent data seq=7500
[SR CLIENT] Received ACK seq=7500
Timeout, sequence number = 7462
Timeout, sequence number = 7483
Timeout, sequence number = 7486
Timeout, sequence number = 7492
Timeout, sequence number = 7531
Timeout, sequence number = 7539
Timeout, sequence number = 7543
[SR CLIENT] Sent data seq=7600
[SR CLIENT] Received ACK seq=7600
Timeout, sequence number = 7560
Timeout, sequence number = 7596
Timeout, sequence number = 7625
Timeout, sequence number = 7641
Timeout, sequence number = 7649
[SR CLIENT] Sent data seq=7700
[SR CLIENT] Received ACK seq=7700
Timeout, sequence number = 7675
Timeout, sequence number = 7676
Timeout, sequence number = 7687
[SR CLIENT] Sent data seq=7800
[SR CLIENT] Received ACK seq=7800
Timeout, sequence number = 7768
Timeout, sequence number = 7771
Timeout, sequence number = 7784
Timeout, sequence number = 7790
Timeout, sequence number = 7808
Timeout, sequence number = 7821
[SR CLIENT] Sent data seq=7900
[SR CLIENT] Received ACK seq=7900
Timeout, sequence number = 7872
Timeout, sequence number = 7879
Timeout, sequence number = 7880
Timeout, sequence number = 7921
[SR CLIENT] Sent data seq=8000
[SR CLIENT] Received ACK seq=8000
Timeout, sequence number = 7992
Timeout, sequence number = 7993
Timeout, sequence number = 8031
Timeout, sequence number = 8034
Timeout, sequence number = 8051
[SR CLIENT] Sent data seq=8100
[SR CLIENT] Received ACK seq=8100
Timeout, sequence number = 8051
Timeout, sequence number = 8068
Timeout, sequence number = 8079
Timeout, sequence number = 8102
[SR CLIENT] Sent data seq=8200
[SR CLIENT] Received ACK seq=8200
Timeout, sequence number = 8154
Timeout, sequence number = 8162
Timeout, sequence number = 8193
Timeout, sequence number = 8214
Timeout, sequence number = 8222
Timeout, sequence number = 8234
Timeout, sequence number = 8238
Timeout, sequence number = 8247
Timeout, sequence number = 8262
[SR CLIENT] Sent data seq=8300
[SR CLIENT] Received ACK seq=8300
Timeout, sequence number = 8293
Timeout, sequence number = 8302
Timeout, sequence number = 8332
Timeout, sequence number = 8339
Timeout, sequence number = 8342
[SR CLIENT] Sent data seq=8400
[SR CLIENT] Received ACK seq=8400
Timeout, sequence number = 8376
Timeout, sequence number = 8386
Timeout, sequence number = 8408
Timeout, sequence number = 8426
Timeout, sequence number = 8436
[SR CLIENT] Sent data seq=8500
[SR CLIENT] Received ACK seq=8500
Timeout, sequence number = 8443
Timeout, sequence number = 8479
Timeout, sequence number = 8488
Timeout, sequence number = 8513
Timeout, sequence number = 8526
Timeout, sequence number = 8541
Timeout, sequence number = 8562
Timeout, sequence number = 8572
Timeout, sequence number = 8575
[SR CLIENT] Sent data seq=8600
[SR CLIENT] Received ACK seq=8600
Timeout, sequence number = 8587
Timeout, sequence number = 8593
Timeout, sequence number = 8612
Timeout, sequence number = 8628
[SR CLIENT] Sent data seq=8700
[SR CLIENT] Received ACK seq=8700
Timeout, sequence number = 8656
Timeout, sequence number = 8676
Timeout, sequence number = 8699
Timeout, sequence number = 8710
[SR CLIENT] Sent data seq=8800
[SR CLIENT] Received ACK seq=8800
Timeout, sequence number = 8746
Timeout, sequence number = 8747
Timeout, sequence number = 8765
Timeout, sequence number = 8804
Timeout, sequence number = 8808
Timeout, sequence number = 8830
Timeout, sequence number = 8832
Timeout, sequence number = 8833
Timeout, sequence number = 8883
[SR CLIENT] Sent data seq=8900
[SR CLIENT] Received ACK seq=8900
Timeout, sequence number = 8898
Timeout, sequence number = 8911
Timeout, sequence number = 8940
Timeout, sequence number = 8943
Timeout, sequence number = 8951
[SR CLIENT] Sent data seq=9000
[SR CLIENT] Received ACK seq=9000
Timeout, sequence number = 8951
Timeout, sequence number = 8990
Timeout, sequence number = 9033
Timeout, sequence number = 9042
Timeout, sequence number = 9072
[SR CLIENT] Sent data seq=9100
Timeout, sequence number = 9081
[SR CLIENT] Received ACK seq=9100
Timeout, sequence number = 9105
Timeout, sequence number = 9112
Timeout, sequence number = 9132
[SR CLIENT] Sent data seq=9200
[SR CLIENT] Received ACK seq=9200
Timeout, sequence number = 9177
Timeout, sequence number = 9186
Timeout, sequence number = 9194
Timeout, sequence number = 9237
Timeout, sequence number = 9238
[SR CLIENT] Sent data seq=9300
[SR CLIENT] Received ACK seq=9300
Timeout, sequence number = 9279
Timeout, sequence number = 9282
Timeout, sequence number = 9286
Timeout, sequence number = 9290
Timeout, sequence number = 9326
Timeout, sequence number = 9336
Timeout, sequence number = 9337
[SR CLIENT] Sent data seq=9400
[SR CLIENT] Received ACK seq=9400
Timeout, sequence number = 9394
Timeout, sequence number = 9397
Timeout, sequence number = 9405
Timeout, sequence number = 9408
Timeout, sequence number = 9453
[SR CLIENT] Sent data seq=9500
[SR CLIENT] Received ACK seq=9500
Timeout, sequence number = 9484
Timeout, sequence number = 9489
Timeout, sequence number = 9510
Timeout, sequence number = 9513
Timeout, sequence number = 9524
Timeout, sequence number = 9484
[SR CLIENT] Sent data seq=9600
[SR CLIENT] Received ACK seq=9600
Timeout, sequence number = 9558
Timeout, sequence number = 9601
Timeout, sequence number = 9635
Timeout, sequence number = 9648
Timeout, sequence number = 9659
Timeout, sequence number = 9680
[SR CLIENT] Sent data seq=9700
[SR CLIENT] Received ACK seq=9700
Timeout, sequence number = 9726
Timeout, sequence number = 9759
Timeout, sequence number = 9762
Timeout, sequence number = 9769
Timeout, sequence number = 9788
[SR CLIENT] Sent data seq=9800
[SR CLIENT] Received ACK seq=9800
Timeout, sequence number = 9806
Timeout, sequence number = 9831
[SR CLIENT] Sent data seq=9900
Timeout, sequence number = 9876
Timeout, sequence number = 9889
Timeout, sequence number = 9900
Timeout, sequence number = 9909
Timeout, sequence number = 9917
[SR CLIENT] Received ACK seq=9900
[SR CLIENT] Sent data seq=10000
[SR CLIENT] Received ACK seq=10000
[SR CLIENT] Sent data seq=10100
[SR CLIENT] Received ACK seq=10100
Timeout, sequence number = 10042
Timeout, sequence number = 10050
Timeout, sequence number = 10054
Timeout, sequence number = 10060
Timeout, sequence number = 10062
Timeout, sequence number = 10072
Timeout, sequence number = 10076
Timeout, sequence number = 10099
Timeout, sequence number = 10062
Timeout, sequence number = 10113
Timeout, sequence number = 10114
Timeout, sequence number = 10123
Timeout, sequence number = 10129
Timeout, sequence number = 10150
Timeout, sequence number = 10183
Timeout, sequence number = 10184
[SR CLIENT] Sent data seq=10200
[SR CLIENT] Received ACK seq=10200
Timeout, sequence number = 10194
Timeout, sequence number = 10242
Timeout, sequence number = 10251
[SR CLIENT] Sent data seq=10300
[SR CLIENT] Received ACK seq=10300
Timeout, sequence number = 10282
Timeout, sequence number = 10291
Timeout, sequence number = 10299
Timeout, sequence number = 10301
Timeout, sequence number = 10319
Timeout, sequence number = 10333
Timeout, sequence number = 10346
Timeout, sequence number = 10380
Timeout, sequence number = 10319
[SR CLIENT] Sent data seq=10400
[SR CLIENT] Received ACK seq=10400
Timeout, sequence number = 10391
Timeout, sequence number = 10414
[SR CLIENT] Sent data seq=10500
Timeout, sequence number = 10449
[SR CLIENT] Received ACK seq=10500
Timeout, sequence number = 10460
Timeout, sequence number = 10472
Timeout, sequence number = 10499
Timeout, sequence number = 10506
Timeout, sequence number = 10508
Timeout, sequence number = 10528
Timeout, sequence number = 10534
Timeout, sequence number = 10553
Timeout, sequence number = 10563
Timeout, sequence number = 10564
[SR CLIENT] Sent data seq=10600
[SR CLIENT] Received ACK seq=10600
Timeout, sequence number = 10604
Timeout, sequence number = 10607
Timeout, sequence number = 10609
Timeout, sequence number = 10615
Timeout, sequence number = 10640
Timeout, sequence number = 10646
Timeout, sequence number = 10647
[SR CLIENT] Sent data seq=10700
[SR CLIENT] Received ACK seq=10700
Timeout, sequence number = 10697
Timeout, sequence number = 10701
Timeout, sequence number = 10729
Timeout, sequence number = 10734
[SR CLIENT] Sent data seq=10800
[SR CLIENT] Received ACK seq=10800
Timeout, sequence number = 10764
Timeout, sequence number = 10812
Timeout, sequence number = 10813
Timeout, sequence number = 10832
Timeout, sequence number = 10853
Timeout, sequence number = 10865
Timeout, sequence number = 10888
[SR CLIENT] Sent data seq=10900
[SR CLIENT] Received ACK seq=10900
Timeout, sequence number = 10896
Timeout, sequence number = 10906
Timeout, sequence number = 10934
Timeout, sequence number = 10951
[SR CLIENT] Sent data seq=11000
[SR CLIENT] Received ACK seq=11000
Timeout, sequence number = 11002
Timeout, sequence number = 11003
Timeout, sequence number = 11010
Timeout, sequence number = 11012
Timeout, sequence number = 11039
[SR CLIENT] Sent data seq=11100
[SR CLIENT] Received ACK seq=11100
Timeout, sequence number = 11069
Timeout, sequence number = 11136
Timeout, sequence number = 11145
Timeout, sequence number = 11160
Timeout, sequence number = 11165
Timeout, sequence number = 11186
Timeout, sequence number = 11188
[SR CLIENT] Sent data seq=11200
[SR CLIENT] Received ACK seq=11200
Timeout, sequence number = 11217
Timeout, sequence number = 11218
Timeout, sequence number = 11242
Timeout, sequence number = 11251
[SR CLIENT] Sent data seq=11300
[SR CLIENT] Received ACK seq=11300
Timeout, sequence number = 11289
Timeout, sequence number = 11304
Timeout, sequence number = 11324
[SR CLIENT] Sent data seq=11400
[SR CLIENT] Received ACK seq=11400
Timeout, sequence number = 11436
Timeout, sequence number = 11451
Timeout, sequence number = 11457
Timeout, sequence number = 11477
[SR CLIENT] Sent data seq=11500
[SR CLIENT] Received ACK seq=11500
Timeout, sequence number = 11516
Timeout, sequence number = 11552
Timeout, sequence number = 11561
Timeout, sequence number = 11570
Timeout, sequence number = 11578
[SR CLIENT] Sent data seq=11600
[SR CLIENT] Received ACK seq=11600
Timeout, sequence number = 11570
Timeout, sequence number = 11589
Timeout, sequence number = 11615
[SR CLIENT] Sent data seq=11700
[SR CLIENT] Received ACK seq=11700
Timeout, sequence number = 11643
Timeout, sequence number = 11649
Timeout, sequence number = 11664
Timeout, sequence number = 11666
Timeout, sequence number = 11680
Timeout, sequence number = 11685
Timeout, sequence number = 11703
Timeout, sequence number = 11705
Timeout, sequence number = 11666
Timeout, sequence number = 11703
[SR CLIENT] Sent data seq=11800
[SR CLIENT] Received ACK seq=11800
Timeout, sequence number = 11741
Timeout, sequence number = 11772
Timeout, sequence number = 11803
Timeout, sequence number = 11816
Timeout, sequence number = 11864
Timeout, sequence number = 11865
[SR CLIENT] Sent data seq=11900
[SR CLIENT] Received ACK seq=11900
Timeout, sequence number = 11907
Timeout, sequence number = 11959
Timeout, sequence number = 11960
[SR CLIENT] Sent data seq=12000
[SR CLIENT] Received ACK seq=12000
Timeout, sequence number = 11960
Timeout, sequence number = 11974
Timeout, sequence number = 11987
[SR CLIENT] Summary: sent_packets=12001, ack_packets=12001, retransmitted_packets=647, timeout_events=647
Transfer complete. Delay = 87.924483 seconds

=== STDERR ===
