=== STDOUT ===
[SR CLIENT] Starting transfer: server=10.153.27.102:7735, file=demo_input.bin, N=64, MSS=500, total_segments=2401
[SR CLIENT] Sent data seq=0
[SR CLIENT] Sent data seq=1
[SR CLIENT] Sent data seq=2
[SR CLIENT] Sent data seq=3
[SR CLIENT] Sent data seq=4
Timeout, sequence number = 0
Timeout, sequence number = 1
Timeout, sequence number = 2
Timeout, sequence number = 3
Timeout, sequence number = 4
Timeout, sequence number = 5
Timeout, sequence number = 6
Timeout, sequence number = 7
Timeout, sequence number = 8
Timeout, sequence number = 9
Timeout, sequence number = 10
Timeout, sequence number = 11
Timeout, sequence number = 12
Timeout, sequence number = 13
Timeout, sequence number = 14
Timeout, sequence number = 15
Timeout, sequence number = 16
Timeout, sequence number = 17
Timeout, sequence number = 18
Timeout, sequence number = 19
Timeout, sequence number = 20
Timeout, sequence number = 21
Timeout, sequence number = 22
Timeout, sequence number = 23
Timeout, sequence number = 24
Timeout, sequence number = 25
Timeout, sequence number = 26
Timeout, sequence number = 27
Timeout, sequence number = 28
Timeout, sequence number = 29
Timeout, sequence number = 30
Timeout, sequence number = 31
Timeout, sequence number = 32
Timeout, sequence number = 33
Timeout, sequence number = 34
Timeout, sequence number = 35
Timeout, sequence number = 36
Timeout, sequence number = 37
Timeout, sequence number = 38
Timeout, sequence number = 39
Timeout, sequence number = 40
Timeout, sequence number = 41
Timeout, sequence number = 42
Timeout, sequence number = 43
Timeout, sequence number = 44
Timeout, sequence number = 45
Timeout, sequence number = 46
Timeout, sequence number = 47
Timeout, sequence number = 48
Timeout, sequence number = 49
Timeout, sequence number = 50
Timeout, sequence number = 51
Timeout, sequence number = 52
Timeout, sequence number = 53
Timeout, sequence number = 54
Timeout, sequence number = 55
Timeout, sequence number = 56
Timeout, sequence number = 57
Timeout, sequence number = 58
Timeout, sequence number = 59
Timeout, sequence number = 60
Timeout, sequence number = 61
Timeout, sequence number = 62
Timeout, sequence number = 63
[SR CLIENT] Received ACK seq=1
[SR CLIENT] Received ACK seq=2
[SR CLIENT] Received ACK seq=3
[SR CLIENT] Received ACK seq=4
Timeout, sequence number = 0
Timeout, sequence number = 10
Timeout, sequence number = 21
Timeout, sequence number = 22
Timeout, sequence number = 29
[SR CLIENT] Received ACK seq=0
[SR CLIENT] Sent data seq=100
[SR CLIENT] Received ACK seq=100
Timeout, sequence number = 66
Timeout, sequence number = 84
Timeout, sequence number = 97
Timeout, sequence number = 106
Timeout, sequence number = 110
Timeout, sequence number = 114
Timeout, sequence number = 118
Timeout, sequence number = 127
Timeout, sequence number = 97
Timeout, sequence number = 106
Timeout, sequence number = 153
[SR CLIENT] Sent data seq=200
[SR CLIENT] Received ACK seq=200
Timeout, sequence number = 172
Timeout, sequence number = 176
Timeout, sequence number = 177
Timeout, sequence number = 178
Timeout, sequence number = 188
Timeout, sequence number = 192
Timeout, sequence number = 221
Timeout, sequence number = 223
Timeout, sequence number = 234
[SR CLIENT] Sent data seq=300
[SR CLIENT] Received ACK seq=300
Timeout, sequence number = 243
Timeout, sequence number = 255
Timeout, sequence number = 266
Timeout, sequence number = 272
Timeout, sequence number = 276
Timeout, sequence number = 288
Timeout, sequence number = 295
Timeout, sequence number = 302
Timeout, sequence number = 303
Timeout, sequence number = 266
Timeout, sequence number = 308
Timeout, sequence number = 312
Timeout, sequence number = 313
[SR CLIENT] Sent data seq=400
[SR CLIENT] Received ACK seq=400
Timeout, sequence number = 341
Timeout, sequence number = 360
Timeout, sequence number = 362
Timeout, sequence number = 375
Timeout, sequence number = 378
Timeout, sequence number = 379
Timeout, sequence number = 389
Timeout, sequence number = 390
Timeout, sequence number = 395
Timeout, sequence number = 402
Timeout, sequence number = 341
Timeout, sequence number = 427
Timeout, sequence number = 432
Timeout, sequence number = 437
Timeout, sequence number = 455
Timeout, sequence number = 456
Timeout, sequence number = 475
Timeout, sequence number = 432
Timeout, sequence number = 475
[SR CLIENT] Sent data seq=500
[SR CLIENT] Received ACK seq=500
Timeout, sequence number = 505
Timeout, sequence number = 525
Timeout, sequence number = 538
Timeout, sequence number = 545
[SR CLIENT] Sent data seq=600
Timeout, sequence number = 567
[SR CLIENT] Received ACK seq=600
Timeout, sequence number = 538
Timeout, sequence number = 577
Timeout, sequence number = 580
Timeout, sequence number = 587
Timeout, sequence number = 592
Timeout, sequence number = 567
Timeout, sequence number = 602
Timeout, sequence number = 610
Timeout, sequence number = 611
Timeout, sequence number = 613
Timeout, sequence number = 636
Timeout, sequence number = 658
[SR CLIENT] Sent data seq=700
[SR CLIENT] Received ACK seq=700
Timeout, sequence number = 667
Timeout, sequence number = 674
Timeout, sequence number = 681
Timeout, sequence number = 708
Timeout, sequence number = 713
Timeout, sequence number = 720
Timeout, sequence number = 725
Timeout, sequence number = 674
[SR CLIENT] Sent data seq=800
[SR CLIENT] Received ACK seq=800
Timeout, sequence number = 751
Timeout, sequence number = 756
Timeout, sequence number = 766
Timeout, sequence number = 771
Timeout, sequence number = 777
Timeout, sequence number = 833
Timeout, sequence number = 838
Timeout, sequence number = 850
[SR CLIENT] Sent data seq=900
Timeout, sequence number = 882
[SR CLIENT] Received ACK seq=900
Timeout, sequence number = 838
Timeout, sequence number = 904
Timeout, sequence number = 939
Timeout, sequence number = 949
[SR CLIENT] Sent data seq=1000
[SR CLIENT] Received ACK seq=1000
Timeout, sequence number = 1017
Timeout, sequence number = 1036
Timeout, sequence number = 1039
Timeout, sequence number = 1040
Timeout, sequence number = 1045
Timeout, sequence number = 1064
Timeout, sequence number = 1070
[SR CLIENT] Sent data seq=1100
[SR CLIENT] Received ACK seq=1100
Timeout, sequence number = 1064
Timeout, sequence number = 1070
Timeout, sequence number = 1085
Timeout, sequence number = 1086
Timeout, sequence number = 1091
Timeout, sequence number = 1096
Timeout, sequence number = 1103
Timeout, sequence number = 1112
Timeout, sequence number = 1123
Timeout, sequence number = 1096
Timeout, sequence number = 1136
Timeout, sequence number = 1159
Timeout, sequence number = 1136
[SR CLIENT] Sent data seq=1200
[SR CLIENT] Received ACK seq=1200
Timeout, sequence number = 1161
Timeout, sequence number = 1170
Timeout, sequence number = 1171
Timeout, sequence number = 1173
Timeout, sequence number = 1183
Timeout, sequence number = 1185
Timeout, sequence number = 1191
Timeout, sequence number = 1205
Timeout, sequence number = 1209
Timeout, sequence number = 1211
Timeout, sequence number = 1213
Timeout, sequence number = 1250
Timeout, sequence number = 1256
[SR CLIENT] Sent data seq=1300
Timeout, sequence number = 1256
Timeout, sequence number = 1281
Timeout, sequence number = 1288
Timeout, sequence number = 1293
Timeout, sequence number = 1300
Timeout, sequence number = 1304
[SR CLIENT] Received ACK seq=1300
Timeout, sequence number = 1288
Timeout, sequence number = 1346
Timeout, sequence number = 1351
Timeout, sequence number = 1288
Timeout, sequence number = 1346
Timeout, sequence number = 1351
[SR CLIENT] Sent data seq=1400
Timeout, sequence number = 1352
Timeout, sequence number = 1375
Timeout, sequence number = 1381
Timeout, sequence number = 1385
Timeout, sequence number = 1390
Timeout, sequence number = 1400
Timeout, sequence number = 1411
Timeout, sequence number = 1400
Timeout, sequence number = 1416
Timeout, sequence number = 1421
[SR CLIENT] Received ACK seq=1400
Timeout, sequence number = 1449
[SR CLIENT] Sent data seq=1500
[SR CLIENT] Received ACK seq=1500
Timeout, sequence number = 1485
Timeout, sequence number = 1503
Timeout, sequence number = 1516
Timeout, sequence number = 1542
[SR CLIENT] Sent data seq=1600
[SR CLIENT] Received ACK seq=1600
Timeout, sequence number = 1561
Timeout, sequence number = 1578
Timeout, sequence number = 1594
Timeout, sequence number = 1599
Timeout, sequence number = 1601
Timeout, sequence number = 1612
Timeout, sequence number = 1621
Timeout, sequence number = 1599
Timeout, sequence number = 1621
Timeout, sequence number = 1633
Timeout, sequence number = 1642
Timeout, sequence number = 1659
[SR CLIENT] Sent data seq=1700
[SR CLIENT] Received ACK seq=1700
Timeout, sequence number = 1642
Timeout, sequence number = 1664
Timeout, sequence number = 1682
Timeout, sequence number = 1683
Timeout, sequence number = 1725
Timeout, sequence number = 1738
Timeout, sequence number = 1749
Timeout, sequence number = 1751
Timeout, sequence number = 1777
Timeout, sequence number = 1778
Timeout, sequence number = 1786
[SR CLIENT] Sent data seq=1800
[SR CLIENT] Received ACK seq=1800
Timeout, sequence number = 1792
Timeout, sequence number = 1793
Timeout, sequence number = 1795
Timeout, sequence number = 1823
Timeout, sequence number = 1826
Timeout, sequence number = 1854
[SR CLIENT] Sent data seq=1900
[SR CLIENT] Received ACK seq=1900
Timeout, sequence number = 1863
Timeout, sequence number = 1877
Timeout, sequence number = 1888
Timeout, sequence number = 1906
Timeout, sequence number = 1926
Timeout, sequence number = 1931
Timeout, sequence number = 1932
Timeout, sequence number = 1950
Timeout, sequence number = 1965
Timeout, sequence number = 1977
Timeout, sequence number = 1988
[SR CLIENT] Sent data seq=2000
[SR CLIENT] Received ACK seq=2000
[SR CLIENT] Sent data seq=2100
[SR CLIENT] Received ACK seq=2100
Timeout, sequence number = 2043
Timeout, sequence number = 2048
Timeout, sequence number = 2051
Timeout, sequence number = 2065
Timeout, sequence number = 2066
Timeout, sequence number = 2071
Timeout, sequence number = 2086
Timeout, sequence number = 2095
Timeout, sequence number = 2111
Timeout, sequence number = 2136
Timeout, sequence number = 2137
Timeout, sequence number = 2142
Timeout, sequence number = 2160
Timeout, sequence number = 2161
Timeout, sequence number = 2170
Timeout, sequence number = 2177
Timeout, sequence number = 2136
[SR CLIENT] Sent data seq=2200
[SR CLIENT] Received ACK seq=2200
Timeout, sequence number = 2218
Timeout, sequence number = 2238
Timeout, sequence number = 2252
Timeout, sequence number = 2265
[SR CLIENT] Sent data seq=2300
[SR CLIENT] Received ACK seq=2300
Timeout, sequence number = 2303
Timeout, sequence number = 2337
Timeout, sequence number = 2341
Timeout, sequence number = 2350
[SR CLIENT] Sent data seq=2400
[SR CLIENT] Received ACK seq=2400
Timeout, sequence number = 2341
Timeout, sequence number = 2369
Timeout, sequence number = 2383
Timeout, sequence number = 2386
Timeout, sequence number = 2394
Timeout, sequence number = 2399
Timeout, sequence number = 2394
Timeout, sequence number = 2394
[SR CLIENT] Summary: sent_packets=2401, ack_packets=2401, retransmitted_packets=292, timeout_events=292
Transfer complete. Delay = 24.192218 seconds

=== STDERR ===
