=== STDOUT ===
[SR CLIENT] Starting transfer: server=10.153.27.102:7735, file=demo_input.bin, N=64, MSS=200, total_segments=6001
[SR CLIENT] Sent data seq=0
[SR CLIENT] Sent data seq=1
[SR CLIENT] Sent data seq=2
[SR CLIENT] Sent data seq=3
[SR CLIENT] Sent data seq=4
[SR CLIENT] Received ACK seq=0
[SR CLIENT] Received ACK seq=3
[SR CLIENT] Received ACK seq=4
[SR CLIENT] Received ACK seq=1
[SR CLIENT] Received ACK seq=2
[SR CLIENT] Sent data seq=100
[SR CLIENT] Received ACK seq=100
Timeout, sequence number = 96
Timeout, sequence number = 98
Timeout, sequence number = 108
Timeout, sequence number = 116
Timeout, sequence number = 139
Timeout, sequence number = 145
[SR CLIENT] Sent data seq=200
[SR CLIENT] Received ACK seq=200
Timeout, sequence number = 160
Timeout, sequence number = 175
Timeout, sequence number = 202
Timeout, sequence number = 207
Timeout, sequence number = 213
Timeout, sequence number = 213
Timeout, sequence number = 213
Timeout, sequence number = 213
[SR CLIENT] Sent data seq=300
[SR CLIENT] Received ACK seq=300
Timeout, sequence number = 287
Timeout, sequence number = 290
Timeout, sequence number = 291
Timeout, sequence number = 303
Timeout, sequence number = 305
[SR CLIENT] Sent data seq=400
[SR CLIENT] Received ACK seq=400
Timeout, sequence number = 346
Timeout, sequence number = 351
Timeout, sequence number = 357
Timeout, sequence number = 427
Timeout, sequence number = 431
Timeout, sequence number = 477
[SR CLIENT] Sent data seq=500
Timeout, sequence number = 500
Timeout, sequence number = 503
Timeout, sequence number = 520
Timeout, sequence number = 525
Timeout, sequence number = 539
[SR CLIENT] Received ACK seq=500
[SR CLIENT] Sent data seq=600
Timeout, sequence number = 562
[SR CLIENT] Received ACK seq=600
Timeout, sequence number = 593
[SR CLIENT] Sent data seq=700
Timeout, sequence number = 637
Timeout, sequence number = 649
[SR CLIENT] Received ACK seq=700
Timeout, sequence number = 701
Timeout, sequence number = 754
Timeout, sequence number = 756
Timeout, sequence number = 760
[SR CLIENT] Sent data seq=800
[SR CLIENT] Received ACK seq=800
Timeout, sequence number = 766
Timeout, sequence number = 783
Timeout, sequence number = 786
Timeout, sequence number = 790
Timeout, sequence number = 794
Timeout, sequence number = 801
Timeout, sequence number = 790
Timeout, sequence number = 849
[SR CLIENT] Sent data seq=900
[SR CLIENT] Received ACK seq=900
Timeout, sequence number = 875
Timeout, sequence number = 899
[SR CLIENT] Sent data seq=1000
[SR CLIENT] Received ACK seq=1000
Timeout, sequence number = 986
Timeout, sequence number = 1018
Timeout, sequence number = 1020
Timeout, sequence number = 1024
[SR CLIENT] Sent data seq=1100
[SR CLIENT] Received ACK seq=1100
Timeout, sequence number = 1074
Timeout, sequence number = 1128
[SR CLIENT] Sent data seq=1200
[SR CLIENT] Received ACK seq=1200
Timeout, sequence number = 1167
Timeout, sequence number = 1175
Timeout, sequence number = 1194
Timeout, sequence number = 1198
Timeout, sequence number = 1213
Timeout, sequence number = 1217
[SR CLIENT] Sent data seq=1300
[SR CLIENT] Received ACK seq=1300
Timeout, sequence number = 1238
Timeout, sequence number = 1244
Timeout, sequence number = 1245
Timeout, sequence number = 1266
Timeout, sequence number = 1276
Timeout, sequence number = 1303
Timeout, sequence number = 1323
Timeout, sequence number = 1340
[SR CLIENT] Sent data seq=1400
[SR CLIENT] Received ACK seq=1400
Timeout, sequence number = 1375
Timeout, sequence number = 1419
[SR CLIENT] Sent data seq=1500
[SR CLIENT] Received ACK seq=1500
Timeout, sequence number = 1466
Timeout, sequence number = 1490
Timeout, sequence number = 1511
[SR CLIENT] Sent data seq=1600
[SR CLIENT] Received ACK seq=1600
Timeout, sequence number = 1542
Timeout, sequence number = 1546
Timeout, sequence number = 1567
Timeout, sequence number = 1581
Timeout, sequence number = 1583
Timeout, sequence number = 1603
Timeout, sequence number = 1542
[SR CLIENT] Sent data seq=1700
[SR CLIENT] Received ACK seq=1700
Timeout, sequence number = 1654
Timeout, sequence number = 1689
Timeout, sequence number = 1704
Timeout, sequence number = 1715
Timeout, sequence number = 1732
Timeout, sequence number = 1752
[SR CLIENT] Sent data seq=1800
Timeout, sequence number = 1777
Timeout, sequence number = 1787
[SR CLIENT] Received ACK seq=1800
Timeout, sequence number = 1802
Timeout, sequence number = 1808
Timeout, sequence number = 1814
Timeout, sequence number = 1834
Timeout, sequence number = 1835
Timeout, sequence number = 1853
[SR CLIENT] Sent data seq=1900
[SR CLIENT] Received ACK seq=1900
Timeout, sequence number = 1873
Timeout, sequence number = 1875
Timeout, sequence number = 1931
[SR CLIENT] Sent data seq=2000
[SR CLIENT] Received ACK seq=2000
Timeout, sequence number = 1944
Timeout, sequence number = 1954
Timeout, sequence number = 1969
Timeout, sequence number = 1984
Timeout, sequence number = 1986
Timeout, sequence number = 1944
Timeout, sequence number = 2012
Timeout, sequence number = 2031
Timeout, sequence number = 2034
Timeout, sequence number = 2058
Timeout, sequence number = 2061
Timeout, sequence number = 2066
[SR CLIENT] Sent data seq=2100
[SR CLIENT] Received ACK seq=2100
Timeout, sequence number = 2096
Timeout, sequence number = 2098
Timeout, sequence number = 2109
Timeout, sequence number = 2110
Timeout, sequence number = 2123
Timeout, sequence number = 2136
Timeout, sequence number = 2153
Timeout, sequence number = 2159
[SR CLIENT] Sent data seq=2200
[SR CLIENT] Received ACK seq=2200
Timeout, sequence number = 2236
Timeout, sequence number = 2260
Timeout, sequence number = 2278
Timeout, sequence number = 2279
Timeout, sequence number = 2282
Timeout, sequence number = 2286
[SR CLIENT] Sent data seq=2300
[SR CLIENT] Received ACK seq=2300
Timeout, sequence number = 2298
[SR CLIENT] Sent data seq=2400
[SR CLIENT] Received ACK seq=2400
Timeout, sequence number = 2338
Timeout, sequence number = 2369
Timeout, sequence number = 2410
[SR CLIENT] Sent data seq=2500
[SR CLIENT] Received ACK seq=2500
Timeout, sequence number = 2438
Timeout, sequence number = 2448
Timeout, sequence number = 2480
Timeout, sequence number = 2495
Timeout, sequence number = 2505
Timeout, sequence number = 2512
Timeout, sequence number = 2522
Timeout, sequence number = 2531
Timeout, sequence number = 2541
Timeout, sequence number = 2552
Timeout, sequence number = 2555
Timeout, sequence number = 2505
Timeout, sequence number = 2505
[SR CLIENT] Sent data seq=2600
[SR CLIENT] Received ACK seq=2600
Timeout, sequence number = 2615
Timeout, sequence number = 2619
Timeout, sequence number = 2673
Timeout, sequence number = 2674
[SR CLIENT] Sent data seq=2700
[SR CLIENT] Received ACK seq=2700
Timeout, sequence number = 2694
Timeout, sequence number = 2709
Timeout, sequence number = 2712
Timeout, sequence number = 2722
Timeout, sequence number = 2738
Timeout, sequence number = 2722
Timeout, sequence number = 2767
Timeout, sequence number = 2774
Timeout, sequence number = 2722
[SR CLIENT] Sent data seq=2800
[SR CLIENT] Received ACK seq=2800
Timeout, sequence number = 2822
Timeout, sequence number = 2824
Timeout, sequence number = 2828
Timeout, sequence number = 2838
Timeout, sequence number = 2845
Timeout, sequence number = 2854
Timeout, sequence number = 2860
Timeout, sequence number = 2865
[SR CLIENT] Sent data seq=2900
[SR CLIENT] Received ACK seq=2900
Timeout, sequence number = 2890
Timeout, sequence number = 2898
Timeout, sequence number = 2901
Timeout, sequence number = 2925
Timeout, sequence number = 2928
Timeout, sequence number = 2933
Timeout, sequence number = 2898
Timeout, sequence number = 2954
[SR CLIENT] Sent data seq=3000
[SR CLIENT] Received ACK seq=3000
Timeout, sequence number = 2954
Timeout, sequence number = 2972
Timeout, sequence number = 2973
Timeout, sequence number = 3007
Timeout, sequence number = 3016
Timeout, sequence number = 3017
Timeout, sequence number = 3032
Timeout, sequence number = 3045
Timeout, sequence number = 3050
Timeout, sequence number = 3057
Timeout, sequence number = 3088
[SR CLIENT] Sent data seq=3100
[SR CLIENT] Received ACK seq=3100
[SR CLIENT] Sent data seq=3200
[SR CLIENT] Received ACK seq=3200
Timeout, sequence number = 3152
Timeout, sequence number = 3157
Timeout, sequence number = 3166
Timeout, sequence number = 3177
Timeout, sequence number = 3201
Timeout, sequence number = 3225
Timeout, sequence number = 3285
[SR CLIENT] Sent data seq=3300
[SR CLIENT] Received ACK seq=3300
[SR CLIENT] Sent data seq=3400
[SR CLIENT] Received ACK seq=3400
Timeout, sequence number = 3410
Timeout, sequence number = 3441
Timeout, sequence number = 3464
[SR CLIENT] Sent data seq=3500
[SR CLIENT] Received ACK seq=3500
Timeout, sequence number = 3484
Timeout, sequence number = 3488
[SR CLIENT] Sent data seq=3600
[SR CLIENT] Received ACK seq=3600
Timeout, sequence number = 3563
Timeout, sequence number = 3568
Timeout, sequence number = 3595
Timeout, sequence number = 3602
Timeout, sequence number = 3609
Timeout, sequence number = 3610
Timeout, sequence number = 3616
Timeout, sequence number = 3634
[SR CLIENT] Sent data seq=3700
[SR CLIENT] Received ACK seq=3700
Timeout, sequence number = 3727
Timeout, sequence number = 3749
[SR CLIENT] Sent data seq=3800
[SR CLIENT] Received ACK seq=3800
[SR CLIENT] Sent data seq=3900
[SR CLIENT] Received ACK seq=3900
Timeout, sequence number = 3848
Timeout, sequence number = 3857
Timeout, sequence number = 3910
Timeout, sequence number = 3915
Timeout, sequence number = 3927
Timeout, sequence number = 3928
Timeout, sequence number = 3930
Timeout, sequence number = 3959
Timeout, sequence number = 3967
[SR CLIENT] Sent data seq=4000
[SR CLIENT] Received ACK seq=4000
Timeout, sequence number = 4016
Timeout, sequence number = 4037
Timeout, sequence number = 4048
Timeout, sequence number = 4066
Timeout, sequence number = 4075
Timeout, sequence number = 4077
[SR CLIENT] Sent data seq=4100
[SR CLIENT] Received ACK seq=4100
Timeout, sequence number = 4081
Timeout, sequence number = 4107
Timeout, sequence number = 4114
Timeout, sequence number = 4115
[SR CLIENT] Sent data seq=4200
[SR CLIENT] Received ACK seq=4200
Timeout, sequence number = 4157
Timeout, sequence number = 4163
Timeout, sequence number = 4164
Timeout, sequence number = 4165
Timeout, sequence number = 4166
Timeout, sequence number = 4177
Timeout, sequence number = 4184
Timeout, sequence number = 4207
Timeout, sequence number = 4165
Timeout, sequence number = 4177
[SR CLIENT] Sent data seq=4300
[SR CLIENT] Received ACK seq=4300
Timeout, sequence number = 4258
Timeout, sequence number = 4262
Timeout, sequence number = 4263
Timeout, sequence number = 4283
Timeout, sequence number = 4289
Timeout, sequence number = 4294
Timeout, sequence number = 4296
Timeout, sequence number = 4311
Timeout, sequence number = 4323
Timeout, sequence number = 4331
Timeout, sequence number = 4332
[SR CLIENT] Sent data seq=4400
[SR CLIENT] Received ACK seq=4400
Timeout, sequence number = 4419
Timeout, sequence number = 4453
Timeout, sequence number = 4457
Timeout, sequence number = 4468
Timeout, sequence number = 4478
[SR CLIENT] Sent data seq=4500
[SR CLIENT] Received ACK seq=4500
Timeout, sequence number = 4493
[SR CLIENT] Sent data seq=4600
[SR CLIENT] Received ACK seq=4600
Timeout, sequence number = 4580
Timeout, sequence number = 4603
Timeout, sequence number = 4616
Timeout, sequence number = 4620
Timeout, sequence number = 4637
[SR CLIENT] Sent data seq=4700
[SR CLIENT] Received ACK seq=4700
Timeout, sequence number = 4682
Timeout, sequence number = 4704
[SR CLIENT] Sent data seq=4800
Timeout, sequence number = 4769
Timeout, sequence number = 4776
Timeout, sequence number = 4800
[SR CLIENT] Received ACK seq=4800
[SR CLIENT] Sent data seq=4900
[SR CLIENT] Received ACK seq=4900
Timeout, sequence number = 4848
Timeout, sequence number = 4890
Timeout, sequence number = 4907
Timeout, sequence number = 4923
Timeout, sequence number = 4948
Timeout, sequence number = 4968
Timeout, sequence number = 4923
[SR CLIENT] Sent data seq=5000
[SR CLIENT] Received ACK seq=5000
Timeout, sequence number = 4987
Timeout, sequence number = 5009
Timeout, sequence number = 5040
Timeout, sequence number = 5043
[SR CLIENT] Sent data seq=5100
[SR CLIENT] Received ACK seq=5100
Timeout, sequence number = 5098
Timeout, sequence number = 5108
Timeout, sequence number = 5115
Timeout, sequence number = 5116
Timeout, sequence number = 5123
Timeout, sequence number = 5132
Timeout, sequence number = 5133
Timeout, sequence number = 5140
[SR CLIENT] Sent data seq=5200
Timeout, sequence number = 5183
Timeout, sequence number = 5184
Timeout, sequence number = 5192
Timeout, sequence number = 5200
Timeout, sequence number = 5210
[SR CLIENT] Received ACK seq=5200
[SR CLIENT] Sent data seq=5300
[SR CLIENT] Received ACK seq=5300
Timeout, sequence number = 5252
[SR CLIENT] Sent data seq=5400
[SR CLIENT] Received ACK seq=5400
Timeout, sequence number = 5365
Timeout, sequence number = 5407
Timeout, sequence number = 5415
Timeout, sequence number = 5426
Timeout, sequence number = 5407
Timeout, sequence number = 5415
Timeout, sequence number = 5426
Timeout, sequence number = 5437
Timeout, sequence number = 5450
Timeout, sequence number = 5451
Timeout, sequence number = 5452
Timeout, sequence number = 5453
Timeout, sequence number = 5454
Timeout, sequence number = 5455
Timeout, sequence number = 5456
Timeout, sequence number = 5457
Timeout, sequence number = 5458
Timeout, sequence number = 5459
Timeout, sequence number = 5460
Timeout, sequence number = 5461
Timeout, sequence number = 5462
Timeout, sequence number = 5463
Timeout, sequence number = 5464
Timeout, sequence number = 5465
Timeout, sequence number = 5466
Timeout, sequence number = 5467
Timeout, sequence number = 5468
Timeout, sequence number = 5469
Timeout, sequence number = 5470
[SR CLIENT] Sent data seq=5500
Timeout, sequence number = 5437
Timeout, sequence number = 5460
[SR CLIENT] Received ACK seq=5500
Timeout, sequence number = 5474
Timeout, sequence number = 5507
Timeout, sequence number = 5508
Timeout, sequence number = 5528
Timeout, sequence number = 5532
Timeout, sequence number = 5538
Timeout, sequence number = 5560
[SR CLIENT] Sent data seq=5600
[SR CLIENT] Received ACK seq=5600
Timeout, sequence number = 5581
Timeout, sequence number = 5609
Timeout, sequence number = 5633
[SR CLIENT] Sent data seq=5700
[SR CLIENT] Received ACK seq=5700
Timeout, sequence number = 5672
Timeout, sequence number = 5701
Timeout, sequence number = 5734
[SR CLIENT] Sent data seq=5800
[SR CLIENT] Received ACK seq=5800
Timeout, sequence number = 5740
Timeout, sequence number = 5761
Timeout, sequence number = 5790
Timeout, sequence number = 5803
Timeout, sequence number = 5815
Timeout, sequence number = 5817
[SR CLIENT] Sent data seq=5900
Timeout, sequence number = 5857
Timeout, sequence number = 5865
[SR CLIENT] Received ACK seq=5900
Timeout, sequence number = 5891
Timeout, sequence number = 5918
[SR CLIENT] Sent data seq=6000
Timeout, sequence number = 5937
[SR CLIENT] Received ACK seq=6000
Timeout, sequence number = 5937
Timeout, sequence number = 5959
Timeout, sequence number = 5965
Timeout, sequence number = 5994
[SR CLIENT] Summary: sent_packets=6001, ack_packets=6001, retransmitted_packets=342, timeout_events=342
Transfer complete. Delay = 44.849370 seconds

=== STDERR ===
