=== STDOUT ===
[SR CLIENT] Starting transfer: server=10.153.27.102:7735, file=demo_input.bin, N=64, MSS=900, total_segments=1335
[SR CLIENT] Sent data seq=0
[SR CLIENT] Sent data seq=1
[SR CLIENT] Sent data seq=2
[SR CLIENT] Sent data seq=3
[SR CLIENT] Sent data seq=4
Timeout, sequence number = 0
Timeout, sequence number = 1
Timeout, sequence number = 2
Timeout, sequence number = 3
Timeout, sequence number = 4
Timeout, sequence number = 5
Timeout, sequence number = 6
Timeout, sequence number = 7
Timeout, sequence number = 8
Timeout, sequence number = 9
Timeout, sequence number = 10
Timeout, sequence number = 11
Timeout, sequence number = 12
Timeout, sequence number = 13
Timeout, sequence number = 14
Timeout, sequence number = 15
Timeout, sequence number = 16
Timeout, sequence number = 17
Timeout, sequence number = 18
Timeout, sequence number = 19
Timeout, sequence number = 20
Timeout, sequence number = 21
Timeout, sequence number = 22
Timeout, sequence number = 23
Timeout, sequence number = 24
Timeout, sequence number = 25
Timeout, sequence number = 26
Timeout, sequence number = 27
Timeout, sequence number = 28
Timeout, sequence number = 29
Timeout, sequence number = 30
Timeout, sequence number = 31
Timeout, sequence number = 32
Timeout, sequence number = 33
Timeout, sequence number = 34
Timeout, sequence number = 35
Timeout, sequence number = 36
Timeout, sequence number = 37
Timeout, sequence number = 38
Timeout, sequence number = 39
Timeout, sequence number = 40
Timeout, sequence number = 41
Timeout, sequence number = 42
Timeout, sequence number = 43
Timeout, sequence number = 44
Timeout, sequence number = 45
Timeout, sequence number = 46
Timeout, sequence number = 47
Timeout, sequence number = 48
Timeout, sequence number = 49
Timeout, sequence number = 50
Timeout, sequence number = 51
Timeout, sequence number = 52
Timeout, sequence number = 53
Timeout, sequence number = 54
Timeout, sequence number = 55
Timeout, sequence number = 56
Timeout, sequence number = 57
Timeout, sequence number = 58
Timeout, sequence number = 59
Timeout, sequence number = 60
Timeout, sequence number = 61
Timeout, sequence number = 62
Timeout, sequence number = 63
Timeout, sequence number = 0
Timeout, sequence number = 1
Timeout, sequence number = 2
Timeout, sequence number = 3
Timeout, sequence number = 4
Timeout, sequence number = 5
Timeout, sequence number = 6
Timeout, sequence number = 7
Timeout, sequence number = 8
Timeout, sequence number = 9
Timeout, sequence number = 10
Timeout, sequence number = 11
Timeout, sequence number = 12
Timeout, sequence number = 13
Timeout, sequence number = 14
Timeout, sequence number = 15
Timeout, sequence number = 16
Timeout, sequence number = 17
Timeout, sequence number = 18
Timeout, sequence number = 19
Timeout, sequence number = 20
Timeout, sequence number = 21
Timeout, sequence number = 22
Timeout, sequence number = 23
Timeout, sequence number = 24
Timeout, sequence number = 25
Timeout, sequence number = 26
Timeout, sequence number = 27
Timeout, sequence number = 28
Timeout, sequence number = 29
Timeout, sequence number = 30
Timeout, sequence number = 31
Timeout, sequence number = 32
Timeout, sequence number = 33
Timeout, sequence number = 34
Timeout, sequence number = 35
Timeout, sequence number = 36
Timeout, sequence number = 37
Timeout, sequence number = 38
Timeout, sequence number = 39
Timeout, sequence number = 40
Timeout, sequence number = 41
Timeout, sequence number = 42
Timeout, sequence number = 43
Timeout, sequence number = 44
Timeout, sequence number = 45
Timeout, sequence number = 46
Timeout, sequence number = 47
Timeout, sequence number = 48
Timeout, sequence number = 49
Timeout, sequence number = 50
Timeout, sequence number = 51
Timeout, sequence number = 52
Timeout, sequence number = 53
Timeout, sequence number = 54
Timeout, sequence number = 55
Timeout, sequence number = 56
Timeout, sequence number = 57
Timeout, sequence number = 58
Timeout, sequence number = 59
Timeout, sequence number = 60
Timeout, sequence number = 61
Timeout, sequence number = 62
Timeout, sequence number = 63
Timeout, sequence number = 0
Timeout, sequence number = 1
Timeout, sequence number = 2
Timeout, sequence number = 3
Timeout, sequence number = 4
Timeout, sequence number = 5
Timeout, sequence number = 6
Timeout, sequence number = 7
Timeout, sequence number = 8
Timeout, sequence number = 9
Timeout, sequence number = 10
Timeout, sequence number = 11
Timeout, sequence number = 12
Timeout, sequence number = 13
Timeout, sequence number = 14
Timeout, sequence number = 15
Timeout, sequence number = 16
Timeout, sequence number = 17
Timeout, sequence number = 18
Timeout, sequence number = 19
Timeout, sequence number = 20
Timeout, sequence number = 21
Timeout, sequence number = 22
Timeout, sequence number = 23
Timeout, sequence number = 24
Timeout, sequence number = 25
Timeout, sequence number = 26
Timeout, sequence number = 27
Timeout, sequence number = 28
Timeout, sequence number = 29
Timeout, sequence number = 30
Timeout, sequence number = 31
Timeout, sequence number = 32
Timeout, sequence number = 33
Timeout, sequence number = 34
Timeout, sequence number = 35
Timeout, sequence number = 36
Timeout, sequence number = 37
Timeout, sequence number = 38
Timeout, sequence number = 39
Timeout, sequence number = 40
Timeout, sequence number = 41
Timeout, sequence number = 42
Timeout, sequence number = 43
Timeout, sequence number = 44
Timeout, sequence number = 45
Timeout, sequence number = 46
Timeout, sequence number = 47
Timeout, sequence number = 48
Timeout, sequence number = 49
Timeout, sequence number = 50
Timeout, sequence number = 51
Timeout, sequence number = 52
Timeout, sequence number = 53
Timeout, sequence number = 54
Timeout, sequence number = 55
Timeout, sequence number = 56
Timeout, sequence number = 57
Timeout, sequence number = 58
Timeout, sequence number = 59
Timeout, sequence number = 60
Timeout, sequence number = 61
Timeout, sequence number = 62
Timeout, sequence number = 63
Timeout, sequence number = 0
Timeout, sequence number = 1
Timeout, sequence number = 2
Timeout, sequence number = 3
Timeout, sequence number = 4
Timeout, sequence number = 5
Timeout, sequence number = 6
Timeout, sequence number = 7
Timeout, sequence number = 8
Timeout, sequence number = 9
Timeout, sequence number = 10
Timeout, sequence number = 11
Timeout, sequence number = 12
Timeout, sequence number = 13
Timeout, sequence number = 14
Timeout, sequence number = 15
Timeout, sequence number = 16
Timeout, sequence number = 17
Timeout, sequence number = 18
Timeout, sequence number = 19
Timeout, sequence number = 20
Timeout, sequence number = 21
Timeout, sequence number = 22
Timeout, sequence number = 23
Timeout, sequence number = 24
Timeout, sequence number = 25
Timeout, sequence number = 26
Timeout, sequence number = 27
Timeout, sequence number = 28
Timeout, sequence number = 29
Timeout, sequence number = 30
Timeout, sequence number = 31
Timeout, sequence number = 32
Timeout, sequence number = 33
Timeout, sequence number = 34
Timeout, sequence number = 35
Timeout, sequence number = 36
Timeout, sequence number = 37
Timeout, sequence number = 38
Timeout, sequence number = 39
Timeout, sequence number = 40
Timeout, sequence number = 41
Timeout, sequence number = 42
Timeout, sequence number = 43
Timeout, sequence number = 44
Timeout, sequence number = 45
Timeout, sequence number = 46
Timeout, sequence number = 47
Timeout, sequence number = 48
Timeout, sequence number = 49
Timeout, sequence number = 50
Timeout, sequence number = 51
Timeout, sequence number = 52
Timeout, sequence number = 53
Timeout, sequence number = 54
Timeout, sequence number = 55
Timeout, sequence number = 56
Timeout, sequence number = 57
Timeout, sequence number = 58
Timeout, sequence number = 59
Timeout, sequence number = 60
Timeout, sequence number = 61
Timeout, sequence number = 62
Timeout, sequence number = 63
[SR CLIENT] Received ACK seq=0
[SR CLIENT] Received ACK seq=1
[SR CLIENT] Received ACK seq=2
[SR CLIENT] Received ACK seq=3
[SR CLIENT] Received ACK seq=4
[SR CLIENT] Sent data seq=100
[SR CLIENT] Received ACK seq=100
Timeout, sequence number = 54
Timeout, sequence number = 61
Timeout, sequence number = 65
Timeout, sequence number = 78
Timeout, sequence number = 101
Timeout, sequence number = 108
Timeout, sequence number = 132
Timeout, sequence number = 137
Timeout, sequence number = 163
Timeout, sequence number = 167
Timeout, sequence number = 173
Timeout, sequence number = 181
Timeout, sequence number = 187
[SR CLIENT] Sent data seq=200
[SR CLIENT] Received ACK seq=200
Timeout, sequence number = 206
Timeout, sequence number = 266
[SR CLIENT] Sent data seq=300
[SR CLIENT] Received ACK seq=300
Timeout, sequence number = 274
Timeout, sequence number = 276
Timeout, sequence number = 282
Timeout, sequence number = 290
Timeout, sequence number = 299
Timeout, sequence number = 306
Timeout, sequence number = 315
Timeout, sequence number = 318
Timeout, sequence number = 329
Timeout, sequence number = 330
Timeout, sequence number = 337
[SR CLIENT] Sent data seq=400
[SR CLIENT] Received ACK seq=400
Timeout, sequence number = 342
Timeout, sequence number = 349
Timeout, sequence number = 385
Timeout, sequence number = 408
[SR CLIENT] Sent data seq=500
[SR CLIENT] Received ACK seq=500
Timeout, sequence number = 485
Timeout, sequence number = 530
Timeout, sequence number = 534
Timeout, sequence number = 540
Timeout, sequence number = 543
[SR CLIENT] Sent data seq=600
Timeout, sequence number = 549
Timeout, sequence number = 550
Timeout, sequence number = 551
Timeout, sequence number = 552
Timeout, sequence number = 553
Timeout, sequence number = 554
Timeout, sequence number = 555
Timeout, sequence number = 556
Timeout, sequence number = 557
Timeout, sequence number = 558
Timeout, sequence number = 559
Timeout, sequence number = 560
Timeout, sequence number = 561
Timeout, sequence number = 562
Timeout, sequence number = 563
Timeout, sequence number = 564
Timeout, sequence number = 565
Timeout, sequence number = 566
Timeout, sequence number = 567
Timeout, sequence number = 568
Timeout, sequence number = 569
Timeout, sequence number = 570
Timeout, sequence number = 571
Timeout, sequence number = 572
Timeout, sequence number = 573
Timeout, sequence number = 574
Timeout, sequence number = 575
Timeout, sequence number = 576
Timeout, sequence number = 577
Timeout, sequence number = 578
Timeout, sequence number = 579
Timeout, sequence number = 580
Timeout, sequence number = 581
Timeout, sequence number = 582
Timeout, sequence number = 583
Timeout, sequence number = 584
Timeout, sequence number = 585
Timeout, sequence number = 586
Timeout, sequence number = 587
Timeout, sequence number = 588
Timeout, sequence number = 589
Timeout, sequence number = 590
Timeout, sequence number = 591
Timeout, sequence number = 592
Timeout, sequence number = 593
Timeout, sequence number = 594
Timeout, sequence number = 595
Timeout, sequence number = 596
Timeout, sequence number = 597
Timeout, sequence number = 598
Timeout, sequence number = 599
Timeout, sequence number = 600
Timeout, sequence number = 601
Timeout, sequence number = 602
Timeout, sequence number = 603
Timeout, sequence number = 604
Timeout, sequence number = 605
Timeout, sequence number = 606
Timeout, sequence number = 607
Timeout, sequence number = 608
Timeout, sequence number = 609
Timeout, sequence number = 610
Timeout, sequence number = 611
Timeout, sequence number = 612
[SR CLIENT] Received ACK seq=600
Timeout, sequence number = 581
[SR CLIENT] Sent data seq=700
[SR CLIENT] Received ACK seq=700
Timeout, sequence number = 641
Timeout, sequence number = 650
Timeout, sequence number = 658
Timeout, sequence number = 679
Timeout, sequence number = 710
Timeout, sequence number = 716
Timeout, sequence number = 748
Timeout, sequence number = 772
[SR CLIENT] Sent data seq=800
[SR CLIENT] Received ACK seq=800
Timeout, sequence number = 801
Timeout, sequence number = 812
Timeout, sequence number = 820
Timeout, sequence number = 825
Timeout, sequence number = 839
Timeout, sequence number = 841
Timeout, sequence number = 846
[SR CLIENT] Sent data seq=900
[SR CLIENT] Received ACK seq=900
Timeout, sequence number = 885
Timeout, sequence number = 895
Timeout, sequence number = 896
Timeout, sequence number = 909
Timeout, sequence number = 911
Timeout, sequence number = 937
Timeout, sequence number = 911
Timeout, sequence number = 964
[SR CLIENT] Sent data seq=1000
[SR CLIENT] Received ACK seq=1000
Timeout, sequence number = 979
Timeout, sequence number = 986
Timeout, sequence number = 987
Timeout, sequence number = 1007
Timeout, sequence number = 1017
Timeout, sequence number = 1022
[SR CLIENT] Sent data seq=1100
[SR CLIENT] Received ACK seq=1100
Timeout, sequence number = 1085
Timeout, sequence number = 1121
Timeout, sequence number = 1123
Timeout, sequence number = 1125
Timeout, sequence number = 1129
[SR CLIENT] Sent data seq=1200
[SR CLIENT] Received ACK seq=1200
Timeout, sequence number = 1187
Timeout, sequence number = 1197
Timeout, sequence number = 1234
Timeout, sequence number = 1249
[SR CLIENT] Sent data seq=1300
[SR CLIENT] Received ACK seq=1300
Timeout, sequence number = 1257
Timeout, sequence number = 1277
Timeout, sequence number = 1291
Timeout, sequence number = 1326
[SR CLIENT] Summary: sent_packets=1335, ack_packets=1335, retransmitted_packets=398, timeout_events=398
Transfer complete. Delay = 13.185015 seconds

=== STDERR ===
