=== STDOUT ===
[SR CLIENT] Starting transfer: server=10.153.27.102:7735, file=demo_input.bin, N=64, MSS=700, total_segments=1716
[SR CLIENT] Sent data seq=0
[SR CLIENT] Sent data seq=1
[SR CLIENT] Sent data seq=2
[SR CLIENT] Sent data seq=3
[SR CLIENT] Sent data seq=4
[SR CLIENT] Received ACK seq=1
[SR CLIENT] Received ACK seq=0
[SR CLIENT] Received ACK seq=2
[SR CLIENT] Received ACK seq=3
[SR CLIENT] Received ACK seq=4
Timeout, sequence number = 12
Timeout, sequence number = 13
Timeout, sequence number = 30
Timeout, sequence number = 33
Timeout, sequence number = 39
Timeout, sequence number = 45
Timeout, sequence number = 50
Timeout, sequence number = 13
[SR CLIENT] Sent data seq=100
[SR CLIENT] Received ACK seq=100
Timeout, sequence number = 107
Timeout, sequence number = 137
Timeout, sequence number = 149
Timeout, sequence number = 168
Timeout, sequence number = 170
[SR CLIENT] Sent data seq=200
[SR CLIENT] Received ACK seq=200
Timeout, sequence number = 189
Timeout, sequence number = 206
Timeout, sequence number = 207
Timeout, sequence number = 210
Timeout, sequence number = 247
Timeout, sequence number = 207
[SR CLIENT] Sent data seq=300
Timeout, sequence number = 267
[SR CLIENT] Received ACK seq=300
Timeout, sequence number = 276
Timeout, sequence number = 281
Timeout, sequence number = 293
[SR CLIENT] Sent data seq=400
[SR CLIENT] Received ACK seq=400
Timeout, sequence number = 346
Timeout, sequence number = 352
Timeout, sequence number = 372
Timeout, sequence number = 397
Timeout, sequence number = 412
Timeout, sequence number = 437
[SR CLIENT] Sent data seq=500
[SR CLIENT] Received ACK seq=500
Timeout, sequence number = 489
Timeout, sequence number = 515
[SR CLIENT] Sent data seq=600
[SR CLIENT] Received ACK seq=600
Timeout, sequence number = 556
Timeout, sequence number = 562
Timeout, sequence number = 566
Timeout, sequence number = 574
[SR CLIENT] Sent data seq=700
[SR CLIENT] Received ACK seq=700
Timeout, sequence number = 652
Timeout, sequence number = 736
Timeout, sequence number = 762
Timeout, sequence number = 775
Timeout, sequence number = 784
[SR CLIENT] Sent data seq=800
[SR CLIENT] Received ACK seq=800
Timeout, sequence number = 808
Timeout, sequence number = 814
Timeout, sequence number = 832
Timeout, sequence number = 842
Timeout, sequence number = 848
Timeout, sequence number = 857
Timeout, sequence number = 859
[SR CLIENT] Sent data seq=900
[SR CLIENT] Received ACK seq=900
Timeout, sequence number = 876
Timeout, sequence number = 881
Timeout, sequence number = 857
Timeout, sequence number = 857
Timeout, sequence number = 921
Timeout, sequence number = 923
Timeout, sequence number = 938
Timeout, sequence number = 954
[SR CLIENT] Sent data seq=1000
[SR CLIENT] Received ACK seq=1000
Timeout, sequence number = 1002
Timeout, sequence number = 1026
[SR CLIENT] Sent data seq=1100
[SR CLIENT] Received ACK seq=1100
Timeout, sequence number = 1078
Timeout, sequence number = 1096
Timeout, sequence number = 1111
Timeout, sequence number = 1136
[SR CLIENT] Sent data seq=1200
[SR CLIENT] Received ACK seq=1200
Timeout, sequence number = 1163
Timeout, sequence number = 1170
Timeout, sequence number = 1189
Timeout, sequence number = 1201
Timeout, sequence number = 1235
[SR CLIENT] Sent data seq=1300
[SR CLIENT] Received ACK seq=1300
Timeout, sequence number = 1287
Timeout, sequence number = 1299
Timeout, sequence number = 1305
Timeout, sequence number = 1312
[SR CLIENT] Sent data seq=1400
Timeout, sequence number = 1354
[SR CLIENT] Received ACK seq=1400
Timeout, sequence number = 1376
Timeout, sequence number = 1382
Timeout, sequence number = 1406
Timeout, sequence number = 1415
Timeout, sequence number = 1433
[SR CLIENT] Sent data seq=1500
[SR CLIENT] Received ACK seq=1500
Timeout, sequence number = 1486
Timeout, sequence number = 1531
Timeout, sequence number = 1542
[SR CLIENT] Sent data seq=1600
[SR CLIENT] Received ACK seq=1600
Timeout, sequence number = 1565
Timeout, sequence number = 1587
Timeout, sequence number = 1625
[SR CLIENT] Sent data seq=1700
[SR CLIENT] Received ACK seq=1700
Timeout, sequence number = 1647
Timeout, sequence number = 1672
Timeout, sequence number = 1674
Timeout, sequence number = 1677
Timeout, sequence number = 1681
Timeout, sequence number = 1688
Timeout, sequence number = 1699
Timeout, sequence number = 1705
[SR CLIENT] Summary: sent_packets=1716, ack_packets=1716, retransmitted_packets=90, timeout_events=90
Transfer complete. Delay = 13.566877 seconds

=== STDERR ===
