=== STDOUT ===
[SR CLIENT] Starting transfer: server=10.153.27.102:7735, file=demo_input.bin, N=64, MSS=500, total_segments=2401
[SR CLIENT] Sent data seq=0
[SR CLIENT] Sent data seq=1
[SR CLIENT] Sent data seq=2
[SR CLIENT] Sent data seq=3
[SR CLIENT] Sent data seq=4
[SR CLIENT] Received ACK seq=0
[SR CLIENT] Received ACK seq=1
[SR CLIENT] Received ACK seq=2
[SR CLIENT] Received ACK seq=3
[SR CLIENT] Received ACK seq=4
Timeout, sequence number = 12
Timeout, sequence number = 17
Timeout, sequence number = 35
Timeout, sequence number = 52
Timeout, sequence number = 75
Timeout, sequence number = 35
[SR CLIENT] Sent data seq=100
Timeout, sequence number = 89
Timeout, sequence number = 93
[SR CLIENT] Received ACK seq=100
[SR CLIENT] Sent data seq=200
[SR CLIENT] Received ACK seq=200
Timeout, sequence number = 150
Timeout, sequence number = 157
Timeout, sequence number = 210
Timeout, sequence number = 214
[SR CLIENT] Sent data seq=300
[SR CLIENT] Received ACK seq=300
Timeout, sequence number = 238
Timeout, sequence number = 247
Timeout, sequence number = 277
Timeout, sequence number = 319
Timeout, sequence number = 332
Timeout, sequence number = 365
Timeout, sequence number = 368
Timeout, sequence number = 378
[SR CLIENT] Sent data seq=400
[SR CLIENT] Received ACK seq=400
Timeout, sequence number = 387
Timeout, sequence number = 446
[SR CLIENT] Sent data seq=500
[SR CLIENT] Received ACK seq=500
Timeout, sequence number = 484
Timeout, sequence number = 485
Timeout, sequence number = 523
Timeout, sequence number = 528
[SR CLIENT] Sent data seq=600
[SR CLIENT] Received ACK seq=600
Timeout, sequence number = 560
Timeout, sequence number = 585
Timeout, sequence number = 596
Timeout, sequence number = 612
[SR CLIENT] Sent data seq=700
[SR CLIENT] Received ACK seq=700
Timeout, sequence number = 649
Timeout, sequence number = 652
Timeout, sequence number = 667
Timeout, sequence number = 677
Timeout, sequence number = 685
Timeout, sequence number = 691
Timeout, sequence number = 695
Timeout, sequence number = 705
Timeout, sequence number = 719
Timeout, sequence number = 691
Timeout, sequence number = 741
[SR CLIENT] Sent data seq=800
[SR CLIENT] Received ACK seq=800
Timeout, sequence number = 767
Timeout, sequence number = 814
Timeout, sequence number = 822
[SR CLIENT] Sent data seq=900
[SR CLIENT] Received ACK seq=900
Timeout, sequence number = 856
Timeout, sequence number = 884
Timeout, sequence number = 919
Timeout, sequence number = 925
Timeout, sequence number = 962
Timeout, sequence number = 964
Timeout, sequence number = 978
[SR CLIENT] Sent data seq=1000
[SR CLIENT] Received ACK seq=1000
Timeout, sequence number = 996
Timeout, sequence number = 1004
Timeout, sequence number = 1017
[SR CLIENT] Sent data seq=1100
[SR CLIENT] Received ACK seq=1100
Timeout, sequence number = 1083
Timeout, sequence number = 1120
Timeout, sequence number = 1136
[SR CLIENT] Sent data seq=1200
[SR CLIENT] Received ACK seq=1200
Timeout, sequence number = 1153
Timeout, sequence number = 1154
Timeout, sequence number = 1160
Timeout, sequence number = 1162
Timeout, sequence number = 1174
Timeout, sequence number = 1185
Timeout, sequence number = 1195
Timeout, sequence number = 1201
Timeout, sequence number = 1214
Timeout, sequence number = 1236
Timeout, sequence number = 1237
Timeout, sequence number = 1281
Timeout, sequence number = 1284
[SR CLIENT] Sent data seq=1300
[SR CLIENT] Received ACK seq=1300
Timeout, sequence number = 1328
Timeout, sequence number = 1329
Timeout, sequence number = 1362
[SR CLIENT] Sent data seq=1400
Timeout, sequence number = 1368
Timeout, sequence number = 1369
[SR CLIENT] Received ACK seq=1400
Timeout, sequence number = 1380
Timeout, sequence number = 1394
Timeout, sequence number = 1406
Timeout, sequence number = 1408
Timeout, sequence number = 1409
Timeout, sequence number = 1416
Timeout, sequence number = 1431
[SR CLIENT] Sent data seq=1500
[SR CLIENT] Received ACK seq=1500
Timeout, sequence number = 1446
Timeout, sequence number = 1447
Timeout, sequence number = 1451
Timeout, sequence number = 1472
Timeout, sequence number = 1479
Timeout, sequence number = 1518
Timeout, sequence number = 1526
[SR CLIENT] Sent data seq=1600
[SR CLIENT] Received ACK seq=1600
Timeout, sequence number = 1553
Timeout, sequence number = 1555
Timeout, sequence number = 1597
Timeout, sequence number = 1621
Timeout, sequence number = 1625
Timeout, sequence number = 1653
Timeout, sequence number = 1659
[SR CLIENT] Sent data seq=1700
[SR CLIENT] Received ACK seq=1700
Timeout, sequence number = 1666
Timeout, sequence number = 1692
Timeout, sequence number = 1723
Timeout, sequence number = 1726
[SR CLIENT] Sent data seq=1800
[SR CLIENT] Received ACK seq=1800
Timeout, sequence number = 1746
Timeout, sequence number = 1767
Timeout, sequence number = 1777
Timeout, sequence number = 1779
Timeout, sequence number = 1790
[SR CLIENT] Sent data seq=1900
[SR CLIENT] Received ACK seq=1900
Timeout, sequence number = 1881
Timeout, sequence number = 1885
Timeout, sequence number = 1890
Timeout, sequence number = 1892
Timeout, sequence number = 1894
[SR CLIENT] Sent data seq=2000
[SR CLIENT] Received ACK seq=2000
Timeout, sequence number = 1965
Timeout, sequence number = 1997
[SR CLIENT] Sent data seq=2100
[SR CLIENT] Received ACK seq=2100
Timeout, sequence number = 2086
Timeout, sequence number = 2106
Timeout, sequence number = 2123
[SR CLIENT] Sent data seq=2200
[SR CLIENT] Received ACK seq=2200
Timeout, sequence number = 2155
Timeout, sequence number = 2158
Timeout, sequence number = 2160
Timeout, sequence number = 2199
Timeout, sequence number = 2206
[SR CLIENT] Sent data seq=2300
[SR CLIENT] Received ACK seq=2300
Timeout, sequence number = 2254
Timeout, sequence number = 2276
Timeout, sequence number = 2290
Timeout, sequence number = 2293
Timeout, sequence number = 2296
Timeout, sequence number = 2299
Timeout, sequence number = 2311
Timeout, sequence number = 2320
Timeout, sequence number = 2340
Timeout, sequence number = 2348
[SR CLIENT] Sent data seq=2400
[SR CLIENT] Received ACK seq=2400
Timeout, sequence number = 2362
Timeout, sequence number = 2378
[SR CLIENT] Summary: sent_packets=2401, ack_packets=2401, retransmitted_packets=132, timeout_events=132
Transfer complete. Delay = 16.661031 seconds

=== STDERR ===
